2022-08-08 16:50:30 [ERROR] object_node: Session : [muo7mcime93d7ic697ae8h5fu9]|User id : 2|Name : SUPER  ADMINISTRATEUR |
  ==> File : E:\xampp\htdocs\smartwork\apps\diagram\includes\classes\use_node.php|
  ==> Traitement : [use_node]|Function : [deleteChildren]| Line : 335| function KO for object_node | Detail : none| (at E:\xampp\htdocs\smartwork\libs\workspace-1.0.3\use_workspace.php line 1122)
2022-08-08 16:58:29 [ERROR] object_node: Session : [muo7mcime93d7ic697ae8h5fu9]|User id : 2|Name : SUPER  ADMINISTRATEUR |
  ==> File : E:\xampp\htdocs\smartwork\apps\diagram\includes\classes\use_node.php|
  ==> Traitement : [use_node]|Function : [deleteChildren]| Line : 335| function KO for object_node | Detail : none| (at E:\xampp\htdocs\smartwork\libs\workspace-1.0.3\use_workspace.php line 1122)
2022-08-08 17:00:24 [ERROR] object_node: Session : [muo7mcime93d7ic697ae8h5fu9]|User id : 2|Name : SUPER  ADMINISTRATEUR |
  ==> File : E:\xampp\htdocs\smartwork\apps\diagram\includes\classes\use_node.php|
  ==> Traitement : [use_node]|Function : [deleteChildren]| Line : 335| function KO for object_node | Detail : none| (at E:\xampp\htdocs\smartwork\libs\workspace-1.0.3\use_workspace.php line 1122)
2022-08-08 17:19:52 [ERROR] object_node: Session : [muo7mcime93d7ic697ae8h5fu9]|User id : 2|Name : SUPER  ADMINISTRATEUR |
  ==> File : E:\xampp\htdocs\smartwork\apps\diagram\includes\classes\use_node.php|
  ==> Traitement : [use_node]|Function : [deleteChildren]| Line : 335| function KO for object_node | Detail : none| (at E:\xampp\htdocs\smartwork\libs\workspace-1.0.3\use_workspace.php line 1122)
2022-08-08 17:20:03 [ERROR] object_node: Session : [muo7mcime93d7ic697ae8h5fu9]|User id : 2|Name : SUPER  ADMINISTRATEUR |
  ==> File : E:\xampp\htdocs\smartwork\apps\diagram\includes\classes\use_node.php|
  ==> Traitement : [use_node]|Function : [deleteChildren]| Line : 335| function KO for object_node | Detail : none| (at E:\xampp\htdocs\smartwork\libs\workspace-1.0.3\use_workspace.php line 1122)
2022-08-08 23:27:13 [ERROR] object_slide: Session : [bu8r8l96o7td8oc4ap6gmnfavi]|User id : 2|Name : SUPER  ADMINISTRATEUR |
  ==> File : E:\xampp\htdocs\smartwork\apps\diagram\includes\classes\use_slide.php|
  ==> Traitement : [use_slide]|Function : [copy]| Line : 377| function KO for object_slide 0 : File -> [E:\xampp\htdocs\smartwork\libs\smartorm-1.2.0\smart_orm.php],
 Line -> [52],
 Message -> [File -> [E:\xampp\htdocs\smartwork\libs\smartorm-1.2.0\smart_orm.php],
 Line -> [782],
 Message -> [SQLSTATE[42S22]: Column not found: 1054 Unknown column 'T0.type_id' in 'field list']]| Detail : none| (at E:\xampp\htdocs\smartwork\libs\workspace-1.0.3\use_workspace.php line 1122)
2022-12-09 16:22:34 [ERROR] object_content: Session : [v36p7ilopec06ueuu5v6qplhft]|User id : 2|Name : SUPER  ADMINISTRATEUR |
  ==> File : E:\xampp\htdocs\smartwork\includes\classes\use_content.php|
  ==> Traitement : [use_content]|Function : [find]| Line : 270| 0 : File -> [E:\xampp\htdocs\smartwork\libs\smartorm-1.2.0\smart_orm.php],
 Line -> [52],
 Message -> [File -> [E:\xampp\htdocs\smartwork\libs\smartorm-1.2.0\smart_orm.php],
 Line -> [782],
 Message -> [SQLSTATE[42S02]: Base table or view not found: 1146 Table 'smartcontents.adm_application' doesn't exist]]| Detail : none| (at E:\xampp\htdocs\smartwork\libs\workspace-1.0.3\use_workspace.php line 1147)
2022-12-09 16:22:34 [ERROR] object_content: Session : [v36p7ilopec06ueuu5v6qplhft]|User id : 2|Name : SUPER  ADMINISTRATEUR |
  ==> File : E:\xampp\htdocs\smartwork\includes\classes\use_content.php|
  ==> Traitement : [use_content]|Function : [findList]| Line : 366| 0 : File -> [E:\xampp\htdocs\smartwork\libs\smartorm-1.2.0\smart_orm.php],
 Line -> [52],
 Message -> [File -> [E:\xampp\htdocs\smartwork\libs\smartorm-1.2.0\smart_orm.php],
 Line -> [782],
 Message -> [SQLSTATE[42S02]: Base table or view not found: 1146 Table 'smartcontents.adm_application' doesn't exist]]| Detail : none| (at E:\xampp\htdocs\smartwork\libs\workspace-1.0.3\use_workspace.php line 1147)
2022-12-09 16:22:37 [ERROR] object_content: Session : [v36p7ilopec06ueuu5v6qplhft]|User id : 2|Name : SUPER  ADMINISTRATEUR |
  ==> File : E:\xampp\htdocs\smartwork\includes\classes\use_content.php|
  ==> Traitement : [use_content]|Function : [find]| Line : 270| 0 : File -> [E:\xampp\htdocs\smartwork\libs\smartorm-1.2.0\smart_orm.php],
 Line -> [52],
 Message -> [File -> [E:\xampp\htdocs\smartwork\libs\smartorm-1.2.0\smart_orm.php],
 Line -> [782],
 Message -> [SQLSTATE[42S02]: Base table or view not found: 1146 Table 'smartcontents.adm_application' doesn't exist]]| Detail : none| (at E:\xampp\htdocs\smartwork\libs\workspace-1.0.3\use_workspace.php line 1147)
2022-12-09 16:22:40 [ERROR] object_content: Session : [v36p7ilopec06ueuu5v6qplhft]|User id : 2|Name : SUPER  ADMINISTRATEUR |
  ==> File : E:\xampp\htdocs\smartwork\includes\classes\use_content.php|
  ==> Traitement : [use_content]|Function : [find]| Line : 270| 0 : File -> [E:\xampp\htdocs\smartwork\libs\smartorm-1.2.0\smart_orm.php],
 Line -> [52],
 Message -> [File -> [E:\xampp\htdocs\smartwork\libs\smartorm-1.2.0\smart_orm.php],
 Line -> [782],
 Message -> [SQLSTATE[42S02]: Base table or view not found: 1146 Table 'smartcontents.adm_application' doesn't exist]]| Detail : none| (at E:\xampp\htdocs\smartwork\libs\workspace-1.0.3\use_workspace.php line 1147)
2022-12-09 16:22:40 [ERROR] object_content: Session : [v36p7ilopec06ueuu5v6qplhft]|User id : 2|Name : SUPER  ADMINISTRATEUR |
  ==> File : E:\xampp\htdocs\smartwork\includes\classes\use_content.php|
  ==> Traitement : [use_content]|Function : [findList]| Line : 366| 0 : File -> [E:\xampp\htdocs\smartwork\libs\smartorm-1.2.0\smart_orm.php],
 Line -> [52],
 Message -> [File -> [E:\xampp\htdocs\smartwork\libs\smartorm-1.2.0\smart_orm.php],
 Line -> [782],
 Message -> [SQLSTATE[42S02]: Base table or view not found: 1146 Table 'smartcontents.adm_application' doesn't exist]]| Detail : none| (at E:\xampp\htdocs\smartwork\libs\workspace-1.0.3\use_workspace.php line 1147)
2022-12-09 16:29:48 [ERROR] object_content: Session : [v36p7ilopec06ueuu5v6qplhft]|User id : 2|Name : SUPER  ADMINISTRATEUR |
  ==> File : E:\xampp\htdocs\smartwork\includes\classes\use_content.php|
  ==> Traitement : [use_content]|Function : [find]| Line : 270| 0 : File -> [E:\xampp\htdocs\smartwork\libs\smartorm-1.2.0\smart_orm.php],
 Line -> [52],
 Message -> [File -> [E:\xampp\htdocs\smartwork\libs\smartorm-1.2.0\smart_orm.php],
 Line -> [782],
 Message -> [SQLSTATE[42S02]: Base table or view not found: 1146 Table 'smartcontents.adm_application' doesn't exist]]| Detail : none| (at E:\xampp\htdocs\smartwork\libs\workspace-1.0.3\use_workspace.php line 1147)
2022-12-09 16:29:48 [ERROR] object_content: Session : [v36p7ilopec06ueuu5v6qplhft]|User id : 2|Name : SUPER  ADMINISTRATEUR |
  ==> File : E:\xampp\htdocs\smartwork\includes\classes\use_content.php|
  ==> Traitement : [use_content]|Function : [findList]| Line : 366| 0 : File -> [E:\xampp\htdocs\smartwork\libs\smartorm-1.2.0\smart_orm.php],
 Line -> [52],
 Message -> [File -> [E:\xampp\htdocs\smartwork\libs\smartorm-1.2.0\smart_orm.php],
 Line -> [782],
 Message -> [SQLSTATE[42S02]: Base table or view not found: 1146 Table 'smartcontents.adm_application' doesn't exist]]| Detail : none| (at E:\xampp\htdocs\smartwork\libs\workspace-1.0.3\use_workspace.php line 1147)
2022-12-09 16:45:16 [ERROR] object_content: Session : [v36p7ilopec06ueuu5v6qplhft]|User id : 2|Name : SUPER  ADMINISTRATEUR |
  ==> File : E:\xampp\htdocs\smartwork\includes\classes\use_content.php|
  ==> Traitement : [use_content]|Function : [find]| Line : 270| 0 : File -> [E:\xampp\htdocs\smartwork\libs\smartorm-1.2.0\smart_orm.php],
 Line -> [52],
 Message -> [File -> [E:\xampp\htdocs\smartwork\libs\smartorm-1.2.0\smart_orm.php],
 Line -> [782],
 Message -> [SQLSTATE[42S02]: Base table or view not found: 1146 Table 'smartcontents.adm_application' doesn't exist]]| Detail : none| (at E:\xampp\htdocs\smartwork\libs\workspace-1.0.3\use_workspace.php line 1147)
2022-12-09 16:45:16 [ERROR] object_content: Session : [v36p7ilopec06ueuu5v6qplhft]|User id : 2|Name : SUPER  ADMINISTRATEUR |
  ==> File : E:\xampp\htdocs\smartwork\includes\classes\use_content.php|
  ==> Traitement : [use_content]|Function : [findList]| Line : 375| 0 : File -> [E:\xampp\htdocs\smartwork\libs\smartorm-1.2.0\smart_orm.php],
 Line -> [52],
 Message -> [File -> [E:\xampp\htdocs\smartwork\libs\smartorm-1.2.0\smart_orm.php],
 Line -> [782],
 Message -> [SQLSTATE[42S22]: Column not found: 1054 Unknown column 'T0.application_id' in 'field list']]| Detail : none| (at E:\xampp\htdocs\smartwork\libs\workspace-1.0.3\use_workspace.php line 1147)
2022-12-09 16:47:00 [ERROR] object_content: Session : [v36p7ilopec06ueuu5v6qplhft]|User id : 2|Name : SUPER  ADMINISTRATEUR |
  ==> File : E:\xampp\htdocs\smartwork\includes\classes\use_content.php|
  ==> Traitement : [use_content]|Function : [find]| Line : 270| 0 : File -> [E:\xampp\htdocs\smartwork\libs\smartorm-1.2.0\smart_orm.php],
 Line -> [52],
 Message -> [File -> [E:\xampp\htdocs\smartwork\libs\smartorm-1.2.0\smart_orm.php],
 Line -> [782],
 Message -> [SQLSTATE[42S02]: Base table or view not found: 1146 Table 'smartcontents.adm_application' doesn't exist]]| Detail : none| (at E:\xampp\htdocs\smartwork\libs\workspace-1.0.3\use_workspace.php line 1147)
2022-12-09 16:47:31 [ERROR] object_content: Session : [v36p7ilopec06ueuu5v6qplhft]|User id : 2|Name : SUPER  ADMINISTRATEUR |
  ==> File : E:\xampp\htdocs\smartwork\includes\classes\use_content.php|
  ==> Traitement : [use_content]|Function : [find]| Line : 270| 0 : File -> [E:\xampp\htdocs\smartwork\libs\smartorm-1.2.0\smart_orm.php],
 Line -> [52],
 Message -> [File -> [E:\xampp\htdocs\smartwork\libs\smartorm-1.2.0\smart_orm.php],
 Line -> [782],
 Message -> [SQLSTATE[42S02]: Base table or view not found: 1146 Table 'smartcontents.adm_application' doesn't exist]]| Detail : none| (at E:\xampp\htdocs\smartwork\libs\workspace-1.0.3\use_workspace.php line 1147)
2022-12-09 16:49:17 [ERROR] object_content: Session : [v36p7ilopec06ueuu5v6qplhft]|User id : 2|Name : SUPER  ADMINISTRATEUR |
  ==> File : E:\xampp\htdocs\smartwork\includes\classes\use_content.php|
  ==> Traitement : [use_content]|Function : [find]| Line : 282| 0 : File -> [E:\xampp\htdocs\smartwork\libs\smartorm-1.2.0\smart_orm.php],
 Line -> [52],
 Message -> [File -> [E:\xampp\htdocs\smartwork\libs\smartorm-1.2.0\smart_orm.php],
 Line -> [782],
 Message -> [SQLSTATE[42S02]: Base table or view not found: 1146 Table 'smartcontents.adm_user' doesn't exist]]| Detail : none| (at E:\xampp\htdocs\smartwork\libs\workspace-1.0.3\use_workspace.php line 1147)
2022-12-09 16:52:17 [ERROR] object_content: Session : [v36p7ilopec06ueuu5v6qplhft]|User id : 2|Name : SUPER  ADMINISTRATEUR |
  ==> File : E:\xampp\htdocs\smartwork\includes\classes\use_content.php|
  ==> Traitement : [use_content]|Function : [ctrl]| Line : 181| 0 : File -> [E:\xampp\htdocs\smartwork\libs\smartorm-1.2.0\smart_orm.php],
 Line -> [52],
 Message -> [File -> [E:\xampp\htdocs\smartwork\libs\smartorm-1.2.0\smart_orm.php],
 Line -> [782],
 Message -> [SQLSTATE[42S02]: Base table or view not found: 1146 Table 'smartcontents.adm_application' doesn't exist]]| Detail : none| (at E:\xampp\htdocs\smartwork\libs\workspace-1.0.3\use_workspace.php line 1147)
2022-12-09 16:52:23 [ERROR] object_content: Session : [v36p7ilopec06ueuu5v6qplhft]|User id : 2|Name : SUPER  ADMINISTRATEUR |
  ==> File : E:\xampp\htdocs\smartwork\includes\classes\use_content.php|
  ==> Traitement : [use_content]|Function : [ctrl]| Line : 181| 0 : File -> [E:\xampp\htdocs\smartwork\libs\smartorm-1.2.0\smart_orm.php],
 Line -> [52],
 Message -> [File -> [E:\xampp\htdocs\smartwork\libs\smartorm-1.2.0\smart_orm.php],
 Line -> [782],
 Message -> [SQLSTATE[42S02]: Base table or view not found: 1146 Table 'smartcontents.adm_application' doesn't exist]]| Detail : none| (at E:\xampp\htdocs\smartwork\libs\workspace-1.0.3\use_workspace.php line 1147)
2022-12-09 16:52:30 [ERROR] object_content: Session : [v36p7ilopec06ueuu5v6qplhft]|User id : 2|Name : SUPER  ADMINISTRATEUR |
  ==> File : E:\xampp\htdocs\smartwork\includes\classes\use_content.php|
  ==> Traitement : [use_content]|Function : [ctrl]| Line : 181| 0 : File -> [E:\xampp\htdocs\smartwork\libs\smartorm-1.2.0\smart_orm.php],
 Line -> [52],
 Message -> [File -> [E:\xampp\htdocs\smartwork\libs\smartorm-1.2.0\smart_orm.php],
 Line -> [782],
 Message -> [SQLSTATE[42S02]: Base table or view not found: 1146 Table 'smartcontents.adm_application' doesn't exist]]| Detail : none| (at E:\xampp\htdocs\smartwork\libs\workspace-1.0.3\use_workspace.php line 1147)
2022-12-09 16:54:53 [ERROR] object_content: Session : [v36p7ilopec06ueuu5v6qplhft]|User id : 2|Name : SUPER  ADMINISTRATEUR |
  ==> File : E:\xampp\htdocs\smartwork\includes\classes\use_content.php|
  ==> Traitement : [use_content]|Function : [ctrl]| Line : 181| 0 : File -> [E:\xampp\htdocs\smartwork\libs\smartorm-1.2.0\smart_orm.php],
 Line -> [52],
 Message -> [File -> [E:\xampp\htdocs\smartwork\libs\smartorm-1.2.0\smart_orm.php],
 Line -> [782],
 Message -> [SQLSTATE[42S02]: Base table or view not found: 1146 Table 'smartcontents.adm_application' doesn't exist]]| Detail : none| (at E:\xampp\htdocs\smartwork\libs\workspace-1.0.3\use_workspace.php line 1147)
2022-12-09 17:02:58 [ERROR] object_content: Session : [v36p7ilopec06ueuu5v6qplhft]|User id : 2|Name : SUPER  ADMINISTRATEUR |
  ==> File : E:\xampp\htdocs\smartwork\includes\classes\use_content.php|
  ==> Traitement : [use_content]|Function : [ctrl]| Line : 181| 0 : File -> [E:\xampp\htdocs\smartwork\libs\smartorm-1.2.0\smart_orm.php],
 Line -> [52],
 Message -> [File -> [E:\xampp\htdocs\smartwork\libs\smartorm-1.2.0\smart_orm.php],
 Line -> [782],
 Message -> [SQLSTATE[42S02]: Base table or view not found: 1146 Table 'smartcontents.adm_application' doesn't exist]]| Detail : none| (at E:\xampp\htdocs\smartwork\libs\workspace-1.0.3\use_workspace.php line 1147)
2022-12-09 17:03:45 [ERROR] object_content: Session : [v36p7ilopec06ueuu5v6qplhft]|User id : 2|Name : SUPER  ADMINISTRATEUR |
  ==> File : E:\xampp\htdocs\smartwork\includes\classes\use_content.php|
  ==> Traitement : [use_content]|Function : [ctrl]| Line : 181| 0 : File -> [E:\xampp\htdocs\smartwork\libs\smartorm-1.2.0\smart_orm.php],
 Line -> [52],
 Message -> [File -> [E:\xampp\htdocs\smartwork\libs\smartorm-1.2.0\smart_orm.php],
 Line -> [782],
 Message -> [SQLSTATE[42S02]: Base table or view not found: 1146 Table 'smartcontents.adm_application' doesn't exist]]| Detail : none| (at E:\xampp\htdocs\smartwork\libs\workspace-1.0.3\use_workspace.php line 1147)
2022-12-09 17:03:49 [ERROR] object_content: Session : [v36p7ilopec06ueuu5v6qplhft]|User id : 2|Name : SUPER  ADMINISTRATEUR |
  ==> File : E:\xampp\htdocs\smartwork\includes\classes\use_content.php|
  ==> Traitement : [use_content]|Function : [ctrl]| Line : 181| 0 : File -> [E:\xampp\htdocs\smartwork\libs\smartorm-1.2.0\smart_orm.php],
 Line -> [52],
 Message -> [File -> [E:\xampp\htdocs\smartwork\libs\smartorm-1.2.0\smart_orm.php],
 Line -> [782],
 Message -> [SQLSTATE[42S02]: Base table or view not found: 1146 Table 'smartcontents.adm_application' doesn't exist]]| Detail : none| (at E:\xampp\htdocs\smartwork\libs\workspace-1.0.3\use_workspace.php line 1147)
