2022-09-12 13:44:57|[INFO]|Session : [15sthtrgtj2iujbcr4s7grc68b]|User id : 2|Name : SUPER  ADMINISTRATEUR |Module : [use_object]|Function : [Msg - update]| [OK_112] object_trace - '68' a été modifié.
2022-09-12 13:44:57|[INFO]|Session : [15sthtrgtj2iujbcr4s7grc68b]|User id : 2|Name : SUPER  ADMINISTRATEUR |Module : [use_object]|Function : [Msg - update]| [OK_112] object_trace - '2' a été modifié.
2022-09-12 13:44:59|[INFO]|Session : [15sthtrgtj2iujbcr4s7grc68b]|User id : 2|Name : SUPER  ADMINISTRATEUR |Module : [use_object]|Function : [Msg - update]| [OK_112] object_trace - '68' a été modifié.
2022-09-12 13:44:59|[INFO]|Session : [15sthtrgtj2iujbcr4s7grc68b]|User id : 2|Name : SUPER  ADMINISTRATEUR |Module : [use_object]|Function : [Msg - update]| [OK_112] object_trace - '2' a été modifié.
2022-09-12 13:45:02|[INFO]|Session : [15sthtrgtj2iujbcr4s7grc68b]|User id : 2|Name : SUPER  ADMINISTRATEUR |Module : [use_object]|Function : [Msg - update]| [OK_112] object_trace - '68' a été modifié.
2022-09-12 13:45:02|[INFO]|Session : [15sthtrgtj2iujbcr4s7grc68b]|User id : 2|Name : SUPER  ADMINISTRATEUR |Module : [use_object]|Function : [Msg - update]| [OK_112] object_trace - '2' a été modifié.
2022-09-12 13:45:03|[INFO]|Session : [15sthtrgtj2iujbcr4s7grc68b]|User id : 2|Name : SUPER  ADMINISTRATEUR |Module : [use_object]|Function : [Msg - update]| [OK_112] object_trace - '68' a été modifié.
2022-09-12 13:45:03|[INFO]|Session : [15sthtrgtj2iujbcr4s7grc68b]|User id : 2|Name : SUPER  ADMINISTRATEUR |Module : [use_object]|Function : [Msg - update]| [OK_112] object_trace - '2' a été modifié.
2022-09-12 13:45:03|[INFO]|Session : [15sthtrgtj2iujbcr4s7grc68b]|User id : 2|Name : SUPER  ADMINISTRATEUR |Module : [use_object]|Function : [Msg - update]| [OK_112] object_trace - '68' a été modifié.
2022-09-12 13:45:03|[INFO]|Session : [15sthtrgtj2iujbcr4s7grc68b]|User id : 2|Name : SUPER  ADMINISTRATEUR |Module : [use_object]|Function : [Msg - update]| [OK_112] object_trace - '2' a été modifié.
2022-09-12 13:45:34|[INFO]|Session : [15sthtrgtj2iujbcr4s7grc68b]|User id : 2|Name : SUPER  ADMINISTRATEUR |Module : [use_object]|Function : [Msg - update]| [OK_112] object_trace - '68' a été modifié.
2022-09-12 13:45:45|[INFO]|Session : [15sthtrgtj2iujbcr4s7grc68b]|User id : 2|Name : SUPER  ADMINISTRATEUR |Module : [use_object]|Function : [Msg - update]| [OK_112] object_trace - '2' a été modifié.
2022-09-12 13:46:26|[INFO]|Session : [15sthtrgtj2iujbcr4s7grc68b]|User id : 2|Name : SUPER  ADMINISTRATEUR |Module : [use_object]|Function : [Msg - update]| [OK_112] object_trace - '7' a été modifié.
2022-09-12 13:48:21|[INFO]|Session : [15sthtrgtj2iujbcr4s7grc68b]|User id : 2|Name : SUPER  ADMINISTRATEUR |Module : [use_object]|Function : [Msg - update]| [OK_112] object_trace - '7' a été modifié.
2022-09-12 13:48:36|[INFO]|Session : [15sthtrgtj2iujbcr4s7grc68b]|User id : 2|Name : SUPER  ADMINISTRATEUR |Module : [use_object]|Function : [Msg - update]| [OK_112] object_trace - '68' a été modifié.
2022-09-12 13:49:26|[INFO]|Session : [15sthtrgtj2iujbcr4s7grc68b]|User id : 2|Name : SUPER  ADMINISTRATEUR |Module : [use_object]|Function : [Msg - update]| [OK_112] object_trace - '2' a été modifié.
2022-09-12 13:49:39|[INFO]|Session : [15sthtrgtj2iujbcr4s7grc68b]|User id : 2|Name : SUPER  ADMINISTRATEUR |Module : [use_object]|Function : [Msg - update]| [OK_112] object_trace - '2' a été modifié.
2022-09-12 13:51:59|[INFO]|Session : [15sthtrgtj2iujbcr4s7grc68b]|User id : 2|Name : SUPER  ADMINISTRATEUR |Module : [use_object]|Function : [Msg - update]| [OK_112] object_trace - '68' a été modifié.
2022-09-12 13:52:03|[INFO]|Session : [15sthtrgtj2iujbcr4s7grc68b]|User id : 2|Name : SUPER  ADMINISTRATEUR |Module : [use_object]|Function : [Msg - update]| [OK_112] object_trace - '7' a été modifié.
2022-09-12 13:54:28|[INFO]|Session : [15sthtrgtj2iujbcr4s7grc68b]|User id : 2|Name : SUPER  ADMINISTRATEUR |Module : [use_object]|Function : [Msg - update]| [OK_112] object_trace - '7' a été modifié.
2022-09-12 13:54:30|[INFO]|Session : [15sthtrgtj2iujbcr4s7grc68b]|User id : 2|Name : SUPER  ADMINISTRATEUR |Module : [use_object]|Function : [Msg - update]| [OK_112] object_trace - '68' a été modifié.
2022-09-12 13:54:33|[INFO]|Session : [15sthtrgtj2iujbcr4s7grc68b]|User id : 2|Name : SUPER  ADMINISTRATEUR |Module : [use_object]|Function : [Msg - update]| [OK_112] object_trace - '68' a été modifié.
2022-09-12 13:54:34|[INFO]|Session : [15sthtrgtj2iujbcr4s7grc68b]|User id : 2|Name : SUPER  ADMINISTRATEUR |Module : [use_object]|Function : [Msg - update]| [OK_112] object_trace - '7' a été modifié.
2022-09-12 13:54:38|[INFO]|Session : [15sthtrgtj2iujbcr4s7grc68b]|User id : 2|Name : SUPER  ADMINISTRATEUR |Module : [use_object]|Function : [Msg - update]| [OK_112] object_trace - '68' a été modifié.
2022-09-12 13:54:38|[INFO]|Session : [15sthtrgtj2iujbcr4s7grc68b]|User id : 2|Name : SUPER  ADMINISTRATEUR |Module : [use_object]|Function : [Msg - update]| [OK_112] object_trace - '68' a été modifié.
2022-09-12 13:54:39|[INFO]|Session : [15sthtrgtj2iujbcr4s7grc68b]|User id : 2|Name : SUPER  ADMINISTRATEUR |Module : [use_object]|Function : [Msg - update]| [OK_112] object_trace - '68' a été modifié.
2022-09-12 13:54:40|[INFO]|Session : [15sthtrgtj2iujbcr4s7grc68b]|User id : 2|Name : SUPER  ADMINISTRATEUR |Module : [use_object]|Function : [Msg - update]| [OK_112] object_trace - '68' a été modifié.
2022-09-12 13:54:40|[INFO]|Session : [15sthtrgtj2iujbcr4s7grc68b]|User id : 2|Name : SUPER  ADMINISTRATEUR |Module : [use_object]|Function : [Msg - update]| [OK_112] object_trace - '7' a été modifié.
2022-09-12 13:54:42|[INFO]|Session : [15sthtrgtj2iujbcr4s7grc68b]|User id : 2|Name : SUPER  ADMINISTRATEUR |Module : [use_object]|Function : [Msg - update]| [OK_112] object_trace - '68' a été modifié.
2022-09-12 13:54:42|[INFO]|Session : [15sthtrgtj2iujbcr4s7grc68b]|User id : 2|Name : SUPER  ADMINISTRATEUR |Module : [use_object]|Function : [Msg - update]| [OK_112] object_trace - '7' a été modifié.
2022-09-12 13:54:45|[INFO]|Session : [15sthtrgtj2iujbcr4s7grc68b]|User id : 2|Name : SUPER  ADMINISTRATEUR |Module : [use_object]|Function : [Msg - update]| [OK_112] object_trace - '7' a été modifié.
2022-09-12 13:54:45|[INFO]|Session : [15sthtrgtj2iujbcr4s7grc68b]|User id : 2|Name : SUPER  ADMINISTRATEUR |Module : [use_object]|Function : [Msg - update]| [OK_112] object_trace - '68' a été modifié.
2022-09-12 13:54:48|[INFO]|Session : [15sthtrgtj2iujbcr4s7grc68b]|User id : 2|Name : SUPER  ADMINISTRATEUR |Module : [use_object]|Function : [Msg - update]| [OK_112] object_trace - '68' a été modifié.
2022-09-12 13:54:49|[INFO]|Session : [15sthtrgtj2iujbcr4s7grc68b]|User id : 2|Name : SUPER  ADMINISTRATEUR |Module : [use_object]|Function : [Msg - update]| [OK_112] object_trace - '7' a été modifié.
2022-09-12 13:54:55|[INFO]|Session : [15sthtrgtj2iujbcr4s7grc68b]|User id : 2|Name : SUPER  ADMINISTRATEUR |Module : [use_object]|Function : [Msg - update]| [OK_112] object_trace - '7' a été modifié.
2022-09-12 13:54:56|[INFO]|Session : [15sthtrgtj2iujbcr4s7grc68b]|User id : 2|Name : SUPER  ADMINISTRATEUR |Module : [use_object]|Function : [Msg - update]| [OK_112] object_trace - '68' a été modifié.
2022-09-12 13:58:22|[INFO]|Session : [15sthtrgtj2iujbcr4s7grc68b]|User id : 2|Name : SUPER  ADMINISTRATEUR |Module : [use_object]|Function : [Msg - update]| [OK_112] object_trace - '68' a été modifié.
2022-09-12 13:58:22|[INFO]|Session : [15sthtrgtj2iujbcr4s7grc68b]|User id : 2|Name : SUPER  ADMINISTRATEUR |Module : [use_object]|Function : [Msg - update]| [OK_112] object_trace - '7' a été modifié.
2022-09-12 13:58:24|[INFO]|Session : [15sthtrgtj2iujbcr4s7grc68b]|User id : 2|Name : SUPER  ADMINISTRATEUR |Module : [use_object]|Function : [Msg - update]| [OK_112] object_trace - '7' a été modifié.
2022-09-12 13:58:25|[INFO]|Session : [15sthtrgtj2iujbcr4s7grc68b]|User id : 2|Name : SUPER  ADMINISTRATEUR |Module : [use_object]|Function : [Msg - update]| [OK_112] object_trace - '68' a été modifié.
2022-09-12 13:58:27|[INFO]|Session : [15sthtrgtj2iujbcr4s7grc68b]|User id : 2|Name : SUPER  ADMINISTRATEUR |Module : [use_object]|Function : [Msg - update]| [OK_112] object_trace - '7' a été modifié.
2022-09-12 13:58:27|[INFO]|Session : [15sthtrgtj2iujbcr4s7grc68b]|User id : 2|Name : SUPER  ADMINISTRATEUR |Module : [use_object]|Function : [Msg - update]| [OK_112] object_trace - '68' a été modifié.
2022-09-12 13:58:29|[INFO]|Session : [15sthtrgtj2iujbcr4s7grc68b]|User id : 2|Name : SUPER  ADMINISTRATEUR |Module : [use_object]|Function : [Msg - update]| [OK_112] object_trace - '68' a été modifié.
2022-09-12 13:58:29|[INFO]|Session : [15sthtrgtj2iujbcr4s7grc68b]|User id : 2|Name : SUPER  ADMINISTRATEUR |Module : [use_object]|Function : [Msg - update]| [OK_112] object_trace - '7' a été modifié.
2022-09-12 13:58:30|[INFO]|Session : [15sthtrgtj2iujbcr4s7grc68b]|User id : 2|Name : SUPER  ADMINISTRATEUR |Module : [use_object]|Function : [Msg - update]| [OK_112] object_trace - '7' a été modifié.
2022-09-12 13:58:30|[INFO]|Session : [15sthtrgtj2iujbcr4s7grc68b]|User id : 2|Name : SUPER  ADMINISTRATEUR |Module : [use_object]|Function : [Msg - update]| [OK_112] object_trace - '68' a été modifié.
2022-09-12 13:58:31|[INFO]|Session : [15sthtrgtj2iujbcr4s7grc68b]|User id : 2|Name : SUPER  ADMINISTRATEUR |Module : [use_object]|Function : [Msg - update]| [OK_112] object_trace - '7' a été modifié.
2022-09-12 13:58:31|[INFO]|Session : [15sthtrgtj2iujbcr4s7grc68b]|User id : 2|Name : SUPER  ADMINISTRATEUR |Module : [use_object]|Function : [Msg - update]| [OK_112] object_trace - '68' a été modifié.
2022-09-12 13:58:32|[INFO]|Session : [15sthtrgtj2iujbcr4s7grc68b]|User id : 2|Name : SUPER  ADMINISTRATEUR |Module : [use_object]|Function : [Msg - update]| [OK_112] object_trace - '7' a été modifié.
2022-09-12 13:58:33|[INFO]|Session : [15sthtrgtj2iujbcr4s7grc68b]|User id : 2|Name : SUPER  ADMINISTRATEUR |Module : [use_object]|Function : [Msg - update]| [OK_112] object_trace - '68' a été modifié.
2022-09-12 13:59:00|[INFO]|Session : [15sthtrgtj2iujbcr4s7grc68b]|User id : 2|Name : SUPER  ADMINISTRATEUR |Module : [use_object]|Function : [Msg - update]| [OK_112] object_trace - '7' a été modifié.
2022-09-12 13:59:00|[INFO]|Session : [15sthtrgtj2iujbcr4s7grc68b]|User id : 2|Name : SUPER  ADMINISTRATEUR |Module : [use_object]|Function : [Msg - update]| [OK_112] object_trace - '68' a été modifié.
2022-09-12 13:59:03|[INFO]|Session : [15sthtrgtj2iujbcr4s7grc68b]|User id : 2|Name : SUPER  ADMINISTRATEUR |Module : [use_object]|Function : [Msg - update]| [OK_112] object_trace - '68' a été modifié.
2022-09-12 13:59:03|[INFO]|Session : [15sthtrgtj2iujbcr4s7grc68b]|User id : 2|Name : SUPER  ADMINISTRATEUR |Module : [use_object]|Function : [Msg - update]| [OK_112] object_trace - '7' a été modifié.
2022-09-12 13:59:04|[INFO]|Session : [15sthtrgtj2iujbcr4s7grc68b]|User id : 2|Name : SUPER  ADMINISTRATEUR |Module : [use_object]|Function : [Msg - update]| [OK_112] object_trace - '68' a été modifié.
2022-09-12 13:59:04|[INFO]|Session : [15sthtrgtj2iujbcr4s7grc68b]|User id : 2|Name : SUPER  ADMINISTRATEUR |Module : [use_object]|Function : [Msg - update]| [OK_112] object_trace - '7' a été modifié.
2022-09-12 13:59:07|[INFO]|Session : [15sthtrgtj2iujbcr4s7grc68b]|User id : 2|Name : SUPER  ADMINISTRATEUR |Module : [use_object]|Function : [Msg - update]| [OK_112] object_trace - '68' a été modifié.
2022-09-12 13:59:08|[INFO]|Session : [15sthtrgtj2iujbcr4s7grc68b]|User id : 2|Name : SUPER  ADMINISTRATEUR |Module : [use_object]|Function : [Msg - update]| [OK_112] object_trace - '7' a été modifié.
2022-09-12 13:59:09|[INFO]|Session : [15sthtrgtj2iujbcr4s7grc68b]|User id : 2|Name : SUPER  ADMINISTRATEUR |Module : [use_object]|Function : [Msg - update]| [OK_112] object_trace - '68' a été modifié.
2022-09-12 13:59:09|[INFO]|Session : [15sthtrgtj2iujbcr4s7grc68b]|User id : 2|Name : SUPER  ADMINISTRATEUR |Module : [use_object]|Function : [Msg - update]| [OK_112] object_trace - '7' a été modifié.
2022-09-12 13:59:13|[INFO]|Session : [15sthtrgtj2iujbcr4s7grc68b]|User id : 2|Name : SUPER  ADMINISTRATEUR |Module : [use_object]|Function : [Msg - update]| [OK_112] object_trace - '7' a été modifié.
2022-09-12 13:59:13|[INFO]|Session : [15sthtrgtj2iujbcr4s7grc68b]|User id : 2|Name : SUPER  ADMINISTRATEUR |Module : [use_object]|Function : [Msg - update]| [OK_112] object_trace - '68' a été modifié.
2022-09-12 13:59:14|[INFO]|Session : [15sthtrgtj2iujbcr4s7grc68b]|User id : 2|Name : SUPER  ADMINISTRATEUR |Module : [use_object]|Function : [Msg - update]| [OK_112] object_trace - '7' a été modifié.
2022-09-12 13:59:16|[INFO]|Session : [15sthtrgtj2iujbcr4s7grc68b]|User id : 2|Name : SUPER  ADMINISTRATEUR |Module : [use_object]|Function : [Msg - update]| [OK_112] object_trace - '68' a été modifié.
2022-09-12 13:59:16|[INFO]|Session : [15sthtrgtj2iujbcr4s7grc68b]|User id : 2|Name : SUPER  ADMINISTRATEUR |Module : [use_object]|Function : [Msg - update]| [OK_112] object_trace - '68' a été modifié.
2022-09-12 13:59:16|[INFO]|Session : [15sthtrgtj2iujbcr4s7grc68b]|User id : 2|Name : SUPER  ADMINISTRATEUR |Module : [use_object]|Function : [Msg - update]| [OK_112] object_trace - '7' a été modifié.
2022-09-12 13:59:16|[INFO]|Session : [15sthtrgtj2iujbcr4s7grc68b]|User id : 2|Name : SUPER  ADMINISTRATEUR |Module : [use_object]|Function : [Msg - update]| [OK_112] object_trace - '7' a été modifié.
2022-09-12 13:59:17|[INFO]|Session : [15sthtrgtj2iujbcr4s7grc68b]|User id : 2|Name : SUPER  ADMINISTRATEUR |Module : [use_object]|Function : [Msg - update]| [OK_112] object_trace - '68' a été modifié.
2022-09-12 13:59:22|[INFO]|Session : [15sthtrgtj2iujbcr4s7grc68b]|User id : 2|Name : SUPER  ADMINISTRATEUR |Module : [use_object]|Function : [Msg - update]| [OK_112] object_trace - '7' a été modifié.
2022-09-12 14:08:06|[INFO]|Session : [15sthtrgtj2iujbcr4s7grc68b]|User id : 2|Name : SUPER  ADMINISTRATEUR |Module : [use_object]|Function : [Msg - update]| [OK_112] object_trace - '68' a été modifié.
2022-09-12 14:08:07|[INFO]|Session : [15sthtrgtj2iujbcr4s7grc68b]|User id : 2|Name : SUPER  ADMINISTRATEUR |Module : [use_object]|Function : [Msg - update]| [OK_112] object_trace - '7' a été modifié.
2022-09-12 14:08:11|[INFO]|Session : [15sthtrgtj2iujbcr4s7grc68b]|User id : 2|Name : SUPER  ADMINISTRATEUR |Module : [use_object]|Function : [Msg - update]| [OK_112] object_trace - '68' a été modifié.
2022-09-12 14:08:11|[INFO]|Session : [15sthtrgtj2iujbcr4s7grc68b]|User id : 2|Name : SUPER  ADMINISTRATEUR |Module : [use_object]|Function : [Msg - update]| [OK_112] object_trace - '7' a été modifié.
2022-09-12 14:08:12|[INFO]|Session : [15sthtrgtj2iujbcr4s7grc68b]|User id : 2|Name : SUPER  ADMINISTRATEUR |Module : [use_object]|Function : [Msg - update]| [OK_112] object_trace - '68' a été modifié.
2022-09-12 14:08:13|[INFO]|Session : [15sthtrgtj2iujbcr4s7grc68b]|User id : 2|Name : SUPER  ADMINISTRATEUR |Module : [use_object]|Function : [Msg - update]| [OK_112] object_trace - '7' a été modifié.
2022-09-12 14:08:13|[INFO]|Session : [15sthtrgtj2iujbcr4s7grc68b]|User id : 2|Name : SUPER  ADMINISTRATEUR |Module : [use_object]|Function : [Msg - update]| [OK_112] object_trace - '7' a été modifié.
2022-09-12 14:08:14|[INFO]|Session : [15sthtrgtj2iujbcr4s7grc68b]|User id : 2|Name : SUPER  ADMINISTRATEUR |Module : [use_object]|Function : [Msg - update]| [OK_112] object_trace - '68' a été modifié.
2022-09-12 14:08:14|[INFO]|Session : [15sthtrgtj2iujbcr4s7grc68b]|User id : 2|Name : SUPER  ADMINISTRATEUR |Module : [use_object]|Function : [Msg - update]| [OK_112] object_trace - '68' a été modifié.
2022-09-12 14:08:14|[INFO]|Session : [15sthtrgtj2iujbcr4s7grc68b]|User id : 2|Name : SUPER  ADMINISTRATEUR |Module : [use_object]|Function : [Msg - update]| [OK_112] object_trace - '7' a été modifié.
2022-09-12 14:12:59|[INFO]|Session : [15sthtrgtj2iujbcr4s7grc68b]|User id : 2|Name : SUPER  ADMINISTRATEUR |Module : [use_object]|Function : [Msg - update]| [OK_112] object_trace - '68' a été modifié.
2022-09-12 14:13:00|[INFO]|Session : [15sthtrgtj2iujbcr4s7grc68b]|User id : 2|Name : SUPER  ADMINISTRATEUR |Module : [use_object]|Function : [Msg - update]| [OK_112] object_trace - '7' a été modifié.
2022-09-12 14:13:52|[INFO]|Session : [15sthtrgtj2iujbcr4s7grc68b]|User id : 2|Name : SUPER  ADMINISTRATEUR |Module : [use_object]|Function : [Msg - update]| [OK_112] object_trace - '68' a été modifié.
2022-09-12 14:13:53|[INFO]|Session : [15sthtrgtj2iujbcr4s7grc68b]|User id : 2|Name : SUPER  ADMINISTRATEUR |Module : [use_object]|Function : [Msg - update]| [OK_112] object_trace - '7' a été modifié.
2022-09-12 14:13:53|[INFO]|Session : [15sthtrgtj2iujbcr4s7grc68b]|User id : 2|Name : SUPER  ADMINISTRATEUR |Module : [use_object]|Function : [Msg - update]| [OK_112] object_trace - '68' a été modifié.
2022-09-12 14:13:54|[INFO]|Session : [15sthtrgtj2iujbcr4s7grc68b]|User id : 2|Name : SUPER  ADMINISTRATEUR |Module : [use_object]|Function : [Msg - update]| [OK_112] object_trace - '7' a été modifié.
2022-09-12 14:24:18|[INFO]|Session : [15sthtrgtj2iujbcr4s7grc68b]|User id : 2|Name : SUPER  ADMINISTRATEUR |Module : [use_object]|Function : [Msg - update]| [OK_112] object_trace - '7' a été modifié.
2022-09-12 14:24:20|[INFO]|Session : [15sthtrgtj2iujbcr4s7grc68b]|User id : 2|Name : SUPER  ADMINISTRATEUR |Module : [use_object]|Function : [Msg - update]| [OK_112] object_trace - '7' a été modifié.
2022-09-12 14:24:21|[INFO]|Session : [15sthtrgtj2iujbcr4s7grc68b]|User id : 2|Name : SUPER  ADMINISTRATEUR |Module : [use_object]|Function : [Msg - update]| [OK_112] object_trace - '68' a été modifié.
2022-09-12 14:24:21|[INFO]|Session : [15sthtrgtj2iujbcr4s7grc68b]|User id : 2|Name : SUPER  ADMINISTRATEUR |Module : [use_object]|Function : [Msg - update]| [OK_112] object_trace - '7' a été modifié.
2022-09-12 14:24:22|[INFO]|Session : [15sthtrgtj2iujbcr4s7grc68b]|User id : 2|Name : SUPER  ADMINISTRATEUR |Module : [use_object]|Function : [Msg - update]| [OK_112] object_trace - '68' a été modifié.
2022-09-12 14:24:23|[INFO]|Session : [15sthtrgtj2iujbcr4s7grc68b]|User id : 2|Name : SUPER  ADMINISTRATEUR |Module : [use_object]|Function : [Msg - update]| [OK_112] object_trace - '68' a été modifié.
2022-09-12 14:24:24|[INFO]|Session : [15sthtrgtj2iujbcr4s7grc68b]|User id : 2|Name : SUPER  ADMINISTRATEUR |Module : [use_object]|Function : [Msg - update]| [OK_112] object_trace - '7' a été modifié.
2022-09-12 14:24:28|[INFO]|Session : [15sthtrgtj2iujbcr4s7grc68b]|User id : 2|Name : SUPER  ADMINISTRATEUR |Module : [use_object]|Function : [Msg - update]| [OK_112] object_trace - '68' a été modifié.
2022-09-12 14:24:29|[INFO]|Session : [15sthtrgtj2iujbcr4s7grc68b]|User id : 2|Name : SUPER  ADMINISTRATEUR |Module : [use_object]|Function : [Msg - update]| [OK_112] object_trace - '7' a été modifié.
2022-09-12 14:24:30|[INFO]|Session : [15sthtrgtj2iujbcr4s7grc68b]|User id : 2|Name : SUPER  ADMINISTRATEUR |Module : [use_object]|Function : [Msg - update]| [OK_112] object_trace - '68' a été modifié.
2022-09-12 14:24:31|[INFO]|Session : [15sthtrgtj2iujbcr4s7grc68b]|User id : 2|Name : SUPER  ADMINISTRATEUR |Module : [use_object]|Function : [Msg - update]| [OK_112] object_trace - '7' a été modifié.
2022-09-12 14:24:32|[INFO]|Session : [15sthtrgtj2iujbcr4s7grc68b]|User id : 2|Name : SUPER  ADMINISTRATEUR |Module : [use_object]|Function : [Msg - update]| [OK_112] object_trace - '68' a été modifié.
2022-09-12 14:24:32|[INFO]|Session : [15sthtrgtj2iujbcr4s7grc68b]|User id : 2|Name : SUPER  ADMINISTRATEUR |Module : [use_object]|Function : [Msg - update]| [OK_112] object_trace - '7' a été modifié.
2022-09-12 14:24:33|[INFO]|Session : [15sthtrgtj2iujbcr4s7grc68b]|User id : 2|Name : SUPER  ADMINISTRATEUR |Module : [use_object]|Function : [Msg - update]| [OK_112] object_trace - '68' a été modifié.
2022-09-12 14:24:33|[INFO]|Session : [15sthtrgtj2iujbcr4s7grc68b]|User id : 2|Name : SUPER  ADMINISTRATEUR |Module : [use_object]|Function : [Msg - update]| [OK_112] object_trace - '7' a été modifié.
2022-09-12 14:24:35|[INFO]|Session : [15sthtrgtj2iujbcr4s7grc68b]|User id : 2|Name : SUPER  ADMINISTRATEUR |Module : [use_object]|Function : [Msg - update]| [OK_112] object_trace - '68' a été modifié.
2022-09-12 14:24:35|[INFO]|Session : [15sthtrgtj2iujbcr4s7grc68b]|User id : 2|Name : SUPER  ADMINISTRATEUR |Module : [use_object]|Function : [Msg - update]| [OK_112] object_trace - '7' a été modifié.
2022-09-12 14:24:36|[INFO]|Session : [15sthtrgtj2iujbcr4s7grc68b]|User id : 2|Name : SUPER  ADMINISTRATEUR |Module : [use_object]|Function : [Msg - update]| [OK_112] object_trace - '7' a été modifié.
2022-09-12 14:24:36|[INFO]|Session : [15sthtrgtj2iujbcr4s7grc68b]|User id : 2|Name : SUPER  ADMINISTRATEUR |Module : [use_object]|Function : [Msg - update]| [OK_112] object_trace - '68' a été modifié.
2022-09-12 14:24:37|[INFO]|Session : [15sthtrgtj2iujbcr4s7grc68b]|User id : 2|Name : SUPER  ADMINISTRATEUR |Module : [use_object]|Function : [Msg - update]| [OK_112] object_trace - '7' a été modifié.
2022-09-12 14:24:37|[INFO]|Session : [15sthtrgtj2iujbcr4s7grc68b]|User id : 2|Name : SUPER  ADMINISTRATEUR |Module : [use_object]|Function : [Msg - update]| [OK_112] object_trace - '68' a été modifié.
2022-09-12 14:24:40|[INFO]|Session : [15sthtrgtj2iujbcr4s7grc68b]|User id : 2|Name : SUPER  ADMINISTRATEUR |Module : [use_object]|Function : [Msg - update]| [OK_112] object_trace - '7' a été modifié.
2022-09-12 14:24:40|[INFO]|Session : [15sthtrgtj2iujbcr4s7grc68b]|User id : 2|Name : SUPER  ADMINISTRATEUR |Module : [use_object]|Function : [Msg - update]| [OK_112] object_trace - '68' a été modifié.
2022-09-12 14:24:41|[INFO]|Session : [15sthtrgtj2iujbcr4s7grc68b]|User id : 2|Name : SUPER  ADMINISTRATEUR |Module : [use_object]|Function : [Msg - update]| [OK_112] object_trace - '7' a été modifié.
2022-09-12 14:24:43|[INFO]|Session : [15sthtrgtj2iujbcr4s7grc68b]|User id : 2|Name : SUPER  ADMINISTRATEUR |Module : [use_object]|Function : [Msg - update]| [OK_112] object_trace - '68' a été modifié.
2022-09-12 14:27:47|[INFO]|Session : [15sthtrgtj2iujbcr4s7grc68b]|User id : 2|Name : SUPER  ADMINISTRATEUR |Module : [use_object]|Function : [Msg - update]| [OK_112] object_trace - '7' a été modifié.
2022-09-12 14:27:49|[INFO]|Session : [15sthtrgtj2iujbcr4s7grc68b]|User id : 2|Name : SUPER  ADMINISTRATEUR |Module : [use_object]|Function : [Msg - update]| [OK_112] object_trace - '68' a été modifié.
2022-09-12 14:27:50|[INFO]|Session : [15sthtrgtj2iujbcr4s7grc68b]|User id : 2|Name : SUPER  ADMINISTRATEUR |Module : [use_object]|Function : [Msg - update]| [OK_112] object_trace - '7' a été modifié.
2022-09-12 14:27:50|[INFO]|Session : [15sthtrgtj2iujbcr4s7grc68b]|User id : 2|Name : SUPER  ADMINISTRATEUR |Module : [use_object]|Function : [Msg - update]| [OK_112] object_trace - '68' a été modifié.
2022-09-12 14:27:51|[INFO]|Session : [15sthtrgtj2iujbcr4s7grc68b]|User id : 2|Name : SUPER  ADMINISTRATEUR |Module : [use_object]|Function : [Msg - update]| [OK_112] object_trace - '7' a été modifié.
2022-09-12 14:27:51|[INFO]|Session : [15sthtrgtj2iujbcr4s7grc68b]|User id : 2|Name : SUPER  ADMINISTRATEUR |Module : [use_object]|Function : [Msg - update]| [OK_112] object_trace - '68' a été modifié.
2022-09-12 14:29:07|[INFO]|Session : [15sthtrgtj2iujbcr4s7grc68b]|User id : 2|Name : SUPER  ADMINISTRATEUR |Module : [use_object]|Function : [Msg - update]| [OK_112] object_trace - '7' a été modifié.
2022-09-12 14:29:09|[INFO]|Session : [15sthtrgtj2iujbcr4s7grc68b]|User id : 2|Name : SUPER  ADMINISTRATEUR |Module : [use_object]|Function : [Msg - update]| [OK_112] object_trace - '68' a été modifié.
2022-09-12 14:29:09|[INFO]|Session : [15sthtrgtj2iujbcr4s7grc68b]|User id : 2|Name : SUPER  ADMINISTRATEUR |Module : [use_object]|Function : [Msg - update]| [OK_112] object_trace - '7' a été modifié.
2022-09-12 14:29:10|[INFO]|Session : [15sthtrgtj2iujbcr4s7grc68b]|User id : 2|Name : SUPER  ADMINISTRATEUR |Module : [use_object]|Function : [Msg - update]| [OK_112] object_trace - '68' a été modifié.
2022-09-12 14:29:11|[INFO]|Session : [15sthtrgtj2iujbcr4s7grc68b]|User id : 2|Name : SUPER  ADMINISTRATEUR |Module : [use_object]|Function : [Msg - update]| [OK_112] object_trace - '7' a été modifié.
2022-09-12 14:30:10|[INFO]|Session : [15sthtrgtj2iujbcr4s7grc68b]|User id : 2|Name : SUPER  ADMINISTRATEUR |Module : [use_object]|Function : [Msg - update]| [OK_112] object_trace - '68' a été modifié.
2022-09-12 14:30:11|[INFO]|Session : [15sthtrgtj2iujbcr4s7grc68b]|User id : 2|Name : SUPER  ADMINISTRATEUR |Module : [use_object]|Function : [Msg - update]| [OK_112] object_trace - '7' a été modifié.
2022-09-12 14:30:12|[INFO]|Session : [15sthtrgtj2iujbcr4s7grc68b]|User id : 2|Name : SUPER  ADMINISTRATEUR |Module : [use_object]|Function : [Msg - update]| [OK_112] object_trace - '68' a été modifié.
2022-09-12 14:30:13|[INFO]|Session : [15sthtrgtj2iujbcr4s7grc68b]|User id : 2|Name : SUPER  ADMINISTRATEUR |Module : [use_object]|Function : [Msg - update]| [OK_112] object_trace - '7' a été modifié.
2022-09-12 14:44:36|[INFO]|Session : [15sthtrgtj2iujbcr4s7grc68b]|User id : 2|Name : SUPER  ADMINISTRATEUR |Module : [use_object]|Function : [Msg - update]| [OK_112] object_trace - '68' a été modifié.
2022-09-12 14:44:38|[INFO]|Session : [15sthtrgtj2iujbcr4s7grc68b]|User id : 2|Name : SUPER  ADMINISTRATEUR |Module : [use_object]|Function : [Msg - update]| [OK_112] object_trace - '68' a été modifié.
2022-09-12 14:44:41|[INFO]|Session : [15sthtrgtj2iujbcr4s7grc68b]|User id : 2|Name : SUPER  ADMINISTRATEUR |Module : [use_object]|Function : [Msg - update]| [OK_112] object_trace - '7' a été modifié.
2022-09-12 14:44:46|[INFO]|Session : [15sthtrgtj2iujbcr4s7grc68b]|User id : 2|Name : SUPER  ADMINISTRATEUR |Module : [use_object]|Function : [Msg - update]| [OK_112] object_trace - '7' a été modifié.
2022-09-12 14:44:49|[INFO]|Session : [15sthtrgtj2iujbcr4s7grc68b]|User id : 2|Name : SUPER  ADMINISTRATEUR |Module : [use_object]|Function : [Msg - update]| [OK_112] object_trace - '7' a été modifié.
2022-09-12 14:44:53|[INFO]|Session : [15sthtrgtj2iujbcr4s7grc68b]|User id : 2|Name : SUPER  ADMINISTRATEUR |Module : [use_object]|Function : [Msg - update]| [OK_112] object_trace - '7' a été modifié.
2022-09-12 14:44:55|[INFO]|Session : [15sthtrgtj2iujbcr4s7grc68b]|User id : 2|Name : SUPER  ADMINISTRATEUR |Module : [use_object]|Function : [Msg - update]| [OK_112] object_trace - '7' a été modifié.
2022-09-12 14:45:05|[INFO]|Session : [15sthtrgtj2iujbcr4s7grc68b]|User id : 2|Name : SUPER  ADMINISTRATEUR |Module : [use_object]|Function : [Msg - update]| [OK_112] object_trace - '7' a été modifié.
2022-09-12 14:45:05|[INFO]|Session : [15sthtrgtj2iujbcr4s7grc68b]|User id : 2|Name : SUPER  ADMINISTRATEUR |Module : [use_object]|Function : [Msg - update]| [OK_112] object_trace - '7' a été modifié.
2022-09-12 14:45:12|[INFO]|Session : [15sthtrgtj2iujbcr4s7grc68b]|User id : 2|Name : SUPER  ADMINISTRATEUR |Module : [use_object]|Function : [Msg - update]| [OK_112] object_trace - '7' a été modifié.
2022-09-12 14:45:15|[INFO]|Session : [15sthtrgtj2iujbcr4s7grc68b]|User id : 2|Name : SUPER  ADMINISTRATEUR |Module : [use_object]|Function : [Msg - update]| [OK_112] object_trace - '7' a été modifié.
2022-09-12 14:45:16|[INFO]|Session : [15sthtrgtj2iujbcr4s7grc68b]|User id : 2|Name : SUPER  ADMINISTRATEUR |Module : [use_object]|Function : [Msg - update]| [OK_112] object_trace - '7' a été modifié.
2022-09-12 14:45:18|[INFO]|Session : [15sthtrgtj2iujbcr4s7grc68b]|User id : 2|Name : SUPER  ADMINISTRATEUR |Module : [use_object]|Function : [Msg - update]| [OK_112] object_trace - '7' a été modifié.
2022-09-12 14:45:22|[INFO]|Session : [15sthtrgtj2iujbcr4s7grc68b]|User id : 2|Name : SUPER  ADMINISTRATEUR |Module : [use_object]|Function : [Msg - update]| [OK_112] object_trace - '7' a été modifié.
2022-09-12 14:48:29|[INFO]|Session : [15sthtrgtj2iujbcr4s7grc68b]|User id : 2|Name : SUPER  ADMINISTRATEUR |Module : [use_object]|Function : [Msg - insert]| [OK_111] object_slide - '' a été créé.
2022-09-12 14:48:42|[INFO]|Session : [15sthtrgtj2iujbcr4s7grc68b]|User id : 2|Name : SUPER  ADMINISTRATEUR |Module : [use_object]|Function : [Msg - update]| [OK_112] object_slide - '324' a été modifié.
2022-09-12 14:48:56|[INFO]|Session : [15sthtrgtj2iujbcr4s7grc68b]|User id : 2|Name : SUPER  ADMINISTRATEUR |Module : [use_object]|Function : [Msg - delete]| [OK_110] object_slide_link - '1' a été supprimé.
2022-09-12 14:48:56|[INFO]|Session : [15sthtrgtj2iujbcr4s7grc68b]|User id : 2|Name : SUPER  ADMINISTRATEUR |Module : [use_object]|Function : [Msg - delete]| [OK_110] object_slide_link - '2' a été supprimé.
2022-09-12 14:48:56|[INFO]|Session : [15sthtrgtj2iujbcr4s7grc68b]|User id : 2|Name : SUPER  ADMINISTRATEUR |Module : [use_object]|Function : [Msg - insert]| [OK_111] object_slide_link - '' a été créé.
2022-09-12 14:48:56|[INFO]|Session : [15sthtrgtj2iujbcr4s7grc68b]|User id : 2|Name : SUPER  ADMINISTRATEUR |Module : [use_object]|Function : [Msg - insert]| [OK_111] object_slide_link - '' a été créé.
2022-09-12 14:48:56|[INFO]|Session : [15sthtrgtj2iujbcr4s7grc68b]|User id : 2|Name : SUPER  ADMINISTRATEUR |Module : [use_object]|Function : [Msg - insert]| [OK_111] object_slide_link - '' a été créé.
2022-09-12 14:48:56|[INFO]|Session : [15sthtrgtj2iujbcr4s7grc68b]|User id : 2|Name : SUPER  ADMINISTRATEUR |Module : [use_object]|Function : [Msg - delete]| [OK_110] object_slide_variable - '190' a été supprimé.
2022-09-12 14:48:56|[INFO]|Session : [15sthtrgtj2iujbcr4s7grc68b]|User id : 2|Name : SUPER  ADMINISTRATEUR |Module : [use_object]|Function : [Msg - delete]| [OK_110] object_slide_variable - '191' a été supprimé.
2022-09-12 14:48:56|[INFO]|Session : [15sthtrgtj2iujbcr4s7grc68b]|User id : 2|Name : SUPER  ADMINISTRATEUR |Module : [use_object]|Function : [Msg - insert]| [OK_111] object_slide_variable - '' a été créé.
2022-09-12 14:48:56|[INFO]|Session : [15sthtrgtj2iujbcr4s7grc68b]|User id : 2|Name : SUPER  ADMINISTRATEUR |Module : [use_object]|Function : [Msg - insert]| [OK_111] object_slide_variable - '' a été créé.
2022-09-12 14:48:57|[INFO]|Session : [15sthtrgtj2iujbcr4s7grc68b]|User id : 2|Name : SUPER  ADMINISTRATEUR |Module : [use_object]|Function : [Msg - update]| [OK_112] object_notice - '155' a été modifié.
2022-09-12 14:48:57|[INFO]|Session : [15sthtrgtj2iujbcr4s7grc68b]|User id : 2|Name : SUPER  ADMINISTRATEUR |Module : [use_object]|Function : [Msg - update]| [OK_112] object_content_variables - '156' a été modifié.
2022-09-12 14:48:57|[INFO]|Session : [15sthtrgtj2iujbcr4s7grc68b]|User id : 2|Name : SUPER  ADMINISTRATEUR |Module : [use_object]|Function : [Msg - update]| [OK_112] object_slide - '283' a été modifié.
2022-09-12 14:49:02|[INFO]|Session : [15sthtrgtj2iujbcr4s7grc68b]|User id : 2|Name : SUPER  ADMINISTRATEUR |Module : [use_object]|Function : [Msg - update]| [OK_112] object_trace - '7' a été modifié.
2022-09-12 14:49:06|[INFO]|Session : [15sthtrgtj2iujbcr4s7grc68b]|User id : 2|Name : SUPER  ADMINISTRATEUR |Module : [use_object]|Function : [Msg - update]| [OK_112] object_trace - '7' a été modifié.
2022-09-12 14:49:19|[INFO]|Session : [15sthtrgtj2iujbcr4s7grc68b]|User id : 2|Name : SUPER  ADMINISTRATEUR |Module : [use_object]|Function : [Msg - update]| [OK_112] object_trace - '7' a été modifié.
2022-09-12 14:49:34|[INFO]|Session : [15sthtrgtj2iujbcr4s7grc68b]|User id : 2|Name : SUPER  ADMINISTRATEUR |Module : [use_object]|Function : [Msg - update]| [OK_112] object_trace - '7' a été modifié.
2022-09-12 14:50:02|[INFO]|Session : [15sthtrgtj2iujbcr4s7grc68b]|User id : 2|Name : SUPER  ADMINISTRATEUR |Module : [use_object]|Function : [Msg - update]| [OK_112] object_trace - '7' a été modifié.
2022-09-12 14:50:12|[INFO]|Session : [15sthtrgtj2iujbcr4s7grc68b]|User id : 2|Name : SUPER  ADMINISTRATEUR |Module : [use_object]|Function : [Msg - update]| [OK_112] object_trace - '68' a été modifié.
2022-09-12 14:50:12|[INFO]|Session : [15sthtrgtj2iujbcr4s7grc68b]|User id : 2|Name : SUPER  ADMINISTRATEUR |Module : [use_object]|Function : [Msg - update]| [OK_112] object_trace - '7' a été modifié.
2022-09-12 14:50:16|[INFO]|Session : [15sthtrgtj2iujbcr4s7grc68b]|User id : 2|Name : SUPER  ADMINISTRATEUR |Module : [use_object]|Function : [Msg - update]| [OK_112] object_trace - '68' a été modifié.
2022-09-12 14:50:17|[INFO]|Session : [15sthtrgtj2iujbcr4s7grc68b]|User id : 2|Name : SUPER  ADMINISTRATEUR |Module : [use_object]|Function : [Msg - update]| [OK_112] object_trace - '7' a été modifié.
2022-09-12 14:50:18|[INFO]|Session : [15sthtrgtj2iujbcr4s7grc68b]|User id : 2|Name : SUPER  ADMINISTRATEUR |Module : [use_object]|Function : [Msg - update]| [OK_112] object_trace - '7' a été modifié.
2022-09-12 14:50:19|[INFO]|Session : [15sthtrgtj2iujbcr4s7grc68b]|User id : 2|Name : SUPER  ADMINISTRATEUR |Module : [use_object]|Function : [Msg - update]| [OK_112] object_trace - '68' a été modifié.
2022-09-12 14:50:37|[INFO]|Session : [15sthtrgtj2iujbcr4s7grc68b]|User id : 2|Name : SUPER  ADMINISTRATEUR |Module : [use_object]|Function : [Msg - update]| [OK_112] object_trace - '68' a été modifié.
2022-09-12 14:50:39|[INFO]|Session : [15sthtrgtj2iujbcr4s7grc68b]|User id : 2|Name : SUPER  ADMINISTRATEUR |Module : [use_object]|Function : [Msg - update]| [OK_112] object_trace - '68' a été modifié.
2022-09-12 14:50:40|[INFO]|Session : [15sthtrgtj2iujbcr4s7grc68b]|User id : 2|Name : SUPER  ADMINISTRATEUR |Module : [use_object]|Function : [Msg - update]| [OK_112] object_trace - '7' a été modifié.
2022-09-12 14:50:41|[INFO]|Session : [15sthtrgtj2iujbcr4s7grc68b]|User id : 2|Name : SUPER  ADMINISTRATEUR |Module : [use_object]|Function : [Msg - update]| [OK_112] object_trace - '68' a été modifié.
2022-09-12 14:50:42|[INFO]|Session : [15sthtrgtj2iujbcr4s7grc68b]|User id : 2|Name : SUPER  ADMINISTRATEUR |Module : [use_object]|Function : [Msg - update]| [OK_112] object_trace - '7' a été modifié.
2022-09-12 14:50:42|[INFO]|Session : [15sthtrgtj2iujbcr4s7grc68b]|User id : 2|Name : SUPER  ADMINISTRATEUR |Module : [use_object]|Function : [Msg - update]| [OK_112] object_trace - '7' a été modifié.
2022-09-12 14:50:43|[INFO]|Session : [15sthtrgtj2iujbcr4s7grc68b]|User id : 2|Name : SUPER  ADMINISTRATEUR |Module : [use_object]|Function : [Msg - update]| [OK_112] object_trace - '68' a été modifié.
2022-09-12 14:50:43|[INFO]|Session : [15sthtrgtj2iujbcr4s7grc68b]|User id : 2|Name : SUPER  ADMINISTRATEUR |Module : [use_object]|Function : [Msg - update]| [OK_112] object_trace - '7' a été modifié.
2022-09-12 14:50:44|[INFO]|Session : [15sthtrgtj2iujbcr4s7grc68b]|User id : 2|Name : SUPER  ADMINISTRATEUR |Module : [use_object]|Function : [Msg - update]| [OK_112] object_trace - '68' a été modifié.
2022-09-12 14:50:45|[INFO]|Session : [15sthtrgtj2iujbcr4s7grc68b]|User id : 2|Name : SUPER  ADMINISTRATEUR |Module : [use_object]|Function : [Msg - update]| [OK_112] object_trace - '7' a été modifié.
2022-09-12 14:50:51|[INFO]|Session : [15sthtrgtj2iujbcr4s7grc68b]|User id : 2|Name : SUPER  ADMINISTRATEUR |Module : [use_object]|Function : [Msg - update]| [OK_112] object_trace - '7' a été modifié.
2022-09-12 14:50:51|[INFO]|Session : [15sthtrgtj2iujbcr4s7grc68b]|User id : 2|Name : SUPER  ADMINISTRATEUR |Module : [use_object]|Function : [Msg - update]| [OK_112] object_trace - '7' a été modifié.
2022-09-12 14:50:52|[INFO]|Session : [15sthtrgtj2iujbcr4s7grc68b]|User id : 2|Name : SUPER  ADMINISTRATEUR |Module : [use_object]|Function : [Msg - update]| [OK_112] object_trace - '7' a été modifié.
2022-09-12 14:50:52|[INFO]|Session : [15sthtrgtj2iujbcr4s7grc68b]|User id : 2|Name : SUPER  ADMINISTRATEUR |Module : [use_object]|Function : [Msg - update]| [OK_112] object_trace - '7' a été modifié.
2022-09-12 14:50:53|[INFO]|Session : [15sthtrgtj2iujbcr4s7grc68b]|User id : 2|Name : SUPER  ADMINISTRATEUR |Module : [use_object]|Function : [Msg - update]| [OK_112] object_trace - '7' a été modifié.
2022-09-12 14:50:53|[INFO]|Session : [15sthtrgtj2iujbcr4s7grc68b]|User id : 2|Name : SUPER  ADMINISTRATEUR |Module : [use_object]|Function : [Msg - update]| [OK_112] object_trace - '7' a été modifié.
2022-09-12 14:50:54|[INFO]|Session : [15sthtrgtj2iujbcr4s7grc68b]|User id : 2|Name : SUPER  ADMINISTRATEUR |Module : [use_object]|Function : [Msg - update]| [OK_112] object_trace - '7' a été modifié.
2022-09-12 14:50:54|[INFO]|Session : [15sthtrgtj2iujbcr4s7grc68b]|User id : 2|Name : SUPER  ADMINISTRATEUR |Module : [use_object]|Function : [Msg - update]| [OK_112] object_trace - '7' a été modifié.
2022-09-12 14:50:54|[INFO]|Session : [15sthtrgtj2iujbcr4s7grc68b]|User id : 2|Name : SUPER  ADMINISTRATEUR |Module : [use_object]|Function : [Msg - update]| [OK_112] object_trace - '7' a été modifié.
2022-09-12 14:50:54|[INFO]|Session : [15sthtrgtj2iujbcr4s7grc68b]|User id : 2|Name : SUPER  ADMINISTRATEUR |Module : [use_object]|Function : [Msg - update]| [OK_112] object_trace - '7' a été modifié.
2022-09-12 14:50:54|[INFO]|Session : [15sthtrgtj2iujbcr4s7grc68b]|User id : 2|Name : SUPER  ADMINISTRATEUR |Module : [use_object]|Function : [Msg - update]| [OK_112] object_trace - '7' a été modifié.
2022-09-12 14:50:55|[INFO]|Session : [15sthtrgtj2iujbcr4s7grc68b]|User id : 2|Name : SUPER  ADMINISTRATEUR |Module : [use_object]|Function : [Msg - update]| [OK_112] object_trace - '7' a été modifié.
2022-09-12 14:50:55|[INFO]|Session : [15sthtrgtj2iujbcr4s7grc68b]|User id : 2|Name : SUPER  ADMINISTRATEUR |Module : [use_object]|Function : [Msg - update]| [OK_112] object_trace - '7' a été modifié.
2022-09-12 14:54:34|[INFO]|Session : [15sthtrgtj2iujbcr4s7grc68b]|User id : 2|Name : SUPER  ADMINISTRATEUR |Module : [use_object]|Function : [Msg - update]| [OK_112] object_trace - '7' a été modifié.
2022-09-12 14:54:36|[INFO]|Session : [15sthtrgtj2iujbcr4s7grc68b]|User id : 2|Name : SUPER  ADMINISTRATEUR |Module : [use_object]|Function : [Msg - update]| [OK_112] object_trace - '7' a été modifié.
2022-09-12 14:54:46|[INFO]|Session : [15sthtrgtj2iujbcr4s7grc68b]|User id : 2|Name : SUPER  ADMINISTRATEUR |Module : [use_object]|Function : [Msg - update]| [OK_112] object_trace - '7' a été modifié.
2022-09-12 14:56:28|[INFO]|Session : [15sthtrgtj2iujbcr4s7grc68b]|User id : 2|Name : SUPER  ADMINISTRATEUR |Module : [use_object]|Function : [Msg - update]| [OK_112] object_trace - '7' a été modifié.
2022-09-12 14:56:51|[INFO]|Session : [15sthtrgtj2iujbcr4s7grc68b]|User id : 2|Name : SUPER  ADMINISTRATEUR |Module : [use_object]|Function : [Msg - update]| [OK_112] object_trace - '7' a été modifié.
2022-09-12 14:56:53|[INFO]|Session : [15sthtrgtj2iujbcr4s7grc68b]|User id : 2|Name : SUPER  ADMINISTRATEUR |Module : [use_object]|Function : [Msg - update]| [OK_112] object_trace - '7' a été modifié.
2022-09-12 14:57:00|[INFO]|Session : [15sthtrgtj2iujbcr4s7grc68b]|User id : 2|Name : SUPER  ADMINISTRATEUR |Module : [use_object]|Function : [Msg - update]| [OK_112] object_trace - '7' a été modifié.
2022-09-12 14:58:36|[INFO]|Session : [15sthtrgtj2iujbcr4s7grc68b]|User id : 2|Name : SUPER  ADMINISTRATEUR |Module : [use_object]|Function : [Msg - insert]| [OK_111] object_slide_variable - '' a été créé.
2022-09-12 14:58:36|[INFO]|Session : [15sthtrgtj2iujbcr4s7grc68b]|User id : 2|Name : SUPER  ADMINISTRATEUR |Module : [use_object]|Function : [Msg - update]| [OK_112] object_slide - '324' a été modifié.
2022-09-12 14:59:55|[INFO]|Session : [15sthtrgtj2iujbcr4s7grc68b]|User id : 2|Name : SUPER  ADMINISTRATEUR |Module : [use_object]|Function : [Msg - insert]| [OK_111] object_result - '' a été créé.
2022-09-12 14:59:55|[INFO]|Session : [15sthtrgtj2iujbcr4s7grc68b]|User id : 2|Name : SUPER  ADMINISTRATEUR |Module : [use_object]|Function : [Msg - insert]| [OK_111] object_field_result - '' a été créé.
2022-09-12 15:00:52|[INFO]|Session : [15sthtrgtj2iujbcr4s7grc68b]|User id : 2|Name : SUPER  ADMINISTRATEUR |Module : [use_object]|Function : [Msg - delete]| [OK_110] object_slide_variable - '207' a été supprimé.
2022-09-12 15:00:52|[INFO]|Session : [15sthtrgtj2iujbcr4s7grc68b]|User id : 2|Name : SUPER  ADMINISTRATEUR |Module : [use_object]|Function : [Msg - insert]| [OK_111] object_slide_variable - '' a été créé.
2022-09-12 15:00:52|[INFO]|Session : [15sthtrgtj2iujbcr4s7grc68b]|User id : 2|Name : SUPER  ADMINISTRATEUR |Module : [use_object]|Function : [Msg - insert]| [OK_111] object_slide_result - '' a été créé.
2022-09-12 15:00:52|[INFO]|Session : [15sthtrgtj2iujbcr4s7grc68b]|User id : 2|Name : SUPER  ADMINISTRATEUR |Module : [use_object]|Function : [Msg - update]| [OK_112] object_slide - '324' a été modifié.
2022-09-12 15:01:20|[INFO]|Session : [15sthtrgtj2iujbcr4s7grc68b]|User id : 2|Name : SUPER  ADMINISTRATEUR |Module : [use_object]|Function : [Msg - delete]| [OK_110] object_slide_link - '5' a été supprimé.
2022-09-12 15:01:20|[INFO]|Session : [15sthtrgtj2iujbcr4s7grc68b]|User id : 2|Name : SUPER  ADMINISTRATEUR |Module : [use_object]|Function : [Msg - delete]| [OK_110] object_slide_link - '3' a été supprimé.
2022-09-12 15:01:20|[INFO]|Session : [15sthtrgtj2iujbcr4s7grc68b]|User id : 2|Name : SUPER  ADMINISTRATEUR |Module : [use_object]|Function : [Msg - delete]| [OK_110] object_slide_link - '4' a été supprimé.
2022-09-12 15:01:20|[INFO]|Session : [15sthtrgtj2iujbcr4s7grc68b]|User id : 2|Name : SUPER  ADMINISTRATEUR |Module : [use_object]|Function : [Msg - insert]| [OK_111] object_slide_link - '' a été créé.
2022-09-12 15:01:20|[INFO]|Session : [15sthtrgtj2iujbcr4s7grc68b]|User id : 2|Name : SUPER  ADMINISTRATEUR |Module : [use_object]|Function : [Msg - insert]| [OK_111] object_slide_link - '' a été créé.
2022-09-12 15:01:20|[INFO]|Session : [15sthtrgtj2iujbcr4s7grc68b]|User id : 2|Name : SUPER  ADMINISTRATEUR |Module : [use_object]|Function : [Msg - insert]| [OK_111] object_slide_link - '' a été créé.
2022-09-12 15:01:20|[INFO]|Session : [15sthtrgtj2iujbcr4s7grc68b]|User id : 2|Name : SUPER  ADMINISTRATEUR |Module : [use_object]|Function : [Msg - delete]| [OK_110] object_slide_variable - '205' a été supprimé.
2022-09-12 15:01:20|[INFO]|Session : [15sthtrgtj2iujbcr4s7grc68b]|User id : 2|Name : SUPER  ADMINISTRATEUR |Module : [use_object]|Function : [Msg - delete]| [OK_110] object_slide_variable - '206' a été supprimé.
2022-09-12 15:01:20|[INFO]|Session : [15sthtrgtj2iujbcr4s7grc68b]|User id : 2|Name : SUPER  ADMINISTRATEUR |Module : [use_object]|Function : [Msg - insert]| [OK_111] object_slide_variable - '' a été créé.
2022-09-12 15:01:20|[INFO]|Session : [15sthtrgtj2iujbcr4s7grc68b]|User id : 2|Name : SUPER  ADMINISTRATEUR |Module : [use_object]|Function : [Msg - insert]| [OK_111] object_slide_variable - '' a été créé.
2022-09-12 15:01:20|[INFO]|Session : [15sthtrgtj2iujbcr4s7grc68b]|User id : 2|Name : SUPER  ADMINISTRATEUR |Module : [use_object]|Function : [Msg - insert]| [OK_111] object_slide_result_1 - '' a été créé.
2022-09-12 15:01:20|[INFO]|Session : [15sthtrgtj2iujbcr4s7grc68b]|User id : 2|Name : SUPER  ADMINISTRATEUR |Module : [use_object]|Function : [Msg - update]| [OK_112] object_notice - '155' a été modifié.
2022-09-12 15:01:20|[INFO]|Session : [15sthtrgtj2iujbcr4s7grc68b]|User id : 2|Name : SUPER  ADMINISTRATEUR |Module : [use_object]|Function : [Msg - update]| [OK_112] object_content_variables - '156' a été modifié.
2022-09-12 15:01:20|[INFO]|Session : [15sthtrgtj2iujbcr4s7grc68b]|User id : 2|Name : SUPER  ADMINISTRATEUR |Module : [use_object]|Function : [Msg - update]| [OK_112] object_slide - '283' a été modifié.
2022-09-12 15:01:25|[INFO]|Session : [15sthtrgtj2iujbcr4s7grc68b]|User id : 2|Name : SUPER  ADMINISTRATEUR |Module : [use_object]|Function : [Msg - update]| [OK_112] object_trace - '7' a été modifié.
2022-09-12 15:01:29|[INFO]|Session : [15sthtrgtj2iujbcr4s7grc68b]|User id : 2|Name : SUPER  ADMINISTRATEUR |Module : [use_object]|Function : [Msg - update]| [OK_112] object_trace - '7' a été modifié.
2022-09-12 15:01:35|[INFO]|Session : [15sthtrgtj2iujbcr4s7grc68b]|User id : 2|Name : SUPER  ADMINISTRATEUR |Module : [use_object]|Function : [Msg - update]| [OK_112] object_trace - '68' a été modifié.
2022-09-12 15:01:40|[INFO]|Session : [15sthtrgtj2iujbcr4s7grc68b]|User id : 2|Name : SUPER  ADMINISTRATEUR |Module : [use_object]|Function : [Msg - update]| [OK_112] object_trace - '68' a été modifié.
2022-09-12 15:01:42|[INFO]|Session : [15sthtrgtj2iujbcr4s7grc68b]|User id : 2|Name : SUPER  ADMINISTRATEUR |Module : [use_object]|Function : [Msg - update]| [OK_112] object_trace - '68' a été modifié.
2022-09-12 15:01:48|[INFO]|Session : [15sthtrgtj2iujbcr4s7grc68b]|User id : 2|Name : SUPER  ADMINISTRATEUR |Module : [use_object]|Function : [Msg - update]| [OK_112] object_trace - '7' a été modifié.
2022-09-12 15:01:48|[INFO]|Session : [15sthtrgtj2iujbcr4s7grc68b]|User id : 2|Name : SUPER  ADMINISTRATEUR |Module : [use_object]|Function : [Msg - update]| [OK_112] object_trace - '68' a été modifié.
2022-09-12 15:01:49|[INFO]|Session : [15sthtrgtj2iujbcr4s7grc68b]|User id : 2|Name : SUPER  ADMINISTRATEUR |Module : [use_object]|Function : [Msg - update]| [OK_112] object_trace - '68' a été modifié.
2022-09-12 15:01:49|[INFO]|Session : [15sthtrgtj2iujbcr4s7grc68b]|User id : 2|Name : SUPER  ADMINISTRATEUR |Module : [use_object]|Function : [Msg - update]| [OK_112] object_trace - '7' a été modifié.
2022-09-12 15:01:57|[INFO]|Session : [15sthtrgtj2iujbcr4s7grc68b]|User id : 2|Name : SUPER  ADMINISTRATEUR |Module : [use_object]|Function : [Msg - update]| [OK_112] object_trace - '68' a été modifié.
2022-09-12 15:02:27|[INFO]|Session : [15sthtrgtj2iujbcr4s7grc68b]|User id : 2|Name : SUPER  ADMINISTRATEUR |Module : [use_object]|Function : [Msg - delete]| [OK_110] object_slide_link - '8' a été supprimé.
2022-09-12 15:02:27|[INFO]|Session : [15sthtrgtj2iujbcr4s7grc68b]|User id : 2|Name : SUPER  ADMINISTRATEUR |Module : [use_object]|Function : [Msg - delete]| [OK_110] object_slide_link - '6' a été supprimé.
2022-09-12 15:02:28|[INFO]|Session : [15sthtrgtj2iujbcr4s7grc68b]|User id : 2|Name : SUPER  ADMINISTRATEUR |Module : [use_object]|Function : [Msg - delete]| [OK_110] object_slide_link - '7' a été supprimé.
2022-09-12 15:02:28|[INFO]|Session : [15sthtrgtj2iujbcr4s7grc68b]|User id : 2|Name : SUPER  ADMINISTRATEUR |Module : [use_object]|Function : [Msg - insert]| [OK_111] object_slide_link - '' a été créé.
2022-09-12 15:02:28|[INFO]|Session : [15sthtrgtj2iujbcr4s7grc68b]|User id : 2|Name : SUPER  ADMINISTRATEUR |Module : [use_object]|Function : [Msg - insert]| [OK_111] object_slide_link - '' a été créé.
2022-09-12 15:02:28|[INFO]|Session : [15sthtrgtj2iujbcr4s7grc68b]|User id : 2|Name : SUPER  ADMINISTRATEUR |Module : [use_object]|Function : [Msg - insert]| [OK_111] object_slide_link - '' a été créé.
2022-09-12 15:02:28|[INFO]|Session : [15sthtrgtj2iujbcr4s7grc68b]|User id : 2|Name : SUPER  ADMINISTRATEUR |Module : [use_object]|Function : [Msg - delete]| [OK_110] object_slide_variable - '209' a été supprimé.
2022-09-12 15:02:28|[INFO]|Session : [15sthtrgtj2iujbcr4s7grc68b]|User id : 2|Name : SUPER  ADMINISTRATEUR |Module : [use_object]|Function : [Msg - delete]| [OK_110] object_slide_variable - '210' a été supprimé.
2022-09-12 15:02:28|[INFO]|Session : [15sthtrgtj2iujbcr4s7grc68b]|User id : 2|Name : SUPER  ADMINISTRATEUR |Module : [use_object]|Function : [Msg - insert]| [OK_111] object_slide_variable - '' a été créé.
2022-09-12 15:02:28|[INFO]|Session : [15sthtrgtj2iujbcr4s7grc68b]|User id : 2|Name : SUPER  ADMINISTRATEUR |Module : [use_object]|Function : [Msg - insert]| [OK_111] object_slide_variable - '' a été créé.
2022-09-12 15:02:28|[INFO]|Session : [15sthtrgtj2iujbcr4s7grc68b]|User id : 2|Name : SUPER  ADMINISTRATEUR |Module : [use_object]|Function : [Msg - insert]| [OK_111] object_slide_result - '' a été créé.
2022-09-12 15:02:28|[INFO]|Session : [15sthtrgtj2iujbcr4s7grc68b]|User id : 2|Name : SUPER  ADMINISTRATEUR |Module : [use_object]|Function : [Msg - delete]| [OK_110] object_slide_result_1 - '48' a été supprimé.
2022-09-12 15:02:28|[INFO]|Session : [15sthtrgtj2iujbcr4s7grc68b]|User id : 2|Name : SUPER  ADMINISTRATEUR |Module : [use_object]|Function : [Msg - update]| [OK_112] object_notice - '155' a été modifié.
2022-09-12 15:02:28|[INFO]|Session : [15sthtrgtj2iujbcr4s7grc68b]|User id : 2|Name : SUPER  ADMINISTRATEUR |Module : [use_object]|Function : [Msg - update]| [OK_112] object_content_variables - '156' a été modifié.
2022-09-12 15:02:28|[INFO]|Session : [15sthtrgtj2iujbcr4s7grc68b]|User id : 2|Name : SUPER  ADMINISTRATEUR |Module : [use_object]|Function : [Msg - update]| [OK_112] object_slide - '283' a été modifié.
2022-09-12 15:02:37|[INFO]|Session : [15sthtrgtj2iujbcr4s7grc68b]|User id : 2|Name : SUPER  ADMINISTRATEUR |Module : [use_object]|Function : [Msg - update]| [OK_112] object_trace - '7' a été modifié.
2022-09-12 15:02:42|[INFO]|Session : [15sthtrgtj2iujbcr4s7grc68b]|User id : 2|Name : SUPER  ADMINISTRATEUR |Module : [use_object]|Function : [Msg - update]| [OK_112] object_trace - '7' a été modifié.
2022-09-12 15:02:45|[INFO]|Session : [15sthtrgtj2iujbcr4s7grc68b]|User id : 2|Name : SUPER  ADMINISTRATEUR |Module : [use_object]|Function : [Msg - update]| [OK_112] object_trace - '7' a été modifié.
2022-09-12 15:02:48|[INFO]|Session : [15sthtrgtj2iujbcr4s7grc68b]|User id : 2|Name : SUPER  ADMINISTRATEUR |Module : [use_object]|Function : [Msg - update]| [OK_112] object_trace - '68' a été modifié.
2022-09-12 15:02:54|[INFO]|Session : [15sthtrgtj2iujbcr4s7grc68b]|User id : 2|Name : SUPER  ADMINISTRATEUR |Module : [use_object]|Function : [Msg - update]| [OK_112] object_trace - '68' a été modifié.
2022-09-12 15:02:55|[INFO]|Session : [15sthtrgtj2iujbcr4s7grc68b]|User id : 2|Name : SUPER  ADMINISTRATEUR |Module : [use_object]|Function : [Msg - update]| [OK_112] object_trace - '7' a été modifié.
2022-09-12 15:02:56|[INFO]|Session : [15sthtrgtj2iujbcr4s7grc68b]|User id : 2|Name : SUPER  ADMINISTRATEUR |Module : [use_object]|Function : [Msg - update]| [OK_112] object_trace - '68' a été modifié.
2022-09-12 15:02:56|[INFO]|Session : [15sthtrgtj2iujbcr4s7grc68b]|User id : 2|Name : SUPER  ADMINISTRATEUR |Module : [use_object]|Function : [Msg - update]| [OK_112] object_trace - '7' a été modifié.
2022-09-12 15:03:02|[INFO]|Session : [15sthtrgtj2iujbcr4s7grc68b]|User id : 2|Name : SUPER  ADMINISTRATEUR |Module : [use_object]|Function : [Msg - update]| [OK_112] object_trace - '68' a été modifié.
2022-09-12 15:03:03|[INFO]|Session : [15sthtrgtj2iujbcr4s7grc68b]|User id : 2|Name : SUPER  ADMINISTRATEUR |Module : [use_object]|Function : [Msg - update]| [OK_112] object_trace - '7' a été modifié.
2022-09-12 15:03:03|[INFO]|Session : [15sthtrgtj2iujbcr4s7grc68b]|User id : 2|Name : SUPER  ADMINISTRATEUR |Module : [use_object]|Function : [Msg - update]| [OK_112] object_trace - '68' a été modifié.
2022-09-12 15:03:03|[INFO]|Session : [15sthtrgtj2iujbcr4s7grc68b]|User id : 2|Name : SUPER  ADMINISTRATEUR |Module : [use_object]|Function : [Msg - update]| [OK_112] object_trace - '7' a été modifié.
2022-09-12 15:03:08|[INFO]|Session : [15sthtrgtj2iujbcr4s7grc68b]|User id : 2|Name : SUPER  ADMINISTRATEUR |Module : [use_object]|Function : [Msg - update]| [OK_112] object_trace - '7' a été modifié.
2022-09-12 15:03:11|[INFO]|Session : [15sthtrgtj2iujbcr4s7grc68b]|User id : 2|Name : SUPER  ADMINISTRATEUR |Module : [use_object]|Function : [Msg - update]| [OK_112] object_trace - '68' a été modifié.
2022-09-12 15:03:16|[INFO]|Session : [15sthtrgtj2iujbcr4s7grc68b]|User id : 2|Name : SUPER  ADMINISTRATEUR |Module : [use_object]|Function : [Msg - update]| [OK_112] object_trace - '68' a été modifié.
2022-09-12 15:03:16|[INFO]|Session : [15sthtrgtj2iujbcr4s7grc68b]|User id : 2|Name : SUPER  ADMINISTRATEUR |Module : [use_object]|Function : [Msg - update]| [OK_112] object_trace - '7' a été modifié.
2022-09-12 15:03:20|[INFO]|Session : [15sthtrgtj2iujbcr4s7grc68b]|User id : 2|Name : SUPER  ADMINISTRATEUR |Module : [use_object]|Function : [Msg - update]| [OK_112] object_trace - '68' a été modifié.
2022-09-12 15:03:20|[INFO]|Session : [15sthtrgtj2iujbcr4s7grc68b]|User id : 2|Name : SUPER  ADMINISTRATEUR |Module : [use_object]|Function : [Msg - update]| [OK_112] object_trace - '7' a été modifié.
2022-09-12 15:06:25|[INFO]|Session : [15sthtrgtj2iujbcr4s7grc68b]|User id : 2|Name : SUPER  ADMINISTRATEUR |Module : [use_object]|Function : [Msg - update]| [OK_112] object_trace - '7' a été modifié.
2022-09-12 15:06:49|[INFO]|Session : [15sthtrgtj2iujbcr4s7grc68b]|User id : 2|Name : SUPER  ADMINISTRATEUR |Module : [use_object]|Function : [Msg - update]| [OK_112] object_trace - '7' a été modifié.
2022-09-12 16:32:18|[INFO]|Session : [9009b7c6uam8jujbhtb97pqcr3]|User id : 2|Name : SUPER  ADMINISTRATEUR |Module : [use_object]|Function : [Msg - update]| [OK_112] object_trace - '7' a été modifié.
2022-09-12 16:32:25|[INFO]|Session : [9009b7c6uam8jujbhtb97pqcr3]|User id : 2|Name : SUPER  ADMINISTRATEUR |Module : [use_object]|Function : [Msg - update]| [OK_112] object_trace - '69' a été modifié.
2022-09-12 16:32:26|[INFO]|Session : [9009b7c6uam8jujbhtb97pqcr3]|User id : 2|Name : SUPER  ADMINISTRATEUR |Module : [use_object]|Function : [Msg - update]| [OK_112] object_trace - '7' a été modifié.
2022-09-12 16:32:27|[INFO]|Session : [9009b7c6uam8jujbhtb97pqcr3]|User id : 2|Name : SUPER  ADMINISTRATEUR |Module : [use_object]|Function : [Msg - update]| [OK_112] object_trace - '69' a été modifié.
2022-09-12 16:32:27|[INFO]|Session : [9009b7c6uam8jujbhtb97pqcr3]|User id : 2|Name : SUPER  ADMINISTRATEUR |Module : [use_object]|Function : [Msg - update]| [OK_112] object_trace - '7' a été modifié.
2022-09-12 16:32:30|[INFO]|Session : [9009b7c6uam8jujbhtb97pqcr3]|User id : 2|Name : SUPER  ADMINISTRATEUR |Module : [use_object]|Function : [Msg - update]| [OK_112] object_trace - '7' a été modifié.
2022-09-12 16:32:33|[INFO]|Session : [9009b7c6uam8jujbhtb97pqcr3]|User id : 2|Name : SUPER  ADMINISTRATEUR |Module : [use_object]|Function : [Msg - update]| [OK_112] object_trace - '69' a été modifié.
2022-09-12 16:32:41|[INFO]|Session : [9009b7c6uam8jujbhtb97pqcr3]|User id : 2|Name : SUPER  ADMINISTRATEUR |Module : [use_object]|Function : [Msg - update]| [OK_112] object_trace - '69' a été modifié.
2022-09-12 16:32:43|[INFO]|Session : [9009b7c6uam8jujbhtb97pqcr3]|User id : 2|Name : SUPER  ADMINISTRATEUR |Module : [use_object]|Function : [Msg - update]| [OK_112] object_trace - '69' a été modifié.
2022-09-12 16:32:45|[INFO]|Session : [9009b7c6uam8jujbhtb97pqcr3]|User id : 2|Name : SUPER  ADMINISTRATEUR |Module : [use_object]|Function : [Msg - update]| [OK_112] object_trace - '69' a été modifié.
2022-09-12 16:32:45|[INFO]|Session : [9009b7c6uam8jujbhtb97pqcr3]|User id : 2|Name : SUPER  ADMINISTRATEUR |Module : [use_object]|Function : [Msg - update]| [OK_112] object_trace - '7' a été modifié.
2022-09-12 16:32:48|[INFO]|Session : [9009b7c6uam8jujbhtb97pqcr3]|User id : 2|Name : SUPER  ADMINISTRATEUR |Module : [use_object]|Function : [Msg - update]| [OK_112] object_trace - '69' a été modifié.
2022-09-12 16:32:49|[INFO]|Session : [9009b7c6uam8jujbhtb97pqcr3]|User id : 2|Name : SUPER  ADMINISTRATEUR |Module : [use_object]|Function : [Msg - update]| [OK_112] object_trace - '7' a été modifié.
2022-09-12 16:33:02|[INFO]|Session : [9009b7c6uam8jujbhtb97pqcr3]|User id : 2|Name : SUPER  ADMINISTRATEUR |Module : [use_object]|Function : [Msg - update]| [OK_112] object_trace - '69' a été modifié.
2022-09-12 16:33:02|[INFO]|Session : [9009b7c6uam8jujbhtb97pqcr3]|User id : 2|Name : SUPER  ADMINISTRATEUR |Module : [use_object]|Function : [Msg - update]| [OK_112] object_trace - '7' a été modifié.
2022-09-12 16:33:04|[INFO]|Session : [9009b7c6uam8jujbhtb97pqcr3]|User id : 2|Name : SUPER  ADMINISTRATEUR |Module : [use_object]|Function : [Msg - update]| [OK_112] object_trace - '69' a été modifié.
2022-09-12 16:33:04|[INFO]|Session : [9009b7c6uam8jujbhtb97pqcr3]|User id : 2|Name : SUPER  ADMINISTRATEUR |Module : [use_object]|Function : [Msg - update]| [OK_112] object_trace - '7' a été modifié.
2022-09-12 16:33:07|[INFO]|Session : [9009b7c6uam8jujbhtb97pqcr3]|User id : 2|Name : SUPER  ADMINISTRATEUR |Module : [use_object]|Function : [Msg - update]| [OK_112] object_trace - '7' a été modifié.
2022-09-12 16:33:16|[INFO]|Session : [9009b7c6uam8jujbhtb97pqcr3]|User id : 2|Name : SUPER  ADMINISTRATEUR |Module : [use_object]|Function : [Msg - update]| [OK_112] object_trace - '69' a été modifié.
2022-09-12 16:33:19|[INFO]|Session : [9009b7c6uam8jujbhtb97pqcr3]|User id : 2|Name : SUPER  ADMINISTRATEUR |Module : [use_object]|Function : [Msg - update]| [OK_112] object_trace - '7' a été modifié.
2022-09-12 16:33:23|[INFO]|Session : [9009b7c6uam8jujbhtb97pqcr3]|User id : 2|Name : SUPER  ADMINISTRATEUR |Module : [use_object]|Function : [Msg - update]| [OK_112] object_trace - '69' a été modifié.
2022-09-12 16:33:28|[INFO]|Session : [9009b7c6uam8jujbhtb97pqcr3]|User id : 2|Name : SUPER  ADMINISTRATEUR |Module : [use_object]|Function : [Msg - update]| [OK_112] object_trace - '69' a été modifié.
2022-09-12 16:33:29|[INFO]|Session : [9009b7c6uam8jujbhtb97pqcr3]|User id : 2|Name : SUPER  ADMINISTRATEUR |Module : [use_object]|Function : [Msg - update]| [OK_112] object_trace - '7' a été modifié.
2022-09-12 16:33:31|[INFO]|Session : [9009b7c6uam8jujbhtb97pqcr3]|User id : 2|Name : SUPER  ADMINISTRATEUR |Module : [use_object]|Function : [Msg - update]| [OK_112] object_trace - '69' a été modifié.
2022-09-12 16:33:32|[INFO]|Session : [9009b7c6uam8jujbhtb97pqcr3]|User id : 2|Name : SUPER  ADMINISTRATEUR |Module : [use_object]|Function : [Msg - update]| [OK_112] object_trace - '7' a été modifié.
2022-09-12 16:33:36|[INFO]|Session : [9009b7c6uam8jujbhtb97pqcr3]|User id : 2|Name : SUPER  ADMINISTRATEUR |Module : [use_object]|Function : [Msg - update]| [OK_112] object_trace - '7' a été modifié.
2022-09-12 16:33:44|[INFO]|Session : [9009b7c6uam8jujbhtb97pqcr3]|User id : 2|Name : SUPER  ADMINISTRATEUR |Module : [use_object]|Function : [Msg - update]| [OK_112] object_trace - '69' a été modifié.
2022-09-12 16:33:46|[INFO]|Session : [9009b7c6uam8jujbhtb97pqcr3]|User id : 2|Name : SUPER  ADMINISTRATEUR |Module : [use_object]|Function : [Msg - update]| [OK_112] object_trace - '69' a été modifié.
2022-09-12 16:33:53|[INFO]|Session : [9009b7c6uam8jujbhtb97pqcr3]|User id : 2|Name : SUPER  ADMINISTRATEUR |Module : [use_object]|Function : [Msg - update]| [OK_112] object_trace - '69' a été modifié.
2022-09-12 16:33:56|[INFO]|Session : [9009b7c6uam8jujbhtb97pqcr3]|User id : 2|Name : SUPER  ADMINISTRATEUR |Module : [use_object]|Function : [Msg - update]| [OK_112] object_trace - '69' a été modifié.
2022-09-12 16:34:00|[INFO]|Session : [9009b7c6uam8jujbhtb97pqcr3]|User id : 2|Name : SUPER  ADMINISTRATEUR |Module : [use_object]|Function : [Msg - update]| [OK_112] object_trace - '69' a été modifié.
2022-09-12 16:34:01|[INFO]|Session : [9009b7c6uam8jujbhtb97pqcr3]|User id : 2|Name : SUPER  ADMINISTRATEUR |Module : [use_object]|Function : [Msg - update]| [OK_112] object_trace - '7' a été modifié.
2022-09-12 16:34:03|[INFO]|Session : [9009b7c6uam8jujbhtb97pqcr3]|User id : 2|Name : SUPER  ADMINISTRATEUR |Module : [use_object]|Function : [Msg - update]| [OK_112] object_trace - '69' a été modifié.
2022-09-12 16:34:03|[INFO]|Session : [9009b7c6uam8jujbhtb97pqcr3]|User id : 2|Name : SUPER  ADMINISTRATEUR |Module : [use_object]|Function : [Msg - update]| [OK_112] object_trace - '7' a été modifié.
2022-09-12 16:34:08|[INFO]|Session : [9009b7c6uam8jujbhtb97pqcr3]|User id : 2|Name : SUPER  ADMINISTRATEUR |Module : [use_object]|Function : [Msg - update]| [OK_112] object_trace - '7' a été modifié.
2022-09-12 17:15:31|[INFO]|Session : [9009b7c6uam8jujbhtb97pqcr3]|User id : 2|Name : SUPER  ADMINISTRATEUR |Module : [use_object]|Function : [Msg - update]| [OK_112] object_trace - '69' a été modifié.
2022-09-12 17:15:39|[INFO]|Session : [9009b7c6uam8jujbhtb97pqcr3]|User id : 2|Name : SUPER  ADMINISTRATEUR |Module : [use_object]|Function : [Msg - update]| [OK_112] object_trace - '69' a été modifié.
2022-09-12 17:15:39|[INFO]|Session : [9009b7c6uam8jujbhtb97pqcr3]|User id : 2|Name : SUPER  ADMINISTRATEUR |Module : [use_object]|Function : [Msg - update]| [OK_112] object_trace - '7' a été modifié.
2022-09-12 17:15:40|[INFO]|Session : [9009b7c6uam8jujbhtb97pqcr3]|User id : 2|Name : SUPER  ADMINISTRATEUR |Module : [use_object]|Function : [Msg - update]| [OK_112] object_trace - '69' a été modifié.
2022-09-12 17:15:41|[INFO]|Session : [9009b7c6uam8jujbhtb97pqcr3]|User id : 2|Name : SUPER  ADMINISTRATEUR |Module : [use_object]|Function : [Msg - update]| [OK_112] object_trace - '7' a été modifié.
2022-09-12 17:15:45|[INFO]|Session : [9009b7c6uam8jujbhtb97pqcr3]|User id : 2|Name : SUPER  ADMINISTRATEUR |Module : [use_object]|Function : [Msg - update]| [OK_112] object_trace - '69' a été modifié.
2022-09-12 17:15:45|[INFO]|Session : [9009b7c6uam8jujbhtb97pqcr3]|User id : 2|Name : SUPER  ADMINISTRATEUR |Module : [use_object]|Function : [Msg - update]| [OK_112] object_trace - '7' a été modifié.
2022-09-12 17:15:49|[INFO]|Session : [9009b7c6uam8jujbhtb97pqcr3]|User id : 2|Name : SUPER  ADMINISTRATEUR |Module : [use_object]|Function : [Msg - update]| [OK_112] object_trace - '69' a été modifié.
2022-09-12 17:15:50|[INFO]|Session : [9009b7c6uam8jujbhtb97pqcr3]|User id : 2|Name : SUPER  ADMINISTRATEUR |Module : [use_object]|Function : [Msg - update]| [OK_112] object_trace - '7' a été modifié.
2022-09-12 17:15:54|[INFO]|Session : [9009b7c6uam8jujbhtb97pqcr3]|User id : 2|Name : SUPER  ADMINISTRATEUR |Module : [use_object]|Function : [Msg - update]| [OK_112] object_trace - '7' a été modifié.
2022-09-12 17:15:58|[INFO]|Session : [9009b7c6uam8jujbhtb97pqcr3]|User id : 2|Name : SUPER  ADMINISTRATEUR |Module : [use_object]|Function : [Msg - update]| [OK_112] object_trace - '69' a été modifié.
2022-09-12 17:16:03|[INFO]|Session : [9009b7c6uam8jujbhtb97pqcr3]|User id : 2|Name : SUPER  ADMINISTRATEUR |Module : [use_object]|Function : [Msg - update]| [OK_112] object_trace - '7' a été modifié.
2022-09-12 17:16:04|[INFO]|Session : [9009b7c6uam8jujbhtb97pqcr3]|User id : 2|Name : SUPER  ADMINISTRATEUR |Module : [use_object]|Function : [Msg - update]| [OK_112] object_trace - '69' a été modifié.
2022-09-12 17:16:07|[INFO]|Session : [9009b7c6uam8jujbhtb97pqcr3]|User id : 2|Name : SUPER  ADMINISTRATEUR |Module : [use_object]|Function : [Msg - update]| [OK_112] object_trace - '69' a été modifié.
2022-09-12 17:16:08|[INFO]|Session : [9009b7c6uam8jujbhtb97pqcr3]|User id : 2|Name : SUPER  ADMINISTRATEUR |Module : [use_object]|Function : [Msg - update]| [OK_112] object_trace - '7' a été modifié.
2022-09-12 17:16:13|[INFO]|Session : [9009b7c6uam8jujbhtb97pqcr3]|User id : 2|Name : SUPER  ADMINISTRATEUR |Module : [use_object]|Function : [Msg - update]| [OK_112] object_trace - '69' a été modifié.
2022-09-12 17:16:13|[INFO]|Session : [9009b7c6uam8jujbhtb97pqcr3]|User id : 2|Name : SUPER  ADMINISTRATEUR |Module : [use_object]|Function : [Msg - update]| [OK_112] object_trace - '7' a été modifié.
2022-09-12 17:16:17|[INFO]|Session : [9009b7c6uam8jujbhtb97pqcr3]|User id : 2|Name : SUPER  ADMINISTRATEUR |Module : [use_object]|Function : [Msg - update]| [OK_112] object_trace - '69' a été modifié.
2022-09-12 17:16:17|[INFO]|Session : [9009b7c6uam8jujbhtb97pqcr3]|User id : 2|Name : SUPER  ADMINISTRATEUR |Module : [use_object]|Function : [Msg - update]| [OK_112] object_trace - '7' a été modifié.
2022-09-12 17:16:19|[INFO]|Session : [9009b7c6uam8jujbhtb97pqcr3]|User id : 2|Name : SUPER  ADMINISTRATEUR |Module : [use_object]|Function : [Msg - update]| [OK_112] object_trace - '69' a été modifié.
2022-09-12 17:16:19|[INFO]|Session : [9009b7c6uam8jujbhtb97pqcr3]|User id : 2|Name : SUPER  ADMINISTRATEUR |Module : [use_object]|Function : [Msg - update]| [OK_112] object_trace - '7' a été modifié.
2022-09-12 17:16:28|[INFO]|Session : [9009b7c6uam8jujbhtb97pqcr3]|User id : 2|Name : SUPER  ADMINISTRATEUR |Module : [use_object]|Function : [Msg - update]| [OK_112] object_trace - '69' a été modifié.
2022-09-12 17:16:29|[INFO]|Session : [9009b7c6uam8jujbhtb97pqcr3]|User id : 2|Name : SUPER  ADMINISTRATEUR |Module : [use_object]|Function : [Msg - update]| [OK_112] object_trace - '7' a été modifié.
2022-09-12 17:16:32|[INFO]|Session : [9009b7c6uam8jujbhtb97pqcr3]|User id : 2|Name : SUPER  ADMINISTRATEUR |Module : [use_object]|Function : [Msg - update]| [OK_112] object_trace - '7' a été modifié.
2022-09-12 17:16:35|[INFO]|Session : [9009b7c6uam8jujbhtb97pqcr3]|User id : 2|Name : SUPER  ADMINISTRATEUR |Module : [use_object]|Function : [Msg - update]| [OK_112] object_trace - '69' a été modifié.
2022-09-12 17:16:38|[INFO]|Session : [9009b7c6uam8jujbhtb97pqcr3]|User id : 2|Name : SUPER  ADMINISTRATEUR |Module : [use_object]|Function : [Msg - update]| [OK_112] object_trace - '7' a été modifié.
2022-09-12 17:16:53|[INFO]|Session : [9009b7c6uam8jujbhtb97pqcr3]|User id : 2|Name : SUPER  ADMINISTRATEUR |Module : [use_object]|Function : [Msg - update]| [OK_112] object_trace - '7' a été modifié.
2022-09-12 17:16:59|[INFO]|Session : [9009b7c6uam8jujbhtb97pqcr3]|User id : 2|Name : SUPER  ADMINISTRATEUR |Module : [use_object]|Function : [Msg - update]| [OK_112] object_trace - '7' a été modifié.
2022-09-12 17:17:02|[INFO]|Session : [9009b7c6uam8jujbhtb97pqcr3]|User id : 2|Name : SUPER  ADMINISTRATEUR |Module : [use_object]|Function : [Msg - update]| [OK_112] object_trace - '69' a été modifié.
2022-09-12 17:17:05|[INFO]|Session : [9009b7c6uam8jujbhtb97pqcr3]|User id : 2|Name : SUPER  ADMINISTRATEUR |Module : [use_object]|Function : [Msg - update]| [OK_112] object_trace - '7' a été modifié.
2022-09-12 17:17:15|[INFO]|Session : [9009b7c6uam8jujbhtb97pqcr3]|User id : 2|Name : SUPER  ADMINISTRATEUR |Module : [use_object]|Function : [Msg - update]| [OK_112] object_trace - '69' a été modifié.
2022-09-12 17:17:19|[INFO]|Session : [9009b7c6uam8jujbhtb97pqcr3]|User id : 2|Name : SUPER  ADMINISTRATEUR |Module : [use_object]|Function : [Msg - update]| [OK_112] object_trace - '69' a été modifié.
2022-09-12 17:17:19|[INFO]|Session : [9009b7c6uam8jujbhtb97pqcr3]|User id : 2|Name : SUPER  ADMINISTRATEUR |Module : [use_object]|Function : [Msg - update]| [OK_112] object_trace - '7' a été modifié.
2022-09-12 17:17:20|[INFO]|Session : [9009b7c6uam8jujbhtb97pqcr3]|User id : 2|Name : SUPER  ADMINISTRATEUR |Module : [use_object]|Function : [Msg - update]| [OK_112] object_trace - '69' a été modifié.
2022-09-12 17:17:21|[INFO]|Session : [9009b7c6uam8jujbhtb97pqcr3]|User id : 2|Name : SUPER  ADMINISTRATEUR |Module : [use_object]|Function : [Msg - update]| [OK_112] object_trace - '7' a été modifié.
2022-09-12 17:17:36|[INFO]|Session : [9009b7c6uam8jujbhtb97pqcr3]|User id : 2|Name : SUPER  ADMINISTRATEUR |Module : [use_object]|Function : [Msg - update]| [OK_112] object_trace - '69' a été modifié.
2022-09-12 17:17:36|[INFO]|Session : [9009b7c6uam8jujbhtb97pqcr3]|User id : 2|Name : SUPER  ADMINISTRATEUR |Module : [use_object]|Function : [Msg - update]| [OK_112] object_trace - '69' a été modifié.
2022-09-12 17:17:38|[INFO]|Session : [9009b7c6uam8jujbhtb97pqcr3]|User id : 2|Name : SUPER  ADMINISTRATEUR |Module : [use_object]|Function : [Msg - update]| [OK_112] object_trace - '69' a été modifié.
2022-09-12 17:17:38|[INFO]|Session : [9009b7c6uam8jujbhtb97pqcr3]|User id : 2|Name : SUPER  ADMINISTRATEUR |Module : [use_object]|Function : [Msg - update]| [OK_112] object_trace - '7' a été modifié.
2022-09-12 17:17:42|[INFO]|Session : [9009b7c6uam8jujbhtb97pqcr3]|User id : 2|Name : SUPER  ADMINISTRATEUR |Module : [use_object]|Function : [Msg - update]| [OK_112] object_trace - '69' a été modifié.
2022-09-12 17:17:42|[INFO]|Session : [9009b7c6uam8jujbhtb97pqcr3]|User id : 2|Name : SUPER  ADMINISTRATEUR |Module : [use_object]|Function : [Msg - update]| [OK_112] object_trace - '7' a été modifié.
2022-09-12 17:17:49|[INFO]|Session : [9009b7c6uam8jujbhtb97pqcr3]|User id : 2|Name : SUPER  ADMINISTRATEUR |Module : [use_object]|Function : [Msg - update]| [OK_112] object_trace - '69' a été modifié.
2022-09-12 17:17:49|[INFO]|Session : [9009b7c6uam8jujbhtb97pqcr3]|User id : 2|Name : SUPER  ADMINISTRATEUR |Module : [use_object]|Function : [Msg - update]| [OK_112] object_trace - '69' a été modifié.
2022-09-12 17:17:49|[INFO]|Session : [9009b7c6uam8jujbhtb97pqcr3]|User id : 2|Name : SUPER  ADMINISTRATEUR |Module : [use_object]|Function : [Msg - update]| [OK_112] object_trace - '69' a été modifié.
2022-09-12 17:17:50|[INFO]|Session : [9009b7c6uam8jujbhtb97pqcr3]|User id : 2|Name : SUPER  ADMINISTRATEUR |Module : [use_object]|Function : [Msg - update]| [OK_112] object_trace - '69' a été modifié.
2022-09-12 17:17:53|[INFO]|Session : [9009b7c6uam8jujbhtb97pqcr3]|User id : 2|Name : SUPER  ADMINISTRATEUR |Module : [use_object]|Function : [Msg - update]| [OK_112] object_trace - '69' a été modifié.
2022-09-12 17:17:55|[INFO]|Session : [9009b7c6uam8jujbhtb97pqcr3]|User id : 2|Name : SUPER  ADMINISTRATEUR |Module : [use_object]|Function : [Msg - update]| [OK_112] object_trace - '69' a été modifié.
2022-09-12 17:17:56|[INFO]|Session : [9009b7c6uam8jujbhtb97pqcr3]|User id : 2|Name : SUPER  ADMINISTRATEUR |Module : [use_object]|Function : [Msg - update]| [OK_112] object_trace - '7' a été modifié.
2022-09-12 17:17:58|[INFO]|Session : [9009b7c6uam8jujbhtb97pqcr3]|User id : 2|Name : SUPER  ADMINISTRATEUR |Module : [use_object]|Function : [Msg - update]| [OK_112] object_trace - '69' a été modifié.
2022-09-12 17:17:58|[INFO]|Session : [9009b7c6uam8jujbhtb97pqcr3]|User id : 2|Name : SUPER  ADMINISTRATEUR |Module : [use_object]|Function : [Msg - update]| [OK_112] object_trace - '7' a été modifié.
2022-09-12 19:27:14|[INFO]|Session : [069e2ne2nvil07fd9dt63mr6kr]|User id : 2|Name : SUPER  ADMINISTRATEUR |Module : [use_object]|Function : [Msg - update]| [OK_112] object_trace - '7' a été modifié.
2022-09-12 19:28:10|[INFO]|Session : [069e2ne2nvil07fd9dt63mr6kr]|User id : 2|Name : SUPER  ADMINISTRATEUR |Module : [use_object]|Function : [Msg - update]| [OK_112] object_trace - '70' a été modifié.
2022-09-12 19:28:18|[INFO]|Session : [069e2ne2nvil07fd9dt63mr6kr]|User id : 2|Name : SUPER  ADMINISTRATEUR |Module : [use_object]|Function : [Msg - update]| [OK_112] object_trace - '70' a été modifié.
2022-09-12 19:28:19|[INFO]|Session : [069e2ne2nvil07fd9dt63mr6kr]|User id : 2|Name : SUPER  ADMINISTRATEUR |Module : [use_object]|Function : [Msg - update]| [OK_112] object_trace - '7' a été modifié.
2022-09-12 19:28:29|[INFO]|Session : [069e2ne2nvil07fd9dt63mr6kr]|User id : 2|Name : SUPER  ADMINISTRATEUR |Module : [use_object]|Function : [Msg - update]| [OK_112] object_trace - '70' a été modifié.
2022-09-12 19:28:30|[INFO]|Session : [069e2ne2nvil07fd9dt63mr6kr]|User id : 2|Name : SUPER  ADMINISTRATEUR |Module : [use_object]|Function : [Msg - update]| [OK_112] object_trace - '7' a été modifié.
2022-09-12 19:32:57|[INFO]|Session : [069e2ne2nvil07fd9dt63mr6kr]|User id : 2|Name : SUPER  ADMINISTRATEUR |Module : [use_object]|Function : [Msg - update]| [OK_112] object_trace - '7' a été modifié.
2022-09-12 19:33:01|[INFO]|Session : [069e2ne2nvil07fd9dt63mr6kr]|User id : 2|Name : SUPER  ADMINISTRATEUR |Module : [use_object]|Function : [Msg - update]| [OK_112] object_trace - '70' a été modifié.
2022-09-12 19:33:05|[INFO]|Session : [069e2ne2nvil07fd9dt63mr6kr]|User id : 2|Name : SUPER  ADMINISTRATEUR |Module : [use_object]|Function : [Msg - update]| [OK_112] object_trace - '70' a été modifié.
2022-09-12 19:33:19|[INFO]|Session : [069e2ne2nvil07fd9dt63mr6kr]|User id : 2|Name : SUPER  ADMINISTRATEUR |Module : [use_object]|Function : [Msg - update]| [OK_112] object_trace - '70' a été modifié.
2022-09-12 19:33:20|[INFO]|Session : [069e2ne2nvil07fd9dt63mr6kr]|User id : 2|Name : SUPER  ADMINISTRATEUR |Module : [use_object]|Function : [Msg - update]| [OK_112] object_trace - '7' a été modifié.
2022-09-12 19:33:24|[INFO]|Session : [069e2ne2nvil07fd9dt63mr6kr]|User id : 2|Name : SUPER  ADMINISTRATEUR |Module : [use_object]|Function : [Msg - update]| [OK_112] object_trace - '70' a été modifié.
2022-09-12 19:33:24|[INFO]|Session : [069e2ne2nvil07fd9dt63mr6kr]|User id : 2|Name : SUPER  ADMINISTRATEUR |Module : [use_object]|Function : [Msg - update]| [OK_112] object_trace - '7' a été modifié.
2022-09-12 19:38:21|[INFO]|Session : [069e2ne2nvil07fd9dt63mr6kr]|User id : 2|Name : SUPER  ADMINISTRATEUR |Module : [use_object]|Function : [Msg - update]| [OK_112] object_trace - '70' a été modifié.
2022-09-12 19:38:31|[INFO]|Session : [069e2ne2nvil07fd9dt63mr6kr]|User id : 2|Name : SUPER  ADMINISTRATEUR |Module : [use_object]|Function : [Msg - update]| [OK_112] object_trace - '70' a été modifié.
2022-09-12 19:38:37|[INFO]|Session : [069e2ne2nvil07fd9dt63mr6kr]|User id : 2|Name : SUPER  ADMINISTRATEUR |Module : [use_object]|Function : [Msg - update]| [OK_112] object_trace - '70' a été modifié.
2022-09-12 19:38:37|[INFO]|Session : [069e2ne2nvil07fd9dt63mr6kr]|User id : 2|Name : SUPER  ADMINISTRATEUR |Module : [use_object]|Function : [Msg - update]| [OK_112] object_trace - '70' a été modifié.
2022-09-12 19:38:41|[INFO]|Session : [069e2ne2nvil07fd9dt63mr6kr]|User id : 2|Name : SUPER  ADMINISTRATEUR |Module : [use_object]|Function : [Msg - update]| [OK_112] object_trace - '70' a été modifié.
2022-09-12 19:38:42|[INFO]|Session : [069e2ne2nvil07fd9dt63mr6kr]|User id : 2|Name : SUPER  ADMINISTRATEUR |Module : [use_object]|Function : [Msg - update]| [OK_112] object_trace - '70' a été modifié.
2022-09-12 19:38:42|[INFO]|Session : [069e2ne2nvil07fd9dt63mr6kr]|User id : 2|Name : SUPER  ADMINISTRATEUR |Module : [use_object]|Function : [Msg - update]| [OK_112] object_trace - '70' a été modifié.
2022-09-12 19:38:43|[INFO]|Session : [069e2ne2nvil07fd9dt63mr6kr]|User id : 2|Name : SUPER  ADMINISTRATEUR |Module : [use_object]|Function : [Msg - update]| [OK_112] object_trace - '70' a été modifié.
2022-09-12 19:38:48|[INFO]|Session : [069e2ne2nvil07fd9dt63mr6kr]|User id : 2|Name : SUPER  ADMINISTRATEUR |Module : [use_object]|Function : [Msg - update]| [OK_112] object_trace - '70' a été modifié.
2022-09-12 19:38:48|[INFO]|Session : [069e2ne2nvil07fd9dt63mr6kr]|User id : 2|Name : SUPER  ADMINISTRATEUR |Module : [use_object]|Function : [Msg - update]| [OK_112] object_trace - '70' a été modifié.
2022-09-12 19:38:48|[INFO]|Session : [069e2ne2nvil07fd9dt63mr6kr]|User id : 2|Name : SUPER  ADMINISTRATEUR |Module : [use_object]|Function : [Msg - update]| [OK_112] object_trace - '70' a été modifié.
2022-09-12 19:38:51|[INFO]|Session : [069e2ne2nvil07fd9dt63mr6kr]|User id : 2|Name : SUPER  ADMINISTRATEUR |Module : [use_object]|Function : [Msg - update]| [OK_112] object_trace - '70' a été modifié.
2022-09-12 19:38:51|[INFO]|Session : [069e2ne2nvil07fd9dt63mr6kr]|User id : 2|Name : SUPER  ADMINISTRATEUR |Module : [use_object]|Function : [Msg - update]| [OK_112] object_trace - '70' a été modifié.
2022-09-12 19:38:53|[INFO]|Session : [069e2ne2nvil07fd9dt63mr6kr]|User id : 2|Name : SUPER  ADMINISTRATEUR |Module : [use_object]|Function : [Msg - update]| [OK_112] object_trace - '70' a été modifié.
2022-09-12 19:38:53|[INFO]|Session : [069e2ne2nvil07fd9dt63mr6kr]|User id : 2|Name : SUPER  ADMINISTRATEUR |Module : [use_object]|Function : [Msg - update]| [OK_112] object_trace - '70' a été modifié.
2022-09-12 19:39:56|[INFO]|Session : [069e2ne2nvil07fd9dt63mr6kr]|User id : 2|Name : SUPER  ADMINISTRATEUR |Module : [use_object]|Function : [Msg - update]| [OK_112] object_trace - '70' a été modifié.
2022-09-12 19:39:56|[INFO]|Session : [069e2ne2nvil07fd9dt63mr6kr]|User id : 2|Name : SUPER  ADMINISTRATEUR |Module : [use_object]|Function : [Msg - update]| [OK_112] object_trace - '70' a été modifié.
2022-09-12 19:39:58|[INFO]|Session : [069e2ne2nvil07fd9dt63mr6kr]|User id : 2|Name : SUPER  ADMINISTRATEUR |Module : [use_object]|Function : [Msg - update]| [OK_112] object_trace - '70' a été modifié.
2022-09-12 19:39:58|[INFO]|Session : [069e2ne2nvil07fd9dt63mr6kr]|User id : 2|Name : SUPER  ADMINISTRATEUR |Module : [use_object]|Function : [Msg - update]| [OK_112] object_trace - '70' a été modifié.
2022-09-12 19:40:01|[INFO]|Session : [069e2ne2nvil07fd9dt63mr6kr]|User id : 2|Name : SUPER  ADMINISTRATEUR |Module : [use_object]|Function : [Msg - update]| [OK_112] object_trace - '70' a été modifié.
2022-09-12 19:40:04|[INFO]|Session : [069e2ne2nvil07fd9dt63mr6kr]|User id : 2|Name : SUPER  ADMINISTRATEUR |Module : [use_object]|Function : [Msg - update]| [OK_112] object_trace - '70' a été modifié.
2022-09-12 19:40:11|[INFO]|Session : [069e2ne2nvil07fd9dt63mr6kr]|User id : 2|Name : SUPER  ADMINISTRATEUR |Module : [use_object]|Function : [Msg - update]| [OK_112] object_trace - '70' a été modifié.
2022-09-12 19:40:11|[INFO]|Session : [069e2ne2nvil07fd9dt63mr6kr]|User id : 2|Name : SUPER  ADMINISTRATEUR |Module : [use_object]|Function : [Msg - update]| [OK_112] object_trace - '70' a été modifié.
2022-09-12 19:40:16|[INFO]|Session : [069e2ne2nvil07fd9dt63mr6kr]|User id : 2|Name : SUPER  ADMINISTRATEUR |Module : [use_object]|Function : [Msg - update]| [OK_112] object_trace - '70' a été modifié.
2022-09-12 19:40:16|[INFO]|Session : [069e2ne2nvil07fd9dt63mr6kr]|User id : 2|Name : SUPER  ADMINISTRATEUR |Module : [use_object]|Function : [Msg - update]| [OK_112] object_trace - '70' a été modifié.
2022-09-12 19:40:19|[INFO]|Session : [069e2ne2nvil07fd9dt63mr6kr]|User id : 2|Name : SUPER  ADMINISTRATEUR |Module : [use_object]|Function : [Msg - update]| [OK_112] object_trace - '70' a été modifié.
2022-09-12 19:40:22|[INFO]|Session : [069e2ne2nvil07fd9dt63mr6kr]|User id : 2|Name : SUPER  ADMINISTRATEUR |Module : [use_object]|Function : [Msg - update]| [OK_112] object_trace - '70' a été modifié.
2022-09-12 19:40:26|[INFO]|Session : [069e2ne2nvil07fd9dt63mr6kr]|User id : 2|Name : SUPER  ADMINISTRATEUR |Module : [use_object]|Function : [Msg - update]| [OK_112] object_trace - '70' a été modifié.
2022-09-12 19:40:26|[INFO]|Session : [069e2ne2nvil07fd9dt63mr6kr]|User id : 2|Name : SUPER  ADMINISTRATEUR |Module : [use_object]|Function : [Msg - update]| [OK_112] object_trace - '70' a été modifié.
2022-09-12 19:40:28|[INFO]|Session : [069e2ne2nvil07fd9dt63mr6kr]|User id : 2|Name : SUPER  ADMINISTRATEUR |Module : [use_object]|Function : [Msg - update]| [OK_112] object_trace - '70' a été modifié.
2022-09-12 19:40:28|[INFO]|Session : [069e2ne2nvil07fd9dt63mr6kr]|User id : 2|Name : SUPER  ADMINISTRATEUR |Module : [use_object]|Function : [Msg - update]| [OK_112] object_trace - '70' a été modifié.
2022-09-12 19:42:19|[INFO]|Session : [069e2ne2nvil07fd9dt63mr6kr]|User id : 2|Name : SUPER  ADMINISTRATEUR |Module : [use_object]|Function : [Msg - update]| [OK_112] object_trace - '70' a été modifié.
2022-09-12 19:42:19|[INFO]|Session : [069e2ne2nvil07fd9dt63mr6kr]|User id : 2|Name : SUPER  ADMINISTRATEUR |Module : [use_object]|Function : [Msg - update]| [OK_112] object_trace - '70' a été modifié.
2022-09-12 19:42:21|[INFO]|Session : [069e2ne2nvil07fd9dt63mr6kr]|User id : 2|Name : SUPER  ADMINISTRATEUR |Module : [use_object]|Function : [Msg - update]| [OK_112] object_trace - '70' a été modifié.
2022-09-12 19:42:22|[INFO]|Session : [069e2ne2nvil07fd9dt63mr6kr]|User id : 2|Name : SUPER  ADMINISTRATEUR |Module : [use_object]|Function : [Msg - update]| [OK_112] object_trace - '70' a été modifié.
2022-09-12 19:42:22|[INFO]|Session : [069e2ne2nvil07fd9dt63mr6kr]|User id : 2|Name : SUPER  ADMINISTRATEUR |Module : [use_object]|Function : [Msg - update]| [OK_112] object_trace - '70' a été modifié.
2022-09-12 19:42:22|[INFO]|Session : [069e2ne2nvil07fd9dt63mr6kr]|User id : 2|Name : SUPER  ADMINISTRATEUR |Module : [use_object]|Function : [Msg - update]| [OK_112] object_trace - '70' a été modifié.
2022-09-12 19:42:24|[INFO]|Session : [069e2ne2nvil07fd9dt63mr6kr]|User id : 2|Name : SUPER  ADMINISTRATEUR |Module : [use_object]|Function : [Msg - update]| [OK_112] object_trace - '70' a été modifié.
2022-09-12 19:42:24|[INFO]|Session : [069e2ne2nvil07fd9dt63mr6kr]|User id : 2|Name : SUPER  ADMINISTRATEUR |Module : [use_object]|Function : [Msg - update]| [OK_112] object_trace - '70' a été modifié.
2022-09-12 19:42:26|[INFO]|Session : [069e2ne2nvil07fd9dt63mr6kr]|User id : 2|Name : SUPER  ADMINISTRATEUR |Module : [use_object]|Function : [Msg - update]| [OK_112] object_trace - '70' a été modifié.
2022-09-12 19:42:26|[INFO]|Session : [069e2ne2nvil07fd9dt63mr6kr]|User id : 2|Name : SUPER  ADMINISTRATEUR |Module : [use_object]|Function : [Msg - update]| [OK_112] object_trace - '70' a été modifié.
2022-09-12 19:42:27|[INFO]|Session : [069e2ne2nvil07fd9dt63mr6kr]|User id : 2|Name : SUPER  ADMINISTRATEUR |Module : [use_object]|Function : [Msg - update]| [OK_112] object_trace - '70' a été modifié.
2022-09-12 19:42:27|[INFO]|Session : [069e2ne2nvil07fd9dt63mr6kr]|User id : 2|Name : SUPER  ADMINISTRATEUR |Module : [use_object]|Function : [Msg - update]| [OK_112] object_trace - '70' a été modifié.
2022-09-12 19:42:28|[INFO]|Session : [069e2ne2nvil07fd9dt63mr6kr]|User id : 2|Name : SUPER  ADMINISTRATEUR |Module : [use_object]|Function : [Msg - update]| [OK_112] object_trace - '70' a été modifié.
2022-09-12 19:42:28|[INFO]|Session : [069e2ne2nvil07fd9dt63mr6kr]|User id : 2|Name : SUPER  ADMINISTRATEUR |Module : [use_object]|Function : [Msg - update]| [OK_112] object_trace - '70' a été modifié.
2022-09-12 19:42:29|[INFO]|Session : [069e2ne2nvil07fd9dt63mr6kr]|User id : 2|Name : SUPER  ADMINISTRATEUR |Module : [use_object]|Function : [Msg - update]| [OK_112] object_trace - '70' a été modifié.
2022-09-12 19:42:29|[INFO]|Session : [069e2ne2nvil07fd9dt63mr6kr]|User id : 2|Name : SUPER  ADMINISTRATEUR |Module : [use_object]|Function : [Msg - update]| [OK_112] object_trace - '70' a été modifié.
2022-09-12 19:42:30|[INFO]|Session : [069e2ne2nvil07fd9dt63mr6kr]|User id : 2|Name : SUPER  ADMINISTRATEUR |Module : [use_object]|Function : [Msg - update]| [OK_112] object_trace - '70' a été modifié.
2022-09-12 19:42:30|[INFO]|Session : [069e2ne2nvil07fd9dt63mr6kr]|User id : 2|Name : SUPER  ADMINISTRATEUR |Module : [use_object]|Function : [Msg - update]| [OK_112] object_trace - '70' a été modifié.
2022-09-12 19:42:30|[INFO]|Session : [069e2ne2nvil07fd9dt63mr6kr]|User id : 2|Name : SUPER  ADMINISTRATEUR |Module : [use_object]|Function : [Msg - update]| [OK_112] object_trace - '70' a été modifié.
2022-09-12 19:42:31|[INFO]|Session : [069e2ne2nvil07fd9dt63mr6kr]|User id : 2|Name : SUPER  ADMINISTRATEUR |Module : [use_object]|Function : [Msg - update]| [OK_112] object_trace - '70' a été modifié.
2022-09-12 19:42:31|[INFO]|Session : [069e2ne2nvil07fd9dt63mr6kr]|User id : 2|Name : SUPER  ADMINISTRATEUR |Module : [use_object]|Function : [Msg - update]| [OK_112] object_trace - '70' a été modifié.
2022-09-12 19:42:31|[INFO]|Session : [069e2ne2nvil07fd9dt63mr6kr]|User id : 2|Name : SUPER  ADMINISTRATEUR |Module : [use_object]|Function : [Msg - update]| [OK_112] object_trace - '70' a été modifié.
2022-09-12 19:42:33|[INFO]|Session : [069e2ne2nvil07fd9dt63mr6kr]|User id : 2|Name : SUPER  ADMINISTRATEUR |Module : [use_object]|Function : [Msg - update]| [OK_112] object_trace - '70' a été modifié.
2022-09-12 19:42:33|[INFO]|Session : [069e2ne2nvil07fd9dt63mr6kr]|User id : 2|Name : SUPER  ADMINISTRATEUR |Module : [use_object]|Function : [Msg - update]| [OK_112] object_trace - '70' a été modifié.
2022-09-12 19:42:33|[INFO]|Session : [069e2ne2nvil07fd9dt63mr6kr]|User id : 2|Name : SUPER  ADMINISTRATEUR |Module : [use_object]|Function : [Msg - update]| [OK_112] object_trace - '70' a été modifié.
2022-09-12 19:42:34|[INFO]|Session : [069e2ne2nvil07fd9dt63mr6kr]|User id : 2|Name : SUPER  ADMINISTRATEUR |Module : [use_object]|Function : [Msg - update]| [OK_112] object_trace - '70' a été modifié.
2022-09-12 19:42:36|[INFO]|Session : [069e2ne2nvil07fd9dt63mr6kr]|User id : 2|Name : SUPER  ADMINISTRATEUR |Module : [use_object]|Function : [Msg - update]| [OK_112] object_trace - '70' a été modifié.
2022-09-12 19:42:40|[INFO]|Session : [069e2ne2nvil07fd9dt63mr6kr]|User id : 2|Name : SUPER  ADMINISTRATEUR |Module : [use_object]|Function : [Msg - update]| [OK_112] object_trace - '70' a été modifié.
2022-09-12 19:42:41|[INFO]|Session : [069e2ne2nvil07fd9dt63mr6kr]|User id : 2|Name : SUPER  ADMINISTRATEUR |Module : [use_object]|Function : [Msg - update]| [OK_112] object_trace - '70' a été modifié.
2022-09-12 19:42:44|[INFO]|Session : [069e2ne2nvil07fd9dt63mr6kr]|User id : 2|Name : SUPER  ADMINISTRATEUR |Module : [use_object]|Function : [Msg - update]| [OK_112] object_trace - '70' a été modifié.
2022-09-12 19:44:31|[INFO]|Session : [069e2ne2nvil07fd9dt63mr6kr]|User id : 2|Name : SUPER  ADMINISTRATEUR |Module : [use_object]|Function : [Msg - update]| [OK_112] object_trace - '70' a été modifié.
2022-09-12 19:44:36|[INFO]|Session : [069e2ne2nvil07fd9dt63mr6kr]|User id : 2|Name : SUPER  ADMINISTRATEUR |Module : [use_object]|Function : [Msg - update]| [OK_112] object_trace - '70' a été modifié.
2022-09-12 19:44:38|[INFO]|Session : [069e2ne2nvil07fd9dt63mr6kr]|User id : 2|Name : SUPER  ADMINISTRATEUR |Module : [use_object]|Function : [Msg - update]| [OK_112] object_trace - '70' a été modifié.
2022-09-12 19:44:45|[INFO]|Session : [069e2ne2nvil07fd9dt63mr6kr]|User id : 2|Name : SUPER  ADMINISTRATEUR |Module : [use_object]|Function : [Msg - update]| [OK_112] object_trace - '70' a été modifié.
2022-09-12 19:44:45|[INFO]|Session : [069e2ne2nvil07fd9dt63mr6kr]|User id : 2|Name : SUPER  ADMINISTRATEUR |Module : [use_object]|Function : [Msg - update]| [OK_112] object_trace - '70' a été modifié.
2022-09-12 19:44:51|[INFO]|Session : [069e2ne2nvil07fd9dt63mr6kr]|User id : 2|Name : SUPER  ADMINISTRATEUR |Module : [use_object]|Function : [Msg - update]| [OK_112] object_trace - '70' a été modifié.
2022-09-12 23:53:47|[INFO]|Session : [96cipmrtdcitl51mdopfa69sb4]|User id : 2|Name : SUPER  ADMINISTRATEUR |Module : [use_object]|Function : [Msg - update]| [OK_112] object_trace - '71' a été modifié.
2022-09-12 23:53:50|[INFO]|Session : [96cipmrtdcitl51mdopfa69sb4]|User id : 2|Name : SUPER  ADMINISTRATEUR |Module : [use_object]|Function : [Msg - update]| [OK_112] object_trace - '71' a été modifié.
2022-09-12 23:55:46|[INFO]|Session : [96cipmrtdcitl51mdopfa69sb4]|User id : 2|Name : SUPER  ADMINISTRATEUR |Module : [use_object]|Function : [Msg - update]| [OK_112] object_trace - '71' a été modifié.
2022-09-12 23:55:50|[INFO]|Session : [96cipmrtdcitl51mdopfa69sb4]|User id : 2|Name : SUPER  ADMINISTRATEUR |Module : [use_object]|Function : [Msg - update]| [OK_112] object_trace - '71' a été modifié.
