2022-07-07 08:28:36|[INFO]|Session : [opp63d3cb59eskc20o6fdpgumi]|User id : 2|Name : SUPER  ADMINISTRATEUR |Module : [use_object]|Function : [Msg - update]| [OK_112] object_slide - '2' a été modifié.
2022-07-07 08:28:36|[INFO]|Session : [opp63d3cb59eskc20o6fdpgumi]|User id : 2|Name : SUPER  ADMINISTRATEUR |Module : [use_object]|Function : [Msg - update]| [OK_112] object_question - '2' a été modifié.
2022-07-07 08:28:37|[INFO]|Session : [opp63d3cb59eskc20o6fdpgumi]|User id : 2|Name : SUPER  ADMINISTRATEUR |Module : [use_object]|Function : [Msg - update]| [OK_112] object_node - '58' a été modifié.
2022-07-07 08:29:19|[INFO]|Session : [opp63d3cb59eskc20o6fdpgumi]|User id : 2|Name : SUPER  ADMINISTRATEUR |Module : [use_object]|Function : [Msg - update]| [OK_112] object_slide - '1' a été modifié.
2022-07-07 08:29:19|[INFO]|Session : [opp63d3cb59eskc20o6fdpgumi]|User id : 2|Name : SUPER  ADMINISTRATEUR |Module : [use_object]|Function : [Msg - update]| [OK_112] object_question - '2' a été modifié.
2022-07-07 08:29:19|[INFO]|Session : [opp63d3cb59eskc20o6fdpgumi]|User id : 2|Name : SUPER  ADMINISTRATEUR |Module : [use_object]|Function : [Msg - update]| [OK_112] object_node - '58' a été modifié.
2022-07-07 08:32:47|[INFO]|Session : [34kk4vqejk02jm2ld68lm34v3n]|User id : 1|Name : |Module : [use_object]|Function : [Msg - update]| [OK_112] object_trace - '2' a été modifié.
2022-07-07 08:32:50|[INFO]|Session : [kgh1sbdmlvohhmfbh987g1sdbp]|User id : 1|Name : |Module : [use_object]|Function : [Msg - update]| [OK_112] object_trace_diagram - '3' a été modifié.
2022-07-07 08:32:50|[INFO]|Session : [3euuh8ohqcc0d5o2g94svtkk0c]|User id : 1|Name : |Module : [use_object]|Function : [Msg - update]| [OK_112] object_trace - '2' a été modifié.
2022-07-07 08:32:53|[INFO]|Session : [p37c5lraufnvd3h3aiu87q5psn]|User id : 1|Name : |Module : [use_object]|Function : [Msg - update]| [OK_112] object_trace_diagram - '3' a été modifié.
2022-07-07 08:32:53|[INFO]|Session : [hkbbmdsf3dcq36645lbler2l6e]|User id : 1|Name : |Module : [use_object]|Function : [Msg - update]| [OK_112] object_trace - '2' a été modifié.
2022-07-07 08:32:55|[INFO]|Session : [lk0c29vm20ntns03un24ve4m79]|User id : 1|Name : |Module : [use_object]|Function : [Msg - update]| [OK_112] object_trace_diagram - '3' a été modifié.
2022-07-07 08:32:56|[INFO]|Session : [4cfclhqekt53usa8i78u0un1h0]|User id : 1|Name : |Module : [use_object]|Function : [Msg - update]| [OK_112] object_trace - '2' a été modifié.
2022-07-07 08:32:57|[INFO]|Session : [47ofuatejlopbjpp7maqrne7p3]|User id : 1|Name : |Module : [use_object]|Function : [Msg - update]| [OK_112] object_trace_diagram - '3' a été modifié.
2022-07-07 08:32:58|[INFO]|Session : [u755g6obujqltg0hhdhe173q41]|User id : 1|Name : |Module : [use_object]|Function : [Msg - update]| [OK_112] object_trace - '2' a été modifié.
2022-07-07 08:32:58|[INFO]|Session : [p8hu0dgmjjgls2j3hfb9jakfci]|User id : 1|Name : |Module : [use_object]|Function : [Msg - update]| [OK_112] object_trace_diagram - '3' a été modifié.
2022-07-07 08:32:58|[INFO]|Session : [6n98t9h9sjrvltgooj7imn2kqh]|User id : 1|Name : |Module : [use_object]|Function : [Msg - update]| [OK_112] object_trace - '2' a été modifié.
2022-07-07 08:33:00|[INFO]|Session : [qmm7cq5i814a49dt4mqpjgqahl]|User id : 1|Name : |Module : [use_object]|Function : [Msg - update]| [OK_112] object_trace_diagram - '3' a été modifié.
2022-07-07 08:33:00|[INFO]|Session : [rr9h9v0t477paki5gg77p29otn]|User id : 1|Name : |Module : [use_object]|Function : [Msg - update]| [OK_112] object_trace - '2' a été modifié.
2022-07-07 08:36:26|[INFO]|Session : [389kf3cqbitsomu3l3uttcmj7e]|User id : 1|Name : |Module : [use_object]|Function : [Msg - update]| [OK_112] object_trace_diagram - '3' a été modifié.
2022-07-07 08:36:26|[INFO]|Session : [6u850mhmecepoo0i815ck2aa7a]|User id : 1|Name : |Module : [use_object]|Function : [Msg - update]| [OK_112] object_trace - '2' a été modifié.
2022-07-07 08:36:29|[INFO]|Session : [8k5i13qrfansod3d7f5por206m]|User id : 1|Name : |Module : [use_object]|Function : [Msg - update]| [OK_112] object_trace_diagram - '3' a été modifié.
2022-07-07 08:36:29|[INFO]|Session : [68o04nj3358md75vne9vggr8mk]|User id : 1|Name : |Module : [use_object]|Function : [Msg - update]| [OK_112] object_trace - '2' a été modifié.
2022-07-07 16:29:27|[INFO]|Session : [kt66u3squc5gmmrdmsbupr43i2]|User id : 1|Name : |Module : [use_object]|Function : [Msg - update]| [OK_112] object_trace - '3' a été modifié.
2022-07-07 16:29:38|[INFO]|Session : [8prv4331bko7gv5a45bqnf38il]|User id : 1|Name : |Module : [use_object]|Function : [Msg - update]| [OK_112] object_trace_diagram - '4' a été modifié.
2022-07-07 16:29:39|[INFO]|Session : [o5sojsntcdr9s13aka61ls2s9u]|User id : 1|Name : |Module : [use_object]|Function : [Msg - update]| [OK_112] object_trace - '3' a été modifié.
2022-07-07 16:29:40|[INFO]|Session : [ui10ti8ms47kl5i5tlbfbu90n4]|User id : 1|Name : |Module : [use_object]|Function : [Msg - update]| [OK_112] object_trace_diagram - '4' a été modifié.
2022-07-07 16:29:40|[INFO]|Session : [ebvcf475ji6gfe8t8tisni555k]|User id : 1|Name : |Module : [use_object]|Function : [Msg - update]| [OK_112] object_trace - '3' a été modifié.
2022-07-07 16:29:45|[INFO]|Session : [4pm7i7ao1g41fgusqturc56k8g]|User id : 1|Name : |Module : [use_object]|Function : [Msg - update]| [OK_112] object_trace_diagram - '4' a été modifié.
2022-07-07 16:29:46|[INFO]|Session : [iq55ejmsde2n78m4k5o4tb2h90]|User id : 1|Name : |Module : [use_object]|Function : [Msg - update]| [OK_112] object_trace - '3' a été modifié.
2022-07-07 16:29:46|[INFO]|Session : [s1eb31dj9upecfehe16g7r90rf]|User id : 1|Name : |Module : [use_object]|Function : [Msg - update]| [OK_112] object_trace_diagram - '4' a été modifié.
2022-07-07 16:29:47|[INFO]|Session : [aiieq1uasipa2ivq6nkrh7uoqt]|User id : 1|Name : |Module : [use_object]|Function : [Msg - update]| [OK_112] object_trace - '3' a été modifié.
2022-07-07 16:29:48|[INFO]|Session : [grsh7ae1jo949post4ji8koeoe]|User id : 1|Name : |Module : [use_object]|Function : [Msg - update]| [OK_112] object_trace_diagram - '4' a été modifié.
2022-07-07 16:29:49|[INFO]|Session : [v9sj2oe4rku3vmsbmrksjm6684]|User id : 1|Name : |Module : [use_object]|Function : [Msg - update]| [OK_112] object_trace - '3' a été modifié.
2022-07-07 16:29:50|[INFO]|Session : [halsb27517uf9hg6149mlqmepu]|User id : 1|Name : |Module : [use_object]|Function : [Msg - update]| [OK_112] object_trace_diagram - '4' a été modifié.
2022-07-07 16:29:51|[INFO]|Session : [oqi7ukj6bso3mbj9b753gs0h64]|User id : 1|Name : |Module : [use_object]|Function : [Msg - update]| [OK_112] object_trace - '3' a été modifié.
2022-07-07 16:29:52|[INFO]|Session : [1svnestma3i71u3hngkotuc84o]|User id : 1|Name : |Module : [use_object]|Function : [Msg - update]| [OK_112] object_trace_diagram - '4' a été modifié.
2022-07-07 16:29:53|[INFO]|Session : [nupm9oa2os15f0pun502admc1m]|User id : 1|Name : |Module : [use_object]|Function : [Msg - update]| [OK_112] object_trace - '3' a été modifié.
2022-07-07 16:29:55|[INFO]|Session : [bstgi2bm38rbvpc6qq5mb7fep5]|User id : 1|Name : |Module : [use_object]|Function : [Msg - update]| [OK_112] object_trace_diagram - '4' a été modifié.
2022-07-07 16:29:55|[INFO]|Session : [1gu0n8tagiu00lcdsl55j1jcd2]|User id : 1|Name : |Module : [use_object]|Function : [Msg - update]| [OK_112] object_trace - '3' a été modifié.
2022-07-07 16:29:59|[INFO]|Session : [77k6pfi7sp2u4eava64dlo2348]|User id : 1|Name : |Module : [use_object]|Function : [Msg - update]| [OK_112] object_trace_diagram - '4' a été modifié.
2022-07-07 16:30:00|[INFO]|Session : [sa5d0qa864b00o9v6lllfeddvh]|User id : 1|Name : |Module : [use_object]|Function : [Msg - update]| [OK_112] object_trace - '3' a été modifié.
2022-07-07 16:30:02|[INFO]|Session : [0172cvfef6m64gl267lohlmpp5]|User id : 1|Name : |Module : [use_object]|Function : [Msg - update]| [OK_112] object_trace_diagram - '4' a été modifié.
2022-07-07 16:30:03|[INFO]|Session : [u4jted8phjmosu59ojfnq38avu]|User id : 1|Name : |Module : [use_object]|Function : [Msg - update]| [OK_112] object_trace - '3' a été modifié.
2022-07-07 16:30:04|[INFO]|Session : [kplmvm851rcmpfb19nhd313s02]|User id : 1|Name : |Module : [use_object]|Function : [Msg - update]| [OK_112] object_trace_diagram - '4' a été modifié.
2022-07-07 16:30:05|[INFO]|Session : [sormo27qhk14nhq57h93j1t74s]|User id : 1|Name : |Module : [use_object]|Function : [Msg - update]| [OK_112] object_trace - '3' a été modifié.
2022-07-07 16:30:10|[INFO]|Session : [lobk26q6o3qffmvi067fibs2bl]|User id : 1|Name : |Module : [use_object]|Function : [Msg - update]| [OK_112] object_trace_diagram - '4' a été modifié.
2022-07-07 16:30:11|[INFO]|Session : [i8fmjjqbh43r794ch56j2nsr1t]|User id : 1|Name : |Module : [use_object]|Function : [Msg - update]| [OK_112] object_trace - '3' a été modifié.
2022-07-07 16:30:11|[INFO]|Session : [qmgb24vqm0kq1r06l6au46banu]|User id : 1|Name : |Module : [use_object]|Function : [Msg - update]| [OK_112] object_trace_diagram - '4' a été modifié.
2022-07-07 16:30:12|[INFO]|Session : [6n7fei831aaujcmhhuam8m1kvn]|User id : 1|Name : |Module : [use_object]|Function : [Msg - update]| [OK_112] object_trace - '3' a été modifié.
2022-07-07 16:30:15|[INFO]|Session : [dh3pd08ol2eqvomg5viv2ab76p]|User id : 1|Name : |Module : [use_object]|Function : [Msg - update]| [OK_112] object_trace_diagram - '4' a été modifié.
2022-07-07 16:30:17|[INFO]|Session : [pppg81odl4388mopeig10p7frl]|User id : 1|Name : |Module : [use_object]|Function : [Msg - update]| [OK_112] object_trace - '3' a été modifié.
2022-07-07 16:30:19|[INFO]|Session : [tk9p451cpgtd742gc60sfbkev6]|User id : 1|Name : |Module : [use_object]|Function : [Msg - update]| [OK_112] object_trace_diagram - '4' a été modifié.
2022-07-07 16:30:20|[INFO]|Session : [3hqvrqko5telprqfh7m7lb1846]|User id : 1|Name : |Module : [use_object]|Function : [Msg - update]| [OK_112] object_trace - '3' a été modifié.
2022-07-07 16:30:21|[INFO]|Session : [ef8830ml8p4o6sjt1knd0bh5aq]|User id : 1|Name : |Module : [use_object]|Function : [Msg - update]| [OK_112] object_trace_diagram - '4' a été modifié.
2022-07-07 16:30:21|[INFO]|Session : [k4v1live15ogi4i475oid73nu7]|User id : 1|Name : |Module : [use_object]|Function : [Msg - update]| [OK_112] object_trace - '3' a été modifié.
2022-07-07 16:30:23|[INFO]|Session : [0f1utdg95c5q0n2uvm8m0asj48]|User id : 1|Name : |Module : [use_object]|Function : [Msg - update]| [OK_112] object_trace_diagram - '4' a été modifié.
2022-07-07 16:30:23|[INFO]|Session : [dk1gmeggcuju1uocf6ae5j425t]|User id : 1|Name : |Module : [use_object]|Function : [Msg - update]| [OK_112] object_trace - '3' a été modifié.
2022-07-07 16:30:26|[INFO]|Session : [b4javj3rqcar6rfuetgs2tubak]|User id : 1|Name : |Module : [use_object]|Function : [Msg - update]| [OK_112] object_trace_diagram - '4' a été modifié.
2022-07-07 16:30:26|[INFO]|Session : [vkf31mm2j7ths1b7vs8a74dtc8]|User id : 1|Name : |Module : [use_object]|Function : [Msg - update]| [OK_112] object_trace - '3' a été modifié.
2022-07-07 16:30:27|[INFO]|Session : [h7m11un2llrob3matk765oqr4n]|User id : 1|Name : |Module : [use_object]|Function : [Msg - update]| [OK_112] object_trace_diagram - '4' a été modifié.
2022-07-07 16:30:27|[INFO]|Session : [4rr4tngu879gsqrf7nq50l2lub]|User id : 1|Name : |Module : [use_object]|Function : [Msg - update]| [OK_112] object_trace - '3' a été modifié.
2022-07-07 16:30:29|[INFO]|Session : [setri78h38n152aijb3vnka6g4]|User id : 1|Name : |Module : [use_object]|Function : [Msg - update]| [OK_112] object_trace_diagram - '4' a été modifié.
2022-07-07 16:30:30|[INFO]|Session : [79ipfgctqjekdrptg5g9dklh5k]|User id : 1|Name : |Module : [use_object]|Function : [Msg - update]| [OK_112] object_trace - '3' a été modifié.
2022-07-07 16:30:30|[INFO]|Session : [7m263jd1qchuqpi2nf4mtl00hj]|User id : 1|Name : |Module : [use_object]|Function : [Msg - update]| [OK_112] object_trace_diagram - '4' a été modifié.
2022-07-07 16:30:31|[INFO]|Session : [gvkqgu7rg113r4veevm30qtqsi]|User id : 1|Name : |Module : [use_object]|Function : [Msg - update]| [OK_112] object_trace - '3' a été modifié.
2022-07-07 16:30:32|[INFO]|Session : [t7c30hpstsif1a5eot4777hi3i]|User id : 1|Name : |Module : [use_object]|Function : [Msg - update]| [OK_112] object_trace_diagram - '4' a été modifié.
2022-07-07 16:30:33|[INFO]|Session : [uicommsdfkk246sjahlkhpm0ku]|User id : 1|Name : |Module : [use_object]|Function : [Msg - update]| [OK_112] object_trace - '3' a été modifié.
2022-07-07 16:30:33|[INFO]|Session : [dr93b5vq5hasaopo97398jfepp]|User id : 1|Name : |Module : [use_object]|Function : [Msg - update]| [OK_112] object_trace_diagram - '4' a été modifié.
2022-07-07 16:30:34|[INFO]|Session : [nv24uhqgh3ducvi1rva9p8dtd0]|User id : 1|Name : |Module : [use_object]|Function : [Msg - update]| [OK_112] object_trace - '3' a été modifié.
2022-07-07 16:30:36|[INFO]|Session : [s186l0mrag1u5u557g4i25ptlr]|User id : 1|Name : |Module : [use_object]|Function : [Msg - update]| [OK_112] object_trace_diagram - '4' a été modifié.
2022-07-07 16:30:36|[INFO]|Session : [6rhecj6071f5voo8tttangnoif]|User id : 1|Name : |Module : [use_object]|Function : [Msg - update]| [OK_112] object_trace - '3' a été modifié.
2022-07-07 16:30:40|[INFO]|Session : [fqrj2od7eteep7k22p9ali4q1k]|User id : 1|Name : |Module : [use_object]|Function : [Msg - update]| [OK_112] object_trace_diagram - '4' a été modifié.
2022-07-07 16:30:40|[INFO]|Session : [tqf2abdam627ip64v767uaelk8]|User id : 1|Name : |Module : [use_object]|Function : [Msg - update]| [OK_112] object_trace - '3' a été modifié.
2022-07-07 16:30:43|[INFO]|Session : [3ltko9flu4qrqoq5u8o74fkhil]|User id : 1|Name : |Module : [use_object]|Function : [Msg - update]| [OK_112] object_trace_diagram - '4' a été modifié.
2022-07-07 16:30:44|[INFO]|Session : [ffe8q55s49rg0eeoocshora942]|User id : 1|Name : |Module : [use_object]|Function : [Msg - update]| [OK_112] object_trace - '3' a été modifié.
2022-07-07 16:30:45|[INFO]|Session : [vd93e86p5duh5k6o6mpsk62h27]|User id : 1|Name : |Module : [use_object]|Function : [Msg - update]| [OK_112] object_trace_diagram - '4' a été modifié.
2022-07-07 16:30:46|[INFO]|Session : [eh41pu0k0bdu23apv0jgq3u1ip]|User id : 1|Name : |Module : [use_object]|Function : [Msg - update]| [OK_112] object_trace - '3' a été modifié.
2022-07-07 16:30:51|[INFO]|Session : [uu4jqqn325d7olh0b7j9qpummt]|User id : 1|Name : |Module : [use_object]|Function : [Msg - update]| [OK_112] object_trace_diagram - '4' a été modifié.
2022-07-07 16:30:52|[INFO]|Session : [u2ss5cv9f5mmkt331vpkudqjl3]|User id : 1|Name : |Module : [use_object]|Function : [Msg - update]| [OK_112] object_trace - '3' a été modifié.
2022-07-07 16:30:53|[INFO]|Session : [bj4167m15p76usf9snsam03kqg]|User id : 1|Name : |Module : [use_object]|Function : [Msg - update]| [OK_112] object_trace_diagram - '4' a été modifié.
2022-07-07 16:30:54|[INFO]|Session : [fgd4mh7eru6ob2b0eqr0mib2id]|User id : 1|Name : |Module : [use_object]|Function : [Msg - update]| [OK_112] object_trace - '3' a été modifié.
2022-07-07 16:31:43|[INFO]|Session : [5f5nbgs0uv18v340qmaeo9mf6g]|User id : 1|Name : |Module : [use_object]|Function : [Msg - update]| [OK_112] object_trace_diagram - '4' a été modifié.
2022-07-07 16:31:43|[INFO]|Session : [1171ckcsqaovom0ta11vdbq20g]|User id : 1|Name : |Module : [use_object]|Function : [Msg - update]| [OK_112] object_trace - '3' a été modifié.
2022-07-07 16:32:12|[INFO]|Session : [bife6lt5t2rlqlmt2b6gseumn5]|User id : 1|Name : |Module : [use_object]|Function : [Msg - update]| [OK_112] object_trace_diagram - '4' a été modifié.
2022-07-07 16:32:12|[INFO]|Session : [c1te322q12dmhrdornqkavra7c]|User id : 1|Name : |Module : [use_object]|Function : [Msg - update]| [OK_112] object_trace - '3' a été modifié.
2022-07-07 16:43:54|[INFO]|Session : [4vncknh7s7irftjuvethggec7c]|User id : 1|Name : |Module : [use_object]|Function : [Msg - update]| [OK_112] object_trace - '3' a été modifié.
2022-07-07 16:44:00|[INFO]|Session : [i2th9npterunn602r1mukrlvgr]|User id : 1|Name : |Module : [use_object]|Function : [Msg - update]| [OK_112] object_trace_diagram - '4' a été modifié.
2022-07-07 16:44:01|[INFO]|Session : [n6bm8hu1itcfgfcm4vchrv9r62]|User id : 1|Name : |Module : [use_object]|Function : [Msg - update]| [OK_112] object_trace - '3' a été modifié.
2022-07-07 16:44:06|[INFO]|Session : [umaq2r26hag640977glapt2u7n]|User id : 1|Name : |Module : [use_object]|Function : [Msg - update]| [OK_112] object_trace_diagram - '4' a été modifié.
2022-07-07 16:44:07|[INFO]|Session : [homubecj9diuu95qt8cmjgr6ij]|User id : 1|Name : |Module : [use_object]|Function : [Msg - update]| [OK_112] object_trace - '3' a été modifié.
2022-07-07 16:44:10|[INFO]|Session : [1o5trn45hp9cllfpfvkod318lq]|User id : 1|Name : |Module : [use_object]|Function : [Msg - update]| [OK_112] object_trace_diagram - '4' a été modifié.
2022-07-07 16:44:10|[INFO]|Session : [37287tj1nokk53jdmnlel61v25]|User id : 1|Name : |Module : [use_object]|Function : [Msg - update]| [OK_112] object_trace - '3' a été modifié.
2022-07-07 16:44:12|[INFO]|Session : [3sqet6c4sfmuh0f756osonb1n0]|User id : 1|Name : |Module : [use_object]|Function : [Msg - update]| [OK_112] object_trace_diagram - '4' a été modifié.
2022-07-07 16:44:13|[INFO]|Session : [pphnul4c5nro185l3n9l35u2vm]|User id : 1|Name : |Module : [use_object]|Function : [Msg - update]| [OK_112] object_trace - '3' a été modifié.
2022-07-07 16:44:17|[INFO]|Session : [pbl0o8lt89ulmndaumais3afbm]|User id : 1|Name : |Module : [use_object]|Function : [Msg - update]| [OK_112] object_trace_diagram - '4' a été modifié.
2022-07-07 16:44:17|[INFO]|Session : [sroaepmcssada1djn9imnuq5rl]|User id : 1|Name : |Module : [use_object]|Function : [Msg - update]| [OK_112] object_trace - '3' a été modifié.
2022-07-07 16:44:20|[INFO]|Session : [gqgm7gucb7n6q1qsn3jjd06upo]|User id : 1|Name : |Module : [use_object]|Function : [Msg - update]| [OK_112] object_trace_diagram - '4' a été modifié.
2022-07-07 16:44:21|[INFO]|Session : [m5f1lrerd04ld97q8v78jmmgj5]|User id : 1|Name : |Module : [use_object]|Function : [Msg - update]| [OK_112] object_trace - '3' a été modifié.
2022-07-07 16:44:26|[INFO]|Session : [bvgp0l5867ljjfto68i0bjnrd6]|User id : 1|Name : |Module : [use_object]|Function : [Msg - update]| [OK_112] object_trace_diagram - '4' a été modifié.
2022-07-07 16:44:26|[INFO]|Session : [u5e8dfvd7psvas0q3f47igd396]|User id : 1|Name : |Module : [use_object]|Function : [Msg - update]| [OK_112] object_trace - '3' a été modifié.
2022-07-07 16:54:11|[INFO]|Session : [j46f8imlb9lqlbnu0gbsip8u48]|User id : 1|Name : |Module : [use_object]|Function : [Msg - update]| [OK_112] object_trace_diagram - '4' a été modifié.
2022-07-07 16:54:11|[INFO]|Session : [cpaudulo07rjf8cpu1n10v2jb3]|User id : 1|Name : |Module : [use_object]|Function : [Msg - update]| [OK_112] object_trace - '3' a été modifié.
2022-07-07 16:54:13|[INFO]|Session : [25ciak5phcev1pr5q53ifg95le]|User id : 1|Name : |Module : [use_object]|Function : [Msg - update]| [OK_112] object_trace_diagram - '4' a été modifié.
2022-07-07 16:54:14|[INFO]|Session : [n161qefc47rhri9esiehs3bnfm]|User id : 1|Name : |Module : [use_object]|Function : [Msg - update]| [OK_112] object_trace - '3' a été modifié.
2022-07-07 16:54:15|[INFO]|Session : [j7qlboiitqlga2kcpshkhuol6v]|User id : 1|Name : |Module : [use_object]|Function : [Msg - update]| [OK_112] object_trace_diagram - '4' a été modifié.
2022-07-07 16:54:16|[INFO]|Session : [b3d738mtgcjf7ie9qjs6qddm41]|User id : 1|Name : |Module : [use_object]|Function : [Msg - update]| [OK_112] object_trace - '3' a été modifié.
2022-07-07 16:54:16|[INFO]|Session : [ndcb3klv3sa3up8gqns1k2lej7]|User id : 1|Name : |Module : [use_object]|Function : [Msg - update]| [OK_112] object_trace_diagram - '4' a été modifié.
2022-07-07 16:54:17|[INFO]|Session : [dk3fh2vm6rlial4p5eapsd7pf1]|User id : 1|Name : |Module : [use_object]|Function : [Msg - update]| [OK_112] object_trace - '3' a été modifié.
2022-07-07 16:55:28|[INFO]|Session : [r0r07472744b1msvadedk3eo3s]|User id : 1|Name : |Module : [use_object]|Function : [Msg - update]| [OK_112] object_trace_diagram - '4' a été modifié.
2022-07-07 16:55:29|[INFO]|Session : [th4godpb1tmuptv2r3pdtt317l]|User id : 1|Name : |Module : [use_object]|Function : [Msg - update]| [OK_112] object_trace - '3' a été modifié.
2022-07-07 16:55:32|[INFO]|Session : [9s8grdmoagqrfns598koh3or81]|User id : 1|Name : |Module : [use_object]|Function : [Msg - update]| [OK_112] object_trace_diagram - '4' a été modifié.
2022-07-07 16:55:33|[INFO]|Session : [oph5rksq7vmrp7lstsnohuo3ae]|User id : 1|Name : |Module : [use_object]|Function : [Msg - update]| [OK_112] object_trace - '3' a été modifié.
2022-07-07 16:55:36|[INFO]|Session : [3vjvnjeoues32a1p6d5s58edm2]|User id : 1|Name : |Module : [use_object]|Function : [Msg - update]| [OK_112] object_trace_diagram - '4' a été modifié.
2022-07-07 16:55:37|[INFO]|Session : [3f311p2hq34eicl9d79r10dbqo]|User id : 1|Name : |Module : [use_object]|Function : [Msg - update]| [OK_112] object_trace - '3' a été modifié.
2022-07-07 16:55:46|[INFO]|Session : [vu1lgi8i5tfhmkahin922mgl0i]|User id : 1|Name : |Module : [use_object]|Function : [Msg - update]| [OK_112] object_trace_diagram - '4' a été modifié.
2022-07-07 16:55:47|[INFO]|Session : [43ghmnud1qm92f6mf0t5n8q3f6]|User id : 1|Name : |Module : [use_object]|Function : [Msg - update]| [OK_112] object_trace - '3' a été modifié.
2022-07-07 16:55:50|[INFO]|Session : [msgr766qh4uvfvg08vl0bfl3ve]|User id : 1|Name : |Module : [use_object]|Function : [Msg - update]| [OK_112] object_trace_diagram - '4' a été modifié.
2022-07-07 16:55:50|[INFO]|Session : [ag8fo5ogfj6tlllb9m1e0mrmf8]|User id : 1|Name : |Module : [use_object]|Function : [Msg - update]| [OK_112] object_trace - '3' a été modifié.
2022-07-07 16:55:51|[INFO]|Session : [vnh541d63ut77poll0ho7h1kob]|User id : 1|Name : |Module : [use_object]|Function : [Msg - update]| [OK_112] object_trace_diagram - '4' a été modifié.
2022-07-07 16:55:52|[INFO]|Session : [lu67mq4jpc5gp75ea5hg5om8bk]|User id : 1|Name : |Module : [use_object]|Function : [Msg - update]| [OK_112] object_trace - '3' a été modifié.
2022-07-07 16:55:54|[INFO]|Session : [077p2i9ao5sdd4emk8upv7dfmu]|User id : 1|Name : |Module : [use_object]|Function : [Msg - update]| [OK_112] object_trace_diagram - '4' a été modifié.
2022-07-07 16:55:54|[INFO]|Session : [o1jqj551qjo756g3mlfne38483]|User id : 1|Name : |Module : [use_object]|Function : [Msg - update]| [OK_112] object_trace - '3' a été modifié.
2022-07-07 16:55:58|[INFO]|Session : [qplgtq2m47nbpfh997967q9fei]|User id : 1|Name : |Module : [use_object]|Function : [Msg - update]| [OK_112] object_trace_diagram - '4' a été modifié.
2022-07-07 16:55:58|[INFO]|Session : [co57tk6q85g0b68i4m4vccc7kg]|User id : 1|Name : |Module : [use_object]|Function : [Msg - update]| [OK_112] object_trace - '3' a été modifié.
2022-07-07 17:31:24|[INFO]|Session : [gmlrnt413ab9bbo0en1htjgse8]|User id : 1|Name : |Module : [use_object]|Function : [Msg - update]| [OK_112] object_trace - '2' a été modifié.
2022-07-07 17:31:31|[INFO]|Session : [ve6d6j7fbeuco6oiieqncfog7f]|User id : 1|Name : |Module : [use_object]|Function : [Msg - update]| [OK_112] object_trace_diagram - '3' a été modifié.
2022-07-07 17:31:32|[INFO]|Session : [um2aot9qaprs498rm1n4nba00n]|User id : 1|Name : |Module : [use_object]|Function : [Msg - update]| [OK_112] object_trace - '2' a été modifié.
2022-07-07 17:31:33|[INFO]|Session : [hdtppr5bml3jnbfep98krf7mp0]|User id : 1|Name : |Module : [use_object]|Function : [Msg - update]| [OK_112] object_trace_diagram - '3' a été modifié.
2022-07-07 17:31:33|[INFO]|Session : [3hbqi3uhc940cg1ljahu870e1l]|User id : 1|Name : |Module : [use_object]|Function : [Msg - update]| [OK_112] object_trace - '2' a été modifié.
2022-07-07 17:31:34|[INFO]|Session : [cjh70lqc80n9598md96e6iumis]|User id : 1|Name : |Module : [use_object]|Function : [Msg - update]| [OK_112] object_trace_diagram - '3' a été modifié.
2022-07-07 17:31:35|[INFO]|Session : [3pt6roqa9r2b3o8r4r54pl0794]|User id : 1|Name : |Module : [use_object]|Function : [Msg - update]| [OK_112] object_trace - '2' a été modifié.
2022-07-07 17:31:36|[INFO]|Session : [420vr0p43dlkuehk8btfgj8fi9]|User id : 1|Name : |Module : [use_object]|Function : [Msg - update]| [OK_112] object_trace_diagram - '3' a été modifié.
2022-07-07 17:31:37|[INFO]|Session : [2r5c4iii53ch4pljse5toomjap]|User id : 1|Name : |Module : [use_object]|Function : [Msg - update]| [OK_112] object_trace - '2' a été modifié.
2022-07-07 17:31:37|[INFO]|Session : [bdh97milahk41somb75okg7eom]|User id : 1|Name : |Module : [use_object]|Function : [Msg - update]| [OK_112] object_trace_diagram - '3' a été modifié.
2022-07-07 17:31:38|[INFO]|Session : [a7t6eeh5c016331gqok081cnn2]|User id : 1|Name : |Module : [use_object]|Function : [Msg - update]| [OK_112] object_trace - '2' a été modifié.
2022-07-07 17:31:38|[INFO]|Session : [m61t98961k3cgp5n6teea51t7d]|User id : 1|Name : |Module : [use_object]|Function : [Msg - update]| [OK_112] object_trace_diagram - '3' a été modifié.
2022-07-07 17:31:39|[INFO]|Session : [qsjeodjisk98dhtef4736jmuiv]|User id : 1|Name : |Module : [use_object]|Function : [Msg - update]| [OK_112] object_trace - '2' a été modifié.
2022-07-07 17:31:39|[INFO]|Session : [q568h2su1fkifvs2pujv0sjuqs]|User id : 1|Name : |Module : [use_object]|Function : [Msg - update]| [OK_112] object_trace_diagram - '3' a été modifié.
2022-07-07 17:31:40|[INFO]|Session : [6sdcfpj4bf5mlnbkue6kbe93r0]|User id : 1|Name : |Module : [use_object]|Function : [Msg - update]| [OK_112] object_trace - '2' a été modifié.
2022-07-07 17:31:40|[INFO]|Session : [6p4n4rqkgie1jbuj4emfes1tin]|User id : 1|Name : |Module : [use_object]|Function : [Msg - update]| [OK_112] object_trace_diagram - '3' a été modifié.
2022-07-07 17:31:40|[INFO]|Session : [4gai17el63f7v4q8ieggj7prkt]|User id : 1|Name : |Module : [use_object]|Function : [Msg - update]| [OK_112] object_trace - '2' a été modifié.
2022-07-07 17:31:41|[INFO]|Session : [4bm6h498jmlhd77dppagud3ke5]|User id : 1|Name : |Module : [use_object]|Function : [Msg - update]| [OK_112] object_trace_diagram - '3' a été modifié.
2022-07-07 17:31:41|[INFO]|Session : [1rq2l7a5gcmrt068sfl36ddnlh]|User id : 1|Name : |Module : [use_object]|Function : [Msg - update]| [OK_112] object_trace - '2' a été modifié.
2022-07-07 17:31:44|[INFO]|Session : [taj1q9qb14u4tkv0na2lo6tlco]|User id : 1|Name : |Module : [use_object]|Function : [Msg - update]| [OK_112] object_trace_diagram - '3' a été modifié.
2022-07-07 17:31:45|[INFO]|Session : [g1teenbbqfjhp37nhlu2ahdn40]|User id : 1|Name : |Module : [use_object]|Function : [Msg - update]| [OK_112] object_trace - '2' a été modifié.
2022-07-07 17:31:46|[INFO]|Session : [rc2ec24p8o5gnm1vpfdltlribs]|User id : 1|Name : |Module : [use_object]|Function : [Msg - update]| [OK_112] object_trace_diagram - '3' a été modifié.
2022-07-07 17:31:47|[INFO]|Session : [3t97u07m9j13gglscj2cstntml]|User id : 1|Name : |Module : [use_object]|Function : [Msg - update]| [OK_112] object_trace - '2' a été modifié.
2022-07-07 17:31:48|[INFO]|Session : [rrpjnclhtcec721cu6m3qnaspl]|User id : 1|Name : |Module : [use_object]|Function : [Msg - update]| [OK_112] object_trace_diagram - '3' a été modifié.
2022-07-07 17:31:50|[INFO]|Session : [uq7jib6so97bpore3eb9j9hs5n]|User id : 1|Name : |Module : [use_object]|Function : [Msg - update]| [OK_112] object_trace - '2' a été modifié.
2022-07-07 17:31:51|[INFO]|Session : [7fincdo0akhql6190idgv5vod4]|User id : 1|Name : |Module : [use_object]|Function : [Msg - update]| [OK_112] object_trace_diagram - '3' a été modifié.
2022-07-07 17:31:51|[INFO]|Session : [dbddlv6b58l56bd314f4175gvk]|User id : 1|Name : |Module : [use_object]|Function : [Msg - update]| [OK_112] object_trace - '2' a été modifié.
2022-07-07 17:31:53|[INFO]|Session : [3aho9eicvn12s3lkaqivmmnluj]|User id : 1|Name : |Module : [use_object]|Function : [Msg - update]| [OK_112] object_trace_diagram - '3' a été modifié.
2022-07-07 17:31:55|[INFO]|Session : [ujb4cfmmua5umms4th5ceq8g1l]|User id : 1|Name : |Module : [use_object]|Function : [Msg - update]| [OK_112] object_trace - '2' a été modifié.
2022-07-07 17:31:55|[INFO]|Session : [o2b3rtkjuhhb0oun0hffovb6bf]|User id : 1|Name : |Module : [use_object]|Function : [Msg - update]| [OK_112] object_trace_diagram - '3' a été modifié.
2022-07-07 17:31:57|[INFO]|Session : [hvrgiet5sd3ofodn07lc3pb1s8]|User id : 1|Name : |Module : [use_object]|Function : [Msg - update]| [OK_112] object_trace - '2' a été modifié.
2022-07-07 17:32:13|[INFO]|Session : [f8nkap245rjrah5lva7ocuh7m6]|User id : 1|Name : |Module : [use_object]|Function : [Msg - update]| [OK_112] object_trace_diagram - '3' a été modifié.
2022-07-07 17:32:13|[INFO]|Session : [d486hhj299uovo1b21rcpeac2n]|User id : 1|Name : |Module : [use_object]|Function : [Msg - update]| [OK_112] object_trace - '2' a été modifié.
2022-07-07 17:32:29|[INFO]|Session : [6sji1gtg6t1ahgch5dvig6nt0i]|User id : 1|Name : |Module : [use_object]|Function : [Msg - update]| [OK_112] object_trace_diagram - '3' a été modifié.
2022-07-07 17:32:30|[INFO]|Session : [dt99pm0s36a4dqntm3trrstg0m]|User id : 1|Name : |Module : [use_object]|Function : [Msg - update]| [OK_112] object_trace - '2' a été modifié.
2022-07-07 23:02:02|[INFO]|Session : [k8rim3m7dvmpt3r3nkurg6vkj4]|User id : 1|Name : |Module : [use_object]|Function : [Msg - update]| [OK_112] object_trace - '4' a été modifié.
2022-07-07 23:02:06|[INFO]|Session : [0qdvbnv8reht3701mb1olbk5bv]|User id : 1|Name : |Module : [use_object]|Function : [Msg - update]| [OK_112] object_trace_diagram - '5' a été modifié.
2022-07-07 23:02:07|[INFO]|Session : [tgufjgprn5r68ncet2tgr8r35a]|User id : 1|Name : |Module : [use_object]|Function : [Msg - update]| [OK_112] object_trace - '4' a été modifié.
2022-07-07 23:02:13|[INFO]|Session : [dabeblqi5jvabljuedloh7v2un]|User id : 1|Name : |Module : [use_object]|Function : [Msg - update]| [OK_112] object_trace_diagram - '5' a été modifié.
2022-07-07 23:02:15|[INFO]|Session : [fb7sg48r90g53urao98teeet5a]|User id : 1|Name : |Module : [use_object]|Function : [Msg - update]| [OK_112] object_trace - '4' a été modifié.
2022-07-07 23:02:18|[INFO]|Session : [els45qma9ojehgm4c1jlkal9dl]|User id : 1|Name : |Module : [use_object]|Function : [Msg - update]| [OK_112] object_trace_diagram - '5' a été modifié.
2022-07-07 23:02:19|[INFO]|Session : [sq8v6kkad1gtfuc1u8re05l1vi]|User id : 1|Name : |Module : [use_object]|Function : [Msg - update]| [OK_112] object_trace - '4' a été modifié.
2022-07-07 23:02:25|[INFO]|Session : [qs31r2pilmjurmtm9nn0c9m5lc]|User id : 1|Name : |Module : [use_object]|Function : [Msg - update]| [OK_112] object_trace_diagram - '5' a été modifié.
2022-07-07 23:02:26|[INFO]|Session : [lp43df0l6opc62hkqd591kajp6]|User id : 1|Name : |Module : [use_object]|Function : [Msg - update]| [OK_112] object_trace - '4' a été modifié.
2022-07-07 23:02:27|[INFO]|Session : [npr9m119662a56s2hj0buo4m6k]|User id : 1|Name : |Module : [use_object]|Function : [Msg - update]| [OK_112] object_trace_diagram - '5' a été modifié.
2022-07-07 23:02:29|[INFO]|Session : [7rh8dbam545rsai4cpiqcs97mu]|User id : 1|Name : |Module : [use_object]|Function : [Msg - update]| [OK_112] object_trace - '4' a été modifié.
2022-07-07 23:02:30|[INFO]|Session : [82aao54sq65kurd9kfgdr3jq3g]|User id : 1|Name : |Module : [use_object]|Function : [Msg - update]| [OK_112] object_trace_diagram - '5' a été modifié.
2022-07-07 23:02:31|[INFO]|Session : [5vhkquvd9rmc5tplo4d5oesma2]|User id : 1|Name : |Module : [use_object]|Function : [Msg - update]| [OK_112] object_trace - '4' a été modifié.
2022-07-07 23:02:31|[INFO]|Session : [3djjl14g4jq34lv0q0p01r2jh3]|User id : 1|Name : |Module : [use_object]|Function : [Msg - update]| [OK_112] object_trace_diagram - '5' a été modifié.
2022-07-07 23:02:32|[INFO]|Session : [17cr9g85es8fno54rn7gmu4goo]|User id : 1|Name : |Module : [use_object]|Function : [Msg - update]| [OK_112] object_trace - '4' a été modifié.
2022-07-07 23:02:41|[INFO]|Session : [142e79u2etn1cm19efgj61kbb4]|User id : 1|Name : |Module : [use_object]|Function : [Msg - update]| [OK_112] object_trace_diagram - '5' a été modifié.
2022-07-07 23:02:42|[INFO]|Session : [sebegerbkdu8sm1vhp15oeq58f]|User id : 1|Name : |Module : [use_object]|Function : [Msg - update]| [OK_112] object_trace - '4' a été modifié.
2022-07-07 23:02:43|[INFO]|Session : [e4gkntfonpodss4nkn5q74p743]|User id : 1|Name : |Module : [use_object]|Function : [Msg - update]| [OK_112] object_trace_diagram - '5' a été modifié.
2022-07-07 23:02:44|[INFO]|Session : [nj6hhd6kn10o606vs94omm20ks]|User id : 1|Name : |Module : [use_object]|Function : [Msg - update]| [OK_112] object_trace - '4' a été modifié.
2022-07-07 23:02:46|[INFO]|Session : [055qlrp6q1p45r8s6ver2m80os]|User id : 1|Name : |Module : [use_object]|Function : [Msg - update]| [OK_112] object_trace_diagram - '5' a été modifié.
2022-07-07 23:02:46|[INFO]|Session : [ieddla26nb47k3l04b78o0t6vr]|User id : 1|Name : |Module : [use_object]|Function : [Msg - update]| [OK_112] object_trace - '4' a été modifié.
2022-07-07 23:02:47|[INFO]|Session : [ikk460jcjtg49al906neft593q]|User id : 1|Name : |Module : [use_object]|Function : [Msg - update]| [OK_112] object_trace_diagram - '5' a été modifié.
2022-07-07 23:02:47|[INFO]|Session : [3h8qeq1o3bqaau8rjgo3ouq9s8]|User id : 1|Name : |Module : [use_object]|Function : [Msg - update]| [OK_112] object_trace - '4' a été modifié.
2022-07-07 23:02:49|[INFO]|Session : [jt1kqnr33fi6pr5rcofici9ng8]|User id : 1|Name : |Module : [use_object]|Function : [Msg - update]| [OK_112] object_trace_diagram - '5' a été modifié.
2022-07-07 23:02:49|[INFO]|Session : [o47sremanlfnrlllvlvtlv9v7p]|User id : 1|Name : |Module : [use_object]|Function : [Msg - update]| [OK_112] object_trace - '4' a été modifié.
2022-07-07 23:02:50|[INFO]|Session : [dqbp2kdrcgmgffhjrp8pogjugu]|User id : 1|Name : |Module : [use_object]|Function : [Msg - update]| [OK_112] object_trace_diagram - '5' a été modifié.
2022-07-07 23:02:50|[INFO]|Session : [e7b75v56ptppiq7p2s0ke78gt4]|User id : 1|Name : |Module : [use_object]|Function : [Msg - update]| [OK_112] object_trace - '4' a été modifié.
2022-07-07 23:02:51|[INFO]|Session : [bbg272e1lmuu8tsqff8q7a88dq]|User id : 1|Name : |Module : [use_object]|Function : [Msg - update]| [OK_112] object_trace_diagram - '5' a été modifié.
2022-07-07 23:02:52|[INFO]|Session : [sh6154gol0ie585lh6b20absdk]|User id : 1|Name : |Module : [use_object]|Function : [Msg - update]| [OK_112] object_trace - '4' a été modifié.
2022-07-07 23:02:52|[INFO]|Session : [bj43dinsger71qn011uo9ma0fa]|User id : 1|Name : |Module : [use_object]|Function : [Msg - update]| [OK_112] object_trace_diagram - '5' a été modifié.
2022-07-07 23:02:53|[INFO]|Session : [1lnkt96v74s808trmgmqc9dqcb]|User id : 1|Name : |Module : [use_object]|Function : [Msg - update]| [OK_112] object_trace - '4' a été modifié.
2022-07-07 23:03:30|[INFO]|Session : [95qfg2kroqr893ppkt2gpts3r3]|User id : 1|Name : |Module : [use_object]|Function : [Msg - update]| [OK_112] object_trace_diagram - '5' a été modifié.
2022-07-07 23:03:31|[INFO]|Session : [g6jq5is3g8ulooikofkmj09vjm]|User id : 1|Name : |Module : [use_object]|Function : [Msg - update]| [OK_112] object_trace - '4' a été modifié.
2022-07-07 23:03:31|[INFO]|Session : [clp9df69lbr5v05q8dip3389mb]|User id : 1|Name : |Module : [use_object]|Function : [Msg - update]| [OK_112] object_trace_diagram - '5' a été modifié.
2022-07-07 23:03:33|[INFO]|Session : [hfe6da0eprhq2neaauer866lt5]|User id : 1|Name : |Module : [use_object]|Function : [Msg - update]| [OK_112] object_trace - '4' a été modifié.
2022-07-07 23:03:34|[INFO]|Session : [nd7v6d998h0jv5vfq60p20u78q]|User id : 1|Name : |Module : [use_object]|Function : [Msg - update]| [OK_112] object_trace_diagram - '5' a été modifié.
2022-07-07 23:03:34|[INFO]|Session : [0b6huabqg25o7ive34r3dg34jl]|User id : 1|Name : |Module : [use_object]|Function : [Msg - update]| [OK_112] object_trace - '4' a été modifié.
2022-07-07 23:03:41|[INFO]|Session : [mcb11r3554ntum766emos89i60]|User id : 1|Name : |Module : [use_object]|Function : [Msg - update]| [OK_112] object_trace_diagram - '5' a été modifié.
2022-07-07 23:03:42|[INFO]|Session : [vpcjmld8upkblhtl4159e94ife]|User id : 1|Name : |Module : [use_object]|Function : [Msg - update]| [OK_112] object_trace - '4' a été modifié.
2022-07-07 23:03:43|[INFO]|Session : [f6fjlnvilsaq6e0dr955k069ol]|User id : 1|Name : |Module : [use_object]|Function : [Msg - update]| [OK_112] object_trace_diagram - '5' a été modifié.
2022-07-07 23:03:44|[INFO]|Session : [lmenv13nbb7umfsq0t6852kud2]|User id : 1|Name : |Module : [use_object]|Function : [Msg - update]| [OK_112] object_trace - '4' a été modifié.
2022-07-07 23:03:47|[INFO]|Session : [5ctaibo9v37mp5q0kmnb88e2pq]|User id : 1|Name : |Module : [use_object]|Function : [Msg - update]| [OK_112] object_trace_diagram - '5' a été modifié.
2022-07-07 23:03:48|[INFO]|Session : [p7jpt0bp007mccncedclgqb6dp]|User id : 1|Name : |Module : [use_object]|Function : [Msg - update]| [OK_112] object_trace - '4' a été modifié.
2022-07-07 23:03:49|[INFO]|Session : [bh0ra9hiu5hk0e5b4ltcerdvl2]|User id : 1|Name : |Module : [use_object]|Function : [Msg - update]| [OK_112] object_trace_diagram - '5' a été modifié.
2022-07-07 23:03:49|[INFO]|Session : [th26u8ib4409e48h7v66fr0d44]|User id : 1|Name : |Module : [use_object]|Function : [Msg - update]| [OK_112] object_trace - '4' a été modifié.
2022-07-07 23:03:50|[INFO]|Session : [b4g3b8u1i0q5sv96mqcgbb7jpu]|User id : 1|Name : |Module : [use_object]|Function : [Msg - update]| [OK_112] object_trace_diagram - '5' a été modifié.
2022-07-07 23:03:51|[INFO]|Session : [8kl7bdvkc229qgv6g71pp6f6gn]|User id : 1|Name : |Module : [use_object]|Function : [Msg - update]| [OK_112] object_trace - '4' a été modifié.
2022-07-07 23:04:17|[INFO]|Session : [gmgg5en17snpqh0b563h9ghod7]|User id : 1|Name : |Module : [use_object]|Function : [Msg - update]| [OK_112] object_trace_diagram - '5' a été modifié.
2022-07-07 23:04:18|[INFO]|Session : [sjche8tvl2d27p0h2b22uh3gog]|User id : 1|Name : |Module : [use_object]|Function : [Msg - update]| [OK_112] object_trace - '4' a été modifié.
2022-07-07 23:04:20|[INFO]|Session : [r4hsaa80hpdin3evbe2jkje37i]|User id : 1|Name : |Module : [use_object]|Function : [Msg - update]| [OK_112] object_trace_diagram - '5' a été modifié.
2022-07-07 23:04:21|[INFO]|Session : [hv3jhe7q714oj7c32cklprrpdb]|User id : 1|Name : |Module : [use_object]|Function : [Msg - update]| [OK_112] object_trace - '4' a été modifié.
2022-07-07 23:08:10|[INFO]|Session : [3b3nndfg9sbojhvbtq3dae6ej4]|User id : 1|Name : |Module : [use_object]|Function : [Msg - update]| [OK_112] object_trace_diagram - '5' a été modifié.
2022-07-07 23:08:11|[INFO]|Session : [ilaep6hoja0r5oehef0a634obu]|User id : 1|Name : |Module : [use_object]|Function : [Msg - update]| [OK_112] object_trace - '4' a été modifié.
2022-07-07 23:08:12|[INFO]|Session : [2fr9urlb79pl41i3tlddduak22]|User id : 1|Name : |Module : [use_object]|Function : [Msg - update]| [OK_112] object_trace_diagram - '5' a été modifié.
2022-07-07 23:08:13|[INFO]|Session : [3iuquehotnv6gs3mlm2oifs8q0]|User id : 1|Name : |Module : [use_object]|Function : [Msg - update]| [OK_112] object_trace - '4' a été modifié.
2022-07-07 23:40:17|[INFO]|Session : [dg3atohbk7mcklaidqrnlp2v6v]|User id : 1|Name : |Module : [use_object]|Function : [Msg - update]| [OK_112] object_trace - '4' a été modifié.
2022-07-07 23:47:43|[INFO]|Session : [5cs9481a91fukb227uumi1n1fo]|User id : 1|Name : |Module : [use_object]|Function : [Msg - update]| [OK_112] object_trace - '4' a été modifié.
2022-07-07 23:53:32|[INFO]|Session : [eeddnmsekl36o6dn4dk5565rdr]|User id : 1|Name : |Module : [use_object]|Function : [Msg - update]| [OK_112] object_trace - '4' a été modifié.
2022-07-07 23:54:03|[INFO]|Session : [p121os696pr4eaik1db868n9ti]|User id : 1|Name : |Module : [use_object]|Function : [Msg - update]| [OK_112] object_trace_diagram - '5' a été modifié.
2022-07-07 23:54:03|[INFO]|Session : [c44uhdu93rku3t6a64rbm7uguo]|User id : 1|Name : |Module : [use_object]|Function : [Msg - update]| [OK_112] object_trace - '4' a été modifié.
2022-07-07 23:54:06|[INFO]|Session : [brbfkuain27nk2he9o9ormnc6i]|User id : 1|Name : |Module : [use_object]|Function : [Msg - update]| [OK_112] object_trace_diagram - '5' a été modifié.
2022-07-07 23:54:07|[INFO]|Session : [jgu020h5mrmbqn78gfrosrc9hq]|User id : 1|Name : |Module : [use_object]|Function : [Msg - update]| [OK_112] object_trace - '4' a été modifié.
2022-07-07 23:54:10|[INFO]|Session : [lloro9t1lp0v3140jn1613suen]|User id : 1|Name : |Module : [use_object]|Function : [Msg - update]| [OK_112] object_trace - '4' a été modifié.
2022-07-07 23:54:15|[INFO]|Session : [otb977cacs0mrr8cdaicardb3n]|User id : 1|Name : |Module : [use_object]|Function : [Msg - update]| [OK_112] object_trace - '4' a été modifié.
2022-07-07 23:54:33|[INFO]|Session : [cd6h9aejmnb001qp1287jlcet8]|User id : 1|Name : |Module : [use_object]|Function : [Msg - update]| [OK_112] object_trace_diagram - '5' a été modifié.
2022-07-07 23:54:33|[INFO]|Session : [7t9scfh1evj2k9p55hbibs8kn5]|User id : 1|Name : |Module : [use_object]|Function : [Msg - update]| [OK_112] object_trace - '4' a été modifié.
2022-07-07 23:54:34|[INFO]|Session : [o9kgkvtfcii8og32bu8psrtgqv]|User id : 1|Name : |Module : [use_object]|Function : [Msg - update]| [OK_112] object_trace_diagram - '5' a été modifié.
2022-07-07 23:54:35|[INFO]|Session : [5nd8p2epbiosjpdd9vv62na4t3]|User id : 1|Name : |Module : [use_object]|Function : [Msg - update]| [OK_112] object_trace - '4' a été modifié.
2022-07-07 23:56:01|[INFO]|Session : [6lolqovl1fhfpteaea38rfbnrk]|User id : 1|Name : |Module : [use_object]|Function : [Msg - update]| [OK_112] object_trace_diagram - '3' a été modifié.
2022-07-07 23:56:01|[INFO]|Session : [in63slhnh3oe34fpbgtlamdiob]|User id : 1|Name : |Module : [use_object]|Function : [Msg - update]| [OK_112] object_trace - '2' a été modifié.
2022-07-07 23:56:03|[INFO]|Session : [c0pjg2nedd85i9q79irf2msb8a]|User id : 1|Name : |Module : [use_object]|Function : [Msg - update]| [OK_112] object_trace_diagram - '3' a été modifié.
2022-07-07 23:56:05|[INFO]|Session : [0eau9it3gbtu1lgb01f4aa9re5]|User id : 1|Name : |Module : [use_object]|Function : [Msg - update]| [OK_112] object_trace - '2' a été modifié.
2022-07-07 23:56:05|[INFO]|Session : [vch9r186ri7rht7140e3h2cbpk]|User id : 1|Name : |Module : [use_object]|Function : [Msg - update]| [OK_112] object_trace_diagram - '3' a été modifié.
2022-07-07 23:56:06|[INFO]|Session : [5pdagenq35hsh994olb1umqljg]|User id : 1|Name : |Module : [use_object]|Function : [Msg - update]| [OK_112] object_trace - '2' a été modifié.
2022-07-07 23:56:09|[INFO]|Session : [pi35dghncjgeq67c8spl6prpom]|User id : 1|Name : |Module : [use_object]|Function : [Msg - update]| [OK_112] object_trace_diagram - '3' a été modifié.
2022-07-07 23:56:09|[INFO]|Session : [aa7re757cbj5p0huknualesj1g]|User id : 1|Name : |Module : [use_object]|Function : [Msg - update]| [OK_112] object_trace - '2' a été modifié.
