2022-07-09 00:43:23|[INFO]|Session : [qhdp81als79hncsjlbbisbb8v8]|User id : 1|Name : |Module : [use_object]|Function : [Msg - update]| [OK_112] object_trace - '5' a été modifié.
2022-07-09 00:43:26|[INFO]|Session : [5hbqivricfjrd9f54ubt0ket9a]|User id : 1|Name : |Module : [use_object]|Function : [Msg - update]| [OK_112] object_trace_diagram - '6' a été modifié.
2022-07-09 00:43:26|[INFO]|Session : [je8r3nefeq7tr4056n16pgrfi8]|User id : 1|Name : |Module : [use_object]|Function : [Msg - update]| [OK_112] object_trace - '5' a été modifié.
2022-07-09 00:43:29|[INFO]|Session : [tt2q2h6rmffkpbf525310jti3n]|User id : 1|Name : |Module : [use_object]|Function : [Msg - update]| [OK_112] object_trace_diagram - '6' a été modifié.
2022-07-09 00:43:30|[INFO]|Session : [e9akvh4q2maqsfaucahrp0fr3k]|User id : 1|Name : |Module : [use_object]|Function : [Msg - update]| [OK_112] object_trace - '5' a été modifié.
2022-07-09 00:43:32|[INFO]|Session : [u474rpvmr9jnenk5dp1hvv30tm]|User id : 1|Name : |Module : [use_object]|Function : [Msg - update]| [OK_112] object_trace_diagram - '6' a été modifié.
2022-07-09 00:43:33|[INFO]|Session : [aqoqsi3jjmu9goaicvfqbhcc90]|User id : 1|Name : |Module : [use_object]|Function : [Msg - update]| [OK_112] object_trace - '5' a été modifié.
2022-07-09 00:43:34|[INFO]|Session : [m3cavctfb9o3mnrgpleph0o9eo]|User id : 1|Name : |Module : [use_object]|Function : [Msg - update]| [OK_112] object_trace_diagram - '6' a été modifié.
2022-07-09 00:43:34|[INFO]|Session : [6e7nhk2cr8orem6kgbfa9uiamo]|User id : 1|Name : |Module : [use_object]|Function : [Msg - update]| [OK_112] object_trace - '5' a été modifié.
2022-07-09 00:43:35|[INFO]|Session : [gr4d1nutb3jsfffk42rkbe76vi]|User id : 1|Name : |Module : [use_object]|Function : [Msg - update]| [OK_112] object_trace_diagram - '6' a été modifié.
2022-07-09 00:43:36|[INFO]|Session : [vf5hkouerg84sihga2fninsjvr]|User id : 1|Name : |Module : [use_object]|Function : [Msg - update]| [OK_112] object_trace - '5' a été modifié.
2022-07-09 00:43:37|[INFO]|Session : [be7jqiuu9g0kn8nnu8eljr51sj]|User id : 1|Name : |Module : [use_object]|Function : [Msg - update]| [OK_112] object_trace_diagram - '6' a été modifié.
2022-07-09 00:43:37|[INFO]|Session : [halmt17kf7kcqakjsv06iejb3h]|User id : 1|Name : |Module : [use_object]|Function : [Msg - update]| [OK_112] object_trace - '5' a été modifié.
2022-07-09 00:43:41|[INFO]|Session : [je89emf6av32iflpifoehnhvia]|User id : 1|Name : |Module : [use_object]|Function : [Msg - update]| [OK_112] object_trace_diagram - '6' a été modifié.
2022-07-09 00:43:42|[INFO]|Session : [ja6jc0ja88u04p9qf2hnh44v66]|User id : 1|Name : |Module : [use_object]|Function : [Msg - update]| [OK_112] object_trace - '5' a été modifié.
2022-07-09 00:43:52|[INFO]|Session : [ist748kildmqng0iql4gkqt2fd]|User id : 1|Name : |Module : [use_object]|Function : [Msg - update]| [OK_112] object_trace_diagram - '6' a été modifié.
2022-07-09 00:43:52|[INFO]|Session : [g2jcrlusius3jg2dukmeuvbtol]|User id : 1|Name : |Module : [use_object]|Function : [Msg - update]| [OK_112] object_trace - '5' a été modifié.
2022-07-09 00:43:56|[INFO]|Session : [e230ll2vqs7anuhuf208godhth]|User id : 1|Name : |Module : [use_object]|Function : [Msg - update]| [OK_112] object_trace_diagram - '6' a été modifié.
2022-07-09 00:43:57|[INFO]|Session : [ec4eqtlh8tju4v5ebsdce46emk]|User id : 1|Name : |Module : [use_object]|Function : [Msg - update]| [OK_112] object_trace - '5' a été modifié.
2022-07-09 00:44:25|[INFO]|Session : [d2rgjkbb0p924f16lojbkddbhu]|User id : 1|Name : |Module : [use_object]|Function : [Msg - update]| [OK_112] object_trace_diagram - '6' a été modifié.
2022-07-09 00:44:25|[INFO]|Session : [ps7ondo785gha7k0643mjr23u3]|User id : 1|Name : |Module : [use_object]|Function : [Msg - update]| [OK_112] object_trace - '5' a été modifié.
2022-07-09 00:44:27|[INFO]|Session : [rluhc79al4ctc8k9fnfmisotqc]|User id : 1|Name : |Module : [use_object]|Function : [Msg - update]| [OK_112] object_trace_diagram - '6' a été modifié.
2022-07-09 00:44:27|[INFO]|Session : [be5eognfbhrebmu9ps5fusd018]|User id : 1|Name : |Module : [use_object]|Function : [Msg - update]| [OK_112] object_trace - '5' a été modifié.
2022-07-09 00:44:43|[INFO]|Session : [80of5c36trp441ptcrt2ii6274]|User id : 1|Name : |Module : [use_object]|Function : [Msg - update]| [OK_112] object_trace_diagram - '6' a été modifié.
2022-07-09 00:44:44|[INFO]|Session : [8jo3l93frjt6oftu5ibeqeaadv]|User id : 1|Name : |Module : [use_object]|Function : [Msg - update]| [OK_112] object_trace - '5' a été modifié.
2022-07-09 00:45:18|[INFO]|Session : [27t1u9ocn3n7pilflkmkc4llvk]|User id : 1|Name : |Module : [use_object]|Function : [Msg - update]| [OK_112] object_trace_diagram - '6' a été modifié.
2022-07-09 00:45:19|[INFO]|Session : [mbn8j96es0vcqetcjuo7sueimb]|User id : 1|Name : |Module : [use_object]|Function : [Msg - update]| [OK_112] object_trace - '5' a été modifié.
2022-07-09 00:45:35|[INFO]|Session : [rric95ka286r269eock8jcr0ah]|User id : 1|Name : |Module : [use_object]|Function : [Msg - update]| [OK_112] object_trace_diagram - '6' a été modifié.
2022-07-09 00:45:35|[INFO]|Session : [tfa3rst6oba9bsi59bs5aiqjqr]|User id : 1|Name : |Module : [use_object]|Function : [Msg - update]| [OK_112] object_trace - '5' a été modifié.
2022-07-09 00:45:45|[INFO]|Session : [5gn9qv3m2pppfgv672tt6qtvgd]|User id : 1|Name : |Module : [use_object]|Function : [Msg - update]| [OK_112] object_trace_diagram - '6' a été modifié.
2022-07-09 00:45:46|[INFO]|Session : [b52l9k3g1g7ih42mpqumrv2deo]|User id : 1|Name : |Module : [use_object]|Function : [Msg - update]| [OK_112] object_trace - '5' a été modifié.
2022-07-09 00:45:47|[INFO]|Session : [s0tjemji2nokgsnbpfjo6b7um3]|User id : 1|Name : |Module : [use_object]|Function : [Msg - update]| [OK_112] object_trace_diagram - '6' a été modifié.
2022-07-09 00:45:48|[INFO]|Session : [b8bj1urj44tnv9ju6jjce5dejv]|User id : 1|Name : |Module : [use_object]|Function : [Msg - update]| [OK_112] object_trace - '5' a été modifié.
2022-07-09 00:46:07|[INFO]|Session : [cfch3r4kc68s4nupur0anjpg1c]|User id : 1|Name : |Module : [use_object]|Function : [Msg - update]| [OK_112] object_trace_diagram - '6' a été modifié.
2022-07-09 00:46:08|[INFO]|Session : [uccig364u3cdnukmhatg5ota61]|User id : 1|Name : |Module : [use_object]|Function : [Msg - update]| [OK_112] object_trace - '5' a été modifié.
2022-07-09 00:46:10|[INFO]|Session : [maq4pr4u2ng388e0c2j5oiikfb]|User id : 1|Name : |Module : [use_object]|Function : [Msg - update]| [OK_112] object_trace_diagram - '6' a été modifié.
2022-07-09 00:46:10|[INFO]|Session : [q19aub75j3k1hoftl76ikaqud4]|User id : 1|Name : |Module : [use_object]|Function : [Msg - update]| [OK_112] object_trace - '5' a été modifié.
2022-07-09 00:46:12|[INFO]|Session : [l2idsh980equsso094etqk47ct]|User id : 1|Name : |Module : [use_object]|Function : [Msg - update]| [OK_112] object_trace_diagram - '6' a été modifié.
2022-07-09 00:46:13|[INFO]|Session : [rgms0332lucprlbp88llupul5n]|User id : 1|Name : |Module : [use_object]|Function : [Msg - update]| [OK_112] object_trace - '5' a été modifié.
2022-07-09 00:46:19|[INFO]|Session : [384co7cq0djli4ivhef0nc0180]|User id : 1|Name : |Module : [use_object]|Function : [Msg - update]| [OK_112] object_trace_diagram - '6' a été modifié.
2022-07-09 00:46:20|[INFO]|Session : [nvskk2ddg4h2qc8rj2len46ufa]|User id : 1|Name : |Module : [use_object]|Function : [Msg - update]| [OK_112] object_trace - '5' a été modifié.
2022-07-09 00:46:22|[INFO]|Session : [t20b1ipfs6ee0ogqt8qjutsqtq]|User id : 1|Name : |Module : [use_object]|Function : [Msg - update]| [OK_112] object_trace_diagram - '6' a été modifié.
2022-07-09 00:46:22|[INFO]|Session : [v3ck6ulc82klk0ilebcq3vnt90]|User id : 1|Name : |Module : [use_object]|Function : [Msg - update]| [OK_112] object_trace - '5' a été modifié.
2022-07-09 00:46:24|[INFO]|Session : [at5a8ifgaono8tiu81j6kk0ncg]|User id : 1|Name : |Module : [use_object]|Function : [Msg - update]| [OK_112] object_trace_diagram - '6' a été modifié.
2022-07-09 00:46:25|[INFO]|Session : [383v30ulioteklac6ipuq95em1]|User id : 1|Name : |Module : [use_object]|Function : [Msg - update]| [OK_112] object_trace - '5' a été modifié.
2022-07-09 00:46:49|[INFO]|Session : [9ir0uidoaqurp77mdu09k59ed6]|User id : 1|Name : |Module : [use_object]|Function : [Msg - update]| [OK_112] object_trace_diagram - '6' a été modifié.
2022-07-09 00:46:49|[INFO]|Session : [n707h9n41cr2q13l0be1monc4v]|User id : 1|Name : |Module : [use_object]|Function : [Msg - update]| [OK_112] object_trace - '5' a été modifié.
2022-07-09 00:46:56|[INFO]|Session : [lven33udk22bv45llmqcf0fi1i]|User id : 1|Name : |Module : [use_object]|Function : [Msg - update]| [OK_112] object_trace_diagram - '6' a été modifié.
2022-07-09 00:46:56|[INFO]|Session : [gpr01plq3c1o5kpi9rk623ia64]|User id : 1|Name : |Module : [use_object]|Function : [Msg - update]| [OK_112] object_trace - '5' a été modifié.
2022-07-09 00:46:58|[INFO]|Session : [238btafrg6sq5savrm4aq66lkj]|User id : 1|Name : |Module : [use_object]|Function : [Msg - update]| [OK_112] object_trace_diagram - '6' a été modifié.
2022-07-09 00:46:59|[INFO]|Session : [0j9o0e50ltvrjb9bbbmq9tm2n3]|User id : 1|Name : |Module : [use_object]|Function : [Msg - update]| [OK_112] object_trace - '5' a été modifié.
2022-07-09 00:47:41|[INFO]|Session : [rncu8vgfkvtunuursnuh1l1gll]|User id : 1|Name : |Module : [use_object]|Function : [Msg - update]| [OK_112] object_trace_diagram - '6' a été modifié.
2022-07-09 00:47:42|[INFO]|Session : [2kpitpsl6qn9bu05s239cho87a]|User id : 1|Name : |Module : [use_object]|Function : [Msg - update]| [OK_112] object_trace - '5' a été modifié.
2022-07-09 00:47:44|[INFO]|Session : [p4ng2qslmh0gj564nqvfrqts43]|User id : 1|Name : |Module : [use_object]|Function : [Msg - update]| [OK_112] object_trace_diagram - '6' a été modifié.
2022-07-09 00:47:45|[INFO]|Session : [iaqubropkq22e8e2hbe0t9o74c]|User id : 1|Name : |Module : [use_object]|Function : [Msg - update]| [OK_112] object_trace - '5' a été modifié.
2022-07-09 00:47:46|[INFO]|Session : [og5tnj3a5ng80dqid769d3cj5o]|User id : 1|Name : |Module : [use_object]|Function : [Msg - update]| [OK_112] object_trace_diagram - '6' a été modifié.
2022-07-09 00:47:47|[INFO]|Session : [6jfh61unp821lo5436ia0fac4c]|User id : 1|Name : |Module : [use_object]|Function : [Msg - update]| [OK_112] object_trace - '5' a été modifié.
2022-07-09 00:47:50|[INFO]|Session : [bebmsjjh9h3bjt4l80h0nopv98]|User id : 1|Name : |Module : [use_object]|Function : [Msg - update]| [OK_112] object_trace_diagram - '6' a été modifié.
2022-07-09 00:47:51|[INFO]|Session : [o3milf94ah85hna21dja1d0n9n]|User id : 1|Name : |Module : [use_object]|Function : [Msg - update]| [OK_112] object_trace - '5' a été modifié.
2022-07-09 00:47:53|[INFO]|Session : [klt82fecgtdfrev0ruidikjblb]|User id : 1|Name : |Module : [use_object]|Function : [Msg - update]| [OK_112] object_trace_diagram - '6' a été modifié.
2022-07-09 00:47:54|[INFO]|Session : [muffn29096o689uup6gvviando]|User id : 1|Name : |Module : [use_object]|Function : [Msg - update]| [OK_112] object_trace - '5' a été modifié.
2022-07-09 00:47:55|[INFO]|Session : [ckfv2coeer98tu8rkk2fd4ogj2]|User id : 1|Name : |Module : [use_object]|Function : [Msg - update]| [OK_112] object_trace_diagram - '6' a été modifié.
2022-07-09 00:47:55|[INFO]|Session : [8lqbm948jgl6e5in5s1n19n9sd]|User id : 1|Name : |Module : [use_object]|Function : [Msg - update]| [OK_112] object_trace - '5' a été modifié.
2022-07-09 00:48:06|[INFO]|Session : [3gvvfec0fsgoja0lgn6ibk68dg]|User id : 1|Name : |Module : [use_object]|Function : [Msg - update]| [OK_112] object_trace_diagram - '6' a été modifié.
2022-07-09 00:48:07|[INFO]|Session : [7m83qcel2m2gno01kduogoia7j]|User id : 1|Name : |Module : [use_object]|Function : [Msg - update]| [OK_112] object_trace - '5' a été modifié.
2022-07-09 00:48:10|[INFO]|Session : [5q6qhk4najfo774niq69fi6rnf]|User id : 1|Name : |Module : [use_object]|Function : [Msg - update]| [OK_112] object_trace_diagram - '6' a été modifié.
2022-07-09 00:48:11|[INFO]|Session : [qkpbqfidgh4m1mm04m8rpfb7mk]|User id : 1|Name : |Module : [use_object]|Function : [Msg - update]| [OK_112] object_trace - '5' a été modifié.
2022-07-09 00:48:20|[INFO]|Session : [vbotg18q2bud86n6e36339gt4o]|User id : 1|Name : |Module : [use_object]|Function : [Msg - update]| [OK_112] object_trace_diagram - '6' a été modifié.
2022-07-09 00:48:20|[INFO]|Session : [gvn0mee9ujl8o1eghnd6opubuf]|User id : 1|Name : |Module : [use_object]|Function : [Msg - update]| [OK_112] object_trace - '5' a été modifié.
2022-07-09 00:48:34|[INFO]|Session : [hpv5fplgt7n7difppapt1ck0ct]|User id : 1|Name : |Module : [use_object]|Function : [Msg - update]| [OK_112] object_trace_diagram - '6' a été modifié.
2022-07-09 00:48:34|[INFO]|Session : [eelbl9p5rpfav02qme6880gpqp]|User id : 1|Name : |Module : [use_object]|Function : [Msg - update]| [OK_112] object_trace - '5' a été modifié.
2022-07-09 00:48:38|[INFO]|Session : [5f9o3l4hic92moke408d130bo5]|User id : 1|Name : |Module : [use_object]|Function : [Msg - update]| [OK_112] object_trace_diagram - '6' a été modifié.
2022-07-09 00:48:39|[INFO]|Session : [shtf1i08pbneoge52ovjf8nnds]|User id : 1|Name : |Module : [use_object]|Function : [Msg - update]| [OK_112] object_trace - '5' a été modifié.
2022-07-09 00:48:40|[INFO]|Session : [cjq1qfs6nfl75eaiuln1donlf3]|User id : 1|Name : |Module : [use_object]|Function : [Msg - update]| [OK_112] object_trace_diagram - '6' a été modifié.
2022-07-09 00:48:41|[INFO]|Session : [fkvgat3n49tpv7ik7bandlko5i]|User id : 1|Name : |Module : [use_object]|Function : [Msg - update]| [OK_112] object_trace - '5' a été modifié.
2022-07-09 00:48:55|[INFO]|Session : [h52h9pgmldkkhlsnnf3j8h0i8c]|User id : 1|Name : |Module : [use_object]|Function : [Msg - update]| [OK_112] object_trace_diagram - '6' a été modifié.
2022-07-09 00:48:56|[INFO]|Session : [n16svc0bgmpj8ljfkfbisba0oo]|User id : 1|Name : |Module : [use_object]|Function : [Msg - update]| [OK_112] object_trace - '5' a été modifié.
2022-07-09 00:48:57|[INFO]|Session : [83j2bauhfo6tuse3j6urbbjs42]|User id : 1|Name : |Module : [use_object]|Function : [Msg - update]| [OK_112] object_trace_diagram - '6' a été modifié.
2022-07-09 00:48:58|[INFO]|Session : [9sk8uf9eks2qckjpud1dv9eh5m]|User id : 1|Name : |Module : [use_object]|Function : [Msg - update]| [OK_112] object_trace - '5' a été modifié.
2022-07-09 00:49:05|[INFO]|Session : [se8ke1d5h6t4h5iaq5qbndp2of]|User id : 1|Name : |Module : [use_object]|Function : [Msg - update]| [OK_112] object_trace_diagram - '6' a été modifié.
2022-07-09 00:49:06|[INFO]|Session : [7tnotvudcjcq0712kd69l4hab3]|User id : 1|Name : |Module : [use_object]|Function : [Msg - update]| [OK_112] object_trace - '5' a été modifié.
2022-07-09 00:49:07|[INFO]|Session : [t4l7u50lgm0rbgqd9bnuijrih6]|User id : 1|Name : |Module : [use_object]|Function : [Msg - update]| [OK_112] object_trace_diagram - '6' a été modifié.
2022-07-09 00:49:07|[INFO]|Session : [u8t1damgein8qsbkv9cj10kfqn]|User id : 1|Name : |Module : [use_object]|Function : [Msg - update]| [OK_112] object_trace - '5' a été modifié.
2022-07-09 00:49:08|[INFO]|Session : [u00dbnpqv55o52me576q6v9tg2]|User id : 1|Name : |Module : [use_object]|Function : [Msg - update]| [OK_112] object_trace_diagram - '6' a été modifié.
2022-07-09 00:49:09|[INFO]|Session : [li0le5p93bcaruf6qlb1q83unh]|User id : 1|Name : |Module : [use_object]|Function : [Msg - update]| [OK_112] object_trace - '5' a été modifié.
