2022-08-10 00:22:31|[INFO]|Session : [1l9h2itbs31b76vs79su1nljtk]|User id : 2|Name : SUPER  ADMINISTRATEUR |Module : [use_object]|Function : [Msg - insert]| [OK_111] object_feature - 'ADMIN' a été créé.
2022-08-10 00:24:39|[INFO]|Session : [1l9h2itbs31b76vs79su1nljtk]|User id : 2|Name : SUPER  ADMINISTRATEUR |Module : [use_object]|Function : [Msg - insert]| [OK_111] object_application_ref - '' a été créé.
2022-08-10 00:25:44|[INFO]|Session : [1l9h2itbs31b76vs79su1nljtk]|User id : 2|Name : SUPER  ADMINISTRATEUR |Module : [use_object]|Function : [Msg - insert]| [OK_111] object_group_right - '' a été créé.
2022-08-10 00:41:38|[INFO]|Session : [1l9h2itbs31b76vs79su1nljtk]|User id : 2|Name : SUPER  ADMINISTRATEUR |Module : [use_object]|Function : [Msg - update]| [OK_112] object_user - '75' a été modifié.
2022-08-10 00:41:38|[INFO]|Session : [1l9h2itbs31b76vs79su1nljtk]|User id : 2|Name : SUPER  ADMINISTRATEUR |Module : [use_object]|Function : [Msg - update]| [OK_112] object_user - '' a été modifié.
2022-08-10 16:06:03|[INFO]|Session : [28ln5bdv2766rncconmte93lgv]|User id : 2|Name : SUPER  ADMINISTRATEUR |Module : [use_object]|Function : [Msg - update]| [OK_112] object_trace - '12' a été modifié.
2022-08-10 16:06:07|[INFO]|Session : [28ln5bdv2766rncconmte93lgv]|User id : 2|Name : SUPER  ADMINISTRATEUR |Module : [use_object]|Function : [Msg - update]| [OK_112] object_trace_diagram - '22' a été modifié.
2022-08-10 16:06:07|[INFO]|Session : [28ln5bdv2766rncconmte93lgv]|User id : 2|Name : SUPER  ADMINISTRATEUR |Module : [use_object]|Function : [Msg - update]| [OK_112] object_trace - '12' a été modifié.
2022-08-10 16:06:07|[INFO]|Session : [28ln5bdv2766rncconmte93lgv]|User id : 2|Name : SUPER  ADMINISTRATEUR |Module : [use_object]|Function : [Msg - update]| [OK_112] object_trace_diagram - '22' a été modifié.
2022-08-10 16:06:07|[INFO]|Session : [28ln5bdv2766rncconmte93lgv]|User id : 2|Name : SUPER  ADMINISTRATEUR |Module : [use_object]|Function : [Msg - update]| [OK_112] object_trace - '12' a été modifié.
2022-08-10 16:06:08|[INFO]|Session : [28ln5bdv2766rncconmte93lgv]|User id : 2|Name : SUPER  ADMINISTRATEUR |Module : [use_object]|Function : [Msg - update]| [OK_112] object_trace_diagram - '22' a été modifié.
2022-08-10 16:06:08|[INFO]|Session : [28ln5bdv2766rncconmte93lgv]|User id : 2|Name : SUPER  ADMINISTRATEUR |Module : [use_object]|Function : [Msg - update]| [OK_112] object_trace - '12' a été modifié.
2022-08-10 23:00:48|[INFO]|Session : [7109mt9c1fp0jbrfeohf7eo4kc]|User id : 2|Name : SUPER  ADMINISTRATEUR |Module : [use_object]|Function : [Msg - delete]| [OK_110] object_diagram - '51' a été supprimé.
2022-08-10 23:00:53|[INFO]|Session : [7109mt9c1fp0jbrfeohf7eo4kc]|User id : 2|Name : SUPER  ADMINISTRATEUR |Module : [use_object]|Function : [Msg - delete]| [OK_110] object_diagram - '48' a été supprimé.
2022-08-10 23:00:58|[INFO]|Session : [7109mt9c1fp0jbrfeohf7eo4kc]|User id : 2|Name : SUPER  ADMINISTRATEUR |Module : [use_object]|Function : [Msg - delete]| [OK_110] object_diagram - '47' a été supprimé.
2022-08-10 23:01:01|[INFO]|Session : [7109mt9c1fp0jbrfeohf7eo4kc]|User id : 2|Name : SUPER  ADMINISTRATEUR |Module : [use_object]|Function : [Msg - delete]| [OK_110] object_diagram - '46' a été supprimé.
2022-08-10 23:01:04|[INFO]|Session : [7109mt9c1fp0jbrfeohf7eo4kc]|User id : 2|Name : SUPER  ADMINISTRATEUR |Module : [use_object]|Function : [Msg - delete]| [OK_110] object_diagram - '43' a été supprimé.
2022-08-10 23:01:07|[INFO]|Session : [7109mt9c1fp0jbrfeohf7eo4kc]|User id : 2|Name : SUPER  ADMINISTRATEUR |Module : [use_object]|Function : [Msg - delete]| [OK_110] object_diagram - '44' a été supprimé.
2022-08-10 23:01:11|[INFO]|Session : [7109mt9c1fp0jbrfeohf7eo4kc]|User id : 2|Name : SUPER  ADMINISTRATEUR |Module : [use_object]|Function : [Msg - delete]| [OK_110] object_diagram - '45' a été supprimé.
2022-08-10 23:01:18|[INFO]|Session : [7109mt9c1fp0jbrfeohf7eo4kc]|User id : 2|Name : SUPER  ADMINISTRATEUR |Module : [use_object]|Function : [Msg - delete]| [OK_110] object_diagram - '41' a été supprimé.
2022-08-10 23:01:23|[INFO]|Session : [7109mt9c1fp0jbrfeohf7eo4kc]|User id : 2|Name : SUPER  ADMINISTRATEUR |Module : [use_object]|Function : [Msg - delete]| [OK_110] object_diagram - '39' a été supprimé.
2022-08-10 23:01:26|[INFO]|Session : [7109mt9c1fp0jbrfeohf7eo4kc]|User id : 2|Name : SUPER  ADMINISTRATEUR |Module : [use_object]|Function : [Msg - delete]| [OK_110] object_diagram - '38' a été supprimé.
2022-08-10 23:01:30|[INFO]|Session : [7109mt9c1fp0jbrfeohf7eo4kc]|User id : 2|Name : SUPER  ADMINISTRATEUR |Module : [use_object]|Function : [Msg - delete]| [OK_110] object_diagram - '40' a été supprimé.
2022-08-10 23:01:33|[INFO]|Session : [7109mt9c1fp0jbrfeohf7eo4kc]|User id : 2|Name : SUPER  ADMINISTRATEUR |Module : [use_object]|Function : [Msg - delete]| [OK_110] object_diagram - '42' a été supprimé.
2022-08-10 23:01:49|[INFO]|Session : [7109mt9c1fp0jbrfeohf7eo4kc]|User id : 2|Name : SUPER  ADMINISTRATEUR |Module : [use_object]|Function : [Msg - delete]| [OK_110] object_slide - '308' a été supprimé.
2022-08-10 23:02:01|[INFO]|Session : [7109mt9c1fp0jbrfeohf7eo4kc]|User id : 2|Name : SUPER  ADMINISTRATEUR |Module : [use_object]|Function : [Msg - delete]| [OK_110] object_slide - '245' a été supprimé.
2022-08-10 23:02:05|[INFO]|Session : [7109mt9c1fp0jbrfeohf7eo4kc]|User id : 2|Name : SUPER  ADMINISTRATEUR |Module : [use_object]|Function : [Msg - delete]| [OK_110] object_slide - '244' a été supprimé.
2022-08-10 23:02:09|[INFO]|Session : [7109mt9c1fp0jbrfeohf7eo4kc]|User id : 2|Name : SUPER  ADMINISTRATEUR |Module : [use_object]|Function : [Msg - delete]| [OK_110] object_slide - '234' a été supprimé.
2022-08-10 23:02:13|[INFO]|Session : [7109mt9c1fp0jbrfeohf7eo4kc]|User id : 2|Name : SUPER  ADMINISTRATEUR |Module : [use_object]|Function : [Msg - delete]| [OK_110] object_slide - '236' a été supprimé.
2022-08-10 23:02:16|[INFO]|Session : [7109mt9c1fp0jbrfeohf7eo4kc]|User id : 2|Name : SUPER  ADMINISTRATEUR |Module : [use_object]|Function : [Msg - delete]| [OK_110] object_slide - '238' a été supprimé.
2022-08-10 23:02:22|[INFO]|Session : [7109mt9c1fp0jbrfeohf7eo4kc]|User id : 2|Name : SUPER  ADMINISTRATEUR |Module : [use_object]|Function : [Msg - delete]| [OK_110] object_slide - '239' a été supprimé.
2022-08-10 23:02:26|[INFO]|Session : [7109mt9c1fp0jbrfeohf7eo4kc]|User id : 2|Name : SUPER  ADMINISTRATEUR |Module : [use_object]|Function : [Msg - delete]| [OK_110] object_slide - '235' a été supprimé.
2022-08-10 23:02:30|[INFO]|Session : [7109mt9c1fp0jbrfeohf7eo4kc]|User id : 2|Name : SUPER  ADMINISTRATEUR |Module : [use_object]|Function : [Msg - delete]| [OK_110] object_slide - '242' a été supprimé.
2022-08-10 23:02:33|[INFO]|Session : [7109mt9c1fp0jbrfeohf7eo4kc]|User id : 2|Name : SUPER  ADMINISTRATEUR |Module : [use_object]|Function : [Msg - delete]| [OK_110] object_slide - '243' a été supprimé.
2022-08-10 23:02:37|[INFO]|Session : [7109mt9c1fp0jbrfeohf7eo4kc]|User id : 2|Name : SUPER  ADMINISTRATEUR |Module : [use_object]|Function : [Msg - delete]| [OK_110] object_slide - '305' a été supprimé.
2022-08-10 23:02:41|[INFO]|Session : [7109mt9c1fp0jbrfeohf7eo4kc]|User id : 2|Name : SUPER  ADMINISTRATEUR |Module : [use_object]|Function : [Msg - delete]| [OK_110] object_slide - '303' a été supprimé.
2022-08-10 23:02:46|[INFO]|Session : [7109mt9c1fp0jbrfeohf7eo4kc]|User id : 2|Name : SUPER  ADMINISTRATEUR |Module : [use_object]|Function : [Msg - delete]| [OK_110] object_slide - '307' a été supprimé.
2022-08-10 23:02:50|[INFO]|Session : [7109mt9c1fp0jbrfeohf7eo4kc]|User id : 2|Name : SUPER  ADMINISTRATEUR |Module : [use_object]|Function : [Msg - delete]| [OK_110] object_slide - '306' a été supprimé.
2022-08-10 23:02:54|[INFO]|Session : [7109mt9c1fp0jbrfeohf7eo4kc]|User id : 2|Name : SUPER  ADMINISTRATEUR |Module : [use_object]|Function : [Msg - delete]| [OK_110] object_slide_variable - '38' a été supprimé.
2022-08-10 23:02:54|[INFO]|Session : [7109mt9c1fp0jbrfeohf7eo4kc]|User id : 2|Name : SUPER  ADMINISTRATEUR |Module : [use_object]|Function : [Msg - delete]| [OK_110] object_slide_variable - '39' a été supprimé.
2022-08-10 23:02:54|[INFO]|Session : [7109mt9c1fp0jbrfeohf7eo4kc]|User id : 2|Name : SUPER  ADMINISTRATEUR |Module : [use_object]|Function : [Msg - delete]| [OK_110] object_slide_result - '22' a été supprimé.
2022-08-10 23:02:54|[INFO]|Session : [7109mt9c1fp0jbrfeohf7eo4kc]|User id : 2|Name : SUPER  ADMINISTRATEUR |Module : [use_object]|Function : [Msg - delete]| [OK_110] object_slide_result - '23' a été supprimé.
2022-08-10 23:02:54|[INFO]|Session : [7109mt9c1fp0jbrfeohf7eo4kc]|User id : 2|Name : SUPER  ADMINISTRATEUR |Module : [use_object]|Function : [Msg - delete]| [OK_110] object_slide_result_1 - '24' a été supprimé.
2022-08-10 23:02:54|[INFO]|Session : [7109mt9c1fp0jbrfeohf7eo4kc]|User id : 2|Name : SUPER  ADMINISTRATEUR |Module : [use_object]|Function : [Msg - delete]| [OK_110] object_slide - '309' a été supprimé.
2022-08-10 23:03:39|[INFO]|Session : [7109mt9c1fp0jbrfeohf7eo4kc]|User id : 2|Name : SUPER  ADMINISTRATEUR |Module : [use_object]|Function : [Msg - delete]| [OK_110] object_slide - '246' a été supprimé.
2022-08-10 23:04:15|[INFO]|Session : [7109mt9c1fp0jbrfeohf7eo4kc]|User id : 2|Name : SUPER  ADMINISTRATEUR |Module : [use_object]|Function : [Msg - insert]| [OK_111] object_link - '' a été créé.
2022-08-10 23:04:15|[INFO]|Session : [7109mt9c1fp0jbrfeohf7eo4kc]|User id : 2|Name : SUPER  ADMINISTRATEUR |Module : [use_object]|Function : [Msg - update]| [OK_112] object_slide - '294' a été modifié.
2022-08-10 23:04:15|[INFO]|Session : [7109mt9c1fp0jbrfeohf7eo4kc]|User id : 2|Name : SUPER  ADMINISTRATEUR |Module : [use_object]|Function : [Msg - insert]| [OK_111] object_node - '' a été créé.
2022-08-10 23:04:15|[INFO]|Session : [7109mt9c1fp0jbrfeohf7eo4kc]|User id : 2|Name : SUPER  ADMINISTRATEUR |Module : [use_object]|Function : [Msg - insert]| [OK_111] object_link - '' a été créé.
2022-08-10 23:04:43|[INFO]|Session : [7109mt9c1fp0jbrfeohf7eo4kc]|User id : 2|Name : SUPER  ADMINISTRATEUR |Module : [use_object]|Function : [Msg - insert]| [OK_111] object_link - '' a été créé.
2022-08-10 23:04:43|[INFO]|Session : [7109mt9c1fp0jbrfeohf7eo4kc]|User id : 2|Name : SUPER  ADMINISTRATEUR |Module : [use_object]|Function : [Msg - update]| [OK_112] object_slide - '286' a été modifié.
2022-08-10 23:04:43|[INFO]|Session : [7109mt9c1fp0jbrfeohf7eo4kc]|User id : 2|Name : SUPER  ADMINISTRATEUR |Module : [use_object]|Function : [Msg - insert]| [OK_111] object_node - '' a été créé.
2022-08-10 23:04:44|[INFO]|Session : [7109mt9c1fp0jbrfeohf7eo4kc]|User id : 2|Name : SUPER  ADMINISTRATEUR |Module : [use_object]|Function : [Msg - insert]| [OK_111] object_link - '' a été créé.
2022-08-10 23:04:44|[INFO]|Session : [7109mt9c1fp0jbrfeohf7eo4kc]|User id : 2|Name : SUPER  ADMINISTRATEUR |Module : [use_object]|Function : [Msg - update]| [OK_112] object_slide - '285' a été modifié.
2022-08-10 23:04:44|[INFO]|Session : [7109mt9c1fp0jbrfeohf7eo4kc]|User id : 2|Name : SUPER  ADMINISTRATEUR |Module : [use_object]|Function : [Msg - insert]| [OK_111] object_node - '' a été créé.
2022-08-10 23:04:44|[INFO]|Session : [7109mt9c1fp0jbrfeohf7eo4kc]|User id : 2|Name : SUPER  ADMINISTRATEUR |Module : [use_object]|Function : [Msg - insert]| [OK_111] object_link - '' a été créé.
2022-08-10 23:04:44|[INFO]|Session : [7109mt9c1fp0jbrfeohf7eo4kc]|User id : 2|Name : SUPER  ADMINISTRATEUR |Module : [use_object]|Function : [Msg - insert]| [OK_111] object_link - '' a été créé.
2022-08-10 23:05:10|[INFO]|Session : [7109mt9c1fp0jbrfeohf7eo4kc]|User id : 2|Name : SUPER  ADMINISTRATEUR |Module : [use_object]|Function : [Msg - deleteChildren]| [OK_113] object_node - '1985' a été édité.
2022-08-10 23:05:14|[INFO]|Session : [7109mt9c1fp0jbrfeohf7eo4kc]|User id : 2|Name : SUPER  ADMINISTRATEUR |Module : [use_object]|Function : [Msg - deleteChildren]| [OK_113] object_node - '1986' a été édité.
2022-08-10 23:20:25|[INFO]|Session : [7109mt9c1fp0jbrfeohf7eo4kc]|User id : 2|Name : SUPER  ADMINISTRATEUR |Module : [use_object]|Function : [Msg - insert]| [OK_111] object_link - '' a été créé.
2022-08-10 23:21:52|[INFO]|Session : [7109mt9c1fp0jbrfeohf7eo4kc]|User id : 2|Name : SUPER  ADMINISTRATEUR |Module : [use_object]|Function : [Msg - deleteChildren]| [OK_113] object_node - '1987' a été édité.
2022-08-10 23:21:58|[INFO]|Session : [7109mt9c1fp0jbrfeohf7eo4kc]|User id : 2|Name : SUPER  ADMINISTRATEUR |Module : [use_object]|Function : [Msg - insert]| [OK_111] object_link - '' a été créé.
2022-08-10 23:22:58|[INFO]|Session : [7109mt9c1fp0jbrfeohf7eo4kc]|User id : 2|Name : SUPER  ADMINISTRATEUR |Module : [use_object]|Function : [Msg - delete]| [OK_110] object_question - '172' a été supprimé.
2022-08-10 23:23:01|[INFO]|Session : [7109mt9c1fp0jbrfeohf7eo4kc]|User id : 2|Name : SUPER  ADMINISTRATEUR |Module : [use_object]|Function : [Msg - delete]| [OK_110] object_question - '173' a été supprimé.
