2022-09-30 00:04:20|[INFO]|Session : [gh0qrm4ovemrsou6a193h7jdiu]|User id : 1|Name : |Module : [use_object]|Function : [Msg - update]| [OK_112] object_trace - '168' a été modifié.
2022-09-30 00:04:22|[INFO]|Session : [frbdqdgpjisoi39vv2ajek4vtn]|User id : 1|Name : |Module : [use_object]|Function : [Msg - update]| [OK_112] object_trace - '168' a été modifié.
2022-09-30 00:04:27|[INFO]|Session : [9dpn6cspnnimn4lssc0d97jvc8]|User id : 1|Name : |Module : [use_object]|Function : [Msg - update]| [OK_112] object_trace - '168' a été modifié.
2022-09-30 00:04:30|[INFO]|Session : [099o4ntk0tao3j7o614v64atld]|User id : 1|Name : |Module : [use_object]|Function : [Msg - update]| [OK_112] object_trace - '168' a été modifié.
2022-09-30 00:04:33|[INFO]|Session : [ids2tocgrfj1qdtjnahrh5lttd]|User id : 1|Name : |Module : [use_object]|Function : [Msg - update]| [OK_112] object_trace_diagram - '144' a été modifié.
2022-09-30 00:04:34|[INFO]|Session : [vrsiht7dpj47fug8f6o1b7iap5]|User id : 1|Name : |Module : [use_object]|Function : [Msg - update]| [OK_112] object_trace - '168' a été modifié.
2022-09-30 00:04:38|[INFO]|Session : [1beqrp4p2bi8arrq4vfpovblkh]|User id : 1|Name : |Module : [use_object]|Function : [Msg - update]| [OK_112] object_trace_diagram - '144' a été modifié.
2022-09-30 00:04:38|[INFO]|Session : [6t08ui7qv0e1ck6mlrh1c05nm2]|User id : 1|Name : |Module : [use_object]|Function : [Msg - update]| [OK_112] object_trace - '168' a été modifié.
2022-09-30 00:04:39|[INFO]|Session : [5pl5acskjm98sqi43e71c316i3]|User id : 1|Name : |Module : [use_object]|Function : [Msg - update]| [OK_112] object_trace - '168' a été modifié.
2022-09-30 00:04:44|[INFO]|Session : [urcib2grlnh720auth0e4al9uu]|User id : 1|Name : |Module : [use_object]|Function : [Msg - update]| [OK_112] object_trace_diagram - '144' a été modifié.
2022-09-30 00:04:44|[INFO]|Session : [6l3tntkq0vlj5utgb6tkivpsc6]|User id : 1|Name : |Module : [use_object]|Function : [Msg - update]| [OK_112] object_trace - '168' a été modifié.
2022-09-30 00:05:43|[INFO]|Session : [e226uenqt8ero9pv31m27g2lcl]|User id : 1|Name : |Module : [use_object]|Function : [Msg - update]| [OK_112] object_trace - '169' a été modifié.
2022-09-30 00:05:52|[INFO]|Session : [1clcb997mc15979rs3mvp41g20]|User id : 1|Name : |Module : [use_object]|Function : [Msg - update]| [OK_112] object_trace_diagram - '148' a été modifié.
2022-09-30 00:05:53|[INFO]|Session : [5p69sverjjffh4t2e6ckcit1ki]|User id : 1|Name : |Module : [use_object]|Function : [Msg - update]| [OK_112] object_trace - '169' a été modifié.
2022-09-30 00:05:54|[INFO]|Session : [tgg0vjj1drsl4mdn5j7a2qc65q]|User id : 1|Name : |Module : [use_object]|Function : [Msg - update]| [OK_112] object_trace - '169' a été modifié.
2022-09-30 00:05:58|[INFO]|Session : [51ef472bf9hhk7avtabq3ugkbo]|User id : 1|Name : |Module : [use_object]|Function : [Msg - update]| [OK_112] object_trace - '169' a été modifié.
2022-09-30 00:06:00|[INFO]|Session : [tu96mqin2ldfelhgeqbr70729e]|User id : 1|Name : |Module : [use_object]|Function : [Msg - update]| [OK_112] object_trace - '169' a été modifié.
2022-09-30 00:19:46|[INFO]|Session : [bvbuaidicqemknr1roa274rups]|User id : 1|Name : |Module : [use_object]|Function : [Msg - update]| [OK_112] object_trace - '170' a été modifié.
2022-09-30 00:19:50|[INFO]|Session : [8ascbc6tg3srv3ecc6jq1ap935]|User id : 1|Name : |Module : [use_object]|Function : [Msg - update]| [OK_112] object_trace - '170' a été modifié.
2022-09-30 00:19:51|[INFO]|Session : [njfmfum83a6eqn2out76p8ro3e]|User id : 1|Name : |Module : [use_object]|Function : [Msg - update]| [OK_112] object_trace_diagram - '149' a été modifié.
2022-09-30 00:19:51|[INFO]|Session : [fkr9mqqpce5nrb6ab0m6coith0]|User id : 1|Name : |Module : [use_object]|Function : [Msg - update]| [OK_112] object_trace - '170' a été modifié.
2022-09-30 00:19:55|[INFO]|Session : [m5nnuqtg39tik9k2ltp33369iv]|User id : 1|Name : |Module : [use_object]|Function : [Msg - update]| [OK_112] object_trace - '170' a été modifié.
2022-09-30 00:19:57|[INFO]|Session : [ppt0e7vq78l7mmk9sd2a94un1l]|User id : 1|Name : |Module : [use_object]|Function : [Msg - update]| [OK_112] object_trace - '170' a été modifié.
2022-09-30 00:20:01|[INFO]|Session : [uld4tqlqsnv6ucm2hekk697sbq]|User id : 1|Name : |Module : [use_object]|Function : [Msg - update]| [OK_112] object_trace - '170' a été modifié.
2022-09-30 00:20:05|[INFO]|Session : [0ko98517rt6nj3lfd3rol5en7q]|User id : 1|Name : |Module : [use_object]|Function : [Msg - update]| [OK_112] object_trace_diagram - '149' a été modifié.
2022-09-30 00:20:07|[INFO]|Session : [qufe0kgrknsb138btqm8nb8rul]|User id : 1|Name : |Module : [use_object]|Function : [Msg - update]| [OK_112] object_trace - '170' a été modifié.
2022-09-30 02:25:14|[INFO]|Session : [rrm4fbd8pcqp3jpiapa212n19k]|User id : 1|Name : |Module : [use_object]|Function : [Msg - update]| [OK_112] object_trace - '171' a été modifié.
2022-09-30 02:25:19|[INFO]|Session : [f67jmu19a36ksvd0tl93jtnlie]|User id : 1|Name : |Module : [use_object]|Function : [Msg - update]| [OK_112] object_trace - '171' a été modifié.
2022-09-30 02:25:21|[INFO]|Session : [9eibictgko7g8t00oa9bopc48e]|User id : 1|Name : |Module : [use_object]|Function : [Msg - update]| [OK_112] object_trace - '171' a été modifié.
2022-09-30 02:25:26|[INFO]|Session : [ss9vi10kjviv4nebdho22s2ba8]|User id : 1|Name : |Module : [use_object]|Function : [Msg - update]| [OK_112] object_trace - '171' a été modifié.
2022-09-30 02:25:34|[INFO]|Session : [0p1deaslleiqsh8bgp7phgr3g4]|User id : 1|Name : |Module : [use_object]|Function : [Msg - update]| [OK_112] object_trace - '171' a été modifié.
2022-09-30 02:25:36|[INFO]|Session : [8iqsftq61dmuhb754mfitee4hp]|User id : 1|Name : |Module : [use_object]|Function : [Msg - update]| [OK_112] object_trace_diagram - '152' a été modifié.
2022-09-30 02:25:36|[INFO]|Session : [vv9t5r1ipi36d1mjb1bo5p1dsi]|User id : 1|Name : |Module : [use_object]|Function : [Msg - update]| [OK_112] object_trace - '171' a été modifié.
2022-09-30 02:28:05|[INFO]|Session : [iqsagchjscp3r2j7otttg84br3]|User id : 1|Name : |Module : [use_object]|Function : [Msg - update]| [OK_112] object_trace - '171' a été modifié.
2022-09-30 02:28:11|[INFO]|Session : [v3nun92niaes3h1cd3h77ldjp6]|User id : 1|Name : |Module : [use_object]|Function : [Msg - update]| [OK_112] object_trace_diagram - '152' a été modifié.
2022-09-30 02:28:12|[INFO]|Session : [srjpj65ehu4e3moljvvf6qvadr]|User id : 1|Name : |Module : [use_object]|Function : [Msg - update]| [OK_112] object_trace - '171' a été modifié.
2022-09-30 02:28:13|[INFO]|Session : [d2unlelgcq8ga7njbnao8tcfpp]|User id : 1|Name : |Module : [use_object]|Function : [Msg - update]| [OK_112] object_trace - '171' a été modifié.
2022-09-30 02:31:08|[INFO]|Session : [ssgsihv4rp428gttuol02h1p3n]|User id : 1|Name : |Module : [use_object]|Function : [Msg - update]| [OK_112] object_trace - '172' a été modifié.
2022-09-30 02:31:20|[INFO]|Session : [20ankbsso58521l0fc3tlamvb5]|User id : 1|Name : |Module : [use_object]|Function : [Msg - update]| [OK_112] object_trace - '173' a été modifié.
2022-09-30 02:31:25|[INFO]|Session : [1g8t1kcc0too1r4utv46o7v10f]|User id : 1|Name : |Module : [use_object]|Function : [Msg - update]| [OK_112] object_trace - '173' a été modifié.
2022-09-30 02:31:26|[INFO]|Session : [3noeddgk4ps3bao71dcebrdtr0]|User id : 1|Name : |Module : [use_object]|Function : [Msg - update]| [OK_112] object_trace_diagram - '154' a été modifié.
2022-09-30 02:31:27|[INFO]|Session : [hhvccumtvr1vrnckqhd6rooa31]|User id : 1|Name : |Module : [use_object]|Function : [Msg - update]| [OK_112] object_trace - '173' a été modifié.
2022-09-30 02:31:31|[INFO]|Session : [h0f8ngb2ebupjq4nloikv9hgoq]|User id : 1|Name : |Module : [use_object]|Function : [Msg - update]| [OK_112] object_trace - '173' a été modifié.
2022-09-30 02:31:33|[INFO]|Session : [5pomeq87g615pasm9k9hi5s93m]|User id : 1|Name : |Module : [use_object]|Function : [Msg - update]| [OK_112] object_trace - '173' a été modifié.
2022-09-30 02:31:48|[INFO]|Session : [bd341i96tmajgjj9pm542hvqbt]|User id : 1|Name : |Module : [use_object]|Function : [Msg - update]| [OK_112] object_trace - '173' a été modifié.
2022-09-30 02:31:52|[INFO]|Session : [qebej0fld0cso9bc15vs9i1mi3]|User id : 1|Name : |Module : [use_object]|Function : [Msg - update]| [OK_112] object_trace_diagram - '154' a été modifié.
2022-09-30 02:31:53|[INFO]|Session : [ofer6ilufh7ep524m23nu13ip8]|User id : 1|Name : |Module : [use_object]|Function : [Msg - update]| [OK_112] object_trace - '173' a été modifié.
2022-09-30 02:31:55|[INFO]|Session : [hpor613v86sng45n3fhel4k5u1]|User id : 1|Name : |Module : [use_object]|Function : [Msg - update]| [OK_112] object_trace_diagram - '154' a été modifié.
2022-09-30 02:31:56|[INFO]|Session : [6oi1eo78elu6bfv1guoegs3rcq]|User id : 1|Name : |Module : [use_object]|Function : [Msg - update]| [OK_112] object_trace - '173' a été modifié.
2022-09-30 02:31:57|[INFO]|Session : [4fobjjla941qoj691crq2rhcmg]|User id : 1|Name : |Module : [use_object]|Function : [Msg - update]| [OK_112] object_trace - '173' a été modifié.
2022-09-30 02:34:24|[INFO]|Session : [ds5fmg0tg5tgfc9eha0l52cfqe]|User id : 1|Name : |Module : [use_object]|Function : [Msg - update]| [OK_112] object_trace - '174' a été modifié.
2022-09-30 02:34:27|[INFO]|Session : [ua2opd3mncs9rldkbok8dhu3q4]|User id : 1|Name : |Module : [use_object]|Function : [Msg - update]| [OK_112] object_trace_diagram - '155' a été modifié.
2022-09-30 02:34:29|[INFO]|Session : [sscdut2ammmj5bqpr7bcbtljhr]|User id : 1|Name : |Module : [use_object]|Function : [Msg - update]| [OK_112] object_trace - '174' a été modifié.
2022-09-30 02:34:30|[INFO]|Session : [g3qnnod51j7tvndd2muunvr31i]|User id : 1|Name : |Module : [use_object]|Function : [Msg - update]| [OK_112] object_trace - '174' a été modifié.
2022-09-30 02:34:33|[INFO]|Session : [au252s7l9qrfv0vlinvj5vja63]|User id : 1|Name : |Module : [use_object]|Function : [Msg - update]| [OK_112] object_trace - '174' a été modifié.
2022-09-30 02:34:35|[INFO]|Session : [0lbd226lj7skijl1nh5vm7133b]|User id : 1|Name : |Module : [use_object]|Function : [Msg - update]| [OK_112] object_trace - '174' a été modifié.
2022-09-30 02:34:38|[INFO]|Session : [eakmlbbp2jehf51b38iqkb3tpl]|User id : 1|Name : |Module : [use_object]|Function : [Msg - update]| [OK_112] object_trace - '174' a été modifié.
2022-09-30 02:34:41|[INFO]|Session : [jk3jmeobl3uojo4pqccdbbqoo5]|User id : 1|Name : |Module : [use_object]|Function : [Msg - update]| [OK_112] object_trace - '174' a été modifié.
2022-09-30 02:34:42|[INFO]|Session : [e4spinkomtkq1r5iblm4l2n9n6]|User id : 1|Name : |Module : [use_object]|Function : [Msg - update]| [OK_112] object_trace_diagram - '155' a été modifié.
2022-09-30 02:34:43|[INFO]|Session : [288tklh12793md017kp0nb7eac]|User id : 1|Name : |Module : [use_object]|Function : [Msg - update]| [OK_112] object_trace - '174' a été modifié.
2022-09-30 02:34:45|[INFO]|Session : [kvfg77g3b0fv3q5belku1agj5p]|User id : 1|Name : |Module : [use_object]|Function : [Msg - update]| [OK_112] object_trace - '174' a été modifié.
2022-09-30 02:34:50|[INFO]|Session : [n2cni9fnv275f5up5vgqvk76gb]|User id : 1|Name : |Module : [use_object]|Function : [Msg - update]| [OK_112] object_trace_diagram - '155' a été modifié.
2022-09-30 02:34:50|[INFO]|Session : [pk2ocsh5s9r7edgkukn4bttts7]|User id : 1|Name : |Module : [use_object]|Function : [Msg - update]| [OK_112] object_trace - '174' a été modifié.
2022-09-30 02:34:51|[INFO]|Session : [tb5m62r1504hsmjsomvue49i28]|User id : 1|Name : |Module : [use_object]|Function : [Msg - update]| [OK_112] object_trace - '174' a été modifié.
2022-09-30 02:34:53|[INFO]|Session : [ktac3mrjpn131v5vg04ubsu8tg]|User id : 1|Name : |Module : [use_object]|Function : [Msg - update]| [OK_112] object_trace_diagram - '155' a été modifié.
2022-09-30 02:34:53|[INFO]|Session : [lr21ni0t6jcatgqg8a01rv5j5q]|User id : 1|Name : |Module : [use_object]|Function : [Msg - update]| [OK_112] object_trace - '174' a été modifié.
2022-09-30 02:34:56|[INFO]|Session : [aeo6q8mis73u50p288v2l3sic6]|User id : 1|Name : |Module : [use_object]|Function : [Msg - update]| [OK_112] object_trace - '174' a été modifié.
2022-09-30 02:34:58|[INFO]|Session : [0r6295l4tin23h032mqlsgepv6]|User id : 1|Name : |Module : [use_object]|Function : [Msg - update]| [OK_112] object_trace - '174' a été modifié.
2022-09-30 02:35:05|[INFO]|Session : [b640f8bd3fan5f6rn9bt2dmoi9]|User id : 1|Name : |Module : [use_object]|Function : [Msg - update]| [OK_112] object_trace - '174' a été modifié.
2022-09-30 02:35:07|[INFO]|Session : [c3ggsadn03jdftuelf1d1h8arb]|User id : 1|Name : |Module : [use_object]|Function : [Msg - update]| [OK_112] object_trace_diagram - '155' a été modifié.
2022-09-30 02:35:08|[INFO]|Session : [ssehejo20omqc7qcb3t3qg2elq]|User id : 1|Name : |Module : [use_object]|Function : [Msg - update]| [OK_112] object_trace - '174' a été modifié.
2022-09-30 02:35:09|[INFO]|Session : [g42k0rs3v6j4siio278jmukitm]|User id : 1|Name : |Module : [use_object]|Function : [Msg - update]| [OK_112] object_trace - '174' a été modifié.
2022-09-30 02:38:14|[INFO]|Session : [rclj880g6oese67jtk0vosr1gh]|User id : 1|Name : |Module : [use_object]|Function : [Msg - update]| [OK_112] object_trace - '175' a été modifié.
2022-09-30 02:38:18|[INFO]|Session : [p08nj0gh9g4i031vqc5tlt91qg]|User id : 1|Name : |Module : [use_object]|Function : [Msg - update]| [OK_112] object_trace_diagram - '156' a été modifié.
2022-09-30 02:38:18|[INFO]|Session : [busrirmcgthjovtpl8la3e8lqn]|User id : 1|Name : |Module : [use_object]|Function : [Msg - update]| [OK_112] object_trace - '175' a été modifié.
2022-09-30 02:38:19|[INFO]|Session : [f41lepa21uis6g38mr3ql2k1o3]|User id : 1|Name : |Module : [use_object]|Function : [Msg - update]| [OK_112] object_trace - '175' a été modifié.
2022-09-30 02:38:22|[INFO]|Session : [f4mndkic4gl63nh1i3rfminquk]|User id : 1|Name : |Module : [use_object]|Function : [Msg - update]| [OK_112] object_trace - '175' a été modifié.
2022-09-30 02:38:24|[INFO]|Session : [ln13nhm5uuqctvh2arda6cokbd]|User id : 1|Name : |Module : [use_object]|Function : [Msg - update]| [OK_112] object_trace - '175' a été modifié.
2022-09-30 02:38:27|[INFO]|Session : [5u3mqgfopmpr36lskh0hhdr5vq]|User id : 1|Name : |Module : [use_object]|Function : [Msg - update]| [OK_112] object_trace - '175' a été modifié.
2022-09-30 02:38:30|[INFO]|Session : [jghv58n8r94fidbffs439vlbob]|User id : 1|Name : |Module : [use_object]|Function : [Msg - update]| [OK_112] object_trace - '175' a été modifié.
2022-09-30 02:38:32|[INFO]|Session : [techpr885c1qm46cp602cjt87p]|User id : 1|Name : |Module : [use_object]|Function : [Msg - update]| [OK_112] object_trace_diagram - '156' a été modifié.
2022-09-30 02:38:32|[INFO]|Session : [k1no042ujv73jlaqfn6d9ub5u0]|User id : 1|Name : |Module : [use_object]|Function : [Msg - update]| [OK_112] object_trace - '175' a été modifié.
2022-09-30 02:38:38|[INFO]|Session : [aeegvquj2dfgflrkb9d5sp0f21]|User id : 1|Name : |Module : [use_object]|Function : [Msg - update]| [OK_112] object_trace - '175' a été modifié.
2022-09-30 02:38:56|[INFO]|Session : [d49o93b24vbsolaqq8e7sevf2k]|User id : 1|Name : |Module : [use_object]|Function : [Msg - update]| [OK_112] object_trace - '175' a été modifié.
2022-09-30 02:38:58|[INFO]|Session : [75b89an15p3jsv1thim3quobjr]|User id : 1|Name : |Module : [use_object]|Function : [Msg - update]| [OK_112] object_trace - '175' a été modifié.
2022-09-30 02:39:02|[INFO]|Session : [i6dsa5jcbjv1al6r368nvu5idt]|User id : 1|Name : |Module : [use_object]|Function : [Msg - update]| [OK_112] object_trace_diagram - '156' a été modifié.
2022-09-30 02:39:03|[INFO]|Session : [j0nrrji48l0rjtocd98a836nnc]|User id : 1|Name : |Module : [use_object]|Function : [Msg - update]| [OK_112] object_trace - '175' a été modifié.
2022-09-30 02:39:05|[INFO]|Session : [fvdridaulklhtd9og1pkpl2tqi]|User id : 1|Name : |Module : [use_object]|Function : [Msg - update]| [OK_112] object_trace - '175' a été modifié.
2022-09-30 02:39:12|[INFO]|Session : [rh2718k6004us6pubdcmklvt57]|User id : 1|Name : |Module : [use_object]|Function : [Msg - update]| [OK_112] object_trace_diagram - '156' a été modifié.
2022-09-30 02:39:12|[INFO]|Session : [9d5eat5ija2rotsd4a5n7i0oal]|User id : 1|Name : |Module : [use_object]|Function : [Msg - update]| [OK_112] object_trace - '175' a été modifié.
2022-09-30 02:39:15|[INFO]|Session : [jkjmtqi3je5il8a4npfu4c6p02]|User id : 1|Name : |Module : [use_object]|Function : [Msg - update]| [OK_112] object_trace - '175' a été modifié.
2022-09-30 02:39:17|[INFO]|Session : [cu820pog14gj8890viefd12f5n]|User id : 1|Name : |Module : [use_object]|Function : [Msg - update]| [OK_112] object_trace - '175' a été modifié.
2022-09-30 02:39:21|[INFO]|Session : [npgeksf5dsa23vhup49aj4h7gr]|User id : 1|Name : |Module : [use_object]|Function : [Msg - update]| [OK_112] object_trace_diagram - '156' a été modifié.
2022-09-30 02:39:21|[INFO]|Session : [1dda6mmgo05fq5t7ivrib7u0fs]|User id : 1|Name : |Module : [use_object]|Function : [Msg - update]| [OK_112] object_trace - '175' a été modifié.
2022-09-30 02:39:22|[INFO]|Session : [cm4bkcpjr8dl31o28jksgtmbm7]|User id : 1|Name : |Module : [use_object]|Function : [Msg - update]| [OK_112] object_trace - '175' a été modifié.
2022-09-30 02:40:03|[INFO]|Session : [g9ifip3vj340edceurgrph4kff]|User id : 1|Name : |Module : [use_object]|Function : [Msg - update]| [OK_112] object_trace - '175' a été modifié.
2022-09-30 02:40:06|[INFO]|Session : [kpje7n9i6e86hruhrdff7uv393]|User id : 1|Name : |Module : [use_object]|Function : [Msg - update]| [OK_112] object_trace - '175' a été modifié.
2022-09-30 02:40:09|[INFO]|Session : [31vn7ekn17f2vurf40fjujv2d1]|User id : 1|Name : |Module : [use_object]|Function : [Msg - update]| [OK_112] object_trace_diagram - '156' a été modifié.
2022-09-30 02:40:09|[INFO]|Session : [f56vplk2i1epqo1oga7189pgdp]|User id : 1|Name : |Module : [use_object]|Function : [Msg - update]| [OK_112] object_trace - '175' a été modifié.
2022-09-30 02:40:13|[INFO]|Session : [7qrljtpdk6ajfpv4m4la76akt5]|User id : 1|Name : |Module : [use_object]|Function : [Msg - update]| [OK_112] object_trace - '175' a été modifié.
2022-09-30 02:40:14|[INFO]|Session : [ho5a22b9473hmpovavv3rcv5ug]|User id : 1|Name : |Module : [use_object]|Function : [Msg - update]| [OK_112] object_trace_diagram - '156' a été modifié.
2022-09-30 02:40:14|[INFO]|Session : [2oltj8v5hnfka0dis933662vnm]|User id : 1|Name : |Module : [use_object]|Function : [Msg - update]| [OK_112] object_trace - '175' a été modifié.
2022-09-30 02:41:30|[INFO]|Session : [0ucfmq18botvdo5onp0jlbca2v]|User id : 1|Name : |Module : [use_object]|Function : [Msg - update]| [OK_112] object_trace - '175' a été modifié.
2022-09-30 02:41:33|[INFO]|Session : [v7uno2ld9u62m3mi2ninkhklgo]|User id : 1|Name : |Module : [use_object]|Function : [Msg - update]| [OK_112] object_trace - '175' a été modifié.
2022-09-30 02:41:39|[INFO]|Session : [4iicq708pcstds7mj0tauhhh4k]|User id : 1|Name : |Module : [use_object]|Function : [Msg - update]| [OK_112] object_trace - '176' a été modifié.
2022-09-30 02:41:52|[INFO]|Session : [v0l3klfbpka3dv29qmaukl5ejq]|User id : 1|Name : |Module : [use_object]|Function : [Msg - update]| [OK_112] object_trace - '176' a été modifié.
2022-09-30 02:41:53|[INFO]|Session : [bbv7638maoicvecosu4an3msfj]|User id : 1|Name : |Module : [use_object]|Function : [Msg - update]| [OK_112] object_trace_diagram - '158' a été modifié.
2022-09-30 02:41:54|[INFO]|Session : [n5on54vjcis74lab393vaq5q8t]|User id : 1|Name : |Module : [use_object]|Function : [Msg - update]| [OK_112] object_trace - '176' a été modifié.
2022-09-30 02:41:57|[INFO]|Session : [uj3rdnm5vpgskh3rqs4bphqclk]|User id : 1|Name : |Module : [use_object]|Function : [Msg - update]| [OK_112] object_trace - '176' a été modifié.
2022-09-30 02:42:02|[INFO]|Session : [vt57algc2vinjnrnf0qvkq4oeo]|User id : 1|Name : |Module : [use_object]|Function : [Msg - update]| [OK_112] object_trace - '176' a été modifié.
2022-09-30 02:42:05|[INFO]|Session : [8g66jhnt5bgsfgsn0pfk8jvcvs]|User id : 1|Name : |Module : [use_object]|Function : [Msg - update]| [OK_112] object_trace - '176' a été modifié.
2022-09-30 02:42:09|[INFO]|Session : [2m0hipnn559ci63rhdmhts8c1m]|User id : 1|Name : |Module : [use_object]|Function : [Msg - update]| [OK_112] object_trace - '176' a été modifié.
2022-09-30 02:42:15|[INFO]|Session : [6rs6jbqf5afgo2iuaka1sek0t8]|User id : 1|Name : |Module : [use_object]|Function : [Msg - update]| [OK_112] object_trace - '176' a été modifié.
2022-09-30 02:42:18|[INFO]|Session : [s7vophtvp302jrbtktot8ju1p6]|User id : 1|Name : |Module : [use_object]|Function : [Msg - update]| [OK_112] object_trace_diagram - '158' a été modifié.
2022-09-30 02:42:19|[INFO]|Session : [l0ht5rnkdti6qktj4gvlra4icv]|User id : 1|Name : |Module : [use_object]|Function : [Msg - update]| [OK_112] object_trace - '176' a été modifié.
2022-09-30 02:42:31|[INFO]|Session : [v53qnuej5qti1a2tddc7evffv7]|User id : 1|Name : |Module : [use_object]|Function : [Msg - update]| [OK_112] object_trace - '176' a été modifié.
2022-09-30 02:42:33|[INFO]|Session : [j1bftstqh3jnuk4flgt3r5sfgs]|User id : 1|Name : |Module : [use_object]|Function : [Msg - update]| [OK_112] object_trace_diagram - '158' a été modifié.
2022-09-30 02:42:33|[INFO]|Session : [75fvv8lc3nl4eff0rp62ot507g]|User id : 1|Name : |Module : [use_object]|Function : [Msg - update]| [OK_112] object_trace - '176' a été modifié.
2022-09-30 02:42:49|[INFO]|Session : [6jg9fa2qkcupm0p4maqsc7teef]|User id : 1|Name : |Module : [use_object]|Function : [Msg - update]| [OK_112] object_trace_diagram - '158' a été modifié.
2022-09-30 02:42:51|[INFO]|Session : [mo8bsf231l2ajrdp4vtbehl4aq]|User id : 1|Name : |Module : [use_object]|Function : [Msg - update]| [OK_112] object_trace - '176' a été modifié.
2022-09-30 02:42:52|[INFO]|Session : [3bpt8ne6719ml69g29n72kcmgf]|User id : 1|Name : |Module : [use_object]|Function : [Msg - update]| [OK_112] object_trace - '176' a été modifié.
2022-09-30 02:42:54|[INFO]|Session : [ar8segco3fb5ul0emadilfe7m5]|User id : 1|Name : |Module : [use_object]|Function : [Msg - update]| [OK_112] object_trace_diagram - '158' a été modifié.
2022-09-30 02:42:54|[INFO]|Session : [cuupa3bssqobhti371vj1kebkj]|User id : 1|Name : |Module : [use_object]|Function : [Msg - update]| [OK_112] object_trace - '176' a été modifié.
2022-09-30 02:42:56|[INFO]|Session : [84uea7n3rctkefnj5ft7oicq1g]|User id : 1|Name : |Module : [use_object]|Function : [Msg - update]| [OK_112] object_trace_diagram - '158' a été modifié.
2022-09-30 02:42:57|[INFO]|Session : [r23g34upkbrjva4kar8md363e1]|User id : 1|Name : |Module : [use_object]|Function : [Msg - update]| [OK_112] object_trace - '176' a été modifié.
2022-09-30 02:44:37|[INFO]|Session : [asthvuh379r7r07qk2shhc11eq]|User id : 1|Name : |Module : [use_object]|Function : [Msg - update]| [OK_112] object_trace - '176' a été modifié.
2022-09-30 02:44:39|[INFO]|Session : [sl3vrrc00pdt2rb7m9sl9oasbc]|User id : 1|Name : |Module : [use_object]|Function : [Msg - update]| [OK_112] object_trace_diagram - '158' a été modifié.
2022-09-30 02:44:39|[INFO]|Session : [5h7pasdhicrfaop7re79ghlpfc]|User id : 1|Name : |Module : [use_object]|Function : [Msg - update]| [OK_112] object_trace - '176' a été modifié.
2022-09-30 02:44:42|[INFO]|Session : [8rbp511e7qhlg9h78la1ais6hn]|User id : 1|Name : |Module : [use_object]|Function : [Msg - update]| [OK_112] object_trace - '176' a été modifié.
2022-09-30 02:44:44|[INFO]|Session : [90n6j19esafd5si351nn6er18d]|User id : 1|Name : |Module : [use_object]|Function : [Msg - update]| [OK_112] object_trace - '176' a été modifié.
2022-09-30 02:48:28|[INFO]|Session : [81h7aqg41br8cfr23r3n7u314b]|User id : 1|Name : |Module : [use_object]|Function : [Msg - update]| [OK_112] object_trace - '176' a été modifié.
2022-09-30 02:48:30|[INFO]|Session : [begsuujoqlcqomsm7j7aue4g5c]|User id : 1|Name : |Module : [use_object]|Function : [Msg - update]| [OK_112] object_trace_diagram - '158' a été modifié.
2022-09-30 02:48:30|[INFO]|Session : [dq5nqomo130716i9flihd2sdmf]|User id : 1|Name : |Module : [use_object]|Function : [Msg - update]| [OK_112] object_trace - '176' a été modifié.
2022-09-30 02:48:33|[INFO]|Session : [amb2n85m8n5f3b2bqd7qd1uno2]|User id : 1|Name : |Module : [use_object]|Function : [Msg - update]| [OK_112] object_trace - '176' a été modifié.
2022-09-30 02:48:35|[INFO]|Session : [1b3fo5cl6019rieje6cee4j1ms]|User id : 1|Name : |Module : [use_object]|Function : [Msg - update]| [OK_112] object_trace_diagram - '158' a été modifié.
2022-09-30 02:48:35|[INFO]|Session : [pa773ppid8a0nbp740s6k0kr7v]|User id : 1|Name : |Module : [use_object]|Function : [Msg - update]| [OK_112] object_trace - '176' a été modifié.
2022-09-30 02:48:40|[INFO]|Session : [m0nrqvlq01b527t54t6fiplt7v]|User id : 1|Name : |Module : [use_object]|Function : [Msg - update]| [OK_112] object_trace - '176' a été modifié.
2022-09-30 02:48:44|[INFO]|Session : [rg1795ovp5e1qmsusj2j7eqepb]|User id : 1|Name : |Module : [use_object]|Function : [Msg - update]| [OK_112] object_trace - '176' a été modifié.
2022-09-30 02:48:48|[INFO]|Session : [gttcuv171mv58g4aou5o1hi2gm]|User id : 1|Name : |Module : [use_object]|Function : [Msg - update]| [OK_112] object_trace_diagram - '158' a été modifié.
2022-09-30 02:48:48|[INFO]|Session : [ids94b1q80gfma2hds5lta5ilb]|User id : 1|Name : |Module : [use_object]|Function : [Msg - update]| [OK_112] object_trace - '176' a été modifié.
2022-09-30 02:53:40|[INFO]|Session : [5ourslba81q9gglp4u038sv5ca]|User id : 1|Name : |Module : [use_object]|Function : [Msg - update]| [OK_112] object_trace - '177' a été modifié.
2022-09-30 02:56:02|[INFO]|Session : [bld97oa4so0a5alkdffl5h7oh6]|User id : 1|Name : |Module : [use_object]|Function : [Msg - update]| [OK_112] object_trace - '178' a été modifié.
2022-09-30 02:56:14|[INFO]|Session : [9erp8fkbtd52fe1m5k632n9g5g]|User id : 1|Name : |Module : [use_object]|Function : [Msg - update]| [OK_112] object_trace - '178' a été modifié.
2022-09-30 02:56:16|[INFO]|Session : [c2vss5rgneeu31edqmdchn9a7o]|User id : 1|Name : |Module : [use_object]|Function : [Msg - update]| [OK_112] object_trace_diagram - '164' a été modifié.
2022-09-30 02:56:17|[INFO]|Session : [d5eumtu1crtvf1kjvu02mrkcno]|User id : 1|Name : |Module : [use_object]|Function : [Msg - update]| [OK_112] object_trace - '178' a été modifié.
2022-09-30 02:56:23|[INFO]|Session : [b0ph39od0jvs3vvtupcck5btef]|User id : 1|Name : |Module : [use_object]|Function : [Msg - update]| [OK_112] object_trace - '178' a été modifié.
2022-09-30 02:56:24|[INFO]|Session : [5o69956nva7p6dr9o8naq80koj]|User id : 1|Name : |Module : [use_object]|Function : [Msg - update]| [OK_112] object_trace - '178' a été modifié.
2022-09-30 02:56:28|[INFO]|Session : [oc1r54u1cco46nuosscq7qpvmq]|User id : 1|Name : |Module : [use_object]|Function : [Msg - update]| [OK_112] object_trace - '178' a été modifié.
2022-09-30 02:56:48|[INFO]|Session : [vcb8t4nmhms23u66kls3a0f7bf]|User id : 1|Name : |Module : [use_object]|Function : [Msg - update]| [OK_112] object_trace - '178' a été modifié.
2022-09-30 02:56:50|[INFO]|Session : [8iace1it0svn25n8e70ffsako5]|User id : 1|Name : |Module : [use_object]|Function : [Msg - update]| [OK_112] object_trace_diagram - '164' a été modifié.
2022-09-30 02:56:51|[INFO]|Session : [sngmjev9hfnt265em44g8rfivq]|User id : 1|Name : |Module : [use_object]|Function : [Msg - update]| [OK_112] object_trace - '178' a été modifié.
2022-09-30 02:56:52|[INFO]|Session : [ah9vk8nbi21ife283c084qbij0]|User id : 1|Name : |Module : [use_object]|Function : [Msg - update]| [OK_112] object_trace - '178' a été modifié.
2022-09-30 02:56:56|[INFO]|Session : [v9t853aubted2i5ucuffqj6hps]|User id : 1|Name : |Module : [use_object]|Function : [Msg - update]| [OK_112] object_trace - '178' a été modifié.
2022-09-30 02:59:21|[INFO]|Session : [31dhdfp1k5r0vnlalh6gp93339]|User id : 1|Name : |Module : [use_object]|Function : [Msg - update]| [OK_112] object_trace - '179' a été modifié.
2022-09-30 02:59:35|[INFO]|Session : [aipo5c8sq4bu8186k4sqpp25sf]|User id : 1|Name : |Module : [use_object]|Function : [Msg - update]| [OK_112] object_trace - '179' a été modifié.
2022-09-30 02:59:36|[INFO]|Session : [j9lkuatcmf7k8bvrt9tu345rpb]|User id : 1|Name : |Module : [use_object]|Function : [Msg - update]| [OK_112] object_trace_diagram - '165' a été modifié.
2022-09-30 02:59:37|[INFO]|Session : [a1p47k6kuj277psmorsstthq82]|User id : 1|Name : |Module : [use_object]|Function : [Msg - update]| [OK_112] object_trace - '179' a été modifié.
2022-09-30 02:59:39|[INFO]|Session : [1is3n4q4vsbet4uj099f7bhcr0]|User id : 1|Name : |Module : [use_object]|Function : [Msg - update]| [OK_112] object_trace - '179' a été modifié.
2022-09-30 02:59:40|[INFO]|Session : [he90ibacsvq25hiqdll75106v4]|User id : 1|Name : |Module : [use_object]|Function : [Msg - update]| [OK_112] object_trace - '179' a été modifié.
2022-09-30 02:59:56|[INFO]|Session : [igoqr5m6d1fjg34ocl0ni1bjlc]|User id : 1|Name : |Module : [use_object]|Function : [Msg - update]| [OK_112] object_trace - '179' a été modifié.
2022-09-30 02:59:59|[INFO]|Session : [0sugiisissmmiema0kk6p4to2u]|User id : 1|Name : |Module : [use_object]|Function : [Msg - update]| [OK_112] object_trace - '179' a été modifié.
2022-09-30 03:00:02|[INFO]|Session : [ln4f8u3bcp1memi6k1mmf02lo2]|User id : 1|Name : |Module : [use_object]|Function : [Msg - update]| [OK_112] object_trace - '179' a été modifié.
2022-09-30 03:00:05|[INFO]|Session : [bhhbvdmp947apk2gh4hmlmqe1o]|User id : 1|Name : |Module : [use_object]|Function : [Msg - update]| [OK_112] object_trace - '179' a été modifié.
2022-09-30 03:00:06|[INFO]|Session : [eeo4nru1s8epd8fs04l3k4i9jn]|User id : 1|Name : |Module : [use_object]|Function : [Msg - update]| [OK_112] object_trace_diagram - '165' a été modifié.
2022-09-30 03:00:07|[INFO]|Session : [83ndg8vo3toveirukfcc9gl901]|User id : 1|Name : |Module : [use_object]|Function : [Msg - update]| [OK_112] object_trace - '179' a été modifié.
2022-09-30 03:00:10|[INFO]|Session : [27dnmrs1kk2k97tgibe5522r18]|User id : 1|Name : |Module : [use_object]|Function : [Msg - update]| [OK_112] object_trace - '179' a été modifié.
2022-09-30 03:00:15|[INFO]|Session : [ff7e99ooq6mvvi6lgaoc0l6eu8]|User id : 1|Name : |Module : [use_object]|Function : [Msg - update]| [OK_112] object_trace - '179' a été modifié.
2022-09-30 03:00:36|[INFO]|Session : [34ev83dlov3i62uogj7tnj8a0a]|User id : 1|Name : |Module : [use_object]|Function : [Msg - update]| [OK_112] object_trace - '179' a été modifié.
2022-09-30 03:00:37|[INFO]|Session : [85ucdnsrtlvb69vuep4mqf1ia5]|User id : 1|Name : |Module : [use_object]|Function : [Msg - update]| [OK_112] object_trace_diagram - '165' a été modifié.
2022-09-30 03:00:38|[INFO]|Session : [opi8p6j5kteeo3s21mkm6fb7u9]|User id : 1|Name : |Module : [use_object]|Function : [Msg - update]| [OK_112] object_trace - '179' a été modifié.
2022-09-30 03:01:55|[INFO]|Session : [n1fisabi07gfg4odtmdqbfs15o]|User id : 1|Name : |Module : [use_object]|Function : [Msg - update]| [OK_112] object_trace_diagram - '165' a été modifié.
2022-09-30 03:01:55|[INFO]|Session : [qm5q80r9r7j7kt55rpt4cpcu06]|User id : 1|Name : |Module : [use_object]|Function : [Msg - update]| [OK_112] object_trace - '179' a été modifié.
2022-09-30 03:01:58|[INFO]|Session : [db6par502jjvp47c7a7okltd0g]|User id : 1|Name : |Module : [use_object]|Function : [Msg - update]| [OK_112] object_trace - '179' a été modifié.
2022-09-30 03:01:59|[INFO]|Session : [c3pigp1a11a3e1v4sgda5se6q0]|User id : 1|Name : |Module : [use_object]|Function : [Msg - update]| [OK_112] object_trace_diagram - '165' a été modifié.
2022-09-30 03:02:01|[INFO]|Session : [mfhlrlrhnai58qqi6gnt58lvi8]|User id : 1|Name : |Module : [use_object]|Function : [Msg - update]| [OK_112] object_trace - '179' a été modifié.
2022-09-30 03:02:02|[INFO]|Session : [4l89e8ge0lqm69d6p736i0vgs2]|User id : 1|Name : |Module : [use_object]|Function : [Msg - update]| [OK_112] object_trace - '179' a été modifié.
2022-09-30 03:02:05|[INFO]|Session : [6c9jbmab7u1pl2iom1s9pcb3l9]|User id : 1|Name : |Module : [use_object]|Function : [Msg - update]| [OK_112] object_trace - '179' a été modifié.
2022-09-30 03:02:09|[INFO]|Session : [fe0hbv203kbautlrf46vjb5naa]|User id : 1|Name : |Module : [use_object]|Function : [Msg - update]| [OK_112] object_trace - '179' a été modifié.
2022-09-30 03:02:22|[INFO]|Session : [r3iqt08j6sjdu9mhs4hst17hdd]|User id : 1|Name : |Module : [use_object]|Function : [Msg - update]| [OK_112] object_trace - '179' a été modifié.
2022-09-30 03:02:24|[INFO]|Session : [qvcumv7hjrqjtcmdsqnsd39n55]|User id : 1|Name : |Module : [use_object]|Function : [Msg - update]| [OK_112] object_trace - '179' a été modifié.
2022-09-30 03:02:27|[INFO]|Session : [hvk81iduchftirh2dgtlkm3q5h]|User id : 1|Name : |Module : [use_object]|Function : [Msg - update]| [OK_112] object_trace - '179' a été modifié.
2022-09-30 03:02:28|[INFO]|Session : [69qjv89sgj8i7a01bsp1q8u7r2]|User id : 1|Name : |Module : [use_object]|Function : [Msg - update]| [OK_112] object_trace_diagram - '165' a été modifié.
2022-09-30 03:02:29|[INFO]|Session : [b77kjvmp1tmqq6alqkghcbe6pe]|User id : 1|Name : |Module : [use_object]|Function : [Msg - update]| [OK_112] object_trace - '179' a été modifié.
2022-09-30 03:02:40|[INFO]|Session : [nr14to8t7breinhsgt209ecgdp]|User id : 1|Name : |Module : [use_object]|Function : [Msg - update]| [OK_112] object_trace - '179' a été modifié.
2022-09-30 03:02:46|[INFO]|Session : [sod7l6vb23l963uhdalohpf7od]|User id : 1|Name : |Module : [use_object]|Function : [Msg - update]| [OK_112] object_trace - '179' a été modifié.
2022-09-30 03:02:48|[INFO]|Session : [aanvoehr7rmoqpi8197onlmoks]|User id : 1|Name : |Module : [use_object]|Function : [Msg - update]| [OK_112] object_trace_diagram - '165' a été modifié.
2022-09-30 03:02:48|[INFO]|Session : [p3b744o6urmksi61uil6ccocmk]|User id : 1|Name : |Module : [use_object]|Function : [Msg - update]| [OK_112] object_trace - '179' a été modifié.
2022-09-30 08:44:37|[INFO]|Session : [ap84nc91c7ebnaavsrhenrn7if]|User id : 1|Name : |Module : [use_object]|Function : [Msg - update]| [OK_112] object_trace - '180' a été modifié.
2022-09-30 08:45:36|[INFO]|Session : [b8salp0h2km3rehi6oa1q9mqmg]|User id : 1|Name : |Module : [use_object]|Function : [Msg - update]| [OK_112] object_trace - '180' a été modifié.
2022-09-30 08:45:37|[INFO]|Session : [th4liu4mgcf174qoc1nrkf4ba9]|User id : 1|Name : |Module : [use_object]|Function : [Msg - update]| [OK_112] object_trace_diagram - '167' a été modifié.
2022-09-30 08:45:38|[INFO]|Session : [7h28ukmo16fp20unjgj96hiub7]|User id : 1|Name : |Module : [use_object]|Function : [Msg - update]| [OK_112] object_trace - '180' a été modifié.
2022-09-30 08:45:40|[INFO]|Session : [fhtd4gln3vrh8kq2fq6h696116]|User id : 1|Name : |Module : [use_object]|Function : [Msg - update]| [OK_112] object_trace - '180' a été modifié.
2022-09-30 08:45:42|[INFO]|Session : [90jars5pduqbv1qms9r85cl6l6]|User id : 1|Name : |Module : [use_object]|Function : [Msg - update]| [OK_112] object_trace - '180' a été modifié.
2022-09-30 08:45:46|[INFO]|Session : [ou48qpbtbfpftmuhd7g2tf1229]|User id : 1|Name : |Module : [use_object]|Function : [Msg - update]| [OK_112] object_trace - '180' a été modifié.
2022-09-30 08:45:51|[INFO]|Session : [73u0qipt51o8h8hi3kqguk8j8b]|User id : 1|Name : |Module : [use_object]|Function : [Msg - update]| [OK_112] object_trace - '180' a été modifié.
2022-09-30 08:45:52|[INFO]|Session : [b29uc2fks0hbbh2kroplfnh5tr]|User id : 1|Name : |Module : [use_object]|Function : [Msg - update]| [OK_112] object_trace_diagram - '167' a été modifié.
2022-09-30 08:45:53|[INFO]|Session : [kvm0lci472i3nppgq9strv7g4g]|User id : 1|Name : |Module : [use_object]|Function : [Msg - update]| [OK_112] object_trace - '180' a été modifié.
2022-09-30 08:45:54|[INFO]|Session : [evgirs7vq477jbo06fv55c0hef]|User id : 1|Name : |Module : [use_object]|Function : [Msg - update]| [OK_112] object_trace - '180' a été modifié.
2022-09-30 08:46:02|[INFO]|Session : [69t5sgfsv9qsl5ne87s7qbbi7c]|User id : 1|Name : |Module : [use_object]|Function : [Msg - update]| [OK_112] object_trace - '180' a été modifié.
2022-09-30 08:46:07|[INFO]|Session : [js1sr468qmd80gdr9mjv789ssr]|User id : 1|Name : |Module : [use_object]|Function : [Msg - update]| [OK_112] object_trace - '180' a été modifié.
2022-09-30 08:46:11|[INFO]|Session : [u8l3c6q98g3c4bq3dad5lnn89b]|User id : 1|Name : |Module : [use_object]|Function : [Msg - update]| [OK_112] object_trace_diagram - '167' a été modifié.
2022-09-30 08:46:11|[INFO]|Session : [1ctnc4afrskj0cgflev37kv1lg]|User id : 1|Name : |Module : [use_object]|Function : [Msg - update]| [OK_112] object_trace - '180' a été modifié.
2022-09-30 08:46:12|[INFO]|Session : [c6bhijnhfi1r7tfo5o63m6h9pq]|User id : 1|Name : |Module : [use_object]|Function : [Msg - update]| [OK_112] object_trace - '180' a été modifié.
2022-09-30 08:46:15|[INFO]|Session : [uvcji8h9npm87n3qrubgi80qep]|User id : 1|Name : |Module : [use_object]|Function : [Msg - update]| [OK_112] object_trace - '180' a été modifié.
2022-09-30 08:46:16|[INFO]|Session : [8r1a6mabq4ledn2tph0fjur7pl]|User id : 1|Name : |Module : [use_object]|Function : [Msg - update]| [OK_112] object_trace_diagram - '167' a été modifié.
2022-09-30 08:46:17|[INFO]|Session : [2ine8n0p59fddspu3sv035n13g]|User id : 1|Name : |Module : [use_object]|Function : [Msg - update]| [OK_112] object_trace - '180' a été modifié.
2022-09-30 08:46:19|[INFO]|Session : [6io34h90asg3930ajbhaklea3d]|User id : 1|Name : |Module : [use_object]|Function : [Msg - update]| [OK_112] object_trace - '180' a été modifié.
2022-09-30 08:46:25|[INFO]|Session : [bc57u0n5i5jtv9h6alfdp1202i]|User id : 1|Name : |Module : [use_object]|Function : [Msg - update]| [OK_112] object_trace_diagram - '167' a été modifié.
2022-09-30 08:46:26|[INFO]|Session : [1hsfb3qhgqng4k3tsvl4cg2jbr]|User id : 1|Name : |Module : [use_object]|Function : [Msg - update]| [OK_112] object_trace - '180' a été modifié.
2022-09-30 08:46:28|[INFO]|Session : [ugq2ekf5hre8nobfelpe2uderc]|User id : 1|Name : |Module : [use_object]|Function : [Msg - update]| [OK_112] object_trace - '180' a été modifié.
2022-09-30 08:46:31|[INFO]|Session : [6p88nkemi3mib0mdl7o2obis6c]|User id : 1|Name : |Module : [use_object]|Function : [Msg - update]| [OK_112] object_trace_diagram - '167' a été modifié.
2022-09-30 08:46:32|[INFO]|Session : [r752de8b0dgempat0qq6mcik7i]|User id : 1|Name : |Module : [use_object]|Function : [Msg - update]| [OK_112] object_trace - '180' a été modifié.
2022-09-30 08:46:32|[INFO]|Session : [asddbu97cecjqfggl3a2c4usd0]|User id : 1|Name : |Module : [use_object]|Function : [Msg - update]| [OK_112] object_trace_diagram - '167' a été modifié.
2022-09-30 08:46:32|[INFO]|Session : [6pai3l3082bhnavggscq78mdap]|User id : 1|Name : |Module : [use_object]|Function : [Msg - update]| [OK_112] object_trace - '180' a été modifié.
2022-09-30 08:51:32|[INFO]|Session : [mdcm0ppev0ojo2bjtaphmd6ak0]|User id : 1|Name : |Module : [use_object]|Function : [Msg - update]| [OK_112] object_trace - '181' a été modifié.
2022-09-30 08:53:15|[INFO]|Session : [e4162llcpq90gshvie6mjo7gtl]|User id : 1|Name : |Module : [use_object]|Function : [Msg - update]| [OK_112] object_trace_diagram - '168' a été modifié.
2022-09-30 08:53:16|[INFO]|Session : [pa5v57g2cijd75ci0c61otm6ac]|User id : 1|Name : |Module : [use_object]|Function : [Msg - update]| [OK_112] object_trace - '181' a été modifié.
2022-09-30 08:53:18|[INFO]|Session : [8c479edajikoc506t8nl5d9oge]|User id : 1|Name : |Module : [use_object]|Function : [Msg - update]| [OK_112] object_trace - '181' a été modifié.
2022-09-30 08:53:33|[INFO]|Session : [edegt6l3hvk4gpf841i90ujojl]|User id : 1|Name : |Module : [use_object]|Function : [Msg - update]| [OK_112] object_trace - '181' a été modifié.
2022-09-30 08:53:35|[INFO]|Session : [e4bhok81vcf38lndikegno98l9]|User id : 1|Name : |Module : [use_object]|Function : [Msg - update]| [OK_112] object_trace - '181' a été modifié.
2022-09-30 08:53:59|[INFO]|Session : [7pdfo58l3gp6il1ufl0gdtuipm]|User id : 1|Name : |Module : [use_object]|Function : [Msg - update]| [OK_112] object_trace - '181' a été modifié.
2022-09-30 08:54:12|[INFO]|Session : [ovd9mabtivphg3k8ivqsff1t5m]|User id : 1|Name : |Module : [use_object]|Function : [Msg - update]| [OK_112] object_trace - '181' a été modifié.
2022-09-30 08:54:14|[INFO]|Session : [aa7a54396h3vas8tm3e5p0ojrs]|User id : 1|Name : |Module : [use_object]|Function : [Msg - update]| [OK_112] object_trace - '181' a été modifié.
2022-09-30 08:54:35|[INFO]|Session : [rse4u0dtl814d2mbetht21cn3i]|User id : 1|Name : |Module : [use_object]|Function : [Msg - update]| [OK_112] object_trace - '181' a été modifié.
2022-09-30 08:54:41|[INFO]|Session : [b7455ok89uq7kd8mci35odlj5i]|User id : 1|Name : |Module : [use_object]|Function : [Msg - update]| [OK_112] object_trace - '181' a été modifié.
2022-09-30 08:54:45|[INFO]|Session : [njvbcnvasg1fn5hdfjhtrq35l4]|User id : 1|Name : |Module : [use_object]|Function : [Msg - update]| [OK_112] object_trace_diagram - '168' a été modifié.
2022-09-30 08:54:45|[INFO]|Session : [tibe2llegj55lg1l29bhssulv4]|User id : 1|Name : |Module : [use_object]|Function : [Msg - update]| [OK_112] object_trace - '181' a été modifié.
2022-09-30 08:54:52|[INFO]|Session : [jun80s79idaml20thkob2mgf86]|User id : 1|Name : |Module : [use_object]|Function : [Msg - update]| [OK_112] object_trace - '181' a été modifié.
2022-09-30 08:54:58|[INFO]|Session : [nhis5r79i5ag9g5h4rf89schne]|User id : 1|Name : |Module : [use_object]|Function : [Msg - update]| [OK_112] object_trace - '181' a été modifié.
2022-09-30 08:55:03|[INFO]|Session : [87vgqlb79v71tfbfenme8j666v]|User id : 1|Name : |Module : [use_object]|Function : [Msg - update]| [OK_112] object_trace - '181' a été modifié.
2022-09-30 08:55:04|[INFO]|Session : [99f0pq4e7ib457flr2fcnm5mk4]|User id : 1|Name : |Module : [use_object]|Function : [Msg - update]| [OK_112] object_trace_diagram - '168' a été modifié.
2022-09-30 08:55:04|[INFO]|Session : [5s86jhl9fkkagnagp2ojropm4t]|User id : 1|Name : |Module : [use_object]|Function : [Msg - update]| [OK_112] object_trace - '181' a été modifié.
2022-09-30 08:55:20|[INFO]|Session : [htdtrh2ep56aa5d9r08psocp17]|User id : 1|Name : |Module : [use_object]|Function : [Msg - update]| [OK_112] object_trace - '181' a été modifié.
2022-09-30 08:55:24|[INFO]|Session : [tkqed4dj1sss0gfu3gru38kp0m]|User id : 1|Name : |Module : [use_object]|Function : [Msg - update]| [OK_112] object_trace - '181' a été modifié.
2022-09-30 08:56:00|[INFO]|Session : [3ke4qh5tfq6ea1i100uqs1766c]|User id : 1|Name : |Module : [use_object]|Function : [Msg - update]| [OK_112] object_trace - '181' a été modifié.
2022-09-30 08:56:03|[INFO]|Session : [9ikv9rjpgga0pgp65abu333lh0]|User id : 1|Name : |Module : [use_object]|Function : [Msg - update]| [OK_112] object_trace - '181' a été modifié.
2022-09-30 08:56:09|[INFO]|Session : [c5bfj8fk3jgan8l2ae5micfg7m]|User id : 1|Name : |Module : [use_object]|Function : [Msg - update]| [OK_112] object_trace_diagram - '168' a été modifié.
2022-09-30 08:56:10|[INFO]|Session : [5ldik561hka3r95uaju38go31i]|User id : 1|Name : |Module : [use_object]|Function : [Msg - update]| [OK_112] object_trace - '181' a été modifié.
2022-09-30 08:56:11|[INFO]|Session : [hgcq9ck5c1io51rlf1b60jd7sa]|User id : 1|Name : |Module : [use_object]|Function : [Msg - update]| [OK_112] object_trace - '181' a été modifié.
2022-09-30 08:56:12|[INFO]|Session : [shiea5867gcbn1dl15hc0u3d6b]|User id : 1|Name : |Module : [use_object]|Function : [Msg - update]| [OK_112] object_trace_diagram - '168' a été modifié.
2022-09-30 08:56:12|[INFO]|Session : [7i26svfthjg2vhmhc91rt1jps3]|User id : 1|Name : |Module : [use_object]|Function : [Msg - update]| [OK_112] object_trace - '181' a été modifié.
2022-09-30 08:56:25|[INFO]|Session : [39vb82fdietcvh860p54bi08h5]|User id : 1|Name : |Module : [use_object]|Function : [Msg - update]| [OK_112] object_trace - '181' a été modifié.
2022-09-30 08:56:32|[INFO]|Session : [an8ijpldh4ndnfijq7e9e6jtn1]|User id : 1|Name : |Module : [use_object]|Function : [Msg - update]| [OK_112] object_trace - '181' a été modifié.
2022-09-30 09:03:51|[INFO]|Session : [5441ja9hcpvpghjhos4h055c7q]|User id : 1|Name : |Module : [use_object]|Function : [Msg - update]| [OK_112] object_trace - '181' a été modifié.
2022-09-30 09:03:54|[INFO]|Session : [0r5mcjq9rp5nfcbaameg1pjr0i]|User id : 1|Name : |Module : [use_object]|Function : [Msg - update]| [OK_112] object_trace - '181' a été modifié.
2022-09-30 09:04:15|[INFO]|Session : [6obdpseds8dgh2nelrkijk5t9j]|User id : 1|Name : |Module : [use_object]|Function : [Msg - update]| [OK_112] object_trace - '182' a été modifié.
2022-09-30 09:04:29|[INFO]|Session : [kdslsbdjcre5hcecrj55j5k6rc]|User id : 1|Name : |Module : [use_object]|Function : [Msg - update]| [OK_112] object_trace - '182' a été modifié.
2022-09-30 09:04:30|[INFO]|Session : [3nhd6sqo3bktijiliqlmlj0kq4]|User id : 1|Name : |Module : [use_object]|Function : [Msg - update]| [OK_112] object_trace_diagram - '171' a été modifié.
2022-09-30 09:04:30|[INFO]|Session : [ogs6lmc9o6rt0830dr7nqrc9aa]|User id : 1|Name : |Module : [use_object]|Function : [Msg - update]| [OK_112] object_trace - '182' a été modifié.
2022-09-30 09:04:38|[INFO]|Session : [rl5vgap7h6mdp2vk18kag6t25b]|User id : 1|Name : |Module : [use_object]|Function : [Msg - update]| [OK_112] object_trace - '182' a été modifié.
2022-09-30 09:04:43|[INFO]|Session : [fhbt50034uic2als8kqgagio43]|User id : 1|Name : |Module : [use_object]|Function : [Msg - update]| [OK_112] object_trace - '182' a été modifié.
2022-09-30 09:04:46|[INFO]|Session : [9fq93k98778eg3qeg9uaov6pc4]|User id : 1|Name : |Module : [use_object]|Function : [Msg - update]| [OK_112] object_trace - '182' a été modifié.
2022-09-30 09:04:55|[INFO]|Session : [srl8jt0m99tvu1tf5iij6mr9n8]|User id : 1|Name : |Module : [use_object]|Function : [Msg - update]| [OK_112] object_trace - '182' a été modifié.
2022-09-30 09:04:56|[INFO]|Session : [o9gp0ifhi213asfscgrpm2uo62]|User id : 1|Name : |Module : [use_object]|Function : [Msg - update]| [OK_112] object_trace_diagram - '171' a été modifié.
2022-09-30 09:04:57|[INFO]|Session : [8au99eseea842t0s5m129eees8]|User id : 1|Name : |Module : [use_object]|Function : [Msg - update]| [OK_112] object_trace - '182' a été modifié.
2022-09-30 09:12:50|[INFO]|Session : [m770r8pegr91gg5u3ua21llfae]|User id : 1|Name : |Module : [use_object]|Function : [Msg - update]| [OK_112] object_trace - '182' a été modifié.
2022-09-30 09:12:53|[INFO]|Session : [l1sir7rh4f5et809dur9v7kvg7]|User id : 1|Name : |Module : [use_object]|Function : [Msg - update]| [OK_112] object_trace - '182' a été modifié.
