2022-08-19 00:22:00|[INFO]|Session : [rduepsmger80pul99bb2m37jae]|User id : 1|Name : |Module : [use_object]|Function : [Msg - update]| [OK_112] object_trace - '2' a été modifié.
2022-08-19 00:22:04|[INFO]|Session : [oqv2dkbj06k3r1ogduc1lv1pcd]|User id : 1|Name : |Module : [use_object]|Function : [Msg - update]| [OK_112] object_trace - '2' a été modifié.
2022-08-19 00:22:08|[INFO]|Session : [fdu6dpeelcki5cs1r9vb210gq2]|User id : 1|Name : |Module : [use_object]|Function : [Msg - update]| [OK_112] object_trace - '2' a été modifié.
2022-08-19 00:22:19|[INFO]|Session : [60k97hgl9kbpdhpmf9jt1sbnhu]|User id : 1|Name : |Module : [use_object]|Function : [Msg - update]| [OK_112] object_trace - '2' a été modifié.
2022-08-19 00:22:30|[INFO]|Session : [r0h61pm21ck3pms84ff29asp4r]|User id : 1|Name : |Module : [use_object]|Function : [Msg - update]| [OK_112] object_trace - '2' a été modifié.
2022-08-19 00:23:24|[INFO]|Session : [0906ipbom9ed4n5aktnqtl1loq]|User id : 1|Name : |Module : [use_object]|Function : [Msg - update]| [OK_112] object_trace - '13' a été modifié.
2022-08-19 00:23:27|[INFO]|Session : [gt0b3bjq34cskkrpusg1ukoa4i]|User id : 1|Name : |Module : [use_object]|Function : [Msg - update]| [OK_112] object_trace - '13' a été modifié.
2022-08-19 00:23:32|[INFO]|Session : [ntg5olphirg4s02bv63shg5t1l]|User id : 1|Name : |Module : [use_object]|Function : [Msg - update]| [OK_112] object_trace - '13' a été modifié.
2022-08-19 00:23:39|[INFO]|Session : [53jn4cvkbpq7f0vh63hciake0q]|User id : 1|Name : |Module : [use_object]|Function : [Msg - update]| [OK_112] object_trace - '13' a été modifié.
2022-08-19 00:43:48|[INFO]|Session : [1t8ap66fa2u7v2pjd0qtpghjem]|User id : 1|Name : |Module : [use_object]|Function : [Msg - update]| [OK_112] object_trace - '13' a été modifié.
2022-08-19 00:55:24|[INFO]|Session : [i3oiqgqknf7jhjmls97suigasl]|User id : 1|Name : |Module : [use_object]|Function : [Msg - update]| [OK_112] object_trace - '7' a été modifié.
2022-08-19 00:55:26|[INFO]|Session : [v6bhihqtl0244cidjhrnh63pso]|User id : 1|Name : |Module : [use_object]|Function : [Msg - update]| [OK_112] object_trace - '7' a été modifié.
2022-08-19 00:55:29|[INFO]|Session : [hbscg9fvqrcc4h31804nqbjspe]|User id : 1|Name : |Module : [use_object]|Function : [Msg - update]| [OK_112] object_trace - '7' a été modifié.
2022-08-19 00:55:30|[INFO]|Session : [e0crkc9368eoiqf7rpkqdd9ibc]|User id : 1|Name : |Module : [use_object]|Function : [Msg - update]| [OK_112] object_trace_diagram - '10' a été modifié.
2022-08-19 00:55:31|[INFO]|Session : [9o6b2lbm0cplcdu79vb37ksa1v]|User id : 1|Name : |Module : [use_object]|Function : [Msg - update]| [OK_112] object_trace - '7' a été modifié.
2022-08-19 00:55:54|[INFO]|Session : [0euude24a0th2t2u3ijghneue5]|User id : 1|Name : |Module : [use_object]|Function : [Msg - update]| [OK_112] object_trace_diagram - '10' a été modifié.
2022-08-19 00:55:55|[INFO]|Session : [8ua7qcmgl3stm8a9sk3l3i171f]|User id : 1|Name : |Module : [use_object]|Function : [Msg - update]| [OK_112] object_trace - '7' a été modifié.
2022-08-19 00:55:56|[INFO]|Session : [7mgim4n1gv6mhaft016l47top4]|User id : 1|Name : |Module : [use_object]|Function : [Msg - update]| [OK_112] object_trace_diagram - '10' a été modifié.
2022-08-19 00:55:57|[INFO]|Session : [rf5dacurkfqstosmpks5h9i0ch]|User id : 1|Name : |Module : [use_object]|Function : [Msg - update]| [OK_112] object_trace - '7' a été modifié.
2022-08-19 00:55:58|[INFO]|Session : [a70uu7ucp00dkqgdo74f92nbpe]|User id : 1|Name : |Module : [use_object]|Function : [Msg - update]| [OK_112] object_trace_diagram - '10' a été modifié.
2022-08-19 00:55:58|[INFO]|Session : [rndd7dl93l7sv6piaetouboss1]|User id : 1|Name : |Module : [use_object]|Function : [Msg - update]| [OK_112] object_trace - '7' a été modifié.
2022-08-19 00:56:00|[INFO]|Session : [v0l0secv524oqevf1ihgo3dpm6]|User id : 1|Name : |Module : [use_object]|Function : [Msg - update]| [OK_112] object_trace - '7' a été modifié.
2022-08-19 00:56:01|[INFO]|Session : [6jqs0tokjvnk1qlt7iinjdujlq]|User id : 1|Name : |Module : [use_object]|Function : [Msg - update]| [OK_112] object_trace_diagram - '10' a été modifié.
2022-08-19 00:56:02|[INFO]|Session : [h6p71qs3gti7akud4a2r5hm68d]|User id : 1|Name : |Module : [use_object]|Function : [Msg - update]| [OK_112] object_trace - '7' a été modifié.
2022-08-19 00:56:03|[INFO]|Session : [56i1hvc4jr5nf4atprkc95jouh]|User id : 1|Name : |Module : [use_object]|Function : [Msg - update]| [OK_112] object_trace - '7' a été modifié.
2022-08-19 00:56:04|[INFO]|Session : [mc989lbbbuvjqd49dacf8gr64e]|User id : 1|Name : |Module : [use_object]|Function : [Msg - update]| [OK_112] object_trace - '7' a été modifié.
2022-08-19 00:56:06|[INFO]|Session : [31i7cn33tg0l9dssduh8pgu8f6]|User id : 1|Name : |Module : [use_object]|Function : [Msg - update]| [OK_112] object_trace_diagram - '10' a été modifié.
2022-08-19 00:56:07|[INFO]|Session : [ol47hgi9l6gg61j96sa5p2eobc]|User id : 1|Name : |Module : [use_object]|Function : [Msg - update]| [OK_112] object_trace - '7' a été modifié.
2022-08-19 00:56:27|[INFO]|Session : [2cr3khak1uknkmet1vjbkqees5]|User id : 1|Name : |Module : [use_object]|Function : [Msg - update]| [OK_112] object_trace_diagram - '10' a été modifié.
2022-08-19 00:56:28|[INFO]|Session : [hc8f1v4epq6dki7nrh80el9eo7]|User id : 1|Name : |Module : [use_object]|Function : [Msg - update]| [OK_112] object_trace - '7' a été modifié.
2022-08-19 00:56:31|[INFO]|Session : [hms6hak7vkgceg4rme4s8r32li]|User id : 1|Name : |Module : [use_object]|Function : [Msg - update]| [OK_112] object_trace_diagram - '10' a été modifié.
2022-08-19 00:56:32|[INFO]|Session : [dhs47ert6sjnskb2fe5k2fvadl]|User id : 1|Name : |Module : [use_object]|Function : [Msg - update]| [OK_112] object_trace - '7' a été modifié.
2022-08-19 00:56:34|[INFO]|Session : [b6n68l4ecl3607pf434v9nige6]|User id : 1|Name : |Module : [use_object]|Function : [Msg - update]| [OK_112] object_trace - '7' a été modifié.
2022-08-19 00:56:36|[INFO]|Session : [bgtffuf7ekuu1ivvrs7r8n0fcn]|User id : 1|Name : |Module : [use_object]|Function : [Msg - update]| [OK_112] object_trace_diagram - '10' a été modifié.
2022-08-19 00:56:37|[INFO]|Session : [vomruvmja9pa1r1j38s808ocs9]|User id : 1|Name : |Module : [use_object]|Function : [Msg - update]| [OK_112] object_trace - '7' a été modifié.
2022-08-19 00:56:40|[INFO]|Session : [pqheb4a6uukgq0c1han60tielk]|User id : 1|Name : |Module : [use_object]|Function : [Msg - update]| [OK_112] object_trace - '7' a été modifié.
2022-08-19 00:56:43|[INFO]|Session : [usfn1n7k0nobi946vcspf2vlbk]|User id : 1|Name : |Module : [use_object]|Function : [Msg - update]| [OK_112] object_trace - '7' a été modifié.
2022-08-19 00:56:47|[INFO]|Session : [npb4cpvm679v9ojo0a1jel8ia9]|User id : 1|Name : |Module : [use_object]|Function : [Msg - update]| [OK_112] object_trace - '7' a été modifié.
2022-08-19 00:56:48|[INFO]|Session : [gceiv67d499vlv2gbv9j54525v]|User id : 1|Name : |Module : [use_object]|Function : [Msg - update]| [OK_112] object_trace - '7' a été modifié.
2022-08-19 00:56:52|[INFO]|Session : [0v11vb6rgu5te4dde7cn9aaoic]|User id : 1|Name : |Module : [use_object]|Function : [Msg - update]| [OK_112] object_trace - '7' a été modifié.
2022-08-19 00:56:53|[INFO]|Session : [ctv3kdqma5iihlchjiq3p96qom]|User id : 1|Name : |Module : [use_object]|Function : [Msg - update]| [OK_112] object_trace_diagram - '10' a été modifié.
2022-08-19 00:56:54|[INFO]|Session : [bvic2nbda3ft3sq59aflpb4lvt]|User id : 1|Name : |Module : [use_object]|Function : [Msg - update]| [OK_112] object_trace - '7' a été modifié.
2022-08-19 00:56:56|[INFO]|Session : [qhu76ibpdignkao3u9h2a0e8lr]|User id : 1|Name : |Module : [use_object]|Function : [Msg - update]| [OK_112] object_trace - '7' a été modifié.
2022-08-19 00:56:57|[INFO]|Session : [8r1tk0icu3tuncqurv4lb5kvv4]|User id : 1|Name : |Module : [use_object]|Function : [Msg - update]| [OK_112] object_trace - '7' a été modifié.
2022-08-19 00:57:01|[INFO]|Session : [3jb5817qsurq1kq2f08sb4ucuq]|User id : 1|Name : |Module : [use_object]|Function : [Msg - update]| [OK_112] object_trace - '7' a été modifié.
2022-08-19 00:57:03|[INFO]|Session : [j6415uke1vqeeb060o5j7ce8uo]|User id : 1|Name : |Module : [use_object]|Function : [Msg - update]| [OK_112] object_trace_diagram - '10' a été modifié.
2022-08-19 00:57:04|[INFO]|Session : [3v157qnaje6q60va5snn6m6gsa]|User id : 1|Name : |Module : [use_object]|Function : [Msg - update]| [OK_112] object_trace - '7' a été modifié.
2022-08-19 01:11:42|[INFO]|Session : [ju9t4arr3t4i77dmakjlhi3ubc]|User id : 1|Name : |Module : [use_object]|Function : [Msg - update]| [OK_112] object_trace - '18' a été modifié.
2022-08-19 01:12:14|[INFO]|Session : [4umkuts4rmtvbnm4hkg59nbg2q]|User id : 1|Name : |Module : [use_object]|Function : [Msg - update]| [OK_112] object_trace - '19' a été modifié.
2022-08-19 01:12:16|[INFO]|Session : [he2kta9q8loe5idvr595jm93jn]|User id : 1|Name : |Module : [use_object]|Function : [Msg - update]| [OK_112] object_trace - '19' a été modifié.
2022-08-19 01:12:17|[INFO]|Session : [og5kg4gsl01tr1t9gcdpmgei12]|User id : 1|Name : |Module : [use_object]|Function : [Msg - update]| [OK_112] object_trace - '19' a été modifié.
2022-08-19 02:55:26|[INFO]|Session : [17gspoo915b2vec6r5mfk16521]|User id : 1|Name : |Module : [use_object]|Function : [Msg - update]| [OK_112] object_trace - '15' a été modifié.
2022-08-19 02:55:28|[INFO]|Session : [qmtknela8c349hv6r2jc45vdr6]|User id : 1|Name : |Module : [use_object]|Function : [Msg - update]| [OK_112] object_trace - '15' a été modifié.
2022-08-19 02:55:29|[INFO]|Session : [pjbpjeg17iuv6jv0nc77dt030t]|User id : 1|Name : |Module : [use_object]|Function : [Msg - update]| [OK_112] object_trace - '15' a été modifié.
2022-08-19 02:55:43|[INFO]|Session : [af0kg9vnl7v4pc301jf3u3grd2]|User id : 1|Name : |Module : [use_object]|Function : [Msg - update]| [OK_112] object_trace - '13' a été modifié.
2022-08-19 02:55:44|[INFO]|Session : [ruq8euk99j0k8sr2ats3s822at]|User id : 1|Name : |Module : [use_object]|Function : [Msg - update]| [OK_112] object_trace - '13' a été modifié.
2022-08-19 02:55:46|[INFO]|Session : [jqjhj0p247kn6mj1dk2vu4nb3b]|User id : 1|Name : |Module : [use_object]|Function : [Msg - update]| [OK_112] object_trace - '13' a été modifié.
2022-08-19 02:58:38|[INFO]|Session : [adlvlb5etn761hd0mi8ltc2s9e]|User id : 1|Name : |Module : [use_object]|Function : [Msg - update]| [OK_112] object_trace - '13' a été modifié.
2022-08-19 14:55:54|[INFO]|Session : [6g0fiqdm40kda8deqh6f7tn9kf]|User id : 2|Name : SUPER  ADMINISTRATEUR |Module : [use_object]|Function : [Msg - insert]| [OK_111] object_menu_feature - '' a été créé.
2022-08-19 14:56:20|[INFO]|Session : [6g0fiqdm40kda8deqh6f7tn9kf]|User id : 2|Name : SUPER  ADMINISTRATEUR |Module : [use_object]|Function : [Msg - update]| [OK_112] object_menu_feature - '205' a été modifié.
2022-08-19 15:13:26|[INFO]|Session : [6g0fiqdm40kda8deqh6f7tn9kf]|User id : 2|Name : SUPER  ADMINISTRATEUR |Module : [use_object]|Function : [Msg - insert]| [OK_111] object_application_ref - '' a été créé.
2022-08-19 15:15:11|[INFO]|Session : [6g0fiqdm40kda8deqh6f7tn9kf]|User id : 2|Name : SUPER  ADMINISTRATEUR |Module : [use_object]|Function : [Msg - insert]| [OK_111] object_application_ref - '' a été créé.
2022-08-19 15:15:26|[INFO]|Session : [6g0fiqdm40kda8deqh6f7tn9kf]|User id : 2|Name : SUPER  ADMINISTRATEUR |Module : [use_object]|Function : [Msg - update]| [OK_112] object_trace - '20' a été modifié.
2022-08-19 22:24:15|[INFO]|Session : [9t52rp2jadn8rgurbpss2aml7h]|User id : 2|Name : SUPER  ADMINISTRATEUR |Module : [use_object]|Function : [Msg - insert]| [OK_111] object_application_ref - '' a été créé.
2022-08-19 22:42:04|[INFO]|Session : [9t52rp2jadn8rgurbpss2aml7h]|User id : 2|Name : SUPER  ADMINISTRATEUR |Module : [use_object]|Function : [Msg - update]| [OK_112] object_trace - '21' a été modifié.
