2022-08-02 03:40:31|[INFO]|Session : [cj966ceuc778s5566kkd7cjhgl]|User id : 2|Name : SUPER  ADMINISTRATEUR |Module : [use_object]|Function : [Msg - update]| [OK_112] object_menu_feature - '204' a été modifié.
2022-08-02 15:43:42|[INFO]|Session : [aommmbrr64nas5dqiikgiv46ag]|User id : 1|Name : |Module : [use_object]|Function : [Msg - update]| [OK_112] object_trace - '6' a été modifié.
2022-08-02 15:43:45|[INFO]|Session : [f83tsaoskn5ic38n12g70enhe2]|User id : 1|Name : |Module : [use_object]|Function : [Msg - update]| [OK_112] object_trace - '6' a été modifié.
2022-08-02 15:43:49|[INFO]|Session : [4ji750nh19jh6dsjiutt4utkje]|User id : 1|Name : |Module : [use_object]|Function : [Msg - update]| [OK_112] object_trace_diagram - '7' a été modifié.
2022-08-02 15:43:49|[INFO]|Session : [kmk2enb3vt1i32sfuondnqc9pp]|User id : 1|Name : |Module : [use_object]|Function : [Msg - update]| [OK_112] object_trace - '6' a été modifié.
2022-08-02 15:43:52|[INFO]|Session : [melh9n7slnfv9feobrn0pjjv49]|User id : 1|Name : |Module : [use_object]|Function : [Msg - update]| [OK_112] object_trace_diagram - '7' a été modifié.
2022-08-02 15:43:53|[INFO]|Session : [fdp1qal1meugbh8gvao7o3f3qs]|User id : 1|Name : |Module : [use_object]|Function : [Msg - update]| [OK_112] object_trace - '6' a été modifié.
2022-08-02 15:43:54|[INFO]|Session : [ph7litq0a0i88uqjvf93vu0e4l]|User id : 1|Name : |Module : [use_object]|Function : [Msg - update]| [OK_112] object_trace_diagram - '7' a été modifié.
2022-08-02 15:43:54|[INFO]|Session : [s335cf5rkj9vbrp1816sui8u8l]|User id : 1|Name : |Module : [use_object]|Function : [Msg - update]| [OK_112] object_trace - '6' a été modifié.
2022-08-02 15:43:56|[INFO]|Session : [l072v83pbk9hmd0q7eoupl82o3]|User id : 1|Name : |Module : [use_object]|Function : [Msg - update]| [OK_112] object_trace_diagram - '7' a été modifié.
2022-08-02 15:43:57|[INFO]|Session : [83mg86ketki6glm0oc9t9fpa9q]|User id : 1|Name : |Module : [use_object]|Function : [Msg - update]| [OK_112] object_trace - '6' a été modifié.
2022-08-02 15:43:57|[INFO]|Session : [vmh73fo4lqv6aovf2vb2fu3hkl]|User id : 1|Name : |Module : [use_object]|Function : [Msg - update]| [OK_112] object_trace_diagram - '7' a été modifié.
2022-08-02 15:43:58|[INFO]|Session : [jh9t7jpr9aets5ls6j5igcdslm]|User id : 1|Name : |Module : [use_object]|Function : [Msg - update]| [OK_112] object_trace - '6' a été modifié.
2022-08-02 15:49:14|[INFO]|Session : [8879cg1pquba3kic38lgot23d0]|User id : 1|Name : |Module : [use_object]|Function : [Msg - update]| [OK_112] object_trace_diagram - '7' a été modifié.
2022-08-02 15:49:14|[INFO]|Session : [a93vcqn9l3bgaqjrp8sea17vun]|User id : 1|Name : |Module : [use_object]|Function : [Msg - update]| [OK_112] object_trace - '6' a été modifié.
2022-08-02 15:50:04|[ERROR]|Session : [81n73lj0abrrso9nqsdmuq8gdh]|User id : 1|Name : |Module : [use_connect]|Function : [connect - require_once]| [KO_100] Informations de connexion incorrectes. Vous pouvez réessayer.
2022-08-02 16:01:57|[INFO]|Session : [2889im0gpiqlr82esqgp9me3se]|User id : 1|Name : |Module : [use_object]|Function : [Msg - update]| [OK_112] object_trace - '2' a été modifié.
2022-08-02 16:02:00|[INFO]|Session : [8attb17rafkirikk2d8kev20qk]|User id : 1|Name : |Module : [use_object]|Function : [Msg - update]| [OK_112] object_trace - '2' a été modifié.
2022-08-02 16:02:01|[INFO]|Session : [vnq25n52ivior15m326nrjorje]|User id : 1|Name : |Module : [use_object]|Function : [Msg - update]| [OK_112] object_trace_diagram - '3' a été modifié.
2022-08-02 16:02:02|[INFO]|Session : [03q8n7i6mkg75h546uui749dt9]|User id : 1|Name : |Module : [use_object]|Function : [Msg - update]| [OK_112] object_trace - '2' a été modifié.
2022-08-02 16:02:04|[INFO]|Session : [e4ngcqfsp7om9k8r91go4seji6]|User id : 1|Name : |Module : [use_object]|Function : [Msg - update]| [OK_112] object_trace_diagram - '3' a été modifié.
2022-08-02 16:02:04|[INFO]|Session : [un4sg79coc9vj92ir2v5us45f2]|User id : 1|Name : |Module : [use_object]|Function : [Msg - update]| [OK_112] object_trace - '2' a été modifié.
2022-08-02 16:02:05|[INFO]|Session : [2v9gcsbfkv37vkijb41rh8a973]|User id : 1|Name : |Module : [use_object]|Function : [Msg - update]| [OK_112] object_trace_diagram - '3' a été modifié.
2022-08-02 16:02:05|[INFO]|Session : [vmgno5e1okt4b9v18onpnio3ik]|User id : 1|Name : |Module : [use_object]|Function : [Msg - update]| [OK_112] object_trace - '2' a été modifié.
2022-08-02 16:02:06|[INFO]|Session : [12bffm3mjjl80jhv58a4ms01su]|User id : 1|Name : |Module : [use_object]|Function : [Msg - update]| [OK_112] object_trace - '2' a été modifié.
2022-08-02 16:02:07|[INFO]|Session : [vali9t0pda7d57nficarav0uh0]|User id : 1|Name : |Module : [use_object]|Function : [Msg - update]| [OK_112] object_trace_diagram - '3' a été modifié.
2022-08-02 16:02:08|[INFO]|Session : [5jdjp3422gr4o9msjg3i48ve9d]|User id : 1|Name : |Module : [use_object]|Function : [Msg - update]| [OK_112] object_trace - '2' a été modifié.
2022-08-02 16:02:11|[INFO]|Session : [m984mmsdlk5ja22b8c6cr391mv]|User id : 1|Name : |Module : [use_object]|Function : [Msg - update]| [OK_112] object_trace - '2' a été modifié.
2022-08-02 16:02:14|[INFO]|Session : [2d4kd3h6u5gl4kepqlvv9kcc1d]|User id : 1|Name : |Module : [use_object]|Function : [Msg - update]| [OK_112] object_trace - '2' a été modifié.
2022-08-02 16:02:32|[INFO]|Session : [o9lufq91873fv8jvpg4e40mp2k]|User id : 1|Name : |Module : [use_object]|Function : [Msg - update]| [OK_112] object_trace_diagram - '3' a été modifié.
2022-08-02 16:02:32|[INFO]|Session : [tiq04ec0dd32icnmverkhv299i]|User id : 1|Name : |Module : [use_object]|Function : [Msg - update]| [OK_112] object_trace - '2' a été modifié.
2022-08-02 16:02:57|[INFO]|Session : [5nrbg4fkhenp6v1iodk4p0ojl8]|User id : 1|Name : |Module : [use_object]|Function : [Msg - update]| [OK_112] object_trace_diagram - '3' a été modifié.
2022-08-02 16:02:58|[INFO]|Session : [obshprf2ingtmqiscvfl4848ur]|User id : 1|Name : |Module : [use_object]|Function : [Msg - update]| [OK_112] object_trace - '2' a été modifié.
2022-08-02 16:02:59|[INFO]|Session : [4acf46n3g1hsvdc82gji51l591]|User id : 1|Name : |Module : [use_object]|Function : [Msg - update]| [OK_112] object_trace - '2' a été modifié.
2022-08-02 16:05:48|[INFO]|Session : [bm02lv6ptmccpirj642nforn8s]|User id : 1|Name : |Module : [use_object]|Function : [Msg - update]| [OK_112] object_trace - '2' a été modifié.
2022-08-02 16:05:50|[INFO]|Session : [3set3demp42f9mnarqk2ikbuiv]|User id : 1|Name : |Module : [use_object]|Function : [Msg - update]| [OK_112] object_trace - '2' a été modifié.
2022-08-02 16:39:26|[INFO]|Session : [89cr6fc02ctmao89i1smk8869n]|User id : 1|Name : |Module : [use_object]|Function : [Msg - update]| [OK_112] object_trace - '2' a été modifié.
2022-08-02 16:45:15|[INFO]|Session : [vk0si5dj3rdonv2m65rupkhmee]|User id : 1|Name : |Module : [use_object]|Function : [Msg - update]| [OK_112] object_trace - '2' a été modifié.
2022-08-02 16:46:57|[INFO]|Session : [u3n4qqn4dt7un36h7mjib8glrg]|User id : 1|Name : |Module : [use_object]|Function : [Msg - update]| [OK_112] object_trace - '2' a été modifié.
2022-08-02 16:47:32|[INFO]|Session : [k01ft1j4p9rinc72plbhc78bbe]|User id : 1|Name : |Module : [use_object]|Function : [Msg - update]| [OK_112] object_trace - '2' a été modifié.
2022-08-02 16:50:10|[INFO]|Session : [20a2muveg8gv8odid9khr4bvdg]|User id : 1|Name : |Module : [use_object]|Function : [Msg - update]| [OK_112] object_trace - '2' a été modifié.
2022-08-02 16:50:54|[INFO]|Session : [mjl0h2huf3b527ic4d6vgojdbe]|User id : 1|Name : |Module : [use_object]|Function : [Msg - update]| [OK_112] object_trace - '2' a été modifié.
2022-08-02 16:51:31|[INFO]|Session : [i8vb6upit0aiqtuvuu2nsqa8mu]|User id : 1|Name : |Module : [use_object]|Function : [Msg - update]| [OK_112] object_trace - '7' a été modifié.
2022-08-02 16:51:36|[INFO]|Session : [f3hcfgesgl8bog2bu96gf19b76]|User id : 1|Name : |Module : [use_object]|Function : [Msg - update]| [OK_112] object_trace - '7' a été modifié.
2022-08-02 16:54:23|[INFO]|Session : [sc1b7rii1d25e18mrgju2u7sgl]|User id : 1|Name : |Module : [use_object]|Function : [Msg - update]| [OK_112] object_trace - '7' a été modifié.
2022-08-02 16:54:25|[INFO]|Session : [8gdc95qdnkjcttbnqro540hpsh]|User id : 1|Name : |Module : [use_object]|Function : [Msg - update]| [OK_112] object_trace - '7' a été modifié.
2022-08-02 16:54:45|[INFO]|Session : [rqm91jsk5h8b2nqpul18fr5ia8]|User id : 1|Name : |Module : [use_object]|Function : [Msg - update]| [OK_112] object_trace_diagram - '10' a été modifié.
2022-08-02 16:54:47|[INFO]|Session : [v64amcurn9um8cfad9doka3ifq]|User id : 1|Name : |Module : [use_object]|Function : [Msg - update]| [OK_112] object_trace - '7' a été modifié.
2022-08-02 16:55:10|[INFO]|Session : [paf8d7edc3iku2htaj28ekgllq]|User id : 1|Name : |Module : [use_object]|Function : [Msg - update]| [OK_112] object_trace_diagram - '10' a été modifié.
2022-08-02 16:55:11|[INFO]|Session : [gt6s0u3bg0gi5e8bqkd6tqqo6d]|User id : 1|Name : |Module : [use_object]|Function : [Msg - update]| [OK_112] object_trace - '7' a été modifié.
2022-08-02 16:55:13|[INFO]|Session : [kj61comq0iml24gmtckgdhnal7]|User id : 1|Name : |Module : [use_object]|Function : [Msg - update]| [OK_112] object_trace - '7' a été modifié.
2022-08-02 16:55:22|[INFO]|Session : [b5mst8seiq8ojaba77gg13dds5]|User id : 1|Name : |Module : [use_object]|Function : [Msg - update]| [OK_112] object_trace_diagram - '10' a été modifié.
2022-08-02 16:55:22|[INFO]|Session : [bi1u2tgo3vb5kvjqflf75nk61t]|User id : 1|Name : |Module : [use_object]|Function : [Msg - update]| [OK_112] object_trace - '7' a été modifié.
