2022-11-21 22:21:37|[INFO]|Session : [3nta27fhqb4lo1v3sgm4cie993]|User id : 1|Name : |Module : [use_object]|Function : [Msg - update]| [OK_112] object_trace - '235' a été modifié.
2022-11-21 22:21:59|[INFO]|Session : [udgo6hqlgnad2kq488daqqukpg]|User id : 1|Name : |Module : [use_object]|Function : [Msg - update]| [OK_112] object_trace_diagram - '3' a été modifié.
2022-11-21 22:22:03|[INFO]|Session : [64v4d90cudbe2v8gagoi44mu3d]|User id : 1|Name : |Module : [use_object]|Function : [Msg - update]| [OK_112] object_trace - '2' a été modifié.
2022-11-21 22:22:58|[INFO]|Session : [a244p2ait12j27b0ssonvgkd1r]|User id : 1|Name : |Module : [use_object]|Function : [Msg - update]| [OK_112] object_trace_diagram - '3' a été modifié.
2022-11-21 22:23:00|[INFO]|Session : [77qbng4db465cdojb7redkacd6]|User id : 1|Name : |Module : [use_object]|Function : [Msg - update]| [OK_112] object_trace - '2' a été modifié.
2022-11-21 22:23:09|[INFO]|Session : [9ej93g3d2bn1gt4ik142p9jv1d]|User id : 1|Name : |Module : [use_object]|Function : [Msg - update]| [OK_112] object_trace_diagram - '3' a été modifié.
2022-11-21 22:23:11|[INFO]|Session : [1u4s7883o51a39gmfovdfg02st]|User id : 1|Name : |Module : [use_object]|Function : [Msg - update]| [OK_112] object_trace - '2' a été modifié.
2022-11-21 22:23:14|[INFO]|Session : [m18752n03o7u20dk9ji1ii982f]|User id : 1|Name : |Module : [use_object]|Function : [Msg - update]| [OK_112] object_trace_diagram - '3' a été modifié.
2022-11-21 22:23:14|[INFO]|Session : [i54ljsqont8gb3anlecsj4aiiu]|User id : 1|Name : |Module : [use_object]|Function : [Msg - update]| [OK_112] object_trace - '2' a été modifié.
2022-11-21 22:23:15|[INFO]|Session : [m8ot6ru4lo8rpdmkorvh14dpvn]|User id : 1|Name : |Module : [use_object]|Function : [Msg - update]| [OK_112] object_trace_diagram - '3' a été modifié.
2022-11-21 22:23:17|[INFO]|Session : [0gu8fcdpghfpi867ib56c9s1iu]|User id : 1|Name : |Module : [use_object]|Function : [Msg - update]| [OK_112] object_trace - '2' a été modifié.
2022-11-21 22:23:18|[INFO]|Session : [2l8u803n5u2sf2f2guohtqadsg]|User id : 1|Name : |Module : [use_object]|Function : [Msg - update]| [OK_112] object_trace_diagram - '3' a été modifié.
2022-11-21 22:23:19|[INFO]|Session : [ph709gisaj84k9mjjfba2irchb]|User id : 1|Name : |Module : [use_object]|Function : [Msg - update]| [OK_112] object_trace - '2' a été modifié.
2022-11-21 22:23:21|[INFO]|Session : [mt7s38j7oqb22rr64imfk49jk1]|User id : 1|Name : |Module : [use_object]|Function : [Msg - update]| [OK_112] object_trace_diagram - '3' a été modifié.
2022-11-21 22:23:22|[INFO]|Session : [enre0cqch3gmkbbfcbv8hibd4t]|User id : 1|Name : |Module : [use_object]|Function : [Msg - update]| [OK_112] object_trace - '2' a été modifié.
2022-11-21 22:23:24|[INFO]|Session : [22mnav9pcrtufijv9616pjutdd]|User id : 1|Name : |Module : [use_object]|Function : [Msg - update]| [OK_112] object_trace_diagram - '3' a été modifié.
2022-11-21 22:23:25|[INFO]|Session : [0g1pgqhge2kkted8cal8qp0c6c]|User id : 1|Name : |Module : [use_object]|Function : [Msg - update]| [OK_112] object_trace - '2' a été modifié.
2022-11-21 22:23:26|[INFO]|Session : [8qgbodf9t4s8dkncv53tdrb6b6]|User id : 1|Name : |Module : [use_object]|Function : [Msg - update]| [OK_112] object_trace_diagram - '3' a été modifié.
2022-11-21 22:23:27|[INFO]|Session : [5874tequ3f1rc970jnha0g2gt3]|User id : 1|Name : |Module : [use_object]|Function : [Msg - update]| [OK_112] object_trace - '2' a été modifié.
2022-11-21 22:23:28|[INFO]|Session : [p78e7na7up78rfhj468615ob2f]|User id : 1|Name : |Module : [use_object]|Function : [Msg - update]| [OK_112] object_trace_diagram - '3' a été modifié.
2022-11-21 22:23:29|[INFO]|Session : [shrc7p90fdrpdosd44p6fihcq6]|User id : 1|Name : |Module : [use_object]|Function : [Msg - update]| [OK_112] object_trace - '2' a été modifié.
2022-11-21 22:23:30|[INFO]|Session : [l4fff1kfffr9v57b88g2npndm1]|User id : 1|Name : |Module : [use_object]|Function : [Msg - update]| [OK_112] object_trace_diagram - '3' a été modifié.
2022-11-21 22:23:31|[INFO]|Session : [0bfioshjgqc2cpv956venpndmi]|User id : 1|Name : |Module : [use_object]|Function : [Msg - update]| [OK_112] object_trace - '2' a été modifié.
2022-11-21 22:23:33|[INFO]|Session : [jc1rjup0ffnq71q3vjfghnvn2s]|User id : 1|Name : |Module : [use_object]|Function : [Msg - update]| [OK_112] object_trace_diagram - '3' a été modifié.
2022-11-21 22:23:34|[INFO]|Session : [lfkgt4m6vc6tkphq9oup9cpk3v]|User id : 1|Name : |Module : [use_object]|Function : [Msg - update]| [OK_112] object_trace - '2' a été modifié.
