2022-11-23 22:44:12|[INFO]|Session : [7ascrpn8nj6k715grflk5plhl5]|User id : 1|Name : |Module : [use_object]|Function : [Msg - update]| [OK_112] object_trace - '245' a été modifié.
2022-11-23 22:44:16|[INFO]|Session : [u05gj7hus1rksj920pn70illd7]|User id : 1|Name : |Module : [use_object]|Function : [Msg - update]| [OK_112] object_trace - '245' a été modifié.
2022-11-23 22:44:18|[INFO]|Session : [p1poeqotq2a7o0deuvu5as468v]|User id : 1|Name : |Module : [use_object]|Function : [Msg - update]| [OK_112] object_trace_diagram - '283' a été modifié.
2022-11-23 22:44:18|[INFO]|Session : [4eg48qb6ck2jct9rvedfetcjg9]|User id : 1|Name : |Module : [use_object]|Function : [Msg - update]| [OK_112] object_trace - '245' a été modifié.
2022-11-23 22:44:22|[INFO]|Session : [uq14043mi2tc3tukhh1k3m0bi3]|User id : 1|Name : |Module : [use_object]|Function : [Msg - update]| [OK_112] object_trace - '245' a été modifié.
2022-11-23 22:44:28|[INFO]|Session : [o662cn1h64dscf9bg3an318iup]|User id : 1|Name : |Module : [use_object]|Function : [Msg - update]| [OK_112] object_trace - '245' a été modifié.
2022-11-23 22:44:31|[INFO]|Session : [r9rgjl2q2fu7787vkduot15boc]|User id : 1|Name : |Module : [use_object]|Function : [Msg - update]| [OK_112] object_trace_diagram - '283' a été modifié.
2022-11-23 22:44:32|[INFO]|Session : [bd3v63l9sogjbc2uvoql9ngueh]|User id : 1|Name : |Module : [use_object]|Function : [Msg - update]| [OK_112] object_trace - '245' a été modifié.
2022-11-23 22:44:33|[INFO]|Session : [9l87bta22573n4r9msubm2upou]|User id : 1|Name : |Module : [use_object]|Function : [Msg - update]| [OK_112] object_trace_diagram - '283' a été modifié.
2022-11-23 22:44:34|[INFO]|Session : [i2p50vqsrsubsqppnoqmm83oi2]|User id : 1|Name : |Module : [use_object]|Function : [Msg - update]| [OK_112] object_trace - '245' a été modifié.
2022-11-23 22:44:35|[INFO]|Session : [ro0b16mcqq057vj1jc31kcn2h3]|User id : 1|Name : |Module : [use_object]|Function : [Msg - update]| [OK_112] object_trace - '245' a été modifié.
2022-11-23 22:44:41|[INFO]|Session : [i3hsjn9o9p9apalkhm4uh2vt3e]|User id : 1|Name : |Module : [use_object]|Function : [Msg - update]| [OK_112] object_trace - '245' a été modifié.
2022-11-23 22:44:43|[INFO]|Session : [2cj9jrv1mcke6qtcv7k0c0opmp]|User id : 1|Name : |Module : [use_object]|Function : [Msg - update]| [OK_112] object_trace_diagram - '283' a été modifié.
2022-11-23 22:44:43|[INFO]|Session : [gb19uqvr66sndfsmq07gqbh1u0]|User id : 1|Name : |Module : [use_object]|Function : [Msg - update]| [OK_112] object_trace - '245' a été modifié.
2022-11-23 22:44:46|[INFO]|Session : [bn8a3r62j9aqb25i8j1raul0sj]|User id : 1|Name : |Module : [use_object]|Function : [Msg - update]| [OK_112] object_trace - '245' a été modifié.
2022-11-23 22:44:47|[INFO]|Session : [3i0tbfi2hip525fndc68ofv63p]|User id : 1|Name : |Module : [use_object]|Function : [Msg - update]| [OK_112] object_trace_diagram - '283' a été modifié.
2022-11-23 22:44:47|[INFO]|Session : [uqs512he8r00aj4fp0i3gipo2k]|User id : 1|Name : |Module : [use_object]|Function : [Msg - update]| [OK_112] object_trace - '245' a été modifié.
2022-11-23 22:45:00|[INFO]|Session : [fu7tbvvdf5i2q4f7rjih3kmcm1]|User id : 1|Name : |Module : [use_object]|Function : [Msg - update]| [OK_112] object_trace - '245' a été modifié.
2022-11-23 22:45:01|[INFO]|Session : [33jrrh44kh3eoupm3kjt364nlv]|User id : 1|Name : |Module : [use_object]|Function : [Msg - update]| [OK_112] object_trace_diagram - '283' a été modifié.
2022-11-23 22:45:01|[INFO]|Session : [j85hbtj4lvpf4l3tvsd8i1ta7t]|User id : 1|Name : |Module : [use_object]|Function : [Msg - update]| [OK_112] object_trace - '245' a été modifié.
2022-11-23 22:45:04|[INFO]|Session : [u95bkesono8skehrp544qq6r7m]|User id : 1|Name : |Module : [use_object]|Function : [Msg - update]| [OK_112] object_trace - '245' a été modifié.
2022-11-23 22:45:05|[INFO]|Session : [551458nt3vd5it85029k81lsjk]|User id : 1|Name : |Module : [use_object]|Function : [Msg - update]| [OK_112] object_trace_diagram - '283' a été modifié.
2022-11-23 22:45:06|[INFO]|Session : [85ggf3j0r6cblqkmud6kaean4l]|User id : 1|Name : |Module : [use_object]|Function : [Msg - update]| [OK_112] object_trace - '245' a été modifié.
2022-11-23 22:46:50|[INFO]|Session : [8rmmbroh3v9r5hrmqr5gepvlmf]|User id : 1|Name : |Module : [use_object]|Function : [Msg - update]| [OK_112] object_trace - '245' a été modifié.
2022-11-23 22:48:20|[INFO]|Session : [82510m8fute88msprahku2pcgb]|User id : 1|Name : |Module : [use_object]|Function : [Msg - update]| [OK_112] object_trace - '245' a été modifié.
2022-11-23 22:48:23|[INFO]|Session : [sqckfgioqjvs4tb92uunpr5l0g]|User id : 1|Name : |Module : [use_object]|Function : [Msg - update]| [OK_112] object_trace_diagram - '283' a été modifié.
2022-11-23 22:48:24|[INFO]|Session : [9od4rr1cdg6tj1cg5kitk886s9]|User id : 1|Name : |Module : [use_object]|Function : [Msg - update]| [OK_112] object_trace - '245' a été modifié.
2022-11-23 22:48:31|[INFO]|Session : [0ultirdirefiiqngtb428ao207]|User id : 1|Name : |Module : [use_object]|Function : [Msg - update]| [OK_112] object_trace - '245' a été modifié.
2022-11-23 22:48:32|[INFO]|Session : [mkrsklqukjeh2gakgo94db4ine]|User id : 1|Name : |Module : [use_object]|Function : [Msg - update]| [OK_112] object_trace_diagram - '283' a été modifié.
2022-11-23 22:48:33|[INFO]|Session : [u51plgp6odn90e4ejnjsthogrt]|User id : 1|Name : |Module : [use_object]|Function : [Msg - update]| [OK_112] object_trace - '245' a été modifié.
2022-11-23 22:48:36|[INFO]|Session : [jf9hhomf50abifrjrto3ft8j29]|User id : 1|Name : |Module : [use_object]|Function : [Msg - update]| [OK_112] object_trace_diagram - '283' a été modifié.
2022-11-23 22:48:36|[INFO]|Session : [5pdivkiq0jukqp4qrjape3tmie]|User id : 1|Name : |Module : [use_object]|Function : [Msg - update]| [OK_112] object_trace - '245' a été modifié.
2022-11-23 22:48:38|[INFO]|Session : [1sm43e9u5ijrj0tb8rmrc2h4a4]|User id : 1|Name : |Module : [use_object]|Function : [Msg - update]| [OK_112] object_trace - '245' a été modifié.
2022-11-23 22:49:56|[INFO]|Session : [jeppvt7c844t6ju8tuegfi3gs7]|User id : 1|Name : |Module : [use_object]|Function : [Msg - update]| [OK_112] object_trace - '245' a été modifié.
2022-11-23 22:50:38|[INFO]|Session : [q7u0iaioe7rsfk1l3ah4cf32v5]|User id : 1|Name : |Module : [use_object]|Function : [Msg - update]| [OK_112] object_trace - '245' a été modifié.
2022-11-23 22:50:41|[INFO]|Session : [bfrrjsg537trrsda0ei2dn8lu9]|User id : 1|Name : |Module : [use_object]|Function : [Msg - update]| [OK_112] object_trace - '245' a été modifié.
2022-11-23 22:50:57|[INFO]|Session : [scl017sse5k73hf5f0h0kjp1dr]|User id : 1|Name : |Module : [use_object]|Function : [Msg - update]| [OK_112] object_trace_diagram - '283' a été modifié.
2022-11-23 22:50:57|[INFO]|Session : [lttavnv04svu7q8iv1glmfq6au]|User id : 1|Name : |Module : [use_object]|Function : [Msg - update]| [OK_112] object_trace - '245' a été modifié.
2022-11-23 22:51:58|[INFO]|Session : [ps7bpmjtc9tms8f8gemcoq12bc]|User id : 1|Name : |Module : [use_object]|Function : [Msg - update]| [OK_112] object_trace_diagram - '283' a été modifié.
2022-11-23 22:51:58|[INFO]|Session : [ce9oaiaqjqjrrq6d6a3f5mflr6]|User id : 1|Name : |Module : [use_object]|Function : [Msg - update]| [OK_112] object_trace - '245' a été modifié.
2022-11-23 22:51:59|[INFO]|Session : [ulr9g2gp2ukrk57b6ubjoui71m]|User id : 1|Name : |Module : [use_object]|Function : [Msg - update]| [OK_112] object_trace - '245' a été modifié.
2022-11-23 22:52:07|[INFO]|Session : [0ij6f950es6ljckhu51s8a70ob]|User id : 1|Name : |Module : [use_object]|Function : [Msg - update]| [OK_112] object_trace - '245' a été modifié.
2022-11-23 23:07:29|[INFO]|Session : [p4fs91dstpubfb3tc550go90cc]|User id : 1|Name : |Module : [use_object]|Function : [Msg - update]| [OK_112] object_trace - '245' a été modifié.
2022-11-23 23:07:33|[INFO]|Session : [iktna9mk34e18hdpcp07vkqsfo]|User id : 1|Name : |Module : [use_object]|Function : [Msg - update]| [OK_112] object_trace - '245' a été modifié.
2022-11-23 23:07:49|[INFO]|Session : [8mb2giu7e624a44d65lou2q6nr]|User id : 1|Name : |Module : [use_object]|Function : [Msg - update]| [OK_112] object_trace_diagram - '283' a été modifié.
2022-11-23 23:07:50|[INFO]|Session : [5mak8gsb9f0624mffctbvrmc1b]|User id : 1|Name : |Module : [use_object]|Function : [Msg - update]| [OK_112] object_trace - '245' a été modifié.
2022-11-23 23:08:49|[INFO]|Session : [1j5co72jg4ft7e3a99btftbkmd]|User id : 1|Name : |Module : [use_object]|Function : [Msg - update]| [OK_112] object_trace_diagram - '283' a été modifié.
2022-11-23 23:08:50|[INFO]|Session : [m3m0h9pbrerbk25hjaqof5grmr]|User id : 1|Name : |Module : [use_object]|Function : [Msg - update]| [OK_112] object_trace - '245' a été modifié.
2022-11-23 23:08:51|[INFO]|Session : [j4vd7bg98pubqjm2e89fkl3m2l]|User id : 1|Name : |Module : [use_object]|Function : [Msg - update]| [OK_112] object_trace - '245' a été modifié.
2022-11-23 23:12:24|[INFO]|Session : [ckd4k6jnjolh54r8uibv1ctoiu]|User id : 1|Name : |Module : [use_object]|Function : [Msg - update]| [OK_112] object_trace - '246' a été modifié.
2022-11-23 23:12:40|[INFO]|Session : [g0p36556n1ktk1mp0nvu73vd4c]|User id : 1|Name : |Module : [use_object]|Function : [Msg - update]| [OK_112] object_trace - '246' a été modifié.
2022-11-23 23:12:41|[INFO]|Session : [l7ms6q7mstb8fhioav49mctp1v]|User id : 1|Name : |Module : [use_object]|Function : [Msg - update]| [OK_112] object_trace_diagram - '286' a été modifié.
2022-11-23 23:12:42|[INFO]|Session : [hg17h0ptmahrl539l931pset1v]|User id : 1|Name : |Module : [use_object]|Function : [Msg - update]| [OK_112] object_trace - '246' a été modifié.
2022-11-23 23:12:44|[INFO]|Session : [6bcesum8sfmcculrg9il5nurmq]|User id : 1|Name : |Module : [use_object]|Function : [Msg - update]| [OK_112] object_trace - '246' a été modifié.
2022-11-23 23:13:02|[INFO]|Session : [jnmgj0p7juj7lg4r8befen6r50]|User id : 1|Name : |Module : [use_object]|Function : [Msg - update]| [OK_112] object_trace_diagram - '286' a été modifié.
2022-11-23 23:13:03|[INFO]|Session : [1of2jojri18003cvf1d5hhdu7b]|User id : 1|Name : |Module : [use_object]|Function : [Msg - update]| [OK_112] object_trace - '246' a été modifié.
2022-11-23 23:13:04|[INFO]|Session : [t64422kvq54u3oq02r673db9ma]|User id : 1|Name : |Module : [use_object]|Function : [Msg - update]| [OK_112] object_trace - '246' a été modifié.
2022-11-23 23:13:08|[INFO]|Session : [8uac5u2hn38b956kiiltg6eqmb]|User id : 1|Name : |Module : [use_object]|Function : [Msg - update]| [OK_112] object_trace - '246' a été modifié.
2022-11-23 23:13:18|[INFO]|Session : [nt01qp35skrk7mus7qis3l2j0i]|User id : 1|Name : |Module : [use_object]|Function : [Msg - update]| [OK_112] object_trace - '246' a été modifié.
2022-11-23 23:13:21|[INFO]|Session : [8jcpdkhlc0411c9ballat5r0nv]|User id : 1|Name : |Module : [use_object]|Function : [Msg - update]| [OK_112] object_trace - '246' a été modifié.
2022-11-23 23:13:27|[INFO]|Session : [skm8vamtf1ertjb3tr591cd45c]|User id : 1|Name : |Module : [use_object]|Function : [Msg - update]| [OK_112] object_trace_diagram - '286' a été modifié.
2022-11-23 23:13:27|[INFO]|Session : [uk57fjhko1qh7h5j9g81d05s5c]|User id : 1|Name : |Module : [use_object]|Function : [Msg - update]| [OK_112] object_trace - '246' a été modifié.
2022-11-23 23:14:06|[INFO]|Session : [oo791k4oaobn8te91rc2m4meoa]|User id : 1|Name : |Module : [use_object]|Function : [Msg - update]| [OK_112] object_trace_diagram - '286' a été modifié.
2022-11-23 23:14:07|[INFO]|Session : [dm7hnr7k26fgcmqm6mlkkm2hv5]|User id : 1|Name : |Module : [use_object]|Function : [Msg - update]| [OK_112] object_trace - '246' a été modifié.
2022-11-23 23:14:09|[INFO]|Session : [6dsffr0gddjdd3nip1j0kiqos9]|User id : 1|Name : |Module : [use_object]|Function : [Msg - update]| [OK_112] object_trace - '246' a été modifié.
2022-11-23 23:14:12|[INFO]|Session : [e4bcgrsa84nn1cd3tgqvq3gr92]|User id : 1|Name : |Module : [use_object]|Function : [Msg - update]| [OK_112] object_trace - '246' a été modifié.
2022-11-23 23:14:15|[INFO]|Session : [mi1vl66katt0tgj2jk64m7sgav]|User id : 1|Name : |Module : [use_object]|Function : [Msg - update]| [OK_112] object_trace - '246' a été modifié.
2022-11-23 23:14:18|[INFO]|Session : [58upe0uc2urhd8mue8cjtq7n28]|User id : 1|Name : |Module : [use_object]|Function : [Msg - update]| [OK_112] object_trace_diagram - '286' a été modifié.
2022-11-23 23:14:18|[INFO]|Session : [p1ti77qe1014oifi4pkbqklupd]|User id : 1|Name : |Module : [use_object]|Function : [Msg - update]| [OK_112] object_trace - '246' a été modifié.
2022-11-23 23:16:09|[INFO]|Session : [onp7np2nqcrsfg0m1j8750k7li]|User id : 1|Name : |Module : [use_object]|Function : [Msg - update]| [OK_112] object_trace - '246' a été modifié.
2022-11-23 23:16:12|[INFO]|Session : [tni8lf219fqs017ecduidukpfl]|User id : 1|Name : |Module : [use_object]|Function : [Msg - update]| [OK_112] object_trace - '246' a été modifié.
2022-11-23 23:16:29|[INFO]|Session : [b2cjkhcs80bv1ef7a3qpgcl9lp]|User id : 1|Name : |Module : [use_object]|Function : [Msg - update]| [OK_112] object_trace_diagram - '286' a été modifié.
2022-11-23 23:16:30|[INFO]|Session : [pn4ublubv54ujocmc06016ald8]|User id : 1|Name : |Module : [use_object]|Function : [Msg - update]| [OK_112] object_trace - '246' a été modifié.
2022-11-23 23:16:41|[INFO]|Session : [7l6lnhfjrca6jndcut0th8b5ha]|User id : 1|Name : |Module : [use_object]|Function : [Msg - update]| [OK_112] object_trace - '246' a été modifié.
2022-11-23 23:16:43|[INFO]|Session : [25p4vua4nm8duntr71sla5jqvg]|User id : 1|Name : |Module : [use_object]|Function : [Msg - update]| [OK_112] object_trace - '246' a été modifié.
2022-11-23 23:16:56|[INFO]|Session : [eggqc9j9fcf2c8vdsbgo9iib86]|User id : 1|Name : |Module : [use_object]|Function : [Msg - update]| [OK_112] object_trace - '246' a été modifié.
2022-11-23 23:16:58|[INFO]|Session : [844c5iacocjlucbb31ndd723a9]|User id : 1|Name : |Module : [use_object]|Function : [Msg - update]| [OK_112] object_trace - '246' a été modifié.
2022-11-23 23:17:11|[INFO]|Session : [0ga6urskgfgttnob4bumb1i2u7]|User id : 1|Name : |Module : [use_object]|Function : [Msg - update]| [OK_112] object_trace - '246' a été modifié.
2022-11-23 23:17:13|[INFO]|Session : [g2opvphojjroq1g7c58boalk2m]|User id : 1|Name : |Module : [use_object]|Function : [Msg - update]| [OK_112] object_trace - '246' a été modifié.
2022-11-23 23:17:24|[INFO]|Session : [sj43ei146vjbl5cumumkggq738]|User id : 1|Name : |Module : [use_object]|Function : [Msg - update]| [OK_112] object_trace - '247' a été modifié.
2022-11-23 23:17:37|[INFO]|Session : [6qavj3mkifcgih1uosk4lln3hm]|User id : 1|Name : |Module : [use_object]|Function : [Msg - update]| [OK_112] object_trace - '247' a été modifié.
2022-11-23 23:17:38|[INFO]|Session : [5hha3ml68b96i0nrvgbob0tgfo]|User id : 1|Name : |Module : [use_object]|Function : [Msg - update]| [OK_112] object_trace_diagram - '287' a été modifié.
2022-11-23 23:17:38|[INFO]|Session : [cs5fslcm0t5op8nii7oe1n90sb]|User id : 1|Name : |Module : [use_object]|Function : [Msg - update]| [OK_112] object_trace - '247' a été modifié.
2022-11-23 23:17:41|[INFO]|Session : [2erl3ig7tk4fdnjt7ffpksdm3h]|User id : 1|Name : |Module : [use_object]|Function : [Msg - update]| [OK_112] object_trace - '247' a été modifié.
2022-11-23 23:18:21|[INFO]|Session : [d89gjgqtfr8bqgdoeejd0qu63a]|User id : 1|Name : |Module : [use_object]|Function : [Msg - update]| [OK_112] object_trace_diagram - '287' a été modifié.
2022-11-23 23:18:21|[INFO]|Session : [tq0gcjo0ti43g5stts8rffi3ed]|User id : 1|Name : |Module : [use_object]|Function : [Msg - update]| [OK_112] object_trace - '247' a été modifié.
2022-11-23 23:18:22|[INFO]|Session : [h9ik5km412kk8fakds847ohf44]|User id : 1|Name : |Module : [use_object]|Function : [Msg - update]| [OK_112] object_trace - '247' a été modifié.
2022-11-23 23:18:26|[INFO]|Session : [lvhdig0eefenlh4idcor03iigs]|User id : 1|Name : |Module : [use_object]|Function : [Msg - update]| [OK_112] object_trace - '247' a été modifié.
2022-11-23 23:18:34|[INFO]|Session : [ilq0oepa4kdlonn9vdffgqjfai]|User id : 1|Name : |Module : [use_object]|Function : [Msg - update]| [OK_112] object_trace - '247' a été modifié.
2022-11-23 23:18:38|[INFO]|Session : [10pvfvj1q4ddf2cc5h1jqbqkhk]|User id : 1|Name : |Module : [use_object]|Function : [Msg - update]| [OK_112] object_trace - '247' a été modifié.
2022-11-23 23:18:41|[INFO]|Session : [511mh1tj4ql78i3fmoa81r6lsl]|User id : 1|Name : |Module : [use_object]|Function : [Msg - update]| [OK_112] object_trace_diagram - '287' a été modifié.
2022-11-23 23:18:42|[INFO]|Session : [jpphc5744f9g9b228pc56dd0tg]|User id : 1|Name : |Module : [use_object]|Function : [Msg - update]| [OK_112] object_trace - '247' a été modifié.
2022-11-23 23:22:41|[INFO]|Session : [ss4p0fnpajg3ohfd85o0vphqi8]|User id : 1|Name : |Module : [use_object]|Function : [Msg - update]| [OK_112] object_trace - '248' a été modifié.
2022-11-23 23:22:53|[INFO]|Session : [n3vfp8d1u1p4gh6446ip5snego]|User id : 1|Name : |Module : [use_object]|Function : [Msg - update]| [OK_112] object_trace - '248' a été modifié.
2022-11-23 23:22:57|[INFO]|Session : [iicmp1r3nlk4a62ckpl3s6v5fe]|User id : 1|Name : |Module : [use_object]|Function : [Msg - update]| [OK_112] object_trace - '248' a été modifié.
2022-11-23 23:22:59|[INFO]|Session : [c3rkdlj68hlf0d5bbf2clmpf4q]|User id : 1|Name : |Module : [use_object]|Function : [Msg - update]| [OK_112] object_trace_diagram - '288' a été modifié.
2022-11-23 23:22:59|[INFO]|Session : [rpjgii4iq2bpkmrulvmcrdude2]|User id : 1|Name : |Module : [use_object]|Function : [Msg - update]| [OK_112] object_trace - '248' a été modifié.
2022-11-23 23:23:01|[INFO]|Session : [g9a0e949ss7b9ne7tpojn7bcc8]|User id : 1|Name : |Module : [use_object]|Function : [Msg - update]| [OK_112] object_trace - '248' a été modifié.
2022-11-23 23:23:14|[INFO]|Session : [mdin5clupcikjp8opujb639n5u]|User id : 1|Name : |Module : [use_object]|Function : [Msg - update]| [OK_112] object_trace_diagram - '288' a été modifié.
2022-11-23 23:23:14|[INFO]|Session : [tjb8ord3k9he8j3bq5o65d72fv]|User id : 1|Name : |Module : [use_object]|Function : [Msg - update]| [OK_112] object_trace - '248' a été modifié.
2022-11-23 23:23:16|[INFO]|Session : [p3aqk3t1aaftikj6cfn3c5tu9g]|User id : 1|Name : |Module : [use_object]|Function : [Msg - update]| [OK_112] object_trace - '248' a été modifié.
2022-11-23 23:23:20|[INFO]|Session : [s8j76u9se2ikmbl34gdmt4mdsb]|User id : 1|Name : |Module : [use_object]|Function : [Msg - update]| [OK_112] object_trace_diagram - '288' a été modifié.
2022-11-23 23:23:21|[INFO]|Session : [7qe5de8fjmfuiirc891mb2pnpt]|User id : 1|Name : |Module : [use_object]|Function : [Msg - update]| [OK_112] object_trace - '248' a été modifié.
2022-11-23 23:23:38|[INFO]|Session : [d32muhoocg1goql4pp2i2dqgcf]|User id : 1|Name : |Module : [use_object]|Function : [Msg - update]| [OK_112] object_trace_diagram - '288' a été modifié.
2022-11-23 23:23:38|[INFO]|Session : [aa8rpe1b2hj4sjskdbrpa1pvdv]|User id : 1|Name : |Module : [use_object]|Function : [Msg - update]| [OK_112] object_trace - '248' a été modifié.
2022-11-23 23:23:40|[INFO]|Session : [bor9fg1hqb1ls5le0b8jv4rmoq]|User id : 1|Name : |Module : [use_object]|Function : [Msg - update]| [OK_112] object_trace - '248' a été modifié.
2022-11-23 23:23:44|[INFO]|Session : [0nrjdjdidu7m00bbmjua5bf5n4]|User id : 1|Name : |Module : [use_object]|Function : [Msg - update]| [OK_112] object_trace - '248' a été modifié.
2022-11-23 23:23:57|[INFO]|Session : [qjsm0jhkkngd9nlhof92i0ut0n]|User id : 1|Name : |Module : [use_object]|Function : [Msg - update]| [OK_112] object_trace_diagram - '288' a été modifié.
2022-11-23 23:23:58|[INFO]|Session : [223hgg1emkns09hi1uark95eiq]|User id : 1|Name : |Module : [use_object]|Function : [Msg - update]| [OK_112] object_trace - '248' a été modifié.
2022-11-23 23:24:00|[INFO]|Session : [fqfqo4l2qvmd4eemp2cvhpj3cu]|User id : 1|Name : |Module : [use_object]|Function : [Msg - update]| [OK_112] object_trace_diagram - '288' a été modifié.
2022-11-23 23:24:00|[INFO]|Session : [6rrlj4bd2ctgn603bb2de95al2]|User id : 1|Name : |Module : [use_object]|Function : [Msg - update]| [OK_112] object_trace - '248' a été modifié.
2022-11-23 23:24:01|[INFO]|Session : [3rbs03htbo0d9f02bb17755vbh]|User id : 1|Name : |Module : [use_object]|Function : [Msg - update]| [OK_112] object_trace - '248' a été modifié.
2022-11-23 23:24:04|[INFO]|Session : [6c5rn3p10ud143h3dqg6c8sj89]|User id : 1|Name : |Module : [use_object]|Function : [Msg - update]| [OK_112] object_trace_diagram - '288' a été modifié.
2022-11-23 23:24:04|[INFO]|Session : [0fvst2p0cvj13dkvg0n6bp72fd]|User id : 1|Name : |Module : [use_object]|Function : [Msg - update]| [OK_112] object_trace - '248' a été modifié.
2022-11-23 23:24:06|[INFO]|Session : [66vqvi4383enh3v3um5nf2c21c]|User id : 1|Name : |Module : [use_object]|Function : [Msg - update]| [OK_112] object_trace - '248' a été modifié.
2022-11-23 23:24:14|[INFO]|Session : [lau5lksruvnlu1qi2fmen79cgt]|User id : 1|Name : |Module : [use_object]|Function : [Msg - update]| [OK_112] object_trace - '248' a été modifié.
2022-11-23 23:24:18|[INFO]|Session : [3ounf1unon93uqp11dguada1ft]|User id : 1|Name : |Module : [use_object]|Function : [Msg - update]| [OK_112] object_trace - '248' a été modifié.
2022-11-23 23:24:21|[INFO]|Session : [95n82pgd0s4bt6cp18fv6a06sd]|User id : 1|Name : |Module : [use_object]|Function : [Msg - update]| [OK_112] object_trace_diagram - '288' a été modifié.
2022-11-23 23:24:22|[INFO]|Session : [2h6qdrq14v93kp8ch4j84l37jb]|User id : 1|Name : |Module : [use_object]|Function : [Msg - update]| [OK_112] object_trace - '248' a été modifié.
2022-11-23 23:24:23|[INFO]|Session : [2ibdcvq3egln0qv2skhdcn2vrt]|User id : 1|Name : |Module : [use_object]|Function : [Msg - update]| [OK_112] object_trace_diagram - '288' a été modifié.
2022-11-23 23:24:24|[INFO]|Session : [6okfnls3ku3fn54n6d0vfdpth4]|User id : 1|Name : |Module : [use_object]|Function : [Msg - update]| [OK_112] object_trace - '248' a été modifié.
2022-11-23 23:24:24|[INFO]|Session : [2jcnmjear52fsqgueq2tqto7o7]|User id : 1|Name : |Module : [use_object]|Function : [Msg - update]| [OK_112] object_trace - '248' a été modifié.
2022-11-23 23:24:28|[INFO]|Session : [19uni3qb5rscpfbt91d9sh4rhm]|User id : 1|Name : |Module : [use_object]|Function : [Msg - update]| [OK_112] object_trace - '248' a été modifié.
2022-11-23 23:24:32|[INFO]|Session : [dnrlhgbp4k7omvcq5m8fe3cjps]|User id : 1|Name : |Module : [use_object]|Function : [Msg - update]| [OK_112] object_trace_diagram - '288' a été modifié.
2022-11-23 23:24:33|[INFO]|Session : [pk9o62joksrq01v3pbpo00ibfo]|User id : 1|Name : |Module : [use_object]|Function : [Msg - update]| [OK_112] object_trace - '248' a été modifié.
2022-11-23 23:24:36|[INFO]|Session : [c1tu7062t309d3o6ibc7g6k3p9]|User id : 1|Name : |Module : [use_object]|Function : [Msg - update]| [OK_112] object_trace_diagram - '288' a été modifié.
2022-11-23 23:24:37|[INFO]|Session : [pi7iggdf5887oc14gmp1uj6naf]|User id : 1|Name : |Module : [use_object]|Function : [Msg - update]| [OK_112] object_trace - '248' a été modifié.
2022-11-23 23:24:39|[INFO]|Session : [ubm0rgir7gkocv0aifh5tpcli1]|User id : 1|Name : |Module : [use_object]|Function : [Msg - update]| [OK_112] object_trace_diagram - '288' a été modifié.
2022-11-23 23:24:39|[INFO]|Session : [6anckd4kuiqmunqnkcl0ghishp]|User id : 1|Name : |Module : [use_object]|Function : [Msg - update]| [OK_112] object_trace - '248' a été modifié.
2022-11-23 23:24:40|[INFO]|Session : [hdfh8d5lmtt20g6k759us4mgpk]|User id : 1|Name : |Module : [use_object]|Function : [Msg - update]| [OK_112] object_trace_diagram - '288' a été modifié.
2022-11-23 23:24:41|[INFO]|Session : [01n3fv6u6e35d13u0ilkp6uf7d]|User id : 1|Name : |Module : [use_object]|Function : [Msg - update]| [OK_112] object_trace - '248' a été modifié.
2022-11-23 23:24:42|[INFO]|Session : [03guah26ilhf9jeo04k224uhv5]|User id : 1|Name : |Module : [use_object]|Function : [Msg - update]| [OK_112] object_trace_diagram - '288' a été modifié.
2022-11-23 23:24:42|[INFO]|Session : [fnk93llmm0uqr4vdr4lk1rood1]|User id : 1|Name : |Module : [use_object]|Function : [Msg - update]| [OK_112] object_trace - '248' a été modifié.
2022-11-23 23:24:44|[INFO]|Session : [fdbt55ujcoflosvi10uril1qqk]|User id : 1|Name : |Module : [use_object]|Function : [Msg - update]| [OK_112] object_trace_diagram - '288' a été modifié.
2022-11-23 23:24:44|[INFO]|Session : [1kmirhotn9uj4f5thi7iprkcqo]|User id : 1|Name : |Module : [use_object]|Function : [Msg - update]| [OK_112] object_trace - '248' a été modifié.
2022-11-23 23:48:45|[INFO]|Session : [frr6cjftbqs4nqtcpu2rlriq1n]|User id : 1|Name : |Module : [use_object]|Function : [Msg - update]| [OK_112] object_trace - '249' a été modifié.
