2022-08-09 00:21:45|[INFO]|Session : [bu8r8l96o7td8oc4ap6gmnfavi]|User id : 2|Name : SUPER  ADMINISTRATEUR |Module : [use_object]|Function : [Msg - copy]| [OK_151] object_slide - '307' a été copié.
2022-08-09 00:23:20|[INFO]|Session : [bu8r8l96o7td8oc4ap6gmnfavi]|User id : 2|Name : SUPER  ADMINISTRATEUR |Module : [use_object]|Function : [Msg - insert]| [OK_111] object_slide_variable - '' a été créé.
2022-08-09 00:23:20|[INFO]|Session : [bu8r8l96o7td8oc4ap6gmnfavi]|User id : 2|Name : SUPER  ADMINISTRATEUR |Module : [use_object]|Function : [Msg - insert]| [OK_111] object_slide_variable - '' a été créé.
2022-08-09 00:23:20|[INFO]|Session : [bu8r8l96o7td8oc4ap6gmnfavi]|User id : 2|Name : SUPER  ADMINISTRATEUR |Module : [use_object]|Function : [Msg - insert]| [OK_111] object_slide_result - '' a été créé.
2022-08-09 00:23:20|[INFO]|Session : [bu8r8l96o7td8oc4ap6gmnfavi]|User id : 2|Name : SUPER  ADMINISTRATEUR |Module : [use_object]|Function : [Msg - insert]| [OK_111] object_slide_result - '' a été créé.
2022-08-09 00:23:20|[INFO]|Session : [bu8r8l96o7td8oc4ap6gmnfavi]|User id : 2|Name : SUPER  ADMINISTRATEUR |Module : [use_object]|Function : [Msg - update]| [OK_112] object_notice - '130' a été modifié.
2022-08-09 00:23:21|[INFO]|Session : [bu8r8l96o7td8oc4ap6gmnfavi]|User id : 2|Name : SUPER  ADMINISTRATEUR |Module : [use_object]|Function : [Msg - update]| [OK_112] object_slide - '231' a été modifié.
2022-08-09 00:25:39|[INFO]|Session : [bu8r8l96o7td8oc4ap6gmnfavi]|User id : 2|Name : SUPER  ADMINISTRATEUR |Module : [use_object]|Function : [Msg - delete]| [OK_110] object_slide_variable - '28' a été supprimé.
2022-08-09 00:25:39|[INFO]|Session : [bu8r8l96o7td8oc4ap6gmnfavi]|User id : 2|Name : SUPER  ADMINISTRATEUR |Module : [use_object]|Function : [Msg - delete]| [OK_110] object_slide_variable - '29' a été supprimé.
2022-08-09 00:25:39|[INFO]|Session : [bu8r8l96o7td8oc4ap6gmnfavi]|User id : 2|Name : SUPER  ADMINISTRATEUR |Module : [use_object]|Function : [Msg - insert]| [OK_111] object_slide_variable - '' a été créé.
2022-08-09 00:25:39|[INFO]|Session : [bu8r8l96o7td8oc4ap6gmnfavi]|User id : 2|Name : SUPER  ADMINISTRATEUR |Module : [use_object]|Function : [Msg - insert]| [OK_111] object_slide_variable - '' a été créé.
2022-08-09 00:25:40|[INFO]|Session : [bu8r8l96o7td8oc4ap6gmnfavi]|User id : 2|Name : SUPER  ADMINISTRATEUR |Module : [use_object]|Function : [Msg - delete]| [OK_110] object_slide_result - '9' a été supprimé.
2022-08-09 00:25:40|[INFO]|Session : [bu8r8l96o7td8oc4ap6gmnfavi]|User id : 2|Name : SUPER  ADMINISTRATEUR |Module : [use_object]|Function : [Msg - delete]| [OK_110] object_slide_result - '10' a été supprimé.
2022-08-09 00:25:40|[INFO]|Session : [bu8r8l96o7td8oc4ap6gmnfavi]|User id : 2|Name : SUPER  ADMINISTRATEUR |Module : [use_object]|Function : [Msg - insert]| [OK_111] object_slide_result - '' a été créé.
2022-08-09 00:25:40|[INFO]|Session : [bu8r8l96o7td8oc4ap6gmnfavi]|User id : 2|Name : SUPER  ADMINISTRATEUR |Module : [use_object]|Function : [Msg - insert]| [OK_111] object_slide_result - '' a été créé.
2022-08-09 00:25:40|[INFO]|Session : [bu8r8l96o7td8oc4ap6gmnfavi]|User id : 2|Name : SUPER  ADMINISTRATEUR |Module : [use_object]|Function : [Msg - update]| [OK_112] object_notice - '130' a été modifié.
2022-08-09 00:25:40|[INFO]|Session : [bu8r8l96o7td8oc4ap6gmnfavi]|User id : 2|Name : SUPER  ADMINISTRATEUR |Module : [use_object]|Function : [Msg - update]| [OK_112] object_content_variables - '165' a été modifié.
2022-08-09 00:25:40|[INFO]|Session : [bu8r8l96o7td8oc4ap6gmnfavi]|User id : 2|Name : SUPER  ADMINISTRATEUR |Module : [use_object]|Function : [Msg - insert]| [OK_111] object_content_results - '0' a été créé.
2022-08-09 00:25:40|[INFO]|Session : [bu8r8l96o7td8oc4ap6gmnfavi]|User id : 2|Name : SUPER  ADMINISTRATEUR |Module : [use_object]|Function : [Msg - update]| [OK_112] object_slide - '231' a été modifié.
2022-08-09 00:26:12|[INFO]|Session : [bu8r8l96o7td8oc4ap6gmnfavi]|User id : 2|Name : SUPER  ADMINISTRATEUR |Module : [use_object]|Function : [Msg - delete]| [OK_110] object_slide_variable - '30' a été supprimé.
2022-08-09 00:26:12|[INFO]|Session : [bu8r8l96o7td8oc4ap6gmnfavi]|User id : 2|Name : SUPER  ADMINISTRATEUR |Module : [use_object]|Function : [Msg - delete]| [OK_110] object_slide_variable - '31' a été supprimé.
2022-08-09 00:26:12|[INFO]|Session : [bu8r8l96o7td8oc4ap6gmnfavi]|User id : 2|Name : SUPER  ADMINISTRATEUR |Module : [use_object]|Function : [Msg - insert]| [OK_111] object_slide_variable - '' a été créé.
2022-08-09 00:26:12|[INFO]|Session : [bu8r8l96o7td8oc4ap6gmnfavi]|User id : 2|Name : SUPER  ADMINISTRATEUR |Module : [use_object]|Function : [Msg - insert]| [OK_111] object_slide_variable - '' a été créé.
2022-08-09 00:26:13|[INFO]|Session : [bu8r8l96o7td8oc4ap6gmnfavi]|User id : 2|Name : SUPER  ADMINISTRATEUR |Module : [use_object]|Function : [Msg - delete]| [OK_110] object_slide_result - '11' a été supprimé.
2022-08-09 00:26:13|[INFO]|Session : [bu8r8l96o7td8oc4ap6gmnfavi]|User id : 2|Name : SUPER  ADMINISTRATEUR |Module : [use_object]|Function : [Msg - delete]| [OK_110] object_slide_result - '12' a été supprimé.
2022-08-09 00:26:13|[INFO]|Session : [bu8r8l96o7td8oc4ap6gmnfavi]|User id : 2|Name : SUPER  ADMINISTRATEUR |Module : [use_object]|Function : [Msg - insert]| [OK_111] object_slide_result - '' a été créé.
2022-08-09 00:26:13|[INFO]|Session : [bu8r8l96o7td8oc4ap6gmnfavi]|User id : 2|Name : SUPER  ADMINISTRATEUR |Module : [use_object]|Function : [Msg - insert]| [OK_111] object_slide_result - '' a été créé.
2022-08-09 00:26:13|[INFO]|Session : [bu8r8l96o7td8oc4ap6gmnfavi]|User id : 2|Name : SUPER  ADMINISTRATEUR |Module : [use_object]|Function : [Msg - insert]| [OK_111] object_slide_result_1 - '' a été créé.
2022-08-09 00:26:13|[INFO]|Session : [bu8r8l96o7td8oc4ap6gmnfavi]|User id : 2|Name : SUPER  ADMINISTRATEUR |Module : [use_object]|Function : [Msg - update]| [OK_112] object_notice - '130' a été modifié.
2022-08-09 00:26:13|[INFO]|Session : [bu8r8l96o7td8oc4ap6gmnfavi]|User id : 2|Name : SUPER  ADMINISTRATEUR |Module : [use_object]|Function : [Msg - update]| [OK_112] object_content_variables - '165' a été modifié.
2022-08-09 00:26:13|[INFO]|Session : [bu8r8l96o7td8oc4ap6gmnfavi]|User id : 2|Name : SUPER  ADMINISTRATEUR |Module : [use_object]|Function : [Msg - update]| [OK_112] object_content_results - '174' a été modifié.
2022-08-09 00:26:13|[INFO]|Session : [bu8r8l96o7td8oc4ap6gmnfavi]|User id : 2|Name : SUPER  ADMINISTRATEUR |Module : [use_object]|Function : [Msg - update]| [OK_112] object_slide - '231' a été modifié.
2022-08-09 00:26:31|[INFO]|Session : [bu8r8l96o7td8oc4ap6gmnfavi]|User id : 2|Name : SUPER  ADMINISTRATEUR |Module : [use_object]|Function : [Msg - delete]| [OK_110] object_slide_variable - '32' a été supprimé.
2022-08-09 00:26:31|[INFO]|Session : [bu8r8l96o7td8oc4ap6gmnfavi]|User id : 2|Name : SUPER  ADMINISTRATEUR |Module : [use_object]|Function : [Msg - delete]| [OK_110] object_slide_variable - '33' a été supprimé.
2022-08-09 00:26:31|[INFO]|Session : [bu8r8l96o7td8oc4ap6gmnfavi]|User id : 2|Name : SUPER  ADMINISTRATEUR |Module : [use_object]|Function : [Msg - insert]| [OK_111] object_slide_variable - '' a été créé.
2022-08-09 00:26:31|[INFO]|Session : [bu8r8l96o7td8oc4ap6gmnfavi]|User id : 2|Name : SUPER  ADMINISTRATEUR |Module : [use_object]|Function : [Msg - insert]| [OK_111] object_slide_variable - '' a été créé.
2022-08-09 00:26:32|[INFO]|Session : [bu8r8l96o7td8oc4ap6gmnfavi]|User id : 2|Name : SUPER  ADMINISTRATEUR |Module : [use_object]|Function : [Msg - delete]| [OK_110] object_slide_result - '13' a été supprimé.
2022-08-09 00:26:32|[INFO]|Session : [bu8r8l96o7td8oc4ap6gmnfavi]|User id : 2|Name : SUPER  ADMINISTRATEUR |Module : [use_object]|Function : [Msg - delete]| [OK_110] object_slide_result - '14' a été supprimé.
2022-08-09 00:26:32|[INFO]|Session : [bu8r8l96o7td8oc4ap6gmnfavi]|User id : 2|Name : SUPER  ADMINISTRATEUR |Module : [use_object]|Function : [Msg - insert]| [OK_111] object_slide_result - '' a été créé.
2022-08-09 00:26:32|[INFO]|Session : [bu8r8l96o7td8oc4ap6gmnfavi]|User id : 2|Name : SUPER  ADMINISTRATEUR |Module : [use_object]|Function : [Msg - insert]| [OK_111] object_slide_result - '' a été créé.
2022-08-09 00:26:32|[INFO]|Session : [bu8r8l96o7td8oc4ap6gmnfavi]|User id : 2|Name : SUPER  ADMINISTRATEUR |Module : [use_object]|Function : [Msg - delete]| [OK_110] object_slide_result_1 - '15' a été supprimé.
2022-08-09 00:26:32|[INFO]|Session : [bu8r8l96o7td8oc4ap6gmnfavi]|User id : 2|Name : SUPER  ADMINISTRATEUR |Module : [use_object]|Function : [Msg - insert]| [OK_111] object_slide_result_1 - '' a été créé.
2022-08-09 00:26:32|[INFO]|Session : [bu8r8l96o7td8oc4ap6gmnfavi]|User id : 2|Name : SUPER  ADMINISTRATEUR |Module : [use_object]|Function : [Msg - update]| [OK_112] object_notice - '130' a été modifié.
2022-08-09 00:26:32|[INFO]|Session : [bu8r8l96o7td8oc4ap6gmnfavi]|User id : 2|Name : SUPER  ADMINISTRATEUR |Module : [use_object]|Function : [Msg - update]| [OK_112] object_content_variables - '165' a été modifié.
2022-08-09 00:26:32|[INFO]|Session : [bu8r8l96o7td8oc4ap6gmnfavi]|User id : 2|Name : SUPER  ADMINISTRATEUR |Module : [use_object]|Function : [Msg - update]| [OK_112] object_content_results - '174' a été modifié.
2022-08-09 00:26:32|[INFO]|Session : [bu8r8l96o7td8oc4ap6gmnfavi]|User id : 2|Name : SUPER  ADMINISTRATEUR |Module : [use_object]|Function : [Msg - update]| [OK_112] object_slide - '231' a été modifié.
2022-08-09 00:26:50|[INFO]|Session : [bu8r8l96o7td8oc4ap6gmnfavi]|User id : 2|Name : SUPER  ADMINISTRATEUR |Module : [use_object]|Function : [Msg - delete]| [OK_110] object_slide_variable - '34' a été supprimé.
2022-08-09 00:26:50|[INFO]|Session : [bu8r8l96o7td8oc4ap6gmnfavi]|User id : 2|Name : SUPER  ADMINISTRATEUR |Module : [use_object]|Function : [Msg - delete]| [OK_110] object_slide_variable - '35' a été supprimé.
2022-08-09 00:26:50|[INFO]|Session : [bu8r8l96o7td8oc4ap6gmnfavi]|User id : 2|Name : SUPER  ADMINISTRATEUR |Module : [use_object]|Function : [Msg - insert]| [OK_111] object_slide_variable - '' a été créé.
2022-08-09 00:26:50|[INFO]|Session : [bu8r8l96o7td8oc4ap6gmnfavi]|User id : 2|Name : SUPER  ADMINISTRATEUR |Module : [use_object]|Function : [Msg - insert]| [OK_111] object_slide_variable - '' a été créé.
2022-08-09 00:26:50|[INFO]|Session : [bu8r8l96o7td8oc4ap6gmnfavi]|User id : 2|Name : SUPER  ADMINISTRATEUR |Module : [use_object]|Function : [Msg - delete]| [OK_110] object_slide_result - '16' a été supprimé.
2022-08-09 00:26:50|[INFO]|Session : [bu8r8l96o7td8oc4ap6gmnfavi]|User id : 2|Name : SUPER  ADMINISTRATEUR |Module : [use_object]|Function : [Msg - delete]| [OK_110] object_slide_result - '17' a été supprimé.
2022-08-09 00:26:50|[INFO]|Session : [bu8r8l96o7td8oc4ap6gmnfavi]|User id : 2|Name : SUPER  ADMINISTRATEUR |Module : [use_object]|Function : [Msg - insert]| [OK_111] object_slide_result - '' a été créé.
2022-08-09 00:26:50|[INFO]|Session : [bu8r8l96o7td8oc4ap6gmnfavi]|User id : 2|Name : SUPER  ADMINISTRATEUR |Module : [use_object]|Function : [Msg - insert]| [OK_111] object_slide_result - '' a été créé.
2022-08-09 00:26:50|[INFO]|Session : [bu8r8l96o7td8oc4ap6gmnfavi]|User id : 2|Name : SUPER  ADMINISTRATEUR |Module : [use_object]|Function : [Msg - delete]| [OK_110] object_slide_result_1 - '18' a été supprimé.
2022-08-09 00:26:50|[INFO]|Session : [bu8r8l96o7td8oc4ap6gmnfavi]|User id : 2|Name : SUPER  ADMINISTRATEUR |Module : [use_object]|Function : [Msg - insert]| [OK_111] object_slide_result_1 - '' a été créé.
2022-08-09 00:26:50|[INFO]|Session : [bu8r8l96o7td8oc4ap6gmnfavi]|User id : 2|Name : SUPER  ADMINISTRATEUR |Module : [use_object]|Function : [Msg - update]| [OK_112] object_notice - '130' a été modifié.
2022-08-09 00:26:50|[INFO]|Session : [bu8r8l96o7td8oc4ap6gmnfavi]|User id : 2|Name : SUPER  ADMINISTRATEUR |Module : [use_object]|Function : [Msg - update]| [OK_112] object_content_variables - '165' a été modifié.
2022-08-09 00:26:50|[INFO]|Session : [bu8r8l96o7td8oc4ap6gmnfavi]|User id : 2|Name : SUPER  ADMINISTRATEUR |Module : [use_object]|Function : [Msg - update]| [OK_112] object_content_results - '174' a été modifié.
2022-08-09 00:26:50|[INFO]|Session : [bu8r8l96o7td8oc4ap6gmnfavi]|User id : 2|Name : SUPER  ADMINISTRATEUR |Module : [use_object]|Function : [Msg - update]| [OK_112] object_slide - '231' a été modifié.
2022-08-09 00:27:02|[INFO]|Session : [bu8r8l96o7td8oc4ap6gmnfavi]|User id : 2|Name : SUPER  ADMINISTRATEUR |Module : [use_object]|Function : [Msg - copy]| [OK_151] object_slide - '231' a été copié.
2022-08-09 10:40:59|[INFO]|Session : [ura9hkt9f22genmrohlq1vfis7]|User id : 1|Name : |Module : [use_object]|Function : [Msg - update]| [OK_112] object_trace - '11' a été modifié.
2022-08-09 10:41:29|[INFO]|Session : [268s3o13hjc8ql02944t0irm5q]|User id : 1|Name : |Module : [use_object]|Function : [Msg - update]| [OK_112] object_trace - '11' a été modifié.
2022-08-09 10:42:15|[INFO]|Session : [b8an5kuco6jbo7kegdpjaadbsc]|User id : 1|Name : |Module : [use_object]|Function : [Msg - update]| [OK_112] object_trace - '7' a été modifié.
2022-08-09 10:42:28|[INFO]|Session : [varg4ufdtr22mg3pot1dhotkb7]|User id : 1|Name : |Module : [use_object]|Function : [Msg - update]| [OK_112] object_trace - '7' a été modifié.
2022-08-09 10:44:21|[INFO]|Session : [m9oc7os7usr93grselerbsnqeu]|User id : 1|Name : |Module : [use_object]|Function : [Msg - update]| [OK_112] object_trace - '7' a été modifié.
2022-08-09 10:45:36|[INFO]|Session : [hfgkbdbt6m83nugbfs12ienepa]|User id : 2|Name : SUPER  ADMINISTRATEUR |Module : [use_object]|Function : [Msg - update]| [OK_112] object_application - 'OUTILV0' a été modifié.
2022-08-09 10:46:13|[INFO]|Session : [hfgkbdbt6m83nugbfs12ienepa]|User id : 2|Name : SUPER  ADMINISTRATEUR |Module : [use_object]|Function : [Msg - update]| [OK_112] object_application - 'OUTILV0' a été modifié.
2022-08-09 10:46:25|[INFO]|Session : [lahkg41a20nisndseaclss8a8c]|User id : 1|Name : |Module : [use_object]|Function : [Msg - update]| [OK_112] object_trace - '7' a été modifié.
2022-08-09 10:46:44|[INFO]|Session : [pluv0qrqvefpd5d62jpkgct9ci]|User id : 1|Name : |Module : [use_object]|Function : [Msg - update]| [OK_112] object_trace - '7' a été modifié.
2022-08-09 10:47:12|[INFO]|Session : [7gont09b6imee2djth229l2tle]|User id : 1|Name : |Module : [use_object]|Function : [Msg - update]| [OK_112] object_trace - '7' a été modifié.
2022-08-09 10:47:41|[INFO]|Session : [2s5cnph89p56ubdepggrbiaaj9]|User id : 1|Name : |Module : [use_object]|Function : [Msg - update]| [OK_112] object_trace - '7' a été modifié.
2022-08-09 10:47:44|[INFO]|Session : [hkti7fpsd4c4p535afb95ig9s4]|User id : 1|Name : |Module : [use_object]|Function : [Msg - update]| [OK_112] object_trace - '7' a été modifié.
2022-08-09 10:48:21|[INFO]|Session : [pni9d07bfoq3frg6ni3aisji9a]|User id : 1|Name : |Module : [use_object]|Function : [Msg - update]| [OK_112] object_trace_diagram - '10' a été modifié.
2022-08-09 10:48:21|[INFO]|Session : [t0npvgagigqrmqo2a93v5jfo2l]|User id : 1|Name : |Module : [use_object]|Function : [Msg - update]| [OK_112] object_trace - '7' a été modifié.
2022-08-09 10:48:23|[INFO]|Session : [6u8clgr3njo4spplii8imt4ecv]|User id : 1|Name : |Module : [use_object]|Function : [Msg - update]| [OK_112] object_trace - '7' a été modifié.
2022-08-09 10:48:52|[INFO]|Session : [itpgr4jop6519iha6tg4djiesn]|User id : 1|Name : |Module : [use_object]|Function : [Msg - update]| [OK_112] object_trace_diagram - '10' a été modifié.
2022-08-09 10:48:53|[INFO]|Session : [jinc4jh335iubpdct4vf6gfia9]|User id : 1|Name : |Module : [use_object]|Function : [Msg - update]| [OK_112] object_trace - '7' a été modifié.
2022-08-09 10:48:53|[INFO]|Session : [n19i4jfr3c12f8l81f66vb7fhq]|User id : 1|Name : |Module : [use_object]|Function : [Msg - update]| [OK_112] object_trace - '7' a été modifié.
2022-08-09 10:48:58|[INFO]|Session : [820q49jt8ojorf1tldm3019ann]|User id : 1|Name : |Module : [use_object]|Function : [Msg - update]| [OK_112] object_trace_diagram - '10' a été modifié.
2022-08-09 10:48:59|[INFO]|Session : [sjnqe1brtk6tktfe24jtq449ob]|User id : 1|Name : |Module : [use_object]|Function : [Msg - update]| [OK_112] object_trace - '7' a été modifié.
2022-08-09 10:48:59|[INFO]|Session : [v7ncu2inc2hsoiijdtadel544o]|User id : 1|Name : |Module : [use_object]|Function : [Msg - update]| [OK_112] object_trace - '7' a été modifié.
2022-08-09 10:52:32|[INFO]|Session : [c9hpg530fm91plhlmu4vtsbjo9]|User id : 1|Name : |Module : [use_object]|Function : [Msg - update]| [OK_112] object_trace - '7' a été modifié.
2022-08-09 10:52:34|[INFO]|Session : [o8vlakbm6larf33elpd9s4vc58]|User id : 1|Name : |Module : [use_object]|Function : [Msg - update]| [OK_112] object_trace - '7' a été modifié.
2022-08-09 10:53:17|[INFO]|Session : [hfgkbdbt6m83nugbfs12ienepa]|User id : 2|Name : SUPER  ADMINISTRATEUR |Module : [use_object]|Function : [Msg - delete]| [OK_110] object_slide_variable - '9' a été supprimé.
2022-08-09 10:53:17|[INFO]|Session : [hfgkbdbt6m83nugbfs12ienepa]|User id : 2|Name : SUPER  ADMINISTRATEUR |Module : [use_object]|Function : [Msg - delete]| [OK_110] object_slide_variable - '10' a été supprimé.
2022-08-09 10:53:17|[INFO]|Session : [hfgkbdbt6m83nugbfs12ienepa]|User id : 2|Name : SUPER  ADMINISTRATEUR |Module : [use_object]|Function : [Msg - delete]| [OK_110] object_slide_variable - '11' a été supprimé.
2022-08-09 10:53:17|[INFO]|Session : [hfgkbdbt6m83nugbfs12ienepa]|User id : 2|Name : SUPER  ADMINISTRATEUR |Module : [use_object]|Function : [Msg - insert]| [OK_111] object_slide_variable - '' a été créé.
2022-08-09 10:53:17|[INFO]|Session : [hfgkbdbt6m83nugbfs12ienepa]|User id : 2|Name : SUPER  ADMINISTRATEUR |Module : [use_object]|Function : [Msg - insert]| [OK_111] object_slide_variable - '' a été créé.
2022-08-09 10:53:17|[INFO]|Session : [hfgkbdbt6m83nugbfs12ienepa]|User id : 2|Name : SUPER  ADMINISTRATEUR |Module : [use_object]|Function : [Msg - insert]| [OK_111] object_slide_variable - '' a été créé.
2022-08-09 10:53:18|[INFO]|Session : [hfgkbdbt6m83nugbfs12ienepa]|User id : 2|Name : SUPER  ADMINISTRATEUR |Module : [use_object]|Function : [Msg - delete]| [OK_110] object_slide_result - '4' a été supprimé.
2022-08-09 10:53:18|[INFO]|Session : [hfgkbdbt6m83nugbfs12ienepa]|User id : 2|Name : SUPER  ADMINISTRATEUR |Module : [use_object]|Function : [Msg - insert]| [OK_111] object_slide_result - '' a été créé.
2022-08-09 10:53:18|[INFO]|Session : [hfgkbdbt6m83nugbfs12ienepa]|User id : 2|Name : SUPER  ADMINISTRATEUR |Module : [use_object]|Function : [Msg - update]| [OK_112] object_content_variables - '165' a été modifié.
2022-08-09 10:53:18|[INFO]|Session : [hfgkbdbt6m83nugbfs12ienepa]|User id : 2|Name : SUPER  ADMINISTRATEUR |Module : [use_object]|Function : [Msg - update]| [OK_112] object_slide - '288' a été modifié.
2022-08-09 10:53:25|[INFO]|Session : [o7t0elc8a9kp4bm2t9klvpan6t]|User id : 1|Name : |Module : [use_object]|Function : [Msg - update]| [OK_112] object_trace - '7' a été modifié.
2022-08-09 10:53:27|[INFO]|Session : [v69kt1a564ftcusekcireil7ol]|User id : 1|Name : |Module : [use_object]|Function : [Msg - update]| [OK_112] object_trace - '7' a été modifié.
2022-08-09 10:53:29|[INFO]|Session : [vu7rkgm85077e8dku1lqctvhk2]|User id : 1|Name : |Module : [use_object]|Function : [Msg - update]| [OK_112] object_trace_diagram - '10' a été modifié.
2022-08-09 10:53:30|[INFO]|Session : [uabjnubelpe0p2gu3v99q3vp8e]|User id : 1|Name : |Module : [use_object]|Function : [Msg - update]| [OK_112] object_trace - '7' a été modifié.
2022-08-09 10:53:30|[INFO]|Session : [p4jk79boh2qiibr3eu7hnm521f]|User id : 1|Name : |Module : [use_object]|Function : [Msg - update]| [OK_112] object_trace - '7' a été modifié.
2022-08-09 10:53:39|[INFO]|Session : [k1563jr5rjhs6e6du77nvacnl7]|User id : 1|Name : |Module : [use_object]|Function : [Msg - update]| [OK_112] object_trace_diagram - '10' a été modifié.
2022-08-09 10:53:39|[INFO]|Session : [7v94huair9o3pqjopib4b2m1d2]|User id : 1|Name : |Module : [use_object]|Function : [Msg - update]| [OK_112] object_trace - '7' a été modifié.
2022-08-09 10:54:02|[INFO]|Session : [bp68qbmn19ktrenfcd0d9ohob7]|User id : 1|Name : |Module : [use_object]|Function : [Msg - update]| [OK_112] object_trace - '7' a été modifié.
2022-08-09 10:54:03|[INFO]|Session : [gfiv21hr0e9ocqr345cn3p61q6]|User id : 1|Name : |Module : [use_object]|Function : [Msg - update]| [OK_112] object_trace_diagram - '10' a été modifié.
2022-08-09 10:54:04|[INFO]|Session : [sev5abupq9sp3in77ld2ao4ln0]|User id : 1|Name : |Module : [use_object]|Function : [Msg - update]| [OK_112] object_trace - '7' a été modifié.
2022-08-09 10:56:30|[INFO]|Session : [fdt72dgqj11cotj2es7muqp2g6]|User id : 1|Name : |Module : [use_object]|Function : [Msg - update]| [OK_112] object_trace - '7' a été modifié.
2022-08-09 10:56:32|[INFO]|Session : [k3nhv9uqhm6ilh0v3o7v02bnum]|User id : 1|Name : |Module : [use_object]|Function : [Msg - update]| [OK_112] object_trace - '7' a été modifié.
2022-08-09 10:56:35|[INFO]|Session : [mgqfvmgkh0qk1kfr7mgdq1gc1k]|User id : 1|Name : |Module : [use_object]|Function : [Msg - update]| [OK_112] object_trace_diagram - '10' a été modifié.
2022-08-09 10:56:36|[INFO]|Session : [09crm5ge24dnipkif1pbn2e0pr]|User id : 1|Name : |Module : [use_object]|Function : [Msg - update]| [OK_112] object_trace - '7' a été modifié.
2022-08-09 10:56:51|[INFO]|Session : [fqi4no7ia0lhq3j2e1cfarpb3p]|User id : 1|Name : |Module : [use_object]|Function : [Msg - update]| [OK_112] object_trace_diagram - '10' a été modifié.
2022-08-09 10:56:51|[INFO]|Session : [nkp1jme7c0pkkujt5is2l35a09]|User id : 1|Name : |Module : [use_object]|Function : [Msg - update]| [OK_112] object_trace - '7' a été modifié.
2022-08-09 10:56:53|[INFO]|Session : [01eh4cql9j4vsevjruegtequ4d]|User id : 1|Name : |Module : [use_object]|Function : [Msg - update]| [OK_112] object_trace - '7' a été modifié.
2022-08-09 11:36:26|[INFO]|Session : [e7836uj8ia4cpls6nshle27k8l]|User id : 1|Name : |Module : [use_object]|Function : [Msg - update]| [OK_112] object_trace - '7' a été modifié.
2022-08-09 11:36:29|[INFO]|Session : [vt9c6suoh9djpbogc968j41bhb]|User id : 1|Name : |Module : [use_object]|Function : [Msg - update]| [OK_112] object_trace - '7' a été modifié.
2022-08-09 11:36:38|[INFO]|Session : [pvgkrknfu6at83035uo7m2gtun]|User id : 1|Name : |Module : [use_object]|Function : [Msg - update]| [OK_112] object_trace_diagram - '10' a été modifié.
2022-08-09 11:36:38|[INFO]|Session : [f8uk9ogurqtblclhsnt9m5b8od]|User id : 1|Name : |Module : [use_object]|Function : [Msg - update]| [OK_112] object_trace - '7' a été modifié.
2022-08-09 11:36:41|[INFO]|Session : [fsmm4dnlngq09bkg932t75bi4l]|User id : 1|Name : |Module : [use_object]|Function : [Msg - update]| [OK_112] object_trace_diagram - '10' a été modifié.
2022-08-09 11:36:41|[INFO]|Session : [pvqgljvgbl77get49mb4mvf7uh]|User id : 1|Name : |Module : [use_object]|Function : [Msg - update]| [OK_112] object_trace - '7' a été modifié.
2022-08-09 11:36:42|[INFO]|Session : [iidkodkemafoa0met8df2vgukr]|User id : 1|Name : |Module : [use_object]|Function : [Msg - update]| [OK_112] object_trace - '7' a été modifié.
2022-08-09 11:36:57|[INFO]|Session : [uc076qd1i67rlvceg93m8iul38]|User id : 1|Name : |Module : [use_object]|Function : [Msg - update]| [OK_112] object_trace - '7' a été modifié.
2022-08-09 11:37:17|[INFO]|Session : [8nfdfndel130ooc11r9sf05b80]|User id : 1|Name : |Module : [use_object]|Function : [Msg - update]| [OK_112] object_trace_diagram - '10' a été modifié.
2022-08-09 11:37:18|[INFO]|Session : [g75cv4tkei30abj9j4cdu6vrm6]|User id : 1|Name : |Module : [use_object]|Function : [Msg - update]| [OK_112] object_trace - '7' a été modifié.
2022-08-09 11:37:22|[INFO]|Session : [vdpvr22arktga4jgfqcorl0hld]|User id : 1|Name : |Module : [use_object]|Function : [Msg - update]| [OK_112] object_trace_diagram - '10' a été modifié.
2022-08-09 11:37:23|[INFO]|Session : [2nrmpbge8k7gauiibeio88ktgm]|User id : 1|Name : |Module : [use_object]|Function : [Msg - update]| [OK_112] object_trace - '7' a été modifié.
2022-08-09 11:37:24|[INFO]|Session : [4hvcjtj4pdvtrkikl0t7o19q6o]|User id : 1|Name : |Module : [use_object]|Function : [Msg - update]| [OK_112] object_trace - '7' a été modifié.
2022-08-09 11:37:38|[INFO]|Session : [t8j68qsuj1fgkohn6qml0hrm9j]|User id : 1|Name : |Module : [use_object]|Function : [Msg - update]| [OK_112] object_trace - '7' a été modifié.
2022-08-09 11:38:30|[INFO]|Session : [hfgkbdbt6m83nugbfs12ienepa]|User id : 2|Name : SUPER  ADMINISTRATEUR |Module : [use_object]|Function : [Msg - delete]| [OK_110] object_slide_variable - '7' a été supprimé.
2022-08-09 11:38:30|[INFO]|Session : [hfgkbdbt6m83nugbfs12ienepa]|User id : 2|Name : SUPER  ADMINISTRATEUR |Module : [use_object]|Function : [Msg - delete]| [OK_110] object_slide_variable - '8' a été supprimé.
2022-08-09 11:38:30|[INFO]|Session : [hfgkbdbt6m83nugbfs12ienepa]|User id : 2|Name : SUPER  ADMINISTRATEUR |Module : [use_object]|Function : [Msg - insert]| [OK_111] object_slide_variable - '' a été créé.
2022-08-09 11:38:30|[INFO]|Session : [hfgkbdbt6m83nugbfs12ienepa]|User id : 2|Name : SUPER  ADMINISTRATEUR |Module : [use_object]|Function : [Msg - insert]| [OK_111] object_slide_variable - '' a été créé.
2022-08-09 11:38:30|[INFO]|Session : [hfgkbdbt6m83nugbfs12ienepa]|User id : 2|Name : SUPER  ADMINISTRATEUR |Module : [use_object]|Function : [Msg - delete]| [OK_110] object_slide_result - '3' a été supprimé.
2022-08-09 11:38:30|[INFO]|Session : [hfgkbdbt6m83nugbfs12ienepa]|User id : 2|Name : SUPER  ADMINISTRATEUR |Module : [use_object]|Function : [Msg - insert]| [OK_111] object_slide_result - '' a été créé.
2022-08-09 11:38:30|[INFO]|Session : [hfgkbdbt6m83nugbfs12ienepa]|User id : 2|Name : SUPER  ADMINISTRATEUR |Module : [use_object]|Function : [Msg - update]| [OK_112] object_content_variables - '165' a été modifié.
2022-08-09 11:38:30|[INFO]|Session : [hfgkbdbt6m83nugbfs12ienepa]|User id : 2|Name : SUPER  ADMINISTRATEUR |Module : [use_object]|Function : [Msg - update]| [OK_112] object_content_results - '174' a été modifié.
2022-08-09 11:38:31|[INFO]|Session : [hfgkbdbt6m83nugbfs12ienepa]|User id : 2|Name : SUPER  ADMINISTRATEUR |Module : [use_object]|Function : [Msg - update]| [OK_112] object_slide - '287' a été modifié.
2022-08-09 11:38:39|[INFO]|Session : [j78r1gcgg2b99e2p6ovohad24p]|User id : 1|Name : |Module : [use_object]|Function : [Msg - update]| [OK_112] object_trace - '7' a été modifié.
2022-08-09 11:38:41|[INFO]|Session : [frjn5eqafu82gut5p74mma126v]|User id : 1|Name : |Module : [use_object]|Function : [Msg - update]| [OK_112] object_trace - '7' a été modifié.
2022-08-09 11:38:46|[INFO]|Session : [2l8o1ppl8huoiuo68cidjq4i92]|User id : 1|Name : |Module : [use_object]|Function : [Msg - update]| [OK_112] object_trace - '7' a été modifié.
2022-08-09 11:38:49|[INFO]|Session : [0fssk8iheodb455su2bourijj0]|User id : 1|Name : |Module : [use_object]|Function : [Msg - update]| [OK_112] object_trace - '7' a été modifié.
2022-08-09 11:38:52|[INFO]|Session : [tlqanapaas5gkv0evre8ajptdu]|User id : 1|Name : |Module : [use_object]|Function : [Msg - update]| [OK_112] object_trace - '7' a été modifié.
2022-08-09 11:39:02|[INFO]|Session : [jnt1s9qk3cujcf0ce32grsldfa]|User id : 1|Name : |Module : [use_object]|Function : [Msg - update]| [OK_112] object_trace - '7' a été modifié.
2022-08-09 11:39:11|[INFO]|Session : [e8v0g2taikpa4brsullug8neso]|User id : 1|Name : |Module : [use_object]|Function : [Msg - update]| [OK_112] object_trace - '7' a été modifié.
2022-08-09 11:46:41|[INFO]|Session : [1odaos132pa1i86oso97f5ju46]|User id : 1|Name : |Module : [use_object]|Function : [Msg - update]| [OK_112] object_trace - '7' a été modifié.
2022-08-09 11:46:43|[INFO]|Session : [ehhkuggb3lbnpiq60hv7oa3k5g]|User id : 1|Name : |Module : [use_object]|Function : [Msg - update]| [OK_112] object_trace - '7' a été modifié.
2022-08-09 11:46:46|[INFO]|Session : [e3ot57bjhar07pmaksufq84fba]|User id : 1|Name : |Module : [use_object]|Function : [Msg - update]| [OK_112] object_trace - '7' a été modifié.
2022-08-09 11:52:38|[INFO]|Session : [bkrfrlrr4rs8oprneiqeq7gsko]|User id : 1|Name : |Module : [use_object]|Function : [Msg - update]| [OK_112] object_trace - '7' a été modifié.
2022-08-09 11:52:40|[INFO]|Session : [gjl5h0ubvkii71c0k5kql5d6e6]|User id : 1|Name : |Module : [use_object]|Function : [Msg - update]| [OK_112] object_trace - '7' a été modifié.
2022-08-09 11:52:45|[INFO]|Session : [leupbv7lk03cute4uambodj6rg]|User id : 1|Name : |Module : [use_object]|Function : [Msg - update]| [OK_112] object_trace - '7' a été modifié.
2022-08-09 11:52:52|[INFO]|Session : [1dqkq7f29f6fl5ec01pdkmtic2]|User id : 1|Name : |Module : [use_object]|Function : [Msg - update]| [OK_112] object_trace - '7' a été modifié.
2022-08-09 11:53:00|[INFO]|Session : [mosmpb9uck6dijo325qo1skscj]|User id : 1|Name : |Module : [use_object]|Function : [Msg - update]| [OK_112] object_trace_diagram - '10' a été modifié.
2022-08-09 11:53:01|[INFO]|Session : [782anqnphe6ildoo3vvpnn9lnm]|User id : 1|Name : |Module : [use_object]|Function : [Msg - update]| [OK_112] object_trace - '7' a été modifié.
2022-08-09 12:07:45|[INFO]|Session : [asslqeplndstk641c0b2l1ep2n]|User id : 1|Name : |Module : [use_object]|Function : [Msg - update]| [OK_112] object_trace - '7' a été modifié.
2022-08-09 12:07:49|[INFO]|Session : [71uu7bg8bcd239st7tnrend8uk]|User id : 1|Name : |Module : [use_object]|Function : [Msg - update]| [OK_112] object_trace - '7' a été modifié.
2022-08-09 12:07:54|[INFO]|Session : [cfpqum7rcvomuhki1nkmq8b4pe]|User id : 1|Name : |Module : [use_object]|Function : [Msg - update]| [OK_112] object_trace - '7' a été modifié.
2022-08-09 12:09:01|[INFO]|Session : [c91ja8c71oku27tqrbmc0g3vjt]|User id : 1|Name : |Module : [use_object]|Function : [Msg - update]| [OK_112] object_trace - '7' a été modifié.
2022-08-09 12:09:11|[INFO]|Session : [7rlkosgrudc0ibnqh5jugrokn9]|User id : 1|Name : |Module : [use_object]|Function : [Msg - update]| [OK_112] object_trace - '7' a été modifié.
2022-08-09 12:09:11|[INFO]|Session : [g40ob4b07a9qo77ddiuuva7s4r]|User id : 1|Name : |Module : [use_object]|Function : [Msg - update]| [OK_112] object_trace_diagram - '10' a été modifié.
2022-08-09 12:09:14|[INFO]|Session : [v3a247sn0uu689340c6o24puud]|User id : 1|Name : |Module : [use_object]|Function : [Msg - update]| [OK_112] object_trace - '7' a été modifié.
2022-08-09 12:09:18|[INFO]|Session : [fmhihlrrhog8h54np23g19rok5]|User id : 1|Name : |Module : [use_object]|Function : [Msg - update]| [OK_112] object_trace - '7' a été modifié.
2022-08-09 12:09:19|[INFO]|Session : [u3dp0n3rjtjt6t2op3g6rjeg9q]|User id : 1|Name : |Module : [use_object]|Function : [Msg - update]| [OK_112] object_trace_diagram - '10' a été modifié.
2022-08-09 12:09:21|[INFO]|Session : [kbs83arbjiqahp3sd0aiqc2m8g]|User id : 1|Name : |Module : [use_object]|Function : [Msg - update]| [OK_112] object_trace - '7' a été modifié.
2022-08-09 12:09:24|[INFO]|Session : [aqr55btiu3ck0j5sajtmqcv3iu]|User id : 1|Name : |Module : [use_object]|Function : [Msg - update]| [OK_112] object_trace - '7' a été modifié.
2022-08-09 12:09:29|[INFO]|Session : [l384v1cv17ei3d6pbalpk9uftp]|User id : 1|Name : |Module : [use_object]|Function : [Msg - update]| [OK_112] object_trace - '7' a été modifié.
2022-08-09 12:09:31|[INFO]|Session : [at59ass4mmlg8n0jsjs2gi06he]|User id : 1|Name : |Module : [use_object]|Function : [Msg - update]| [OK_112] object_trace_diagram - '10' a été modifié.
2022-08-09 12:09:32|[INFO]|Session : [gbjc045tc3i92nf5vfajmkumo6]|User id : 1|Name : |Module : [use_object]|Function : [Msg - update]| [OK_112] object_trace - '7' a été modifié.
2022-08-09 12:09:33|[INFO]|Session : [v7pqanh7l8geaa7rbrc0au5lg2]|User id : 1|Name : |Module : [use_object]|Function : [Msg - update]| [OK_112] object_trace - '7' a été modifié.
2022-08-09 12:09:37|[INFO]|Session : [d0fou8ha1r6etoik79aml5kjv3]|User id : 1|Name : |Module : [use_object]|Function : [Msg - update]| [OK_112] object_trace - '7' a été modifié.
2022-08-09 12:09:37|[INFO]|Session : [rc7s4smueadkol7411501m015p]|User id : 1|Name : |Module : [use_object]|Function : [Msg - update]| [OK_112] object_trace - '7' a été modifié.
2022-08-09 12:09:42|[INFO]|Session : [vci0ob2a79145ka7lebi56bl3m]|User id : 1|Name : |Module : [use_object]|Function : [Msg - update]| [OK_112] object_trace - '7' a été modifié.
2022-08-09 12:09:44|[INFO]|Session : [k08514f2ekoniuge31bjf1f90f]|User id : 1|Name : |Module : [use_object]|Function : [Msg - update]| [OK_112] object_trace_diagram - '10' a été modifié.
2022-08-09 12:09:45|[INFO]|Session : [ehfcj0nc3mua9p6bdb6b0e9ctt]|User id : 1|Name : |Module : [use_object]|Function : [Msg - update]| [OK_112] object_trace - '7' a été modifié.
