2022-10-03 15:56:53|[INFO]|Session : [k87kr8blc6nrp15l5ulnu6cl8b]|User id : 1|Name : |Module : [use_object]|Function : [Msg - update]| [OK_112] object_trace - '183' a été modifié.
2022-10-03 15:56:57|[INFO]|Session : [a38ak9kds24jd3kmbo6gn8f9lt]|User id : 1|Name : |Module : [use_object]|Function : [Msg - update]| [OK_112] object_trace_diagram - '172' a été modifié.
2022-10-03 15:56:57|[INFO]|Session : [joqvo70jpc1nuuhtmath9qg2gf]|User id : 1|Name : |Module : [use_object]|Function : [Msg - update]| [OK_112] object_trace - '183' a été modifié.
2022-10-03 15:56:58|[INFO]|Session : [v5j08kukcptl62j5ccuiso07ni]|User id : 1|Name : |Module : [use_object]|Function : [Msg - update]| [OK_112] object_trace - '183' a été modifié.
2022-10-03 15:57:03|[INFO]|Session : [ognuoe9fk25tb4efsf1tgqtd7t]|User id : 1|Name : |Module : [use_object]|Function : [Msg - update]| [OK_112] object_trace - '183' a été modifié.
2022-10-03 15:57:04|[INFO]|Session : [c39v2p8pmjopdv6791srvs5b7k]|User id : 1|Name : |Module : [use_object]|Function : [Msg - update]| [OK_112] object_trace - '183' a été modifié.
2022-10-03 15:57:08|[INFO]|Session : [s3mki6rtrnebemsoqa6ga37ihl]|User id : 1|Name : |Module : [use_object]|Function : [Msg - update]| [OK_112] object_trace - '183' a été modifié.
2022-10-03 16:07:17|[INFO]|Session : [ih7i6ucf20g7988mdco7f8tct8]|User id : 1|Name : |Module : [use_object]|Function : [Msg - update]| [OK_112] object_trace - '184' a été modifié.
2022-10-03 16:07:25|[INFO]|Session : [n95r7q9gr0n7uoahljlt4cq735]|User id : 1|Name : |Module : [use_object]|Function : [Msg - update]| [OK_112] object_trace_diagram - '173' a été modifié.
2022-10-03 16:07:26|[INFO]|Session : [8qb318h2q9bbtij0ikt7qvhqvf]|User id : 1|Name : |Module : [use_object]|Function : [Msg - update]| [OK_112] object_trace - '184' a été modifié.
2022-10-03 16:12:58|[INFO]|Session : [957kk63bc95d9gi9q1coig90jf]|User id : 1|Name : |Module : [use_object]|Function : [Msg - update]| [OK_112] object_trace - '183' a été modifié.
2022-10-03 16:12:59|[INFO]|Session : [g1qrh5fsn4hjn8hcj3mfs45d2f]|User id : 1|Name : |Module : [use_object]|Function : [Msg - update]| [OK_112] object_trace - '183' a été modifié.
2022-10-03 16:14:32|[INFO]|Session : [e5tjcl0622hbet8j985kg15ist]|User id : 1|Name : |Module : [use_object]|Function : [Msg - update]| [OK_112] object_trace - '183' a été modifié.
2022-10-03 16:17:29|[INFO]|Session : [h0tnr9mp6t450p22hirpnva5bq]|User id : 1|Name : |Module : [use_object]|Function : [Msg - update]| [OK_112] object_trace - '185' a été modifié.
2022-10-03 16:17:35|[INFO]|Session : [4b1vhe3tjcepr08it8n6d7s1aj]|User id : 1|Name : |Module : [use_object]|Function : [Msg - update]| [OK_112] object_trace_diagram - '174' a été modifié.
2022-10-03 16:17:36|[INFO]|Session : [cb3kgos8berkdjqbmagb7pv9v4]|User id : 1|Name : |Module : [use_object]|Function : [Msg - update]| [OK_112] object_trace - '185' a été modifié.
2022-10-03 16:17:38|[INFO]|Session : [e9snij0udkgtmlf5u29phssdhi]|User id : 1|Name : |Module : [use_object]|Function : [Msg - update]| [OK_112] object_trace_diagram - '174' a été modifié.
2022-10-03 16:17:39|[INFO]|Session : [pvdusjukualnq092osl708gjf2]|User id : 1|Name : |Module : [use_object]|Function : [Msg - update]| [OK_112] object_trace - '185' a été modifié.
2022-10-03 16:17:49|[INFO]|Session : [v9c26814poas3s255qf2b91p5q]|User id : 1|Name : |Module : [use_object]|Function : [Msg - update]| [OK_112] object_trace - '185' a été modifié.
2022-10-03 16:17:51|[INFO]|Session : [6km016c6bkndanvmdu0db3btut]|User id : 1|Name : |Module : [use_object]|Function : [Msg - update]| [OK_112] object_trace - '185' a été modifié.
2022-10-03 16:18:17|[INFO]|Session : [abtpqi3ebikdag3f6bnkuf0sq2]|User id : 1|Name : |Module : [use_object]|Function : [Msg - update]| [OK_112] object_trace - '185' a été modifié.
2022-10-03 16:18:18|[INFO]|Session : [37ipqf8indddvv83ktjo51pgha]|User id : 1|Name : |Module : [use_object]|Function : [Msg - update]| [OK_112] object_trace - '185' a été modifié.
2022-10-03 16:18:22|[INFO]|Session : [jhqthd69cnh39aui7u3sssufdv]|User id : 1|Name : |Module : [use_object]|Function : [Msg - update]| [OK_112] object_trace_diagram - '174' a été modifié.
2022-10-03 16:18:23|[INFO]|Session : [8rfu8dsfie0unnlge2uptkv1tt]|User id : 1|Name : |Module : [use_object]|Function : [Msg - update]| [OK_112] object_trace - '185' a été modifié.
2022-10-03 16:18:24|[INFO]|Session : [d0d7uj15dc0qla3oim8cvvrbou]|User id : 1|Name : |Module : [use_object]|Function : [Msg - update]| [OK_112] object_trace_diagram - '174' a été modifié.
2022-10-03 16:18:26|[INFO]|Session : [2h306vbcl73dk89gmqrdu9obos]|User id : 1|Name : |Module : [use_object]|Function : [Msg - update]| [OK_112] object_trace - '185' a été modifié.
2022-10-03 16:18:26|[INFO]|Session : [j9dth9iihntjvl9r71lcitee4i]|User id : 1|Name : |Module : [use_object]|Function : [Msg - update]| [OK_112] object_trace_diagram - '174' a été modifié.
2022-10-03 16:18:26|[INFO]|Session : [5covim11hpnoknq9jrqgr7sj6s]|User id : 1|Name : |Module : [use_object]|Function : [Msg - update]| [OK_112] object_trace - '185' a été modifié.
2022-10-03 16:18:30|[INFO]|Session : [26avp9ltjvstjba130cp54prlh]|User id : 1|Name : |Module : [use_object]|Function : [Msg - update]| [OK_112] object_trace_diagram - '174' a été modifié.
2022-10-03 16:18:31|[INFO]|Session : [hhsm37gu88glgqpep3d3j87ttm]|User id : 1|Name : |Module : [use_object]|Function : [Msg - update]| [OK_112] object_trace - '185' a été modifié.
2022-10-03 16:18:32|[INFO]|Session : [v0hsdrjnaiqkick62ss3thiq56]|User id : 1|Name : |Module : [use_object]|Function : [Msg - update]| [OK_112] object_trace_diagram - '174' a été modifié.
2022-10-03 16:18:32|[INFO]|Session : [7q5d42lgt63uqqmev69nl33o4p]|User id : 1|Name : |Module : [use_object]|Function : [Msg - update]| [OK_112] object_trace - '185' a été modifié.
2022-10-03 16:18:33|[INFO]|Session : [01a70dh1p8rjlgtsuo7dblojqf]|User id : 1|Name : |Module : [use_object]|Function : [Msg - update]| [OK_112] object_trace_diagram - '174' a été modifié.
2022-10-03 16:18:34|[INFO]|Session : [69v9tvcelm0puhgul7dq9j2m3t]|User id : 1|Name : |Module : [use_object]|Function : [Msg - update]| [OK_112] object_trace - '185' a été modifié.
2022-10-03 16:18:36|[INFO]|Session : [ep0f5nhda90hj5jgufh8t9klmk]|User id : 1|Name : |Module : [use_object]|Function : [Msg - update]| [OK_112] object_trace_diagram - '174' a été modifié.
2022-10-03 16:18:36|[INFO]|Session : [1mkrt405snbmfg0gllobubu7dc]|User id : 1|Name : |Module : [use_object]|Function : [Msg - update]| [OK_112] object_trace - '185' a été modifié.
2022-10-03 16:18:37|[INFO]|Session : [utt3las3edqvd76m2m2ipacvn8]|User id : 1|Name : |Module : [use_object]|Function : [Msg - update]| [OK_112] object_trace_diagram - '174' a été modifié.
2022-10-03 16:18:38|[INFO]|Session : [lc3h3nnum4p56fi2t1icvlohb2]|User id : 1|Name : |Module : [use_object]|Function : [Msg - update]| [OK_112] object_trace - '185' a été modifié.
2022-10-03 16:18:39|[INFO]|Session : [24e7iac12v1lmhh0db5hoe5tsu]|User id : 1|Name : |Module : [use_object]|Function : [Msg - update]| [OK_112] object_trace_diagram - '174' a été modifié.
2022-10-03 16:18:39|[INFO]|Session : [qsnuqcdb5na1qolh47ukg7kqc4]|User id : 1|Name : |Module : [use_object]|Function : [Msg - update]| [OK_112] object_trace - '185' a été modifié.
2022-10-03 16:18:40|[INFO]|Session : [oukfibrsicv0ejck33h2og61ts]|User id : 1|Name : |Module : [use_object]|Function : [Msg - update]| [OK_112] object_trace_diagram - '174' a été modifié.
2022-10-03 16:18:40|[INFO]|Session : [bvdcr6q95e0n7vev5g7ssnjbh4]|User id : 1|Name : |Module : [use_object]|Function : [Msg - update]| [OK_112] object_trace - '185' a été modifié.
2022-10-03 16:18:41|[INFO]|Session : [4ctmgd8tosv96vps14i30j74hd]|User id : 1|Name : |Module : [use_object]|Function : [Msg - update]| [OK_112] object_trace_diagram - '174' a été modifié.
2022-10-03 16:18:42|[INFO]|Session : [oi12j2afijbqng4s14jdpbj3lc]|User id : 1|Name : |Module : [use_object]|Function : [Msg - update]| [OK_112] object_trace - '185' a été modifié.
2022-10-03 16:18:43|[INFO]|Session : [ebagpv21s7lvnfi7o4hi27ligq]|User id : 1|Name : |Module : [use_object]|Function : [Msg - update]| [OK_112] object_trace_diagram - '174' a été modifié.
2022-10-03 16:18:44|[INFO]|Session : [gesjl1kg95ssocacgeb32i82mc]|User id : 1|Name : |Module : [use_object]|Function : [Msg - update]| [OK_112] object_trace - '185' a été modifié.
2022-10-03 16:18:46|[INFO]|Session : [diamtm4vmg91d7ogvknj0naf3d]|User id : 1|Name : |Module : [use_object]|Function : [Msg - update]| [OK_112] object_trace_diagram - '174' a été modifié.
2022-10-03 16:18:46|[INFO]|Session : [qnhug6n1n5qtp0r1tnv2nuorsv]|User id : 1|Name : |Module : [use_object]|Function : [Msg - update]| [OK_112] object_trace - '185' a été modifié.
2022-10-03 16:18:47|[INFO]|Session : [btcv1hr8540q1pl1kajj9ab70k]|User id : 1|Name : |Module : [use_object]|Function : [Msg - update]| [OK_112] object_trace_diagram - '174' a été modifié.
2022-10-03 16:18:47|[INFO]|Session : [6de902epjkvpik1rh7k8s0h3t1]|User id : 1|Name : |Module : [use_object]|Function : [Msg - update]| [OK_112] object_trace - '185' a été modifié.
2022-10-03 16:18:49|[INFO]|Session : [t9c2pakpv7l3h4qqeeqlu6ajt5]|User id : 1|Name : |Module : [use_object]|Function : [Msg - update]| [OK_112] object_trace_diagram - '174' a été modifié.
2022-10-03 16:18:49|[INFO]|Session : [b00gm1s46jnscu6qr0eqjs749b]|User id : 1|Name : |Module : [use_object]|Function : [Msg - update]| [OK_112] object_trace - '185' a été modifié.
2022-10-03 16:18:50|[INFO]|Session : [n32a1lpo12t53kfa0fv2lephc5]|User id : 1|Name : |Module : [use_object]|Function : [Msg - update]| [OK_112] object_trace_diagram - '174' a été modifié.
2022-10-03 16:18:52|[INFO]|Session : [po7kkviatlk6plmgk69joo7gaa]|User id : 1|Name : |Module : [use_object]|Function : [Msg - update]| [OK_112] object_trace - '185' a été modifié.
2022-10-03 16:48:06|[INFO]|Session : [38ufaa3l4trhjvrvos2u64hu1q]|User id : 1|Name : |Module : [use_object]|Function : [Msg - update]| [OK_112] object_trace - '186' a été modifié.
2022-10-03 16:48:37|[INFO]|Session : [o6vkmsshu389o69pht07qejk9v]|User id : 1|Name : |Module : [use_object]|Function : [Msg - update]| [OK_112] object_trace - '186' a été modifié.
2022-10-03 16:50:52|[INFO]|Session : [g2nh72oqrk5hsc72jjsbs6b4fk]|User id : 1|Name : |Module : [use_object]|Function : [Msg - update]| [OK_112] object_trace - '186' a été modifié.
2022-10-03 16:51:03|[INFO]|Session : [8q4fe2uk5nbj3jdbdf95b2j6al]|User id : 1|Name : |Module : [use_object]|Function : [Msg - update]| [OK_112] object_trace_diagram - '177' a été modifié.
2022-10-03 16:51:03|[INFO]|Session : [ovnj5plkqd16745vdltt349lmv]|User id : 1|Name : |Module : [use_object]|Function : [Msg - update]| [OK_112] object_trace - '186' a été modifié.
2022-10-03 16:51:05|[INFO]|Session : [ojv0kvuod0klb3rsllan5l8qno]|User id : 1|Name : |Module : [use_object]|Function : [Msg - update]| [OK_112] object_trace_diagram - '177' a été modifié.
2022-10-03 16:51:05|[INFO]|Session : [qi7aonuhjpj96k9i0kv5kjriss]|User id : 1|Name : |Module : [use_object]|Function : [Msg - update]| [OK_112] object_trace - '186' a été modifié.
2022-10-03 16:51:06|[INFO]|Session : [k7rmrnc9h4l8om1blc62fbdtlr]|User id : 1|Name : |Module : [use_object]|Function : [Msg - update]| [OK_112] object_trace_diagram - '177' a été modifié.
2022-10-03 16:51:06|[INFO]|Session : [ogcgn75htiq61gih4m4ej5d1fs]|User id : 1|Name : |Module : [use_object]|Function : [Msg - update]| [OK_112] object_trace - '186' a été modifié.
2022-10-03 16:51:07|[INFO]|Session : [euhb5v5ip8l1v043auo24nohl3]|User id : 1|Name : |Module : [use_object]|Function : [Msg - update]| [OK_112] object_trace_diagram - '177' a été modifié.
2022-10-03 16:51:08|[INFO]|Session : [b69jsotgc8bq8q9h0ff7cs7u9b]|User id : 1|Name : |Module : [use_object]|Function : [Msg - update]| [OK_112] object_trace - '186' a été modifié.
2022-10-03 16:51:09|[INFO]|Session : [4c0d07db3d9hjgke29e2gbtf9c]|User id : 1|Name : |Module : [use_object]|Function : [Msg - update]| [OK_112] object_trace_diagram - '177' a été modifié.
2022-10-03 16:51:11|[INFO]|Session : [runqqamtrsebpa8a5mlsu9qtoh]|User id : 1|Name : |Module : [use_object]|Function : [Msg - update]| [OK_112] object_trace - '186' a été modifié.
2022-10-03 16:51:12|[INFO]|Session : [v16ou69496bbpo9n934kea76uu]|User id : 1|Name : |Module : [use_object]|Function : [Msg - update]| [OK_112] object_trace_diagram - '177' a été modifié.
2022-10-03 16:51:12|[INFO]|Session : [o5kpftl7pgtapjjdlciv5d0lmo]|User id : 1|Name : |Module : [use_object]|Function : [Msg - update]| [OK_112] object_trace - '186' a été modifié.
2022-10-03 16:51:12|[INFO]|Session : [1ev4iasjotq6k9l91nton9m8ja]|User id : 1|Name : |Module : [use_object]|Function : [Msg - update]| [OK_112] object_trace_diagram - '177' a été modifié.
2022-10-03 16:51:14|[INFO]|Session : [lo0re05mb0gheja80dtbpushc5]|User id : 1|Name : |Module : [use_object]|Function : [Msg - update]| [OK_112] object_trace - '186' a été modifié.
2022-10-03 17:04:04|[INFO]|Session : [7hrknrg3i9firf0m0c0sopgkud]|User id : 1|Name : |Module : [use_object]|Function : [Msg - update]| [OK_112] object_trace_diagram - '177' a été modifié.
2022-10-03 17:04:04|[INFO]|Session : [7rsqqu63b5v1oemit2cngpc9cf]|User id : 1|Name : |Module : [use_object]|Function : [Msg - update]| [OK_112] object_trace - '186' a été modifié.
2022-10-03 17:04:05|[INFO]|Session : [3ctcjo4kueo2cn2okrkj56thim]|User id : 1|Name : |Module : [use_object]|Function : [Msg - update]| [OK_112] object_trace_diagram - '177' a été modifié.
2022-10-03 17:04:06|[INFO]|Session : [q4tvdu5l691krcm05jsj61g7pe]|User id : 1|Name : |Module : [use_object]|Function : [Msg - update]| [OK_112] object_trace - '186' a été modifié.
2022-10-03 17:04:07|[INFO]|Session : [ouiefge0334td0qda1nobf8iu3]|User id : 1|Name : |Module : [use_object]|Function : [Msg - update]| [OK_112] object_trace_diagram - '177' a été modifié.
2022-10-03 17:04:08|[INFO]|Session : [0bj3djd3df2oa47c9hu87kad1l]|User id : 1|Name : |Module : [use_object]|Function : [Msg - update]| [OK_112] object_trace - '186' a été modifié.
2022-10-03 17:04:10|[INFO]|Session : [8i74edhu9u7v19gtk0f3k5k2c4]|User id : 1|Name : |Module : [use_object]|Function : [Msg - update]| [OK_112] object_trace_diagram - '177' a été modifié.
2022-10-03 17:04:11|[INFO]|Session : [ebd87c8sb67r098171nck4kvvr]|User id : 1|Name : |Module : [use_object]|Function : [Msg - update]| [OK_112] object_trace - '186' a été modifié.
2022-10-03 17:04:12|[INFO]|Session : [4oa0f9d08k2056nak4if97pkfd]|User id : 1|Name : |Module : [use_object]|Function : [Msg - update]| [OK_112] object_trace_diagram - '177' a été modifié.
2022-10-03 17:04:13|[INFO]|Session : [fop36e5oinspnara4t0bf6rt2q]|User id : 1|Name : |Module : [use_object]|Function : [Msg - update]| [OK_112] object_trace - '186' a été modifié.
2022-10-03 17:04:14|[INFO]|Session : [vl7vom3t0lfj73fn49qug2gft9]|User id : 1|Name : |Module : [use_object]|Function : [Msg - update]| [OK_112] object_trace_diagram - '177' a été modifié.
2022-10-03 17:04:15|[INFO]|Session : [7d3norr0r7cpan5t86794ve28r]|User id : 1|Name : |Module : [use_object]|Function : [Msg - update]| [OK_112] object_trace - '186' a été modifié.
2022-10-03 17:04:15|[INFO]|Session : [ods13dtju41ss9a0l283q1i7g4]|User id : 1|Name : |Module : [use_object]|Function : [Msg - update]| [OK_112] object_trace_diagram - '177' a été modifié.
2022-10-03 17:04:16|[INFO]|Session : [vn06mgiprq4qd3hedfbt2hps27]|User id : 1|Name : |Module : [use_object]|Function : [Msg - update]| [OK_112] object_trace - '186' a été modifié.
2022-10-03 17:04:17|[INFO]|Session : [14pl1incuq97qj84b17j6t8t28]|User id : 1|Name : |Module : [use_object]|Function : [Msg - update]| [OK_112] object_trace_diagram - '177' a été modifié.
2022-10-03 17:04:18|[INFO]|Session : [iaqmfocu1hhrudt4glmg9luvp0]|User id : 1|Name : |Module : [use_object]|Function : [Msg - update]| [OK_112] object_trace - '186' a été modifié.
2022-10-03 17:04:18|[INFO]|Session : [0ne6d9kh2cjb97eoj0e0lforlh]|User id : 1|Name : |Module : [use_object]|Function : [Msg - update]| [OK_112] object_trace_diagram - '177' a été modifié.
2022-10-03 17:04:19|[INFO]|Session : [eoe5ul417qs18kq4hig4221rqd]|User id : 1|Name : |Module : [use_object]|Function : [Msg - update]| [OK_112] object_trace - '186' a été modifié.
2022-10-03 17:04:19|[INFO]|Session : [fsevl5682fss5q74ipiaop971q]|User id : 1|Name : |Module : [use_object]|Function : [Msg - update]| [OK_112] object_trace_diagram - '177' a été modifié.
2022-10-03 17:04:20|[INFO]|Session : [uh2vtvdcd98sqleu3jdl2ao0kf]|User id : 1|Name : |Module : [use_object]|Function : [Msg - update]| [OK_112] object_trace - '186' a été modifié.
2022-10-03 17:04:20|[INFO]|Session : [nkp9v4mcigi8amgdbpit2ac4ol]|User id : 1|Name : |Module : [use_object]|Function : [Msg - update]| [OK_112] object_trace_diagram - '177' a été modifié.
2022-10-03 17:04:21|[INFO]|Session : [ffjo26p06ij5e28guvua87agka]|User id : 1|Name : |Module : [use_object]|Function : [Msg - update]| [OK_112] object_trace - '186' a été modifié.
2022-10-03 17:04:22|[INFO]|Session : [unh918knbjkrthhec5qtkuiq85]|User id : 1|Name : |Module : [use_object]|Function : [Msg - update]| [OK_112] object_trace_diagram - '177' a été modifié.
2022-10-03 17:04:22|[INFO]|Session : [84aj8qpd4m5u2huibjmo3kij0u]|User id : 1|Name : |Module : [use_object]|Function : [Msg - update]| [OK_112] object_trace - '186' a été modifié.
2022-10-03 17:04:29|[INFO]|Session : [m6vhl3b9mbdpem7adkoo978uqh]|User id : 1|Name : |Module : [use_object]|Function : [Msg - update]| [OK_112] object_trace_diagram - '177' a été modifié.
2022-10-03 17:04:30|[INFO]|Session : [m81f72u8uqbvg3h34lhmd5u840]|User id : 1|Name : |Module : [use_object]|Function : [Msg - update]| [OK_112] object_trace - '186' a été modifié.
2022-10-03 17:04:31|[INFO]|Session : [tgfbf7tk7bv2tkph3g4812m0kv]|User id : 1|Name : |Module : [use_object]|Function : [Msg - update]| [OK_112] object_trace_diagram - '177' a été modifié.
2022-10-03 17:04:33|[INFO]|Session : [ngiah9vknfdjug38jm33m3boim]|User id : 1|Name : |Module : [use_object]|Function : [Msg - update]| [OK_112] object_trace - '186' a été modifié.
2022-10-03 17:04:34|[INFO]|Session : [5pcptk34iof3meimlctf3atb6h]|User id : 1|Name : |Module : [use_object]|Function : [Msg - update]| [OK_112] object_trace_diagram - '177' a été modifié.
2022-10-03 17:04:34|[INFO]|Session : [l07uu6h5npd4106mbtfm33ugt1]|User id : 1|Name : |Module : [use_object]|Function : [Msg - update]| [OK_112] object_trace - '186' a été modifié.
2022-10-03 17:04:35|[INFO]|Session : [g5v1vvh1sg9265c4bptal4pnsi]|User id : 1|Name : |Module : [use_object]|Function : [Msg - update]| [OK_112] object_trace_diagram - '177' a été modifié.
2022-10-03 17:04:35|[INFO]|Session : [c47t033vi6o7cuthsrud0rpjsr]|User id : 1|Name : |Module : [use_object]|Function : [Msg - update]| [OK_112] object_trace - '186' a été modifié.
2022-10-03 17:04:36|[INFO]|Session : [rrq1m7ucdq0l7reptvfljbn3ft]|User id : 1|Name : |Module : [use_object]|Function : [Msg - update]| [OK_112] object_trace_diagram - '177' a été modifié.
2022-10-03 17:04:37|[INFO]|Session : [8oig1t0bgq6jte5nvgf595oa9b]|User id : 1|Name : |Module : [use_object]|Function : [Msg - update]| [OK_112] object_trace - '186' a été modifié.
2022-10-03 17:04:38|[INFO]|Session : [na65ph5vtfkc8v6o80igptg6hu]|User id : 1|Name : |Module : [use_object]|Function : [Msg - update]| [OK_112] object_trace_diagram - '177' a été modifié.
2022-10-03 17:04:39|[INFO]|Session : [6hpguoqjd5c8bjba6tmukp71l8]|User id : 1|Name : |Module : [use_object]|Function : [Msg - update]| [OK_112] object_trace - '186' a été modifié.
2022-10-03 17:09:01|[INFO]|Session : [aq2vk19cps3f6hb4a7rgni09j4]|User id : 1|Name : |Module : [use_object]|Function : [Msg - update]| [OK_112] object_trace - '187' a été modifié.
2022-10-03 17:09:09|[INFO]|Session : [k9h0fuujvio1k2gsi6s0866lbf]|User id : 1|Name : |Module : [use_object]|Function : [Msg - update]| [OK_112] object_trace_diagram - '180' a été modifié.
2022-10-03 17:09:10|[INFO]|Session : [nmgqof8lhu3hu8ok3eddeisjv4]|User id : 1|Name : |Module : [use_object]|Function : [Msg - update]| [OK_112] object_trace - '187' a été modifié.
2022-10-03 17:09:21|[INFO]|Session : [700nu5at1hq3ctd8539ecdeine]|User id : 1|Name : |Module : [use_object]|Function : [Msg - update]| [OK_112] object_trace_diagram - '180' a été modifié.
2022-10-03 17:09:22|[INFO]|Session : [mng19u3ipneqo6h992miplmjb9]|User id : 1|Name : |Module : [use_object]|Function : [Msg - update]| [OK_112] object_trace - '187' a été modifié.
2022-10-03 17:15:58|[INFO]|Session : [6d76gp2tlf07i2l7vhn9n3jdlq]|User id : 1|Name : |Module : [use_object]|Function : [Msg - update]| [OK_112] object_trace - '188' a été modifié.
2022-10-03 17:16:06|[INFO]|Session : [ckt8uvtt72hc69hputuciham7f]|User id : 1|Name : |Module : [use_object]|Function : [Msg - update]| [OK_112] object_trace_diagram - '181' a été modifié.
2022-10-03 17:16:07|[INFO]|Session : [9kau4eo7peerru0ah389gol2bc]|User id : 1|Name : |Module : [use_object]|Function : [Msg - update]| [OK_112] object_trace - '188' a été modifié.
2022-10-03 17:16:07|[INFO]|Session : [pt3onkcegmojm78f3c5bjmjso1]|User id : 1|Name : |Module : [use_object]|Function : [Msg - update]| [OK_112] object_trace_diagram - '181' a été modifié.
2022-10-03 17:16:08|[INFO]|Session : [qo54oi98v9i8520p6t0t10gtju]|User id : 1|Name : |Module : [use_object]|Function : [Msg - update]| [OK_112] object_trace - '188' a été modifié.
2022-10-03 17:16:09|[INFO]|Session : [fe9uf9n3fhes7jvls2nhktq7dp]|User id : 1|Name : |Module : [use_object]|Function : [Msg - update]| [OK_112] object_trace_diagram - '181' a été modifié.
2022-10-03 17:16:10|[INFO]|Session : [cnf68bqfs9lulei4hr4h95d1jj]|User id : 1|Name : |Module : [use_object]|Function : [Msg - update]| [OK_112] object_trace - '188' a été modifié.
2022-10-03 17:16:10|[INFO]|Session : [803u5dseh1k2tl8m02l9ld1muv]|User id : 1|Name : |Module : [use_object]|Function : [Msg - update]| [OK_112] object_trace_diagram - '181' a été modifié.
2022-10-03 17:16:10|[INFO]|Session : [7236nvn0a0t0gd6bve85o6l2fk]|User id : 1|Name : |Module : [use_object]|Function : [Msg - update]| [OK_112] object_trace - '188' a été modifié.
2022-10-03 17:16:11|[INFO]|Session : [9fg1joa9tbitio3cgqaklr8kc7]|User id : 1|Name : |Module : [use_object]|Function : [Msg - update]| [OK_112] object_trace_diagram - '181' a été modifié.
2022-10-03 17:16:11|[INFO]|Session : [vtjk3vn6b3cscgk08at63hm4or]|User id : 1|Name : |Module : [use_object]|Function : [Msg - update]| [OK_112] object_trace - '188' a été modifié.
2022-10-03 17:16:12|[INFO]|Session : [1cadefq56sm7ctuka1r4o7tlh5]|User id : 1|Name : |Module : [use_object]|Function : [Msg - update]| [OK_112] object_trace_diagram - '181' a été modifié.
2022-10-03 17:16:12|[INFO]|Session : [kl94f9sppjked65rr78i0v534d]|User id : 1|Name : |Module : [use_object]|Function : [Msg - update]| [OK_112] object_trace - '188' a été modifié.
2022-10-03 17:16:13|[INFO]|Session : [dvnrpmavfmfcnnj45qm53tre7n]|User id : 1|Name : |Module : [use_object]|Function : [Msg - update]| [OK_112] object_trace_diagram - '181' a été modifié.
2022-10-03 17:16:13|[INFO]|Session : [f9838rk1vaob8goatnt40gcefq]|User id : 1|Name : |Module : [use_object]|Function : [Msg - update]| [OK_112] object_trace - '188' a été modifié.
2022-10-03 17:16:15|[INFO]|Session : [ungeaq3olheudq8g3t653tu95t]|User id : 1|Name : |Module : [use_object]|Function : [Msg - update]| [OK_112] object_trace_diagram - '181' a été modifié.
2022-10-03 17:16:15|[INFO]|Session : [c5sd1eiobpr96svl8qh5d0r0cn]|User id : 1|Name : |Module : [use_object]|Function : [Msg - update]| [OK_112] object_trace - '188' a été modifié.
2022-10-03 17:16:16|[INFO]|Session : [69r7103qvqiqs4urutu827qls7]|User id : 1|Name : |Module : [use_object]|Function : [Msg - update]| [OK_112] object_trace_diagram - '181' a été modifié.
2022-10-03 17:16:16|[INFO]|Session : [6tvcbsikmv77rohjnbd2eqq0h6]|User id : 1|Name : |Module : [use_object]|Function : [Msg - update]| [OK_112] object_trace - '188' a été modifié.
2022-10-03 17:16:17|[INFO]|Session : [jvkcfgfo00h9lcpitobnq6569b]|User id : 1|Name : |Module : [use_object]|Function : [Msg - update]| [OK_112] object_trace_diagram - '181' a été modifié.
2022-10-03 17:16:17|[INFO]|Session : [fo0qe64v0ochhdmo3qv3j9v4p6]|User id : 1|Name : |Module : [use_object]|Function : [Msg - update]| [OK_112] object_trace - '188' a été modifié.
2022-10-03 17:16:18|[INFO]|Session : [3umcpq6s12u20eihvbggkqul22]|User id : 1|Name : |Module : [use_object]|Function : [Msg - update]| [OK_112] object_trace_diagram - '181' a été modifié.
2022-10-03 17:16:19|[INFO]|Session : [0f15r2kg47hhmecgqchkobt1vp]|User id : 1|Name : |Module : [use_object]|Function : [Msg - update]| [OK_112] object_trace - '188' a été modifié.
2022-10-03 17:16:20|[INFO]|Session : [o3tcr3b715f87p66sninrnfd2k]|User id : 1|Name : |Module : [use_object]|Function : [Msg - update]| [OK_112] object_trace_diagram - '181' a été modifié.
2022-10-03 17:16:20|[INFO]|Session : [04fkmf9mmokg2a259u15t5jln8]|User id : 1|Name : |Module : [use_object]|Function : [Msg - update]| [OK_112] object_trace - '188' a été modifié.
2022-10-03 17:16:22|[INFO]|Session : [vn51g3co6okuf7v0vinhpgbgu5]|User id : 1|Name : |Module : [use_object]|Function : [Msg - update]| [OK_112] object_trace_diagram - '181' a été modifié.
2022-10-03 17:16:23|[INFO]|Session : [vkqfe65an659jigqn8he82fqmh]|User id : 1|Name : |Module : [use_object]|Function : [Msg - update]| [OK_112] object_trace - '188' a été modifié.
2022-10-03 17:16:24|[INFO]|Session : [9omvbspuvrerg6kf3ec08he1dt]|User id : 1|Name : |Module : [use_object]|Function : [Msg - update]| [OK_112] object_trace_diagram - '181' a été modifié.
2022-10-03 17:16:25|[INFO]|Session : [5se1vvodil8ndv604h5327am3n]|User id : 1|Name : |Module : [use_object]|Function : [Msg - update]| [OK_112] object_trace - '188' a été modifié.
2022-10-03 17:16:50|[INFO]|Session : [mg0bfqebtesdkkl0t2g4ce7m8d]|User id : 1|Name : |Module : [use_object]|Function : [Msg - update]| [OK_112] object_trace - '188' a été modifié.
2022-10-03 17:16:52|[INFO]|Session : [p1hife04c9riuf96nvqqub7pkh]|User id : 1|Name : |Module : [use_object]|Function : [Msg - update]| [OK_112] object_trace - '188' a été modifié.
2022-10-03 17:19:29|[INFO]|Session : [behj6fa70i142un0a7rgfo42co]|User id : 1|Name : |Module : [use_object]|Function : [Msg - update]| [OK_112] object_trace - '189' a été modifié.
2022-10-03 17:19:34|[INFO]|Session : [r62itpcvr3d3irh82pggk7cg1h]|User id : 1|Name : |Module : [use_object]|Function : [Msg - update]| [OK_112] object_trace_diagram - '182' a été modifié.
2022-10-03 17:19:35|[INFO]|Session : [2iggcfu9g1gf0ct736jvq2312b]|User id : 1|Name : |Module : [use_object]|Function : [Msg - update]| [OK_112] object_trace - '189' a été modifié.
2022-10-03 17:19:37|[INFO]|Session : [etpjo8v91rj1iuts6ume105o9h]|User id : 1|Name : |Module : [use_object]|Function : [Msg - update]| [OK_112] object_trace_diagram - '182' a été modifié.
2022-10-03 17:19:38|[INFO]|Session : [q76uuefh8pkjr5kb3i4gl41m3c]|User id : 1|Name : |Module : [use_object]|Function : [Msg - update]| [OK_112] object_trace - '189' a été modifié.
2022-10-03 17:19:39|[INFO]|Session : [klljl3trjqa4oh34nn6m1fu3he]|User id : 1|Name : |Module : [use_object]|Function : [Msg - update]| [OK_112] object_trace_diagram - '182' a été modifié.
2022-10-03 17:19:39|[INFO]|Session : [n05nkr3r8of3jgtfs0l49vi8ib]|User id : 1|Name : |Module : [use_object]|Function : [Msg - update]| [OK_112] object_trace - '189' a été modifié.
2022-10-03 17:19:43|[INFO]|Session : [stprk9gcuvmpuce5l913aku982]|User id : 1|Name : |Module : [use_object]|Function : [Msg - update]| [OK_112] object_trace_diagram - '182' a été modifié.
2022-10-03 17:19:44|[INFO]|Session : [351ihju0c264fcl46hu4fcqpdm]|User id : 1|Name : |Module : [use_object]|Function : [Msg - update]| [OK_112] object_trace - '189' a été modifié.
2022-10-03 17:19:45|[INFO]|Session : [o7ib5iogqnjn2f90ts9cogdmmj]|User id : 1|Name : |Module : [use_object]|Function : [Msg - update]| [OK_112] object_trace_diagram - '182' a été modifié.
2022-10-03 17:19:45|[INFO]|Session : [4kdiik7a1olugjup7uh1e91n72]|User id : 1|Name : |Module : [use_object]|Function : [Msg - update]| [OK_112] object_trace - '189' a été modifié.
2022-10-03 17:19:47|[INFO]|Session : [uhdc8np1p3ldr5s1fn18tu33kj]|User id : 1|Name : |Module : [use_object]|Function : [Msg - update]| [OK_112] object_trace_diagram - '182' a été modifié.
2022-10-03 17:19:48|[INFO]|Session : [nso3cnkrdmn4k76qkvm8j535cf]|User id : 1|Name : |Module : [use_object]|Function : [Msg - update]| [OK_112] object_trace - '189' a été modifié.
2022-10-03 17:19:48|[INFO]|Session : [jdvosjfulfconr4mr1v7qdagcj]|User id : 1|Name : |Module : [use_object]|Function : [Msg - update]| [OK_112] object_trace_diagram - '182' a été modifié.
2022-10-03 17:19:49|[INFO]|Session : [o77d9ndcl16rf4u7u4hrqs7qg9]|User id : 1|Name : |Module : [use_object]|Function : [Msg - update]| [OK_112] object_trace - '189' a été modifié.
2022-10-03 17:19:49|[INFO]|Session : [5jjem8vb4c4gac247ddt7vibrl]|User id : 1|Name : |Module : [use_object]|Function : [Msg - update]| [OK_112] object_trace_diagram - '182' a été modifié.
2022-10-03 17:19:50|[INFO]|Session : [7f0f2nmlqn457hd546p8k8k73a]|User id : 1|Name : |Module : [use_object]|Function : [Msg - update]| [OK_112] object_trace - '189' a été modifié.
2022-10-03 17:19:50|[INFO]|Session : [p1h6d8qcmpfjpl7gojl3f8cfne]|User id : 1|Name : |Module : [use_object]|Function : [Msg - update]| [OK_112] object_trace_diagram - '182' a été modifié.
2022-10-03 17:19:51|[INFO]|Session : [t6ls130fhajbu4lcieagcvcj1h]|User id : 1|Name : |Module : [use_object]|Function : [Msg - update]| [OK_112] object_trace - '189' a été modifié.
2022-10-03 17:19:54|[INFO]|Session : [a5gso3tp0anc4q3frvlb6bdquv]|User id : 1|Name : |Module : [use_object]|Function : [Msg - update]| [OK_112] object_trace - '189' a été modifié.
2022-10-03 17:19:56|[INFO]|Session : [30aj7p68l8d38cp03fuha0t5sf]|User id : 1|Name : |Module : [use_object]|Function : [Msg - update]| [OK_112] object_trace - '189' a été modifié.
2022-10-03 17:19:59|[INFO]|Session : [t9798ib66cuvg845k739ng0pt3]|User id : 1|Name : |Module : [use_object]|Function : [Msg - update]| [OK_112] object_trace - '189' a été modifié.
2022-10-03 17:20:11|[INFO]|Session : [fmieuigaeu4agm9onbk6vtjo44]|User id : 1|Name : |Module : [use_object]|Function : [Msg - update]| [OK_112] object_trace_diagram - '182' a été modifié.
2022-10-03 17:20:12|[INFO]|Session : [1711olfa3rtcmce5apvenb0b57]|User id : 1|Name : |Module : [use_object]|Function : [Msg - update]| [OK_112] object_trace - '189' a été modifié.
2022-10-03 17:20:14|[INFO]|Session : [djohps53st6f03uhk42dm7aq56]|User id : 1|Name : |Module : [use_object]|Function : [Msg - update]| [OK_112] object_trace_diagram - '182' a été modifié.
2022-10-03 17:20:14|[INFO]|Session : [7f5jkvcfihnap8qg5juuhbrrhl]|User id : 1|Name : |Module : [use_object]|Function : [Msg - update]| [OK_112] object_trace - '189' a été modifié.
2022-10-03 17:20:15|[INFO]|Session : [q2k0kn6bdolvik7t6a99eo1kpn]|User id : 1|Name : |Module : [use_object]|Function : [Msg - update]| [OK_112] object_trace_diagram - '182' a été modifié.
2022-10-03 17:20:16|[INFO]|Session : [fhqhbn8o7ihliseeuq42tojvna]|User id : 1|Name : |Module : [use_object]|Function : [Msg - update]| [OK_112] object_trace - '189' a été modifié.
2022-10-03 17:20:17|[INFO]|Session : [evv81ovsq6r2281ee5v75qfdkm]|User id : 1|Name : |Module : [use_object]|Function : [Msg - update]| [OK_112] object_trace_diagram - '182' a été modifié.
2022-10-03 17:20:17|[INFO]|Session : [1crvpj5m2fb531ls4mbu99j2ic]|User id : 1|Name : |Module : [use_object]|Function : [Msg - update]| [OK_112] object_trace - '189' a été modifié.
2022-10-03 17:20:20|[INFO]|Session : [p6bt9pfptpb7gg0kugbv48f7jt]|User id : 1|Name : |Module : [use_object]|Function : [Msg - update]| [OK_112] object_trace_diagram - '182' a été modifié.
2022-10-03 17:20:21|[INFO]|Session : [7tfvv42gdlh107dch49ljo50ea]|User id : 1|Name : |Module : [use_object]|Function : [Msg - update]| [OK_112] object_trace - '189' a été modifié.
2022-10-03 17:20:22|[INFO]|Session : [smbjqb37jf1q6a9o12t95m9sfm]|User id : 1|Name : |Module : [use_object]|Function : [Msg - update]| [OK_112] object_trace_diagram - '182' a été modifié.
2022-10-03 17:20:22|[INFO]|Session : [vjut3hfq6ugim19c2a4assld9c]|User id : 1|Name : |Module : [use_object]|Function : [Msg - update]| [OK_112] object_trace - '189' a été modifié.
