2022-06-22 00:15:04|[INFO]|Session : [6907gmhpuuv2f88lna6lgc7kh6]|User id : 2|Name : SUPER  ADMINISTRATEUR |Module : [use_object]|Function : [Msg - update]| [OK_112] object_trace - '3' a été modifié.
2022-06-22 00:15:11|[INFO]|Session : [6907gmhpuuv2f88lna6lgc7kh6]|User id : 2|Name : SUPER  ADMINISTRATEUR |Module : [use_object]|Function : [Msg - update]| [OK_112] object_trace_diagram - '3' a été modifié.
2022-06-22 00:15:11|[INFO]|Session : [6907gmhpuuv2f88lna6lgc7kh6]|User id : 2|Name : SUPER  ADMINISTRATEUR |Module : [use_object]|Function : [Msg - update]| [OK_112] object_trace - '3' a été modifié.
2022-06-22 00:15:12|[INFO]|Session : [6907gmhpuuv2f88lna6lgc7kh6]|User id : 2|Name : SUPER  ADMINISTRATEUR |Module : [use_object]|Function : [Msg - update]| [OK_112] object_trace_diagram - '3' a été modifié.
2022-06-22 00:15:12|[INFO]|Session : [6907gmhpuuv2f88lna6lgc7kh6]|User id : 2|Name : SUPER  ADMINISTRATEUR |Module : [use_object]|Function : [Msg - update]| [OK_112] object_trace - '3' a été modifié.
2022-06-22 00:15:13|[INFO]|Session : [6907gmhpuuv2f88lna6lgc7kh6]|User id : 2|Name : SUPER  ADMINISTRATEUR |Module : [use_object]|Function : [Msg - update]| [OK_112] object_trace_diagram - '3' a été modifié.
2022-06-22 00:15:13|[INFO]|Session : [6907gmhpuuv2f88lna6lgc7kh6]|User id : 2|Name : SUPER  ADMINISTRATEUR |Module : [use_object]|Function : [Msg - update]| [OK_112] object_trace - '3' a été modifié.
2022-06-22 00:15:18|[INFO]|Session : [6907gmhpuuv2f88lna6lgc7kh6]|User id : 2|Name : SUPER  ADMINISTRATEUR |Module : [use_object]|Function : [Msg - update]| [OK_112] object_trace_diagram - '3' a été modifié.
2022-06-22 00:15:18|[INFO]|Session : [6907gmhpuuv2f88lna6lgc7kh6]|User id : 2|Name : SUPER  ADMINISTRATEUR |Module : [use_object]|Function : [Msg - update]| [OK_112] object_trace - '3' a été modifié.
2022-06-22 00:15:19|[INFO]|Session : [6907gmhpuuv2f88lna6lgc7kh6]|User id : 2|Name : SUPER  ADMINISTRATEUR |Module : [use_object]|Function : [Msg - update]| [OK_112] object_trace_diagram - '3' a été modifié.
2022-06-22 00:15:20|[INFO]|Session : [6907gmhpuuv2f88lna6lgc7kh6]|User id : 2|Name : SUPER  ADMINISTRATEUR |Module : [use_object]|Function : [Msg - update]| [OK_112] object_trace - '3' a été modifié.
2022-06-22 00:15:21|[INFO]|Session : [6907gmhpuuv2f88lna6lgc7kh6]|User id : 2|Name : SUPER  ADMINISTRATEUR |Module : [use_object]|Function : [Msg - update]| [OK_112] object_trace_diagram - '3' a été modifié.
2022-06-22 00:15:21|[INFO]|Session : [6907gmhpuuv2f88lna6lgc7kh6]|User id : 2|Name : SUPER  ADMINISTRATEUR |Module : [use_object]|Function : [Msg - update]| [OK_112] object_trace - '3' a été modifié.
2022-06-22 00:15:26|[INFO]|Session : [6907gmhpuuv2f88lna6lgc7kh6]|User id : 2|Name : SUPER  ADMINISTRATEUR |Module : [use_object]|Function : [Msg - update]| [OK_112] object_trace_diagram - '3' a été modifié.
2022-06-22 00:15:26|[INFO]|Session : [6907gmhpuuv2f88lna6lgc7kh6]|User id : 2|Name : SUPER  ADMINISTRATEUR |Module : [use_object]|Function : [Msg - update]| [OK_112] object_trace - '3' a été modifié.
2022-06-22 00:20:38|[INFO]|Session : [6907gmhpuuv2f88lna6lgc7kh6]|User id : 2|Name : SUPER  ADMINISTRATEUR |Module : [use_object]|Function : [Msg - update]| [OK_112] object_trace_diagram - '3' a été modifié.
2022-06-22 00:20:38|[INFO]|Session : [6907gmhpuuv2f88lna6lgc7kh6]|User id : 2|Name : SUPER  ADMINISTRATEUR |Module : [use_object]|Function : [Msg - update]| [OK_112] object_trace - '3' a été modifié.
2022-06-22 00:23:12|[INFO]|Session : [6907gmhpuuv2f88lna6lgc7kh6]|User id : 2|Name : SUPER  ADMINISTRATEUR |Module : [use_object]|Function : [Msg - update]| [OK_112] object_trace_diagram - '3' a été modifié.
2022-06-22 00:23:14|[INFO]|Session : [6907gmhpuuv2f88lna6lgc7kh6]|User id : 2|Name : SUPER  ADMINISTRATEUR |Module : [use_object]|Function : [Msg - update]| [OK_112] object_trace - '3' a été modifié.
2022-06-22 00:23:14|[INFO]|Session : [6907gmhpuuv2f88lna6lgc7kh6]|User id : 2|Name : SUPER  ADMINISTRATEUR |Module : [use_object]|Function : [Msg - update]| [OK_112] object_trace_diagram - '3' a été modifié.
2022-06-22 00:23:15|[INFO]|Session : [6907gmhpuuv2f88lna6lgc7kh6]|User id : 2|Name : SUPER  ADMINISTRATEUR |Module : [use_object]|Function : [Msg - update]| [OK_112] object_trace - '3' a été modifié.
2022-06-22 00:23:16|[INFO]|Session : [6907gmhpuuv2f88lna6lgc7kh6]|User id : 2|Name : SUPER  ADMINISTRATEUR |Module : [use_object]|Function : [Msg - update]| [OK_112] object_trace_diagram - '3' a été modifié.
2022-06-22 00:23:17|[INFO]|Session : [6907gmhpuuv2f88lna6lgc7kh6]|User id : 2|Name : SUPER  ADMINISTRATEUR |Module : [use_object]|Function : [Msg - update]| [OK_112] object_trace - '3' a été modifié.
2022-06-22 00:23:17|[INFO]|Session : [6907gmhpuuv2f88lna6lgc7kh6]|User id : 2|Name : SUPER  ADMINISTRATEUR |Module : [use_object]|Function : [Msg - update]| [OK_112] object_trace_diagram - '3' a été modifié.
2022-06-22 00:23:17|[INFO]|Session : [6907gmhpuuv2f88lna6lgc7kh6]|User id : 2|Name : SUPER  ADMINISTRATEUR |Module : [use_object]|Function : [Msg - update]| [OK_112] object_trace - '3' a été modifié.
2022-06-22 00:23:19|[INFO]|Session : [6907gmhpuuv2f88lna6lgc7kh6]|User id : 2|Name : SUPER  ADMINISTRATEUR |Module : [use_object]|Function : [Msg - update]| [OK_112] object_trace_diagram - '3' a été modifié.
2022-06-22 00:23:19|[INFO]|Session : [6907gmhpuuv2f88lna6lgc7kh6]|User id : 2|Name : SUPER  ADMINISTRATEUR |Module : [use_object]|Function : [Msg - update]| [OK_112] object_trace - '3' a été modifié.
2022-06-22 00:23:20|[INFO]|Session : [6907gmhpuuv2f88lna6lgc7kh6]|User id : 2|Name : SUPER  ADMINISTRATEUR |Module : [use_object]|Function : [Msg - update]| [OK_112] object_trace_diagram - '3' a été modifié.
2022-06-22 00:23:20|[INFO]|Session : [6907gmhpuuv2f88lna6lgc7kh6]|User id : 2|Name : SUPER  ADMINISTRATEUR |Module : [use_object]|Function : [Msg - update]| [OK_112] object_trace - '3' a été modifié.
2022-06-22 00:23:22|[INFO]|Session : [6907gmhpuuv2f88lna6lgc7kh6]|User id : 2|Name : SUPER  ADMINISTRATEUR |Module : [use_object]|Function : [Msg - update]| [OK_112] object_trace_diagram - '3' a été modifié.
2022-06-22 00:23:22|[INFO]|Session : [6907gmhpuuv2f88lna6lgc7kh6]|User id : 2|Name : SUPER  ADMINISTRATEUR |Module : [use_object]|Function : [Msg - update]| [OK_112] object_trace - '3' a été modifié.
2022-06-22 00:23:47|[INFO]|Session : [e1sf29brmhqnaima9iqho5p18a]|User id : 1|Name : |Module : [use_object]|Function : [Msg - update]| [OK_112] object_trace_diagram - '3' a été modifié.
2022-06-22 00:23:47|[INFO]|Session : [o6o3j3k8nmg2let1krigjkhtan]|User id : 1|Name : |Module : [use_object]|Function : [Msg - update]| [OK_112] object_trace - '3' a été modifié.
2022-06-22 00:23:47|[INFO]|Session : [3c1npni4gpodi3l5tpa70g05tf]|User id : 1|Name : |Module : [use_object]|Function : [Msg - update]| [OK_112] object_trace - '3' a été modifié.
2022-06-22 00:23:59|[INFO]|Session : [jepvsi80jcum3nv9ulm2a3h298]|User id : 1|Name : |Module : [use_object]|Function : [Msg - update]| [OK_112] object_trace_diagram - '3' a été modifié.
2022-06-22 00:24:00|[INFO]|Session : [prnvkp4tgj1p5v50939bbmouha]|User id : 1|Name : |Module : [use_object]|Function : [Msg - update]| [OK_112] object_trace - '3' a été modifié.
2022-06-22 00:24:01|[INFO]|Session : [lglp628rb20gf59gcjprsbq6cd]|User id : 1|Name : |Module : [use_object]|Function : [Msg - update]| [OK_112] object_trace_diagram - '3' a été modifié.
2022-06-22 00:24:01|[INFO]|Session : [j9ln1d625n8piidahjtmd2gu8d]|User id : 1|Name : |Module : [use_object]|Function : [Msg - update]| [OK_112] object_trace - '3' a été modifié.
2022-06-22 00:24:02|[INFO]|Session : [ie6706e91ogaafqv4dem4u8gnq]|User id : 1|Name : |Module : [use_object]|Function : [Msg - update]| [OK_112] object_trace_diagram - '3' a été modifié.
2022-06-22 00:24:03|[INFO]|Session : [rb5c4hqpjdo71hvtmn1048r6fh]|User id : 1|Name : |Module : [use_object]|Function : [Msg - update]| [OK_112] object_trace - '3' a été modifié.
2022-06-22 00:24:04|[INFO]|Session : [ai4nd391m777vjq7oqdr9533ni]|User id : 1|Name : |Module : [use_object]|Function : [Msg - update]| [OK_112] object_trace_diagram - '3' a été modifié.
2022-06-22 00:24:04|[INFO]|Session : [srm03fqi300cf6o8gc8lvuncje]|User id : 1|Name : |Module : [use_object]|Function : [Msg - update]| [OK_112] object_trace - '3' a été modifié.
2022-06-22 00:24:09|[INFO]|Session : [hpt5p1npbf0obqs192tnftl5e4]|User id : 1|Name : |Module : [use_object]|Function : [Msg - update]| [OK_112] object_trace_diagram - '3' a été modifié.
2022-06-22 00:24:10|[INFO]|Session : [80jnmagbs40rv34u4mvh3hhns3]|User id : 1|Name : |Module : [use_object]|Function : [Msg - update]| [OK_112] object_trace - '3' a été modifié.
2022-06-22 00:59:13|[INFO]|Session : [6907gmhpuuv2f88lna6lgc7kh6]|User id : 2|Name : SUPER  ADMINISTRATEUR |Module : [use_object]|Function : [Msg - update]| [OK_112] object_slide - '2' a été modifié.
2022-06-22 00:59:13|[INFO]|Session : [6907gmhpuuv2f88lna6lgc7kh6]|User id : 2|Name : SUPER  ADMINISTRATEUR |Module : [use_object]|Function : [Msg - update]| [OK_112] object_node - '64' a été modifié.
2022-06-22 00:59:21|[INFO]|Session : [6907gmhpuuv2f88lna6lgc7kh6]|User id : 2|Name : SUPER  ADMINISTRATEUR |Module : [use_object]|Function : [Msg - update]| [OK_112] object_slide - '4' a été modifié.
2022-06-22 00:59:21|[INFO]|Session : [6907gmhpuuv2f88lna6lgc7kh6]|User id : 2|Name : SUPER  ADMINISTRATEUR |Module : [use_object]|Function : [Msg - update]| [OK_112] object_question - '94' a été modifié.
2022-06-22 00:59:21|[INFO]|Session : [6907gmhpuuv2f88lna6lgc7kh6]|User id : 2|Name : SUPER  ADMINISTRATEUR |Module : [use_object]|Function : [Msg - update]| [OK_112] object_node - '58' a été modifié.
2022-06-22 00:59:32|[INFO]|Session : [6907gmhpuuv2f88lna6lgc7kh6]|User id : 2|Name : SUPER  ADMINISTRATEUR |Module : [use_object]|Function : [Msg - update]| [OK_112] object_slide - '3' a été modifié.
2022-06-22 00:59:32|[INFO]|Session : [6907gmhpuuv2f88lna6lgc7kh6]|User id : 2|Name : SUPER  ADMINISTRATEUR |Module : [use_object]|Function : [Msg - update]| [OK_112] object_node - '59' a été modifié.
2022-06-22 01:01:21|[INFO]|Session : [6907gmhpuuv2f88lna6lgc7kh6]|User id : 2|Name : SUPER  ADMINISTRATEUR |Module : [use_object]|Function : [Msg - update]| [OK_112] object_slide - '4' a été modifié.
2022-06-22 01:01:21|[INFO]|Session : [6907gmhpuuv2f88lna6lgc7kh6]|User id : 2|Name : SUPER  ADMINISTRATEUR |Module : [use_object]|Function : [Msg - update]| [OK_112] object_question - '94' a été modifié.
2022-06-22 01:01:21|[INFO]|Session : [6907gmhpuuv2f88lna6lgc7kh6]|User id : 2|Name : SUPER  ADMINISTRATEUR |Module : [use_object]|Function : [Msg - update]| [OK_112] object_node - '58' a été modifié.
2022-06-22 01:01:43|[INFO]|Session : [6907gmhpuuv2f88lna6lgc7kh6]|User id : 2|Name : SUPER  ADMINISTRATEUR |Module : [use_object]|Function : [Msg - update]| [OK_112] object_slide - '3' a été modifié.
2022-06-22 01:01:43|[INFO]|Session : [6907gmhpuuv2f88lna6lgc7kh6]|User id : 2|Name : SUPER  ADMINISTRATEUR |Module : [use_object]|Function : [Msg - update]| [OK_112] object_question - '95' a été modifié.
2022-06-22 01:01:43|[INFO]|Session : [6907gmhpuuv2f88lna6lgc7kh6]|User id : 2|Name : SUPER  ADMINISTRATEUR |Module : [use_object]|Function : [Msg - update]| [OK_112] object_node - '563' a été modifié.
2022-06-22 01:02:36|[INFO]|Session : [6907gmhpuuv2f88lna6lgc7kh6]|User id : 2|Name : SUPER  ADMINISTRATEUR |Module : [use_object]|Function : [Msg - insert]| [OK_111] object_slide - '0' a été créé.
2022-06-22 01:02:36|[INFO]|Session : [6907gmhpuuv2f88lna6lgc7kh6]|User id : 2|Name : SUPER  ADMINISTRATEUR |Module : [use_object]|Function : [Msg - insert]| [OK_111] object_question - '0' a été créé.
2022-06-22 01:02:36|[INFO]|Session : [6907gmhpuuv2f88lna6lgc7kh6]|User id : 2|Name : SUPER  ADMINISTRATEUR |Module : [use_object]|Function : [Msg - update]| [OK_112] object_node - '959' a été modifié.
2022-06-22 01:04:25|[INFO]|Session : [6907gmhpuuv2f88lna6lgc7kh6]|User id : 2|Name : SUPER  ADMINISTRATEUR |Module : [use_object]|Function : [Msg - insert]| [OK_111] object_link - '' a été créé.
2022-06-22 01:04:25|[INFO]|Session : [6907gmhpuuv2f88lna6lgc7kh6]|User id : 2|Name : SUPER  ADMINISTRATEUR |Module : [use_object]|Function : [Msg - insert]| [OK_111] object_slide - '0' a été créé.
2022-06-22 01:04:25|[INFO]|Session : [6907gmhpuuv2f88lna6lgc7kh6]|User id : 2|Name : SUPER  ADMINISTRATEUR |Module : [use_object]|Function : [Msg - insert]| [OK_111] object_question - '0' a été créé.
2022-06-22 01:04:25|[INFO]|Session : [6907gmhpuuv2f88lna6lgc7kh6]|User id : 2|Name : SUPER  ADMINISTRATEUR |Module : [use_object]|Function : [Msg - insert]| [OK_111] object_node - '' a été créé.
2022-06-22 01:13:46|[INFO]|Session : [6907gmhpuuv2f88lna6lgc7kh6]|User id : 2|Name : SUPER  ADMINISTRATEUR |Module : [use_object]|Function : [Msg - insert]| [OK_111] object_link - '' a été créé.
2022-06-22 01:13:46|[INFO]|Session : [6907gmhpuuv2f88lna6lgc7kh6]|User id : 2|Name : SUPER  ADMINISTRATEUR |Module : [use_object]|Function : [Msg - insert]| [OK_111] object_slide - '0' a été créé.
2022-06-22 01:13:46|[INFO]|Session : [6907gmhpuuv2f88lna6lgc7kh6]|User id : 2|Name : SUPER  ADMINISTRATEUR |Module : [use_object]|Function : [Msg - insert]| [OK_111] object_question - '0' a été créé.
2022-06-22 01:13:47|[INFO]|Session : [6907gmhpuuv2f88lna6lgc7kh6]|User id : 2|Name : SUPER  ADMINISTRATEUR |Module : [use_object]|Function : [Msg - insert]| [OK_111] object_node - '' a été créé.
2022-06-22 01:14:17|[INFO]|Session : [6907gmhpuuv2f88lna6lgc7kh6]|User id : 2|Name : SUPER  ADMINISTRATEUR |Module : [use_object]|Function : [Msg - insert]| [OK_111] object_slide - '0' a été créé.
2022-06-22 01:14:17|[INFO]|Session : [6907gmhpuuv2f88lna6lgc7kh6]|User id : 2|Name : SUPER  ADMINISTRATEUR |Module : [use_object]|Function : [Msg - update]| [OK_112] object_question - '130' a été modifié.
2022-06-22 01:14:17|[INFO]|Session : [6907gmhpuuv2f88lna6lgc7kh6]|User id : 2|Name : SUPER  ADMINISTRATEUR |Module : [use_object]|Function : [Msg - update]| [OK_112] object_node - '6818' a été modifié.
2022-06-22 01:15:39|[INFO]|Session : [6907gmhpuuv2f88lna6lgc7kh6]|User id : 2|Name : SUPER  ADMINISTRATEUR |Module : [use_object]|Function : [Msg - insert]| [OK_111] object_slide - '0' a été créé.
2022-06-22 01:15:39|[INFO]|Session : [6907gmhpuuv2f88lna6lgc7kh6]|User id : 2|Name : SUPER  ADMINISTRATEUR |Module : [use_object]|Function : [Msg - update]| [OK_112] object_question - '95' a été modifié.
2022-06-22 01:15:39|[INFO]|Session : [6907gmhpuuv2f88lna6lgc7kh6]|User id : 2|Name : SUPER  ADMINISTRATEUR |Module : [use_object]|Function : [Msg - update]| [OK_112] object_node - '6804' a été modifié.
2022-06-22 01:15:58|[INFO]|Session : [6907gmhpuuv2f88lna6lgc7kh6]|User id : 2|Name : SUPER  ADMINISTRATEUR |Module : [use_object]|Function : [Msg - update]| [OK_112] object_slide - '5' a été modifié.
2022-06-22 01:15:58|[INFO]|Session : [6907gmhpuuv2f88lna6lgc7kh6]|User id : 2|Name : SUPER  ADMINISTRATEUR |Module : [use_object]|Function : [Msg - update]| [OK_112] object_question - '128' a été modifié.
2022-06-22 01:15:58|[INFO]|Session : [6907gmhpuuv2f88lna6lgc7kh6]|User id : 2|Name : SUPER  ADMINISTRATEUR |Module : [use_object]|Function : [Msg - update]| [OK_112] object_node - '959' a été modifié.
2022-06-22 01:17:18|[INFO]|Session : [6907gmhpuuv2f88lna6lgc7kh6]|User id : 2|Name : SUPER  ADMINISTRATEUR |Module : [use_object]|Function : [Msg - update]| [OK_112] object_trace - '4' a été modifié.
2022-06-22 01:17:23|[INFO]|Session : [6907gmhpuuv2f88lna6lgc7kh6]|User id : 2|Name : SUPER  ADMINISTRATEUR |Module : [use_object]|Function : [Msg - update]| [OK_112] object_trace_diagram - '4' a été modifié.
2022-06-22 01:17:23|[INFO]|Session : [6907gmhpuuv2f88lna6lgc7kh6]|User id : 2|Name : SUPER  ADMINISTRATEUR |Module : [use_object]|Function : [Msg - update]| [OK_112] object_trace - '4' a été modifié.
2022-06-22 01:17:25|[INFO]|Session : [6907gmhpuuv2f88lna6lgc7kh6]|User id : 2|Name : SUPER  ADMINISTRATEUR |Module : [use_object]|Function : [Msg - update]| [OK_112] object_trace_diagram - '4' a été modifié.
2022-06-22 01:17:25|[INFO]|Session : [6907gmhpuuv2f88lna6lgc7kh6]|User id : 2|Name : SUPER  ADMINISTRATEUR |Module : [use_object]|Function : [Msg - update]| [OK_112] object_trace - '4' a été modifié.
2022-06-22 01:17:26|[INFO]|Session : [6907gmhpuuv2f88lna6lgc7kh6]|User id : 2|Name : SUPER  ADMINISTRATEUR |Module : [use_object]|Function : [Msg - update]| [OK_112] object_trace_diagram - '4' a été modifié.
2022-06-22 01:17:26|[INFO]|Session : [6907gmhpuuv2f88lna6lgc7kh6]|User id : 2|Name : SUPER  ADMINISTRATEUR |Module : [use_object]|Function : [Msg - update]| [OK_112] object_trace - '4' a été modifié.
2022-06-22 01:17:29|[INFO]|Session : [6907gmhpuuv2f88lna6lgc7kh6]|User id : 2|Name : SUPER  ADMINISTRATEUR |Module : [use_object]|Function : [Msg - update]| [OK_112] object_trace_diagram - '4' a été modifié.
2022-06-22 01:17:29|[INFO]|Session : [6907gmhpuuv2f88lna6lgc7kh6]|User id : 2|Name : SUPER  ADMINISTRATEUR |Module : [use_object]|Function : [Msg - update]| [OK_112] object_trace - '4' a été modifié.
2022-06-22 01:17:31|[INFO]|Session : [6907gmhpuuv2f88lna6lgc7kh6]|User id : 2|Name : SUPER  ADMINISTRATEUR |Module : [use_object]|Function : [Msg - update]| [OK_112] object_trace_diagram - '4' a été modifié.
2022-06-22 01:17:31|[INFO]|Session : [6907gmhpuuv2f88lna6lgc7kh6]|User id : 2|Name : SUPER  ADMINISTRATEUR |Module : [use_object]|Function : [Msg - update]| [OK_112] object_trace - '4' a été modifié.
2022-06-22 01:17:32|[INFO]|Session : [6907gmhpuuv2f88lna6lgc7kh6]|User id : 2|Name : SUPER  ADMINISTRATEUR |Module : [use_object]|Function : [Msg - update]| [OK_112] object_trace_diagram - '4' a été modifié.
2022-06-22 01:17:32|[INFO]|Session : [6907gmhpuuv2f88lna6lgc7kh6]|User id : 2|Name : SUPER  ADMINISTRATEUR |Module : [use_object]|Function : [Msg - update]| [OK_112] object_trace - '4' a été modifié.
2022-06-22 01:17:34|[INFO]|Session : [6907gmhpuuv2f88lna6lgc7kh6]|User id : 2|Name : SUPER  ADMINISTRATEUR |Module : [use_object]|Function : [Msg - update]| [OK_112] object_trace_diagram - '4' a été modifié.
2022-06-22 01:17:34|[INFO]|Session : [6907gmhpuuv2f88lna6lgc7kh6]|User id : 2|Name : SUPER  ADMINISTRATEUR |Module : [use_object]|Function : [Msg - update]| [OK_112] object_trace - '4' a été modifié.
2022-06-22 01:17:34|[INFO]|Session : [6907gmhpuuv2f88lna6lgc7kh6]|User id : 2|Name : SUPER  ADMINISTRATEUR |Module : [use_object]|Function : [Msg - update]| [OK_112] object_trace_diagram - '4' a été modifié.
2022-06-22 01:17:34|[INFO]|Session : [6907gmhpuuv2f88lna6lgc7kh6]|User id : 2|Name : SUPER  ADMINISTRATEUR |Module : [use_object]|Function : [Msg - update]| [OK_112] object_trace - '4' a été modifié.
2022-06-22 01:17:36|[INFO]|Session : [6907gmhpuuv2f88lna6lgc7kh6]|User id : 2|Name : SUPER  ADMINISTRATEUR |Module : [use_object]|Function : [Msg - update]| [OK_112] object_trace_diagram - '4' a été modifié.
2022-06-22 01:17:36|[INFO]|Session : [6907gmhpuuv2f88lna6lgc7kh6]|User id : 2|Name : SUPER  ADMINISTRATEUR |Module : [use_object]|Function : [Msg - update]| [OK_112] object_trace - '4' a été modifié.
2022-06-22 01:17:37|[INFO]|Session : [6907gmhpuuv2f88lna6lgc7kh6]|User id : 2|Name : SUPER  ADMINISTRATEUR |Module : [use_object]|Function : [Msg - update]| [OK_112] object_trace_diagram - '4' a été modifié.
2022-06-22 01:17:37|[INFO]|Session : [6907gmhpuuv2f88lna6lgc7kh6]|User id : 2|Name : SUPER  ADMINISTRATEUR |Module : [use_object]|Function : [Msg - update]| [OK_112] object_trace - '4' a été modifié.
2022-06-22 01:17:39|[INFO]|Session : [6907gmhpuuv2f88lna6lgc7kh6]|User id : 2|Name : SUPER  ADMINISTRATEUR |Module : [use_object]|Function : [Msg - update]| [OK_112] object_trace_diagram - '4' a été modifié.
2022-06-22 01:17:39|[INFO]|Session : [6907gmhpuuv2f88lna6lgc7kh6]|User id : 2|Name : SUPER  ADMINISTRATEUR |Module : [use_object]|Function : [Msg - update]| [OK_112] object_trace - '4' a été modifié.
2022-06-22 01:17:41|[INFO]|Session : [6907gmhpuuv2f88lna6lgc7kh6]|User id : 2|Name : SUPER  ADMINISTRATEUR |Module : [use_object]|Function : [Msg - update]| [OK_112] object_trace_diagram - '4' a été modifié.
2022-06-22 01:17:41|[INFO]|Session : [6907gmhpuuv2f88lna6lgc7kh6]|User id : 2|Name : SUPER  ADMINISTRATEUR |Module : [use_object]|Function : [Msg - update]| [OK_112] object_trace - '4' a été modifié.
2022-06-22 01:17:43|[INFO]|Session : [6907gmhpuuv2f88lna6lgc7kh6]|User id : 2|Name : SUPER  ADMINISTRATEUR |Module : [use_object]|Function : [Msg - update]| [OK_112] object_trace_diagram - '4' a été modifié.
2022-06-22 01:17:43|[INFO]|Session : [6907gmhpuuv2f88lna6lgc7kh6]|User id : 2|Name : SUPER  ADMINISTRATEUR |Module : [use_object]|Function : [Msg - update]| [OK_112] object_trace - '4' a été modifié.
2022-06-22 01:17:44|[INFO]|Session : [6907gmhpuuv2f88lna6lgc7kh6]|User id : 2|Name : SUPER  ADMINISTRATEUR |Module : [use_object]|Function : [Msg - update]| [OK_112] object_trace_diagram - '4' a été modifié.
2022-06-22 01:17:44|[INFO]|Session : [6907gmhpuuv2f88lna6lgc7kh6]|User id : 2|Name : SUPER  ADMINISTRATEUR |Module : [use_object]|Function : [Msg - update]| [OK_112] object_trace - '4' a été modifié.
2022-06-22 01:17:46|[INFO]|Session : [6907gmhpuuv2f88lna6lgc7kh6]|User id : 2|Name : SUPER  ADMINISTRATEUR |Module : [use_object]|Function : [Msg - update]| [OK_112] object_trace_diagram - '4' a été modifié.
2022-06-22 01:17:46|[INFO]|Session : [6907gmhpuuv2f88lna6lgc7kh6]|User id : 2|Name : SUPER  ADMINISTRATEUR |Module : [use_object]|Function : [Msg - update]| [OK_112] object_trace - '4' a été modifié.
2022-06-22 01:17:50|[INFO]|Session : [6907gmhpuuv2f88lna6lgc7kh6]|User id : 2|Name : SUPER  ADMINISTRATEUR |Module : [use_object]|Function : [Msg - update]| [OK_112] object_trace_diagram - '4' a été modifié.
2022-06-22 01:17:50|[INFO]|Session : [6907gmhpuuv2f88lna6lgc7kh6]|User id : 2|Name : SUPER  ADMINISTRATEUR |Module : [use_object]|Function : [Msg - update]| [OK_112] object_trace - '4' a été modifié.
2022-06-22 01:17:50|[INFO]|Session : [6907gmhpuuv2f88lna6lgc7kh6]|User id : 2|Name : SUPER  ADMINISTRATEUR |Module : [use_object]|Function : [Msg - update]| [OK_112] object_trace_diagram - '4' a été modifié.
2022-06-22 01:17:51|[INFO]|Session : [6907gmhpuuv2f88lna6lgc7kh6]|User id : 2|Name : SUPER  ADMINISTRATEUR |Module : [use_object]|Function : [Msg - update]| [OK_112] object_trace - '4' a été modifié.
2022-06-22 01:17:52|[INFO]|Session : [6907gmhpuuv2f88lna6lgc7kh6]|User id : 2|Name : SUPER  ADMINISTRATEUR |Module : [use_object]|Function : [Msg - update]| [OK_112] object_trace_diagram - '4' a été modifié.
2022-06-22 01:17:52|[INFO]|Session : [6907gmhpuuv2f88lna6lgc7kh6]|User id : 2|Name : SUPER  ADMINISTRATEUR |Module : [use_object]|Function : [Msg - update]| [OK_112] object_trace - '4' a été modifié.
2022-06-22 01:17:53|[INFO]|Session : [6907gmhpuuv2f88lna6lgc7kh6]|User id : 2|Name : SUPER  ADMINISTRATEUR |Module : [use_object]|Function : [Msg - update]| [OK_112] object_trace_diagram - '4' a été modifié.
2022-06-22 01:17:54|[INFO]|Session : [6907gmhpuuv2f88lna6lgc7kh6]|User id : 2|Name : SUPER  ADMINISTRATEUR |Module : [use_object]|Function : [Msg - update]| [OK_112] object_trace - '4' a été modifié.
2022-06-22 01:18:03|[INFO]|Session : [sbbmmgi3rid8thfu3ldrgsi9ee]|User id : 1|Name : |Module : [use_object]|Function : [Msg - update]| [OK_112] object_trace - '3' a été modifié.
2022-06-22 01:18:11|[INFO]|Session : [pfir36a68oh2epk9vrp2acv7mf]|User id : 1|Name : |Module : [use_object]|Function : [Msg - update]| [OK_112] object_trace_diagram - '3' a été modifié.
2022-06-22 01:18:11|[INFO]|Session : [jkd7s6qvrkma97ar987mm5e6nc]|User id : 1|Name : |Module : [use_object]|Function : [Msg - update]| [OK_112] object_trace - '3' a été modifié.
2022-06-22 01:18:15|[INFO]|Session : [dth17sg3fhgugfo0o0e1bgfpft]|User id : 1|Name : |Module : [use_object]|Function : [Msg - update]| [OK_112] object_trace_diagram - '3' a été modifié.
2022-06-22 01:18:16|[INFO]|Session : [rqni39d37bgkgsjklf1nmbt74h]|User id : 1|Name : |Module : [use_object]|Function : [Msg - update]| [OK_112] object_trace - '3' a été modifié.
2022-06-22 01:18:16|[INFO]|Session : [7mebkn8enso4m3p03p9brh6g5a]|User id : 1|Name : |Module : [use_object]|Function : [Msg - update]| [OK_112] object_trace_diagram - '3' a été modifié.
2022-06-22 01:18:17|[INFO]|Session : [h31ooicid7a4mg2d41otf68n34]|User id : 1|Name : |Module : [use_object]|Function : [Msg - update]| [OK_112] object_trace - '3' a été modifié.
2022-06-22 01:18:18|[INFO]|Session : [pr6n8fg6m374k438tib9u4j3et]|User id : 1|Name : |Module : [use_object]|Function : [Msg - update]| [OK_112] object_trace_diagram - '3' a été modifié.
2022-06-22 01:18:20|[INFO]|Session : [met77uop6oukdchva8rna2t2tt]|User id : 1|Name : |Module : [use_object]|Function : [Msg - update]| [OK_112] object_trace - '3' a été modifié.
2022-06-22 01:18:21|[INFO]|Session : [nqbmje3sal2tdakjc2g9vqg0of]|User id : 1|Name : |Module : [use_object]|Function : [Msg - update]| [OK_112] object_trace_diagram - '3' a été modifié.
2022-06-22 01:18:21|[INFO]|Session : [nua4ia8u88gnb1aitdb258gm8d]|User id : 1|Name : |Module : [use_object]|Function : [Msg - update]| [OK_112] object_trace - '3' a été modifié.
2022-06-22 01:18:21|[INFO]|Session : [tbnvdh27087t3rvhqfij9v865c]|User id : 1|Name : |Module : [use_object]|Function : [Msg - update]| [OK_112] object_trace_diagram - '3' a été modifié.
2022-06-22 01:18:22|[INFO]|Session : [pqirq7eqk6frnt4ntvoktk8eus]|User id : 1|Name : |Module : [use_object]|Function : [Msg - update]| [OK_112] object_trace - '3' a été modifié.
2022-06-22 01:18:24|[INFO]|Session : [83esukmat0lrsii4mucujqn5qj]|User id : 1|Name : |Module : [use_object]|Function : [Msg - update]| [OK_112] object_trace_diagram - '3' a été modifié.
2022-06-22 01:18:24|[INFO]|Session : [j9eb45v4hvof8ekujl9lioptf9]|User id : 1|Name : |Module : [use_object]|Function : [Msg - update]| [OK_112] object_trace - '3' a été modifié.
2022-06-22 01:18:28|[INFO]|Session : [8mtsoshdlp6dqn41pud13oi39f]|User id : 1|Name : |Module : [use_object]|Function : [Msg - update]| [OK_112] object_trace_diagram - '3' a été modifié.
2022-06-22 01:18:29|[INFO]|Session : [dads0kj27heee0nncdfuev2nhd]|User id : 1|Name : |Module : [use_object]|Function : [Msg - update]| [OK_112] object_trace - '3' a été modifié.
2022-06-22 01:18:54|[INFO]|Session : [1gs02cknhe5fl9pbq51pe74m5o]|User id : 1|Name : |Module : [use_object]|Function : [Msg - update]| [OK_112] object_trace_diagram - '3' a été modifié.
2022-06-22 01:18:54|[INFO]|Session : [vcos35dccnpm8i1jcvr69nlrjb]|User id : 1|Name : |Module : [use_object]|Function : [Msg - update]| [OK_112] object_trace - '3' a été modifié.
2022-06-22 01:18:58|[INFO]|Session : [j852ep287gnjkdgstc5ot8admc]|User id : 1|Name : |Module : [use_object]|Function : [Msg - update]| [OK_112] object_trace_diagram - '3' a été modifié.
2022-06-22 01:18:59|[INFO]|Session : [e09uug6p5nicr7p7dmh04qma25]|User id : 1|Name : |Module : [use_object]|Function : [Msg - update]| [OK_112] object_trace - '3' a été modifié.
2022-06-22 12:13:28|[INFO]|Session : [amksamonh53ofkjkemdgf2pj50]|User id : 2|Name : SUPER  ADMINISTRATEUR |Module : [use_object]|Function : [Msg - update]| [OK_112] object_trace - '5' a été modifié.
2022-06-22 12:59:14|[INFO]|Session : [cqc1r399k68674knqdt1li5j4d]|User id : 1|Name : |Module : [use_object]|Function : [Msg - update]| [OK_112] object_trace - '3' a été modifié.
2022-06-22 12:59:27|[INFO]|Session : [e085esfoupjmt83vjjp62e6gsv]|User id : 1|Name : |Module : [use_object]|Function : [Msg - update]| [OK_112] object_trace - '3' a été modifié.
2022-06-22 14:48:17|[INFO]|Session : [tk4hpqpcs00eun0p048ee93n3a]|User id : 1|Name : |Module : [use_object]|Function : [Msg - update]| [OK_112] object_trace - '3' a été modifié.
2022-06-22 14:48:25|[INFO]|Session : [3i98609aptot4lhs8j67d94tju]|User id : 1|Name : |Module : [use_object]|Function : [Msg - update]| [OK_112] object_trace_diagram - '3' a été modifié.
2022-06-22 14:48:25|[INFO]|Session : [na1somk11h7mqbekg2ejagei23]|User id : 1|Name : |Module : [use_object]|Function : [Msg - update]| [OK_112] object_trace - '3' a été modifié.
2022-06-22 14:48:27|[INFO]|Session : [hd2tvsqu9mp7c9k3un95jq1aao]|User id : 1|Name : |Module : [use_object]|Function : [Msg - update]| [OK_112] object_trace_diagram - '3' a été modifié.
2022-06-22 14:48:27|[INFO]|Session : [4o24u7q5biup42bviheqct0ne9]|User id : 1|Name : |Module : [use_object]|Function : [Msg - update]| [OK_112] object_trace - '3' a été modifié.
2022-06-22 14:48:38|[INFO]|Session : [ufshi9uvcsu3lupd5svretp1t6]|User id : 1|Name : |Module : [use_object]|Function : [Msg - update]| [OK_112] object_trace_diagram - '3' a été modifié.
2022-06-22 14:48:38|[INFO]|Session : [p0pfrl39fr134j573dp9dmo9p4]|User id : 1|Name : |Module : [use_object]|Function : [Msg - update]| [OK_112] object_trace - '3' a été modifié.
2022-06-22 14:48:41|[INFO]|Session : [l2v4nfg4hv2670gqsbdf6127h7]|User id : 1|Name : |Module : [use_object]|Function : [Msg - update]| [OK_112] object_trace_diagram - '3' a été modifié.
2022-06-22 14:48:42|[INFO]|Session : [acj23s6nbh8gtb5jfiok2em661]|User id : 1|Name : |Module : [use_object]|Function : [Msg - update]| [OK_112] object_trace - '3' a été modifié.
2022-06-22 14:48:44|[INFO]|Session : [7ranv8mj8sketveqc01g9mbmv8]|User id : 1|Name : |Module : [use_object]|Function : [Msg - update]| [OK_112] object_trace_diagram - '3' a été modifié.
2022-06-22 14:48:45|[INFO]|Session : [bb89k16l9t66bk7pj2mcuma9ov]|User id : 1|Name : |Module : [use_object]|Function : [Msg - update]| [OK_112] object_trace - '3' a été modifié.
2022-06-22 14:48:45|[INFO]|Session : [bo4s92v37e1ngbolnda46cqvom]|User id : 1|Name : |Module : [use_object]|Function : [Msg - update]| [OK_112] object_trace_diagram - '3' a été modifié.
2022-06-22 14:48:48|[INFO]|Session : [sqv8q5un72uh4h8qjoat5obedh]|User id : 1|Name : |Module : [use_object]|Function : [Msg - update]| [OK_112] object_trace - '3' a été modifié.
2022-06-22 14:48:56|[INFO]|Session : [05uv6e9mvql12jq7tnr3uj30dq]|User id : 1|Name : |Module : [use_object]|Function : [Msg - update]| [OK_112] object_trace_diagram - '3' a été modifié.
2022-06-22 14:48:57|[INFO]|Session : [gr7o6tr2dirj7mf8h2bd08acng]|User id : 1|Name : |Module : [use_object]|Function : [Msg - update]| [OK_112] object_trace - '3' a été modifié.
2022-06-22 14:49:00|[INFO]|Session : [tq257milbdq0u43146smqa95uk]|User id : 1|Name : |Module : [use_object]|Function : [Msg - update]| [OK_112] object_trace_diagram - '3' a été modifié.
2022-06-22 14:49:02|[INFO]|Session : [06s8h9plse8du4kpfmne2l3qug]|User id : 1|Name : |Module : [use_object]|Function : [Msg - update]| [OK_112] object_trace - '3' a été modifié.
2022-06-22 14:49:02|[INFO]|Session : [iblvdoniolojsget07p79c6ses]|User id : 1|Name : |Module : [use_object]|Function : [Msg - update]| [OK_112] object_trace_diagram - '3' a été modifié.
2022-06-22 14:49:04|[INFO]|Session : [ftve1hefvd1kp4o3jti3okndgq]|User id : 1|Name : |Module : [use_object]|Function : [Msg - update]| [OK_112] object_trace - '3' a été modifié.
2022-06-22 14:49:05|[INFO]|Session : [i3de94bghcbf2q899tso6f3a1i]|User id : 1|Name : |Module : [use_object]|Function : [Msg - update]| [OK_112] object_trace_diagram - '3' a été modifié.
2022-06-22 14:49:06|[INFO]|Session : [473j0aq68ro2u4r7g2u0iqb1e9]|User id : 1|Name : |Module : [use_object]|Function : [Msg - update]| [OK_112] object_trace - '3' a été modifié.
2022-06-22 14:49:07|[INFO]|Session : [9lv5tjdcd5954s0bjrlih0c865]|User id : 1|Name : |Module : [use_object]|Function : [Msg - update]| [OK_112] object_trace_diagram - '3' a été modifié.
2022-06-22 14:49:07|[INFO]|Session : [dgtfe3frvf32t5g22mbdqsoijb]|User id : 1|Name : |Module : [use_object]|Function : [Msg - update]| [OK_112] object_trace - '3' a été modifié.
2022-06-22 14:49:08|[INFO]|Session : [lso80pucj28eqa9r8svn5cdul7]|User id : 1|Name : |Module : [use_object]|Function : [Msg - update]| [OK_112] object_trace_diagram - '3' a été modifié.
2022-06-22 14:49:08|[INFO]|Session : [cfagolcugmd6af2fp5stduncbr]|User id : 1|Name : |Module : [use_object]|Function : [Msg - update]| [OK_112] object_trace - '3' a été modifié.
2022-06-22 14:49:08|[INFO]|Session : [djrog9ui8dbs58qk34k9t1ght0]|User id : 1|Name : |Module : [use_object]|Function : [Msg - update]| [OK_112] object_trace_diagram - '3' a été modifié.
2022-06-22 14:49:09|[INFO]|Session : [c5m8r9nmirb1ilio3f706mqpqq]|User id : 1|Name : |Module : [use_object]|Function : [Msg - update]| [OK_112] object_trace - '3' a été modifié.
2022-06-22 14:49:10|[INFO]|Session : [58gs8jae0ui7d79e3j3itdovlb]|User id : 1|Name : |Module : [use_object]|Function : [Msg - update]| [OK_112] object_trace_diagram - '3' a été modifié.
2022-06-22 14:49:11|[INFO]|Session : [pklk0pas3m4htme4h7uek12dh8]|User id : 1|Name : |Module : [use_object]|Function : [Msg - update]| [OK_112] object_trace - '3' a été modifié.
2022-06-22 14:49:12|[INFO]|Session : [7vn01g26727hba77hjkabloc90]|User id : 1|Name : |Module : [use_object]|Function : [Msg - update]| [OK_112] object_trace_diagram - '3' a été modifié.
2022-06-22 14:49:13|[INFO]|Session : [vgifajod20eujlbkgra4c9qhnb]|User id : 1|Name : |Module : [use_object]|Function : [Msg - update]| [OK_112] object_trace - '3' a été modifié.
2022-06-22 14:49:13|[INFO]|Session : [o824ieg8gc1gc2bglj6qnmf77l]|User id : 1|Name : |Module : [use_object]|Function : [Msg - update]| [OK_112] object_trace_diagram - '3' a été modifié.
2022-06-22 14:49:16|[INFO]|Session : [g0ua7p9gaav6qb3bapj2nqiqd9]|User id : 1|Name : |Module : [use_object]|Function : [Msg - update]| [OK_112] object_trace - '3' a été modifié.
2022-06-22 14:49:37|[INFO]|Session : [3ijgnu3ohvfloe9d3vh2thdg18]|User id : 1|Name : |Module : [use_object]|Function : [Msg - update]| [OK_112] object_trace_diagram - '3' a été modifié.
2022-06-22 14:49:38|[INFO]|Session : [f5iiag654oeq5i5e300e5qk9qr]|User id : 1|Name : |Module : [use_object]|Function : [Msg - update]| [OK_112] object_trace - '3' a été modifié.
2022-06-22 14:49:38|[INFO]|Session : [eqrrjkecgo6ptgtkrd3kaq62rq]|User id : 1|Name : |Module : [use_object]|Function : [Msg - update]| [OK_112] object_trace_diagram - '3' a été modifié.
2022-06-22 14:49:39|[INFO]|Session : [74ki3n5raue730v5u8u8fgmjcp]|User id : 1|Name : |Module : [use_object]|Function : [Msg - update]| [OK_112] object_trace - '3' a été modifié.
2022-06-22 14:49:40|[INFO]|Session : [sokd6sqqbf118cdj8obf2l0d0h]|User id : 1|Name : |Module : [use_object]|Function : [Msg - update]| [OK_112] object_trace_diagram - '3' a été modifié.
2022-06-22 14:49:40|[INFO]|Session : [4sh6ms5hk0pmne6bue7h310ntq]|User id : 1|Name : |Module : [use_object]|Function : [Msg - update]| [OK_112] object_trace - '3' a été modifié.
2022-06-22 14:49:41|[INFO]|Session : [5fdk141omjan3t7dvgbljdue5h]|User id : 1|Name : |Module : [use_object]|Function : [Msg - update]| [OK_112] object_trace_diagram - '3' a été modifié.
2022-06-22 14:49:42|[INFO]|Session : [49easrj2t3k34fasicko3627bg]|User id : 1|Name : |Module : [use_object]|Function : [Msg - update]| [OK_112] object_trace - '3' a été modifié.
2022-06-22 14:49:42|[INFO]|Session : [uplois9j1ao0plikjsf03u95bf]|User id : 1|Name : |Module : [use_object]|Function : [Msg - update]| [OK_112] object_trace_diagram - '3' a été modifié.
2022-06-22 14:49:43|[INFO]|Session : [70426ffemn420h4f7go5ic07uj]|User id : 1|Name : |Module : [use_object]|Function : [Msg - update]| [OK_112] object_trace - '3' a été modifié.
