2022-06-28 14:07:26|[INFO]|Session : [dgff6ops9ev1s5cep22ctu910i]|User id : 2|Name : SUPER  ADMINISTRATEUR |Module : [use_object]|Function : [Msg - delete]| [OK_110] object_link - '1272' a été supprimé.
2022-06-28 14:07:26|[INFO]|Session : [dgff6ops9ev1s5cep22ctu910i]|User id : 2|Name : SUPER  ADMINISTRATEUR |Module : [use_object]|Function : [Msg - insert]| [OK_111] object_link - '' a été créé.
2022-06-28 14:07:41|[ERROR]|Session : [dgff6ops9ev1s5cep22ctu910i]|User id : 2|Name : SUPER  ADMINISTRATEUR |Module : [use_object]|Function : [Msg - insert]| [KO_116] object_node - Impossible de créer '6'.
2022-06-28 14:07:41|[ERROR]|Session : [dgff6ops9ev1s5cep22ctu910i]|User id : 2|Name : SUPER  ADMINISTRATEUR |Module : [use_object]|Function : [Msg - insert]| [KO_116] object_node - Impossible de créer '4'.
2022-06-28 14:07:41|[INFO]|Session : [dgff6ops9ev1s5cep22ctu910i]|User id : 2|Name : SUPER  ADMINISTRATEUR |Module : [use_object]|Function : [Msg - insert]| [OK_111] object_link - '' a été créé.
2022-06-28 14:07:42|[ERROR]|Session : [dgff6ops9ev1s5cep22ctu910i]|User id : 2|Name : SUPER  ADMINISTRATEUR |Module : [use_object]|Function : [Msg - insert]| [KO_116] object_node - Impossible de créer '7'.
2022-06-28 14:07:42|[ERROR]|Session : [dgff6ops9ev1s5cep22ctu910i]|User id : 2|Name : SUPER  ADMINISTRATEUR |Module : [use_object]|Function : [Msg - insert]| [KO_116] object_node - Impossible de créer '11'.
2022-06-28 14:07:42|[INFO]|Session : [dgff6ops9ev1s5cep22ctu910i]|User id : 2|Name : SUPER  ADMINISTRATEUR |Module : [use_object]|Function : [Msg - insert]| [OK_111] object_link - '' a été créé.
2022-06-28 14:07:42|[ERROR]|Session : [dgff6ops9ev1s5cep22ctu910i]|User id : 2|Name : SUPER  ADMINISTRATEUR |Module : [use_object]|Function : [Msg - insert]| [KO_116] object_node - Impossible de créer '7'.
2022-06-28 14:07:42|[INFO]|Session : [dgff6ops9ev1s5cep22ctu910i]|User id : 2|Name : SUPER  ADMINISTRATEUR |Module : [use_object]|Function : [Msg - insert]| [OK_111] object_link - '' a été créé.
2022-06-28 14:07:42|[ERROR]|Session : [dgff6ops9ev1s5cep22ctu910i]|User id : 2|Name : SUPER  ADMINISTRATEUR |Module : [use_object]|Function : [Msg - insert]| [KO_116] object_node - Impossible de créer '5'.
2022-06-28 14:07:42|[INFO]|Session : [dgff6ops9ev1s5cep22ctu910i]|User id : 2|Name : SUPER  ADMINISTRATEUR |Module : [use_object]|Function : [Msg - insert]| [OK_111] object_link - '' a été créé.
2022-06-28 14:07:42|[ERROR]|Session : [dgff6ops9ev1s5cep22ctu910i]|User id : 2|Name : SUPER  ADMINISTRATEUR |Module : [use_object]|Function : [Msg - insert]| [KO_116] object_node - Impossible de créer '3'.
2022-06-28 14:07:42|[INFO]|Session : [dgff6ops9ev1s5cep22ctu910i]|User id : 2|Name : SUPER  ADMINISTRATEUR |Module : [use_object]|Function : [Msg - insert]| [OK_111] object_link - '' a été créé.
2022-06-28 14:07:42|[ERROR]|Session : [dgff6ops9ev1s5cep22ctu910i]|User id : 2|Name : SUPER  ADMINISTRATEUR |Module : [use_object]|Function : [Msg - insert]| [KO_116] object_link - Impossible de créer ''.
2022-06-28 14:07:42|[INFO]|Session : [dgff6ops9ev1s5cep22ctu910i]|User id : 2|Name : SUPER  ADMINISTRATEUR |Module : [use_object]|Function : [Msg - insert]| [OK_111] object_link - '' a été créé.
2022-06-28 14:18:50|[INFO]|Session : [dgff6ops9ev1s5cep22ctu910i]|User id : 2|Name : SUPER  ADMINISTRATEUR |Module : [use_object]|Function : [Msg - insert]| [OK_111] object_link - '' a été créé.
2022-06-28 14:18:50|[ERROR]|Session : [dgff6ops9ev1s5cep22ctu910i]|User id : 2|Name : SUPER  ADMINISTRATEUR |Module : [use_object]|Function : [Msg - update]| [KO_117] object_slide - Impossible de modifier '206'.
2022-06-28 14:18:50|[ERROR]|Session : [dgff6ops9ev1s5cep22ctu910i]|User id : 2|Name : SUPER  ADMINISTRATEUR |Module : [use_object]|Function : [Msg - insert]| [KO_116] object_node - Impossible de créer ''.
2022-06-28 14:18:50|[INFO]|Session : [dgff6ops9ev1s5cep22ctu910i]|User id : 2|Name : SUPER  ADMINISTRATEUR |Module : [use_object]|Function : [Msg - insert]| [OK_111] object_link - '' a été créé.
2022-06-28 14:18:50|[ERROR]|Session : [dgff6ops9ev1s5cep22ctu910i]|User id : 2|Name : SUPER  ADMINISTRATEUR |Module : [use_object]|Function : [Msg - update]| [KO_117] object_slide - Impossible de modifier '208'.
2022-06-28 14:18:51|[ERROR]|Session : [dgff6ops9ev1s5cep22ctu910i]|User id : 2|Name : SUPER  ADMINISTRATEUR |Module : [use_object]|Function : [Msg - insert]| [KO_116] object_node - Impossible de créer ''.
2022-06-28 14:18:51|[INFO]|Session : [dgff6ops9ev1s5cep22ctu910i]|User id : 2|Name : SUPER  ADMINISTRATEUR |Module : [use_object]|Function : [Msg - insert]| [OK_111] object_link - '' a été créé.
2022-06-28 14:18:51|[INFO]|Session : [dgff6ops9ev1s5cep22ctu910i]|User id : 2|Name : SUPER  ADMINISTRATEUR |Module : [use_object]|Function : [Msg - insert]| [OK_111] object_link - '' a été créé.
2022-06-28 14:19:14|[INFO]|Session : [dgff6ops9ev1s5cep22ctu910i]|User id : 2|Name : SUPER  ADMINISTRATEUR |Module : [use_object]|Function : [Msg - delete]| [OK_110] object_link - '1240' a été supprimé.
2022-06-28 14:19:14|[INFO]|Session : [dgff6ops9ev1s5cep22ctu910i]|User id : 2|Name : SUPER  ADMINISTRATEUR |Module : [use_object]|Function : [Msg - insert]| [OK_111] object_link - '' a été créé.
2022-06-28 14:19:22|[INFO]|Session : [dgff6ops9ev1s5cep22ctu910i]|User id : 2|Name : SUPER  ADMINISTRATEUR |Module : [use_object]|Function : [Msg - delete]| [OK_110] object_link - '1244' a été supprimé.
2022-06-28 14:19:22|[INFO]|Session : [dgff6ops9ev1s5cep22ctu910i]|User id : 2|Name : SUPER  ADMINISTRATEUR |Module : [use_object]|Function : [Msg - insert]| [OK_111] object_link - '' a été créé.
2022-06-28 14:19:32|[INFO]|Session : [dgff6ops9ev1s5cep22ctu910i]|User id : 2|Name : SUPER  ADMINISTRATEUR |Module : [use_object]|Function : [Msg - delete]| [OK_110] object_link - '2026' a été supprimé.
2022-06-28 14:19:32|[INFO]|Session : [dgff6ops9ev1s5cep22ctu910i]|User id : 2|Name : SUPER  ADMINISTRATEUR |Module : [use_object]|Function : [Msg - insert]| [OK_111] object_link - '' a été créé.
2022-06-28 14:20:13|[INFO]|Session : [dgff6ops9ev1s5cep22ctu910i]|User id : 2|Name : SUPER  ADMINISTRATEUR |Module : [use_object]|Function : [Msg - delete]| [OK_110] object_link - '1237' a été supprimé.
2022-06-28 14:20:13|[INFO]|Session : [dgff6ops9ev1s5cep22ctu910i]|User id : 2|Name : SUPER  ADMINISTRATEUR |Module : [use_object]|Function : [Msg - insert]| [OK_111] object_link - '' a été créé.
2022-06-28 14:20:25|[INFO]|Session : [dgff6ops9ev1s5cep22ctu910i]|User id : 2|Name : SUPER  ADMINISTRATEUR |Module : [use_object]|Function : [Msg - delete]| [OK_110] object_link - '1242' a été supprimé.
2022-06-28 14:20:26|[INFO]|Session : [dgff6ops9ev1s5cep22ctu910i]|User id : 2|Name : SUPER  ADMINISTRATEUR |Module : [use_object]|Function : [Msg - insert]| [OK_111] object_link - '' a été créé.
2022-06-28 14:20:57|[INFO]|Session : [dgff6ops9ev1s5cep22ctu910i]|User id : 2|Name : SUPER  ADMINISTRATEUR |Module : [use_object]|Function : [Msg - insert]| [OK_111] object_link - '' a été créé.
2022-06-28 14:20:57|[ERROR]|Session : [dgff6ops9ev1s5cep22ctu910i]|User id : 2|Name : SUPER  ADMINISTRATEUR |Module : [use_object]|Function : [Msg - update]| [KO_117] object_slide - Impossible de modifier '206'.
2022-06-28 14:20:57|[ERROR]|Session : [dgff6ops9ev1s5cep22ctu910i]|User id : 2|Name : SUPER  ADMINISTRATEUR |Module : [use_object]|Function : [Msg - insert]| [KO_116] object_node - Impossible de créer ''.
2022-06-28 14:20:57|[INFO]|Session : [dgff6ops9ev1s5cep22ctu910i]|User id : 2|Name : SUPER  ADMINISTRATEUR |Module : [use_object]|Function : [Msg - insert]| [OK_111] object_link - '' a été créé.
2022-06-28 14:21:04|[INFO]|Session : [dgff6ops9ev1s5cep22ctu910i]|User id : 2|Name : SUPER  ADMINISTRATEUR |Module : [use_object]|Function : [Msg - insert]| [OK_111] object_link - '' a été créé.
2022-06-28 14:21:04|[ERROR]|Session : [dgff6ops9ev1s5cep22ctu910i]|User id : 2|Name : SUPER  ADMINISTRATEUR |Module : [use_object]|Function : [Msg - update]| [KO_117] object_slide - Impossible de modifier '206'.
2022-06-28 14:21:04|[ERROR]|Session : [dgff6ops9ev1s5cep22ctu910i]|User id : 2|Name : SUPER  ADMINISTRATEUR |Module : [use_object]|Function : [Msg - insert]| [KO_116] object_node - Impossible de créer ''.
2022-06-28 14:21:04|[INFO]|Session : [dgff6ops9ev1s5cep22ctu910i]|User id : 2|Name : SUPER  ADMINISTRATEUR |Module : [use_object]|Function : [Msg - insert]| [OK_111] object_link - '' a été créé.
2022-06-28 20:23:39|[INFO]|Session : [3gcht70peuhapvbra754ogot4f]|User id : 2|Name : SUPER  ADMINISTRATEUR |Module : [use_object]|Function : [Msg - insert]| [OK_111] object_link - '' a été créé.
2022-06-28 20:23:39|[INFO]|Session : [3gcht70peuhapvbra754ogot4f]|User id : 2|Name : SUPER  ADMINISTRATEUR |Module : [use_object]|Function : [Msg - insert]| [OK_111] object_node - '' a été créé.
2022-06-28 20:23:39|[INFO]|Session : [3gcht70peuhapvbra754ogot4f]|User id : 2|Name : SUPER  ADMINISTRATEUR |Module : [use_object]|Function : [Msg - insert]| [OK_111] object_link - '' a été créé.
2022-06-28 20:23:39|[INFO]|Session : [3gcht70peuhapvbra754ogot4f]|User id : 2|Name : SUPER  ADMINISTRATEUR |Module : [use_object]|Function : [Msg - update]| [OK_112] object_slide - '206' a été modifié.
2022-06-28 20:23:39|[INFO]|Session : [3gcht70peuhapvbra754ogot4f]|User id : 2|Name : SUPER  ADMINISTRATEUR |Module : [use_object]|Function : [Msg - insert]| [OK_111] object_node - '' a été créé.
2022-06-28 20:23:39|[INFO]|Session : [3gcht70peuhapvbra754ogot4f]|User id : 2|Name : SUPER  ADMINISTRATEUR |Module : [use_object]|Function : [Msg - insert]| [OK_111] object_link - '' a été créé.
2022-06-28 20:23:39|[INFO]|Session : [3gcht70peuhapvbra754ogot4f]|User id : 2|Name : SUPER  ADMINISTRATEUR |Module : [use_object]|Function : [Msg - update]| [OK_112] object_slide - '208' a été modifié.
2022-06-28 20:23:39|[INFO]|Session : [3gcht70peuhapvbra754ogot4f]|User id : 2|Name : SUPER  ADMINISTRATEUR |Module : [use_object]|Function : [Msg - insert]| [OK_111] object_node - '' a été créé.
2022-06-28 20:23:39|[INFO]|Session : [3gcht70peuhapvbra754ogot4f]|User id : 2|Name : SUPER  ADMINISTRATEUR |Module : [use_object]|Function : [Msg - insert]| [OK_111] object_link - '' a été créé.
2022-06-28 20:23:39|[INFO]|Session : [3gcht70peuhapvbra754ogot4f]|User id : 2|Name : SUPER  ADMINISTRATEUR |Module : [use_object]|Function : [Msg - insert]| [OK_111] object_link - '' a été créé.
2022-06-28 20:23:39|[INFO]|Session : [3gcht70peuhapvbra754ogot4f]|User id : 2|Name : SUPER  ADMINISTRATEUR |Module : [use_object]|Function : [Msg - insert]| [OK_111] object_link - '' a été créé.
2022-06-28 20:23:39|[INFO]|Session : [3gcht70peuhapvbra754ogot4f]|User id : 2|Name : SUPER  ADMINISTRATEUR |Module : [use_object]|Function : [Msg - update]| [OK_112] object_slide - '206' a été modifié.
2022-06-28 20:23:40|[INFO]|Session : [3gcht70peuhapvbra754ogot4f]|User id : 2|Name : SUPER  ADMINISTRATEUR |Module : [use_object]|Function : [Msg - insert]| [OK_111] object_node - '' a été créé.
2022-06-28 20:23:40|[INFO]|Session : [3gcht70peuhapvbra754ogot4f]|User id : 2|Name : SUPER  ADMINISTRATEUR |Module : [use_object]|Function : [Msg - insert]| [OK_111] object_link - '' a été créé.
2022-06-28 20:23:40|[INFO]|Session : [3gcht70peuhapvbra754ogot4f]|User id : 2|Name : SUPER  ADMINISTRATEUR |Module : [use_object]|Function : [Msg - insert]| [OK_111] object_link - '' a été créé.
2022-06-28 20:23:40|[INFO]|Session : [3gcht70peuhapvbra754ogot4f]|User id : 2|Name : SUPER  ADMINISTRATEUR |Module : [use_object]|Function : [Msg - update]| [OK_112] object_slide - '206' a été modifié.
2022-06-28 20:23:40|[INFO]|Session : [3gcht70peuhapvbra754ogot4f]|User id : 2|Name : SUPER  ADMINISTRATEUR |Module : [use_object]|Function : [Msg - insert]| [OK_111] object_node - '' a été créé.
2022-06-28 20:23:40|[INFO]|Session : [3gcht70peuhapvbra754ogot4f]|User id : 2|Name : SUPER  ADMINISTRATEUR |Module : [use_object]|Function : [Msg - insert]| [OK_111] object_link - '' a été créé.
2022-06-28 20:23:40|[INFO]|Session : [3gcht70peuhapvbra754ogot4f]|User id : 2|Name : SUPER  ADMINISTRATEUR |Module : [use_object]|Function : [Msg - insert]| [OK_111] object_link - '' a été créé.
2022-06-28 22:58:42|[ERROR]|Session : [uislp3j629jd6lrpd3g8mp94n8]|User id : 1|Name : |Module : [use_connect]|Function : [connect - require_once]| [KO_100] Informations de connexion incorrectes. Vous pouvez réessayer.
2022-06-28 22:59:29|[INFO]|Session : [uislp3j629jd6lrpd3g8mp94n8]|User id : 2|Name : SUPER  ADMINISTRATEUR |Module : [use_object]|Function : [Msg - insert]| [OK_111] object_link - '' a été créé.
2022-06-28 22:59:29|[INFO]|Session : [uislp3j629jd6lrpd3g8mp94n8]|User id : 2|Name : SUPER  ADMINISTRATEUR |Module : [use_object]|Function : [Msg - update]| [OK_112] object_slide - '206' a été modifié.
2022-06-28 22:59:29|[INFO]|Session : [uislp3j629jd6lrpd3g8mp94n8]|User id : 2|Name : SUPER  ADMINISTRATEUR |Module : [use_object]|Function : [Msg - insert]| [OK_111] object_node - '' a été créé.
2022-06-28 22:59:29|[INFO]|Session : [uislp3j629jd6lrpd3g8mp94n8]|User id : 2|Name : SUPER  ADMINISTRATEUR |Module : [use_object]|Function : [Msg - insert]| [OK_111] object_link - '' a été créé.
