2022-10-15 00:00:00|[INFO]|Session : [h86lbcv8b1nl926e904sj4g20v]|User id : 1|Name : |Module : [use_object]|Function : [Msg - update]| [OK_112] object_trace - '2' a été modifié.
2022-10-15 00:00:01|[INFO]|Session : [cmqc37g7s0fjrothq603kbskeo]|User id : 1|Name : |Module : [use_object]|Function : [Msg - update]| [OK_112] object_trace_diagram - '3' a été modifié.
2022-10-15 00:00:01|[INFO]|Session : [gk6ps9r69fpvqkv9h5h9p5i005]|User id : 1|Name : |Module : [use_object]|Function : [Msg - update]| [OK_112] object_trace - '2' a été modifié.
2022-10-15 00:00:02|[INFO]|Session : [8kkgd5895c790cm0ll3mj3bj1j]|User id : 1|Name : |Module : [use_object]|Function : [Msg - update]| [OK_112] object_trace_diagram - '3' a été modifié.
2022-10-15 00:00:02|[INFO]|Session : [3o97trnef2ji40s6deju1r2pne]|User id : 1|Name : |Module : [use_object]|Function : [Msg - update]| [OK_112] object_trace - '2' a été modifié.
2022-10-15 00:00:03|[INFO]|Session : [5obnjsrr7hjq26o173f23po7nl]|User id : 1|Name : |Module : [use_object]|Function : [Msg - update]| [OK_112] object_trace_diagram - '3' a été modifié.
2022-10-15 00:00:03|[INFO]|Session : [qv72mog9t3rain0jo0qs37801n]|User id : 1|Name : |Module : [use_object]|Function : [Msg - update]| [OK_112] object_trace - '2' a été modifié.
2022-10-15 00:00:04|[INFO]|Session : [falb1skorb5ue6buioueb5qttl]|User id : 1|Name : |Module : [use_object]|Function : [Msg - update]| [OK_112] object_trace_diagram - '3' a été modifié.
2022-10-15 00:00:04|[INFO]|Session : [tiis8hdip0v9tl46l075mef587]|User id : 1|Name : |Module : [use_object]|Function : [Msg - update]| [OK_112] object_trace - '2' a été modifié.
2022-10-15 00:00:05|[INFO]|Session : [p4igfa8k4sdue2t34r7cmpaop2]|User id : 1|Name : |Module : [use_object]|Function : [Msg - update]| [OK_112] object_trace_diagram - '3' a été modifié.
2022-10-15 00:00:06|[INFO]|Session : [thvb91ndsdncqgog8i5vst9fvn]|User id : 1|Name : |Module : [use_object]|Function : [Msg - update]| [OK_112] object_trace - '2' a été modifié.
2022-10-15 00:01:59|[INFO]|Session : [hbrhn9ireem22h1m2o3rrq4sjs]|User id : 1|Name : |Module : [use_object]|Function : [Msg - update]| [OK_112] object_trace - '212' a été modifié.
2022-10-15 00:02:28|[INFO]|Session : [ujeblm6uffd8rtj23nq3o7c9dd]|User id : 1|Name : |Module : [use_object]|Function : [Msg - update]| [OK_112] object_trace_diagram - '3' a été modifié.
2022-10-15 00:02:29|[INFO]|Session : [ivvevhgmvskodijol4s18vj8sg]|User id : 1|Name : |Module : [use_object]|Function : [Msg - update]| [OK_112] object_trace - '2' a été modifié.
2022-10-15 00:02:37|[INFO]|Session : [2umpfie8v7rgovnbv92a06s16p]|User id : 1|Name : |Module : [use_object]|Function : [Msg - update]| [OK_112] object_trace_diagram - '3' a été modifié.
2022-10-15 00:02:38|[INFO]|Session : [kmsknlkihi0nmeqt7obuvqngk1]|User id : 1|Name : |Module : [use_object]|Function : [Msg - update]| [OK_112] object_trace - '2' a été modifié.
2022-10-15 00:02:39|[INFO]|Session : [77m2s1pm30vh0btf1rmvtgh511]|User id : 1|Name : |Module : [use_object]|Function : [Msg - update]| [OK_112] object_trace_diagram - '3' a été modifié.
2022-10-15 00:02:40|[INFO]|Session : [ci8sp4hrl67dam5k93kekqobga]|User id : 1|Name : |Module : [use_object]|Function : [Msg - update]| [OK_112] object_trace - '2' a été modifié.
2022-10-15 00:02:41|[INFO]|Session : [fi7iuj2rap82r40brr904e8cvb]|User id : 1|Name : |Module : [use_object]|Function : [Msg - update]| [OK_112] object_trace_diagram - '3' a été modifié.
2022-10-15 00:02:42|[INFO]|Session : [s5b7pbi6i70v17n695hd0mktun]|User id : 1|Name : |Module : [use_object]|Function : [Msg - update]| [OK_112] object_trace - '2' a été modifié.
2022-10-15 00:02:42|[INFO]|Session : [5qoegpf48tnvl25a0pd93u95cv]|User id : 1|Name : |Module : [use_object]|Function : [Msg - update]| [OK_112] object_trace_diagram - '3' a été modifié.
2022-10-15 00:02:43|[INFO]|Session : [6867vkiboc93lhbtuuha09r6af]|User id : 1|Name : |Module : [use_object]|Function : [Msg - update]| [OK_112] object_trace - '2' a été modifié.
2022-10-15 00:02:44|[INFO]|Session : [t72dr0b4d43emispb3qk3fo561]|User id : 1|Name : |Module : [use_object]|Function : [Msg - update]| [OK_112] object_trace_diagram - '3' a été modifié.
2022-10-15 00:02:45|[INFO]|Session : [lilkbu4nfaojt7t23ldp59msg8]|User id : 1|Name : |Module : [use_object]|Function : [Msg - update]| [OK_112] object_trace - '2' a été modifié.
2022-10-15 00:02:46|[INFO]|Session : [vnf2vd8mcisjqdsu28jpbpqc4h]|User id : 1|Name : |Module : [use_object]|Function : [Msg - update]| [OK_112] object_trace_diagram - '3' a été modifié.
2022-10-15 00:02:46|[INFO]|Session : [1gfotq39sg3o1tujj8d2gav5p4]|User id : 1|Name : |Module : [use_object]|Function : [Msg - update]| [OK_112] object_trace - '2' a été modifié.
2022-10-15 00:02:47|[INFO]|Session : [0g3f6pdf3gjq01tl6ce4dojr65]|User id : 1|Name : |Module : [use_object]|Function : [Msg - update]| [OK_112] object_trace_diagram - '3' a été modifié.
2022-10-15 00:02:48|[INFO]|Session : [d6bfo59tdpm7ajfd3uquam42pc]|User id : 1|Name : |Module : [use_object]|Function : [Msg - update]| [OK_112] object_trace - '2' a été modifié.
2022-10-15 00:02:50|[INFO]|Session : [o3peuik801f5nba3ioea713v30]|User id : 1|Name : |Module : [use_object]|Function : [Msg - update]| [OK_112] object_trace_diagram - '3' a été modifié.
2022-10-15 00:02:50|[INFO]|Session : [vsag59fhi880v066v6ej7177hv]|User id : 1|Name : |Module : [use_object]|Function : [Msg - update]| [OK_112] object_trace - '2' a été modifié.
2022-10-15 00:02:50|[INFO]|Session : [norn9emhm4lo1qakrdcs3evm9c]|User id : 1|Name : |Module : [use_object]|Function : [Msg - update]| [OK_112] object_trace_diagram - '3' a été modifié.
2022-10-15 00:02:52|[INFO]|Session : [mi0c2f4rlpt499o0o9dut3kg5n]|User id : 1|Name : |Module : [use_object]|Function : [Msg - update]| [OK_112] object_trace - '2' a été modifié.
2022-10-15 00:02:53|[INFO]|Session : [5v59r4fvb7ok5h0idtcjsqj297]|User id : 1|Name : |Module : [use_object]|Function : [Msg - update]| [OK_112] object_trace_diagram - '3' a été modifié.
2022-10-15 00:02:54|[INFO]|Session : [aqcbkvgpfqpg0s566ffbfkb8ck]|User id : 1|Name : |Module : [use_object]|Function : [Msg - update]| [OK_112] object_trace - '2' a été modifié.
2022-10-15 00:02:54|[INFO]|Session : [7o7408m5roknl5v7vf4ic35ojj]|User id : 1|Name : |Module : [use_object]|Function : [Msg - update]| [OK_112] object_trace_diagram - '3' a été modifié.
2022-10-15 00:02:54|[INFO]|Session : [1evg7i64g1svcpoophtl4pnkn7]|User id : 1|Name : |Module : [use_object]|Function : [Msg - update]| [OK_112] object_trace - '2' a été modifié.
2022-10-15 00:06:39|[INFO]|Session : [jqaqcbilg9n5hie6898qmq9dlj]|User id : 1|Name : |Module : [use_object]|Function : [Msg - update]| [OK_112] object_trace - '213' a été modifié.
2022-10-15 00:07:04|[INFO]|Session : [iriedo1cnhb1n2abmpih8hrru8]|User id : 1|Name : |Module : [use_object]|Function : [Msg - update]| [OK_112] object_trace_diagram - '3' a été modifié.
2022-10-15 00:07:05|[INFO]|Session : [kmi28nij1o4h30oknp0djcou93]|User id : 1|Name : |Module : [use_object]|Function : [Msg - update]| [OK_112] object_trace - '2' a été modifié.
2022-10-15 00:07:06|[INFO]|Session : [lca2er7fp271p0dqf6vnc3g5i5]|User id : 1|Name : |Module : [use_object]|Function : [Msg - update]| [OK_112] object_trace_diagram - '3' a été modifié.
2022-10-15 00:07:06|[INFO]|Session : [ghfspcb62f7sqodg31lcfd60dc]|User id : 1|Name : |Module : [use_object]|Function : [Msg - update]| [OK_112] object_trace - '2' a été modifié.
2022-10-15 00:07:09|[INFO]|Session : [q52mbckibmea1uk0u02juudk4d]|User id : 1|Name : |Module : [use_object]|Function : [Msg - update]| [OK_112] object_trace_diagram - '3' a été modifié.
2022-10-15 00:07:10|[INFO]|Session : [apaavjjdcvgdb8qciucdjqo58o]|User id : 1|Name : |Module : [use_object]|Function : [Msg - update]| [OK_112] object_trace - '2' a été modifié.
2022-10-15 00:07:12|[INFO]|Session : [qil2s7mkr0gvs4m4rfsmhd2597]|User id : 1|Name : |Module : [use_object]|Function : [Msg - update]| [OK_112] object_trace_diagram - '3' a été modifié.
2022-10-15 00:07:13|[INFO]|Session : [a24310bb57b1np6phtolp316oj]|User id : 1|Name : |Module : [use_object]|Function : [Msg - update]| [OK_112] object_trace - '2' a été modifié.
2022-10-15 00:07:14|[INFO]|Session : [ll6ncg1ej1c8pddubuugofonng]|User id : 1|Name : |Module : [use_object]|Function : [Msg - update]| [OK_112] object_trace_diagram - '3' a été modifié.
2022-10-15 00:07:15|[INFO]|Session : [vl4uq98tugq6htp53qk7tmc37s]|User id : 1|Name : |Module : [use_object]|Function : [Msg - update]| [OK_112] object_trace - '2' a été modifié.
2022-10-15 00:07:15|[INFO]|Session : [ijcpgd677ck3klfnb7n8r5ap0p]|User id : 1|Name : |Module : [use_object]|Function : [Msg - update]| [OK_112] object_trace_diagram - '3' a été modifié.
2022-10-15 00:07:15|[INFO]|Session : [h2np8gk6kkpk7d0cs0j9s54prm]|User id : 1|Name : |Module : [use_object]|Function : [Msg - update]| [OK_112] object_trace - '2' a été modifié.
2022-10-15 00:07:18|[INFO]|Session : [524ojn8fm6ghhcbn7is93u9kb7]|User id : 1|Name : |Module : [use_object]|Function : [Msg - update]| [OK_112] object_trace_diagram - '3' a été modifié.
2022-10-15 00:07:18|[INFO]|Session : [gfr07av0ar9vioqq38f8butc5v]|User id : 1|Name : |Module : [use_object]|Function : [Msg - update]| [OK_112] object_trace - '2' a été modifié.
2022-10-15 00:07:19|[INFO]|Session : [m0vrpke1ksg7v19l03fcbhrhn7]|User id : 1|Name : |Module : [use_object]|Function : [Msg - update]| [OK_112] object_trace_diagram - '3' a été modifié.
2022-10-15 00:07:20|[INFO]|Session : [7aja1b216ssgkasnliucg5503g]|User id : 1|Name : |Module : [use_object]|Function : [Msg - update]| [OK_112] object_trace - '2' a été modifié.
2022-10-15 00:07:22|[INFO]|Session : [8sf3csevmms6komr5vpi2fb9cu]|User id : 1|Name : |Module : [use_object]|Function : [Msg - update]| [OK_112] object_trace_diagram - '3' a été modifié.
2022-10-15 00:07:22|[INFO]|Session : [evvrfrq9f0rdlk04ovst40sqrq]|User id : 1|Name : |Module : [use_object]|Function : [Msg - update]| [OK_112] object_trace - '2' a été modifié.
2022-10-15 00:07:22|[INFO]|Session : [10bh3hdo6s6de23btcl0aqrvq4]|User id : 1|Name : |Module : [use_object]|Function : [Msg - update]| [OK_112] object_trace_diagram - '3' a été modifié.
2022-10-15 00:07:23|[INFO]|Session : [b7vveh0pllogn73aj2526np4ph]|User id : 1|Name : |Module : [use_object]|Function : [Msg - update]| [OK_112] object_trace - '2' a été modifié.
2022-10-15 00:07:24|[INFO]|Session : [g76rf4uajppig4i6n4t8qt6gq3]|User id : 1|Name : |Module : [use_object]|Function : [Msg - update]| [OK_112] object_trace_diagram - '3' a été modifié.
2022-10-15 00:07:25|[INFO]|Session : [02u96dnp29720ts7950112ajj6]|User id : 1|Name : |Module : [use_object]|Function : [Msg - update]| [OK_112] object_trace - '2' a été modifié.
2022-10-15 00:07:25|[INFO]|Session : [ctea19vot7213rq5cr16v6b5t9]|User id : 1|Name : |Module : [use_object]|Function : [Msg - update]| [OK_112] object_trace_diagram - '3' a été modifié.
2022-10-15 00:07:26|[INFO]|Session : [j4mqvvp75t7footn5uf5tb5ll8]|User id : 1|Name : |Module : [use_object]|Function : [Msg - update]| [OK_112] object_trace - '2' a été modifié.
2022-10-15 00:07:43|[INFO]|Session : [mshshimbekurik46i26iseonr3]|User id : 1|Name : |Module : [use_object]|Function : [Msg - update]| [OK_112] object_trace_diagram - '3' a été modifié.
2022-10-15 00:07:44|[INFO]|Session : [phbllp8idnlc3q8kh1n16haql1]|User id : 1|Name : |Module : [use_object]|Function : [Msg - update]| [OK_112] object_trace - '2' a été modifié.
2022-10-15 00:07:45|[INFO]|Session : [ure0vcbeogui6jegsdjni8sua8]|User id : 1|Name : |Module : [use_object]|Function : [Msg - update]| [OK_112] object_trace_diagram - '3' a été modifié.
2022-10-15 00:07:46|[INFO]|Session : [8euonrhh55h922252c55fik56n]|User id : 1|Name : |Module : [use_object]|Function : [Msg - update]| [OK_112] object_trace - '2' a été modifié.
2022-10-15 00:10:28|[INFO]|Session : [seqmmd1nm44keucu0jprat34o8]|User id : 1|Name : |Module : [use_object]|Function : [Msg - update]| [OK_112] object_trace_diagram - '3' a été modifié.
2022-10-15 00:10:29|[INFO]|Session : [kr5abajemmq71qnvp7qo65f0f2]|User id : 1|Name : |Module : [use_object]|Function : [Msg - update]| [OK_112] object_trace - '2' a été modifié.
2022-10-15 00:10:30|[INFO]|Session : [cm3a6tvbrjhbn7v69qonoj8k1c]|User id : 1|Name : |Module : [use_object]|Function : [Msg - update]| [OK_112] object_trace_diagram - '3' a été modifié.
2022-10-15 00:10:31|[INFO]|Session : [804juu742g9qu5pdefrmdlnad4]|User id : 1|Name : |Module : [use_object]|Function : [Msg - update]| [OK_112] object_trace - '2' a été modifié.
2022-10-15 00:10:34|[INFO]|Session : [ctjnlem0oqnvcsbrel3q1k3b1a]|User id : 1|Name : |Module : [use_object]|Function : [Msg - update]| [OK_112] object_trace_diagram - '3' a été modifié.
2022-10-15 00:10:35|[INFO]|Session : [u6ulsn7ojpi43i45gafh9uiesk]|User id : 1|Name : |Module : [use_object]|Function : [Msg - update]| [OK_112] object_trace - '2' a été modifié.
2022-10-15 00:10:36|[INFO]|Session : [0lqh1ujro8jp4dd4a5iolaf820]|User id : 1|Name : |Module : [use_object]|Function : [Msg - update]| [OK_112] object_trace_diagram - '3' a été modifié.
2022-10-15 00:10:36|[INFO]|Session : [4alo1dv588p8qe8rikgvhh73cp]|User id : 1|Name : |Module : [use_object]|Function : [Msg - update]| [OK_112] object_trace - '2' a été modifié.
2022-10-15 00:10:37|[INFO]|Session : [8n28kejrgqcsa80a7aik42dfga]|User id : 1|Name : |Module : [use_object]|Function : [Msg - update]| [OK_112] object_trace_diagram - '3' a été modifié.
2022-10-15 00:10:38|[INFO]|Session : [snsi45n18380fa71iad9n91m6s]|User id : 1|Name : |Module : [use_object]|Function : [Msg - update]| [OK_112] object_trace - '2' a été modifié.
2022-10-15 00:10:39|[INFO]|Session : [1njlun35j6ddrqq08cltf5f7ci]|User id : 1|Name : |Module : [use_object]|Function : [Msg - update]| [OK_112] object_trace_diagram - '3' a été modifié.
2022-10-15 00:10:39|[INFO]|Session : [qgtl8p2epkosjbm6p4cijha73c]|User id : 1|Name : |Module : [use_object]|Function : [Msg - update]| [OK_112] object_trace - '2' a été modifié.
2022-10-15 00:10:41|[INFO]|Session : [tdgjmnqu4t924bfvs04s9e02l3]|User id : 1|Name : |Module : [use_object]|Function : [Msg - update]| [OK_112] object_trace_diagram - '3' a été modifié.
2022-10-15 00:10:42|[INFO]|Session : [t77e8cb76dovvfngg0pgsifc21]|User id : 1|Name : |Module : [use_object]|Function : [Msg - update]| [OK_112] object_trace - '2' a été modifié.
2022-10-15 00:10:43|[INFO]|Session : [njo80e4taen2vss956mqi8nfus]|User id : 1|Name : |Module : [use_object]|Function : [Msg - update]| [OK_112] object_trace_diagram - '3' a été modifié.
2022-10-15 00:10:44|[INFO]|Session : [b9n44ql95mfnunbvqqvk2hcoqh]|User id : 1|Name : |Module : [use_object]|Function : [Msg - update]| [OK_112] object_trace - '2' a été modifié.
2022-10-15 00:10:45|[INFO]|Session : [349qga7ls0dphpd5dfg0nb63in]|User id : 1|Name : |Module : [use_object]|Function : [Msg - update]| [OK_112] object_trace_diagram - '3' a été modifié.
2022-10-15 00:10:46|[INFO]|Session : [3i21531ohshlgblffbcu9302kp]|User id : 1|Name : |Module : [use_object]|Function : [Msg - update]| [OK_112] object_trace - '2' a été modifié.
2022-10-15 00:10:47|[INFO]|Session : [0btio2bn8r4mipcqa83re9brut]|User id : 1|Name : |Module : [use_object]|Function : [Msg - update]| [OK_112] object_trace_diagram - '3' a été modifié.
2022-10-15 00:10:48|[INFO]|Session : [2v8k6epaammbv2rfb04kh8jk15]|User id : 1|Name : |Module : [use_object]|Function : [Msg - update]| [OK_112] object_trace - '2' a été modifié.
2022-10-15 00:10:52|[INFO]|Session : [dldjpgbobemtpillugjp9pbefc]|User id : 1|Name : |Module : [use_object]|Function : [Msg - update]| [OK_112] object_trace_diagram - '3' a été modifié.
2022-10-15 00:10:53|[INFO]|Session : [2h6mt4lc891ms7kk8grde3rq3g]|User id : 1|Name : |Module : [use_object]|Function : [Msg - update]| [OK_112] object_trace - '2' a été modifié.
2022-10-15 00:10:54|[INFO]|Session : [j5u9ujqibsqeau2rfsbfiltonb]|User id : 1|Name : |Module : [use_object]|Function : [Msg - update]| [OK_112] object_trace_diagram - '3' a été modifié.
2022-10-15 00:10:55|[INFO]|Session : [7d95v36qg3v4clvh1sopi2phbe]|User id : 1|Name : |Module : [use_object]|Function : [Msg - update]| [OK_112] object_trace - '2' a été modifié.
2022-10-15 00:11:50|[INFO]|Session : [1m0ht4dhhvjtvjraq3f0pph04c]|User id : 1|Name : |Module : [use_object]|Function : [Msg - update]| [OK_112] object_trace_diagram - '3' a été modifié.
2022-10-15 00:11:52|[INFO]|Session : [0lm28302iig8pde9hsibk4g5t8]|User id : 1|Name : |Module : [use_object]|Function : [Msg - update]| [OK_112] object_trace - '2' a été modifié.
2022-10-15 00:11:52|[INFO]|Session : [2tm5ia7d8t0e9cmg9kla6comko]|User id : 1|Name : |Module : [use_object]|Function : [Msg - update]| [OK_112] object_trace_diagram - '3' a été modifié.
2022-10-15 00:11:53|[INFO]|Session : [vq6gl4pnkp1je0dteos4kktbol]|User id : 1|Name : |Module : [use_object]|Function : [Msg - update]| [OK_112] object_trace - '2' a été modifié.
2022-10-15 00:11:54|[INFO]|Session : [8caehk9bhirvv740okd27phu96]|User id : 1|Name : |Module : [use_object]|Function : [Msg - update]| [OK_112] object_trace_diagram - '3' a été modifié.
2022-10-15 00:11:55|[INFO]|Session : [coos3v4iefkcjo4atndr6r7i4b]|User id : 1|Name : |Module : [use_object]|Function : [Msg - update]| [OK_112] object_trace - '2' a été modifié.
2022-10-15 00:11:55|[INFO]|Session : [m22anoda88nnnsbf8jk093lga0]|User id : 1|Name : |Module : [use_object]|Function : [Msg - update]| [OK_112] object_trace_diagram - '3' a été modifié.
2022-10-15 00:11:56|[INFO]|Session : [sni209tpm897607ntkn0agfebb]|User id : 1|Name : |Module : [use_object]|Function : [Msg - update]| [OK_112] object_trace - '2' a été modifié.
2022-10-15 00:11:57|[INFO]|Session : [la4kk3hu16gq4set3cbauqqe1n]|User id : 1|Name : |Module : [use_object]|Function : [Msg - update]| [OK_112] object_trace_diagram - '3' a été modifié.
2022-10-15 00:11:58|[INFO]|Session : [0hncoji4s03194nkin5tsgjo1a]|User id : 1|Name : |Module : [use_object]|Function : [Msg - update]| [OK_112] object_trace - '2' a été modifié.
2022-10-15 00:11:58|[INFO]|Session : [ii4gg3i4pheai5heer9ruprpmv]|User id : 1|Name : |Module : [use_object]|Function : [Msg - update]| [OK_112] object_trace_diagram - '3' a été modifié.
2022-10-15 00:11:59|[INFO]|Session : [dgf0p3ab3l646jln3bucgl415m]|User id : 1|Name : |Module : [use_object]|Function : [Msg - update]| [OK_112] object_trace - '2' a été modifié.
2022-10-15 00:11:59|[INFO]|Session : [iafhjl56neu6qtc313v8t195i4]|User id : 1|Name : |Module : [use_object]|Function : [Msg - update]| [OK_112] object_trace_diagram - '3' a été modifié.
2022-10-15 00:12:00|[INFO]|Session : [5nh9evqi4e7v3f4ncg75d6m8os]|User id : 1|Name : |Module : [use_object]|Function : [Msg - update]| [OK_112] object_trace - '2' a été modifié.
2022-10-15 00:12:01|[INFO]|Session : [l5jj9md849anj9uv3hffhtboik]|User id : 1|Name : |Module : [use_object]|Function : [Msg - update]| [OK_112] object_trace_diagram - '3' a été modifié.
2022-10-15 00:12:02|[INFO]|Session : [te24q593jpsu3o1h1872saushm]|User id : 1|Name : |Module : [use_object]|Function : [Msg - update]| [OK_112] object_trace - '2' a été modifié.
2022-10-15 00:12:04|[INFO]|Session : [aaureh7r7pvds140foo97jf2u2]|User id : 1|Name : |Module : [use_object]|Function : [Msg - update]| [OK_112] object_trace_diagram - '3' a été modifié.
2022-10-15 00:12:05|[INFO]|Session : [3ur8nr8n69d69r78j7maa24nt0]|User id : 1|Name : |Module : [use_object]|Function : [Msg - update]| [OK_112] object_trace - '2' a été modifié.
2022-10-15 00:12:05|[INFO]|Session : [b33k15dfka5ji9hefs8vbk5f8h]|User id : 1|Name : |Module : [use_object]|Function : [Msg - update]| [OK_112] object_trace_diagram - '3' a été modifié.
2022-10-15 00:12:06|[INFO]|Session : [p6bs6t095h6echulgaf43sdptu]|User id : 1|Name : |Module : [use_object]|Function : [Msg - update]| [OK_112] object_trace - '2' a été modifié.
2022-10-15 00:13:05|[INFO]|Session : [eq009no0ku6ol8hndvtbvviu3p]|User id : 1|Name : |Module : [use_object]|Function : [Msg - update]| [OK_112] object_trace_diagram - '3' a été modifié.
2022-10-15 00:13:06|[INFO]|Session : [h1evatmtcg6peqa12sutcdmf61]|User id : 1|Name : |Module : [use_object]|Function : [Msg - update]| [OK_112] object_trace - '2' a été modifié.
2022-10-15 00:14:19|[INFO]|Session : [slm8cecpjg1ndk0esubuuno4tn]|User id : 1|Name : |Module : [use_object]|Function : [Msg - update]| [OK_112] object_trace_diagram - '3' a été modifié.
2022-10-15 00:14:21|[INFO]|Session : [26t4h9epp3cdqki53n1uq0tu23]|User id : 1|Name : |Module : [use_object]|Function : [Msg - update]| [OK_112] object_trace - '2' a été modifié.
2022-10-15 00:14:21|[INFO]|Session : [h1gv30fakbo6gk04mhhr57cr1e]|User id : 1|Name : |Module : [use_object]|Function : [Msg - update]| [OK_112] object_trace_diagram - '3' a été modifié.
2022-10-15 00:14:22|[INFO]|Session : [l1jab8nkd6p2aja7qica2s8gd2]|User id : 1|Name : |Module : [use_object]|Function : [Msg - update]| [OK_112] object_trace - '2' a été modifié.
2022-10-15 00:14:23|[INFO]|Session : [5hoqsgrrvkm9eg68100kg5kbpn]|User id : 1|Name : |Module : [use_object]|Function : [Msg - update]| [OK_112] object_trace_diagram - '3' a été modifié.
2022-10-15 00:14:24|[INFO]|Session : [kq76a3rnafqpr5dq7b81n27h16]|User id : 1|Name : |Module : [use_object]|Function : [Msg - update]| [OK_112] object_trace - '2' a été modifié.
2022-10-15 00:14:27|[INFO]|Session : [77nioivclg18ects3iu1tm7cc8]|User id : 1|Name : |Module : [use_object]|Function : [Msg - update]| [OK_112] object_trace_diagram - '3' a été modifié.
2022-10-15 00:14:28|[INFO]|Session : [gcttq75bk0ni35rsfpft798adq]|User id : 1|Name : |Module : [use_object]|Function : [Msg - update]| [OK_112] object_trace - '2' a été modifié.
2022-10-15 00:14:29|[INFO]|Session : [4ebp9jf5lktt7m6fuprnp5q56g]|User id : 1|Name : |Module : [use_object]|Function : [Msg - update]| [OK_112] object_trace_diagram - '3' a été modifié.
2022-10-15 00:14:30|[INFO]|Session : [ksp2sqhtbpp6laaha4uf960tkb]|User id : 1|Name : |Module : [use_object]|Function : [Msg - update]| [OK_112] object_trace - '2' a été modifié.
2022-10-15 00:14:33|[INFO]|Session : [j747ak15fqbv0j8bp0otprs8at]|User id : 1|Name : |Module : [use_object]|Function : [Msg - update]| [OK_112] object_trace_diagram - '3' a été modifié.
2022-10-15 00:14:34|[INFO]|Session : [c13fo74r0pbj0hdkk0aosv2779]|User id : 1|Name : |Module : [use_object]|Function : [Msg - update]| [OK_112] object_trace - '2' a été modifié.
2022-10-15 00:14:36|[INFO]|Session : [di2f5njkcp65sqoq6v669985dj]|User id : 1|Name : |Module : [use_object]|Function : [Msg - update]| [OK_112] object_trace_diagram - '3' a été modifié.
2022-10-15 00:14:37|[INFO]|Session : [pq453n8jeufgnd57s2071cvvul]|User id : 1|Name : |Module : [use_object]|Function : [Msg - update]| [OK_112] object_trace - '2' a été modifié.
2022-10-15 00:14:39|[INFO]|Session : [q5q5qjajl5ijc0ops88bcoa840]|User id : 1|Name : |Module : [use_object]|Function : [Msg - update]| [OK_112] object_trace_diagram - '3' a été modifié.
2022-10-15 00:14:39|[INFO]|Session : [1dsdtse0b189qik4q6lp0pq33h]|User id : 1|Name : |Module : [use_object]|Function : [Msg - update]| [OK_112] object_trace - '2' a été modifié.
2022-10-15 00:14:40|[INFO]|Session : [g6k3kjlkjah6pd3qq6edeo40vf]|User id : 1|Name : |Module : [use_object]|Function : [Msg - update]| [OK_112] object_trace_diagram - '3' a été modifié.
2022-10-15 00:14:40|[INFO]|Session : [60b2iikm3jjvuroj6027noar6e]|User id : 1|Name : |Module : [use_object]|Function : [Msg - update]| [OK_112] object_trace - '2' a été modifié.
2022-10-15 00:14:41|[INFO]|Session : [8e41r7j2c7doqpihl9rjcccm76]|User id : 1|Name : |Module : [use_object]|Function : [Msg - update]| [OK_112] object_trace_diagram - '3' a été modifié.
2022-10-15 00:14:42|[INFO]|Session : [q9nr0oru98hg9mql5rq6ukf52e]|User id : 1|Name : |Module : [use_object]|Function : [Msg - update]| [OK_112] object_trace - '2' a été modifié.
2022-10-15 00:14:43|[INFO]|Session : [cnv9760pbvpudtvhdsqdqa2il9]|User id : 1|Name : |Module : [use_object]|Function : [Msg - update]| [OK_112] object_trace_diagram - '3' a été modifié.
2022-10-15 00:14:43|[INFO]|Session : [vq5usfuf1kepfmc0llcmqd0868]|User id : 1|Name : |Module : [use_object]|Function : [Msg - update]| [OK_112] object_trace - '2' a été modifié.
2022-10-15 00:14:46|[INFO]|Session : [tjnea5361ehbn74otsv3jv07bq]|User id : 1|Name : |Module : [use_object]|Function : [Msg - update]| [OK_112] object_trace_diagram - '3' a été modifié.
2022-10-15 00:14:47|[INFO]|Session : [d648kgp5eja5mqq2vg6du5qshe]|User id : 1|Name : |Module : [use_object]|Function : [Msg - update]| [OK_112] object_trace - '2' a été modifié.
2022-10-15 00:16:36|[INFO]|Session : [cvcgu1lqpr937m0831t6djfr1t]|User id : 1|Name : |Module : [use_object]|Function : [Msg - update]| [OK_112] object_trace - '214' a été modifié.
2022-10-15 00:17:24|[INFO]|Session : [i3208cqs4gjj5i6s97vivcn1cm]|User id : 1|Name : |Module : [use_object]|Function : [Msg - update]| [OK_112] object_trace_diagram - '3' a été modifié.
2022-10-15 00:17:25|[INFO]|Session : [i646gro887eo23k4vtcql2tis0]|User id : 1|Name : |Module : [use_object]|Function : [Msg - update]| [OK_112] object_trace - '2' a été modifié.
2022-10-15 00:17:27|[INFO]|Session : [6net8j4bc41orhen4a552ua8jd]|User id : 1|Name : |Module : [use_object]|Function : [Msg - update]| [OK_112] object_trace_diagram - '3' a été modifié.
2022-10-15 00:17:28|[INFO]|Session : [hk5a7hpq4oahvgqsilp4j74ngd]|User id : 1|Name : |Module : [use_object]|Function : [Msg - update]| [OK_112] object_trace - '2' a été modifié.
2022-10-15 00:17:29|[INFO]|Session : [j4lhsd8786jivfombgnavpskol]|User id : 1|Name : |Module : [use_object]|Function : [Msg - update]| [OK_112] object_trace_diagram - '3' a été modifié.
2022-10-15 00:17:29|[INFO]|Session : [2m70uhlq5n6jdj0h9dtf4r9dbv]|User id : 1|Name : |Module : [use_object]|Function : [Msg - update]| [OK_112] object_trace - '2' a été modifié.
2022-10-15 00:17:30|[INFO]|Session : [sg3sdpri1ou8iqgsc9l8gr0fpq]|User id : 1|Name : |Module : [use_object]|Function : [Msg - update]| [OK_112] object_trace_diagram - '3' a été modifié.
2022-10-15 00:17:31|[INFO]|Session : [2j496qoludlb74b3if2f09h46d]|User id : 1|Name : |Module : [use_object]|Function : [Msg - update]| [OK_112] object_trace - '2' a été modifié.
2022-10-15 00:17:32|[INFO]|Session : [ld86oerj9ne33tr5f9e4mlphn6]|User id : 1|Name : |Module : [use_object]|Function : [Msg - update]| [OK_112] object_trace_diagram - '3' a été modifié.
2022-10-15 00:17:32|[INFO]|Session : [4hqm6q13aii3qmogpdlo8bljlf]|User id : 1|Name : |Module : [use_object]|Function : [Msg - update]| [OK_112] object_trace - '2' a été modifié.
2022-10-15 00:17:33|[INFO]|Session : [e0k8pikp82tffa8gjs70ni2g7c]|User id : 1|Name : |Module : [use_object]|Function : [Msg - update]| [OK_112] object_trace_diagram - '3' a été modifié.
2022-10-15 00:17:34|[INFO]|Session : [fbh4oqf435ec8tdo44pu6tn0qo]|User id : 1|Name : |Module : [use_object]|Function : [Msg - update]| [OK_112] object_trace - '2' a été modifié.
2022-10-15 00:17:36|[INFO]|Session : [jhrc1oua6rk14jscos8taa6di4]|User id : 1|Name : |Module : [use_object]|Function : [Msg - update]| [OK_112] object_trace_diagram - '3' a été modifié.
2022-10-15 00:17:37|[INFO]|Session : [anm75jd4ht29j7d1eipcj4441m]|User id : 1|Name : |Module : [use_object]|Function : [Msg - update]| [OK_112] object_trace - '2' a été modifié.
2022-10-15 00:17:37|[INFO]|Session : [h80uh6r45v2ol222lkk2i4aace]|User id : 1|Name : |Module : [use_object]|Function : [Msg - update]| [OK_112] object_trace_diagram - '3' a été modifié.
2022-10-15 00:17:38|[INFO]|Session : [gpsltc0op9vt22egaghq2r7vtn]|User id : 1|Name : |Module : [use_object]|Function : [Msg - update]| [OK_112] object_trace - '2' a été modifié.
2022-10-15 00:17:39|[INFO]|Session : [1kdtnbjl4o10q2878lpb0q7hqn]|User id : 1|Name : |Module : [use_object]|Function : [Msg - update]| [OK_112] object_trace_diagram - '3' a été modifié.
2022-10-15 00:17:40|[INFO]|Session : [k8fsklp8iukdqh4nlsvja0053s]|User id : 1|Name : |Module : [use_object]|Function : [Msg - update]| [OK_112] object_trace - '2' a été modifié.
2022-10-15 00:17:40|[INFO]|Session : [05k3ngkqli86im88gr339jkrnt]|User id : 1|Name : |Module : [use_object]|Function : [Msg - update]| [OK_112] object_trace_diagram - '3' a été modifié.
2022-10-15 00:17:40|[INFO]|Session : [hlvo1di11v72vqe44i9lclb4gd]|User id : 1|Name : |Module : [use_object]|Function : [Msg - update]| [OK_112] object_trace - '2' a été modifié.
2022-10-15 00:17:41|[INFO]|Session : [vtg8sb1l730lf7sffieakkv51e]|User id : 1|Name : |Module : [use_object]|Function : [Msg - update]| [OK_112] object_trace_diagram - '3' a été modifié.
2022-10-15 00:17:42|[INFO]|Session : [949hbm4k2atog73hgdn317mhkq]|User id : 1|Name : |Module : [use_object]|Function : [Msg - update]| [OK_112] object_trace - '2' a été modifié.
2022-10-15 00:17:42|[INFO]|Session : [iq962l4fqn6mnqdm3085o1139g]|User id : 1|Name : |Module : [use_object]|Function : [Msg - update]| [OK_112] object_trace_diagram - '3' a été modifié.
2022-10-15 00:17:42|[INFO]|Session : [eug2vu7lmg739m82jrhjjmie6h]|User id : 1|Name : |Module : [use_object]|Function : [Msg - update]| [OK_112] object_trace - '2' a été modifié.
2022-10-15 00:17:43|[INFO]|Session : [6jvcq0rgsfum2b4c9r94uacudo]|User id : 1|Name : |Module : [use_object]|Function : [Msg - update]| [OK_112] object_trace_diagram - '3' a été modifié.
2022-10-15 00:17:44|[INFO]|Session : [gv1ejvlscup0qosfs8aq6avr30]|User id : 1|Name : |Module : [use_object]|Function : [Msg - update]| [OK_112] object_trace - '2' a été modifié.
2022-10-15 00:17:45|[INFO]|Session : [b512n725fc44iecqc6o2uss43p]|User id : 1|Name : |Module : [use_object]|Function : [Msg - update]| [OK_112] object_trace_diagram - '3' a été modifié.
2022-10-15 00:17:45|[INFO]|Session : [jp4j7orglln5h03f0e73s0gabr]|User id : 1|Name : |Module : [use_object]|Function : [Msg - update]| [OK_112] object_trace - '2' a été modifié.
2022-10-15 00:17:46|[INFO]|Session : [femv8f51c4e203k3hvunoaoc94]|User id : 1|Name : |Module : [use_object]|Function : [Msg - update]| [OK_112] object_trace_diagram - '3' a été modifié.
2022-10-15 00:17:46|[INFO]|Session : [inbmpc47pt46e1jkfmn5linoec]|User id : 1|Name : |Module : [use_object]|Function : [Msg - update]| [OK_112] object_trace - '2' a été modifié.
2022-10-15 00:17:47|[INFO]|Session : [d1fm9l19iagk4eugiv126sm0vh]|User id : 1|Name : |Module : [use_object]|Function : [Msg - update]| [OK_112] object_trace_diagram - '3' a été modifié.
2022-10-15 00:17:48|[INFO]|Session : [1ooidc1bmaffs49plcfgd7ug9b]|User id : 1|Name : |Module : [use_object]|Function : [Msg - update]| [OK_112] object_trace - '2' a été modifié.
2022-10-15 00:17:49|[INFO]|Session : [478c2rodg50i80uud2r3s5mup5]|User id : 1|Name : |Module : [use_object]|Function : [Msg - update]| [OK_112] object_trace_diagram - '3' a été modifié.
2022-10-15 00:17:50|[INFO]|Session : [5qke0n5luq3ftqh5h4u9pgr0f6]|User id : 1|Name : |Module : [use_object]|Function : [Msg - update]| [OK_112] object_trace - '2' a été modifié.
2022-10-15 00:17:50|[INFO]|Session : [24uff957blqgimmlat8rplvmk1]|User id : 1|Name : |Module : [use_object]|Function : [Msg - update]| [OK_112] object_trace_diagram - '3' a été modifié.
2022-10-15 00:17:51|[INFO]|Session : [dj675q2ir54gfm742en9qo08lg]|User id : 1|Name : |Module : [use_object]|Function : [Msg - update]| [OK_112] object_trace - '2' a été modifié.
2022-10-15 00:17:52|[INFO]|Session : [ns57ltlinj0q7i4b3pftvg80ie]|User id : 1|Name : |Module : [use_object]|Function : [Msg - update]| [OK_112] object_trace_diagram - '3' a été modifié.
2022-10-15 00:17:52|[INFO]|Session : [p5lfej2j7dcdj03g8sqb3n04bc]|User id : 1|Name : |Module : [use_object]|Function : [Msg - update]| [OK_112] object_trace - '2' a été modifié.
2022-10-15 00:17:54|[INFO]|Session : [aue4t21s1kn6eu7q2rg8kagn5o]|User id : 1|Name : |Module : [use_object]|Function : [Msg - update]| [OK_112] object_trace_diagram - '3' a été modifié.
2022-10-15 00:17:54|[INFO]|Session : [ghindi2req9ih1ncfmva1ipmf4]|User id : 1|Name : |Module : [use_object]|Function : [Msg - update]| [OK_112] object_trace - '2' a été modifié.
2022-10-15 00:17:56|[INFO]|Session : [953ne7f8d0avsdba4n2d1pjll2]|User id : 1|Name : |Module : [use_object]|Function : [Msg - update]| [OK_112] object_trace_diagram - '3' a été modifié.
2022-10-15 00:17:56|[INFO]|Session : [i8hu23k794l3bsgb47atv8oqr0]|User id : 1|Name : |Module : [use_object]|Function : [Msg - update]| [OK_112] object_trace - '2' a été modifié.
2022-10-15 00:17:57|[INFO]|Session : [5soi9vcug9edm3qdc9ihpvq7co]|User id : 1|Name : |Module : [use_object]|Function : [Msg - update]| [OK_112] object_trace_diagram - '3' a été modifié.
2022-10-15 00:17:57|[INFO]|Session : [cdh2s3rrp5eo5p5hki928e1fch]|User id : 1|Name : |Module : [use_object]|Function : [Msg - update]| [OK_112] object_trace - '2' a été modifié.
2022-10-15 00:17:58|[INFO]|Session : [k5i59bl7p4l9eujhu2osjva9la]|User id : 1|Name : |Module : [use_object]|Function : [Msg - update]| [OK_112] object_trace_diagram - '3' a été modifié.
2022-10-15 00:17:59|[INFO]|Session : [u8idnd0tse902dr8rodra77gah]|User id : 1|Name : |Module : [use_object]|Function : [Msg - update]| [OK_112] object_trace - '2' a été modifié.
2022-10-15 00:22:27|[INFO]|Session : [gl21gmrphvsjm2htpps4sj1bra]|User id : 1|Name : |Module : [use_object]|Function : [Msg - update]| [OK_112] object_trace - '215' a été modifié.
2022-10-15 00:22:53|[INFO]|Session : [33rr0l3kqstr25rkdr0obnmfvo]|User id : 1|Name : |Module : [use_object]|Function : [Msg - update]| [OK_112] object_trace_diagram - '3' a été modifié.
2022-10-15 00:22:53|[INFO]|Session : [g3taqd4rd0s4uu89fh4t8nbrio]|User id : 1|Name : |Module : [use_object]|Function : [Msg - update]| [OK_112] object_trace - '2' a été modifié.
2022-10-15 00:22:57|[INFO]|Session : [rgrmloj7872ibj8njl1mm2ajri]|User id : 1|Name : |Module : [use_object]|Function : [Msg - update]| [OK_112] object_trace_diagram - '3' a été modifié.
2022-10-15 00:22:57|[INFO]|Session : [k5hsv5vujjft7mt0205dnsb742]|User id : 1|Name : |Module : [use_object]|Function : [Msg - update]| [OK_112] object_trace - '2' a été modifié.
2022-10-15 00:22:58|[INFO]|Session : [qaakb0eod2vekpvu49eae5hs19]|User id : 1|Name : |Module : [use_object]|Function : [Msg - update]| [OK_112] object_trace_diagram - '3' a été modifié.
2022-10-15 00:22:59|[INFO]|Session : [0sdgbqetq4nbi8vfej267qatrq]|User id : 1|Name : |Module : [use_object]|Function : [Msg - update]| [OK_112] object_trace - '2' a été modifié.
2022-10-15 00:23:01|[INFO]|Session : [8tclc8n613c44ofsvje7g4qsu4]|User id : 1|Name : |Module : [use_object]|Function : [Msg - update]| [OK_112] object_trace_diagram - '3' a été modifié.
2022-10-15 00:23:01|[INFO]|Session : [im8lcetatil94t7hfdj9u0p8om]|User id : 1|Name : |Module : [use_object]|Function : [Msg - update]| [OK_112] object_trace - '2' a été modifié.
2022-10-15 00:23:03|[INFO]|Session : [2tqsv5r2uagi8bclmoaeg17hve]|User id : 1|Name : |Module : [use_object]|Function : [Msg - update]| [OK_112] object_trace_diagram - '3' a été modifié.
2022-10-15 00:23:03|[INFO]|Session : [ppr0c2b9se59oa8s2rr7r93fhi]|User id : 1|Name : |Module : [use_object]|Function : [Msg - update]| [OK_112] object_trace - '2' a été modifié.
2022-10-15 00:23:04|[INFO]|Session : [3t9ib1bj95p6dccq3qb15bboip]|User id : 1|Name : |Module : [use_object]|Function : [Msg - update]| [OK_112] object_trace_diagram - '3' a été modifié.
2022-10-15 00:23:05|[INFO]|Session : [oumtbi2avelds0aal3s43gavk8]|User id : 1|Name : |Module : [use_object]|Function : [Msg - update]| [OK_112] object_trace - '2' a été modifié.
2022-10-15 00:23:06|[INFO]|Session : [fi9qc76mio5h1l0abrhlgoq0br]|User id : 1|Name : |Module : [use_object]|Function : [Msg - update]| [OK_112] object_trace_diagram - '3' a été modifié.
2022-10-15 00:23:07|[INFO]|Session : [qbtsbo44jequi15hvqskie9mdg]|User id : 1|Name : |Module : [use_object]|Function : [Msg - update]| [OK_112] object_trace - '2' a été modifié.
2022-10-15 00:23:08|[INFO]|Session : [ih56g8o9tt9kv7agumqiea9f22]|User id : 1|Name : |Module : [use_object]|Function : [Msg - update]| [OK_112] object_trace_diagram - '3' a été modifié.
2022-10-15 00:23:09|[INFO]|Session : [n4u5hrdgtp88958eigatfh916i]|User id : 1|Name : |Module : [use_object]|Function : [Msg - update]| [OK_112] object_trace - '2' a été modifié.
2022-10-15 00:23:10|[INFO]|Session : [asjvhio9uhkjep69pinj07vbqq]|User id : 1|Name : |Module : [use_object]|Function : [Msg - update]| [OK_112] object_trace_diagram - '3' a été modifié.
2022-10-15 00:23:11|[INFO]|Session : [d3kbdb4ca0fuo2fvcckqf7jiqn]|User id : 1|Name : |Module : [use_object]|Function : [Msg - update]| [OK_112] object_trace - '2' a été modifié.
2022-10-15 00:23:11|[INFO]|Session : [du0ofbakpbl9v358ih6datdjjg]|User id : 1|Name : |Module : [use_object]|Function : [Msg - update]| [OK_112] object_trace_diagram - '3' a été modifié.
2022-10-15 00:23:12|[INFO]|Session : [ca87aadjasnda9eeq8l2qrsh1p]|User id : 1|Name : |Module : [use_object]|Function : [Msg - update]| [OK_112] object_trace - '2' a été modifié.
2022-10-15 00:23:14|[INFO]|Session : [k6s0bmten10co21cco9l7qkg2i]|User id : 1|Name : |Module : [use_object]|Function : [Msg - update]| [OK_112] object_trace_diagram - '3' a été modifié.
2022-10-15 00:23:14|[INFO]|Session : [s8ooarsovblnop2c97f6vj9f9v]|User id : 1|Name : |Module : [use_object]|Function : [Msg - update]| [OK_112] object_trace - '2' a été modifié.
2022-10-15 00:23:15|[INFO]|Session : [ddnalb0k54r57po9u5sk8hba68]|User id : 1|Name : |Module : [use_object]|Function : [Msg - update]| [OK_112] object_trace_diagram - '3' a été modifié.
2022-10-15 00:23:15|[INFO]|Session : [8p640r3e9glj721mvmila2ic15]|User id : 1|Name : |Module : [use_object]|Function : [Msg - update]| [OK_112] object_trace - '2' a été modifié.
2022-10-15 00:34:18|[INFO]|Session : [m72pae2r5p3g0ht1bqa9j63bq7]|User id : 1|Name : |Module : [use_object]|Function : [Msg - update]| [OK_112] object_trace - '216' a été modifié.
2022-10-15 00:34:44|[INFO]|Session : [johmk4shb1qnu0c91p1h79hk1q]|User id : 1|Name : |Module : [use_object]|Function : [Msg - update]| [OK_112] object_trace_diagram - '3' a été modifié.
2022-10-15 00:34:44|[INFO]|Session : [8q56k2ob2fisg149pnb036t6uj]|User id : 1|Name : |Module : [use_object]|Function : [Msg - update]| [OK_112] object_trace - '2' a été modifié.
2022-10-15 00:34:46|[INFO]|Session : [cf5k56lendoi1d8fr9v2sh4fsh]|User id : 1|Name : |Module : [use_object]|Function : [Msg - update]| [OK_112] object_trace_diagram - '3' a été modifié.
2022-10-15 00:34:47|[INFO]|Session : [ajgj07r0c6jco6b8ajmc53cqo5]|User id : 1|Name : |Module : [use_object]|Function : [Msg - update]| [OK_112] object_trace - '2' a été modifié.
2022-10-15 00:34:48|[INFO]|Session : [5huj4rnurdt52e10ekp2uhg0r2]|User id : 1|Name : |Module : [use_object]|Function : [Msg - update]| [OK_112] object_trace_diagram - '3' a été modifié.
2022-10-15 00:34:50|[INFO]|Session : [ivs6vg624lt85l502ebi61lpon]|User id : 1|Name : |Module : [use_object]|Function : [Msg - update]| [OK_112] object_trace - '2' a été modifié.
2022-10-15 00:34:50|[INFO]|Session : [48mrbakn43292mqk97dvnuhr0v]|User id : 1|Name : |Module : [use_object]|Function : [Msg - update]| [OK_112] object_trace_diagram - '3' a été modifié.
2022-10-15 00:34:51|[INFO]|Session : [fbrj41184d9n5iarsjjldhjdtj]|User id : 1|Name : |Module : [use_object]|Function : [Msg - update]| [OK_112] object_trace - '2' a été modifié.
2022-10-15 00:34:52|[INFO]|Session : [t904f5ng8b5uh5nuvvgjti0fe4]|User id : 1|Name : |Module : [use_object]|Function : [Msg - update]| [OK_112] object_trace_diagram - '3' a été modifié.
2022-10-15 00:34:53|[INFO]|Session : [6hc4p6ukf3go588uubr18abcog]|User id : 1|Name : |Module : [use_object]|Function : [Msg - update]| [OK_112] object_trace - '2' a été modifié.
2022-10-15 00:35:07|[INFO]|Session : [g430i29divcu1hjhtoi8brgrkc]|User id : 1|Name : |Module : [use_object]|Function : [Msg - update]| [OK_112] object_trace_diagram - '3' a été modifié.
2022-10-15 00:35:07|[INFO]|Session : [5fdjbhfi8pflqajpfho1jleqha]|User id : 1|Name : |Module : [use_object]|Function : [Msg - update]| [OK_112] object_trace - '2' a été modifié.
2022-10-15 00:36:53|[INFO]|Session : [ca50qjv0ve6ohein2ll9uipquf]|User id : 1|Name : |Module : [use_object]|Function : [Msg - update]| [OK_112] object_trace_diagram - '3' a été modifié.
2022-10-15 00:36:55|[INFO]|Session : [o9femuo7j6gbp9u97k266ff8oi]|User id : 1|Name : |Module : [use_object]|Function : [Msg - update]| [OK_112] object_trace - '2' a été modifié.
2022-10-15 00:36:58|[INFO]|Session : [2b6av9uch6m4aup184ntom29q5]|User id : 1|Name : |Module : [use_object]|Function : [Msg - update]| [OK_112] object_trace_diagram - '3' a été modifié.
2022-10-15 00:36:59|[INFO]|Session : [8ug8vo3p3h2s99agdk765rfko1]|User id : 1|Name : |Module : [use_object]|Function : [Msg - update]| [OK_112] object_trace - '2' a été modifié.
2022-10-15 00:37:01|[INFO]|Session : [dh40sdk3ic0mes2ek7egpv4v26]|User id : 1|Name : |Module : [use_object]|Function : [Msg - update]| [OK_112] object_trace_diagram - '3' a été modifié.
2022-10-15 00:37:01|[INFO]|Session : [308i8vj91g12526bg4917479ka]|User id : 1|Name : |Module : [use_object]|Function : [Msg - update]| [OK_112] object_trace - '2' a été modifié.
2022-10-15 00:37:02|[INFO]|Session : [pe8e2dhdqkfg0jpv9qveoq846q]|User id : 1|Name : |Module : [use_object]|Function : [Msg - update]| [OK_112] object_trace_diagram - '3' a été modifié.
2022-10-15 00:37:03|[INFO]|Session : [c5c91l5b5v06kclj3eee7re907]|User id : 1|Name : |Module : [use_object]|Function : [Msg - update]| [OK_112] object_trace - '2' a été modifié.
2022-10-15 00:37:05|[INFO]|Session : [od2c72ip2nt2spuk0i67nr630r]|User id : 1|Name : |Module : [use_object]|Function : [Msg - update]| [OK_112] object_trace_diagram - '3' a été modifié.
2022-10-15 00:37:05|[INFO]|Session : [1p4j0t67v4jrvm340ub8ecckpf]|User id : 1|Name : |Module : [use_object]|Function : [Msg - update]| [OK_112] object_trace - '2' a été modifié.
2022-10-15 00:37:07|[INFO]|Session : [rnv7m2gku6ivcuav92pob5ojtc]|User id : 1|Name : |Module : [use_object]|Function : [Msg - update]| [OK_112] object_trace_diagram - '3' a été modifié.
2022-10-15 00:37:07|[INFO]|Session : [h4mrq8v19jant0n5f9a3rrl4os]|User id : 1|Name : |Module : [use_object]|Function : [Msg - update]| [OK_112] object_trace - '2' a été modifié.
2022-10-15 00:37:13|[INFO]|Session : [0p5o0uui1djts1eb7li0msv2i1]|User id : 1|Name : |Module : [use_object]|Function : [Msg - update]| [OK_112] object_trace_diagram - '3' a été modifié.
2022-10-15 00:37:14|[INFO]|Session : [a10ndf2hkvetedisakai096pmd]|User id : 1|Name : |Module : [use_object]|Function : [Msg - update]| [OK_112] object_trace - '2' a été modifié.
2022-10-15 00:37:18|[INFO]|Session : [29ta6fhrf5aph64chg0efc9v06]|User id : 1|Name : |Module : [use_object]|Function : [Msg - update]| [OK_112] object_trace_diagram - '3' a été modifié.
2022-10-15 00:37:19|[INFO]|Session : [pegvnjcturtb25683uj4nm8he8]|User id : 1|Name : |Module : [use_object]|Function : [Msg - update]| [OK_112] object_trace - '2' a été modifié.
2022-10-15 00:37:19|[INFO]|Session : [0v0kjpi1knt086u7je8cf7c29n]|User id : 1|Name : |Module : [use_object]|Function : [Msg - update]| [OK_112] object_trace_diagram - '3' a été modifié.
2022-10-15 00:37:20|[INFO]|Session : [8hm86lckgca7ct3sonm68q645l]|User id : 1|Name : |Module : [use_object]|Function : [Msg - update]| [OK_112] object_trace - '2' a été modifié.
2022-10-15 00:37:21|[INFO]|Session : [nkdq398h40k4h6tvbbvh52juob]|User id : 1|Name : |Module : [use_object]|Function : [Msg - update]| [OK_112] object_trace_diagram - '3' a été modifié.
2022-10-15 00:37:21|[INFO]|Session : [6i3t9elp3ifk3efu4cvn057oqc]|User id : 1|Name : |Module : [use_object]|Function : [Msg - update]| [OK_112] object_trace - '2' a été modifié.
2022-10-15 00:37:22|[INFO]|Session : [83shceo4u37uj7jvs707mt6lj9]|User id : 1|Name : |Module : [use_object]|Function : [Msg - update]| [OK_112] object_trace_diagram - '3' a été modifié.
2022-10-15 00:37:23|[INFO]|Session : [jene09bvme7lv3dkb7oueiq9lk]|User id : 1|Name : |Module : [use_object]|Function : [Msg - update]| [OK_112] object_trace - '2' a été modifié.
2022-10-15 00:37:30|[INFO]|Session : [raicb8eoit1s6elbrh80tca25j]|User id : 1|Name : |Module : [use_object]|Function : [Msg - update]| [OK_112] object_trace_diagram - '3' a été modifié.
2022-10-15 00:37:31|[INFO]|Session : [ovls119hm93t12gn1khhlu5pe2]|User id : 1|Name : |Module : [use_object]|Function : [Msg - update]| [OK_112] object_trace - '2' a été modifié.
2022-10-15 00:37:32|[INFO]|Session : [qtuius0ao1qctqh7a7dt4svqpk]|User id : 1|Name : |Module : [use_object]|Function : [Msg - update]| [OK_112] object_trace_diagram - '3' a été modifié.
2022-10-15 00:37:32|[INFO]|Session : [d9tf1se7qg3nc9pjlkt3020et0]|User id : 1|Name : |Module : [use_object]|Function : [Msg - update]| [OK_112] object_trace - '2' a été modifié.
2022-10-15 00:37:33|[INFO]|Session : [8n7o2kdcta1co5rv3lj4urr9i7]|User id : 1|Name : |Module : [use_object]|Function : [Msg - update]| [OK_112] object_trace_diagram - '3' a été modifié.
2022-10-15 00:37:34|[INFO]|Session : [73ccjkqpk246itdvhglqse9dlm]|User id : 1|Name : |Module : [use_object]|Function : [Msg - update]| [OK_112] object_trace - '2' a été modifié.
2022-10-15 00:37:36|[INFO]|Session : [f56qq9hrguosmi67f1demamit1]|User id : 1|Name : |Module : [use_object]|Function : [Msg - update]| [OK_112] object_trace_diagram - '3' a été modifié.
2022-10-15 00:37:37|[INFO]|Session : [e2ep722hlfj4nlkr64mvbpdhgq]|User id : 1|Name : |Module : [use_object]|Function : [Msg - update]| [OK_112] object_trace - '2' a été modifié.
2022-10-15 00:37:39|[INFO]|Session : [ngq4j15knh94j64opmd73shngg]|User id : 1|Name : |Module : [use_object]|Function : [Msg - update]| [OK_112] object_trace_diagram - '3' a été modifié.
2022-10-15 00:37:40|[INFO]|Session : [tn29h22dv0tqsmh7v7reumspmo]|User id : 1|Name : |Module : [use_object]|Function : [Msg - update]| [OK_112] object_trace - '2' a été modifié.
2022-10-15 00:37:41|[INFO]|Session : [ff65t1ofbkrt945bu97c6aq93k]|User id : 1|Name : |Module : [use_object]|Function : [Msg - update]| [OK_112] object_trace_diagram - '3' a été modifié.
2022-10-15 00:37:41|[INFO]|Session : [hbknpo22sur6aspurvt6ijgrkn]|User id : 1|Name : |Module : [use_object]|Function : [Msg - update]| [OK_112] object_trace - '2' a été modifié.
2022-10-15 00:37:42|[INFO]|Session : [ncptbbkudm7jeskv0uojq8s38h]|User id : 1|Name : |Module : [use_object]|Function : [Msg - update]| [OK_112] object_trace_diagram - '3' a été modifié.
2022-10-15 00:37:43|[INFO]|Session : [7421k1g4k69cm2m3mvh0k4iotq]|User id : 1|Name : |Module : [use_object]|Function : [Msg - update]| [OK_112] object_trace - '2' a été modifié.
2022-10-15 00:37:44|[INFO]|Session : [9j6ua6agqkjl49rvvj3jud533l]|User id : 1|Name : |Module : [use_object]|Function : [Msg - update]| [OK_112] object_trace_diagram - '3' a été modifié.
2022-10-15 00:37:45|[INFO]|Session : [na8l5av1bhkiicvgrv3l9dh91d]|User id : 1|Name : |Module : [use_object]|Function : [Msg - update]| [OK_112] object_trace - '2' a été modifié.
2022-10-15 00:37:46|[INFO]|Session : [pof3lc6g98ale3jb4jj6u03jkn]|User id : 1|Name : |Module : [use_object]|Function : [Msg - update]| [OK_112] object_trace_diagram - '3' a été modifié.
2022-10-15 00:37:48|[INFO]|Session : [24ur2j0c0pi1b7nqerh5ehcec5]|User id : 1|Name : |Module : [use_object]|Function : [Msg - update]| [OK_112] object_trace - '2' a été modifié.
2022-10-15 00:37:58|[INFO]|Session : [vt29vnj4dcjgumvgm42eelvbuc]|User id : 1|Name : |Module : [use_object]|Function : [Msg - update]| [OK_112] object_trace_diagram - '3' a été modifié.
2022-10-15 00:37:58|[INFO]|Session : [bh5ofj0d1mf0eas1vn378hhfl3]|User id : 1|Name : |Module : [use_object]|Function : [Msg - update]| [OK_112] object_trace - '2' a été modifié.
2022-10-15 00:48:51|[INFO]|Session : [cfnlut0o7nfkg9m7mabnc96f8d]|User id : 1|Name : |Module : [use_object]|Function : [Msg - update]| [OK_112] object_trace - '217' a été modifié.
2022-10-15 00:49:22|[INFO]|Session : [bi9rsq02ujjkaissv4dbi3a7jf]|User id : 1|Name : |Module : [use_object]|Function : [Msg - update]| [OK_112] object_trace_diagram - '3' a été modifié.
2022-10-15 00:49:23|[INFO]|Session : [qv26nb4569pl9ed8q3crht1abk]|User id : 1|Name : |Module : [use_object]|Function : [Msg - update]| [OK_112] object_trace - '2' a été modifié.
2022-10-15 00:49:24|[INFO]|Session : [tamvpch6muvtgo0psrgrv9eb0k]|User id : 1|Name : |Module : [use_object]|Function : [Msg - update]| [OK_112] object_trace_diagram - '3' a été modifié.
2022-10-15 00:49:24|[INFO]|Session : [5par4eqsq6k66ougid9t2m4t5m]|User id : 1|Name : |Module : [use_object]|Function : [Msg - update]| [OK_112] object_trace - '2' a été modifié.
2022-10-15 00:49:26|[INFO]|Session : [a65q7l66tgauvl06sq7iu1bvgn]|User id : 1|Name : |Module : [use_object]|Function : [Msg - update]| [OK_112] object_trace_diagram - '3' a été modifié.
2022-10-15 00:49:27|[INFO]|Session : [eo5pf3bsk7vl1u0t71idnn24av]|User id : 1|Name : |Module : [use_object]|Function : [Msg - update]| [OK_112] object_trace - '2' a été modifié.
2022-10-15 00:49:35|[INFO]|Session : [mp89u4dn4srcfskv0sokaaabnv]|User id : 1|Name : |Module : [use_object]|Function : [Msg - update]| [OK_112] object_trace_diagram - '3' a été modifié.
2022-10-15 00:49:35|[INFO]|Session : [7p1e3pdapc2l94kiu04e3ebrk7]|User id : 1|Name : |Module : [use_object]|Function : [Msg - update]| [OK_112] object_trace - '2' a été modifié.
2022-10-15 00:49:36|[INFO]|Session : [0c26feqicgv2omeib7t2b3pon1]|User id : 1|Name : |Module : [use_object]|Function : [Msg - update]| [OK_112] object_trace_diagram - '3' a été modifié.
2022-10-15 00:49:37|[INFO]|Session : [of89e9nvbjgsuq3fm5c74hqqi1]|User id : 1|Name : |Module : [use_object]|Function : [Msg - update]| [OK_112] object_trace - '2' a été modifié.
2022-10-15 00:49:38|[INFO]|Session : [fa0v792qelptsftdgltfgb1v2f]|User id : 1|Name : |Module : [use_object]|Function : [Msg - update]| [OK_112] object_trace_diagram - '3' a été modifié.
2022-10-15 00:49:39|[INFO]|Session : [2jvl3unhjuijvg2caro86suob3]|User id : 1|Name : |Module : [use_object]|Function : [Msg - update]| [OK_112] object_trace - '2' a été modifié.
2022-10-15 00:49:45|[INFO]|Session : [b0ut0nfap5g57go6m051d4cami]|User id : 1|Name : |Module : [use_object]|Function : [Msg - update]| [OK_112] object_trace_diagram - '3' a été modifié.
2022-10-15 00:49:46|[INFO]|Session : [33lklltpi7adrs7c5k3dnltain]|User id : 1|Name : |Module : [use_object]|Function : [Msg - update]| [OK_112] object_trace - '2' a été modifié.
2022-10-15 00:51:56|[INFO]|Session : [3n32c2gio0r6c1jdhl0dt350rb]|User id : 1|Name : |Module : [use_object]|Function : [Msg - update]| [OK_112] object_trace_diagram - '3' a été modifié.
2022-10-15 00:51:56|[INFO]|Session : [6mnli0j7ns303nb607im9af722]|User id : 1|Name : |Module : [use_object]|Function : [Msg - update]| [OK_112] object_trace - '2' a été modifié.
2022-10-15 00:52:01|[INFO]|Session : [9hpdrcgh9b5s2q50car6h4larg]|User id : 1|Name : |Module : [use_object]|Function : [Msg - update]| [OK_112] object_trace_diagram - '3' a été modifié.
2022-10-15 00:52:02|[INFO]|Session : [abmo2mdm4pottcauqvl51qhpbu]|User id : 1|Name : |Module : [use_object]|Function : [Msg - update]| [OK_112] object_trace - '2' a été modifié.
2022-10-15 00:52:19|[INFO]|Session : [02d1so57i5qsvc71eb1f150nr6]|User id : 1|Name : |Module : [use_object]|Function : [Msg - update]| [OK_112] object_trace_diagram - '3' a été modifié.
2022-10-15 00:52:20|[INFO]|Session : [ktgg2k9mh1ep4lfd94onjrq36v]|User id : 1|Name : |Module : [use_object]|Function : [Msg - update]| [OK_112] object_trace - '2' a été modifié.
2022-10-15 00:52:37|[INFO]|Session : [m1buc476v9maprtte0tvv3m4dp]|User id : 1|Name : |Module : [use_object]|Function : [Msg - update]| [OK_112] object_trace_diagram - '3' a été modifié.
2022-10-15 00:52:37|[INFO]|Session : [58csck3shbojdocjr602224o22]|User id : 1|Name : |Module : [use_object]|Function : [Msg - update]| [OK_112] object_trace - '2' a été modifié.
2022-10-15 00:53:29|[INFO]|Session : [tafrka5mpebs5d7cc3kn1s83tt]|User id : 1|Name : |Module : [use_object]|Function : [Msg - update]| [OK_112] object_trace_diagram - '3' a été modifié.
2022-10-15 00:53:31|[INFO]|Session : [70v2vjis37c7s7mhghc91knurp]|User id : 1|Name : |Module : [use_object]|Function : [Msg - update]| [OK_112] object_trace - '2' a été modifié.
2022-10-15 01:09:04|[INFO]|Session : [s59lu5uuukqgfec2kn8knhqkv1]|User id : 1|Name : |Module : [use_object]|Function : [Msg - update]| [OK_112] object_trace - '218' a été modifié.
2022-10-15 01:09:43|[INFO]|Session : [dt1tacod4infj5puopphhhobtd]|User id : 1|Name : |Module : [use_object]|Function : [Msg - update]| [OK_112] object_trace_diagram - '3' a été modifié.
2022-10-15 01:09:44|[INFO]|Session : [70vi0caus44ebtatb2dvi4u1mh]|User id : 1|Name : |Module : [use_object]|Function : [Msg - update]| [OK_112] object_trace - '2' a été modifié.
2022-10-15 01:09:47|[INFO]|Session : [glc8r90ournamvqm1t83aiv88m]|User id : 1|Name : |Module : [use_object]|Function : [Msg - update]| [OK_112] object_trace_diagram - '3' a été modifié.
2022-10-15 01:09:48|[INFO]|Session : [qjub4nh7o4cimpmjf28g49pib4]|User id : 1|Name : |Module : [use_object]|Function : [Msg - update]| [OK_112] object_trace - '2' a été modifié.
2022-10-15 01:09:52|[INFO]|Session : [hrk1saev752vr5hflslegermh2]|User id : 1|Name : |Module : [use_object]|Function : [Msg - update]| [OK_112] object_trace_diagram - '3' a été modifié.
2022-10-15 01:09:56|[INFO]|Session : [84s2oprlsj9t0ddjm96vqj9jbl]|User id : 1|Name : |Module : [use_object]|Function : [Msg - update]| [OK_112] object_trace - '2' a été modifié.
2022-10-15 01:09:57|[INFO]|Session : [kb2dmapn13m46k5sl03vecbcg7]|User id : 1|Name : |Module : [use_object]|Function : [Msg - update]| [OK_112] object_trace_diagram - '3' a été modifié.
2022-10-15 01:09:59|[INFO]|Session : [eoguaovrd6uph5gt2r9a66bpd1]|User id : 1|Name : |Module : [use_object]|Function : [Msg - update]| [OK_112] object_trace - '2' a été modifié.
2022-10-15 01:10:02|[INFO]|Session : [2nm8rh0haa4qv8pm3btc5vdejp]|User id : 1|Name : |Module : [use_object]|Function : [Msg - update]| [OK_112] object_trace_diagram - '3' a été modifié.
2022-10-15 01:10:04|[INFO]|Session : [7oqr7knk3od7q4v5997n8tqshp]|User id : 1|Name : |Module : [use_object]|Function : [Msg - update]| [OK_112] object_trace - '2' a été modifié.
2022-10-15 01:10:07|[INFO]|Session : [g9cjjsdcd32bvms1rphsl84c43]|User id : 1|Name : |Module : [use_object]|Function : [Msg - update]| [OK_112] object_trace_diagram - '3' a été modifié.
2022-10-15 01:10:08|[INFO]|Session : [5ti5frhcdqkr9rmaombh3v274l]|User id : 1|Name : |Module : [use_object]|Function : [Msg - update]| [OK_112] object_trace - '2' a été modifié.
2022-10-15 01:10:09|[INFO]|Session : [84tvfm4d0o2dhp6lri5jun6rss]|User id : 1|Name : |Module : [use_object]|Function : [Msg - update]| [OK_112] object_trace_diagram - '3' a été modifié.
2022-10-15 01:10:11|[INFO]|Session : [0htkitkvlqa5v3n6gfoucikv3r]|User id : 1|Name : |Module : [use_object]|Function : [Msg - update]| [OK_112] object_trace - '2' a été modifié.
2022-10-15 01:10:11|[INFO]|Session : [219a8p9eoa27htfa458gk9jfd1]|User id : 1|Name : |Module : [use_object]|Function : [Msg - update]| [OK_112] object_trace_diagram - '3' a été modifié.
2022-10-15 01:10:12|[INFO]|Session : [4632005r5sd0aen8qsejkfeli9]|User id : 1|Name : |Module : [use_object]|Function : [Msg - update]| [OK_112] object_trace - '2' a été modifié.
2022-10-15 01:10:14|[INFO]|Session : [4q48hk1mqv2q8q7j1u5u4v4eam]|User id : 1|Name : |Module : [use_object]|Function : [Msg - update]| [OK_112] object_trace_diagram - '3' a été modifié.
2022-10-15 01:10:15|[INFO]|Session : [3kqrn29ujb79hm4hi0sc5ms0gi]|User id : 1|Name : |Module : [use_object]|Function : [Msg - update]| [OK_112] object_trace - '2' a été modifié.
2022-10-15 01:10:28|[INFO]|Session : [s9fl3lf2222m8ugs6kp22jc19i]|User id : 1|Name : |Module : [use_object]|Function : [Msg - update]| [OK_112] object_trace_diagram - '3' a été modifié.
2022-10-15 01:10:30|[INFO]|Session : [4mo20lp9kv8nj30h6q30ovcuga]|User id : 1|Name : |Module : [use_object]|Function : [Msg - update]| [OK_112] object_trace - '2' a été modifié.
2022-10-15 01:14:46|[INFO]|Session : [pvvbeem74cnsfgp9dac8ei1mq5]|User id : 1|Name : |Module : [use_object]|Function : [Msg - update]| [OK_112] object_trace - '219' a été modifié.
2022-10-15 01:15:21|[INFO]|Session : [4arq2f4m1naskqqqnl12qfcqvh]|User id : 1|Name : |Module : [use_object]|Function : [Msg - update]| [OK_112] object_trace_diagram - '3' a été modifié.
2022-10-15 01:15:21|[INFO]|Session : [ru53lstktlqm92fvdjmram5ous]|User id : 1|Name : |Module : [use_object]|Function : [Msg - update]| [OK_112] object_trace - '2' a été modifié.
2022-10-15 01:15:24|[INFO]|Session : [rj682mt7g2d7ndnp0mhhmkchsd]|User id : 1|Name : |Module : [use_object]|Function : [Msg - update]| [OK_112] object_trace_diagram - '3' a été modifié.
2022-10-15 01:15:24|[INFO]|Session : [j76epnkeau6r6eu4oph1d6cg82]|User id : 1|Name : |Module : [use_object]|Function : [Msg - update]| [OK_112] object_trace - '2' a été modifié.
2022-10-15 01:15:33|[INFO]|Session : [rl5o5sdhb9drpstnckbd8jj04u]|User id : 1|Name : |Module : [use_object]|Function : [Msg - update]| [OK_112] object_trace_diagram - '3' a été modifié.
2022-10-15 01:15:34|[INFO]|Session : [4tdha4jtafk08cieqa38r9t6p0]|User id : 1|Name : |Module : [use_object]|Function : [Msg - update]| [OK_112] object_trace - '2' a été modifié.
2022-10-15 01:15:41|[INFO]|Session : [d26qvi67ijg8u1d3634m9c3bq0]|User id : 1|Name : |Module : [use_object]|Function : [Msg - update]| [OK_112] object_trace_diagram - '3' a été modifié.
2022-10-15 01:15:41|[INFO]|Session : [u14bbvapck6nfkr6fhjgj1rebt]|User id : 1|Name : |Module : [use_object]|Function : [Msg - update]| [OK_112] object_trace - '2' a été modifié.
2022-10-15 01:15:43|[INFO]|Session : [7atar56k1bh6k0plpfi0e3jos5]|User id : 1|Name : |Module : [use_object]|Function : [Msg - update]| [OK_112] object_trace_diagram - '3' a été modifié.
2022-10-15 01:15:43|[INFO]|Session : [n9k070ihou48sjaugml4nugthc]|User id : 1|Name : |Module : [use_object]|Function : [Msg - update]| [OK_112] object_trace - '2' a été modifié.
2022-10-15 01:15:44|[INFO]|Session : [te13a0j4kqg83qe6ui6p7g5kou]|User id : 1|Name : |Module : [use_object]|Function : [Msg - update]| [OK_112] object_trace_diagram - '3' a été modifié.
2022-10-15 01:15:45|[INFO]|Session : [gcq7j7u1uu3dom2lkfniq11rso]|User id : 1|Name : |Module : [use_object]|Function : [Msg - update]| [OK_112] object_trace - '2' a été modifié.
2022-10-15 01:15:45|[INFO]|Session : [sm0nvnujmp8m35c0d95gas1kkh]|User id : 1|Name : |Module : [use_object]|Function : [Msg - update]| [OK_112] object_trace_diagram - '3' a été modifié.
2022-10-15 01:15:46|[INFO]|Session : [p9drdi5qrj1ph18ki4i4vipvfr]|User id : 1|Name : |Module : [use_object]|Function : [Msg - update]| [OK_112] object_trace - '2' a été modifié.
2022-10-15 01:15:47|[INFO]|Session : [diupbkpn2vhfo209dd9o49m97a]|User id : 1|Name : |Module : [use_object]|Function : [Msg - update]| [OK_112] object_trace_diagram - '3' a été modifié.
2022-10-15 01:15:47|[INFO]|Session : [3qkm5lhh6mrufmse52b3og4anv]|User id : 1|Name : |Module : [use_object]|Function : [Msg - update]| [OK_112] object_trace - '2' a été modifié.
2022-10-15 01:15:48|[INFO]|Session : [lkmlt0egj1vqeo8mfrbck0c88u]|User id : 1|Name : |Module : [use_object]|Function : [Msg - update]| [OK_112] object_trace_diagram - '3' a été modifié.
2022-10-15 01:15:49|[INFO]|Session : [a9o1vcejbs5fp2kc5e022ctqdb]|User id : 1|Name : |Module : [use_object]|Function : [Msg - update]| [OK_112] object_trace - '2' a été modifié.
2022-10-15 01:15:50|[INFO]|Session : [ucmdjbosv5pl7smfppj42ujn8g]|User id : 1|Name : |Module : [use_object]|Function : [Msg - update]| [OK_112] object_trace_diagram - '3' a été modifié.
2022-10-15 01:15:50|[INFO]|Session : [e0dsj5kv72n328cq7imn1gelsb]|User id : 1|Name : |Module : [use_object]|Function : [Msg - update]| [OK_112] object_trace - '2' a été modifié.
2022-10-15 01:15:50|[INFO]|Session : [gpsob2srln486l68uulj88kj12]|User id : 1|Name : |Module : [use_object]|Function : [Msg - update]| [OK_112] object_trace_diagram - '3' a été modifié.
2022-10-15 01:15:51|[INFO]|Session : [bnicqm177g7pu9bctosokh14j4]|User id : 1|Name : |Module : [use_object]|Function : [Msg - update]| [OK_112] object_trace - '2' a été modifié.
2022-10-15 01:15:53|[INFO]|Session : [l9241f48t14jgtk3ogst5fh134]|User id : 1|Name : |Module : [use_object]|Function : [Msg - update]| [OK_112] object_trace_diagram - '3' a été modifié.
2022-10-15 01:15:53|[INFO]|Session : [o1d4fakj0kcqmq43avtu6376cs]|User id : 1|Name : |Module : [use_object]|Function : [Msg - update]| [OK_112] object_trace - '2' a été modifié.
2022-10-15 01:16:22|[INFO]|Session : [3smg4q38tdpcko8dvprkph7r5v]|User id : 1|Name : |Module : [use_object]|Function : [Msg - update]| [OK_112] object_trace - '2' a été modifié.
2022-10-15 01:16:49|[INFO]|Session : [qo4jsgrq34qcc88cohbdb3o6un]|User id : 1|Name : |Module : [use_object]|Function : [Msg - update]| [OK_112] object_trace_diagram - '3' a été modifié.
2022-10-15 01:16:50|[INFO]|Session : [r2a8mdnrcm5esceof3ggfgbltt]|User id : 1|Name : |Module : [use_object]|Function : [Msg - update]| [OK_112] object_trace - '2' a été modifié.
2022-10-15 01:16:54|[INFO]|Session : [5rsgga0roorst6hj2ibjuvr43m]|User id : 1|Name : |Module : [use_object]|Function : [Msg - update]| [OK_112] object_trace_diagram - '3' a été modifié.
2022-10-15 01:16:55|[INFO]|Session : [46pppjba6ir5js6gegbgfn84h6]|User id : 1|Name : |Module : [use_object]|Function : [Msg - update]| [OK_112] object_trace - '2' a été modifié.
2022-10-15 01:17:01|[INFO]|Session : [47kutvin49jvh63g1dovps7f3e]|User id : 1|Name : |Module : [use_object]|Function : [Msg - update]| [OK_112] object_trace_diagram - '3' a été modifié.
2022-10-15 01:17:02|[INFO]|Session : [rge80aobt06raonlbd0cto82gr]|User id : 1|Name : |Module : [use_object]|Function : [Msg - update]| [OK_112] object_trace - '2' a été modifié.
2022-10-15 12:08:41|[INFO]|Session : [n12fagl6982v14hhj58cgiahnu]|User id : 1|Name : |Module : [use_object]|Function : [Msg - update]| [OK_112] object_trace - '220' a été modifié.
2022-10-15 12:08:45|[INFO]|Session : [2tlbi03he1sp74tlpgpsc6hav8]|User id : 1|Name : |Module : [use_object]|Function : [Msg - update]| [OK_112] object_trace - '220' a été modifié.
2022-10-15 12:08:48|[INFO]|Session : [bjbc89n27p0rlgoe2iat4d6tv3]|User id : 1|Name : |Module : [use_object]|Function : [Msg - update]| [OK_112] object_trace_diagram - '235' a été modifié.
2022-10-15 12:08:49|[INFO]|Session : [l484v6u3v6r5f33bbhnbib3bjj]|User id : 1|Name : |Module : [use_object]|Function : [Msg - update]| [OK_112] object_trace - '220' a été modifié.
2022-10-15 12:08:54|[INFO]|Session : [7fbri2pdpf838c27lt1a4fc6rk]|User id : 1|Name : |Module : [use_object]|Function : [Msg - update]| [OK_112] object_trace - '220' a été modifié.
2022-10-15 12:08:55|[INFO]|Session : [g70urh8f12pjd6f1epgh52mf7f]|User id : 1|Name : |Module : [use_object]|Function : [Msg - update]| [OK_112] object_trace - '220' a été modifié.
2022-10-15 12:08:59|[INFO]|Session : [lojuh4gdlitmo35urshaor9dak]|User id : 1|Name : |Module : [use_object]|Function : [Msg - update]| [OK_112] object_trace - '220' a été modifié.
2022-10-15 12:09:02|[INFO]|Session : [h0pmpn60cacb72eauk58a5kp7q]|User id : 1|Name : |Module : [use_object]|Function : [Msg - update]| [OK_112] object_trace_diagram - '235' a été modifié.
2022-10-15 12:09:03|[INFO]|Session : [lk8dkocu4u1e0ke2l0jm9tgarv]|User id : 1|Name : |Module : [use_object]|Function : [Msg - update]| [OK_112] object_trace - '220' a été modifié.
2022-10-15 12:09:17|[INFO]|Session : [82hqgqcofk8rvbhja25msvq5uh]|User id : 1|Name : |Module : [use_object]|Function : [Msg - update]| [OK_112] object_trace - '221' a été modifié.
2022-10-15 12:09:38|[INFO]|Session : [34f2iu3aerq9m50neb4q7hlaf3]|User id : 1|Name : |Module : [use_object]|Function : [Msg - update]| [OK_112] object_trace - '222' a été modifié.
2022-10-15 12:09:53|[INFO]|Session : [pph6r4j413vtjua0nlmuf0bh7c]|User id : 1|Name : |Module : [use_object]|Function : [Msg - update]| [OK_112] object_trace_diagram - '3' a été modifié.
2022-10-15 12:09:54|[INFO]|Session : [qf70g8co7b78v5flrlshem6i33]|User id : 1|Name : |Module : [use_object]|Function : [Msg - update]| [OK_112] object_trace - '2' a été modifié.
2022-10-15 12:09:55|[INFO]|Session : [gs420edoc9et1p5ft5h6kkg2s5]|User id : 1|Name : |Module : [use_object]|Function : [Msg - update]| [OK_112] object_trace_diagram - '3' a été modifié.
2022-10-15 12:09:56|[INFO]|Session : [enhu8rm1levvh562ct57javm7n]|User id : 1|Name : |Module : [use_object]|Function : [Msg - update]| [OK_112] object_trace - '2' a été modifié.
2022-10-15 12:09:56|[INFO]|Session : [dfbl1me3eqvkv9ubgjb1lh0tb2]|User id : 1|Name : |Module : [use_object]|Function : [Msg - update]| [OK_112] object_trace_diagram - '3' a été modifié.
2022-10-15 12:09:58|[INFO]|Session : [gbfo1unrcm0flcnlsu4s5qu5s5]|User id : 1|Name : |Module : [use_object]|Function : [Msg - update]| [OK_112] object_trace - '2' a été modifié.
2022-10-15 12:09:58|[INFO]|Session : [n7hgcb8333l6pe1vbpd7e05674]|User id : 1|Name : |Module : [use_object]|Function : [Msg - update]| [OK_112] object_trace_diagram - '3' a été modifié.
2022-10-15 12:09:59|[INFO]|Session : [db22fir2eerlpcsjrga3egv9or]|User id : 1|Name : |Module : [use_object]|Function : [Msg - update]| [OK_112] object_trace - '2' a été modifié.
2022-10-15 12:10:01|[INFO]|Session : [th3crgnuei8um03nstlnfiarbi]|User id : 1|Name : |Module : [use_object]|Function : [Msg - update]| [OK_112] object_trace_diagram - '3' a été modifié.
2022-10-15 12:10:01|[INFO]|Session : [d9genrpr7ogs3i9qcp79dg4pp6]|User id : 1|Name : |Module : [use_object]|Function : [Msg - update]| [OK_112] object_trace - '2' a été modifié.
2022-10-15 12:10:02|[INFO]|Session : [fccubssqjr7mup1he30fimpqdo]|User id : 1|Name : |Module : [use_object]|Function : [Msg - update]| [OK_112] object_trace_diagram - '3' a été modifié.
2022-10-15 12:10:02|[INFO]|Session : [bfbs2ehphijl4992bhresoseu6]|User id : 1|Name : |Module : [use_object]|Function : [Msg - update]| [OK_112] object_trace - '2' a été modifié.
2022-10-15 12:10:03|[INFO]|Session : [5v9a6ts3es0npj6r8agilogbtb]|User id : 1|Name : |Module : [use_object]|Function : [Msg - update]| [OK_112] object_trace_diagram - '3' a été modifié.
2022-10-15 12:10:04|[INFO]|Session : [en12jj4a71nqhe8g7m8ja9tans]|User id : 1|Name : |Module : [use_object]|Function : [Msg - update]| [OK_112] object_trace - '2' a été modifié.
2022-10-15 12:10:05|[INFO]|Session : [tjkashrqcbi3dlmjb1kqpnc5a6]|User id : 1|Name : |Module : [use_object]|Function : [Msg - update]| [OK_112] object_trace_diagram - '3' a été modifié.
2022-10-15 12:10:06|[INFO]|Session : [pm8of7g83euvkpbfmne2p8bt7s]|User id : 1|Name : |Module : [use_object]|Function : [Msg - update]| [OK_112] object_trace - '2' a été modifié.
2022-10-15 12:10:07|[INFO]|Session : [2aacl6u4ntddm9l6to3k3qk93a]|User id : 1|Name : |Module : [use_object]|Function : [Msg - update]| [OK_112] object_trace_diagram - '3' a été modifié.
2022-10-15 12:10:08|[INFO]|Session : [g5o8kjsj8u3c3ne964db4uht3r]|User id : 1|Name : |Module : [use_object]|Function : [Msg - update]| [OK_112] object_trace - '2' a été modifié.
2022-10-15 12:10:10|[INFO]|Session : [mvenb1qg1oaiv8334v28f3gja9]|User id : 1|Name : |Module : [use_object]|Function : [Msg - update]| [OK_112] object_trace_diagram - '3' a été modifié.
2022-10-15 12:10:10|[INFO]|Session : [3id42v4hrpqef5lf6v9aus7crd]|User id : 1|Name : |Module : [use_object]|Function : [Msg - update]| [OK_112] object_trace - '2' a été modifié.
2022-10-15 12:10:15|[INFO]|Session : [6cr2j9ijprt87lvpf9bg5pktu7]|User id : 1|Name : |Module : [use_object]|Function : [Msg - update]| [OK_112] object_trace_diagram - '3' a été modifié.
2022-10-15 12:10:15|[INFO]|Session : [8bt5btsneqqu0kc844p3qf4eue]|User id : 1|Name : |Module : [use_object]|Function : [Msg - update]| [OK_112] object_trace - '2' a été modifié.
2022-10-15 12:10:18|[INFO]|Session : [jg4vdtguulgao6k6mmd44dtusc]|User id : 1|Name : |Module : [use_object]|Function : [Msg - update]| [OK_112] object_trace_diagram - '3' a été modifié.
2022-10-15 12:10:19|[INFO]|Session : [q3sansfgqeg87r8tbeua1dvttn]|User id : 1|Name : |Module : [use_object]|Function : [Msg - update]| [OK_112] object_trace - '2' a été modifié.
2022-10-15 12:16:00|[INFO]|Session : [2ces8gfrrv0apvvbu6mjrner11]|User id : 1|Name : |Module : [use_object]|Function : [Msg - update]| [OK_112] object_trace_diagram - '3' a été modifié.
2022-10-15 12:16:01|[INFO]|Session : [jbh8spurjatscdr4hkscrm8ipi]|User id : 1|Name : |Module : [use_object]|Function : [Msg - update]| [OK_112] object_trace - '2' a été modifié.
2022-10-15 12:19:05|[INFO]|Session : [8o174sg697ofupdk4q3f4hj0jv]|User id : 1|Name : |Module : [use_object]|Function : [Msg - update]| [OK_112] object_trace_diagram - '3' a été modifié.
2022-10-15 12:19:06|[INFO]|Session : [rc2rl49dtl9bfnnrql2mvjg6r3]|User id : 1|Name : |Module : [use_object]|Function : [Msg - update]| [OK_112] object_trace - '2' a été modifié.
2022-10-15 12:19:11|[INFO]|Session : [1j9tlnum43r63t3p624tugj1t6]|User id : 1|Name : |Module : [use_object]|Function : [Msg - update]| [OK_112] object_trace_diagram - '3' a été modifié.
2022-10-15 12:19:11|[INFO]|Session : [bn3eng5s6hgc4adb41j162vb40]|User id : 1|Name : |Module : [use_object]|Function : [Msg - update]| [OK_112] object_trace - '2' a été modifié.
2022-10-15 12:19:19|[INFO]|Session : [083588qsnt7vvvef5ldoul7htk]|User id : 1|Name : |Module : [use_object]|Function : [Msg - update]| [OK_112] object_trace_diagram - '3' a été modifié.
2022-10-15 12:19:20|[INFO]|Session : [a03c8m4flpvtejplpafr88afvq]|User id : 1|Name : |Module : [use_object]|Function : [Msg - update]| [OK_112] object_trace - '2' a été modifié.
2022-10-15 12:19:26|[INFO]|Session : [i8qc8pjdd6j5kbicfjvsq70ouf]|User id : 1|Name : |Module : [use_object]|Function : [Msg - update]| [OK_112] object_trace_diagram - '3' a été modifié.
2022-10-15 12:19:27|[INFO]|Session : [82vav3lnselv3kmqq35v221laq]|User id : 1|Name : |Module : [use_object]|Function : [Msg - update]| [OK_112] object_trace - '2' a été modifié.
2022-10-15 12:19:39|[INFO]|Session : [r708pun9dg1c5ufskg3krs8tmc]|User id : 1|Name : |Module : [use_object]|Function : [Msg - update]| [OK_112] object_trace_diagram - '3' a été modifié.
2022-10-15 12:19:39|[INFO]|Session : [hihl0gvih604eo18gpgj14osf3]|User id : 1|Name : |Module : [use_object]|Function : [Msg - update]| [OK_112] object_trace - '2' a été modifié.
2022-10-15 12:26:21|[INFO]|Session : [rekl68hh8293ig8qe7s90776d3]|User id : 1|Name : |Module : [use_object]|Function : [Msg - update]| [OK_112] object_trace_diagram - '3' a été modifié.
2022-10-15 12:26:23|[INFO]|Session : [c8aud2s1433voj0dvpgrc9medf]|User id : 1|Name : |Module : [use_object]|Function : [Msg - update]| [OK_112] object_trace - '2' a été modifié.
2022-10-15 12:26:38|[INFO]|Session : [ao0f3ta323verp9h8e92p8v7nd]|User id : 1|Name : |Module : [use_object]|Function : [Msg - update]| [OK_112] object_trace_diagram - '3' a été modifié.
2022-10-15 12:26:39|[INFO]|Session : [sumt2n1g6mgeuetqv3iqbajcln]|User id : 1|Name : |Module : [use_object]|Function : [Msg - update]| [OK_112] object_trace - '2' a été modifié.
2022-10-15 12:27:56|[INFO]|Session : [tjtm2julh39bj8g7aln032th7b]|User id : 1|Name : |Module : [use_object]|Function : [Msg - update]| [OK_112] object_trace - '223' a été modifié.
2022-10-15 12:28:17|[INFO]|Session : [p7jf5r3t6bnlonn9n4h7navuos]|User id : 1|Name : |Module : [use_object]|Function : [Msg - update]| [OK_112] object_trace_diagram - '3' a été modifié.
2022-10-15 12:28:19|[INFO]|Session : [jk65tgetib6f00446lbgalieir]|User id : 1|Name : |Module : [use_object]|Function : [Msg - update]| [OK_112] object_trace - '2' a été modifié.
2022-10-15 12:28:20|[INFO]|Session : [nuuv0n7sucfm4bu994fb7lfsec]|User id : 1|Name : |Module : [use_object]|Function : [Msg - update]| [OK_112] object_trace_diagram - '3' a été modifié.
2022-10-15 12:28:21|[INFO]|Session : [gq4i9mndr2kk358ajia3kqfapo]|User id : 1|Name : |Module : [use_object]|Function : [Msg - update]| [OK_112] object_trace - '2' a été modifié.
2022-10-15 12:28:21|[INFO]|Session : [4eq1g36b0qkvvt03i833h7jmg5]|User id : 1|Name : |Module : [use_object]|Function : [Msg - update]| [OK_112] object_trace_diagram - '3' a été modifié.
2022-10-15 12:28:22|[INFO]|Session : [qa2hhnbi9t9irs89ckk6dtupug]|User id : 1|Name : |Module : [use_object]|Function : [Msg - update]| [OK_112] object_trace - '2' a été modifié.
2022-10-15 12:28:23|[INFO]|Session : [v8dthnjgl4e5lvtouuj4u4c1ut]|User id : 1|Name : |Module : [use_object]|Function : [Msg - update]| [OK_112] object_trace_diagram - '3' a été modifié.
2022-10-15 12:28:24|[INFO]|Session : [3h5mu7irks2kerk40mos53cj7k]|User id : 1|Name : |Module : [use_object]|Function : [Msg - update]| [OK_112] object_trace - '2' a été modifié.
2022-10-15 12:28:26|[INFO]|Session : [2c3ter1l8ii1bkvt2r371k062n]|User id : 1|Name : |Module : [use_object]|Function : [Msg - update]| [OK_112] object_trace_diagram - '3' a été modifié.
2022-10-15 12:28:26|[INFO]|Session : [g88b9kqsq287hom3ac0rhm534b]|User id : 1|Name : |Module : [use_object]|Function : [Msg - update]| [OK_112] object_trace - '2' a été modifié.
2022-10-15 12:28:29|[INFO]|Session : [hu0kk4vl5pgrcu8fdsr9fg72oc]|User id : 1|Name : |Module : [use_object]|Function : [Msg - update]| [OK_112] object_trace_diagram - '3' a été modifié.
2022-10-15 12:28:29|[INFO]|Session : [bsrb23v0bg7ka211qtsna6s6n7]|User id : 1|Name : |Module : [use_object]|Function : [Msg - update]| [OK_112] object_trace - '2' a été modifié.
2022-10-15 12:28:32|[INFO]|Session : [4v6tfv6eiq4sa7d8059b3hona3]|User id : 1|Name : |Module : [use_object]|Function : [Msg - update]| [OK_112] object_trace_diagram - '3' a été modifié.
2022-10-15 12:28:33|[INFO]|Session : [jknpleockvd155rfmu2nvh4dr2]|User id : 1|Name : |Module : [use_object]|Function : [Msg - update]| [OK_112] object_trace - '2' a été modifié.
2022-10-15 12:28:36|[INFO]|Session : [vhjo6bjb6ijk9jeu4u5h5ajp7u]|User id : 1|Name : |Module : [use_object]|Function : [Msg - update]| [OK_112] object_trace_diagram - '3' a été modifié.
2022-10-15 12:28:37|[INFO]|Session : [3d186pv0036bbnm6vuaa4nnlnb]|User id : 1|Name : |Module : [use_object]|Function : [Msg - update]| [OK_112] object_trace - '2' a été modifié.
2022-10-15 12:28:38|[INFO]|Session : [34bslp3brtm9grmt0pks8kl8q0]|User id : 1|Name : |Module : [use_object]|Function : [Msg - update]| [OK_112] object_trace_diagram - '3' a été modifié.
2022-10-15 12:28:41|[INFO]|Session : [rio8m9kfo70gosn64k5v7olp3a]|User id : 1|Name : |Module : [use_object]|Function : [Msg - update]| [OK_112] object_trace - '2' a été modifié.
2022-10-15 12:28:41|[INFO]|Session : [v99r61g3cg80cjv4eg0bdkhfs6]|User id : 1|Name : |Module : [use_object]|Function : [Msg - update]| [OK_112] object_trace_diagram - '3' a été modifié.
2022-10-15 12:28:43|[INFO]|Session : [1b6kko1fr57r77sdl4e9i0pted]|User id : 1|Name : |Module : [use_object]|Function : [Msg - update]| [OK_112] object_trace - '2' a été modifié.
2022-10-15 12:28:43|[INFO]|Session : [h1js6rroqnec544bql9bhi20kr]|User id : 1|Name : |Module : [use_object]|Function : [Msg - update]| [OK_112] object_trace_diagram - '3' a été modifié.
2022-10-15 12:28:44|[INFO]|Session : [3ud4n577raarqv9qaq29bsm437]|User id : 1|Name : |Module : [use_object]|Function : [Msg - update]| [OK_112] object_trace - '2' a été modifié.
2022-10-15 12:28:51|[INFO]|Session : [84jqu1k24tq1ra1qfaarcuv08u]|User id : 1|Name : |Module : [use_object]|Function : [Msg - update]| [OK_112] object_trace_diagram - '3' a été modifié.
2022-10-15 12:28:51|[INFO]|Session : [dmgtq2hiq5d894lp8ujfueivaj]|User id : 1|Name : |Module : [use_object]|Function : [Msg - update]| [OK_112] object_trace - '2' a été modifié.
2022-10-15 12:28:54|[INFO]|Session : [1la6n58hjfjr3l3drbkk674sq2]|User id : 1|Name : |Module : [use_object]|Function : [Msg - update]| [OK_112] object_trace_diagram - '3' a été modifié.
2022-10-15 12:28:54|[INFO]|Session : [u1usgdaps6u80b7i9h1ha0nq9t]|User id : 1|Name : |Module : [use_object]|Function : [Msg - update]| [OK_112] object_trace - '2' a été modifié.
2022-10-15 12:33:38|[INFO]|Session : [ngcjgksi03ntgks86esod8kk4l]|User id : 1|Name : |Module : [use_object]|Function : [Msg - update]| [OK_112] object_trace - '224' a été modifié.
2022-10-15 12:36:00|[INFO]|Session : [0kasggsu3rrqnu658fjjj6bi4d]|User id : 1|Name : |Module : [use_object]|Function : [Msg - update]| [OK_112] object_trace - '2' a été modifié.
2022-10-15 12:36:03|[INFO]|Session : [tsj3v70608or84sp9757dgpj4b]|User id : 1|Name : |Module : [use_object]|Function : [Msg - update]| [OK_112] object_trace - '2' a été modifié.
2022-10-15 12:39:31|[INFO]|Session : [f59q5ejvmal3l4qk73r0ld8tk4]|User id : 1|Name : |Module : [use_object]|Function : [Msg - update]| [OK_112] object_trace - '225' a été modifié.
2022-10-15 12:41:00|[INFO]|Session : [6klj2j6i8491ek1g6t3nntlj7l]|User id : 1|Name : |Module : [use_object]|Function : [Msg - update]| [OK_112] object_trace - '226' a été modifié.
2022-10-15 12:41:29|[INFO]|Session : [7jpve5qvb74raim6f9de2klc2i]|User id : 1|Name : |Module : [use_object]|Function : [Msg - update]| [OK_112] object_trace_diagram - '3' a été modifié.
2022-10-15 12:41:30|[INFO]|Session : [q3n3qe750qfdqh90dm5vvsp65u]|User id : 1|Name : |Module : [use_object]|Function : [Msg - update]| [OK_112] object_trace - '2' a été modifié.
2022-10-15 12:41:31|[INFO]|Session : [sr8ljphmm6p4f8skpii6kaeqs6]|User id : 1|Name : |Module : [use_object]|Function : [Msg - update]| [OK_112] object_trace_diagram - '3' a été modifié.
2022-10-15 12:41:32|[INFO]|Session : [gn25nfemgv1djtc18pq8hdkeen]|User id : 1|Name : |Module : [use_object]|Function : [Msg - update]| [OK_112] object_trace - '2' a été modifié.
2022-10-15 12:41:33|[INFO]|Session : [3ims8gkjerjm058v1cim9p4k87]|User id : 1|Name : |Module : [use_object]|Function : [Msg - update]| [OK_112] object_trace_diagram - '3' a été modifié.
2022-10-15 12:41:35|[INFO]|Session : [bkllue14p0a1kmvgkgpb3cjfi6]|User id : 1|Name : |Module : [use_object]|Function : [Msg - update]| [OK_112] object_trace - '2' a été modifié.
2022-10-15 12:42:28|[INFO]|Session : [orc94k465ftuv7n822pri8j31f]|User id : 1|Name : |Module : [use_object]|Function : [Msg - update]| [OK_112] object_trace - '227' a été modifié.
2022-10-15 12:42:33|[INFO]|Session : [eo2gtujuvuj39mk91uhcgm3435]|User id : 1|Name : |Module : [use_object]|Function : [Msg - update]| [OK_112] object_trace - '227' a été modifié.
2022-10-15 12:42:48|[INFO]|Session : [pbpkvqiefeiqfjpnucq9ihkhtv]|User id : 1|Name : |Module : [use_object]|Function : [Msg - update]| [OK_112] object_trace_diagram - '3' a été modifié.
2022-10-15 12:42:49|[INFO]|Session : [t6vdkchh0sjn22ojgpban6i6jq]|User id : 1|Name : |Module : [use_object]|Function : [Msg - update]| [OK_112] object_trace - '2' a été modifié.
2022-10-15 12:42:50|[INFO]|Session : [c9l8ekhjop90eaetvknk1sk0dm]|User id : 1|Name : |Module : [use_object]|Function : [Msg - update]| [OK_112] object_trace_diagram - '3' a été modifié.
2022-10-15 12:42:52|[INFO]|Session : [dmjdqfd9gqp58fkpucqo702q2u]|User id : 1|Name : |Module : [use_object]|Function : [Msg - update]| [OK_112] object_trace - '2' a été modifié.
2022-10-15 12:42:52|[INFO]|Session : [fot5503arodelnrevr49kh8a6c]|User id : 1|Name : |Module : [use_object]|Function : [Msg - update]| [OK_112] object_trace_diagram - '3' a été modifié.
2022-10-15 12:42:53|[INFO]|Session : [u3icgcqdd5fihef1a35r0bclol]|User id : 1|Name : |Module : [use_object]|Function : [Msg - update]| [OK_112] object_trace - '2' a été modifié.
2022-10-15 12:42:55|[INFO]|Session : [u1482qjr0hlodsqcadbc16l71v]|User id : 1|Name : |Module : [use_object]|Function : [Msg - update]| [OK_112] object_trace_diagram - '3' a été modifié.
2022-10-15 12:42:56|[INFO]|Session : [j0813sgc3s35ithafeg1j6u93q]|User id : 1|Name : |Module : [use_object]|Function : [Msg - update]| [OK_112] object_trace - '2' a été modifié.
2022-10-15 12:42:58|[INFO]|Session : [smai22ps73vrjqkgg56vpkiosl]|User id : 1|Name : |Module : [use_object]|Function : [Msg - update]| [OK_112] object_trace_diagram - '3' a été modifié.
2022-10-15 12:42:58|[INFO]|Session : [biqh4rk1s8o6jaa6o4om8lf9gb]|User id : 1|Name : |Module : [use_object]|Function : [Msg - update]| [OK_112] object_trace - '2' a été modifié.
2022-10-15 12:43:03|[INFO]|Session : [nj9gb3ujhm6eqpr30aj2ke7vsa]|User id : 1|Name : |Module : [use_object]|Function : [Msg - update]| [OK_112] object_trace_diagram - '3' a été modifié.
2022-10-15 12:43:04|[INFO]|Session : [g0ol768oos6jqafae36smahnp8]|User id : 1|Name : |Module : [use_object]|Function : [Msg - update]| [OK_112] object_trace - '2' a été modifié.
2022-10-15 12:44:11|[INFO]|Session : [rpkhlbpo0tlob75gavciukrve8]|User id : 1|Name : |Module : [use_object]|Function : [Msg - update]| [OK_112] object_trace_diagram - '3' a été modifié.
2022-10-15 12:44:12|[INFO]|Session : [3rgv87ktoi1mc63e6ougbau65v]|User id : 1|Name : |Module : [use_object]|Function : [Msg - update]| [OK_112] object_trace - '2' a été modifié.
2022-10-15 12:52:35|[INFO]|Session : [06enbb8bhucb42psun932f6tj1]|User id : 1|Name : |Module : [use_object]|Function : [Msg - update]| [OK_112] object_trace - '228' a été modifié.
2022-10-15 12:52:46|[ERROR]|Session : [5fds56560g4kfj4977j5kguucg]|User id : 1|Name : |Module : [use_connect]|Function : [connect - require_once]| [KO_100] Informations de connexion incorrectes. Vous pouvez réessayer.
2022-10-15 12:53:01|[INFO]|Session : [smaskn4ml0ra7ufd4tddjouprn]|User id : 1|Name : |Module : [use_object]|Function : [Msg - update]| [OK_112] object_trace_diagram - '3' a été modifié.
2022-10-15 12:53:02|[INFO]|Session : [4485oeinfjn34pmp4e0ec0hats]|User id : 1|Name : |Module : [use_object]|Function : [Msg - update]| [OK_112] object_trace - '2' a été modifié.
2022-10-15 12:53:03|[INFO]|Session : [uka3k97c2u6ev8ikc7ug79nm9o]|User id : 1|Name : |Module : [use_object]|Function : [Msg - update]| [OK_112] object_trace_diagram - '3' a été modifié.
2022-10-15 12:53:04|[INFO]|Session : [td0qi9i2dgcdbdm8njr085pijf]|User id : 1|Name : |Module : [use_object]|Function : [Msg - update]| [OK_112] object_trace - '2' a été modifié.
2022-10-15 12:53:06|[INFO]|Session : [0hagj5kvf0v8adgg9947mt95qa]|User id : 1|Name : |Module : [use_object]|Function : [Msg - update]| [OK_112] object_trace_diagram - '3' a été modifié.
2022-10-15 12:53:06|[INFO]|Session : [j9ohplmbflb50fs3doh913cngr]|User id : 1|Name : |Module : [use_object]|Function : [Msg - update]| [OK_112] object_trace - '2' a été modifié.
2022-10-15 12:53:07|[INFO]|Session : [p3rid9qttdagnb5c8don9lq8rv]|User id : 1|Name : |Module : [use_object]|Function : [Msg - update]| [OK_112] object_trace_diagram - '3' a été modifié.
2022-10-15 12:53:07|[INFO]|Session : [kgkagh77m9cl1lkjtq8b7qtas4]|User id : 1|Name : |Module : [use_object]|Function : [Msg - update]| [OK_112] object_trace - '2' a été modifié.
2022-10-15 12:53:10|[INFO]|Session : [plrt350tbutqd3lvdugj7f4b5c]|User id : 1|Name : |Module : [use_object]|Function : [Msg - update]| [OK_112] object_trace_diagram - '3' a été modifié.
2022-10-15 12:53:10|[INFO]|Session : [p8b8v06op2ktbej8or85h9ajst]|User id : 1|Name : |Module : [use_object]|Function : [Msg - update]| [OK_112] object_trace - '2' a été modifié.
2022-10-15 12:53:14|[INFO]|Session : [lt3ur75v4etsojb55eoaigfp2t]|User id : 1|Name : |Module : [use_object]|Function : [Msg - update]| [OK_112] object_trace_diagram - '3' a été modifié.
2022-10-15 12:53:15|[INFO]|Session : [0s52u9u8lhotgt7qikvpj915jl]|User id : 1|Name : |Module : [use_object]|Function : [Msg - update]| [OK_112] object_trace - '2' a été modifié.
2022-10-15 12:53:17|[INFO]|Session : [qeaith01ntihuflm0bmk4d8b6d]|User id : 1|Name : |Module : [use_object]|Function : [Msg - update]| [OK_112] object_trace_diagram - '3' a été modifié.
2022-10-15 12:53:17|[INFO]|Session : [im7a9op1tb6r081170sn1g1134]|User id : 1|Name : |Module : [use_object]|Function : [Msg - update]| [OK_112] object_trace - '2' a été modifié.
2022-10-15 12:53:19|[INFO]|Session : [ott0na9bogsb5j3beac41nqcnr]|User id : 1|Name : |Module : [use_object]|Function : [Msg - update]| [OK_112] object_trace_diagram - '3' a été modifié.
2022-10-15 12:53:19|[INFO]|Session : [1ige0h75lignjgmnes1656l9bk]|User id : 1|Name : |Module : [use_object]|Function : [Msg - update]| [OK_112] object_trace - '2' a été modifié.
2022-10-15 12:53:20|[INFO]|Session : [u05akl8nacck90ugl30u89lehp]|User id : 1|Name : |Module : [use_object]|Function : [Msg - update]| [OK_112] object_trace_diagram - '3' a été modifié.
2022-10-15 12:53:20|[INFO]|Session : [ceaddnlkneoqi0g57976deopr1]|User id : 1|Name : |Module : [use_object]|Function : [Msg - update]| [OK_112] object_trace - '2' a été modifié.
2022-10-15 12:53:22|[INFO]|Session : [0snihg4uf9sd47tmotc41gu6gs]|User id : 1|Name : |Module : [use_object]|Function : [Msg - update]| [OK_112] object_trace_diagram - '3' a été modifié.
2022-10-15 12:53:23|[INFO]|Session : [4p12ia823rp4tkh5r35ln9ipj8]|User id : 1|Name : |Module : [use_object]|Function : [Msg - update]| [OK_112] object_trace - '2' a été modifié.
2022-10-15 23:25:17|[INFO]|Session : [ppmj1dc41s97nac0g3bs8b2m5t]|User id : 1|Name : |Module : [use_object]|Function : [Msg - update]| [OK_112] object_trace - '229' a été modifié.
2022-10-15 23:25:37|[INFO]|Session : [tn9djr3cnbr36tqajj0i2qbt2i]|User id : 1|Name : |Module : [use_object]|Function : [Msg - update]| [OK_112] object_trace_diagram - '3' a été modifié.
2022-10-15 23:25:39|[INFO]|Session : [jrq0q5t0p0lph75fkujl3bvm1j]|User id : 1|Name : |Module : [use_object]|Function : [Msg - update]| [OK_112] object_trace - '2' a été modifié.
2022-10-15 23:25:41|[INFO]|Session : [jv1emaeit4j2e5sppg0g2k521u]|User id : 1|Name : |Module : [use_object]|Function : [Msg - update]| [OK_112] object_trace_diagram - '3' a été modifié.
2022-10-15 23:25:42|[INFO]|Session : [da788gp4skafrtmp52qvk6vqkq]|User id : 1|Name : |Module : [use_object]|Function : [Msg - update]| [OK_112] object_trace - '2' a été modifié.
2022-10-15 23:25:44|[INFO]|Session : [p7qerknmorqs3oimvaf9fh2vgg]|User id : 1|Name : |Module : [use_object]|Function : [Msg - update]| [OK_112] object_trace_diagram - '3' a été modifié.
2022-10-15 23:25:46|[INFO]|Session : [ov6lhtv6a28cfcqnf3hp0j8ul8]|User id : 1|Name : |Module : [use_object]|Function : [Msg - update]| [OK_112] object_trace - '2' a été modifié.
2022-10-15 23:25:48|[INFO]|Session : [ocstsaosiied5o8jbten4tqmls]|User id : 1|Name : |Module : [use_object]|Function : [Msg - update]| [OK_112] object_trace_diagram - '3' a été modifié.
2022-10-15 23:25:51|[INFO]|Session : [pe2clu05h6s9mjb7socmqgtnl1]|User id : 1|Name : |Module : [use_object]|Function : [Msg - update]| [OK_112] object_trace - '2' a été modifié.
2022-10-15 23:25:54|[INFO]|Session : [go8i8kk83278e8qi2p0k1h69ra]|User id : 1|Name : |Module : [use_object]|Function : [Msg - update]| [OK_112] object_trace_diagram - '3' a été modifié.
2022-10-15 23:25:55|[INFO]|Session : [44bs0qut5n9dpsgfqtjftfdnle]|User id : 1|Name : |Module : [use_object]|Function : [Msg - update]| [OK_112] object_trace - '2' a été modifié.
2022-10-15 23:25:56|[INFO]|Session : [3pdog6q1kmf5bu7lge70mr6lkm]|User id : 1|Name : |Module : [use_object]|Function : [Msg - update]| [OK_112] object_trace_diagram - '3' a été modifié.
2022-10-15 23:25:58|[INFO]|Session : [1t3uknjf9q4lbcue8117vjou6h]|User id : 1|Name : |Module : [use_object]|Function : [Msg - update]| [OK_112] object_trace - '2' a été modifié.
2022-10-15 23:26:01|[INFO]|Session : [uvemiaar2oacfmmskvsvj0cut7]|User id : 1|Name : |Module : [use_object]|Function : [Msg - update]| [OK_112] object_trace_diagram - '3' a été modifié.
2022-10-15 23:26:02|[INFO]|Session : [dnm4okusackp81hibf2nicif2l]|User id : 1|Name : |Module : [use_object]|Function : [Msg - update]| [OK_112] object_trace - '2' a été modifié.
2022-10-15 23:26:05|[INFO]|Session : [f433i2nuc03asgm7sjs26hpl1g]|User id : 1|Name : |Module : [use_object]|Function : [Msg - update]| [OK_112] object_trace_diagram - '3' a été modifié.
2022-10-15 23:26:06|[INFO]|Session : [butnh45gu0de3v4s7kktt4qpnm]|User id : 1|Name : |Module : [use_object]|Function : [Msg - update]| [OK_112] object_trace - '2' a été modifié.
2022-10-15 23:26:09|[INFO]|Session : [mbuml9qmn20bc0fk3nebcpl70q]|User id : 1|Name : |Module : [use_object]|Function : [Msg - update]| [OK_112] object_trace_diagram - '3' a été modifié.
2022-10-15 23:26:12|[INFO]|Session : [tko4pa85qb9b63qfod5rj2nhha]|User id : 1|Name : |Module : [use_object]|Function : [Msg - update]| [OK_112] object_trace - '2' a été modifié.
2022-10-15 23:26:14|[INFO]|Session : [hramkc4c9pe60fjggdvku2f334]|User id : 1|Name : |Module : [use_object]|Function : [Msg - update]| [OK_112] object_trace_diagram - '3' a été modifié.
2022-10-15 23:26:16|[INFO]|Session : [u72qvefua6dtq0mj9nchgc0p2g]|User id : 1|Name : |Module : [use_object]|Function : [Msg - update]| [OK_112] object_trace - '2' a été modifié.
2022-10-15 23:26:17|[INFO]|Session : [11i326qjmfjprs9avjk4celiim]|User id : 1|Name : |Module : [use_object]|Function : [Msg - update]| [OK_112] object_trace_diagram - '3' a été modifié.
2022-10-15 23:26:20|[INFO]|Session : [h43856st72v8998e1e6hc4mfb9]|User id : 1|Name : |Module : [use_object]|Function : [Msg - update]| [OK_112] object_trace - '2' a été modifié.
2022-10-15 23:26:21|[INFO]|Session : [9ijnmcu2d4iiqf8m5bdii6id2l]|User id : 1|Name : |Module : [use_object]|Function : [Msg - update]| [OK_112] object_trace_diagram - '3' a été modifié.
2022-10-15 23:26:23|[INFO]|Session : [pan0vca87sn7o0qbv3fg0iuguk]|User id : 1|Name : |Module : [use_object]|Function : [Msg - update]| [OK_112] object_trace - '2' a été modifié.
2022-10-15 23:26:26|[INFO]|Session : [n6s62gt8vi59iiqqies9ldmmi0]|User id : 1|Name : |Module : [use_object]|Function : [Msg - update]| [OK_112] object_trace_diagram - '3' a été modifié.
2022-10-15 23:26:28|[INFO]|Session : [j9hd0vv495h84a4lfavb3elliu]|User id : 1|Name : |Module : [use_object]|Function : [Msg - update]| [OK_112] object_trace - '2' a été modifié.
2022-10-15 23:26:31|[INFO]|Session : [ahma9c7atln8evj0fjikii0v20]|User id : 1|Name : |Module : [use_object]|Function : [Msg - update]| [OK_112] object_trace_diagram - '3' a été modifié.
2022-10-15 23:26:33|[INFO]|Session : [j9pct9mkfn57kbdd3l6mfhmhh6]|User id : 1|Name : |Module : [use_object]|Function : [Msg - update]| [OK_112] object_trace - '2' a été modifié.
2022-10-15 23:27:16|[INFO]|Session : [n7rcucaqlvieid26s48m3npfav]|User id : 1|Name : |Module : [use_object]|Function : [Msg - update]| [OK_112] object_trace_diagram - '3' a été modifié.
2022-10-15 23:27:18|[INFO]|Session : [7jna2rcm30ffcuqp9vmitshiap]|User id : 1|Name : |Module : [use_object]|Function : [Msg - update]| [OK_112] object_trace - '2' a été modifié.
2022-10-15 23:27:20|[INFO]|Session : [3bqhlltqeo6kg49abq4iuvkski]|User id : 1|Name : |Module : [use_object]|Function : [Msg - update]| [OK_112] object_trace_diagram - '3' a été modifié.
2022-10-15 23:27:22|[INFO]|Session : [jdl62pt3901u9qeur456n105mi]|User id : 1|Name : |Module : [use_object]|Function : [Msg - update]| [OK_112] object_trace - '2' a été modifié.
2022-10-15 23:29:19|[INFO]|Session : [jfm3q61c327dljf54um6dfit3l]|User id : 1|Name : |Module : [use_object]|Function : [Msg - update]| [OK_112] object_trace_diagram - '3' a été modifié.
2022-10-15 23:29:22|[INFO]|Session : [352o8ecjo6r1mk3991mdnfos2o]|User id : 1|Name : |Module : [use_object]|Function : [Msg - update]| [OK_112] object_trace - '2' a été modifié.
2022-10-15 23:31:49|[INFO]|Session : [9464n1md1i9gl3q78hpoik4p5i]|User id : 1|Name : |Module : [use_object]|Function : [Msg - update]| [OK_112] object_trace - '230' a été modifié.
2022-10-15 23:32:05|[INFO]|Session : [jt5a6fjkv15jr8ph48bstoeis0]|User id : 1|Name : |Module : [use_object]|Function : [Msg - update]| [OK_112] object_trace_diagram - '3' a été modifié.
2022-10-15 23:32:07|[INFO]|Session : [nversk25j57dsf5h1hmf4d1jk5]|User id : 1|Name : |Module : [use_object]|Function : [Msg - update]| [OK_112] object_trace - '2' a été modifié.
2022-10-15 23:32:10|[INFO]|Session : [s3ntr6lv9j05s425vrsb63vi5s]|User id : 1|Name : |Module : [use_object]|Function : [Msg - update]| [OK_112] object_trace_diagram - '3' a été modifié.
2022-10-15 23:32:11|[INFO]|Session : [j5filp335a5gp74n737d42567c]|User id : 1|Name : |Module : [use_object]|Function : [Msg - update]| [OK_112] object_trace - '2' a été modifié.
2022-10-15 23:32:12|[INFO]|Session : [96pa89nsq8vdsdc3iao9le4ivl]|User id : 1|Name : |Module : [use_object]|Function : [Msg - update]| [OK_112] object_trace_diagram - '3' a été modifié.
2022-10-15 23:32:15|[INFO]|Session : [absvli0s68bv3gsinb5i5sdaa6]|User id : 1|Name : |Module : [use_object]|Function : [Msg - update]| [OK_112] object_trace - '2' a été modifié.
2022-10-15 23:32:17|[INFO]|Session : [759k7qa25mjn624nbbtgfnrvfh]|User id : 1|Name : |Module : [use_object]|Function : [Msg - update]| [OK_112] object_trace_diagram - '3' a été modifié.
2022-10-15 23:32:18|[INFO]|Session : [kqegnkhh5b03inp2kt6d39n5lm]|User id : 1|Name : |Module : [use_object]|Function : [Msg - update]| [OK_112] object_trace - '2' a été modifié.
2022-10-15 23:32:19|[INFO]|Session : [aa6921r7mpg2hm0ag5mk13slut]|User id : 1|Name : |Module : [use_object]|Function : [Msg - update]| [OK_112] object_trace_diagram - '3' a été modifié.
2022-10-15 23:32:22|[INFO]|Session : [jc1gvi14v3ogmg28qbimh5pbts]|User id : 1|Name : |Module : [use_object]|Function : [Msg - update]| [OK_112] object_trace - '2' a été modifié.
2022-10-15 23:32:43|[INFO]|Session : [j3ainuspk6qnspq8m4m02s6tsu]|User id : 1|Name : |Module : [use_object]|Function : [Msg - update]| [OK_112] object_trace_diagram - '3' a été modifié.
2022-10-15 23:32:45|[INFO]|Session : [gtnv1tk392n6gl6dre4s1ir5ic]|User id : 1|Name : |Module : [use_object]|Function : [Msg - update]| [OK_112] object_trace - '2' a été modifié.
