2022-08-05 00:23:53|[INFO]|Session : [4bhejbfv5gbii30llb309145en]|User id : 1|Name : |Module : [use_object]|Function : [Msg - update]| [OK_112] object_trace - '9' a été modifié.
2022-08-05 00:23:57|[INFO]|Session : [penjoiu6qg43a0qf6f2pa2bjjt]|User id : 1|Name : |Module : [use_object]|Function : [Msg - update]| [OK_112] object_trace_diagram - '19' a été modifié.
2022-08-05 00:23:58|[INFO]|Session : [l9iv7m91ish9sbqnuo9s78ae78]|User id : 1|Name : |Module : [use_object]|Function : [Msg - update]| [OK_112] object_trace - '9' a été modifié.
2022-08-05 00:23:59|[INFO]|Session : [07c6pu5t266pmaslq029rvufjs]|User id : 1|Name : |Module : [use_object]|Function : [Msg - update]| [OK_112] object_trace_diagram - '19' a été modifié.
2022-08-05 00:24:00|[INFO]|Session : [oc8gcvf5r0bak6f7o6p8fv3s6g]|User id : 1|Name : |Module : [use_object]|Function : [Msg - update]| [OK_112] object_trace - '9' a été modifié.
2022-08-05 00:24:00|[INFO]|Session : [c4tk3c5q8hd2j2hc1uvnuvbjv2]|User id : 1|Name : |Module : [use_object]|Function : [Msg - update]| [OK_112] object_trace_diagram - '19' a été modifié.
2022-08-05 00:24:01|[INFO]|Session : [nspbnd3312qibjlm0et2824gca]|User id : 1|Name : |Module : [use_object]|Function : [Msg - update]| [OK_112] object_trace - '9' a été modifié.
2022-08-05 00:24:01|[INFO]|Session : [937m38cf5u2s1nolgrckla2t0s]|User id : 1|Name : |Module : [use_object]|Function : [Msg - update]| [OK_112] object_trace_diagram - '19' a été modifié.
2022-08-05 00:24:01|[INFO]|Session : [j8j0845hr08qeff82luk8grglo]|User id : 1|Name : |Module : [use_object]|Function : [Msg - update]| [OK_112] object_trace - '9' a été modifié.
2022-08-05 00:24:02|[INFO]|Session : [csutmq1o032gv8qeohiqu5oed1]|User id : 1|Name : |Module : [use_object]|Function : [Msg - update]| [OK_112] object_trace_diagram - '19' a été modifié.
2022-08-05 00:24:02|[INFO]|Session : [8jt20nrarbhi7homq8ikc3oign]|User id : 1|Name : |Module : [use_object]|Function : [Msg - update]| [OK_112] object_trace - '9' a été modifié.
2022-08-05 00:24:03|[INFO]|Session : [smjtpi0jj8anfeliar82o4j0jk]|User id : 1|Name : |Module : [use_object]|Function : [Msg - update]| [OK_112] object_trace_diagram - '19' a été modifié.
2022-08-05 00:24:03|[INFO]|Session : [ih3pap1vaec9p3ehqq9lq7vpmi]|User id : 1|Name : |Module : [use_object]|Function : [Msg - update]| [OK_112] object_trace - '9' a été modifié.
2022-08-05 00:24:04|[INFO]|Session : [qbknm6utcc76f77nfrtcfn0i1s]|User id : 1|Name : |Module : [use_object]|Function : [Msg - update]| [OK_112] object_trace_diagram - '19' a été modifié.
2022-08-05 00:24:04|[INFO]|Session : [0324dnt0g55flmsd3ncku4jafe]|User id : 1|Name : |Module : [use_object]|Function : [Msg - update]| [OK_112] object_trace - '9' a été modifié.
2022-08-05 00:24:06|[INFO]|Session : [b76mejcjlk49ebrpm5kdg38r3u]|User id : 1|Name : |Module : [use_object]|Function : [Msg - update]| [OK_112] object_trace - '9' a été modifié.
2022-08-05 00:24:09|[INFO]|Session : [ed2i29p5tm1ke4o6ivtj278ena]|User id : 1|Name : |Module : [use_object]|Function : [Msg - update]| [OK_112] object_trace - '9' a été modifié.
2022-08-05 00:24:21|[INFO]|Session : [dh4ki3h29l6ln2ti2pefb1hqqf]|User id : 1|Name : |Module : [use_object]|Function : [Msg - update]| [OK_112] object_trace - '9' a été modifié.
2022-08-05 00:24:28|[INFO]|Session : [ntkah8siqpgnq1rrha2p4um6mp]|User id : 1|Name : |Module : [use_object]|Function : [Msg - update]| [OK_112] object_trace - '9' a été modifié.
2022-08-05 00:24:28|[INFO]|Session : [rs5ae8uend05ie64q8ogn6dios]|User id : 1|Name : |Module : [use_object]|Function : [Msg - update]| [OK_112] object_trace - '9' a été modifié.
2022-08-05 00:24:29|[INFO]|Session : [6d9eno3ja8c8ot9vjmagptsrqj]|User id : 1|Name : |Module : [use_object]|Function : [Msg - update]| [OK_112] object_trace - '9' a été modifié.
2022-08-05 00:24:30|[INFO]|Session : [e0pp99c3dueup7alo69isnk2r2]|User id : 1|Name : |Module : [use_object]|Function : [Msg - update]| [OK_112] object_trace - '9' a été modifié.
2022-08-05 00:24:31|[INFO]|Session : [edn29v61r0ok0fmmhqjf4gqdbn]|User id : 1|Name : |Module : [use_object]|Function : [Msg - update]| [OK_112] object_trace - '9' a été modifié.
2022-08-05 00:24:31|[INFO]|Session : [rtac32uf09da90rf9771qqj9fe]|User id : 1|Name : |Module : [use_object]|Function : [Msg - update]| [OK_112] object_trace - '9' a été modifié.
2022-08-05 00:24:33|[INFO]|Session : [k75vcu4h3f3bqc7mu3kpuaucsl]|User id : 1|Name : |Module : [use_object]|Function : [Msg - update]| [OK_112] object_trace - '9' a été modifié.
2022-08-05 00:24:33|[INFO]|Session : [4fv1sjtsp0li0jnr9vdcv68c96]|User id : 1|Name : |Module : [use_object]|Function : [Msg - update]| [OK_112] object_trace - '9' a été modifié.
2022-08-05 00:24:34|[INFO]|Session : [m57ttrqhtl5fk9eejgsr2qcqmf]|User id : 1|Name : |Module : [use_object]|Function : [Msg - update]| [OK_112] object_trace - '9' a été modifié.
2022-08-05 00:24:34|[INFO]|Session : [saufspcn7gn63kpr7bpqk1il1s]|User id : 1|Name : |Module : [use_object]|Function : [Msg - update]| [OK_112] object_trace - '9' a été modifié.
2022-08-05 00:24:34|[INFO]|Session : [c4cc0b2bmug2d96roprlfv2lhq]|User id : 1|Name : |Module : [use_object]|Function : [Msg - update]| [OK_112] object_trace - '9' a été modifié.
2022-08-05 00:24:43|[INFO]|Session : [i6uh972hmmio7271erj6csapug]|User id : 1|Name : |Module : [use_object]|Function : [Msg - update]| [OK_112] object_trace - '9' a été modifié.
2022-08-05 00:24:43|[INFO]|Session : [cpi5ljb6q7mga1vd9v07e98ctn]|User id : 1|Name : |Module : [use_object]|Function : [Msg - update]| [OK_112] object_trace - '9' a été modifié.
2022-08-05 00:24:44|[INFO]|Session : [5d3kifpvfel0umn6rdlu079e8u]|User id : 1|Name : |Module : [use_object]|Function : [Msg - update]| [OK_112] object_trace - '9' a été modifié.
2022-08-05 00:24:44|[INFO]|Session : [umiju0dqldvii88qqvlmhula11]|User id : 1|Name : |Module : [use_object]|Function : [Msg - update]| [OK_112] object_trace - '9' a été modifié.
2022-08-05 00:24:44|[INFO]|Session : [i2hfq1ln2t0r6g9jc4rda6qk97]|User id : 1|Name : |Module : [use_object]|Function : [Msg - update]| [OK_112] object_trace - '9' a été modifié.
2022-08-05 00:25:09|[INFO]|Session : [81s3uu9s7qvq41v82fac642jrk]|User id : 1|Name : |Module : [use_object]|Function : [Msg - update]| [OK_112] object_trace - '9' a été modifié.
2022-08-05 00:25:10|[INFO]|Session : [vbc2ej29am5dbfr13cdcdse94m]|User id : 1|Name : |Module : [use_object]|Function : [Msg - update]| [OK_112] object_trace - '9' a été modifié.
2022-08-05 00:25:10|[INFO]|Session : [ue8dq7c6kmn8bl6dkf6b4ilcs0]|User id : 1|Name : |Module : [use_object]|Function : [Msg - update]| [OK_112] object_trace - '9' a été modifié.
2022-08-05 00:25:10|[INFO]|Session : [p7doq69pe053ma8cmcep7n1kg4]|User id : 1|Name : |Module : [use_object]|Function : [Msg - update]| [OK_112] object_trace - '9' a été modifié.
2022-08-05 00:25:11|[INFO]|Session : [bst6v6o9fgv5ptm20pv3u6l6c4]|User id : 1|Name : |Module : [use_object]|Function : [Msg - update]| [OK_112] object_trace - '9' a été modifié.
2022-08-05 00:25:11|[INFO]|Session : [r7dcsq20b9dtkjlbhi33lmeq1a]|User id : 1|Name : |Module : [use_object]|Function : [Msg - update]| [OK_112] object_trace - '9' a été modifié.
2022-08-05 00:25:15|[INFO]|Session : [np5l78t69t55pgfhqmjcdr8fdv]|User id : 1|Name : |Module : [use_object]|Function : [Msg - update]| [OK_112] object_trace - '9' a été modifié.
2022-08-05 00:25:16|[INFO]|Session : [bkippm170oqasq0tafgogtola4]|User id : 1|Name : |Module : [use_object]|Function : [Msg - update]| [OK_112] object_trace - '9' a été modifié.
2022-08-05 00:25:16|[INFO]|Session : [d6vrt3vgofj1es5ve72oeg3d2s]|User id : 1|Name : |Module : [use_object]|Function : [Msg - update]| [OK_112] object_trace - '9' a été modifié.
2022-08-05 00:25:16|[INFO]|Session : [iumsm0pt1dvgdcf5use1uscvsh]|User id : 1|Name : |Module : [use_object]|Function : [Msg - update]| [OK_112] object_trace - '9' a été modifié.
2022-08-05 00:25:19|[INFO]|Session : [q3htj501n05ml2ntp3jg3jc2e2]|User id : 1|Name : |Module : [use_object]|Function : [Msg - update]| [OK_112] object_trace - '9' a été modifié.
2022-08-05 00:25:19|[INFO]|Session : [buhfl0s13cpna1cabgrbq75bq9]|User id : 1|Name : |Module : [use_object]|Function : [Msg - update]| [OK_112] object_trace - '9' a été modifié.
2022-08-05 00:25:29|[INFO]|Session : [q259id9pm7ncb3m1b10tiqd0qa]|User id : 1|Name : |Module : [use_object]|Function : [Msg - update]| [OK_112] object_trace - '9' a été modifié.
2022-08-05 00:25:30|[INFO]|Session : [3j6s5k51uj1ir5vrnhdvn74qoc]|User id : 1|Name : |Module : [use_object]|Function : [Msg - update]| [OK_112] object_trace - '9' a été modifié.
2022-08-05 00:25:31|[INFO]|Session : [e90an696lpgrgt2dhnd0i2tk86]|User id : 1|Name : |Module : [use_object]|Function : [Msg - update]| [OK_112] object_trace - '9' a été modifié.
2022-08-05 00:25:31|[INFO]|Session : [bafv5vr2r5gmc4vputofok80fa]|User id : 1|Name : |Module : [use_object]|Function : [Msg - update]| [OK_112] object_trace - '9' a été modifié.
2022-08-05 00:25:32|[INFO]|Session : [bksvrvfovrm1vlbgm277cb97c0]|User id : 1|Name : |Module : [use_object]|Function : [Msg - update]| [OK_112] object_trace - '9' a été modifié.
2022-08-05 00:25:33|[INFO]|Session : [vchhrjqhqr3qfldld1lpbtt0q2]|User id : 1|Name : |Module : [use_object]|Function : [Msg - update]| [OK_112] object_trace - '9' a été modifié.
2022-08-05 00:25:35|[INFO]|Session : [pilq1pe9n1a1fkte227g9ebqtr]|User id : 1|Name : |Module : [use_object]|Function : [Msg - update]| [OK_112] object_trace - '9' a été modifié.
2022-08-05 00:25:36|[INFO]|Session : [oigto0reomifhtt48tcul6ghsl]|User id : 1|Name : |Module : [use_object]|Function : [Msg - update]| [OK_112] object_trace - '9' a été modifié.
2022-08-05 00:25:36|[INFO]|Session : [1tgcc432kgq142e2jebm0rheed]|User id : 1|Name : |Module : [use_object]|Function : [Msg - update]| [OK_112] object_trace - '9' a été modifié.
2022-08-05 00:25:36|[INFO]|Session : [k3ns5sn4gcqt2a4mtm9qcfjadt]|User id : 1|Name : |Module : [use_object]|Function : [Msg - update]| [OK_112] object_trace - '9' a été modifié.
2022-08-05 00:25:37|[INFO]|Session : [qqliavv5fe2me7gdabtafocoq5]|User id : 1|Name : |Module : [use_object]|Function : [Msg - update]| [OK_112] object_trace - '9' a été modifié.
2022-08-05 00:25:42|[INFO]|Session : [jig2s2462lsb8vh81imprbt2r9]|User id : 1|Name : |Module : [use_object]|Function : [Msg - update]| [OK_112] object_trace - '9' a été modifié.
2022-08-05 00:25:57|[INFO]|Session : [fvatqqci1gr337ei47ido796bs]|User id : 1|Name : |Module : [use_object]|Function : [Msg - update]| [OK_112] object_trace - '9' a été modifié.
2022-08-05 00:26:01|[INFO]|Session : [ji54co94v0he20ac0ev7o7tljc]|User id : 1|Name : |Module : [use_object]|Function : [Msg - update]| [OK_112] object_trace - '9' a été modifié.
2022-08-05 00:26:13|[INFO]|Session : [t465obisvcbbkr96v2l7506tan]|User id : 1|Name : |Module : [use_object]|Function : [Msg - update]| [OK_112] object_trace - '9' a été modifié.
2022-08-05 00:26:18|[INFO]|Session : [dp4urog3kc4akhuhbqjc04m9qp]|User id : 1|Name : |Module : [use_object]|Function : [Msg - update]| [OK_112] object_trace - '9' a été modifié.
2022-08-05 00:26:23|[INFO]|Session : [mghr66t40907ubfjd4gn63qsm9]|User id : 1|Name : |Module : [use_object]|Function : [Msg - update]| [OK_112] object_trace - '9' a été modifié.
