2022-08-03 00:17:14|[INFO]|Session : [nn6huc7n932mkdipjggg1k1ka6]|User id : 1|Name : |Module : [use_object]|Function : [Msg - update]| [OK_112] object_trace - '8' a été modifié.
2022-08-03 00:17:23|[INFO]|Session : [41titllj70mdpvm66bfkkm5ckn]|User id : 1|Name : |Module : [use_object]|Function : [Msg - update]| [OK_112] object_trace - '8' a été modifié.
2022-08-03 00:17:54|[INFO]|Session : [k2cqc1laatrk9gfulsq55ku8b7]|User id : 1|Name : |Module : [use_object]|Function : [Msg - update]| [OK_112] object_trace - '7' a été modifié.
2022-08-03 00:18:00|[INFO]|Session : [qcjc7i98ep4qso8pd9cejq9jph]|User id : 1|Name : |Module : [use_object]|Function : [Msg - update]| [OK_112] object_trace - '7' a été modifié.
2022-08-03 00:18:34|[INFO]|Session : [3f1d8p1m0tipt479qvomp9gr7l]|User id : 1|Name : |Module : [use_object]|Function : [Msg - update]| [OK_112] object_trace - '2' a été modifié.
2022-08-03 00:18:39|[INFO]|Session : [dgnrg52vrtb16f6pp85scuivk7]|User id : 1|Name : |Module : [use_object]|Function : [Msg - update]| [OK_112] object_trace - '2' a été modifié.
2022-08-03 00:18:45|[INFO]|Session : [iujte61mt21kd666gfhkn3boid]|User id : 1|Name : |Module : [use_object]|Function : [Msg - update]| [OK_112] object_trace_diagram - '3' a été modifié.
2022-08-03 00:18:46|[INFO]|Session : [ne956me1jjsdes42miqb5eor7b]|User id : 1|Name : |Module : [use_object]|Function : [Msg - update]| [OK_112] object_trace - '2' a été modifié.
2022-08-03 00:19:16|[INFO]|Session : [geksc927o9aio3q0etbpa7s6ve]|User id : 1|Name : |Module : [use_object]|Function : [Msg - update]| [OK_112] object_trace - '7' a été modifié.
2022-08-03 00:19:19|[INFO]|Session : [7nim9ei54q7fs5dte1icgh24h2]|User id : 1|Name : |Module : [use_object]|Function : [Msg - update]| [OK_112] object_trace - '7' a été modifié.
2022-08-03 00:21:28|[INFO]|Session : [murjulfs3qo1mp2i3cotm09k2l]|User id : 1|Name : |Module : [use_object]|Function : [Msg - update]| [OK_112] object_trace_diagram - '10' a été modifié.
2022-08-03 00:21:29|[INFO]|Session : [l458ekkr0mbsqa5lbu9e59hquk]|User id : 1|Name : |Module : [use_object]|Function : [Msg - update]| [OK_112] object_trace - '7' a été modifié.
2022-08-03 00:22:25|[INFO]|Session : [1l32o9l9gif7c87pbts3uusrl0]|User id : 1|Name : |Module : [use_object]|Function : [Msg - update]| [OK_112] object_trace - '7' a été modifié.
2022-08-03 00:23:18|[INFO]|Session : [ghr079qr4pjjekjtebbubvnrib]|User id : 1|Name : |Module : [use_object]|Function : [Msg - update]| [OK_112] object_trace_diagram - '10' a été modifié.
2022-08-03 00:23:19|[INFO]|Session : [e7v5sqt2p6796qu1spioj2p6ke]|User id : 1|Name : |Module : [use_object]|Function : [Msg - update]| [OK_112] object_trace - '7' a été modifié.
2022-08-03 00:23:21|[INFO]|Session : [bb88o54i14m6irfts0tpl4cql9]|User id : 1|Name : |Module : [use_object]|Function : [Msg - update]| [OK_112] object_trace - '7' a été modifié.
2022-08-03 00:23:23|[INFO]|Session : [n768k632hhiemh5lges53d6ksc]|User id : 1|Name : |Module : [use_object]|Function : [Msg - update]| [OK_112] object_trace_diagram - '10' a été modifié.
2022-08-03 00:23:23|[INFO]|Session : [51gsfqtnb9nkvmea74qe45vs2j]|User id : 1|Name : |Module : [use_object]|Function : [Msg - update]| [OK_112] object_trace - '7' a été modifié.
2022-08-03 00:29:06|[INFO]|Session : [en1tcs1f44kj1p33n0vb69bg5b]|User id : 2|Name : SUPER  ADMINISTRATEUR |Module : [use_object]|Function : [Msg - delete]| [OK_110] object_slide_variable - '2' a été supprimé.
2022-08-03 00:29:06|[INFO]|Session : [en1tcs1f44kj1p33n0vb69bg5b]|User id : 2|Name : SUPER  ADMINISTRATEUR |Module : [use_object]|Function : [Msg - delete]| [OK_110] object_slide_variable - '3' a été supprimé.
2022-08-03 00:29:06|[INFO]|Session : [en1tcs1f44kj1p33n0vb69bg5b]|User id : 2|Name : SUPER  ADMINISTRATEUR |Module : [use_object]|Function : [Msg - delete]| [OK_110] object_slide_variable - '4' a été supprimé.
2022-08-03 00:29:06|[INFO]|Session : [en1tcs1f44kj1p33n0vb69bg5b]|User id : 2|Name : SUPER  ADMINISTRATEUR |Module : [use_object]|Function : [Msg - insert]| [OK_111] object_slide_variable - '' a été créé.
2022-08-03 00:29:06|[INFO]|Session : [en1tcs1f44kj1p33n0vb69bg5b]|User id : 2|Name : SUPER  ADMINISTRATEUR |Module : [use_object]|Function : [Msg - insert]| [OK_111] object_slide_variable - '' a été créé.
2022-08-03 00:29:06|[INFO]|Session : [en1tcs1f44kj1p33n0vb69bg5b]|User id : 2|Name : SUPER  ADMINISTRATEUR |Module : [use_object]|Function : [Msg - insert]| [OK_111] object_slide_variable - '' a été créé.
2022-08-03 00:29:06|[INFO]|Session : [en1tcs1f44kj1p33n0vb69bg5b]|User id : 2|Name : SUPER  ADMINISTRATEUR |Module : [use_object]|Function : [Msg - insert]| [OK_111] object_slide_variable - '' a été créé.
2022-08-03 00:29:06|[INFO]|Session : [en1tcs1f44kj1p33n0vb69bg5b]|User id : 2|Name : SUPER  ADMINISTRATEUR |Module : [use_object]|Function : [Msg - delete]| [OK_110] object_slide_variable_1 - '5' a été supprimé.
2022-08-03 00:29:06|[INFO]|Session : [en1tcs1f44kj1p33n0vb69bg5b]|User id : 2|Name : SUPER  ADMINISTRATEUR |Module : [use_object]|Function : [Msg - delete]| [OK_110] object_slide_variable_1 - '6' a été supprimé.
2022-08-03 00:29:06|[INFO]|Session : [en1tcs1f44kj1p33n0vb69bg5b]|User id : 2|Name : SUPER  ADMINISTRATEUR |Module : [use_object]|Function : [Msg - insert]| [OK_111] object_slide_variable_1 - '' a été créé.
2022-08-03 00:29:06|[INFO]|Session : [en1tcs1f44kj1p33n0vb69bg5b]|User id : 2|Name : SUPER  ADMINISTRATEUR |Module : [use_object]|Function : [Msg - insert]| [OK_111] object_slide_variable_1 - '' a été créé.
2022-08-03 00:29:06|[INFO]|Session : [en1tcs1f44kj1p33n0vb69bg5b]|User id : 2|Name : SUPER  ADMINISTRATEUR |Module : [use_object]|Function : [Msg - delete]| [OK_110] object_slide_result - '1' a été supprimé.
2022-08-03 00:29:06|[INFO]|Session : [en1tcs1f44kj1p33n0vb69bg5b]|User id : 2|Name : SUPER  ADMINISTRATEUR |Module : [use_object]|Function : [Msg - insert]| [OK_111] object_slide_result - '' a été créé.
2022-08-03 00:29:06|[INFO]|Session : [en1tcs1f44kj1p33n0vb69bg5b]|User id : 2|Name : SUPER  ADMINISTRATEUR |Module : [use_object]|Function : [Msg - update]| [OK_112] object_notice - '159' a été modifié.
2022-08-03 00:29:06|[INFO]|Session : [en1tcs1f44kj1p33n0vb69bg5b]|User id : 2|Name : SUPER  ADMINISTRATEUR |Module : [use_object]|Function : [Msg - update]| [OK_112] object_content_variables - '160' a été modifié.
2022-08-03 00:29:07|[INFO]|Session : [en1tcs1f44kj1p33n0vb69bg5b]|User id : 2|Name : SUPER  ADMINISTRATEUR |Module : [use_object]|Function : [Msg - update]| [OK_112] object_slide - '284' a été modifié.
2022-08-03 00:29:15|[INFO]|Session : [1p274rvcn66i9hlle00tb7pvlu]|User id : 1|Name : |Module : [use_object]|Function : [Msg - update]| [OK_112] object_trace_diagram - '10' a été modifié.
2022-08-03 00:29:16|[INFO]|Session : [tuhgb237o37burgu26dpdjfkvk]|User id : 1|Name : |Module : [use_object]|Function : [Msg - update]| [OK_112] object_trace - '7' a été modifié.
2022-08-03 00:29:19|[INFO]|Session : [r04gu07kl8n67hha8u0p12jur9]|User id : 1|Name : |Module : [use_object]|Function : [Msg - update]| [OK_112] object_trace_diagram - '10' a été modifié.
2022-08-03 00:29:20|[INFO]|Session : [0aq40qaej9sopvnvfe4ut0ntce]|User id : 1|Name : |Module : [use_object]|Function : [Msg - update]| [OK_112] object_trace - '7' a été modifié.
2022-08-03 00:29:21|[INFO]|Session : [c5v32s2ngs7teo7v6pm200tor7]|User id : 1|Name : |Module : [use_object]|Function : [Msg - update]| [OK_112] object_trace - '7' a été modifié.
2022-08-03 00:30:07|[INFO]|Session : [npeu7v2qtgt5l2jmm6a82p02ff]|User id : 1|Name : |Module : [use_object]|Function : [Msg - update]| [OK_112] object_trace_diagram - '10' a été modifié.
2022-08-03 00:30:08|[INFO]|Session : [fojapinheacmog5dku2cgip2qi]|User id : 1|Name : |Module : [use_object]|Function : [Msg - update]| [OK_112] object_trace - '7' a été modifié.
2022-08-03 00:30:11|[INFO]|Session : [eb7et3k759nm4fg50o038ovle5]|User id : 1|Name : |Module : [use_object]|Function : [Msg - update]| [OK_112] object_trace_diagram - '10' a été modifié.
2022-08-03 00:30:12|[INFO]|Session : [mqfbrpgnea5jr4hsif60pc71g6]|User id : 1|Name : |Module : [use_object]|Function : [Msg - update]| [OK_112] object_trace - '7' a été modifié.
2022-08-03 00:30:12|[INFO]|Session : [jp9vk86t9jme0ut1349gkogg3i]|User id : 1|Name : |Module : [use_object]|Function : [Msg - update]| [OK_112] object_trace - '7' a été modifié.
2022-08-03 00:30:21|[INFO]|Session : [5as1gtetkd1983utv3asoe5sdj]|User id : 1|Name : |Module : [use_object]|Function : [Msg - update]| [OK_112] object_trace_diagram - '10' a été modifié.
2022-08-03 00:30:21|[INFO]|Session : [217pe5fq55iffn7laria705h0r]|User id : 1|Name : |Module : [use_object]|Function : [Msg - update]| [OK_112] object_trace - '7' a été modifié.
2022-08-03 00:30:23|[INFO]|Session : [5vq0oumri5228man622kpq2053]|User id : 1|Name : |Module : [use_object]|Function : [Msg - update]| [OK_112] object_trace_diagram - '10' a été modifié.
2022-08-03 00:30:24|[INFO]|Session : [6eert9g4f4hinhbtr1otv127lg]|User id : 1|Name : |Module : [use_object]|Function : [Msg - update]| [OK_112] object_trace - '7' a été modifié.
2022-08-03 00:36:21|[INFO]|Session : [7r2fb3di578ru5nqes15ma4bmv]|User id : 1|Name : |Module : [use_object]|Function : [Msg - update]| [OK_112] object_trace - '7' a été modifié.
2022-08-03 00:43:02|[INFO]|Session : [8hgrlcfs0iq7qbs4kdakl1sbhc]|User id : 1|Name : |Module : [use_object]|Function : [Msg - update]| [OK_112] object_trace_diagram - '10' a été modifié.
2022-08-03 00:43:04|[INFO]|Session : [nieks6n70huomf6j26lipm9v8i]|User id : 1|Name : |Module : [use_object]|Function : [Msg - update]| [OK_112] object_trace - '7' a été modifié.
2022-08-03 00:43:04|[INFO]|Session : [9bn7quh7g8f2s57hce36i2t6s4]|User id : 1|Name : |Module : [use_object]|Function : [Msg - update]| [OK_112] object_trace_diagram - '10' a été modifié.
2022-08-03 00:43:05|[INFO]|Session : [jbk8f7n3ljedp866lpabboc3cd]|User id : 1|Name : |Module : [use_object]|Function : [Msg - update]| [OK_112] object_trace - '7' a été modifié.
2022-08-03 00:43:07|[INFO]|Session : [fstcfslsn8l904qadninrcq3ck]|User id : 1|Name : |Module : [use_object]|Function : [Msg - update]| [OK_112] object_trace - '7' a été modifié.
2022-08-03 01:13:05|[INFO]|Session : [en1tcs1f44kj1p33n0vb69bg5b]|User id : 2|Name : SUPER  ADMINISTRATEUR |Module : [use_object]|Function : [Msg - delete]| [OK_110] object_slide_variable - '12' a été supprimé.
2022-08-03 01:13:05|[INFO]|Session : [en1tcs1f44kj1p33n0vb69bg5b]|User id : 2|Name : SUPER  ADMINISTRATEUR |Module : [use_object]|Function : [Msg - delete]| [OK_110] object_slide_variable - '13' a été supprimé.
2022-08-03 01:13:05|[INFO]|Session : [en1tcs1f44kj1p33n0vb69bg5b]|User id : 2|Name : SUPER  ADMINISTRATEUR |Module : [use_object]|Function : [Msg - delete]| [OK_110] object_slide_variable - '14' a été supprimé.
2022-08-03 01:13:05|[INFO]|Session : [en1tcs1f44kj1p33n0vb69bg5b]|User id : 2|Name : SUPER  ADMINISTRATEUR |Module : [use_object]|Function : [Msg - delete]| [OK_110] object_slide_variable - '15' a été supprimé.
2022-08-03 01:13:05|[INFO]|Session : [en1tcs1f44kj1p33n0vb69bg5b]|User id : 2|Name : SUPER  ADMINISTRATEUR |Module : [use_object]|Function : [Msg - insert]| [OK_111] object_slide_variable - '' a été créé.
2022-08-03 01:13:05|[INFO]|Session : [en1tcs1f44kj1p33n0vb69bg5b]|User id : 2|Name : SUPER  ADMINISTRATEUR |Module : [use_object]|Function : [Msg - insert]| [OK_111] object_slide_variable - '' a été créé.
2022-08-03 01:13:05|[INFO]|Session : [en1tcs1f44kj1p33n0vb69bg5b]|User id : 2|Name : SUPER  ADMINISTRATEUR |Module : [use_object]|Function : [Msg - insert]| [OK_111] object_slide_variable - '' a été créé.
2022-08-03 01:13:05|[INFO]|Session : [en1tcs1f44kj1p33n0vb69bg5b]|User id : 2|Name : SUPER  ADMINISTRATEUR |Module : [use_object]|Function : [Msg - delete]| [OK_110] object_slide_variable_1 - '16' a été supprimé.
2022-08-03 01:13:05|[INFO]|Session : [en1tcs1f44kj1p33n0vb69bg5b]|User id : 2|Name : SUPER  ADMINISTRATEUR |Module : [use_object]|Function : [Msg - delete]| [OK_110] object_slide_variable_1 - '17' a été supprimé.
2022-08-03 01:13:05|[INFO]|Session : [en1tcs1f44kj1p33n0vb69bg5b]|User id : 2|Name : SUPER  ADMINISTRATEUR |Module : [use_object]|Function : [Msg - insert]| [OK_111] object_slide_variable_1 - '' a été créé.
2022-08-03 01:13:05|[INFO]|Session : [en1tcs1f44kj1p33n0vb69bg5b]|User id : 2|Name : SUPER  ADMINISTRATEUR |Module : [use_object]|Function : [Msg - insert]| [OK_111] object_slide_variable_1 - '' a été créé.
2022-08-03 01:13:05|[INFO]|Session : [en1tcs1f44kj1p33n0vb69bg5b]|User id : 2|Name : SUPER  ADMINISTRATEUR |Module : [use_object]|Function : [Msg - delete]| [OK_110] object_slide_result - '5' a été supprimé.
2022-08-03 01:13:05|[INFO]|Session : [en1tcs1f44kj1p33n0vb69bg5b]|User id : 2|Name : SUPER  ADMINISTRATEUR |Module : [use_object]|Function : [Msg - insert]| [OK_111] object_slide_result - '' a été créé.
2022-08-03 01:13:05|[INFO]|Session : [en1tcs1f44kj1p33n0vb69bg5b]|User id : 2|Name : SUPER  ADMINISTRATEUR |Module : [use_object]|Function : [Msg - update]| [OK_112] object_notice - '159' a été modifié.
2022-08-03 01:13:05|[INFO]|Session : [en1tcs1f44kj1p33n0vb69bg5b]|User id : 2|Name : SUPER  ADMINISTRATEUR |Module : [use_object]|Function : [Msg - update]| [OK_112] object_content_variables - '160' a été modifié.
2022-08-03 01:13:05|[INFO]|Session : [en1tcs1f44kj1p33n0vb69bg5b]|User id : 2|Name : SUPER  ADMINISTRATEUR |Module : [use_object]|Function : [Msg - update]| [OK_112] object_slide - '284' a été modifié.
2022-08-03 01:13:57|[INFO]|Session : [81pl2rsvaahh8aindjdm80opuk]|User id : 1|Name : |Module : [use_object]|Function : [Msg - update]| [OK_112] object_trace_diagram - '10' a été modifié.
2022-08-03 01:13:58|[INFO]|Session : [rm0gtlghijl0degejkbjk1rtjc]|User id : 1|Name : |Module : [use_object]|Function : [Msg - update]| [OK_112] object_trace - '7' a été modifié.
2022-08-03 01:13:59|[INFO]|Session : [c3dh7d41anl46ivtqrpstsu6ek]|User id : 1|Name : |Module : [use_object]|Function : [Msg - update]| [OK_112] object_trace_diagram - '10' a été modifié.
2022-08-03 01:13:59|[INFO]|Session : [p07er8vkca9vfuu75cndqmpibt]|User id : 1|Name : |Module : [use_object]|Function : [Msg - update]| [OK_112] object_trace - '7' a été modifié.
2022-08-03 01:14:01|[INFO]|Session : [39qmqboktf6km7494sou5eauev]|User id : 1|Name : |Module : [use_object]|Function : [Msg - update]| [OK_112] object_trace - '7' a été modifié.
2022-08-03 01:14:24|[INFO]|Session : [lvffnnldqv52fa7brks76tiggj]|User id : 1|Name : |Module : [use_object]|Function : [Msg - update]| [OK_112] object_trace_diagram - '10' a été modifié.
2022-08-03 01:14:25|[INFO]|Session : [163h66n8h8c3l40ssn8tpjrr1r]|User id : 1|Name : |Module : [use_object]|Function : [Msg - update]| [OK_112] object_trace - '7' a été modifié.
2022-08-03 01:14:27|[INFO]|Session : [eldf2skq9baacusq3g45q815l9]|User id : 1|Name : |Module : [use_object]|Function : [Msg - update]| [OK_112] object_trace_diagram - '10' a été modifié.
2022-08-03 01:14:27|[INFO]|Session : [6skl6f0c751qk72hcos5k9nsn8]|User id : 1|Name : |Module : [use_object]|Function : [Msg - update]| [OK_112] object_trace - '7' a été modifié.
2022-08-03 01:14:29|[INFO]|Session : [k6276fb7bbdilhhtfne6cdej0h]|User id : 1|Name : |Module : [use_object]|Function : [Msg - update]| [OK_112] object_trace - '7' a été modifié.
2022-08-03 01:14:37|[INFO]|Session : [1cphhp0aj0l8sheeqbg1g7cfba]|User id : 1|Name : |Module : [use_object]|Function : [Msg - update]| [OK_112] object_trace - '7' a été modifié.
2022-08-03 01:14:39|[INFO]|Session : [be0naa9ehp5mtn8cc5dsmcadpn]|User id : 1|Name : |Module : [use_object]|Function : [Msg - update]| [OK_112] object_trace - '7' a été modifié.
2022-08-03 01:14:42|[INFO]|Session : [1bjj3p9p1pgejdt3l6l5habdv5]|User id : 1|Name : |Module : [use_object]|Function : [Msg - update]| [OK_112] object_trace - '7' a été modifié.
2022-08-03 01:14:43|[INFO]|Session : [rnakdi79c7j0aeftjpa8adib5u]|User id : 1|Name : |Module : [use_object]|Function : [Msg - update]| [OK_112] object_trace - '7' a été modifié.
2022-08-03 01:17:47|[INFO]|Session : [co918pkr74gfhkiit28lgoukf9]|User id : 1|Name : |Module : [use_object]|Function : [Msg - update]| [OK_112] object_trace_diagram - '10' a été modifié.
2022-08-03 01:17:47|[INFO]|Session : [v808bsqq8p2ogm1m6262e7g4vb]|User id : 1|Name : |Module : [use_object]|Function : [Msg - update]| [OK_112] object_trace - '7' a été modifié.
2022-08-03 01:17:49|[INFO]|Session : [hu8ocpv8raje40d620n2f3d7j8]|User id : 1|Name : |Module : [use_object]|Function : [Msg - update]| [OK_112] object_trace_diagram - '10' a été modifié.
2022-08-03 01:17:50|[INFO]|Session : [hoqel9i938keqs74u2a40gjoca]|User id : 1|Name : |Module : [use_object]|Function : [Msg - update]| [OK_112] object_trace - '7' a été modifié.
2022-08-03 01:17:51|[INFO]|Session : [3lga5froculgj96hb3rk4cmsoa]|User id : 1|Name : |Module : [use_object]|Function : [Msg - update]| [OK_112] object_trace - '7' a été modifié.
2022-08-03 01:17:55|[INFO]|Session : [b5lpaeotonio31i72v3580dv18]|User id : 1|Name : |Module : [use_object]|Function : [Msg - update]| [OK_112] object_trace - '7' a été modifié.
2022-08-03 01:17:58|[INFO]|Session : [v8evjpms3o5gt7lg7g717o28if]|User id : 1|Name : |Module : [use_object]|Function : [Msg - update]| [OK_112] object_trace - '7' a été modifié.
2022-08-03 01:22:37|[INFO]|Session : [en1tcs1f44kj1p33n0vb69bg5b]|User id : 2|Name : SUPER  ADMINISTRATEUR |Module : [use_object]|Function : [Msg - delete]| [OK_110] object_slide_variable - '18' a été supprimé.
2022-08-03 01:22:37|[INFO]|Session : [en1tcs1f44kj1p33n0vb69bg5b]|User id : 2|Name : SUPER  ADMINISTRATEUR |Module : [use_object]|Function : [Msg - delete]| [OK_110] object_slide_variable - '19' a été supprimé.
2022-08-03 01:22:37|[INFO]|Session : [en1tcs1f44kj1p33n0vb69bg5b]|User id : 2|Name : SUPER  ADMINISTRATEUR |Module : [use_object]|Function : [Msg - delete]| [OK_110] object_slide_variable - '20' a été supprimé.
2022-08-03 01:22:37|[INFO]|Session : [en1tcs1f44kj1p33n0vb69bg5b]|User id : 2|Name : SUPER  ADMINISTRATEUR |Module : [use_object]|Function : [Msg - insert]| [OK_111] object_slide_variable - '' a été créé.
2022-08-03 01:22:37|[INFO]|Session : [en1tcs1f44kj1p33n0vb69bg5b]|User id : 2|Name : SUPER  ADMINISTRATEUR |Module : [use_object]|Function : [Msg - insert]| [OK_111] object_slide_variable - '' a été créé.
2022-08-03 01:22:37|[INFO]|Session : [en1tcs1f44kj1p33n0vb69bg5b]|User id : 2|Name : SUPER  ADMINISTRATEUR |Module : [use_object]|Function : [Msg - insert]| [OK_111] object_slide_variable - '' a été créé.
2022-08-03 01:22:37|[INFO]|Session : [en1tcs1f44kj1p33n0vb69bg5b]|User id : 2|Name : SUPER  ADMINISTRATEUR |Module : [use_object]|Function : [Msg - delete]| [OK_110] object_slide_variable_1 - '21' a été supprimé.
2022-08-03 01:22:37|[INFO]|Session : [en1tcs1f44kj1p33n0vb69bg5b]|User id : 2|Name : SUPER  ADMINISTRATEUR |Module : [use_object]|Function : [Msg - delete]| [OK_110] object_slide_variable_1 - '22' a été supprimé.
2022-08-03 01:22:37|[INFO]|Session : [en1tcs1f44kj1p33n0vb69bg5b]|User id : 2|Name : SUPER  ADMINISTRATEUR |Module : [use_object]|Function : [Msg - insert]| [OK_111] object_slide_variable_1 - '' a été créé.
2022-08-03 01:22:37|[INFO]|Session : [en1tcs1f44kj1p33n0vb69bg5b]|User id : 2|Name : SUPER  ADMINISTRATEUR |Module : [use_object]|Function : [Msg - insert]| [OK_111] object_slide_variable_1 - '' a été créé.
2022-08-03 01:22:37|[INFO]|Session : [en1tcs1f44kj1p33n0vb69bg5b]|User id : 2|Name : SUPER  ADMINISTRATEUR |Module : [use_object]|Function : [Msg - delete]| [OK_110] object_slide_result - '6' a été supprimé.
2022-08-03 01:22:37|[INFO]|Session : [en1tcs1f44kj1p33n0vb69bg5b]|User id : 2|Name : SUPER  ADMINISTRATEUR |Module : [use_object]|Function : [Msg - insert]| [OK_111] object_slide_result - '' a été créé.
2022-08-03 01:22:37|[INFO]|Session : [en1tcs1f44kj1p33n0vb69bg5b]|User id : 2|Name : SUPER  ADMINISTRATEUR |Module : [use_object]|Function : [Msg - insert]| [OK_111] object_slide_result_1 - '' a été créé.
2022-08-03 01:22:37|[INFO]|Session : [en1tcs1f44kj1p33n0vb69bg5b]|User id : 2|Name : SUPER  ADMINISTRATEUR |Module : [use_object]|Function : [Msg - update]| [OK_112] object_notice - '159' a été modifié.
2022-08-03 01:22:37|[INFO]|Session : [en1tcs1f44kj1p33n0vb69bg5b]|User id : 2|Name : SUPER  ADMINISTRATEUR |Module : [use_object]|Function : [Msg - update]| [OK_112] object_content_variables - '160' a été modifié.
2022-08-03 01:22:38|[INFO]|Session : [en1tcs1f44kj1p33n0vb69bg5b]|User id : 2|Name : SUPER  ADMINISTRATEUR |Module : [use_object]|Function : [Msg - update]| [OK_112] object_slide - '284' a été modifié.
2022-08-03 01:22:47|[INFO]|Session : [v4918u13831kvq0eomjb27358i]|User id : 1|Name : |Module : [use_object]|Function : [Msg - update]| [OK_112] object_trace - '7' a été modifié.
2022-08-03 01:23:03|[INFO]|Session : [gkh6ns8tvk5oj6fl6ejq8htnmu]|User id : 1|Name : |Module : [use_object]|Function : [Msg - update]| [OK_112] object_trace - '7' a été modifié.
2022-08-03 01:23:03|[INFO]|Session : [cdakhe3v6iastsjesihkric8uk]|User id : 1|Name : |Module : [use_object]|Function : [Msg - update]| [OK_112] object_trace_diagram - '10' a été modifié.
2022-08-03 01:23:05|[INFO]|Session : [hm487kha5c2bc1m6oudalrp4tq]|User id : 1|Name : |Module : [use_object]|Function : [Msg - update]| [OK_112] object_trace - '7' a été modifié.
2022-08-03 01:23:38|[INFO]|Session : [pq2kpiddeqr03d1rsuh29deqqe]|User id : 1|Name : |Module : [use_object]|Function : [Msg - update]| [OK_112] object_trace_diagram - '10' a été modifié.
2022-08-03 01:23:38|[INFO]|Session : [vd2o4vv77g14i2bd6b6cieqd3e]|User id : 1|Name : |Module : [use_object]|Function : [Msg - update]| [OK_112] object_trace - '7' a été modifié.
2022-08-03 01:23:39|[INFO]|Session : [cjn9fgkrvv5acm1corf9eubgc0]|User id : 1|Name : |Module : [use_object]|Function : [Msg - update]| [OK_112] object_trace - '7' a été modifié.
2022-08-03 01:23:42|[INFO]|Session : [3upu2aigd2i3v315vq2u816pqa]|User id : 1|Name : |Module : [use_object]|Function : [Msg - update]| [OK_112] object_trace_diagram - '10' a été modifié.
2022-08-03 01:23:43|[INFO]|Session : [qkvc5sdntntst5vkhdrt1dkihg]|User id : 1|Name : |Module : [use_object]|Function : [Msg - update]| [OK_112] object_trace - '7' a été modifié.
2022-08-03 01:23:45|[INFO]|Session : [5ome3caonkgj2j8hpdv8ftmi6n]|User id : 1|Name : |Module : [use_object]|Function : [Msg - update]| [OK_112] object_trace - '7' a été modifié.
2022-08-03 01:23:49|[INFO]|Session : [hfulmnqseuafhb06ghrqbv1hd9]|User id : 1|Name : |Module : [use_object]|Function : [Msg - update]| [OK_112] object_trace - '7' a été modifié.
2022-08-03 01:23:50|[INFO]|Session : [qi3lcu62i5j2qp06s83tpnh7mf]|User id : 1|Name : |Module : [use_object]|Function : [Msg - update]| [OK_112] object_trace_diagram - '10' a été modifié.
2022-08-03 01:23:51|[INFO]|Session : [mvrb6au93pss65n8ij2eadrqv5]|User id : 1|Name : |Module : [use_object]|Function : [Msg - update]| [OK_112] object_trace - '7' a été modifié.
2022-08-03 01:23:52|[INFO]|Session : [8fugcue71tdi02nvrmt2adqj3n]|User id : 1|Name : |Module : [use_object]|Function : [Msg - update]| [OK_112] object_trace_diagram - '10' a été modifié.
2022-08-03 01:23:53|[INFO]|Session : [k8alkpgjjeo91q2rdb00v0m40f]|User id : 1|Name : |Module : [use_object]|Function : [Msg - update]| [OK_112] object_trace - '7' a été modifié.
2022-08-03 01:23:54|[INFO]|Session : [179cjd8q1mtvq6eev82oe8q8op]|User id : 1|Name : |Module : [use_object]|Function : [Msg - update]| [OK_112] object_trace - '7' a été modifié.
2022-08-03 01:24:12|[INFO]|Session : [9hve5vb36cbajq33khok788e2s]|User id : 1|Name : |Module : [use_object]|Function : [Msg - update]| [OK_112] object_trace - '7' a été modifié.
2022-08-03 01:24:45|[INFO]|Session : [9f0di1c2fd7e7npmhtp5jla021]|User id : 1|Name : |Module : [use_object]|Function : [Msg - update]| [OK_112] object_trace - '7' a été modifié.
2022-08-03 01:26:32|[INFO]|Session : [ttjdlq0e7bv0ohrnd5u8noaa2f]|User id : 1|Name : |Module : [use_object]|Function : [Msg - update]| [OK_112] object_trace - '7' a été modifié.
2022-08-03 01:26:38|[INFO]|Session : [4nti4ag89b5k9qm94hku0lukkj]|User id : 1|Name : |Module : [use_object]|Function : [Msg - update]| [OK_112] object_trace_diagram - '10' a été modifié.
2022-08-03 01:26:39|[INFO]|Session : [0gk4evti77lf7djgda7m4pbjh1]|User id : 1|Name : |Module : [use_object]|Function : [Msg - update]| [OK_112] object_trace - '7' a été modifié.
2022-08-03 01:26:39|[INFO]|Session : [v1rp9dkrtn0jubkp18gug96q8p]|User id : 1|Name : |Module : [use_object]|Function : [Msg - update]| [OK_112] object_trace - '7' a été modifié.
2022-08-03 01:28:36|[INFO]|Session : [29rmbf7ov4olitpv32rcbjj38t]|User id : 1|Name : |Module : [use_object]|Function : [Msg - update]| [OK_112] object_trace - '7' a été modifié.
2022-08-03 01:32:23|[INFO]|Session : [9ka1jhh19ihq208jfpg32rjonu]|User id : 1|Name : |Module : [use_object]|Function : [Msg - update]| [OK_112] object_trace_diagram - '10' a été modifié.
2022-08-03 01:32:25|[INFO]|Session : [51uq9ldao9242prespt1p7nvpu]|User id : 1|Name : |Module : [use_object]|Function : [Msg - update]| [OK_112] object_trace - '7' a été modifié.
2022-08-03 01:32:44|[INFO]|Session : [okp9u2vl0vsjmtkul90secbek5]|User id : 1|Name : |Module : [use_object]|Function : [Msg - update]| [OK_112] object_trace - '7' a été modifié.
2022-08-03 01:41:47|[INFO]|Session : [3osm67404hvppei7rt7oqtvpj7]|User id : 1|Name : |Module : [use_object]|Function : [Msg - update]| [OK_112] object_trace - '7' a été modifié.
2022-08-03 01:42:05|[INFO]|Session : [op2jtd7j0m2uiv3rhg11r91ier]|User id : 1|Name : |Module : [use_object]|Function : [Msg - update]| [OK_112] object_trace - '7' a été modifié.
2022-08-03 01:47:39|[INFO]|Session : [o5i4lh7pqdont9cuucu1ub9agd]|User id : 1|Name : |Module : [use_object]|Function : [Msg - update]| [OK_112] object_trace - '7' a été modifié.
2022-08-03 02:58:21|[INFO]|Session : [ck576ghdugtr2g9e4b44k4vkg9]|User id : 2|Name : SUPER  ADMINISTRATEUR |Module : [use_object]|Function : [Msg - update]| [OK_112] object_notice - '7' a été modifié.
2022-08-03 02:58:21|[INFO]|Session : [ck576ghdugtr2g9e4b44k4vkg9]|User id : 2|Name : SUPER  ADMINISTRATEUR |Module : [use_object]|Function : [Msg - update]| [OK_112] object_slide - '38' a été modifié.
2022-08-03 03:01:52|[INFO]|Session : [ugjckrm03vn7i653pkj78agp96]|User id : 1|Name : |Module : [use_object]|Function : [Msg - update]| [OK_112] object_trace - '7' a été modifié.
2022-08-03 03:02:25|[INFO]|Session : [5c8vghnudeh603ru621vubspnr]|User id : 1|Name : |Module : [use_object]|Function : [Msg - update]| [OK_112] object_trace - '7' a été modifié.
2022-08-03 03:02:33|[INFO]|Session : [vh947fdn2773417a48nebli68g]|User id : 1|Name : |Module : [use_object]|Function : [Msg - update]| [OK_112] object_trace - '7' a été modifié.
2022-08-03 03:03:52|[INFO]|Session : [alpd52fevhtj7rgvatdeboiklu]|User id : 1|Name : |Module : [use_object]|Function : [Msg - update]| [OK_112] object_trace - '7' a été modifié.
2022-08-03 03:05:04|[INFO]|Session : [5n25pkuso92p09updf0la0eqci]|User id : 1|Name : |Module : [use_object]|Function : [Msg - update]| [OK_112] object_trace - '7' a été modifié.
2022-08-03 03:05:15|[INFO]|Session : [usudkpvs35upluhpimqpomi0qt]|User id : 1|Name : |Module : [use_object]|Function : [Msg - update]| [OK_112] object_trace - '7' a été modifié.
2022-08-03 03:08:34|[INFO]|Session : [h6bmbodpbedgpsoua017doe73h]|User id : 1|Name : |Module : [use_object]|Function : [Msg - update]| [OK_112] object_trace - '7' a été modifié.
2022-08-03 03:08:54|[INFO]|Session : [r98g4f638l0vosaui2n2dq5opa]|User id : 1|Name : |Module : [use_object]|Function : [Msg - update]| [OK_112] object_trace - '7' a été modifié.
2022-08-03 03:12:39|[INFO]|Session : [efearp9kkl64rce1016rq2r8p0]|User id : 1|Name : |Module : [use_object]|Function : [Msg - update]| [OK_112] object_trace - '7' a été modifié.
2022-08-03 03:12:48|[INFO]|Session : [t0amtgjmdhgd0immbtv3ikuo0k]|User id : 1|Name : |Module : [use_object]|Function : [Msg - update]| [OK_112] object_trace - '7' a été modifié.
2022-08-03 03:18:10|[INFO]|Session : [gsa6t6j77tq8j9j6v22gusag1h]|User id : 1|Name : |Module : [use_object]|Function : [Msg - update]| [OK_112] object_trace - '7' a été modifié.
2022-08-03 03:18:21|[INFO]|Session : [7i24isuaqhcgbpf609ucrnaoq0]|User id : 1|Name : |Module : [use_object]|Function : [Msg - update]| [OK_112] object_trace - '7' a été modifié.
2022-08-03 03:19:17|[INFO]|Session : [l9g8ulc0t3nt7usg749jt7qubh]|User id : 1|Name : |Module : [use_object]|Function : [Msg - update]| [OK_112] object_trace_diagram - '10' a été modifié.
2022-08-03 03:19:17|[INFO]|Session : [glho1spe4lkrqh2924gq97obhe]|User id : 1|Name : |Module : [use_object]|Function : [Msg - update]| [OK_112] object_trace - '7' a été modifié.
2022-08-03 03:19:19|[INFO]|Session : [r8elg5mg4frkgbjriionsa8in8]|User id : 1|Name : |Module : [use_object]|Function : [Msg - update]| [OK_112] object_trace_diagram - '10' a été modifié.
2022-08-03 03:19:19|[INFO]|Session : [0ts33032b2dphuv90mq4s94s0o]|User id : 1|Name : |Module : [use_object]|Function : [Msg - update]| [OK_112] object_trace - '7' a été modifié.
2022-08-03 03:19:20|[INFO]|Session : [sh6r6irqql9g5t2ji1mbv4sahs]|User id : 1|Name : |Module : [use_object]|Function : [Msg - update]| [OK_112] object_trace - '7' a été modifié.
2022-08-03 03:19:23|[INFO]|Session : [d2q3b24f0v64go920pqpeq8lap]|User id : 1|Name : |Module : [use_object]|Function : [Msg - update]| [OK_112] object_trace - '7' a été modifié.
2022-08-03 03:19:26|[INFO]|Session : [b0qg3crahf890u2cqc2jl327dl]|User id : 1|Name : |Module : [use_object]|Function : [Msg - update]| [OK_112] object_trace - '7' a été modifié.
2022-08-03 03:23:41|[INFO]|Session : [76a8s1rmil5nmn3mom2v50vdei]|User id : 1|Name : |Module : [use_object]|Function : [Msg - update]| [OK_112] object_trace - '7' a été modifié.
2022-08-03 03:23:45|[INFO]|Session : [ioja34r5afni7eigbohho1emjf]|User id : 1|Name : |Module : [use_object]|Function : [Msg - update]| [OK_112] object_trace - '7' a été modifié.
2022-08-03 03:23:46|[INFO]|Session : [63md3jeca9i6bgu2ok4kfim92s]|User id : 1|Name : |Module : [use_object]|Function : [Msg - update]| [OK_112] object_trace - '7' a été modifié.
2022-08-03 03:23:51|[INFO]|Session : [psh1b1cnrd03fthjnrpa2b4qvq]|User id : 1|Name : |Module : [use_object]|Function : [Msg - update]| [OK_112] object_trace_diagram - '10' a été modifié.
2022-08-03 03:23:52|[INFO]|Session : [oudc01ptjt8ei6l4uk5hp9lmt0]|User id : 1|Name : |Module : [use_object]|Function : [Msg - update]| [OK_112] object_trace - '7' a été modifié.
2022-08-03 03:23:52|[INFO]|Session : [n39ld70lgud45pnr8ct3ajaosm]|User id : 1|Name : |Module : [use_object]|Function : [Msg - update]| [OK_112] object_trace - '7' a été modifié.
2022-08-03 03:23:56|[INFO]|Session : [dq116710s2uf53u0bf04og6q1o]|User id : 1|Name : |Module : [use_object]|Function : [Msg - update]| [OK_112] object_trace - '7' a été modifié.
2022-08-03 03:23:57|[INFO]|Session : [e2uunlv4kfvnfq1fjoict5nh3v]|User id : 1|Name : |Module : [use_object]|Function : [Msg - update]| [OK_112] object_trace_diagram - '10' a été modifié.
2022-08-03 03:23:57|[INFO]|Session : [6jtcfcg0d25bbdiuqtqtugdhha]|User id : 1|Name : |Module : [use_object]|Function : [Msg - update]| [OK_112] object_trace - '7' a été modifié.
2022-08-03 03:23:59|[INFO]|Session : [94tomf3qcb32vk483icuav4sks]|User id : 1|Name : |Module : [use_object]|Function : [Msg - update]| [OK_112] object_trace - '7' a été modifié.
2022-08-03 03:24:00|[INFO]|Session : [hkj74uj2aqbkljttvfgu00k2ib]|User id : 1|Name : |Module : [use_object]|Function : [Msg - update]| [OK_112] object_trace - '7' a été modifié.
2022-08-03 03:24:06|[INFO]|Session : [iab8foau83g5vlt57h82e02tj9]|User id : 1|Name : |Module : [use_object]|Function : [Msg - update]| [OK_112] object_trace - '7' a été modifié.
2022-08-03 03:24:08|[INFO]|Session : [div7efp3pnh416gb6mcqmtprvf]|User id : 1|Name : |Module : [use_object]|Function : [Msg - update]| [OK_112] object_trace_diagram - '10' a été modifié.
2022-08-03 03:24:08|[INFO]|Session : [vlasr204nvchcinoqcujt2pb94]|User id : 1|Name : |Module : [use_object]|Function : [Msg - update]| [OK_112] object_trace - '7' a été modifié.
2022-08-03 03:25:00|[INFO]|Session : [5tjfpd7cqrd87rh90ra09kv4up]|User id : 1|Name : |Module : [use_object]|Function : [Msg - update]| [OK_112] object_trace_diagram - '10' a été modifié.
2022-08-03 03:25:01|[INFO]|Session : [nq9u6hjj5sncm9sal7q6rlf733]|User id : 1|Name : |Module : [use_object]|Function : [Msg - update]| [OK_112] object_trace - '7' a été modifié.
2022-08-03 03:25:02|[INFO]|Session : [lhai00fd1dpatgcb93cht43vd9]|User id : 1|Name : |Module : [use_object]|Function : [Msg - update]| [OK_112] object_trace - '7' a été modifié.
2022-08-03 03:25:05|[INFO]|Session : [sk4i98gcnji4c70u2f43l77pcg]|User id : 1|Name : |Module : [use_object]|Function : [Msg - update]| [OK_112] object_trace - '7' a été modifié.
2022-08-03 03:26:52|[INFO]|Session : [qlhdk8ish7mf75mb5miqccrqj0]|User id : 1|Name : |Module : [use_object]|Function : [Msg - update]| [OK_112] object_trace - '7' a été modifié.
2022-08-03 03:27:52|[INFO]|Session : [i46b6snrmn6s99l35p9p305mqn]|User id : 1|Name : |Module : [use_object]|Function : [Msg - update]| [OK_112] object_trace - '7' a été modifié.
2022-08-03 03:27:56|[INFO]|Session : [jpo5q2aqkq7v2rkm23bvtnn5h5]|User id : 1|Name : |Module : [use_object]|Function : [Msg - update]| [OK_112] object_trace - '7' a été modifié.
2022-08-03 03:27:57|[INFO]|Session : [utcc1evsdt2lv5q5vtc6nncsa6]|User id : 1|Name : |Module : [use_object]|Function : [Msg - update]| [OK_112] object_trace - '7' a été modifié.
2022-08-03 03:29:43|[INFO]|Session : [d71h7r84bjebfmusmvmgp7s967]|User id : 1|Name : |Module : [use_object]|Function : [Msg - update]| [OK_112] object_trace - '7' a été modifié.
2022-08-03 03:30:36|[INFO]|Session : [et1or08hcpvv2ltu352vncs2q6]|User id : 1|Name : |Module : [use_object]|Function : [Msg - update]| [OK_112] object_trace - '7' a été modifié.
2022-08-03 03:32:49|[INFO]|Session : [j2v0db5sbdcgd7ip2l9csvjc9e]|User id : 1|Name : |Module : [use_object]|Function : [Msg - update]| [OK_112] object_trace - '7' a été modifié.
2022-08-03 03:34:46|[INFO]|Session : [nvtes96ho0kju2ab1tn6nbj1kj]|User id : 1|Name : |Module : [use_object]|Function : [Msg - update]| [OK_112] object_trace - '7' a été modifié.
2022-08-03 03:35:32|[INFO]|Session : [ktaep2fiijs148ku5812skpp40]|User id : 1|Name : |Module : [use_object]|Function : [Msg - update]| [OK_112] object_trace - '7' a été modifié.
