2022-06-20 16:23:19|[INFO]|Session : [14lkcagak940dgk3hq09i3t795]|User id : 2|Name : SUPER  ADMINISTRATEUR |Module : [use_object]|Function : [Msg - delete]| [OK_110] object_slide_variable - '6' a été supprimé.
2022-06-20 16:23:19|[INFO]|Session : [14lkcagak940dgk3hq09i3t795]|User id : 2|Name : SUPER  ADMINISTRATEUR |Module : [use_object]|Function : [Msg - delete]| [OK_110] object_slide_variable - '7' a été supprimé.
2022-06-20 16:23:19|[INFO]|Session : [14lkcagak940dgk3hq09i3t795]|User id : 2|Name : SUPER  ADMINISTRATEUR |Module : [use_object]|Function : [Msg - insert]| [OK_111] object_slide_variable - '' a été créé.
2022-06-20 16:23:19|[INFO]|Session : [14lkcagak940dgk3hq09i3t795]|User id : 2|Name : SUPER  ADMINISTRATEUR |Module : [use_object]|Function : [Msg - insert]| [OK_111] object_slide_variable - '' a été créé.
2022-06-20 16:23:19|[INFO]|Session : [14lkcagak940dgk3hq09i3t795]|User id : 2|Name : SUPER  ADMINISTRATEUR |Module : [use_object]|Function : [Msg - delete]| [OK_110] object_slide_variable_1 - '8' a été supprimé.
2022-06-20 16:23:19|[INFO]|Session : [14lkcagak940dgk3hq09i3t795]|User id : 2|Name : SUPER  ADMINISTRATEUR |Module : [use_object]|Function : [Msg - delete]| [OK_110] object_slide_variable_1 - '9' a été supprimé.
2022-06-20 16:23:19|[INFO]|Session : [14lkcagak940dgk3hq09i3t795]|User id : 2|Name : SUPER  ADMINISTRATEUR |Module : [use_object]|Function : [Msg - insert]| [OK_111] object_slide_variable_1 - '' a été créé.
2022-06-20 16:23:19|[INFO]|Session : [14lkcagak940dgk3hq09i3t795]|User id : 2|Name : SUPER  ADMINISTRATEUR |Module : [use_object]|Function : [Msg - insert]| [OK_111] object_slide_variable_1 - '' a été créé.
2022-06-20 16:23:20|[INFO]|Session : [14lkcagak940dgk3hq09i3t795]|User id : 2|Name : SUPER  ADMINISTRATEUR |Module : [use_object]|Function : [Msg - delete]| [OK_110] object_slide_result - '2' a été supprimé.
2022-06-20 16:23:20|[INFO]|Session : [14lkcagak940dgk3hq09i3t795]|User id : 2|Name : SUPER  ADMINISTRATEUR |Module : [use_object]|Function : [Msg - delete]| [OK_110] object_slide_result - '1' a été supprimé.
2022-06-20 16:23:20|[INFO]|Session : [14lkcagak940dgk3hq09i3t795]|User id : 2|Name : SUPER  ADMINISTRATEUR |Module : [use_object]|Function : [Msg - insert]| [OK_111] object_slide_result - '' a été créé.
2022-06-20 16:23:20|[INFO]|Session : [14lkcagak940dgk3hq09i3t795]|User id : 2|Name : SUPER  ADMINISTRATEUR |Module : [use_object]|Function : [Msg - insert]| [OK_111] object_slide_result - '' a été créé.
2022-06-20 16:23:20|[INFO]|Session : [14lkcagak940dgk3hq09i3t795]|User id : 2|Name : SUPER  ADMINISTRATEUR |Module : [use_object]|Function : [Msg - delete]| [OK_110] object_slide_result_1 - '3' a été supprimé.
2022-06-20 16:23:20|[INFO]|Session : [14lkcagak940dgk3hq09i3t795]|User id : 2|Name : SUPER  ADMINISTRATEUR |Module : [use_object]|Function : [Msg - delete]| [OK_110] object_slide_result_1 - '4' a été supprimé.
2022-06-20 16:23:20|[INFO]|Session : [14lkcagak940dgk3hq09i3t795]|User id : 2|Name : SUPER  ADMINISTRATEUR |Module : [use_object]|Function : [Msg - insert]| [OK_111] object_slide_result_1 - '' a été créé.
2022-06-20 16:23:20|[INFO]|Session : [14lkcagak940dgk3hq09i3t795]|User id : 2|Name : SUPER  ADMINISTRATEUR |Module : [use_object]|Function : [Msg - insert]| [OK_111] object_slide_result_1 - '' a été créé.
2022-06-20 16:23:20|[INFO]|Session : [14lkcagak940dgk3hq09i3t795]|User id : 2|Name : SUPER  ADMINISTRATEUR |Module : [use_object]|Function : [Msg - update]| [OK_112] object_notice - '1' a été modifié.
2022-06-20 16:23:20|[INFO]|Session : [14lkcagak940dgk3hq09i3t795]|User id : 2|Name : SUPER  ADMINISTRATEUR |Module : [use_object]|Function : [Msg - update]| [OK_112] object_slide - '2' a été modifié.
2022-06-20 16:24:13|[INFO]|Session : [14lkcagak940dgk3hq09i3t795]|User id : 2|Name : SUPER  ADMINISTRATEUR |Module : [use_object]|Function : [Msg - insert]| [OK_111] object_slide_variable - '' a été créé.
2022-06-20 16:24:13|[INFO]|Session : [14lkcagak940dgk3hq09i3t795]|User id : 2|Name : SUPER  ADMINISTRATEUR |Module : [use_object]|Function : [Msg - insert]| [OK_111] object_slide_variable - '' a été créé.
2022-06-20 16:24:13|[INFO]|Session : [14lkcagak940dgk3hq09i3t795]|User id : 2|Name : SUPER  ADMINISTRATEUR |Module : [use_object]|Function : [Msg - insert]| [OK_111] object_slide_result - '' a été créé.
2022-06-20 16:24:13|[INFO]|Session : [14lkcagak940dgk3hq09i3t795]|User id : 2|Name : SUPER  ADMINISTRATEUR |Module : [use_object]|Function : [Msg - insert]| [OK_111] object_slide_result - '' a été créé.
2022-06-20 16:24:13|[INFO]|Session : [14lkcagak940dgk3hq09i3t795]|User id : 2|Name : SUPER  ADMINISTRATEUR |Module : [use_object]|Function : [Msg - insert]| [OK_111] object_slide_result - '' a été créé.
2022-06-20 16:24:13|[INFO]|Session : [14lkcagak940dgk3hq09i3t795]|User id : 2|Name : SUPER  ADMINISTRATEUR |Module : [use_object]|Function : [Msg - update]| [OK_112] object_notice - '2' a été modifié.
2022-06-20 16:24:13|[INFO]|Session : [14lkcagak940dgk3hq09i3t795]|User id : 2|Name : SUPER  ADMINISTRATEUR |Module : [use_object]|Function : [Msg - update]| [OK_112] object_content_variables - '126' a été modifié.
2022-06-20 16:24:13|[INFO]|Session : [14lkcagak940dgk3hq09i3t795]|User id : 2|Name : SUPER  ADMINISTRATEUR |Module : [use_object]|Function : [Msg - update]| [OK_112] object_content_results - '108' a été modifié.
2022-06-20 16:24:14|[INFO]|Session : [14lkcagak940dgk3hq09i3t795]|User id : 2|Name : SUPER  ADMINISTRATEUR |Module : [use_object]|Function : [Msg - insert]| [OK_111] object_slide - '' a été créé.
