2022-10-16 00:55:31|[INFO]|Session : [btl2igb018aod7010qni4mf3br]|User id : 1|Name : |Module : [use_object]|Function : [Msg - update]| [OK_112] object_trace - '231' a été modifié.
2022-10-16 00:55:44|[ERROR]|Session : [1jmpsq78913ap4okb8fi4ri9p5]|User id : 1|Name : |Module : [use_connect]|Function : [connect - require_once]| [KO_100] Informations de connexion incorrectes. Vous pouvez réessayer.
2022-10-16 00:55:51|[ERROR]|Session : [1jmpsq78913ap4okb8fi4ri9p5]|User id : 1|Name : |Module : [use_connect]|Function : [connect - require_once]| [KO_100] Informations de connexion incorrectes. Vous pouvez réessayer.
2022-10-16 00:56:06|[INFO]|Session : [jldgtvkkv27d7k6tpfkk6bi34e]|User id : 1|Name : |Module : [use_object]|Function : [Msg - update]| [OK_112] object_trace_diagram - '3' a été modifié.
2022-10-16 00:56:08|[INFO]|Session : [r64ijal9m1itb5iiq2shk00fi0]|User id : 1|Name : |Module : [use_object]|Function : [Msg - update]| [OK_112] object_trace - '2' a été modifié.
2022-10-16 00:56:11|[INFO]|Session : [t1tvnijni1i4pl7hcma5mcb8ib]|User id : 1|Name : |Module : [use_object]|Function : [Msg - update]| [OK_112] object_trace_diagram - '3' a été modifié.
2022-10-16 00:56:13|[INFO]|Session : [akh211ircc7q1mietkfsqj3p3e]|User id : 1|Name : |Module : [use_object]|Function : [Msg - update]| [OK_112] object_trace - '2' a été modifié.
2022-10-16 00:56:16|[INFO]|Session : [qp61rb9bvm1tsm0co7b4k44ji2]|User id : 1|Name : |Module : [use_object]|Function : [Msg - update]| [OK_112] object_trace_diagram - '3' a été modifié.
2022-10-16 00:56:19|[INFO]|Session : [q82rie86f1t20gqshel2se0uo4]|User id : 1|Name : |Module : [use_object]|Function : [Msg - update]| [OK_112] object_trace - '2' a été modifié.
2022-10-16 00:56:21|[INFO]|Session : [bfb3fttgca23f6dlqg727unt19]|User id : 1|Name : |Module : [use_object]|Function : [Msg - update]| [OK_112] object_trace_diagram - '3' a été modifié.
2022-10-16 00:56:25|[INFO]|Session : [irfcqell92qj9nj2ldrb5iodmv]|User id : 1|Name : |Module : [use_object]|Function : [Msg - update]| [OK_112] object_trace - '2' a été modifié.
2022-10-16 00:56:26|[INFO]|Session : [jbqns6h8e0uftthql1gj7oq1uv]|User id : 1|Name : |Module : [use_object]|Function : [Msg - update]| [OK_112] object_trace_diagram - '3' a été modifié.
2022-10-16 00:56:28|[INFO]|Session : [rnt414n0q39tr00i8tem6c0ues]|User id : 1|Name : |Module : [use_object]|Function : [Msg - update]| [OK_112] object_trace - '2' a été modifié.
2022-10-16 00:56:29|[INFO]|Session : [r502dhnob2slp822h7k1mhltmi]|User id : 1|Name : |Module : [use_object]|Function : [Msg - update]| [OK_112] object_trace_diagram - '3' a été modifié.
2022-10-16 00:56:31|[INFO]|Session : [ek7rgip1sim6pql7tl96jpvlrf]|User id : 1|Name : |Module : [use_object]|Function : [Msg - update]| [OK_112] object_trace - '2' a été modifié.
2022-10-16 00:56:33|[INFO]|Session : [h137v54lbi86ofaigdeaegh57a]|User id : 1|Name : |Module : [use_object]|Function : [Msg - update]| [OK_112] object_trace_diagram - '3' a été modifié.
2022-10-16 00:56:35|[INFO]|Session : [i1kifnpfiqhpu5ntsfupfkqgu1]|User id : 1|Name : |Module : [use_object]|Function : [Msg - update]| [OK_112] object_trace - '2' a été modifié.
2022-10-16 00:56:36|[INFO]|Session : [637q52o3dtuak3nipvuqgtf7s8]|User id : 1|Name : |Module : [use_object]|Function : [Msg - update]| [OK_112] object_trace_diagram - '3' a été modifié.
2022-10-16 00:56:38|[INFO]|Session : [as2n9finjtnk9grjlht2m5ofq7]|User id : 1|Name : |Module : [use_object]|Function : [Msg - update]| [OK_112] object_trace - '2' a été modifié.
2022-10-16 00:56:39|[INFO]|Session : [bg76183la9s4l3k2p54f5vm1uu]|User id : 1|Name : |Module : [use_object]|Function : [Msg - update]| [OK_112] object_trace_diagram - '3' a été modifié.
2022-10-16 00:56:40|[INFO]|Session : [t2jnao4vman3jn1nh6v3c3geni]|User id : 1|Name : |Module : [use_object]|Function : [Msg - update]| [OK_112] object_trace - '2' a été modifié.
2022-10-16 00:56:42|[INFO]|Session : [1v9qo7h32ukor3076v0ktkqoh2]|User id : 1|Name : |Module : [use_object]|Function : [Msg - update]| [OK_112] object_trace_diagram - '3' a été modifié.
2022-10-16 00:56:44|[INFO]|Session : [fppob36mpusp1vneg5anmmacbm]|User id : 1|Name : |Module : [use_object]|Function : [Msg - update]| [OK_112] object_trace - '2' a été modifié.
2022-10-16 00:56:46|[INFO]|Session : [fd7723v1lc0q6afpm40ucgkj3n]|User id : 1|Name : |Module : [use_object]|Function : [Msg - update]| [OK_112] object_trace_diagram - '3' a été modifié.
2022-10-16 00:56:49|[INFO]|Session : [m2df629n29qvl1s6h441m0uau5]|User id : 1|Name : |Module : [use_object]|Function : [Msg - update]| [OK_112] object_trace - '2' a été modifié.
2022-10-16 00:56:51|[INFO]|Session : [ddt7abr9u14evjttiq7r2vfi49]|User id : 1|Name : |Module : [use_object]|Function : [Msg - update]| [OK_112] object_trace_diagram - '3' a été modifié.
2022-10-16 00:56:54|[INFO]|Session : [i9lsb5cdtmaa6o9cb0rpan84vn]|User id : 1|Name : |Module : [use_object]|Function : [Msg - update]| [OK_112] object_trace - '2' a été modifié.
2022-10-16 00:56:56|[INFO]|Session : [hujeasat0n2463h3f2f1n158n1]|User id : 1|Name : |Module : [use_object]|Function : [Msg - update]| [OK_112] object_trace_diagram - '3' a été modifié.
2022-10-16 00:56:57|[INFO]|Session : [41k64n1jqnghtnk9pu7uddp5gq]|User id : 1|Name : |Module : [use_object]|Function : [Msg - update]| [OK_112] object_trace - '2' a été modifié.
2022-10-16 00:56:59|[INFO]|Session : [tb3hp4m8ktgb8upopf6ml03vkb]|User id : 1|Name : |Module : [use_object]|Function : [Msg - update]| [OK_112] object_trace_diagram - '3' a été modifié.
2022-10-16 00:57:01|[INFO]|Session : [niii0sgp0lk350dh6sia6nkmrg]|User id : 1|Name : |Module : [use_object]|Function : [Msg - update]| [OK_112] object_trace - '2' a été modifié.
2022-10-16 00:57:02|[INFO]|Session : [6pmt56ku5sj6bhnbnr7gcj6m7a]|User id : 1|Name : |Module : [use_object]|Function : [Msg - update]| [OK_112] object_trace_diagram - '3' a été modifié.
2022-10-16 00:57:05|[INFO]|Session : [d5np0bf1iju7sgtergo00lvl6l]|User id : 1|Name : |Module : [use_object]|Function : [Msg - update]| [OK_112] object_trace - '2' a été modifié.
2022-10-16 00:57:07|[INFO]|Session : [635l2gc0bvgafvkdidg5lo56j8]|User id : 1|Name : |Module : [use_object]|Function : [Msg - update]| [OK_112] object_trace_diagram - '3' a été modifié.
2022-10-16 00:57:09|[INFO]|Session : [jtfsog101ptc5u37ts2c79nmvm]|User id : 1|Name : |Module : [use_object]|Function : [Msg - update]| [OK_112] object_trace - '2' a été modifié.
2022-10-16 00:57:12|[INFO]|Session : [hb8vnl4i4j5s028ujfs8np70p1]|User id : 1|Name : |Module : [use_object]|Function : [Msg - update]| [OK_112] object_trace_diagram - '3' a été modifié.
2022-10-16 00:57:13|[INFO]|Session : [ufhtcq9cko3mhtkps3emq795uj]|User id : 1|Name : |Module : [use_object]|Function : [Msg - update]| [OK_112] object_trace - '2' a été modifié.
2022-10-16 00:57:15|[INFO]|Session : [ml2md8dvp7r37cuum1utsah6ar]|User id : 1|Name : |Module : [use_object]|Function : [Msg - update]| [OK_112] object_trace_diagram - '3' a été modifié.
2022-10-16 00:57:17|[INFO]|Session : [0pneqbdoov9uv1pqnej8gffi09]|User id : 1|Name : |Module : [use_object]|Function : [Msg - update]| [OK_112] object_trace - '2' a été modifié.
2022-10-16 00:57:19|[INFO]|Session : [t4ebjo7a67378i68gvu97ea0ie]|User id : 1|Name : |Module : [use_object]|Function : [Msg - update]| [OK_112] object_trace_diagram - '3' a été modifié.
2022-10-16 00:57:22|[INFO]|Session : [eiv13b9t6ut50t70m1t3cku0t5]|User id : 1|Name : |Module : [use_object]|Function : [Msg - update]| [OK_112] object_trace - '2' a été modifié.
2022-10-16 01:05:07|[INFO]|Session : [av4r5ktbfb3jvhcbacut4k2d1f]|User id : 1|Name : |Module : [use_object]|Function : [Msg - update]| [OK_112] object_trace - '232' a été modifié.
2022-10-16 01:05:53|[INFO]|Session : [mrlrmjmufv14lhuf14njhrj4bt]|User id : 1|Name : |Module : [use_object]|Function : [Msg - update]| [OK_112] object_trace - '233' a été modifié.
