2022-09-13 00:02:16|[INFO]|Session : [96cipmrtdcitl51mdopfa69sb4]|User id : 2|Name : SUPER  ADMINISTRATEUR |Module : [use_object]|Function : [Msg - update]| [OK_112] object_trace - '71' a ÃĐtÃĐ modifiÃĐ.
2022-09-13 00:02:20|[INFO]|Session : [96cipmrtdcitl51mdopfa69sb4]|User id : 2|Name : SUPER  ADMINISTRATEUR |Module : [use_object]|Function : [Msg - update]| [OK_112] object_trace - '71' a ÃĐtÃĐ modifiÃĐ.
2022-09-13 00:11:23|[INFO]|Session : [96cipmrtdcitl51mdopfa69sb4]|User id : 2|Name : SUPER  ADMINISTRATEUR |Module : [use_object]|Function : [Msg - update]| [OK_112] object_trace - '71' a ÃĐtÃĐ modifiÃĐ.
2022-09-13 00:11:25|[INFO]|Session : [96cipmrtdcitl51mdopfa69sb4]|User id : 2|Name : SUPER  ADMINISTRATEUR |Module : [use_object]|Function : [Msg - update]| [OK_112] object_trace - '71' a ÃĐtÃĐ modifiÃĐ.
2022-09-13 00:11:52|[INFO]|Session : [96cipmrtdcitl51mdopfa69sb4]|User id : 2|Name : SUPER  ADMINISTRATEUR |Module : [use_object]|Function : [Msg - update]| [OK_112] object_trace - '71' a ÃĐtÃĐ modifiÃĐ.
2022-09-13 00:11:55|[INFO]|Session : [96cipmrtdcitl51mdopfa69sb4]|User id : 2|Name : SUPER  ADMINISTRATEUR |Module : [use_object]|Function : [Msg - update]| [OK_112] object_trace - '71' a ÃĐtÃĐ modifiÃĐ.
2022-09-13 00:12:04|[INFO]|Session : [96cipmrtdcitl51mdopfa69sb4]|User id : 2|Name : SUPER  ADMINISTRATEUR |Module : [use_object]|Function : [Msg - update]| [OK_112] object_trace - '71' a ÃĐtÃĐ modifiÃĐ.
2022-09-13 00:12:28|[INFO]|Session : [96cipmrtdcitl51mdopfa69sb4]|User id : 2|Name : SUPER  ADMINISTRATEUR |Module : [use_object]|Function : [Msg - delete]| [OK_110] object_slide_link - '11' a ÃĐtÃĐ supprimÃĐ.
2022-09-13 00:12:28|[INFO]|Session : [96cipmrtdcitl51mdopfa69sb4]|User id : 2|Name : SUPER  ADMINISTRATEUR |Module : [use_object]|Function : [Msg - delete]| [OK_110] object_slide_link - '9' a ÃĐtÃĐ supprimÃĐ.
2022-09-13 00:12:28|[INFO]|Session : [96cipmrtdcitl51mdopfa69sb4]|User id : 2|Name : SUPER  ADMINISTRATEUR |Module : [use_object]|Function : [Msg - delete]| [OK_110] object_slide_link - '10' a ÃĐtÃĐ supprimÃĐ.
2022-09-13 00:12:28|[INFO]|Session : [96cipmrtdcitl51mdopfa69sb4]|User id : 2|Name : SUPER  ADMINISTRATEUR |Module : [use_object]|Function : [Msg - insert]| [OK_111] object_slide_link - '' a ÃĐtÃĐ crÃĐÃĐ.
2022-09-13 00:12:28|[INFO]|Session : [96cipmrtdcitl51mdopfa69sb4]|User id : 2|Name : SUPER  ADMINISTRATEUR |Module : [use_object]|Function : [Msg - insert]| [OK_111] object_slide_link - '' a ÃĐtÃĐ crÃĐÃĐ.
2022-09-13 00:12:28|[INFO]|Session : [96cipmrtdcitl51mdopfa69sb4]|User id : 2|Name : SUPER  ADMINISTRATEUR |Module : [use_object]|Function : [Msg - insert]| [OK_111] object_slide_link - '' a ÃĐtÃĐ crÃĐÃĐ.
2022-09-13 00:12:28|[INFO]|Session : [96cipmrtdcitl51mdopfa69sb4]|User id : 2|Name : SUPER  ADMINISTRATEUR |Module : [use_object]|Function : [Msg - delete]| [OK_110] object_slide_variable - '211' a ÃĐtÃĐ supprimÃĐ.
2022-09-13 00:12:28|[INFO]|Session : [96cipmrtdcitl51mdopfa69sb4]|User id : 2|Name : SUPER  ADMINISTRATEUR |Module : [use_object]|Function : [Msg - delete]| [OK_110] object_slide_variable - '212' a ÃĐtÃĐ supprimÃĐ.
2022-09-13 00:12:28|[INFO]|Session : [96cipmrtdcitl51mdopfa69sb4]|User id : 2|Name : SUPER  ADMINISTRATEUR |Module : [use_object]|Function : [Msg - insert]| [OK_111] object_slide_variable - '' a ÃĐtÃĐ crÃĐÃĐ.
2022-09-13 00:12:28|[INFO]|Session : [96cipmrtdcitl51mdopfa69sb4]|User id : 2|Name : SUPER  ADMINISTRATEUR |Module : [use_object]|Function : [Msg - insert]| [OK_111] object_slide_variable - '' a ÃĐtÃĐ crÃĐÃĐ.
2022-09-13 00:12:28|[INFO]|Session : [96cipmrtdcitl51mdopfa69sb4]|User id : 2|Name : SUPER  ADMINISTRATEUR |Module : [use_object]|Function : [Msg - delete]| [OK_110] object_slide_result - '49' a ÃĐtÃĐ supprimÃĐ.
2022-09-13 00:12:28|[INFO]|Session : [96cipmrtdcitl51mdopfa69sb4]|User id : 2|Name : SUPER  ADMINISTRATEUR |Module : [use_object]|Function : [Msg - insert]| [OK_111] object_slide_result - '' a ÃĐtÃĐ crÃĐÃĐ.
2022-09-13 00:12:28|[INFO]|Session : [96cipmrtdcitl51mdopfa69sb4]|User id : 2|Name : SUPER  ADMINISTRATEUR |Module : [use_object]|Function : [Msg - update]| [OK_112] object_notice - '155' a ÃĐtÃĐ modifiÃĐ.
2022-09-13 00:12:28|[INFO]|Session : [96cipmrtdcitl51mdopfa69sb4]|User id : 2|Name : SUPER  ADMINISTRATEUR |Module : [use_object]|Function : [Msg - update]| [OK_112] object_content_variables - '156' a ÃĐtÃĐ modifiÃĐ.
2022-09-13 00:12:28|[INFO]|Session : [96cipmrtdcitl51mdopfa69sb4]|User id : 2|Name : SUPER  ADMINISTRATEUR |Module : [use_object]|Function : [Msg - update]| [OK_112] object_content_results - '181' a ÃĐtÃĐ modifiÃĐ.
2022-09-13 00:12:28|[INFO]|Session : [96cipmrtdcitl51mdopfa69sb4]|User id : 2|Name : SUPER  ADMINISTRATEUR |Module : [use_object]|Function : [Msg - update]| [OK_112] object_slide - '283' a ÃĐtÃĐ modifiÃĐ.
2022-09-13 00:12:32|[INFO]|Session : [96cipmrtdcitl51mdopfa69sb4]|User id : 2|Name : SUPER  ADMINISTRATEUR |Module : [use_object]|Function : [Msg - update]| [OK_112] object_trace - '71' a ÃĐtÃĐ modifiÃĐ.
2022-09-13 00:12:36|[INFO]|Session : [96cipmrtdcitl51mdopfa69sb4]|User id : 2|Name : SUPER  ADMINISTRATEUR |Module : [use_object]|Function : [Msg - update]| [OK_112] object_trace - '71' a ÃĐtÃĐ modifiÃĐ.
2022-09-13 00:12:55|[INFO]|Session : [96cipmrtdcitl51mdopfa69sb4]|User id : 2|Name : SUPER  ADMINISTRATEUR |Module : [use_object]|Function : [Msg - update]| [OK_112] object_trace - '71' a ÃĐtÃĐ modifiÃĐ.
2022-09-13 00:12:57|[INFO]|Session : [96cipmrtdcitl51mdopfa69sb4]|User id : 2|Name : SUPER  ADMINISTRATEUR |Module : [use_object]|Function : [Msg - update]| [OK_112] object_trace - '71' a ÃĐtÃĐ modifiÃĐ.
2022-09-13 00:13:14|[INFO]|Session : [96cipmrtdcitl51mdopfa69sb4]|User id : 2|Name : SUPER  ADMINISTRATEUR |Module : [use_object]|Function : [Msg - update]| [OK_112] object_content_results - '181' a ÃĐtÃĐ modifiÃĐ.
2022-09-13 00:13:19|[INFO]|Session : [96cipmrtdcitl51mdopfa69sb4]|User id : 2|Name : SUPER  ADMINISTRATEUR |Module : [use_object]|Function : [Msg - update]| [OK_112] object_trace - '71' a ÃĐtÃĐ modifiÃĐ.
2022-09-13 00:13:22|[INFO]|Session : [96cipmrtdcitl51mdopfa69sb4]|User id : 2|Name : SUPER  ADMINISTRATEUR |Module : [use_object]|Function : [Msg - update]| [OK_112] object_trace - '71' a ÃĐtÃĐ modifiÃĐ.
2022-09-13 00:17:32|[INFO]|Session : [96cipmrtdcitl51mdopfa69sb4]|User id : 2|Name : SUPER  ADMINISTRATEUR |Module : [use_object]|Function : [Msg - update]| [OK_112] object_trace - '71' a ÃĐtÃĐ modifiÃĐ.
2022-09-13 00:17:34|[INFO]|Session : [96cipmrtdcitl51mdopfa69sb4]|User id : 2|Name : SUPER  ADMINISTRATEUR |Module : [use_object]|Function : [Msg - update]| [OK_112] object_trace - '71' a ÃĐtÃĐ modifiÃĐ.
2022-09-13 00:17:35|[INFO]|Session : [96cipmrtdcitl51mdopfa69sb4]|User id : 2|Name : SUPER  ADMINISTRATEUR |Module : [use_object]|Function : [Msg - update]| [OK_112] object_trace - '71' a ÃĐtÃĐ modifiÃĐ.
2022-09-13 00:17:35|[INFO]|Session : [96cipmrtdcitl51mdopfa69sb4]|User id : 2|Name : SUPER  ADMINISTRATEUR |Module : [use_object]|Function : [Msg - update]| [OK_112] object_trace - '71' a ÃĐtÃĐ modifiÃĐ.
2022-09-13 00:17:40|[INFO]|Session : [96cipmrtdcitl51mdopfa69sb4]|User id : 2|Name : SUPER  ADMINISTRATEUR |Module : [use_object]|Function : [Msg - update]| [OK_112] object_trace - '71' a ÃĐtÃĐ modifiÃĐ.
2022-09-13 00:17:40|[INFO]|Session : [96cipmrtdcitl51mdopfa69sb4]|User id : 2|Name : SUPER  ADMINISTRATEUR |Module : [use_object]|Function : [Msg - update]| [OK_112] object_trace - '71' a ÃĐtÃĐ modifiÃĐ.
2022-09-13 00:17:45|[INFO]|Session : [96cipmrtdcitl51mdopfa69sb4]|User id : 2|Name : SUPER  ADMINISTRATEUR |Module : [use_object]|Function : [Msg - update]| [OK_112] object_trace - '71' a ÃĐtÃĐ modifiÃĐ.
2022-09-13 00:17:45|[INFO]|Session : [96cipmrtdcitl51mdopfa69sb4]|User id : 2|Name : SUPER  ADMINISTRATEUR |Module : [use_object]|Function : [Msg - update]| [OK_112] object_trace - '71' a ÃĐtÃĐ modifiÃĐ.
2022-09-13 00:17:52|[INFO]|Session : [96cipmrtdcitl51mdopfa69sb4]|User id : 2|Name : SUPER  ADMINISTRATEUR |Module : [use_object]|Function : [Msg - update]| [OK_112] object_trace - '71' a ÃĐtÃĐ modifiÃĐ.
2022-09-13 00:17:53|[INFO]|Session : [96cipmrtdcitl51mdopfa69sb4]|User id : 2|Name : SUPER  ADMINISTRATEUR |Module : [use_object]|Function : [Msg - update]| [OK_112] object_trace - '71' a ÃĐtÃĐ modifiÃĐ.
2022-09-13 00:18:01|[INFO]|Session : [96cipmrtdcitl51mdopfa69sb4]|User id : 2|Name : SUPER  ADMINISTRATEUR |Module : [use_object]|Function : [Msg - update]| [OK_112] object_trace - '71' a ÃĐtÃĐ modifiÃĐ.
2022-09-13 00:18:02|[INFO]|Session : [96cipmrtdcitl51mdopfa69sb4]|User id : 2|Name : SUPER  ADMINISTRATEUR |Module : [use_object]|Function : [Msg - update]| [OK_112] object_trace - '71' a ÃĐtÃĐ modifiÃĐ.
2022-09-13 00:18:10|[INFO]|Session : [96cipmrtdcitl51mdopfa69sb4]|User id : 2|Name : SUPER  ADMINISTRATEUR |Module : [use_object]|Function : [Msg - update]| [OK_112] object_trace - '71' a ÃĐtÃĐ modifiÃĐ.
2022-09-13 00:18:11|[INFO]|Session : [96cipmrtdcitl51mdopfa69sb4]|User id : 2|Name : SUPER  ADMINISTRATEUR |Module : [use_object]|Function : [Msg - update]| [OK_112] object_trace - '71' a ÃĐtÃĐ modifiÃĐ.
2022-09-13 00:18:25|[INFO]|Session : [96cipmrtdcitl51mdopfa69sb4]|User id : 2|Name : SUPER  ADMINISTRATEUR |Module : [use_object]|Function : [Msg - update]| [OK_112] object_trace - '71' a ÃĐtÃĐ modifiÃĐ.
2022-09-13 00:18:26|[INFO]|Session : [96cipmrtdcitl51mdopfa69sb4]|User id : 2|Name : SUPER  ADMINISTRATEUR |Module : [use_object]|Function : [Msg - update]| [OK_112] object_trace - '71' a ÃĐtÃĐ modifiÃĐ.
2022-09-13 00:18:31|[INFO]|Session : [96cipmrtdcitl51mdopfa69sb4]|User id : 2|Name : SUPER  ADMINISTRATEUR |Module : [use_object]|Function : [Msg - update]| [OK_112] object_trace - '71' a ÃĐtÃĐ modifiÃĐ.
2022-09-13 00:18:31|[INFO]|Session : [96cipmrtdcitl51mdopfa69sb4]|User id : 2|Name : SUPER  ADMINISTRATEUR |Module : [use_object]|Function : [Msg - update]| [OK_112] object_trace - '71' a ÃĐtÃĐ modifiÃĐ.
2022-09-13 00:18:34|[INFO]|Session : [96cipmrtdcitl51mdopfa69sb4]|User id : 2|Name : SUPER  ADMINISTRATEUR |Module : [use_object]|Function : [Msg - update]| [OK_112] object_trace - '71' a ÃĐtÃĐ modifiÃĐ.
2022-09-13 00:18:34|[INFO]|Session : [96cipmrtdcitl51mdopfa69sb4]|User id : 2|Name : SUPER  ADMINISTRATEUR |Module : [use_object]|Function : [Msg - update]| [OK_112] object_trace - '71' a ÃĐtÃĐ modifiÃĐ.
2022-09-13 00:24:08|[INFO]|Session : [96cipmrtdcitl51mdopfa69sb4]|User id : 2|Name : SUPER  ADMINISTRATEUR |Module : [use_object]|Function : [Msg - update]| [OK_112] object_trace - '71' a ÃĐtÃĐ modifiÃĐ.
2022-09-13 00:24:11|[INFO]|Session : [96cipmrtdcitl51mdopfa69sb4]|User id : 2|Name : SUPER  ADMINISTRATEUR |Module : [use_object]|Function : [Msg - update]| [OK_112] object_trace - '71' a ÃĐtÃĐ modifiÃĐ.
2022-09-13 00:24:14|[INFO]|Session : [96cipmrtdcitl51mdopfa69sb4]|User id : 2|Name : SUPER  ADMINISTRATEUR |Module : [use_object]|Function : [Msg - update]| [OK_112] object_trace - '71' a ÃĐtÃĐ modifiÃĐ.
2022-09-13 00:24:15|[INFO]|Session : [96cipmrtdcitl51mdopfa69sb4]|User id : 2|Name : SUPER  ADMINISTRATEUR |Module : [use_object]|Function : [Msg - update]| [OK_112] object_trace - '71' a ÃĐtÃĐ modifiÃĐ.
2022-09-13 00:24:18|[INFO]|Session : [96cipmrtdcitl51mdopfa69sb4]|User id : 2|Name : SUPER  ADMINISTRATEUR |Module : [use_object]|Function : [Msg - update]| [OK_112] object_trace - '71' a ÃĐtÃĐ modifiÃĐ.
2022-09-13 00:24:18|[INFO]|Session : [96cipmrtdcitl51mdopfa69sb4]|User id : 2|Name : SUPER  ADMINISTRATEUR |Module : [use_object]|Function : [Msg - update]| [OK_112] object_trace - '71' a ÃĐtÃĐ modifiÃĐ.
2022-09-13 00:26:25|[INFO]|Session : [96cipmrtdcitl51mdopfa69sb4]|User id : 2|Name : SUPER  ADMINISTRATEUR |Module : [use_object]|Function : [Msg - update]| [OK_112] object_trace - '71' a ÃĐtÃĐ modifiÃĐ.
2022-09-13 00:26:25|[INFO]|Session : [96cipmrtdcitl51mdopfa69sb4]|User id : 2|Name : SUPER  ADMINISTRATEUR |Module : [use_object]|Function : [Msg - update]| [OK_112] object_trace - '71' a ÃĐtÃĐ modifiÃĐ.
2022-09-13 00:26:27|[INFO]|Session : [96cipmrtdcitl51mdopfa69sb4]|User id : 2|Name : SUPER  ADMINISTRATEUR |Module : [use_object]|Function : [Msg - update]| [OK_112] object_trace - '71' a ÃĐtÃĐ modifiÃĐ.
2022-09-13 00:26:27|[INFO]|Session : [96cipmrtdcitl51mdopfa69sb4]|User id : 2|Name : SUPER  ADMINISTRATEUR |Module : [use_object]|Function : [Msg - update]| [OK_112] object_trace - '71' a ÃĐtÃĐ modifiÃĐ.
2022-09-13 01:15:30|[INFO]|Session : [96cipmrtdcitl51mdopfa69sb4]|User id : 2|Name : SUPER  ADMINISTRATEUR |Module : [use_object]|Function : [Msg - update]| [OK_112] object_trace - '71' a ÃĐtÃĐ modifiÃĐ.
2022-09-13 01:15:36|[INFO]|Session : [96cipmrtdcitl51mdopfa69sb4]|User id : 2|Name : SUPER  ADMINISTRATEUR |Module : [use_object]|Function : [Msg - update]| [OK_112] object_trace - '71' a ÃĐtÃĐ modifiÃĐ.
2022-09-13 01:15:37|[INFO]|Session : [96cipmrtdcitl51mdopfa69sb4]|User id : 2|Name : SUPER  ADMINISTRATEUR |Module : [use_object]|Function : [Msg - update]| [OK_112] object_trace - '71' a ÃĐtÃĐ modifiÃĐ.
2022-09-13 01:15:38|[INFO]|Session : [96cipmrtdcitl51mdopfa69sb4]|User id : 2|Name : SUPER  ADMINISTRATEUR |Module : [use_object]|Function : [Msg - update]| [OK_112] object_trace - '71' a ÃĐtÃĐ modifiÃĐ.
2022-09-13 01:15:41|[INFO]|Session : [96cipmrtdcitl51mdopfa69sb4]|User id : 2|Name : SUPER  ADMINISTRATEUR |Module : [use_object]|Function : [Msg - update]| [OK_112] object_trace - '71' a ÃĐtÃĐ modifiÃĐ.
2022-09-13 01:15:43|[INFO]|Session : [96cipmrtdcitl51mdopfa69sb4]|User id : 2|Name : SUPER  ADMINISTRATEUR |Module : [use_object]|Function : [Msg - update]| [OK_112] object_trace - '71' a ÃĐtÃĐ modifiÃĐ.
2022-09-13 01:15:47|[INFO]|Session : [96cipmrtdcitl51mdopfa69sb4]|User id : 2|Name : SUPER  ADMINISTRATEUR |Module : [use_object]|Function : [Msg - update]| [OK_112] object_trace - '71' a ÃĐtÃĐ modifiÃĐ.
2022-09-13 01:15:48|[INFO]|Session : [96cipmrtdcitl51mdopfa69sb4]|User id : 2|Name : SUPER  ADMINISTRATEUR |Module : [use_object]|Function : [Msg - update]| [OK_112] object_trace - '71' a ÃĐtÃĐ modifiÃĐ.
2022-09-13 01:15:50|[INFO]|Session : [96cipmrtdcitl51mdopfa69sb4]|User id : 2|Name : SUPER  ADMINISTRATEUR |Module : [use_object]|Function : [Msg - update]| [OK_112] object_trace - '71' a ÃĐtÃĐ modifiÃĐ.
2022-09-13 01:15:52|[INFO]|Session : [96cipmrtdcitl51mdopfa69sb4]|User id : 2|Name : SUPER  ADMINISTRATEUR |Module : [use_object]|Function : [Msg - update]| [OK_112] object_trace - '71' a ÃĐtÃĐ modifiÃĐ.
2022-09-13 01:15:55|[INFO]|Session : [96cipmrtdcitl51mdopfa69sb4]|User id : 2|Name : SUPER  ADMINISTRATEUR |Module : [use_object]|Function : [Msg - update]| [OK_112] object_trace - '71' a ÃĐtÃĐ modifiÃĐ.
2022-09-13 01:16:01|[INFO]|Session : [96cipmrtdcitl51mdopfa69sb4]|User id : 2|Name : SUPER  ADMINISTRATEUR |Module : [use_object]|Function : [Msg - update]| [OK_112] object_trace - '71' a ÃĐtÃĐ modifiÃĐ.
2022-09-13 01:16:06|[INFO]|Session : [96cipmrtdcitl51mdopfa69sb4]|User id : 2|Name : SUPER  ADMINISTRATEUR |Module : [use_object]|Function : [Msg - update]| [OK_112] object_trace - '71' a ÃĐtÃĐ modifiÃĐ.
2022-09-13 01:16:06|[INFO]|Session : [96cipmrtdcitl51mdopfa69sb4]|User id : 2|Name : SUPER  ADMINISTRATEUR |Module : [use_object]|Function : [Msg - update]| [OK_112] object_trace - '71' a ÃĐtÃĐ modifiÃĐ.
2022-09-13 01:16:10|[INFO]|Session : [96cipmrtdcitl51mdopfa69sb4]|User id : 2|Name : SUPER  ADMINISTRATEUR |Module : [use_object]|Function : [Msg - update]| [OK_112] object_trace - '71' a ÃĐtÃĐ modifiÃĐ.
2022-09-13 01:16:10|[INFO]|Session : [96cipmrtdcitl51mdopfa69sb4]|User id : 2|Name : SUPER  ADMINISTRATEUR |Module : [use_object]|Function : [Msg - update]| [OK_112] object_trace - '71' a ÃĐtÃĐ modifiÃĐ.
2022-09-13 01:16:12|[INFO]|Session : [96cipmrtdcitl51mdopfa69sb4]|User id : 2|Name : SUPER  ADMINISTRATEUR |Module : [use_object]|Function : [Msg - update]| [OK_112] object_trace - '71' a ÃĐtÃĐ modifiÃĐ.
2022-09-13 12:05:57|[INFO]|Session : [g3bkqbdkp3ljmrlricfjbqa875]|User id : 2|Name : SUPER  ADMINISTRATEUR |Module : [use_object]|Function : [Msg - insert]| [OK_111] object_diagram - '' a ÃĐtÃĐ crÃĐÃĐ.
2022-09-13 12:05:57|[INFO]|Session : [g3bkqbdkp3ljmrlricfjbqa875]|User id : 2|Name : SUPER  ADMINISTRATEUR |Module : [use_object]|Function : [Msg - insert]| [OK_111] object_link - '' a ÃĐtÃĐ crÃĐÃĐ.
2022-09-13 12:05:57|[INFO]|Session : [g3bkqbdkp3ljmrlricfjbqa875]|User id : 2|Name : SUPER  ADMINISTRATEUR |Module : [use_object]|Function : [Msg - insert]| [OK_111] object_node - '' a ÃĐtÃĐ crÃĐÃĐ.
2022-09-13 12:10:00|[INFO]|Session : [g3bkqbdkp3ljmrlricfjbqa875]|User id : 2|Name : SUPER  ADMINISTRATEUR |Module : [use_object]|Function : [Msg - update]| [OK_112] object_slide - '283' a ÃĐtÃĐ modifiÃĐ.
2022-09-13 12:10:00|[INFO]|Session : [g3bkqbdkp3ljmrlricfjbqa875]|User id : 2|Name : SUPER  ADMINISTRATEUR |Module : [use_object]|Function : [Msg - update]| [OK_112] object_question - '171' a ÃĐtÃĐ modifiÃĐ.
2022-09-13 12:10:00|[INFO]|Session : [g3bkqbdkp3ljmrlricfjbqa875]|User id : 2|Name : SUPER  ADMINISTRATEUR |Module : [use_object]|Function : [Msg - update]| [OK_112] object_node - '1906' a ÃĐtÃĐ modifiÃĐ.
2022-09-13 12:10:21|[INFO]|Session : [g3bkqbdkp3ljmrlricfjbqa875]|User id : 2|Name : SUPER  ADMINISTRATEUR |Module : [use_object]|Function : [Msg - insert]| [OK_111] object_link - '' a ÃĐtÃĐ crÃĐÃĐ.
2022-09-13 12:10:21|[INFO]|Session : [g3bkqbdkp3ljmrlricfjbqa875]|User id : 2|Name : SUPER  ADMINISTRATEUR |Module : [use_object]|Function : [Msg - update]| [OK_112] object_slide - '292' a ÃĐtÃĐ modifiÃĐ.
2022-09-13 12:10:21|[INFO]|Session : [g3bkqbdkp3ljmrlricfjbqa875]|User id : 2|Name : SUPER  ADMINISTRATEUR |Module : [use_object]|Function : [Msg - insert]| [OK_111] object_question - '0' a ÃĐtÃĐ crÃĐÃĐ.
2022-09-13 12:10:21|[INFO]|Session : [g3bkqbdkp3ljmrlricfjbqa875]|User id : 2|Name : SUPER  ADMINISTRATEUR |Module : [use_object]|Function : [Msg - insert]| [OK_111] object_node - '' a ÃĐtÃĐ crÃĐÃĐ.
2022-09-13 12:10:29|[INFO]|Session : [g3bkqbdkp3ljmrlricfjbqa875]|User id : 2|Name : SUPER  ADMINISTRATEUR |Module : [use_object]|Function : [Msg - insert]| [OK_111] object_link - '' a ÃĐtÃĐ crÃĐÃĐ.
2022-09-13 12:10:29|[INFO]|Session : [g3bkqbdkp3ljmrlricfjbqa875]|User id : 2|Name : SUPER  ADMINISTRATEUR |Module : [use_object]|Function : [Msg - update]| [OK_112] object_slide - '294' a ÃĐtÃĐ modifiÃĐ.
2022-09-13 12:10:29|[INFO]|Session : [g3bkqbdkp3ljmrlricfjbqa875]|User id : 2|Name : SUPER  ADMINISTRATEUR |Module : [use_object]|Function : [Msg - insert]| [OK_111] object_question - '0' a ÃĐtÃĐ crÃĐÃĐ.
2022-09-13 12:10:29|[INFO]|Session : [g3bkqbdkp3ljmrlricfjbqa875]|User id : 2|Name : SUPER  ADMINISTRATEUR |Module : [use_object]|Function : [Msg - insert]| [OK_111] object_node - '' a ÃĐtÃĐ crÃĐÃĐ.
2022-09-13 12:17:07|[INFO]|Session : [g3bkqbdkp3ljmrlricfjbqa875]|User id : 2|Name : SUPER  ADMINISTRATEUR |Module : [use_object]|Function : [Msg - insert]| [OK_111] object_diagram - '' a ÃĐtÃĐ crÃĐÃĐ.
2022-09-13 12:17:08|[INFO]|Session : [g3bkqbdkp3ljmrlricfjbqa875]|User id : 2|Name : SUPER  ADMINISTRATEUR |Module : [use_object]|Function : [Msg - insert]| [OK_111] object_link - '' a ÃĐtÃĐ crÃĐÃĐ.
2022-09-13 12:17:08|[INFO]|Session : [g3bkqbdkp3ljmrlricfjbqa875]|User id : 2|Name : SUPER  ADMINISTRATEUR |Module : [use_object]|Function : [Msg - insert]| [OK_111] object_node - '' a ÃĐtÃĐ crÃĐÃĐ.
2022-09-13 12:20:46|[INFO]|Session : [g3bkqbdkp3ljmrlricfjbqa875]|User id : 2|Name : SUPER  ADMINISTRATEUR |Module : [use_object]|Function : [Msg - insert]| [OK_111] object_diagram - '' a ÃĐtÃĐ crÃĐÃĐ.
2022-09-13 12:20:46|[INFO]|Session : [g3bkqbdkp3ljmrlricfjbqa875]|User id : 2|Name : SUPER  ADMINISTRATEUR |Module : [use_object]|Function : [Msg - insert]| [OK_111] object_link - '' a ÃĐtÃĐ crÃĐÃĐ.
2022-09-13 12:20:47|[INFO]|Session : [g3bkqbdkp3ljmrlricfjbqa875]|User id : 2|Name : SUPER  ADMINISTRATEUR |Module : [use_object]|Function : [Msg - insert]| [OK_111] object_node - '' a ÃĐtÃĐ crÃĐÃĐ.
2022-09-13 12:22:06|[INFO]|Session : [g3bkqbdkp3ljmrlricfjbqa875]|User id : 2|Name : SUPER  ADMINISTRATEUR |Module : [use_object]|Function : [Msg - insert]| [OK_111] object_diagram - '' a ÃĐtÃĐ crÃĐÃĐ.
2022-09-13 12:22:06|[INFO]|Session : [g3bkqbdkp3ljmrlricfjbqa875]|User id : 2|Name : SUPER  ADMINISTRATEUR |Module : [use_object]|Function : [Msg - insert]| [OK_111] object_link - '' a ÃĐtÃĐ crÃĐÃĐ.
2022-09-13 12:22:06|[INFO]|Session : [g3bkqbdkp3ljmrlricfjbqa875]|User id : 2|Name : SUPER  ADMINISTRATEUR |Module : [use_object]|Function : [Msg - insert]| [OK_111] object_node - '' a ÃĐtÃĐ crÃĐÃĐ.
2022-09-13 12:22:28|[INFO]|Session : [g3bkqbdkp3ljmrlricfjbqa875]|User id : 2|Name : SUPER  ADMINISTRATEUR |Module : [use_object]|Function : [Msg - insert]| [OK_111] object_link - '' a ÃĐtÃĐ crÃĐÃĐ.
2022-09-13 12:22:28|[INFO]|Session : [g3bkqbdkp3ljmrlricfjbqa875]|User id : 2|Name : SUPER  ADMINISTRATEUR |Module : [use_object]|Function : [Msg - update]| [OK_112] object_slide - '288' a ÃĐtÃĐ modifiÃĐ.
2022-09-13 12:22:28|[INFO]|Session : [g3bkqbdkp3ljmrlricfjbqa875]|User id : 2|Name : SUPER  ADMINISTRATEUR |Module : [use_object]|Function : [Msg - insert]| [OK_111] object_question - '0' a ÃĐtÃĐ crÃĐÃĐ.
2022-09-13 12:22:28|[INFO]|Session : [g3bkqbdkp3ljmrlricfjbqa875]|User id : 2|Name : SUPER  ADMINISTRATEUR |Module : [use_object]|Function : [Msg - insert]| [OK_111] object_node - '' a ÃĐtÃĐ crÃĐÃĐ.
2022-09-13 14:21:21|[INFO]|Session : [pe76tu8c21jc51re28qki1oequ]|User id : 2|Name : SUPER  ADMINISTRATEUR |Module : [use_object]|Function : [Msg - delete]| [OK_110] object_slide_link - '14' a ÃĐtÃĐ supprimÃĐ.
2022-09-13 14:21:21|[INFO]|Session : [pe76tu8c21jc51re28qki1oequ]|User id : 2|Name : SUPER  ADMINISTRATEUR |Module : [use_object]|Function : [Msg - delete]| [OK_110] object_slide_link - '12' a ÃĐtÃĐ supprimÃĐ.
2022-09-13 14:21:22|[INFO]|Session : [pe76tu8c21jc51re28qki1oequ]|User id : 2|Name : SUPER  ADMINISTRATEUR |Module : [use_object]|Function : [Msg - delete]| [OK_110] object_slide_link - '13' a ÃĐtÃĐ supprimÃĐ.
2022-09-13 14:21:22|[INFO]|Session : [pe76tu8c21jc51re28qki1oequ]|User id : 2|Name : SUPER  ADMINISTRATEUR |Module : [use_object]|Function : [Msg - insert]| [OK_111] object_slide_link - '' a ÃĐtÃĐ crÃĐÃĐ.
2022-09-13 14:21:22|[INFO]|Session : [pe76tu8c21jc51re28qki1oequ]|User id : 2|Name : SUPER  ADMINISTRATEUR |Module : [use_object]|Function : [Msg - insert]| [OK_111] object_slide_link - '' a ÃĐtÃĐ crÃĐÃĐ.
2022-09-13 14:21:22|[INFO]|Session : [pe76tu8c21jc51re28qki1oequ]|User id : 2|Name : SUPER  ADMINISTRATEUR |Module : [use_object]|Function : [Msg - insert]| [OK_111] object_slide_link - '' a ÃĐtÃĐ crÃĐÃĐ.
2022-09-13 14:21:22|[INFO]|Session : [pe76tu8c21jc51re28qki1oequ]|User id : 2|Name : SUPER  ADMINISTRATEUR |Module : [use_object]|Function : [Msg - delete]| [OK_110] object_slide_variable - '213' a ÃĐtÃĐ supprimÃĐ.
2022-09-13 14:21:22|[INFO]|Session : [pe76tu8c21jc51re28qki1oequ]|User id : 2|Name : SUPER  ADMINISTRATEUR |Module : [use_object]|Function : [Msg - delete]| [OK_110] object_slide_variable - '214' a ÃĐtÃĐ supprimÃĐ.
2022-09-13 14:21:22|[INFO]|Session : [pe76tu8c21jc51re28qki1oequ]|User id : 2|Name : SUPER  ADMINISTRATEUR |Module : [use_object]|Function : [Msg - insert]| [OK_111] object_slide_variable - '' a ÃĐtÃĐ crÃĐÃĐ.
2022-09-13 14:21:22|[INFO]|Session : [pe76tu8c21jc51re28qki1oequ]|User id : 2|Name : SUPER  ADMINISTRATEUR |Module : [use_object]|Function : [Msg - insert]| [OK_111] object_slide_variable - '' a ÃĐtÃĐ crÃĐÃĐ.
2022-09-13 14:21:22|[INFO]|Session : [pe76tu8c21jc51re28qki1oequ]|User id : 2|Name : SUPER  ADMINISTRATEUR |Module : [use_object]|Function : [Msg - delete]| [OK_110] object_slide_result - '50' a ÃĐtÃĐ supprimÃĐ.
2022-09-13 14:21:22|[INFO]|Session : [pe76tu8c21jc51re28qki1oequ]|User id : 2|Name : SUPER  ADMINISTRATEUR |Module : [use_object]|Function : [Msg - insert]| [OK_111] object_slide_result - '' a ÃĐtÃĐ crÃĐÃĐ.
2022-09-13 14:21:22|[INFO]|Session : [pe76tu8c21jc51re28qki1oequ]|User id : 2|Name : SUPER  ADMINISTRATEUR |Module : [use_object]|Function : [Msg - update]| [OK_112] object_notice - '155' a ÃĐtÃĐ modifiÃĐ.
2022-09-13 14:21:22|[INFO]|Session : [pe76tu8c21jc51re28qki1oequ]|User id : 2|Name : SUPER  ADMINISTRATEUR |Module : [use_object]|Function : [Msg - update]| [OK_112] object_content_variables - '156' a ÃĐtÃĐ modifiÃĐ.
2022-09-13 14:21:22|[INFO]|Session : [pe76tu8c21jc51re28qki1oequ]|User id : 2|Name : SUPER  ADMINISTRATEUR |Module : [use_object]|Function : [Msg - update]| [OK_112] object_content_results - '181' a ÃĐtÃĐ modifiÃĐ.
2022-09-13 14:21:22|[INFO]|Session : [pe76tu8c21jc51re28qki1oequ]|User id : 2|Name : SUPER  ADMINISTRATEUR |Module : [use_object]|Function : [Msg - update]| [OK_112] object_slide - '283' a ÃĐtÃĐ modifiÃĐ.
2022-09-13 14:21:38|[INFO]|Session : [pe76tu8c21jc51re28qki1oequ]|User id : 2|Name : SUPER  ADMINISTRATEUR |Module : [use_object]|Function : [Msg - update]| [OK_112] object_variable - '79' a ÃĐtÃĐ modifiÃĐ.
2022-09-13 14:21:38|[INFO]|Session : [pe76tu8c21jc51re28qki1oequ]|User id : 2|Name : SUPER  ADMINISTRATEUR |Module : [use_object]|Function : [Msg - update]| [OK_112] object_field_variable - '365' a ÃĐtÃĐ modifiÃĐ.
2022-09-13 14:21:44|[INFO]|Session : [pe76tu8c21jc51re28qki1oequ]|User id : 2|Name : SUPER  ADMINISTRATEUR |Module : [use_object]|Function : [Msg - update]| [OK_112] object_trace - '72' a ÃĐtÃĐ modifiÃĐ.
2022-09-13 14:21:54|[INFO]|Session : [pe76tu8c21jc51re28qki1oequ]|User id : 2|Name : SUPER  ADMINISTRATEUR |Module : [use_object]|Function : [Msg - update]| [OK_112] object_trace - '72' a ÃĐtÃĐ modifiÃĐ.
2022-09-13 14:23:02|[INFO]|Session : [pe76tu8c21jc51re28qki1oequ]|User id : 2|Name : SUPER  ADMINISTRATEUR |Module : [use_object]|Function : [Msg - update]| [OK_112] object_trace - '72' a ÃĐtÃĐ modifiÃĐ.
2022-09-13 14:23:04|[INFO]|Session : [pe76tu8c21jc51re28qki1oequ]|User id : 2|Name : SUPER  ADMINISTRATEUR |Module : [use_object]|Function : [Msg - update]| [OK_112] object_trace - '72' a ÃĐtÃĐ modifiÃĐ.
2022-09-13 14:27:52|[INFO]|Session : [pe76tu8c21jc51re28qki1oequ]|User id : 2|Name : SUPER  ADMINISTRATEUR |Module : [use_object]|Function : [Msg - update]| [OK_112] object_trace - '72' a ÃĐtÃĐ modifiÃĐ.
2022-09-13 14:30:11|[INFO]|Session : [pe76tu8c21jc51re28qki1oequ]|User id : 2|Name : SUPER  ADMINISTRATEUR |Module : [use_object]|Function : [Msg - update]| [OK_112] object_trace - '72' a ÃĐtÃĐ modifiÃĐ.
2022-09-13 14:31:18|[INFO]|Session : [pe76tu8c21jc51re28qki1oequ]|User id : 2|Name : SUPER  ADMINISTRATEUR |Module : [use_object]|Function : [Msg - delete]| [OK_110] object_slide_link - '17' a ÃĐtÃĐ supprimÃĐ.
2022-09-13 14:31:18|[INFO]|Session : [pe76tu8c21jc51re28qki1oequ]|User id : 2|Name : SUPER  ADMINISTRATEUR |Module : [use_object]|Function : [Msg - delete]| [OK_110] object_slide_link - '15' a ÃĐtÃĐ supprimÃĐ.
2022-09-13 14:31:18|[INFO]|Session : [pe76tu8c21jc51re28qki1oequ]|User id : 2|Name : SUPER  ADMINISTRATEUR |Module : [use_object]|Function : [Msg - delete]| [OK_110] object_slide_link - '16' a ÃĐtÃĐ supprimÃĐ.
2022-09-13 14:31:18|[INFO]|Session : [pe76tu8c21jc51re28qki1oequ]|User id : 2|Name : SUPER  ADMINISTRATEUR |Module : [use_object]|Function : [Msg - insert]| [OK_111] object_slide_link - '' a ÃĐtÃĐ crÃĐÃĐ.
2022-09-13 14:31:18|[INFO]|Session : [pe76tu8c21jc51re28qki1oequ]|User id : 2|Name : SUPER  ADMINISTRATEUR |Module : [use_object]|Function : [Msg - insert]| [OK_111] object_slide_link - '' a ÃĐtÃĐ crÃĐÃĐ.
2022-09-13 14:31:18|[INFO]|Session : [pe76tu8c21jc51re28qki1oequ]|User id : 2|Name : SUPER  ADMINISTRATEUR |Module : [use_object]|Function : [Msg - insert]| [OK_111] object_slide_link - '' a ÃĐtÃĐ crÃĐÃĐ.
2022-09-13 14:31:19|[INFO]|Session : [pe76tu8c21jc51re28qki1oequ]|User id : 2|Name : SUPER  ADMINISTRATEUR |Module : [use_object]|Function : [Msg - delete]| [OK_110] object_slide_variable - '215' a ÃĐtÃĐ supprimÃĐ.
2022-09-13 14:31:19|[INFO]|Session : [pe76tu8c21jc51re28qki1oequ]|User id : 2|Name : SUPER  ADMINISTRATEUR |Module : [use_object]|Function : [Msg - delete]| [OK_110] object_slide_variable - '216' a ÃĐtÃĐ supprimÃĐ.
2022-09-13 14:31:19|[INFO]|Session : [pe76tu8c21jc51re28qki1oequ]|User id : 2|Name : SUPER  ADMINISTRATEUR |Module : [use_object]|Function : [Msg - insert]| [OK_111] object_slide_variable - '' a ÃĐtÃĐ crÃĐÃĐ.
2022-09-13 14:31:19|[INFO]|Session : [pe76tu8c21jc51re28qki1oequ]|User id : 2|Name : SUPER  ADMINISTRATEUR |Module : [use_object]|Function : [Msg - insert]| [OK_111] object_slide_variable - '' a ÃĐtÃĐ crÃĐÃĐ.
2022-09-13 14:31:19|[INFO]|Session : [pe76tu8c21jc51re28qki1oequ]|User id : 2|Name : SUPER  ADMINISTRATEUR |Module : [use_object]|Function : [Msg - insert]| [OK_111] object_slide_variable - '' a ÃĐtÃĐ crÃĐÃĐ.
2022-09-13 14:31:19|[INFO]|Session : [pe76tu8c21jc51re28qki1oequ]|User id : 2|Name : SUPER  ADMINISTRATEUR |Module : [use_object]|Function : [Msg - delete]| [OK_110] object_slide_result - '51' a ÃĐtÃĐ supprimÃĐ.
2022-09-13 14:31:19|[INFO]|Session : [pe76tu8c21jc51re28qki1oequ]|User id : 2|Name : SUPER  ADMINISTRATEUR |Module : [use_object]|Function : [Msg - insert]| [OK_111] object_slide_result - '' a ÃĐtÃĐ crÃĐÃĐ.
2022-09-13 14:31:19|[INFO]|Session : [pe76tu8c21jc51re28qki1oequ]|User id : 2|Name : SUPER  ADMINISTRATEUR |Module : [use_object]|Function : [Msg - update]| [OK_112] object_notice - '155' a ÃĐtÃĐ modifiÃĐ.
2022-09-13 14:31:19|[INFO]|Session : [pe76tu8c21jc51re28qki1oequ]|User id : 2|Name : SUPER  ADMINISTRATEUR |Module : [use_object]|Function : [Msg - update]| [OK_112] object_content_variables - '156' a ÃĐtÃĐ modifiÃĐ.
2022-09-13 14:31:19|[INFO]|Session : [pe76tu8c21jc51re28qki1oequ]|User id : 2|Name : SUPER  ADMINISTRATEUR |Module : [use_object]|Function : [Msg - update]| [OK_112] object_content_results - '181' a ÃĐtÃĐ modifiÃĐ.
2022-09-13 14:31:19|[INFO]|Session : [pe76tu8c21jc51re28qki1oequ]|User id : 2|Name : SUPER  ADMINISTRATEUR |Module : [use_object]|Function : [Msg - update]| [OK_112] object_slide - '283' a ÃĐtÃĐ modifiÃĐ.
2022-09-13 14:31:25|[INFO]|Session : [pe76tu8c21jc51re28qki1oequ]|User id : 2|Name : SUPER  ADMINISTRATEUR |Module : [use_object]|Function : [Msg - update]| [OK_112] object_trace - '72' a ÃĐtÃĐ modifiÃĐ.
2022-09-13 14:31:34|[INFO]|Session : [pe76tu8c21jc51re28qki1oequ]|User id : 2|Name : SUPER  ADMINISTRATEUR |Module : [use_object]|Function : [Msg - update]| [OK_112] object_trace - '72' a ÃĐtÃĐ modifiÃĐ.
2022-09-13 14:33:15|[INFO]|Session : [pe76tu8c21jc51re28qki1oequ]|User id : 2|Name : SUPER  ADMINISTRATEUR |Module : [use_object]|Function : [Msg - update]| [OK_112] object_variable - '119' a ÃĐtÃĐ modifiÃĐ.
2022-09-13 14:33:15|[INFO]|Session : [pe76tu8c21jc51re28qki1oequ]|User id : 2|Name : SUPER  ADMINISTRATEUR |Module : [use_object]|Function : [Msg - update]| [OK_112] object_field_variable - '611' a ÃĐtÃĐ modifiÃĐ.
2022-09-13 14:33:34|[INFO]|Session : [pe76tu8c21jc51re28qki1oequ]|User id : 2|Name : SUPER  ADMINISTRATEUR |Module : [use_object]|Function : [Msg - update]| [OK_112] object_trace - '72' a ÃĐtÃĐ modifiÃĐ.
2022-09-13 14:34:15|[INFO]|Session : [pe76tu8c21jc51re28qki1oequ]|User id : 2|Name : SUPER  ADMINISTRATEUR |Module : [use_object]|Function : [Msg - delete]| [OK_110] object_slide_link - '20' a ÃĐtÃĐ supprimÃĐ.
2022-09-13 14:34:15|[INFO]|Session : [pe76tu8c21jc51re28qki1oequ]|User id : 2|Name : SUPER  ADMINISTRATEUR |Module : [use_object]|Function : [Msg - delete]| [OK_110] object_slide_link - '18' a ÃĐtÃĐ supprimÃĐ.
2022-09-13 14:34:16|[INFO]|Session : [pe76tu8c21jc51re28qki1oequ]|User id : 2|Name : SUPER  ADMINISTRATEUR |Module : [use_object]|Function : [Msg - delete]| [OK_110] object_slide_link - '19' a ÃĐtÃĐ supprimÃĐ.
2022-09-13 14:34:16|[INFO]|Session : [pe76tu8c21jc51re28qki1oequ]|User id : 2|Name : SUPER  ADMINISTRATEUR |Module : [use_object]|Function : [Msg - insert]| [OK_111] object_slide_link - '' a ÃĐtÃĐ crÃĐÃĐ.
2022-09-13 14:34:16|[INFO]|Session : [pe76tu8c21jc51re28qki1oequ]|User id : 2|Name : SUPER  ADMINISTRATEUR |Module : [use_object]|Function : [Msg - insert]| [OK_111] object_slide_link - '' a ÃĐtÃĐ crÃĐÃĐ.
2022-09-13 14:34:16|[INFO]|Session : [pe76tu8c21jc51re28qki1oequ]|User id : 2|Name : SUPER  ADMINISTRATEUR |Module : [use_object]|Function : [Msg - insert]| [OK_111] object_slide_link - '' a ÃĐtÃĐ crÃĐÃĐ.
2022-09-13 14:34:16|[INFO]|Session : [pe76tu8c21jc51re28qki1oequ]|User id : 2|Name : SUPER  ADMINISTRATEUR |Module : [use_object]|Function : [Msg - delete]| [OK_110] object_slide_variable - '217' a ÃĐtÃĐ supprimÃĐ.
2022-09-13 14:34:16|[INFO]|Session : [pe76tu8c21jc51re28qki1oequ]|User id : 2|Name : SUPER  ADMINISTRATEUR |Module : [use_object]|Function : [Msg - delete]| [OK_110] object_slide_variable - '218' a ÃĐtÃĐ supprimÃĐ.
2022-09-13 14:34:16|[INFO]|Session : [pe76tu8c21jc51re28qki1oequ]|User id : 2|Name : SUPER  ADMINISTRATEUR |Module : [use_object]|Function : [Msg - delete]| [OK_110] object_slide_variable - '219' a ÃĐtÃĐ supprimÃĐ.
2022-09-13 14:34:16|[INFO]|Session : [pe76tu8c21jc51re28qki1oequ]|User id : 2|Name : SUPER  ADMINISTRATEUR |Module : [use_object]|Function : [Msg - insert]| [OK_111] object_slide_variable - '' a ÃĐtÃĐ crÃĐÃĐ.
2022-09-13 14:34:16|[INFO]|Session : [pe76tu8c21jc51re28qki1oequ]|User id : 2|Name : SUPER  ADMINISTRATEUR |Module : [use_object]|Function : [Msg - insert]| [OK_111] object_slide_variable - '' a ÃĐtÃĐ crÃĐÃĐ.
2022-09-13 14:34:16|[INFO]|Session : [pe76tu8c21jc51re28qki1oequ]|User id : 2|Name : SUPER  ADMINISTRATEUR |Module : [use_object]|Function : [Msg - insert]| [OK_111] object_slide_variable - '' a ÃĐtÃĐ crÃĐÃĐ.
2022-09-13 14:34:16|[INFO]|Session : [pe76tu8c21jc51re28qki1oequ]|User id : 2|Name : SUPER  ADMINISTRATEUR |Module : [use_object]|Function : [Msg - insert]| [OK_111] object_slide_variable - '' a ÃĐtÃĐ crÃĐÃĐ.
2022-09-13 14:34:16|[INFO]|Session : [pe76tu8c21jc51re28qki1oequ]|User id : 2|Name : SUPER  ADMINISTRATEUR |Module : [use_object]|Function : [Msg - delete]| [OK_110] object_slide_result - '52' a ÃĐtÃĐ supprimÃĐ.
2022-09-13 14:34:16|[INFO]|Session : [pe76tu8c21jc51re28qki1oequ]|User id : 2|Name : SUPER  ADMINISTRATEUR |Module : [use_object]|Function : [Msg - insert]| [OK_111] object_slide_result - '' a ÃĐtÃĐ crÃĐÃĐ.
2022-09-13 14:34:16|[INFO]|Session : [pe76tu8c21jc51re28qki1oequ]|User id : 2|Name : SUPER  ADMINISTRATEUR |Module : [use_object]|Function : [Msg - update]| [OK_112] object_notice - '155' a ÃĐtÃĐ modifiÃĐ.
2022-09-13 14:34:16|[INFO]|Session : [pe76tu8c21jc51re28qki1oequ]|User id : 2|Name : SUPER  ADMINISTRATEUR |Module : [use_object]|Function : [Msg - update]| [OK_112] object_content_variables - '156' a ÃĐtÃĐ modifiÃĐ.
2022-09-13 14:34:16|[INFO]|Session : [pe76tu8c21jc51re28qki1oequ]|User id : 2|Name : SUPER  ADMINISTRATEUR |Module : [use_object]|Function : [Msg - update]| [OK_112] object_content_results - '181' a ÃĐtÃĐ modifiÃĐ.
2022-09-13 14:34:17|[INFO]|Session : [pe76tu8c21jc51re28qki1oequ]|User id : 2|Name : SUPER  ADMINISTRATEUR |Module : [use_object]|Function : [Msg - update]| [OK_112] object_slide - '283' a ÃĐtÃĐ modifiÃĐ.
2022-09-13 14:34:23|[INFO]|Session : [pe76tu8c21jc51re28qki1oequ]|User id : 2|Name : SUPER  ADMINISTRATEUR |Module : [use_object]|Function : [Msg - update]| [OK_112] object_trace - '72' a ÃĐtÃĐ modifiÃĐ.
2022-09-13 14:34:27|[INFO]|Session : [pe76tu8c21jc51re28qki1oequ]|User id : 2|Name : SUPER  ADMINISTRATEUR |Module : [use_object]|Function : [Msg - update]| [OK_112] object_trace - '72' a ÃĐtÃĐ modifiÃĐ.
2022-09-13 14:37:03|[INFO]|Session : [pe76tu8c21jc51re28qki1oequ]|User id : 2|Name : SUPER  ADMINISTRATEUR |Module : [use_object]|Function : [Msg - delete]| [OK_110] object_slide_link - '23' a ÃĐtÃĐ supprimÃĐ.
2022-09-13 14:37:03|[INFO]|Session : [pe76tu8c21jc51re28qki1oequ]|User id : 2|Name : SUPER  ADMINISTRATEUR |Module : [use_object]|Function : [Msg - delete]| [OK_110] object_slide_link - '21' a ÃĐtÃĐ supprimÃĐ.
2022-09-13 14:37:03|[INFO]|Session : [pe76tu8c21jc51re28qki1oequ]|User id : 2|Name : SUPER  ADMINISTRATEUR |Module : [use_object]|Function : [Msg - delete]| [OK_110] object_slide_link - '22' a ÃĐtÃĐ supprimÃĐ.
2022-09-13 14:37:03|[INFO]|Session : [pe76tu8c21jc51re28qki1oequ]|User id : 2|Name : SUPER  ADMINISTRATEUR |Module : [use_object]|Function : [Msg - insert]| [OK_111] object_slide_link - '' a ÃĐtÃĐ crÃĐÃĐ.
2022-09-13 14:37:03|[INFO]|Session : [pe76tu8c21jc51re28qki1oequ]|User id : 2|Name : SUPER  ADMINISTRATEUR |Module : [use_object]|Function : [Msg - insert]| [OK_111] object_slide_link - '' a ÃĐtÃĐ crÃĐÃĐ.
2022-09-13 14:37:03|[INFO]|Session : [pe76tu8c21jc51re28qki1oequ]|User id : 2|Name : SUPER  ADMINISTRATEUR |Module : [use_object]|Function : [Msg - insert]| [OK_111] object_slide_link - '' a ÃĐtÃĐ crÃĐÃĐ.
2022-09-13 14:37:03|[INFO]|Session : [pe76tu8c21jc51re28qki1oequ]|User id : 2|Name : SUPER  ADMINISTRATEUR |Module : [use_object]|Function : [Msg - delete]| [OK_110] object_slide_variable - '220' a ÃĐtÃĐ supprimÃĐ.
2022-09-13 14:37:03|[INFO]|Session : [pe76tu8c21jc51re28qki1oequ]|User id : 2|Name : SUPER  ADMINISTRATEUR |Module : [use_object]|Function : [Msg - delete]| [OK_110] object_slide_variable - '221' a ÃĐtÃĐ supprimÃĐ.
2022-09-13 14:37:03|[INFO]|Session : [pe76tu8c21jc51re28qki1oequ]|User id : 2|Name : SUPER  ADMINISTRATEUR |Module : [use_object]|Function : [Msg - delete]| [OK_110] object_slide_variable - '222' a ÃĐtÃĐ supprimÃĐ.
2022-09-13 14:37:03|[INFO]|Session : [pe76tu8c21jc51re28qki1oequ]|User id : 2|Name : SUPER  ADMINISTRATEUR |Module : [use_object]|Function : [Msg - delete]| [OK_110] object_slide_variable - '223' a ÃĐtÃĐ supprimÃĐ.
2022-09-13 14:37:03|[INFO]|Session : [pe76tu8c21jc51re28qki1oequ]|User id : 2|Name : SUPER  ADMINISTRATEUR |Module : [use_object]|Function : [Msg - insert]| [OK_111] object_slide_variable - '' a ÃĐtÃĐ crÃĐÃĐ.
2022-09-13 14:37:03|[INFO]|Session : [pe76tu8c21jc51re28qki1oequ]|User id : 2|Name : SUPER  ADMINISTRATEUR |Module : [use_object]|Function : [Msg - insert]| [OK_111] object_slide_variable - '' a ÃĐtÃĐ crÃĐÃĐ.
2022-09-13 14:37:03|[INFO]|Session : [pe76tu8c21jc51re28qki1oequ]|User id : 2|Name : SUPER  ADMINISTRATEUR |Module : [use_object]|Function : [Msg - insert]| [OK_111] object_slide_variable - '' a ÃĐtÃĐ crÃĐÃĐ.
2022-09-13 14:37:03|[INFO]|Session : [pe76tu8c21jc51re28qki1oequ]|User id : 2|Name : SUPER  ADMINISTRATEUR |Module : [use_object]|Function : [Msg - insert]| [OK_111] object_slide_variable - '' a ÃĐtÃĐ crÃĐÃĐ.
2022-09-13 14:37:03|[INFO]|Session : [pe76tu8c21jc51re28qki1oequ]|User id : 2|Name : SUPER  ADMINISTRATEUR |Module : [use_object]|Function : [Msg - delete]| [OK_110] object_slide_result - '53' a ÃĐtÃĐ supprimÃĐ.
2022-09-13 14:37:03|[INFO]|Session : [pe76tu8c21jc51re28qki1oequ]|User id : 2|Name : SUPER  ADMINISTRATEUR |Module : [use_object]|Function : [Msg - insert]| [OK_111] object_slide_result - '' a ÃĐtÃĐ crÃĐÃĐ.
2022-09-13 14:37:03|[INFO]|Session : [pe76tu8c21jc51re28qki1oequ]|User id : 2|Name : SUPER  ADMINISTRATEUR |Module : [use_object]|Function : [Msg - update]| [OK_112] object_notice - '155' a ÃĐtÃĐ modifiÃĐ.
2022-09-13 14:37:03|[INFO]|Session : [pe76tu8c21jc51re28qki1oequ]|User id : 2|Name : SUPER  ADMINISTRATEUR |Module : [use_object]|Function : [Msg - update]| [OK_112] object_content_variables - '156' a ÃĐtÃĐ modifiÃĐ.
2022-09-13 14:37:03|[INFO]|Session : [pe76tu8c21jc51re28qki1oequ]|User id : 2|Name : SUPER  ADMINISTRATEUR |Module : [use_object]|Function : [Msg - update]| [OK_112] object_content_results - '181' a ÃĐtÃĐ modifiÃĐ.
2022-09-13 14:37:03|[INFO]|Session : [pe76tu8c21jc51re28qki1oequ]|User id : 2|Name : SUPER  ADMINISTRATEUR |Module : [use_object]|Function : [Msg - update]| [OK_112] object_slide - '283' a ÃĐtÃĐ modifiÃĐ.
2022-09-13 14:37:08|[INFO]|Session : [pe76tu8c21jc51re28qki1oequ]|User id : 2|Name : SUPER  ADMINISTRATEUR |Module : [use_object]|Function : [Msg - update]| [OK_112] object_trace - '72' a ÃĐtÃĐ modifiÃĐ.
2022-09-13 14:37:37|[INFO]|Session : [pe76tu8c21jc51re28qki1oequ]|User id : 2|Name : SUPER  ADMINISTRATEUR |Module : [use_object]|Function : [Msg - update]| [OK_112] object_trace - '72' a ÃĐtÃĐ modifiÃĐ.
2022-09-13 14:40:12|[INFO]|Session : [pe76tu8c21jc51re28qki1oequ]|User id : 2|Name : SUPER  ADMINISTRATEUR |Module : [use_object]|Function : [Msg - update]| [OK_112] object_trace - '72' a ÃĐtÃĐ modifiÃĐ.
2022-09-13 14:40:49|[INFO]|Session : [pe76tu8c21jc51re28qki1oequ]|User id : 2|Name : SUPER  ADMINISTRATEUR |Module : [use_object]|Function : [Msg - delete]| [OK_110] object_slide_link - '26' a ÃĐtÃĐ supprimÃĐ.
2022-09-13 14:40:49|[INFO]|Session : [pe76tu8c21jc51re28qki1oequ]|User id : 2|Name : SUPER  ADMINISTRATEUR |Module : [use_object]|Function : [Msg - delete]| [OK_110] object_slide_link - '24' a ÃĐtÃĐ supprimÃĐ.
2022-09-13 14:40:49|[INFO]|Session : [pe76tu8c21jc51re28qki1oequ]|User id : 2|Name : SUPER  ADMINISTRATEUR |Module : [use_object]|Function : [Msg - delete]| [OK_110] object_slide_link - '25' a ÃĐtÃĐ supprimÃĐ.
2022-09-13 14:40:49|[INFO]|Session : [pe76tu8c21jc51re28qki1oequ]|User id : 2|Name : SUPER  ADMINISTRATEUR |Module : [use_object]|Function : [Msg - insert]| [OK_111] object_slide_link - '' a ÃĐtÃĐ crÃĐÃĐ.
2022-09-13 14:40:49|[INFO]|Session : [pe76tu8c21jc51re28qki1oequ]|User id : 2|Name : SUPER  ADMINISTRATEUR |Module : [use_object]|Function : [Msg - insert]| [OK_111] object_slide_link - '' a ÃĐtÃĐ crÃĐÃĐ.
2022-09-13 14:40:49|[INFO]|Session : [pe76tu8c21jc51re28qki1oequ]|User id : 2|Name : SUPER  ADMINISTRATEUR |Module : [use_object]|Function : [Msg - insert]| [OK_111] object_slide_link - '' a ÃĐtÃĐ crÃĐÃĐ.
2022-09-13 14:40:49|[INFO]|Session : [pe76tu8c21jc51re28qki1oequ]|User id : 2|Name : SUPER  ADMINISTRATEUR |Module : [use_object]|Function : [Msg - delete]| [OK_110] object_slide_variable - '224' a ÃĐtÃĐ supprimÃĐ.
2022-09-13 14:40:49|[INFO]|Session : [pe76tu8c21jc51re28qki1oequ]|User id : 2|Name : SUPER  ADMINISTRATEUR |Module : [use_object]|Function : [Msg - delete]| [OK_110] object_slide_variable - '225' a ÃĐtÃĐ supprimÃĐ.
2022-09-13 14:40:49|[INFO]|Session : [pe76tu8c21jc51re28qki1oequ]|User id : 2|Name : SUPER  ADMINISTRATEUR |Module : [use_object]|Function : [Msg - delete]| [OK_110] object_slide_variable - '226' a ÃĐtÃĐ supprimÃĐ.
2022-09-13 14:40:49|[INFO]|Session : [pe76tu8c21jc51re28qki1oequ]|User id : 2|Name : SUPER  ADMINISTRATEUR |Module : [use_object]|Function : [Msg - delete]| [OK_110] object_slide_variable - '227' a ÃĐtÃĐ supprimÃĐ.
2022-09-13 14:40:49|[INFO]|Session : [pe76tu8c21jc51re28qki1oequ]|User id : 2|Name : SUPER  ADMINISTRATEUR |Module : [use_object]|Function : [Msg - insert]| [OK_111] object_slide_variable - '' a ÃĐtÃĐ crÃĐÃĐ.
2022-09-13 14:40:49|[INFO]|Session : [pe76tu8c21jc51re28qki1oequ]|User id : 2|Name : SUPER  ADMINISTRATEUR |Module : [use_object]|Function : [Msg - insert]| [OK_111] object_slide_variable - '' a ÃĐtÃĐ crÃĐÃĐ.
2022-09-13 14:40:49|[INFO]|Session : [pe76tu8c21jc51re28qki1oequ]|User id : 2|Name : SUPER  ADMINISTRATEUR |Module : [use_object]|Function : [Msg - insert]| [OK_111] object_slide_variable - '' a ÃĐtÃĐ crÃĐÃĐ.
2022-09-13 14:40:49|[INFO]|Session : [pe76tu8c21jc51re28qki1oequ]|User id : 2|Name : SUPER  ADMINISTRATEUR |Module : [use_object]|Function : [Msg - insert]| [OK_111] object_slide_variable - '' a ÃĐtÃĐ crÃĐÃĐ.
2022-09-13 14:40:49|[INFO]|Session : [pe76tu8c21jc51re28qki1oequ]|User id : 2|Name : SUPER  ADMINISTRATEUR |Module : [use_object]|Function : [Msg - delete]| [OK_110] object_slide_result - '54' a ÃĐtÃĐ supprimÃĐ.
2022-09-13 14:40:49|[INFO]|Session : [pe76tu8c21jc51re28qki1oequ]|User id : 2|Name : SUPER  ADMINISTRATEUR |Module : [use_object]|Function : [Msg - insert]| [OK_111] object_slide_result - '' a ÃĐtÃĐ crÃĐÃĐ.
2022-09-13 14:40:49|[INFO]|Session : [pe76tu8c21jc51re28qki1oequ]|User id : 2|Name : SUPER  ADMINISTRATEUR |Module : [use_object]|Function : [Msg - update]| [OK_112] object_notice - '155' a ÃĐtÃĐ modifiÃĐ.
2022-09-13 14:40:49|[INFO]|Session : [pe76tu8c21jc51re28qki1oequ]|User id : 2|Name : SUPER  ADMINISTRATEUR |Module : [use_object]|Function : [Msg - update]| [OK_112] object_content_variables - '156' a ÃĐtÃĐ modifiÃĐ.
2022-09-13 14:40:49|[INFO]|Session : [pe76tu8c21jc51re28qki1oequ]|User id : 2|Name : SUPER  ADMINISTRATEUR |Module : [use_object]|Function : [Msg - update]| [OK_112] object_content_results - '181' a ÃĐtÃĐ modifiÃĐ.
2022-09-13 14:40:49|[INFO]|Session : [pe76tu8c21jc51re28qki1oequ]|User id : 2|Name : SUPER  ADMINISTRATEUR |Module : [use_object]|Function : [Msg - update]| [OK_112] object_slide - '283' a ÃĐtÃĐ modifiÃĐ.
2022-09-13 14:40:53|[INFO]|Session : [pe76tu8c21jc51re28qki1oequ]|User id : 2|Name : SUPER  ADMINISTRATEUR |Module : [use_object]|Function : [Msg - update]| [OK_112] object_trace - '72' a ÃĐtÃĐ modifiÃĐ.
2022-09-13 14:40:57|[INFO]|Session : [pe76tu8c21jc51re28qki1oequ]|User id : 2|Name : SUPER  ADMINISTRATEUR |Module : [use_object]|Function : [Msg - update]| [OK_112] object_trace - '72' a ÃĐtÃĐ modifiÃĐ.
2022-09-13 14:43:01|[INFO]|Session : [pe76tu8c21jc51re28qki1oequ]|User id : 2|Name : SUPER  ADMINISTRATEUR |Module : [use_object]|Function : [Msg - update]| [OK_112] object_trace - '72' a ÃĐtÃĐ modifiÃĐ.
2022-09-13 18:24:44|[INFO]|Session : [jobjetfj45e4kevg8m4kknvvl9]|User id : 2|Name : SUPER  ADMINISTRATEUR |Module : [use_object]|Function : [Msg - update]| [OK_112] object_trace - '73' a ÃĐtÃĐ modifiÃĐ.
