2022-11-26 04:21:14|[INFO]|Session : [6jtttk0n1ngq3urm2cfmdb9ndh]|User id : 1|Name : |Module : [use_object]|Function : [Msg - update]| [OK_112] object_trace - '250' a été modifié.
2022-11-26 04:21:18|[INFO]|Session : [o31siquop6iq97gj60038flb6k]|User id : 1|Name : |Module : [use_object]|Function : [Msg - update]| [OK_112] object_trace - '250' a été modifié.
2022-11-26 04:21:20|[INFO]|Session : [e9d0235l40k2ej6ql2cm91n4ge]|User id : 1|Name : |Module : [use_object]|Function : [Msg - update]| [OK_112] object_trace_diagram - '290' a été modifié.
2022-11-26 04:21:21|[INFO]|Session : [9fqle8tdh5vnegvgroepq6ifnt]|User id : 1|Name : |Module : [use_object]|Function : [Msg - update]| [OK_112] object_trace - '250' a été modifié.
2022-11-26 04:21:23|[INFO]|Session : [ta1q9uhas9offnnth7u2vs9inf]|User id : 1|Name : |Module : [use_object]|Function : [Msg - update]| [OK_112] object_trace - '250' a été modifié.
2022-11-26 04:21:28|[INFO]|Session : [s7qlfh4egjpgdid9amkouj81tu]|User id : 1|Name : |Module : [use_object]|Function : [Msg - update]| [OK_112] object_trace - '250' a été modifié.
2022-11-26 04:21:30|[INFO]|Session : [3r47p048e5vcgpimpu5q17veqo]|User id : 1|Name : |Module : [use_object]|Function : [Msg - update]| [OK_112] object_trace_diagram - '290' a été modifié.
2022-11-26 04:21:31|[INFO]|Session : [j869p5fre0j62r7791paprlqi0]|User id : 1|Name : |Module : [use_object]|Function : [Msg - update]| [OK_112] object_trace - '250' a été modifié.
2022-11-26 04:21:31|[INFO]|Session : [8k91e2mqbbn66elrba5a1tamrb]|User id : 1|Name : |Module : [use_object]|Function : [Msg - update]| [OK_112] object_trace_diagram - '290' a été modifié.
2022-11-26 04:21:32|[INFO]|Session : [ekn00bc6ea59cc8nqgcrpi0nfn]|User id : 1|Name : |Module : [use_object]|Function : [Msg - update]| [OK_112] object_trace - '250' a été modifié.
2022-11-26 04:21:33|[INFO]|Session : [294sue4t6eceb3e3ll61r0deu0]|User id : 1|Name : |Module : [use_object]|Function : [Msg - update]| [OK_112] object_trace - '250' a été modifié.
2022-11-26 04:21:37|[INFO]|Session : [h3mb35hlsgerkr2tsu32r82pou]|User id : 1|Name : |Module : [use_object]|Function : [Msg - update]| [OK_112] object_trace_diagram - '290' a été modifié.
2022-11-26 04:21:37|[INFO]|Session : [8rj3hb86e9q1364jl0tolm2utl]|User id : 1|Name : |Module : [use_object]|Function : [Msg - update]| [OK_112] object_trace - '250' a été modifié.
2022-11-26 04:21:39|[INFO]|Session : [1smgdk17tin44r7skiern4aqjp]|User id : 1|Name : |Module : [use_object]|Function : [Msg - update]| [OK_112] object_trace - '250' a été modifié.
2022-11-26 04:21:40|[INFO]|Session : [ar7dlhnd6gnkut1rjp0jdg7jar]|User id : 1|Name : |Module : [use_object]|Function : [Msg - update]| [OK_112] object_trace_diagram - '290' a été modifié.
2022-11-26 04:21:41|[INFO]|Session : [1t144nhr1hov8ep9uhhklrmed0]|User id : 1|Name : |Module : [use_object]|Function : [Msg - update]| [OK_112] object_trace - '250' a été modifié.
2022-11-26 04:21:48|[INFO]|Session : [i1j1maorhetgafhqafm7iv3nqv]|User id : 1|Name : |Module : [use_object]|Function : [Msg - update]| [OK_112] object_trace_diagram - '290' a été modifié.
2022-11-26 04:21:48|[INFO]|Session : [tcdm0uee3nenf1lb698g0kdip1]|User id : 1|Name : |Module : [use_object]|Function : [Msg - update]| [OK_112] object_trace - '250' a été modifié.
2022-11-26 04:21:49|[INFO]|Session : [m85tidbrb9rb9vm3jjpnf07d9p]|User id : 1|Name : |Module : [use_object]|Function : [Msg - update]| [OK_112] object_trace - '250' a été modifié.
2022-11-26 04:21:50|[INFO]|Session : [idan39mqb2956e0blo24fc8spk]|User id : 1|Name : |Module : [use_object]|Function : [Msg - update]| [OK_112] object_trace - '250' a été modifié.
2022-11-26 04:21:56|[INFO]|Session : [4brbleuejjcq62fo2ai06unksj]|User id : 1|Name : |Module : [use_object]|Function : [Msg - update]| [OK_112] object_trace_diagram - '290' a été modifié.
2022-11-26 04:21:57|[INFO]|Session : [aoq0cflolib4kc00eco8jereft]|User id : 1|Name : |Module : [use_object]|Function : [Msg - update]| [OK_112] object_trace - '250' a été modifié.
2022-11-26 04:21:58|[INFO]|Session : [fr6hf0t2d6vbn3ogarigj68dbm]|User id : 1|Name : |Module : [use_object]|Function : [Msg - update]| [OK_112] object_trace - '250' a été modifié.
2022-11-26 04:22:01|[INFO]|Session : [29hnffe2jqphq21ftmbbdtgl2d]|User id : 1|Name : |Module : [use_object]|Function : [Msg - update]| [OK_112] object_trace_diagram - '290' a été modifié.
2022-11-26 04:22:02|[INFO]|Session : [pbt0esc4aiuk6aq271047ujmle]|User id : 1|Name : |Module : [use_object]|Function : [Msg - update]| [OK_112] object_trace - '250' a été modifié.
2022-11-26 04:22:04|[INFO]|Session : [71f0jlopefuj1v9pf22um3p5tu]|User id : 1|Name : |Module : [use_object]|Function : [Msg - update]| [OK_112] object_trace - '250' a été modifié.
2022-11-26 04:22:07|[INFO]|Session : [49kh4ur6697hmenkq7qijcn7ug]|User id : 1|Name : |Module : [use_object]|Function : [Msg - update]| [OK_112] object_trace - '250' a été modifié.
2022-11-26 04:22:11|[INFO]|Session : [8vbk2m1cmkkti8s4g9vsujp3ug]|User id : 1|Name : |Module : [use_object]|Function : [Msg - update]| [OK_112] object_trace_diagram - '290' a été modifié.
2022-11-26 04:22:12|[INFO]|Session : [4c7arskfjr4iutl6ui77c5rdoh]|User id : 1|Name : |Module : [use_object]|Function : [Msg - update]| [OK_112] object_trace - '250' a été modifié.
2022-11-26 04:22:14|[INFO]|Session : [gstgq034jfrjou9qbbg9gst76g]|User id : 1|Name : |Module : [use_object]|Function : [Msg - update]| [OK_112] object_trace_diagram - '290' a été modifié.
2022-11-26 04:22:15|[INFO]|Session : [vpkf3mm7ltj7agml3mi8qaoiep]|User id : 1|Name : |Module : [use_object]|Function : [Msg - update]| [OK_112] object_trace - '250' a été modifié.
2022-11-26 04:22:15|[INFO]|Session : [t6voa10h5lba21fm75nh7ni038]|User id : 1|Name : |Module : [use_object]|Function : [Msg - update]| [OK_112] object_trace - '250' a été modifié.
2022-11-26 04:22:18|[INFO]|Session : [jiismjbsaumtnbgeoa97sviced]|User id : 1|Name : |Module : [use_object]|Function : [Msg - update]| [OK_112] object_trace - '250' a été modifié.
2022-11-26 04:22:25|[INFO]|Session : [vfqg230828kqtcjprdqsm15ig2]|User id : 1|Name : |Module : [use_object]|Function : [Msg - update]| [OK_112] object_trace_diagram - '290' a été modifié.
2022-11-26 04:22:26|[INFO]|Session : [2rnenblsldbddafma2v59eu3kv]|User id : 1|Name : |Module : [use_object]|Function : [Msg - update]| [OK_112] object_trace - '250' a été modifié.
2022-11-26 04:22:27|[INFO]|Session : [5qb6jq9n7eav4qb7e8qfq1f6bp]|User id : 1|Name : |Module : [use_object]|Function : [Msg - update]| [OK_112] object_trace - '250' a été modifié.
2022-11-26 04:22:30|[INFO]|Session : [qe69jsr0703kkf098n3j61j1nn]|User id : 1|Name : |Module : [use_object]|Function : [Msg - update]| [OK_112] object_trace - '250' a été modifié.
2022-11-26 04:22:33|[INFO]|Session : [agbrsauekithfi25dsajjrl2m2]|User id : 1|Name : |Module : [use_object]|Function : [Msg - update]| [OK_112] object_trace - '250' a été modifié.
2022-11-26 04:22:34|[INFO]|Session : [pf4mf9k9bsncosglo1nn6gsbfh]|User id : 1|Name : |Module : [use_object]|Function : [Msg - update]| [OK_112] object_trace - '250' a été modifié.
2022-11-26 04:22:37|[INFO]|Session : [7uom0i2bk8q7la564u6ohn51v6]|User id : 1|Name : |Module : [use_object]|Function : [Msg - update]| [OK_112] object_trace_diagram - '290' a été modifié.
2022-11-26 04:22:38|[INFO]|Session : [2k8dpje8m1dq1bf5cpct25fk6j]|User id : 1|Name : |Module : [use_object]|Function : [Msg - update]| [OK_112] object_trace - '250' a été modifié.
2022-11-26 04:22:39|[INFO]|Session : [d9vpngrdgdlm3gt5tddis8utth]|User id : 1|Name : |Module : [use_object]|Function : [Msg - update]| [OK_112] object_trace_diagram - '290' a été modifié.
2022-11-26 04:22:39|[INFO]|Session : [470jo1ic8t3bacjgc0p6dimab5]|User id : 1|Name : |Module : [use_object]|Function : [Msg - update]| [OK_112] object_trace - '250' a été modifié.
2022-11-26 04:22:40|[INFO]|Session : [hprabhmi3eta1033bei1r11plr]|User id : 1|Name : |Module : [use_object]|Function : [Msg - update]| [OK_112] object_trace - '250' a été modifié.
