2022-08-30 15:19:08|[INFO]|Session : [br5rj0q30o0lr264ul89g7jnll]|User id : 2|Name : SUPER  ADMINISTRATEUR |Module : [use_object]|Function : [Msg - update]| [OK_112] object_trace - '7' a été modifié.
2022-08-30 15:19:34|[INFO]|Session : [br5rj0q30o0lr264ul89g7jnll]|User id : 2|Name : SUPER  ADMINISTRATEUR |Module : [use_object]|Function : [Msg - update]| [OK_112] object_trace - '7' a été modifié.
2022-08-30 15:20:01|[INFO]|Session : [br5rj0q30o0lr264ul89g7jnll]|User id : 2|Name : SUPER  ADMINISTRATEUR |Module : [use_object]|Function : [Msg - update]| [OK_112] object_trace - '7' a été modifié.
2022-08-30 15:20:20|[INFO]|Session : [br5rj0q30o0lr264ul89g7jnll]|User id : 2|Name : SUPER  ADMINISTRATEUR |Module : [use_object]|Function : [Msg - update]| [OK_112] object_trace - '7' a été modifié.
2022-08-30 15:20:21|[INFO]|Session : [br5rj0q30o0lr264ul89g7jnll]|User id : 2|Name : SUPER  ADMINISTRATEUR |Module : [use_object]|Function : [Msg - update]| [OK_112] object_trace - '7' a été modifié.
2022-08-30 15:22:04|[INFO]|Session : [br5rj0q30o0lr264ul89g7jnll]|User id : 2|Name : SUPER  ADMINISTRATEUR |Module : [use_object]|Function : [Msg - update]| [OK_112] object_trace - '7' a été modifié.
2022-08-30 15:22:24|[INFO]|Session : [br5rj0q30o0lr264ul89g7jnll]|User id : 2|Name : SUPER  ADMINISTRATEUR |Module : [use_object]|Function : [Msg - update]| [OK_112] object_trace - '7' a été modifié.
2022-08-30 15:22:27|[INFO]|Session : [br5rj0q30o0lr264ul89g7jnll]|User id : 2|Name : SUPER  ADMINISTRATEUR |Module : [use_object]|Function : [Msg - update]| [OK_112] object_trace - '7' a été modifié.
2022-08-30 15:22:31|[INFO]|Session : [br5rj0q30o0lr264ul89g7jnll]|User id : 2|Name : SUPER  ADMINISTRATEUR |Module : [use_object]|Function : [Msg - update]| [OK_112] object_trace - '7' a été modifié.
2022-08-30 15:22:33|[INFO]|Session : [br5rj0q30o0lr264ul89g7jnll]|User id : 2|Name : SUPER  ADMINISTRATEUR |Module : [use_object]|Function : [Msg - update]| [OK_112] object_trace - '7' a été modifié.
2022-08-30 15:23:24|[INFO]|Session : [br5rj0q30o0lr264ul89g7jnll]|User id : 2|Name : SUPER  ADMINISTRATEUR |Module : [use_object]|Function : [Msg - update]| [OK_112] object_trace - '7' a été modifié.
2022-08-30 15:23:28|[INFO]|Session : [br5rj0q30o0lr264ul89g7jnll]|User id : 2|Name : SUPER  ADMINISTRATEUR |Module : [use_object]|Function : [Msg - update]| [OK_112] object_trace - '7' a été modifié.
2022-08-30 15:23:32|[INFO]|Session : [br5rj0q30o0lr264ul89g7jnll]|User id : 2|Name : SUPER  ADMINISTRATEUR |Module : [use_object]|Function : [Msg - update]| [OK_112] object_trace - '7' a été modifié.
2022-08-30 15:23:35|[INFO]|Session : [br5rj0q30o0lr264ul89g7jnll]|User id : 2|Name : SUPER  ADMINISTRATEUR |Module : [use_object]|Function : [Msg - update]| [OK_112] object_trace - '7' a été modifié.
2022-08-30 15:25:09|[INFO]|Session : [br5rj0q30o0lr264ul89g7jnll]|User id : 2|Name : SUPER  ADMINISTRATEUR |Module : [use_object]|Function : [Msg - update]| [OK_112] object_trace - '7' a été modifié.
2022-08-30 15:25:12|[INFO]|Session : [br5rj0q30o0lr264ul89g7jnll]|User id : 2|Name : SUPER  ADMINISTRATEUR |Module : [use_object]|Function : [Msg - update]| [OK_112] object_trace - '7' a été modifié.
2022-08-30 15:25:59|[INFO]|Session : [br5rj0q30o0lr264ul89g7jnll]|User id : 2|Name : SUPER  ADMINISTRATEUR |Module : [use_object]|Function : [Msg - update]| [OK_112] object_trace - '7' a été modifié.
2022-08-30 15:26:02|[INFO]|Session : [br5rj0q30o0lr264ul89g7jnll]|User id : 2|Name : SUPER  ADMINISTRATEUR |Module : [use_object]|Function : [Msg - update]| [OK_112] object_trace - '7' a été modifié.
2022-08-30 15:26:10|[INFO]|Session : [br5rj0q30o0lr264ul89g7jnll]|User id : 2|Name : SUPER  ADMINISTRATEUR |Module : [use_object]|Function : [Msg - update]| [OK_112] object_trace - '7' a été modifié.
2022-08-30 15:26:15|[INFO]|Session : [br5rj0q30o0lr264ul89g7jnll]|User id : 2|Name : SUPER  ADMINISTRATEUR |Module : [use_object]|Function : [Msg - update]| [OK_112] object_trace - '7' a été modifié.
2022-08-30 15:26:21|[INFO]|Session : [br5rj0q30o0lr264ul89g7jnll]|User id : 2|Name : SUPER  ADMINISTRATEUR |Module : [use_object]|Function : [Msg - update]| [OK_112] object_trace - '7' a été modifié.
2022-08-30 15:26:23|[INFO]|Session : [br5rj0q30o0lr264ul89g7jnll]|User id : 2|Name : SUPER  ADMINISTRATEUR |Module : [use_object]|Function : [Msg - update]| [OK_112] object_trace - '7' a été modifié.
2022-08-30 15:28:35|[INFO]|Session : [br5rj0q30o0lr264ul89g7jnll]|User id : 2|Name : SUPER  ADMINISTRATEUR |Module : [use_object]|Function : [Msg - update]| [OK_112] object_trace - '7' a été modifié.
2022-08-30 15:28:38|[INFO]|Session : [br5rj0q30o0lr264ul89g7jnll]|User id : 2|Name : SUPER  ADMINISTRATEUR |Module : [use_object]|Function : [Msg - update]| [OK_112] object_trace - '7' a été modifié.
2022-08-30 15:49:41|[INFO]|Session : [br5rj0q30o0lr264ul89g7jnll]|User id : 2|Name : SUPER  ADMINISTRATEUR |Module : [use_object]|Function : [Msg - update]| [OK_112] object_trace - '7' a été modifié.
2022-08-30 15:49:50|[INFO]|Session : [br5rj0q30o0lr264ul89g7jnll]|User id : 2|Name : SUPER  ADMINISTRATEUR |Module : [use_object]|Function : [Msg - update]| [OK_112] object_trace - '7' a été modifié.
2022-08-30 15:49:54|[INFO]|Session : [br5rj0q30o0lr264ul89g7jnll]|User id : 2|Name : SUPER  ADMINISTRATEUR |Module : [use_object]|Function : [Msg - update]| [OK_112] object_trace - '7' a été modifié.
2022-08-30 15:49:56|[INFO]|Session : [br5rj0q30o0lr264ul89g7jnll]|User id : 2|Name : SUPER  ADMINISTRATEUR |Module : [use_object]|Function : [Msg - update]| [OK_112] object_trace - '7' a été modifié.
2022-08-30 16:01:22|[INFO]|Session : [br5rj0q30o0lr264ul89g7jnll]|User id : 2|Name : SUPER  ADMINISTRATEUR |Module : [use_object]|Function : [Msg - update]| [OK_112] object_trace - '7' a été modifié.
2022-08-30 16:03:06|[INFO]|Session : [br5rj0q30o0lr264ul89g7jnll]|User id : 2|Name : SUPER  ADMINISTRATEUR |Module : [use_object]|Function : [Msg - update]| [OK_112] object_trace - '7' a été modifié.
2022-08-30 16:04:52|[INFO]|Session : [br5rj0q30o0lr264ul89g7jnll]|User id : 2|Name : SUPER  ADMINISTRATEUR |Module : [use_object]|Function : [Msg - update]| [OK_112] object_trace - '7' a été modifié.
2022-08-30 16:05:56|[INFO]|Session : [br5rj0q30o0lr264ul89g7jnll]|User id : 2|Name : SUPER  ADMINISTRATEUR |Module : [use_object]|Function : [Msg - update]| [OK_112] object_trace - '7' a été modifié.
2022-08-30 16:06:03|[INFO]|Session : [br5rj0q30o0lr264ul89g7jnll]|User id : 2|Name : SUPER  ADMINISTRATEUR |Module : [use_object]|Function : [Msg - update]| [OK_112] object_trace - '7' a été modifié.
2022-08-30 16:06:35|[INFO]|Session : [v5krptmmrmcr09tcccc654csel]|User id : 1|Name : |Module : [use_object]|Function : [Msg - update]| [OK_112] object_trace - '7' a été modifié.
2022-08-30 16:06:39|[INFO]|Session : [ciscf5a9gi0hbuija64tc0b5pu]|User id : 1|Name : |Module : [use_object]|Function : [Msg - update]| [OK_112] object_trace - '7' a été modifié.
2022-08-30 16:06:40|[INFO]|Session : [1401rk6k5l7ce9fogr7opi4fed]|User id : 1|Name : |Module : [use_object]|Function : [Msg - update]| [OK_112] object_trace_diagram - '10' a été modifié.
2022-08-30 16:06:41|[INFO]|Session : [l0aaf50p1rgpeu2on2ndod0g9n]|User id : 1|Name : |Module : [use_object]|Function : [Msg - update]| [OK_112] object_trace - '7' a été modifié.
2022-08-30 16:06:51|[INFO]|Session : [37papd50vdkpj84gqjtp5epm8t]|User id : 1|Name : |Module : [use_object]|Function : [Msg - update]| [OK_112] object_trace_diagram - '10' a été modifié.
2022-08-30 16:06:52|[INFO]|Session : [g0ur6m214klnr764rj0r563vug]|User id : 1|Name : |Module : [use_object]|Function : [Msg - update]| [OK_112] object_trace - '7' a été modifié.
2022-08-30 16:06:53|[INFO]|Session : [92jrvhhl352lrp3hdni75iu0i4]|User id : 1|Name : |Module : [use_object]|Function : [Msg - update]| [OK_112] object_trace_diagram - '10' a été modifié.
2022-08-30 16:06:54|[INFO]|Session : [470ldoc4u1c5cn85ee1vail903]|User id : 1|Name : |Module : [use_object]|Function : [Msg - update]| [OK_112] object_trace - '7' a été modifié.
2022-08-30 16:06:54|[INFO]|Session : [9127e14ig49b1ssoc0gmp01pv2]|User id : 1|Name : |Module : [use_object]|Function : [Msg - update]| [OK_112] object_trace - '7' a été modifié.
2022-08-30 16:15:52|[INFO]|Session : [br5rj0q30o0lr264ul89g7jnll]|User id : 2|Name : SUPER  ADMINISTRATEUR |Module : [use_object]|Function : [Msg - update]| [OK_112] object_trace - '7' a été modifié.
2022-08-30 16:17:57|[INFO]|Session : [br5rj0q30o0lr264ul89g7jnll]|User id : 2|Name : SUPER  ADMINISTRATEUR |Module : [use_object]|Function : [Msg - update]| [OK_112] object_trace - '7' a été modifié.
2022-08-30 16:18:15|[INFO]|Session : [br5rj0q30o0lr264ul89g7jnll]|User id : 2|Name : SUPER  ADMINISTRATEUR |Module : [use_object]|Function : [Msg - update]| [OK_112] object_trace - '7' a été modifié.
2022-08-30 16:18:26|[INFO]|Session : [br5rj0q30o0lr264ul89g7jnll]|User id : 2|Name : SUPER  ADMINISTRATEUR |Module : [use_object]|Function : [Msg - update]| [OK_112] object_trace - '7' a été modifié.
2022-08-30 16:18:29|[INFO]|Session : [br5rj0q30o0lr264ul89g7jnll]|User id : 2|Name : SUPER  ADMINISTRATEUR |Module : [use_object]|Function : [Msg - update]| [OK_112] object_trace - '7' a été modifié.
2022-08-30 16:27:37|[INFO]|Session : [br5rj0q30o0lr264ul89g7jnll]|User id : 2|Name : SUPER  ADMINISTRATEUR |Module : [use_object]|Function : [Msg - update]| [OK_112] object_trace - '7' a été modifié.
2022-08-30 16:27:51|[INFO]|Session : [br5rj0q30o0lr264ul89g7jnll]|User id : 2|Name : SUPER  ADMINISTRATEUR |Module : [use_object]|Function : [Msg - update]| [OK_112] object_trace - '7' a été modifié.
2022-08-30 16:28:03|[INFO]|Session : [br5rj0q30o0lr264ul89g7jnll]|User id : 2|Name : SUPER  ADMINISTRATEUR |Module : [use_object]|Function : [Msg - update]| [OK_112] object_trace - '7' a été modifié.
2022-08-30 16:28:04|[INFO]|Session : [br5rj0q30o0lr264ul89g7jnll]|User id : 2|Name : SUPER  ADMINISTRATEUR |Module : [use_object]|Function : [Msg - update]| [OK_112] object_trace - '7' a été modifié.
2022-08-30 16:28:06|[INFO]|Session : [br5rj0q30o0lr264ul89g7jnll]|User id : 2|Name : SUPER  ADMINISTRATEUR |Module : [use_object]|Function : [Msg - update]| [OK_112] object_trace - '7' a été modifié.
2022-08-30 16:28:10|[INFO]|Session : [br5rj0q30o0lr264ul89g7jnll]|User id : 2|Name : SUPER  ADMINISTRATEUR |Module : [use_object]|Function : [Msg - update]| [OK_112] object_trace - '7' a été modifié.
2022-08-30 16:28:11|[INFO]|Session : [br5rj0q30o0lr264ul89g7jnll]|User id : 2|Name : SUPER  ADMINISTRATEUR |Module : [use_object]|Function : [Msg - update]| [OK_112] object_trace - '7' a été modifié.
2022-08-30 16:28:11|[INFO]|Session : [br5rj0q30o0lr264ul89g7jnll]|User id : 2|Name : SUPER  ADMINISTRATEUR |Module : [use_object]|Function : [Msg - update]| [OK_112] object_trace - '7' a été modifié.
2022-08-30 16:43:08|[INFO]|Session : [br5rj0q30o0lr264ul89g7jnll]|User id : 2|Name : SUPER  ADMINISTRATEUR |Module : [use_object]|Function : [Msg - update]| [OK_112] object_trace - '7' a été modifié.
2022-08-30 16:43:15|[INFO]|Session : [br5rj0q30o0lr264ul89g7jnll]|User id : 2|Name : SUPER  ADMINISTRATEUR |Module : [use_object]|Function : [Msg - update]| [OK_112] object_trace - '7' a été modifié.
2022-08-30 16:43:24|[INFO]|Session : [br5rj0q30o0lr264ul89g7jnll]|User id : 2|Name : SUPER  ADMINISTRATEUR |Module : [use_object]|Function : [Msg - update]| [OK_112] object_trace - '7' a été modifié.
2022-08-30 16:43:25|[INFO]|Session : [br5rj0q30o0lr264ul89g7jnll]|User id : 2|Name : SUPER  ADMINISTRATEUR |Module : [use_object]|Function : [Msg - update]| [OK_112] object_trace - '7' a été modifié.
2022-08-30 16:43:39|[INFO]|Session : [br5rj0q30o0lr264ul89g7jnll]|User id : 2|Name : SUPER  ADMINISTRATEUR |Module : [use_object]|Function : [Msg - update]| [OK_112] object_trace - '7' a été modifié.
2022-08-30 16:43:43|[INFO]|Session : [br5rj0q30o0lr264ul89g7jnll]|User id : 2|Name : SUPER  ADMINISTRATEUR |Module : [use_object]|Function : [Msg - update]| [OK_112] object_trace - '7' a été modifié.
2022-08-30 16:43:48|[INFO]|Session : [br5rj0q30o0lr264ul89g7jnll]|User id : 2|Name : SUPER  ADMINISTRATEUR |Module : [use_object]|Function : [Msg - update]| [OK_112] object_trace - '7' a été modifié.
