2022-08-07 00:12:54|[INFO]|Session : [6jb76td02n28nqln51dd9ra7hm]|User id : 1|Name : |Module : [use_object]|Function : [Msg - update]| [OK_112] 
2022-08-07 00:12:58|[INFO]|Session : [uvgm5ovi4mdi44hb3scsi9udg6]|User id : 1|Name : |Module : [use_object]|Function : [Msg - update]| [OK_112] 
2022-08-07 00:12:59|[INFO]|Session : [25tc74rlqr00psfofbm1flluoj]|User id : 1|Name : |Module : [use_object]|Function : [Msg - update]| [OK_112] 
2022-08-07 00:13:00|[INFO]|Session : [ler1ekcfqd0tsd5q17n52toon5]|User id : 1|Name : |Module : [use_object]|Function : [Msg - update]| [OK_112] 
2022-08-07 00:13:01|[INFO]|Session : [68kb9nbb0d39m3oucph1d8kptj]|User id : 1|Name : |Module : [use_object]|Function : [Msg - update]| [OK_112] 
2022-08-07 00:13:04|[INFO]|Session : [gepd78247bts3764dd71bcu406]|User id : 1|Name : |Module : [use_object]|Function : [Msg - update]| [OK_112] 
2022-08-07 00:13:05|[INFO]|Session : [rtfnf93uuugb9sba5e3e71dt12]|User id : 1|Name : |Module : [use_object]|Function : [Msg - update]| [OK_112] 
2022-08-07 00:13:06|[INFO]|Session : [91e1jkfe3sd8q93mabqngr512k]|User id : 1|Name : |Module : [use_object]|Function : [Msg - update]| [OK_112] 
2022-08-07 00:13:06|[INFO]|Session : [diu6s2lgqq0ksqad6fkksp428o]|User id : 1|Name : |Module : [use_object]|Function : [Msg - update]| [OK_112] 
2022-08-07 00:13:07|[INFO]|Session : [8dnu7mltfnco4jk6anpple0d2l]|User id : 1|Name : |Module : [use_object]|Function : [Msg - update]| [OK_112] 
2022-08-07 00:13:07|[INFO]|Session : [eqpos66nvlk9kp6tkj8hpmk9l7]|User id : 1|Name : |Module : [use_object]|Function : [Msg - update]| [OK_112] 
2022-08-07 00:13:09|[INFO]|Session : [vjjk3bmchlpobl1bfo7800024e]|User id : 1|Name : |Module : [use_object]|Function : [Msg - update]| [OK_112] 
2022-08-07 00:13:10|[INFO]|Session : [ppa8nbbmgtsh8sdn3loclefeu8]|User id : 1|Name : |Module : [use_object]|Function : [Msg - update]| [OK_112] 
2022-08-07 00:13:11|[INFO]|Session : [slappoomik4qi2q031lj19i2sd]|User id : 1|Name : |Module : [use_object]|Function : [Msg - update]| [OK_112] 
2022-08-07 00:13:16|[INFO]|Session : [8s4k363cij9bto33jkv0sji9qf]|User id : 1|Name : |Module : [use_object]|Function : [Msg - update]| [OK_112] 
2022-08-07 00:13:19|[INFO]|Session : [2mu3akur4oc4sep2s0q72ss8qr]|User id : 1|Name : |Module : [use_object]|Function : [Msg - update]| [OK_112] 
2022-08-07 00:13:23|[INFO]|Session : [sthp0pm1i6gsr1til7j0c5e1jj]|User id : 1|Name : |Module : [use_object]|Function : [Msg - update]| [OK_112] 
2022-08-07 00:48:56|[INFO]|Session : [tadpi4fam6ovpvojs8djbv365v]|User id : 1|Name : |Module : [use_object]|Function : [Msg - update]| [OK_112] object_trace - '2' a été modifié.
2022-08-07 00:48:58|[INFO]|Session : [7irhki4vof1tnhtgbnfi4m3288]|User id : 1|Name : |Module : [use_object]|Function : [Msg - update]| [OK_112] object_trace - '2' a été modifié.
2022-08-07 00:49:01|[INFO]|Session : [dcqj6r37igsmm20543nat1jmr6]|User id : 1|Name : |Module : [use_object]|Function : [Msg - update]| [OK_112] object_trace - '2' a été modifié.
2022-08-07 00:49:03|[INFO]|Session : [vc6podfb7aqfdc1jfjarmsqgmn]|User id : 1|Name : |Module : [use_object]|Function : [Msg - update]| [OK_112] object_trace - '2' a été modifié.
2022-08-07 00:49:14|[INFO]|Session : [5gcf7psl34dkg9n5q7hhsetid0]|User id : 1|Name : |Module : [use_object]|Function : [Msg - update]| [OK_112] object_trace - '10' a été modifié.
2022-08-07 00:52:39|[INFO]|Session : [o39ui9egkaf2okriomn3tkjgdj]|User id : 1|Name : |Module : [use_object]|Function : [Msg - update]| [OK_112] object_trace - '10' a été modifié.
2022-08-07 00:52:42|[INFO]|Session : [he6gnu2v74osbk8hht3vkovh3e]|User id : 1|Name : |Module : [use_object]|Function : [Msg - update]| [OK_112] object_trace_diagram - '20' a été modifié.
2022-08-07 00:52:43|[INFO]|Session : [l9d9b8chdijs27umeq1420334d]|User id : 1|Name : |Module : [use_object]|Function : [Msg - update]| [OK_112] object_trace - '10' a été modifié.
2022-08-07 00:52:43|[INFO]|Session : [9blo1rjddafkr4sjdsugmibehj]|User id : 1|Name : |Module : [use_object]|Function : [Msg - update]| [OK_112] object_trace_diagram - '20' a été modifié.
2022-08-07 00:52:44|[INFO]|Session : [9bs1suebd699dog1ufoq5bhuc7]|User id : 1|Name : |Module : [use_object]|Function : [Msg - update]| [OK_112] object_trace - '10' a été modifié.
2022-08-07 00:52:48|[INFO]|Session : [cgh1drt8m55p9qkou561mujtp3]|User id : 1|Name : |Module : [use_object]|Function : [Msg - update]| [OK_112] object_trace_diagram - '20' a été modifié.
2022-08-07 00:52:49|[INFO]|Session : [s8137lt0etpfuiqq8oa374c05c]|User id : 1|Name : |Module : [use_object]|Function : [Msg - update]| [OK_112] object_trace - '10' a été modifié.
2022-08-07 00:52:49|[INFO]|Session : [9lgsp16ejngkl1qgdmbbv0g62c]|User id : 1|Name : |Module : [use_object]|Function : [Msg - update]| [OK_112] object_trace_diagram - '20' a été modifié.
2022-08-07 00:52:49|[INFO]|Session : [fi5l6s500qlnm9stp7plpobo91]|User id : 1|Name : |Module : [use_object]|Function : [Msg - update]| [OK_112] object_trace - '10' a été modifié.
2022-08-07 00:52:51|[INFO]|Session : [mdgsko5pr79bjtpmhvn8ft4uv8]|User id : 1|Name : |Module : [use_object]|Function : [Msg - update]| [OK_112] object_trace_diagram - '20' a été modifié.
2022-08-07 00:52:52|[INFO]|Session : [c9japis96en3qadp60atl1kdt6]|User id : 1|Name : |Module : [use_object]|Function : [Msg - update]| [OK_112] object_trace - '10' a été modifié.
2022-08-07 00:52:52|[INFO]|Session : [68mmifj61vni71acr3advk6m81]|User id : 1|Name : |Module : [use_object]|Function : [Msg - update]| [OK_112] object_trace_diagram - '20' a été modifié.
2022-08-07 00:52:53|[INFO]|Session : [0i08eoi5ab4ddoeta2v94kef68]|User id : 1|Name : |Module : [use_object]|Function : [Msg - update]| [OK_112] object_trace - '10' a été modifié.
2022-08-07 00:52:54|[INFO]|Session : [j3cii1k0jpreu1lu7qifs30mq7]|User id : 1|Name : |Module : [use_object]|Function : [Msg - update]| [OK_112] object_trace_diagram - '20' a été modifié.
2022-08-07 00:52:54|[INFO]|Session : [jes8oa1p60f3m6n7l0bpoom1dj]|User id : 1|Name : |Module : [use_object]|Function : [Msg - update]| [OK_112] object_trace - '10' a été modifié.
2022-08-07 00:54:21|[INFO]|Session : [0eok370ftavftqmi4c8tqcc3h4]|User id : 1|Name : |Module : [use_object]|Function : [Msg - update]| [OK_112] object_trace - '10' a été modifié.
2022-08-07 00:55:03|[INFO]|Session : [cgv076gg375gh68pcaajhjs9c9]|User id : 1|Name : |Module : [use_object]|Function : [Msg - update]| [OK_112] object_trace - '2' a été modifié.
2022-08-07 00:55:06|[INFO]|Session : [5bk177paohviti9a00taop3vld]|User id : 1|Name : |Module : [use_object]|Function : [Msg - update]| [OK_112] object_trace - '2' a été modifié.
2022-08-07 00:55:10|[INFO]|Session : [t94o29jgm37dqnvgv0j23cj0pt]|User id : 1|Name : |Module : [use_object]|Function : [Msg - update]| [OK_112] object_trace - '2' a été modifié.
2022-08-07 00:55:12|[INFO]|Session : [vr12nskrhf2dkq5as0qgt2a0bf]|User id : 1|Name : |Module : [use_object]|Function : [Msg - update]| [OK_112] object_trace - '2' a été modifié.
2022-08-07 00:58:52|[INFO]|Session : [8il38mub50g7rocb5s860ru8cl]|User id : 1|Name : |Module : [use_object]|Function : [Msg - update]| [OK_112] object_trace - '2' a été modifié.
2022-08-07 00:58:57|[INFO]|Session : [e40f3geqj5ulnpuu3ktmnkbpql]|User id : 1|Name : |Module : [use_object]|Function : [Msg - update]| [OK_112] object_trace - '2' a été modifié.
2022-08-07 00:58:59|[INFO]|Session : [v7vderv6ttagtq06v67hscucb0]|User id : 1|Name : |Module : [use_object]|Function : [Msg - update]| [OK_112] object_trace - '2' a été modifié.
2022-08-07 00:59:35|[INFO]|Session : [pniu78lpkvo5ohv3k8a3ifo435]|User id : 1|Name : |Module : [use_object]|Function : [Msg - update]| [OK_112] object_trace - '2' a été modifié.
2022-08-07 01:00:55|[INFO]|Session : [nknvlfvuc1aah7k8skh79hurlf]|User id : 1|Name : |Module : [use_object]|Function : [Msg - update]| [OK_112] object_trace - '2' a été modifié.
