2022-09-07 02:12:35|[INFO]|Session : [6or5ohs3qje2v8eh6a5ue4pg00]|User id : 1|Name : |Module : [use_object]|Function : [Msg - update]| [OK_112] object_trace - '59' a été modifié.
2022-09-07 02:14:39|[INFO]|Session : [6or5ohs3qje2v8eh6a5ue4pg00]|User id : 2|Name : SUPER  ADMINISTRATEUR |Module : [use_object]|Function : [Msg - update]| [OK_112] object_trace - '7' a été modifié.
2022-09-07 02:17:39|[INFO]|Session : [6or5ohs3qje2v8eh6a5ue4pg00]|User id : 2|Name : SUPER  ADMINISTRATEUR |Module : [use_object]|Function : [Msg - update]| [OK_112] object_trace - '7' a été modifié.
2022-09-07 02:20:59|[INFO]|Session : [6or5ohs3qje2v8eh6a5ue4pg00]|User id : 2|Name : SUPER  ADMINISTRATEUR |Module : [use_object]|Function : [Msg - update]| [OK_112] object_trace - '7' a été modifié.
2022-09-07 09:03:51|[INFO]|Session : [4s6m0c33ihj2fk8ibqrhcvif0k]|User id : 2|Name : SUPER  ADMINISTRATEUR |Module : [use_object]|Function : [Msg - update]| [OK_112] object_trace - '7' a été modifié.
2022-09-07 09:03:59|[INFO]|Session : [4s6m0c33ihj2fk8ibqrhcvif0k]|User id : 2|Name : SUPER  ADMINISTRATEUR |Module : [use_object]|Function : [Msg - update]| [OK_112] object_trace - '7' a été modifié.
2022-09-07 09:04:02|[INFO]|Session : [4s6m0c33ihj2fk8ibqrhcvif0k]|User id : 2|Name : SUPER  ADMINISTRATEUR |Module : [use_object]|Function : [Msg - update]| [OK_112] object_trace - '7' a été modifié.
2022-09-07 09:04:56|[INFO]|Session : [4s6m0c33ihj2fk8ibqrhcvif0k]|User id : 2|Name : SUPER  ADMINISTRATEUR |Module : [use_object]|Function : [Msg - update]| [OK_112] object_trace - '7' a été modifié.
2022-09-07 09:08:19|[INFO]|Session : [4s6m0c33ihj2fk8ibqrhcvif0k]|User id : 2|Name : SUPER  ADMINISTRATEUR |Module : [use_object]|Function : [Msg - update]| [OK_112] object_trace - '7' a été modifié.
2022-09-07 09:24:55|[INFO]|Session : [4s6m0c33ihj2fk8ibqrhcvif0k]|User id : 2|Name : SUPER  ADMINISTRATEUR |Module : [use_object]|Function : [Msg - update]| [OK_112] object_trace - '7' a été modifié.
2022-09-07 09:26:02|[INFO]|Session : [4s6m0c33ihj2fk8ibqrhcvif0k]|User id : 2|Name : SUPER  ADMINISTRATEUR |Module : [use_object]|Function : [Msg - update]| [OK_112] object_trace - '7' a été modifié.
2022-09-07 09:51:27|[INFO]|Session : [4s6m0c33ihj2fk8ibqrhcvif0k]|User id : 2|Name : SUPER  ADMINISTRATEUR |Module : [use_object]|Function : [Msg - update]| [OK_112] object_trace - '7' a été modifié.
2022-09-07 09:53:36|[INFO]|Session : [4s6m0c33ihj2fk8ibqrhcvif0k]|User id : 2|Name : SUPER  ADMINISTRATEUR |Module : [use_object]|Function : [Msg - update]| [OK_112] object_trace - '7' a été modifié.
2022-09-07 15:58:30|[INFO]|Session : [7gt9pkdlrhj5njcrnjmleg3dt6]|User id : 2|Name : SUPER  ADMINISTRATEUR |Module : [use_object]|Function : [Msg - update]| [OK_112] object_trace - '7' a été modifié.
2022-09-07 16:03:04|[INFO]|Session : [7gt9pkdlrhj5njcrnjmleg3dt6]|User id : 2|Name : SUPER  ADMINISTRATEUR |Module : [use_object]|Function : [Msg - update]| [OK_112] object_trace - '7' a été modifié.
2022-09-07 16:08:52|[INFO]|Session : [7gt9pkdlrhj5njcrnjmleg3dt6]|User id : 2|Name : SUPER  ADMINISTRATEUR |Module : [use_object]|Function : [Msg - update]| [OK_112] object_trace - '7' a été modifié.
2022-09-07 16:10:49|[INFO]|Session : [7gt9pkdlrhj5njcrnjmleg3dt6]|User id : 2|Name : SUPER  ADMINISTRATEUR |Module : [use_object]|Function : [Msg - update]| [OK_112] object_trace - '7' a été modifié.
2022-09-07 16:18:30|[INFO]|Session : [7gt9pkdlrhj5njcrnjmleg3dt6]|User id : 2|Name : SUPER  ADMINISTRATEUR |Module : [use_object]|Function : [Msg - update]| [OK_112] object_trace - '7' a été modifié.
2022-09-07 16:19:13|[INFO]|Session : [3girg2u0tch53rfmhm1oi0u0qj]|User id : 2|Name : SUPER  ADMINISTRATEUR |Module : [use_object]|Function : [Msg - update]| [OK_112] object_trace - '7' a été modifié.
2022-09-07 16:29:39|[INFO]|Session : [7gt9pkdlrhj5njcrnjmleg3dt6]|User id : 2|Name : SUPER  ADMINISTRATEUR |Module : [use_object]|Function : [Msg - update]| [OK_112] object_trace - '7' a été modifié.
2022-09-07 16:38:12|[INFO]|Session : [7gt9pkdlrhj5njcrnjmleg3dt6]|User id : 2|Name : SUPER  ADMINISTRATEUR |Module : [use_object]|Function : [Msg - update]| [OK_112] object_trace - '7' a été modifié.
2022-09-07 16:45:39|[INFO]|Session : [7gt9pkdlrhj5njcrnjmleg3dt6]|User id : 2|Name : SUPER  ADMINISTRATEUR |Module : [use_object]|Function : [Msg - update]| [OK_112] object_trace - '7' a été modifié.
