2022-10-14 18:36:32|[INFO]|Session : [e8m8ucs1tobchbud01jghde0ts]|User id : 1|Name : |Module : [use_object]|Function : [Msg - update]| [OK_112] object_trace - '196' a été modifié.
2022-10-14 18:36:54|[INFO]|Session : [1ngs7m031td3c0f2jlr5n4ojng]|User id : 1|Name : |Module : [use_object]|Function : [Msg - update]| [OK_112] object_trace_diagram - '3' a été modifié.
2022-10-14 18:36:55|[INFO]|Session : [7gg767n36t6sfong2bhi2oo128]|User id : 1|Name : |Module : [use_object]|Function : [Msg - update]| [OK_112] object_trace - '2' a été modifié.
2022-10-14 18:36:57|[INFO]|Session : [0uinctpkaus1brdem7rgnqtt69]|User id : 1|Name : |Module : [use_object]|Function : [Msg - update]| [OK_112] object_trace_diagram - '3' a été modifié.
2022-10-14 18:36:57|[INFO]|Session : [tktltq9l1oldpd6ccoho67ij5q]|User id : 1|Name : |Module : [use_object]|Function : [Msg - update]| [OK_112] object_trace - '2' a été modifié.
2022-10-14 18:37:51|[INFO]|Session : [noacercdbj9k8le1tj9krsichf]|User id : 1|Name : |Module : [use_object]|Function : [Msg - update]| [OK_112] object_trace - '197' a été modifié.
2022-10-14 18:38:02|[INFO]|Session : [gvs028phdco5hv2navba1bjf81]|User id : 1|Name : |Module : [use_object]|Function : [Msg - update]| [OK_112] object_trace - '197' a été modifié.
2022-10-14 18:38:14|[INFO]|Session : [029q8v1kvjor80npubd8t91lf5]|User id : 1|Name : |Module : [use_object]|Function : [Msg - update]| [OK_112] object_trace_diagram - '3' a été modifié.
2022-10-14 18:38:15|[INFO]|Session : [rm23u9jccmmv3ke6ntbruqci44]|User id : 1|Name : |Module : [use_object]|Function : [Msg - update]| [OK_112] object_trace - '2' a été modifié.
2022-10-14 18:38:16|[INFO]|Session : [ot9n0di5ql802jla280m4h37m9]|User id : 1|Name : |Module : [use_object]|Function : [Msg - update]| [OK_112] object_trace_diagram - '3' a été modifié.
2022-10-14 18:38:16|[INFO]|Session : [2h09fnvcmtnksedpocs4riei4u]|User id : 1|Name : |Module : [use_object]|Function : [Msg - update]| [OK_112] object_trace - '2' a été modifié.
2022-10-14 18:38:31|[INFO]|Session : [5sn3i62lk4lm7j0fol87s3tinq]|User id : 1|Name : |Module : [use_object]|Function : [Msg - update]| [OK_112] object_trace - '198' a été modifié.
2022-10-14 18:38:44|[INFO]|Session : [c9879677qmua3h29fracia6auv]|User id : 1|Name : |Module : [use_object]|Function : [Msg - update]| [OK_112] object_trace_diagram - '3' a été modifié.
2022-10-14 18:38:44|[INFO]|Session : [qh1c395ffob1pmg1q6mvapmaj9]|User id : 1|Name : |Module : [use_object]|Function : [Msg - update]| [OK_112] object_trace - '2' a été modifié.
2022-10-14 18:38:52|[INFO]|Session : [ka2jas1gdss1d0tqoeebpb8kmj]|User id : 1|Name : |Module : [use_object]|Function : [Msg - update]| [OK_112] object_trace_diagram - '3' a été modifié.
2022-10-14 18:38:52|[INFO]|Session : [9qshs4u9d6927tktgn4ells7rf]|User id : 1|Name : |Module : [use_object]|Function : [Msg - update]| [OK_112] object_trace - '2' a été modifié.
2022-10-14 18:38:57|[INFO]|Session : [hjs0lkurfjvici7cp9k5gudqte]|User id : 1|Name : |Module : [use_object]|Function : [Msg - update]| [OK_112] object_trace_diagram - '3' a été modifié.
2022-10-14 18:38:58|[INFO]|Session : [c16lla64ekcqod3bf11csk92g5]|User id : 1|Name : |Module : [use_object]|Function : [Msg - update]| [OK_112] object_trace - '2' a été modifié.
2022-10-14 18:38:59|[INFO]|Session : [u2r5u4fiqigea6kd3ddej83cs4]|User id : 1|Name : |Module : [use_object]|Function : [Msg - update]| [OK_112] object_trace_diagram - '3' a été modifié.
2022-10-14 18:39:00|[INFO]|Session : [db6ta851l8r6pe5oba57i7pf3i]|User id : 1|Name : |Module : [use_object]|Function : [Msg - update]| [OK_112] object_trace - '2' a été modifié.
2022-10-14 18:39:03|[INFO]|Session : [ajkdi8n7c3fra5ljjgiu0171c1]|User id : 1|Name : |Module : [use_object]|Function : [Msg - update]| [OK_112] object_trace_diagram - '3' a été modifié.
2022-10-14 18:39:03|[INFO]|Session : [sja0n8k9898oudpicgt9hs0al8]|User id : 1|Name : |Module : [use_object]|Function : [Msg - update]| [OK_112] object_trace - '2' a été modifié.
2022-10-14 18:39:04|[INFO]|Session : [b6docm7jp959htb0g8gdpk5dbb]|User id : 1|Name : |Module : [use_object]|Function : [Msg - update]| [OK_112] object_trace_diagram - '3' a été modifié.
2022-10-14 18:39:05|[INFO]|Session : [hqom2crcid4mvf0vuviou3bvog]|User id : 1|Name : |Module : [use_object]|Function : [Msg - update]| [OK_112] object_trace - '2' a été modifié.
2022-10-14 18:56:07|[INFO]|Session : [l59diu7s8c7ilur0juvfm9o79n]|User id : 1|Name : |Module : [use_object]|Function : [Msg - update]| [OK_112] object_trace - '199' a été modifié.
2022-10-14 18:56:23|[INFO]|Session : [94b0vi34c27a24fdobhumb6fhb]|User id : 1|Name : |Module : [use_object]|Function : [Msg - update]| [OK_112] object_trace_diagram - '3' a été modifié.
2022-10-14 18:56:23|[INFO]|Session : [uui1f6ggpeqsaoruflr2vj637h]|User id : 1|Name : |Module : [use_object]|Function : [Msg - update]| [OK_112] object_trace - '2' a été modifié.
2022-10-14 18:56:24|[INFO]|Session : [6biraotbkfopses94qnsapr1u9]|User id : 1|Name : |Module : [use_object]|Function : [Msg - update]| [OK_112] object_trace_diagram - '3' a été modifié.
2022-10-14 18:56:25|[INFO]|Session : [olnm8n8a0lqld9f6p8f4ojrj50]|User id : 1|Name : |Module : [use_object]|Function : [Msg - update]| [OK_112] object_trace - '2' a été modifié.
2022-10-14 18:56:26|[INFO]|Session : [9qshulrf8s2f9la4slnjgreaqj]|User id : 1|Name : |Module : [use_object]|Function : [Msg - update]| [OK_112] object_trace_diagram - '3' a été modifié.
2022-10-14 18:56:27|[INFO]|Session : [897nbo6es7i7eets80hussnaf7]|User id : 1|Name : |Module : [use_object]|Function : [Msg - update]| [OK_112] object_trace - '2' a été modifié.
2022-10-14 18:56:33|[INFO]|Session : [fko0fpgbn0aoht3bphk7j90j11]|User id : 1|Name : |Module : [use_object]|Function : [Msg - update]| [OK_112] object_trace_diagram - '3' a été modifié.
2022-10-14 18:56:34|[INFO]|Session : [u6uqqg8oog1hqcj1kt8a64hmqe]|User id : 1|Name : |Module : [use_object]|Function : [Msg - update]| [OK_112] object_trace - '2' a été modifié.
2022-10-14 18:57:33|[INFO]|Session : [aiodh3qnok6mba8h4kquskmmpi]|User id : 1|Name : |Module : [use_object]|Function : [Msg - update]| [OK_112] object_trace - '200' a été modifié.
2022-10-14 18:57:45|[INFO]|Session : [cc9afclv52hoa3hs484125p20r]|User id : 1|Name : |Module : [use_object]|Function : [Msg - update]| [OK_112] object_trace_diagram - '3' a été modifié.
2022-10-14 18:57:46|[INFO]|Session : [rsvv845148u5gr3balfqeooa0j]|User id : 1|Name : |Module : [use_object]|Function : [Msg - update]| [OK_112] object_trace - '2' a été modifié.
2022-10-14 18:57:46|[INFO]|Session : [v5ca019ne4v3o92qgs866vv99e]|User id : 1|Name : |Module : [use_object]|Function : [Msg - update]| [OK_112] object_trace_diagram - '3' a été modifié.
2022-10-14 18:57:47|[INFO]|Session : [evg6lerdjpaqkj5ebh084e5bit]|User id : 1|Name : |Module : [use_object]|Function : [Msg - update]| [OK_112] object_trace - '2' a été modifié.
2022-10-14 18:57:50|[INFO]|Session : [uum4tb4gnh54sbbs9pg8umb472]|User id : 1|Name : |Module : [use_object]|Function : [Msg - update]| [OK_112] object_trace_diagram - '3' a été modifié.
2022-10-14 18:57:50|[INFO]|Session : [546l1p5nufn79rbc23ahj2e61t]|User id : 1|Name : |Module : [use_object]|Function : [Msg - update]| [OK_112] object_trace - '2' a été modifié.
2022-10-14 18:57:52|[INFO]|Session : [cnaip0q29f1bgmhag9qmqf56s6]|User id : 1|Name : |Module : [use_object]|Function : [Msg - update]| [OK_112] object_trace_diagram - '3' a été modifié.
2022-10-14 18:57:52|[INFO]|Session : [u3kaf5b1lm7itf1l5d9pa9mlcd]|User id : 1|Name : |Module : [use_object]|Function : [Msg - update]| [OK_112] object_trace - '2' a été modifié.
2022-10-14 18:57:55|[INFO]|Session : [eoeiiqprhpf9m44a0koqd1jd6p]|User id : 1|Name : |Module : [use_object]|Function : [Msg - update]| [OK_112] object_trace_diagram - '3' a été modifié.
2022-10-14 18:57:55|[INFO]|Session : [37muk46oe3cm9n7bs3e46h3mp4]|User id : 1|Name : |Module : [use_object]|Function : [Msg - update]| [OK_112] object_trace - '2' a été modifié.
2022-10-14 18:58:01|[INFO]|Session : [blag5e1e3mm48re52p7k1t2o5c]|User id : 1|Name : |Module : [use_object]|Function : [Msg - update]| [OK_112] object_trace_diagram - '3' a été modifié.
2022-10-14 18:58:02|[INFO]|Session : [n539arkc1secgvs172lhjaifqu]|User id : 1|Name : |Module : [use_object]|Function : [Msg - update]| [OK_112] object_trace - '2' a été modifié.
2022-10-14 19:00:25|[INFO]|Session : [83hk09433nt23o2q8ed34oq8nq]|User id : 1|Name : |Module : [use_object]|Function : [Msg - update]| [OK_112] object_trace - '201' a été modifié.
2022-10-14 19:04:53|[INFO]|Session : [tuuldhktvpn22kmu4rpf92chb6]|User id : 1|Name : |Module : [use_object]|Function : [Msg - update]| [OK_112] object_trace - '202' a été modifié.
2022-10-14 19:05:05|[INFO]|Session : [fhn3tr60199kk1scuq1kgj6m2c]|User id : 1|Name : |Module : [use_object]|Function : [Msg - update]| [OK_112] object_trace_diagram - '3' a été modifié.
2022-10-14 19:05:06|[INFO]|Session : [536hpul1v0ik1ov1ha99qmc67t]|User id : 1|Name : |Module : [use_object]|Function : [Msg - update]| [OK_112] object_trace - '2' a été modifié.
2022-10-14 20:11:02|[INFO]|Session : [tjnc6h1kfuf33dphjmmuct8uqc]|User id : 1|Name : |Module : [use_object]|Function : [Msg - update]| [OK_112] object_trace - '2' a été modifié.
2022-10-14 20:11:05|[INFO]|Session : [p7bltdi9boi1c10btcmiljd86k]|User id : 1|Name : |Module : [use_object]|Function : [Msg - update]| [OK_112] object_trace - '2' a été modifié.
2022-10-14 20:13:08|[INFO]|Session : [pd6todakapsj93h4819rguf02b]|User id : 1|Name : |Module : [use_object]|Function : [Msg - update]| [OK_112] object_trace - '2' a été modifié.
2022-10-14 20:13:11|[INFO]|Session : [g0dr9iaeij0rr4ongt1r0k270c]|User id : 1|Name : |Module : [use_object]|Function : [Msg - update]| [OK_112] object_trace - '2' a été modifié.
2022-10-14 20:15:36|[INFO]|Session : [t3lm7ssv66d15l897d0pu2ef49]|User id : 1|Name : |Module : [use_object]|Function : [Msg - update]| [OK_112] object_trace_diagram - '3' a été modifié.
2022-10-14 20:15:37|[INFO]|Session : [gkvu0ka8d2lv0o9hc5r3qgpd2h]|User id : 1|Name : |Module : [use_object]|Function : [Msg - update]| [OK_112] object_trace - '2' a été modifié.
2022-10-14 20:20:01|[INFO]|Session : [0ir3tajp8b76cc85c2jqsunsql]|User id : 1|Name : |Module : [use_object]|Function : [Msg - update]| [OK_112] object_trace - '2' a été modifié.
2022-10-14 20:20:03|[INFO]|Session : [jljs6prkjc84gbqn2dv8a4ui3a]|User id : 1|Name : |Module : [use_object]|Function : [Msg - update]| [OK_112] object_trace - '2' a été modifié.
2022-10-14 20:20:08|[INFO]|Session : [tfiu3fguo7nnesmdcshaq0cvg8]|User id : 1|Name : |Module : [use_object]|Function : [Msg - update]| [OK_112] object_trace_diagram - '3' a été modifié.
2022-10-14 20:20:08|[INFO]|Session : [nqaktdggp9slcj5fbrqkqfrcb2]|User id : 1|Name : |Module : [use_object]|Function : [Msg - update]| [OK_112] object_trace - '2' a été modifié.
2022-10-14 20:20:09|[INFO]|Session : [mtnaicqkodumhcad7sicp528bo]|User id : 1|Name : |Module : [use_object]|Function : [Msg - update]| [OK_112] object_trace_diagram - '3' a été modifié.
2022-10-14 20:20:10|[INFO]|Session : [dg4f1p5bccdhch77o6qberm0u2]|User id : 1|Name : |Module : [use_object]|Function : [Msg - update]| [OK_112] object_trace - '2' a été modifié.
2022-10-14 20:20:12|[INFO]|Session : [07i2c7d5r5j19ohg833u1g4mvr]|User id : 1|Name : |Module : [use_object]|Function : [Msg - update]| [OK_112] object_trace_diagram - '3' a été modifié.
2022-10-14 20:20:12|[INFO]|Session : [b1noe58lotlpav9s00b77cfvfe]|User id : 1|Name : |Module : [use_object]|Function : [Msg - update]| [OK_112] object_trace - '2' a été modifié.
2022-10-14 20:20:16|[INFO]|Session : [ob4q8sahlilc2nl44n8sto3oem]|User id : 1|Name : |Module : [use_object]|Function : [Msg - update]| [OK_112] object_trace_diagram - '3' a été modifié.
2022-10-14 20:20:17|[INFO]|Session : [o8r5j9bl33rvcmcnobjpqpqhai]|User id : 1|Name : |Module : [use_object]|Function : [Msg - update]| [OK_112] object_trace - '2' a été modifié.
2022-10-14 20:20:18|[INFO]|Session : [lg62v35b6sd74bimak0lbki4g3]|User id : 1|Name : |Module : [use_object]|Function : [Msg - update]| [OK_112] object_trace_diagram - '3' a été modifié.
2022-10-14 20:20:19|[INFO]|Session : [n1kh0hubcbcl20gii753kpn8b0]|User id : 1|Name : |Module : [use_object]|Function : [Msg - update]| [OK_112] object_trace - '2' a été modifié.
2022-10-14 20:20:19|[INFO]|Session : [8ss7tcv4eouode1p6pm3ktvr89]|User id : 1|Name : |Module : [use_object]|Function : [Msg - update]| [OK_112] object_trace_diagram - '3' a été modifié.
2022-10-14 20:20:20|[INFO]|Session : [aq8nlugmmlr97ehif03g8e6446]|User id : 1|Name : |Module : [use_object]|Function : [Msg - update]| [OK_112] object_trace - '2' a été modifié.
2022-10-14 20:20:21|[INFO]|Session : [r3n9erhhuvkv7qcoiu3u2n0a4i]|User id : 1|Name : |Module : [use_object]|Function : [Msg - update]| [OK_112] object_trace_diagram - '3' a été modifié.
2022-10-14 20:20:22|[INFO]|Session : [gkdop3mtagpmbiq9b0lhpp08lh]|User id : 1|Name : |Module : [use_object]|Function : [Msg - update]| [OK_112] object_trace - '2' a été modifié.
2022-10-14 20:20:23|[INFO]|Session : [q2c18hok4vmfhcjmojhv5qrcnv]|User id : 1|Name : |Module : [use_object]|Function : [Msg - update]| [OK_112] object_trace_diagram - '3' a été modifié.
2022-10-14 20:20:24|[INFO]|Session : [mr3l3r5dertik4a6p24pr36c4s]|User id : 1|Name : |Module : [use_object]|Function : [Msg - update]| [OK_112] object_trace - '2' a été modifié.
2022-10-14 20:20:25|[INFO]|Session : [4cjdfflt0u7r889bsd4rm18f4r]|User id : 1|Name : |Module : [use_object]|Function : [Msg - update]| [OK_112] object_trace_diagram - '3' a été modifié.
2022-10-14 20:20:26|[INFO]|Session : [cke927aqhn9i72ltiv319t79tg]|User id : 1|Name : |Module : [use_object]|Function : [Msg - update]| [OK_112] object_trace - '2' a été modifié.
2022-10-14 20:20:26|[INFO]|Session : [l8ca418p18p57fr482q7gbq874]|User id : 1|Name : |Module : [use_object]|Function : [Msg - update]| [OK_112] object_trace_diagram - '3' a été modifié.
2022-10-14 20:20:27|[INFO]|Session : [0d62r2g6tl4anjs81dsllgfo4q]|User id : 1|Name : |Module : [use_object]|Function : [Msg - update]| [OK_112] object_trace - '2' a été modifié.
2022-10-14 20:20:28|[INFO]|Session : [c35g5v2j04hv1t3varecd87p5a]|User id : 1|Name : |Module : [use_object]|Function : [Msg - update]| [OK_112] object_trace_diagram - '3' a été modifié.
2022-10-14 20:20:28|[INFO]|Session : [jhb3u5j7ibru8rnvm91o0lt4bj]|User id : 1|Name : |Module : [use_object]|Function : [Msg - update]| [OK_112] object_trace - '2' a été modifié.
2022-10-14 20:20:30|[INFO]|Session : [7n922gos9s9oqqjogn7841rjdr]|User id : 1|Name : |Module : [use_object]|Function : [Msg - update]| [OK_112] object_trace_diagram - '3' a été modifié.
2022-10-14 20:20:30|[INFO]|Session : [arppd4ot27rnpjf58nf4vh63u8]|User id : 1|Name : |Module : [use_object]|Function : [Msg - update]| [OK_112] object_trace - '2' a été modifié.
2022-10-14 20:20:34|[INFO]|Session : [09m7hvr4fjh08qkfj9bptot4fh]|User id : 1|Name : |Module : [use_object]|Function : [Msg - update]| [OK_112] object_trace_diagram - '3' a été modifié.
2022-10-14 20:20:34|[INFO]|Session : [gn3cu488k8s8j5tbevs38o90iq]|User id : 1|Name : |Module : [use_object]|Function : [Msg - update]| [OK_112] object_trace - '2' a été modifié.
2022-10-14 20:20:37|[INFO]|Session : [8u3m7qiga2ik6penjtspr4bpsf]|User id : 1|Name : |Module : [use_object]|Function : [Msg - update]| [OK_112] object_trace_diagram - '3' a été modifié.
2022-10-14 20:20:37|[INFO]|Session : [c2oj0hh1p410nfhjo3upfci6qq]|User id : 1|Name : |Module : [use_object]|Function : [Msg - update]| [OK_112] object_trace - '2' a été modifié.
2022-10-14 20:36:02|[INFO]|Session : [ivbqvu7qr01ige189cdqc1m9hb]|User id : 1|Name : |Module : [use_object]|Function : [Msg - update]| [OK_112] object_trace - '2' a été modifié.
2022-10-14 20:36:05|[INFO]|Session : [r56l4p05q2apj6isn8al391mf6]|User id : 1|Name : |Module : [use_object]|Function : [Msg - update]| [OK_112] object_trace - '2' a été modifié.
2022-10-14 20:36:16|[INFO]|Session : [3ksm85qk9h2jvagru52ifvmetk]|User id : 1|Name : |Module : [use_object]|Function : [Msg - update]| [OK_112] object_trace - '2' a été modifié.
2022-10-14 20:36:18|[INFO]|Session : [k6lsngk2pcbaa18bh7v720etlt]|User id : 1|Name : |Module : [use_object]|Function : [Msg - update]| [OK_112] object_trace - '2' a été modifié.
2022-10-14 20:36:28|[INFO]|Session : [rqu4vfh5ontoi8atv8m8e509r4]|User id : 1|Name : |Module : [use_object]|Function : [Msg - update]| [OK_112] object_trace_diagram - '3' a été modifié.
2022-10-14 20:36:28|[INFO]|Session : [7nt97upljclt35ip80tmoq794g]|User id : 1|Name : |Module : [use_object]|Function : [Msg - update]| [OK_112] object_trace - '2' a été modifié.
2022-10-14 20:37:32|[INFO]|Session : [uo2bg8n4vbi38jopj4al20dhe5]|User id : 1|Name : |Module : [use_object]|Function : [Msg - update]| [OK_112] object_trace_diagram - '3' a été modifié.
2022-10-14 20:37:34|[INFO]|Session : [gk6h89i7pr8kpbi626m9hlu8sk]|User id : 1|Name : |Module : [use_object]|Function : [Msg - update]| [OK_112] object_trace - '2' a été modifié.
2022-10-14 20:37:35|[INFO]|Session : [a5uuqbko7v8avje4iulsc8at9e]|User id : 1|Name : |Module : [use_object]|Function : [Msg - update]| [OK_112] object_trace_diagram - '3' a été modifié.
2022-10-14 20:37:36|[INFO]|Session : [pujkogn99uqf37tnsmhdvk6odb]|User id : 1|Name : |Module : [use_object]|Function : [Msg - update]| [OK_112] object_trace - '2' a été modifié.
2022-10-14 20:37:37|[INFO]|Session : [00g5l6psvb8vhs6njai196ogg6]|User id : 1|Name : |Module : [use_object]|Function : [Msg - update]| [OK_112] object_trace_diagram - '3' a été modifié.
2022-10-14 20:37:37|[INFO]|Session : [83jpc878uohhkduiklq0hl95cu]|User id : 1|Name : |Module : [use_object]|Function : [Msg - update]| [OK_112] object_trace - '2' a été modifié.
2022-10-14 20:37:37|[INFO]|Session : [3hq5j72pg3biusi1l2fk98u32t]|User id : 1|Name : |Module : [use_object]|Function : [Msg - update]| [OK_112] object_trace_diagram - '3' a été modifié.
2022-10-14 20:37:38|[INFO]|Session : [lj1biqd23muncookit5ett54ul]|User id : 1|Name : |Module : [use_object]|Function : [Msg - update]| [OK_112] object_trace - '2' a été modifié.
2022-10-14 23:15:41|[INFO]|Session : [p9kjv3df4apgaanp1tfve42v4d]|User id : 1|Name : |Module : [use_object]|Function : [Msg - update]| [OK_112] object_trace - '203' a été modifié.
2022-10-14 23:16:11|[INFO]|Session : [kv2vs3im6r8o9ks2v58opiniqn]|User id : 1|Name : |Module : [use_object]|Function : [Msg - update]| [OK_112] object_trace_diagram - '3' a été modifié.
2022-10-14 23:16:12|[INFO]|Session : [tofaj5aga7upp5bj7129jcbd71]|User id : 1|Name : |Module : [use_object]|Function : [Msg - update]| [OK_112] object_trace - '2' a été modifié.
2022-10-14 23:17:23|[INFO]|Session : [9mo6lsplrmvrrqq83uq2siodhv]|User id : 1|Name : |Module : [use_object]|Function : [Msg - update]| [OK_112] object_trace - '204' a été modifié.
2022-10-14 23:17:40|[INFO]|Session : [ml5g5ptvlm64vhccdkovpmojrr]|User id : 1|Name : |Module : [use_object]|Function : [Msg - update]| [OK_112] object_trace_diagram - '3' a été modifié.
2022-10-14 23:17:41|[INFO]|Session : [j6j72sfucnn151deusb39r2rdv]|User id : 1|Name : |Module : [use_object]|Function : [Msg - update]| [OK_112] object_trace - '2' a été modifié.
2022-10-14 23:17:51|[INFO]|Session : [0a2b622pndfv4lbj1pqv15773k]|User id : 1|Name : |Module : [use_object]|Function : [Msg - update]| [OK_112] object_trace_diagram - '3' a été modifié.
2022-10-14 23:17:51|[INFO]|Session : [m3dks827nt0p2abpr3j7ennib1]|User id : 1|Name : |Module : [use_object]|Function : [Msg - update]| [OK_112] object_trace - '2' a été modifié.
2022-10-14 23:17:54|[INFO]|Session : [f4ibn3jt5n613f3gtgt6hgveis]|User id : 1|Name : |Module : [use_object]|Function : [Msg - update]| [OK_112] object_trace_diagram - '3' a été modifié.
2022-10-14 23:17:54|[INFO]|Session : [jlr017f8ttld4v24hhvr7apbf2]|User id : 1|Name : |Module : [use_object]|Function : [Msg - update]| [OK_112] object_trace - '2' a été modifié.
2022-10-14 23:17:55|[INFO]|Session : [7u765m81h459p0kh0luf7os5t3]|User id : 1|Name : |Module : [use_object]|Function : [Msg - update]| [OK_112] object_trace_diagram - '3' a été modifié.
2022-10-14 23:17:56|[INFO]|Session : [r9fnefquco2mc8tr8770s6bsrk]|User id : 1|Name : |Module : [use_object]|Function : [Msg - update]| [OK_112] object_trace - '2' a été modifié.
2022-10-14 23:17:57|[INFO]|Session : [mco773nu4p15c9rfdm98mkkfkv]|User id : 1|Name : |Module : [use_object]|Function : [Msg - update]| [OK_112] object_trace_diagram - '3' a été modifié.
2022-10-14 23:17:58|[INFO]|Session : [qrrgma8q34obicn7ec87hg0n4u]|User id : 1|Name : |Module : [use_object]|Function : [Msg - update]| [OK_112] object_trace - '2' a été modifié.
2022-10-14 23:17:59|[INFO]|Session : [j6lc1vmlg0b7m36of19qor52cg]|User id : 1|Name : |Module : [use_object]|Function : [Msg - update]| [OK_112] object_trace_diagram - '3' a été modifié.
2022-10-14 23:18:00|[INFO]|Session : [u3qpkpk22nad7igmfmkg0t1uk1]|User id : 1|Name : |Module : [use_object]|Function : [Msg - update]| [OK_112] object_trace - '2' a été modifié.
2022-10-14 23:18:01|[INFO]|Session : [dk3v7up30gtvtq3v2hmvp08vsa]|User id : 1|Name : |Module : [use_object]|Function : [Msg - update]| [OK_112] object_trace_diagram - '3' a été modifié.
2022-10-14 23:18:02|[INFO]|Session : [q2d6avp7jih2cl64q9fdts9fg5]|User id : 1|Name : |Module : [use_object]|Function : [Msg - update]| [OK_112] object_trace - '2' a été modifié.
2022-10-14 23:18:03|[INFO]|Session : [80rmr335i7r4v0ciqn6rif7mob]|User id : 1|Name : |Module : [use_object]|Function : [Msg - update]| [OK_112] object_trace_diagram - '3' a été modifié.
2022-10-14 23:18:04|[INFO]|Session : [pt96jlkedf1keuostnduhpm06a]|User id : 1|Name : |Module : [use_object]|Function : [Msg - update]| [OK_112] object_trace - '2' a été modifié.
2022-10-14 23:18:04|[INFO]|Session : [l7lircuf6gfr7s8vppto23fpfd]|User id : 1|Name : |Module : [use_object]|Function : [Msg - update]| [OK_112] object_trace_diagram - '3' a été modifié.
2022-10-14 23:18:05|[INFO]|Session : [kh5r4bj8j8vn6d1lvhdpe5d72d]|User id : 1|Name : |Module : [use_object]|Function : [Msg - update]| [OK_112] object_trace - '2' a été modifié.
2022-10-14 23:18:06|[INFO]|Session : [0vt5i2su9u70g9i8v3b47k6e44]|User id : 1|Name : |Module : [use_object]|Function : [Msg - update]| [OK_112] object_trace_diagram - '3' a été modifié.
2022-10-14 23:18:07|[INFO]|Session : [9hta9sb2kogpmhigrc08b0ebp5]|User id : 1|Name : |Module : [use_object]|Function : [Msg - update]| [OK_112] object_trace - '2' a été modifié.
2022-10-14 23:18:07|[INFO]|Session : [6i4s79397h6hcnt0dhuhbk71mq]|User id : 1|Name : |Module : [use_object]|Function : [Msg - update]| [OK_112] object_trace_diagram - '3' a été modifié.
2022-10-14 23:18:08|[INFO]|Session : [9g8he6r39vrbopk83tikd27q6u]|User id : 1|Name : |Module : [use_object]|Function : [Msg - update]| [OK_112] object_trace - '2' a été modifié.
2022-10-14 23:18:09|[INFO]|Session : [ebp62do9ab5phskkrq7u86vcau]|User id : 1|Name : |Module : [use_object]|Function : [Msg - update]| [OK_112] object_trace_diagram - '3' a été modifié.
2022-10-14 23:18:10|[INFO]|Session : [lnlfeqotrjmelkne1is4q8mura]|User id : 1|Name : |Module : [use_object]|Function : [Msg - update]| [OK_112] object_trace - '2' a été modifié.
2022-10-14 23:18:11|[INFO]|Session : [lbb30jjn7iauknf05sg0mh5u1r]|User id : 1|Name : |Module : [use_object]|Function : [Msg - update]| [OK_112] object_trace_diagram - '3' a été modifié.
2022-10-14 23:18:12|[INFO]|Session : [btro8mg31q2ug23n58n61hfa71]|User id : 1|Name : |Module : [use_object]|Function : [Msg - update]| [OK_112] object_trace - '2' a été modifié.
2022-10-14 23:18:12|[INFO]|Session : [f7e542qrbb319p5gag3fchtoga]|User id : 1|Name : |Module : [use_object]|Function : [Msg - update]| [OK_112] object_trace_diagram - '3' a été modifié.
2022-10-14 23:18:13|[INFO]|Session : [61dg92k36lvqaqi40uq1c3s9bb]|User id : 1|Name : |Module : [use_object]|Function : [Msg - update]| [OK_112] object_trace - '2' a été modifié.
2022-10-14 23:18:14|[INFO]|Session : [4si0gmpbeb5h3tl1lt4kp514d3]|User id : 1|Name : |Module : [use_object]|Function : [Msg - update]| [OK_112] object_trace_diagram - '3' a été modifié.
2022-10-14 23:18:14|[INFO]|Session : [j3kihkjtfkgcoittnrjmp5c2jb]|User id : 1|Name : |Module : [use_object]|Function : [Msg - update]| [OK_112] object_trace - '2' a été modifié.
2022-10-14 23:20:08|[INFO]|Session : [lhvi2e1aga5d1nkcb7l7n9fcug]|User id : 1|Name : |Module : [use_object]|Function : [Msg - update]| [OK_112] object_trace_diagram - '3' a été modifié.
2022-10-14 23:20:09|[INFO]|Session : [mr8qi37jlel0053mbjapc3vbic]|User id : 1|Name : |Module : [use_object]|Function : [Msg - update]| [OK_112] object_trace - '2' a été modifié.
2022-10-14 23:20:10|[INFO]|Session : [a7lsvs096356b5vk2sf8gr32ta]|User id : 1|Name : |Module : [use_object]|Function : [Msg - update]| [OK_112] object_trace_diagram - '3' a été modifié.
2022-10-14 23:20:10|[INFO]|Session : [307q2oee9n6rteos1fakfphvak]|User id : 1|Name : |Module : [use_object]|Function : [Msg - update]| [OK_112] object_trace - '2' a été modifié.
2022-10-14 23:20:12|[INFO]|Session : [7cnf06p1srpftidd4s3brkq8r8]|User id : 1|Name : |Module : [use_object]|Function : [Msg - update]| [OK_112] object_trace_diagram - '3' a été modifié.
2022-10-14 23:20:12|[INFO]|Session : [c9r1k7758ihaq4eenqofokbeht]|User id : 1|Name : |Module : [use_object]|Function : [Msg - update]| [OK_112] object_trace - '2' a été modifié.
2022-10-14 23:20:15|[INFO]|Session : [b5870mk383dcm1i3eruo24gruq]|User id : 1|Name : |Module : [use_object]|Function : [Msg - update]| [OK_112] object_trace_diagram - '3' a été modifié.
2022-10-14 23:20:15|[INFO]|Session : [pk0aqv0onqj64nh1l0iogfmj09]|User id : 1|Name : |Module : [use_object]|Function : [Msg - update]| [OK_112] object_trace - '2' a été modifié.
2022-10-14 23:20:16|[INFO]|Session : [65dv07vkpaoot3svuhfe8vqqad]|User id : 1|Name : |Module : [use_object]|Function : [Msg - update]| [OK_112] object_trace_diagram - '3' a été modifié.
2022-10-14 23:20:17|[INFO]|Session : [6sh12mlbiklv94fjv9lft6p7po]|User id : 1|Name : |Module : [use_object]|Function : [Msg - update]| [OK_112] object_trace - '2' a été modifié.
2022-10-14 23:20:18|[INFO]|Session : [rcp2c8lab00tke08lu10hveltj]|User id : 1|Name : |Module : [use_object]|Function : [Msg - update]| [OK_112] object_trace_diagram - '3' a été modifié.
2022-10-14 23:20:19|[INFO]|Session : [nd6s9d4acpkjv4kcrqra8qllvs]|User id : 1|Name : |Module : [use_object]|Function : [Msg - update]| [OK_112] object_trace - '2' a été modifié.
2022-10-14 23:20:20|[INFO]|Session : [kjbc4vlalr815145ahddn4i0tg]|User id : 1|Name : |Module : [use_object]|Function : [Msg - update]| [OK_112] object_trace_diagram - '3' a été modifié.
2022-10-14 23:20:20|[INFO]|Session : [9k2mnd652061irdrcle19tjtui]|User id : 1|Name : |Module : [use_object]|Function : [Msg - update]| [OK_112] object_trace - '2' a été modifié.
2022-10-14 23:20:22|[INFO]|Session : [6mfjoettqp4eqerq86njdgu0l0]|User id : 1|Name : |Module : [use_object]|Function : [Msg - update]| [OK_112] object_trace_diagram - '3' a été modifié.
2022-10-14 23:20:22|[INFO]|Session : [r1rj8fkanmru375467j1jls74b]|User id : 1|Name : |Module : [use_object]|Function : [Msg - update]| [OK_112] object_trace - '2' a été modifié.
2022-10-14 23:20:23|[INFO]|Session : [ako7ck7mam7usru3ikno8490tj]|User id : 1|Name : |Module : [use_object]|Function : [Msg - update]| [OK_112] object_trace_diagram - '3' a été modifié.
2022-10-14 23:20:24|[INFO]|Session : [q28l3rebnmcs2tckld9paihro8]|User id : 1|Name : |Module : [use_object]|Function : [Msg - update]| [OK_112] object_trace - '2' a été modifié.
2022-10-14 23:20:24|[INFO]|Session : [d7imr2h56sk8tuh4pjfpfunc19]|User id : 1|Name : |Module : [use_object]|Function : [Msg - update]| [OK_112] object_trace_diagram - '3' a été modifié.
2022-10-14 23:20:25|[INFO]|Session : [t0e1hnh7g6t1ce0mu7g789uv76]|User id : 1|Name : |Module : [use_object]|Function : [Msg - update]| [OK_112] object_trace - '2' a été modifié.
2022-10-14 23:20:27|[INFO]|Session : [3571prvmucd3dp0khb2lb882k3]|User id : 1|Name : |Module : [use_object]|Function : [Msg - update]| [OK_112] object_trace_diagram - '3' a été modifié.
2022-10-14 23:20:27|[INFO]|Session : [qfqlm30oh04nog3uapoa366r90]|User id : 1|Name : |Module : [use_object]|Function : [Msg - update]| [OK_112] object_trace - '2' a été modifié.
2022-10-14 23:20:28|[INFO]|Session : [s7p5dcec8s344voc55g5l3qu9i]|User id : 1|Name : |Module : [use_object]|Function : [Msg - update]| [OK_112] object_trace_diagram - '3' a été modifié.
2022-10-14 23:20:29|[INFO]|Session : [jrfsrko0ce9f3lu6lb7ot8sf96]|User id : 1|Name : |Module : [use_object]|Function : [Msg - update]| [OK_112] object_trace - '2' a été modifié.
2022-10-14 23:20:29|[INFO]|Session : [fi920khmbfq07qeglhko70o19j]|User id : 1|Name : |Module : [use_object]|Function : [Msg - update]| [OK_112] object_trace_diagram - '3' a été modifié.
2022-10-14 23:20:31|[INFO]|Session : [238gdu0ufqi0jo2kkg1360s3bl]|User id : 1|Name : |Module : [use_object]|Function : [Msg - update]| [OK_112] object_trace - '2' a été modifié.
2022-10-14 23:20:32|[INFO]|Session : [4hfebkhjlpcmq2hvhd586adl89]|User id : 1|Name : |Module : [use_object]|Function : [Msg - update]| [OK_112] object_trace_diagram - '3' a été modifié.
2022-10-14 23:20:33|[INFO]|Session : [2b2vsd19irro6gf9r9uo7kg2g8]|User id : 1|Name : |Module : [use_object]|Function : [Msg - update]| [OK_112] object_trace - '2' a été modifié.
2022-10-14 23:20:33|[INFO]|Session : [904f0jqc8tvdfrrq36lqdd2tgl]|User id : 1|Name : |Module : [use_object]|Function : [Msg - update]| [OK_112] object_trace_diagram - '3' a été modifié.
2022-10-14 23:20:34|[INFO]|Session : [iurcl0aegipbmn8rlp1cufoqet]|User id : 1|Name : |Module : [use_object]|Function : [Msg - update]| [OK_112] object_trace - '2' a été modifié.
2022-10-14 23:20:34|[INFO]|Session : [4ka48il939uuv9ois395090pak]|User id : 1|Name : |Module : [use_object]|Function : [Msg - update]| [OK_112] object_trace_diagram - '3' a été modifié.
2022-10-14 23:20:34|[INFO]|Session : [vt0sv1fsb7ncdu6onrl8viom49]|User id : 1|Name : |Module : [use_object]|Function : [Msg - update]| [OK_112] object_trace - '2' a été modifié.
2022-10-14 23:20:35|[INFO]|Session : [0sonnvbavbt6g19q9vogf5vfuf]|User id : 1|Name : |Module : [use_object]|Function : [Msg - update]| [OK_112] object_trace_diagram - '3' a été modifié.
2022-10-14 23:20:35|[INFO]|Session : [h307d5bkg5ur43o0tsoevd465l]|User id : 1|Name : |Module : [use_object]|Function : [Msg - update]| [OK_112] object_trace - '2' a été modifié.
2022-10-14 23:20:35|[INFO]|Session : [um1infhislscrl7bles6cbb8jr]|User id : 1|Name : |Module : [use_object]|Function : [Msg - update]| [OK_112] object_trace_diagram - '3' a été modifié.
2022-10-14 23:20:36|[INFO]|Session : [s6j55ber8mme1l6u72t1h5s9lo]|User id : 1|Name : |Module : [use_object]|Function : [Msg - update]| [OK_112] object_trace - '2' a été modifié.
2022-10-14 23:20:39|[INFO]|Session : [pmsrm79gq5aevks8ss74ic4oru]|User id : 1|Name : |Module : [use_object]|Function : [Msg - update]| [OK_112] object_trace_diagram - '3' a été modifié.
2022-10-14 23:20:39|[INFO]|Session : [ss8sf9al1gj9jsb6sglq3n15fi]|User id : 1|Name : |Module : [use_object]|Function : [Msg - update]| [OK_112] object_trace - '2' a été modifié.
2022-10-14 23:20:40|[INFO]|Session : [133lp976mq5r7993714ab40bdi]|User id : 1|Name : |Module : [use_object]|Function : [Msg - update]| [OK_112] object_trace_diagram - '3' a été modifié.
2022-10-14 23:20:41|[INFO]|Session : [q51vnv3u8k55ldiael7fbu6gta]|User id : 1|Name : |Module : [use_object]|Function : [Msg - update]| [OK_112] object_trace - '2' a été modifié.
2022-10-14 23:20:41|[INFO]|Session : [atdgc5c5htten890piddn654cn]|User id : 1|Name : |Module : [use_object]|Function : [Msg - update]| [OK_112] object_trace_diagram - '3' a été modifié.
2022-10-14 23:20:42|[INFO]|Session : [8di7n3dv5qukvfc4nao123h9pu]|User id : 1|Name : |Module : [use_object]|Function : [Msg - update]| [OK_112] object_trace - '2' a été modifié.
2022-10-14 23:20:44|[INFO]|Session : [p95fbv3gbv2vn30cd02ckrrqsr]|User id : 1|Name : |Module : [use_object]|Function : [Msg - update]| [OK_112] object_trace_diagram - '3' a été modifié.
2022-10-14 23:20:44|[INFO]|Session : [0pohkffat8nrrjv3seqi93n1s5]|User id : 1|Name : |Module : [use_object]|Function : [Msg - update]| [OK_112] object_trace - '2' a été modifié.
2022-10-14 23:24:34|[INFO]|Session : [5dblo660lo2qu414nscbmth8bh]|User id : 1|Name : |Module : [use_object]|Function : [Msg - update]| [OK_112] object_trace - '2' a été modifié.
2022-10-14 23:24:37|[INFO]|Session : [jcnc2a27lglfii9g0u8c7o2bos]|User id : 1|Name : |Module : [use_object]|Function : [Msg - update]| [OK_112] object_trace - '2' a été modifié.
2022-10-14 23:27:08|[INFO]|Session : [tbdo6mjvp9a8e37qd1l6l3t3fn]|User id : 1|Name : |Module : [use_object]|Function : [Msg - update]| [OK_112] object_trace - '2' a été modifié.
2022-10-14 23:27:11|[INFO]|Session : [0sel1575ole1rttsd2vp10mrju]|User id : 1|Name : |Module : [use_object]|Function : [Msg - update]| [OK_112] object_trace - '2' a été modifié.
2022-10-14 23:27:23|[INFO]|Session : [67gaumvq6j40dk20bf7d0kocj9]|User id : 1|Name : |Module : [use_object]|Function : [Msg - update]| [OK_112] object_trace - '205' a été modifié.
2022-10-14 23:28:30|[INFO]|Session : [v10m7jhi5unjfnj291o0ck3ssc]|User id : 1|Name : |Module : [use_object]|Function : [Msg - update]| [OK_112] object_trace - '206' a été modifié.
2022-10-14 23:28:42|[INFO]|Session : [03fig243hmopc3uahpsk6cvkm7]|User id : 1|Name : |Module : [use_object]|Function : [Msg - update]| [OK_112] object_trace_diagram - '3' a été modifié.
2022-10-14 23:28:42|[INFO]|Session : [84hr1hl50fk8l09pj4at9fln6o]|User id : 1|Name : |Module : [use_object]|Function : [Msg - update]| [OK_112] object_trace - '2' a été modifié.
2022-10-14 23:31:18|[INFO]|Session : [apk3hlfubonos0nmagbgd6n2t7]|User id : 1|Name : |Module : [use_object]|Function : [Msg - update]| [OK_112] object_trace - '207' a été modifié.
2022-10-14 23:31:32|[INFO]|Session : [pe3vkab9km4ok8geklfn0h09np]|User id : 1|Name : |Module : [use_object]|Function : [Msg - update]| [OK_112] object_trace_diagram - '3' a été modifié.
2022-10-14 23:31:33|[INFO]|Session : [hr24iia2blrt8km4kljjbptd1r]|User id : 1|Name : |Module : [use_object]|Function : [Msg - update]| [OK_112] object_trace - '2' a été modifié.
2022-10-14 23:31:38|[INFO]|Session : [bii0q61a76nqtgu8vtv702hcgm]|User id : 1|Name : |Module : [use_object]|Function : [Msg - update]| [OK_112] object_trace_diagram - '3' a été modifié.
2022-10-14 23:31:39|[INFO]|Session : [hq3b92uev6q129v8tej40oindt]|User id : 1|Name : |Module : [use_object]|Function : [Msg - update]| [OK_112] object_trace - '2' a été modifié.
2022-10-14 23:31:40|[INFO]|Session : [03moh2jupfffak57cilplb5tqh]|User id : 1|Name : |Module : [use_object]|Function : [Msg - update]| [OK_112] object_trace_diagram - '3' a été modifié.
2022-10-14 23:31:41|[INFO]|Session : [pn2amqmlhapia1vcsbf6jbn7fo]|User id : 1|Name : |Module : [use_object]|Function : [Msg - update]| [OK_112] object_trace - '2' a été modifié.
2022-10-14 23:31:59|[INFO]|Session : [9uk9lbd11gq6knfsvqs90jes0n]|User id : 1|Name : |Module : [use_object]|Function : [Msg - update]| [OK_112] object_trace_diagram - '3' a été modifié.
2022-10-14 23:31:59|[INFO]|Session : [ss5rnud4i1nlasrojtff235ndj]|User id : 1|Name : |Module : [use_object]|Function : [Msg - update]| [OK_112] object_trace - '2' a été modifié.
2022-10-14 23:32:01|[INFO]|Session : [bh3qnd14u7bvm12grnmpl44esr]|User id : 1|Name : |Module : [use_object]|Function : [Msg - update]| [OK_112] object_trace_diagram - '3' a été modifié.
2022-10-14 23:32:01|[INFO]|Session : [a4bhrns2o6g734q1euhmh486ag]|User id : 1|Name : |Module : [use_object]|Function : [Msg - update]| [OK_112] object_trace - '2' a été modifié.
2022-10-14 23:32:02|[INFO]|Session : [370mih6kic2vo0mnnt3748a6co]|User id : 1|Name : |Module : [use_object]|Function : [Msg - update]| [OK_112] object_trace_diagram - '3' a été modifié.
2022-10-14 23:32:03|[INFO]|Session : [cnr0qnqlvkhou95kra3i9j0hog]|User id : 1|Name : |Module : [use_object]|Function : [Msg - update]| [OK_112] object_trace - '2' a été modifié.
2022-10-14 23:32:03|[INFO]|Session : [lcspeq31tv2fitg8bopbl5nt11]|User id : 1|Name : |Module : [use_object]|Function : [Msg - update]| [OK_112] object_trace_diagram - '3' a été modifié.
2022-10-14 23:32:05|[INFO]|Session : [83beksu1gfb9upgvl5r0crid5e]|User id : 1|Name : |Module : [use_object]|Function : [Msg - update]| [OK_112] object_trace - '2' a été modifié.
2022-10-14 23:32:05|[INFO]|Session : [c19kjv678hae039m51er6kfv1v]|User id : 1|Name : |Module : [use_object]|Function : [Msg - update]| [OK_112] object_trace_diagram - '3' a été modifié.
2022-10-14 23:32:05|[INFO]|Session : [d1sprektgfoer76b830utrp4lb]|User id : 1|Name : |Module : [use_object]|Function : [Msg - update]| [OK_112] object_trace - '2' a été modifié.
2022-10-14 23:32:06|[INFO]|Session : [j1lrn84ev5um0egd65jqes3f1a]|User id : 1|Name : |Module : [use_object]|Function : [Msg - update]| [OK_112] object_trace_diagram - '3' a été modifié.
2022-10-14 23:32:06|[INFO]|Session : [6ti5cje1gv628rmtqt8bb6m9g4]|User id : 1|Name : |Module : [use_object]|Function : [Msg - update]| [OK_112] object_trace - '2' a été modifié.
2022-10-14 23:32:07|[INFO]|Session : [cppk8q08k3q66pikk9v1foksom]|User id : 1|Name : |Module : [use_object]|Function : [Msg - update]| [OK_112] object_trace_diagram - '3' a été modifié.
2022-10-14 23:32:09|[INFO]|Session : [u10ru4683dp9s1u5uo70nft0nj]|User id : 1|Name : |Module : [use_object]|Function : [Msg - update]| [OK_112] object_trace - '2' a été modifié.
2022-10-14 23:32:28|[INFO]|Session : [r75tcq3fu9uttsekt7r7r3neh2]|User id : 1|Name : |Module : [use_object]|Function : [Msg - update]| [OK_112] object_trace_diagram - '3' a été modifié.
2022-10-14 23:32:29|[INFO]|Session : [4ekpforb563f9lvtc60k7r0j30]|User id : 1|Name : |Module : [use_object]|Function : [Msg - update]| [OK_112] object_trace - '2' a été modifié.
2022-10-14 23:32:37|[INFO]|Session : [i4mo00jf2p344374gnigr6t1ks]|User id : 1|Name : |Module : [use_object]|Function : [Msg - update]| [OK_112] object_trace_diagram - '3' a été modifié.
2022-10-14 23:32:37|[INFO]|Session : [scn1jcjsou9mdsi69v1bj6rt9g]|User id : 1|Name : |Module : [use_object]|Function : [Msg - update]| [OK_112] object_trace - '2' a été modifié.
2022-10-14 23:32:39|[INFO]|Session : [67749uo76b5gb6est0q5dsuf81]|User id : 1|Name : |Module : [use_object]|Function : [Msg - update]| [OK_112] object_trace_diagram - '3' a été modifié.
2022-10-14 23:32:39|[INFO]|Session : [kr5cki4l4eiki4gloads7qpi0r]|User id : 1|Name : |Module : [use_object]|Function : [Msg - update]| [OK_112] object_trace - '2' a été modifié.
2022-10-14 23:32:40|[INFO]|Session : [e4n25hegihv6dne8869atdttrd]|User id : 1|Name : |Module : [use_object]|Function : [Msg - update]| [OK_112] object_trace_diagram - '3' a été modifié.
2022-10-14 23:32:40|[INFO]|Session : [ra5gdojqm5uata69bcke0fc23m]|User id : 1|Name : |Module : [use_object]|Function : [Msg - update]| [OK_112] object_trace - '2' a été modifié.
2022-10-14 23:32:42|[INFO]|Session : [8npg3e0hek7tjock7vvdctslrd]|User id : 1|Name : |Module : [use_object]|Function : [Msg - update]| [OK_112] object_trace_diagram - '3' a été modifié.
2022-10-14 23:32:43|[INFO]|Session : [3b5nad714t6ct5hua66tbea8o3]|User id : 1|Name : |Module : [use_object]|Function : [Msg - update]| [OK_112] object_trace - '2' a été modifié.
2022-10-14 23:32:43|[INFO]|Session : [7355abnsjvcehcip55jht83u75]|User id : 1|Name : |Module : [use_object]|Function : [Msg - update]| [OK_112] object_trace_diagram - '3' a été modifié.
2022-10-14 23:32:44|[INFO]|Session : [3ac5f8q2p4qkjo4m0v37lo52r0]|User id : 1|Name : |Module : [use_object]|Function : [Msg - update]| [OK_112] object_trace - '2' a été modifié.
2022-10-14 23:32:45|[INFO]|Session : [our15k0c54kamf9l9tmahl8vh0]|User id : 1|Name : |Module : [use_object]|Function : [Msg - update]| [OK_112] object_trace_diagram - '3' a été modifié.
2022-10-14 23:32:45|[INFO]|Session : [suqcg9klv2u8psk2dgtvf803at]|User id : 1|Name : |Module : [use_object]|Function : [Msg - update]| [OK_112] object_trace - '2' a été modifié.
2022-10-14 23:32:46|[INFO]|Session : [nnv6ksems2pstvcufimv3n0pse]|User id : 1|Name : |Module : [use_object]|Function : [Msg - update]| [OK_112] object_trace_diagram - '3' a été modifié.
2022-10-14 23:32:46|[INFO]|Session : [eoirme45oaqpkqq5q0ph388lul]|User id : 1|Name : |Module : [use_object]|Function : [Msg - update]| [OK_112] object_trace - '2' a été modifié.
2022-10-14 23:32:48|[INFO]|Session : [m58lu2reovptclpqknbm8oei97]|User id : 1|Name : |Module : [use_object]|Function : [Msg - update]| [OK_112] object_trace_diagram - '3' a été modifié.
2022-10-14 23:32:48|[INFO]|Session : [ui5td4mu3dotoms23fcs2fjrr0]|User id : 1|Name : |Module : [use_object]|Function : [Msg - update]| [OK_112] object_trace - '2' a été modifié.
2022-10-14 23:32:49|[INFO]|Session : [hdfc41i7c308qomh0g9lbe4oi9]|User id : 1|Name : |Module : [use_object]|Function : [Msg - update]| [OK_112] object_trace_diagram - '3' a été modifié.
2022-10-14 23:32:50|[INFO]|Session : [7eokusa6qu1sde496op4mdfskp]|User id : 1|Name : |Module : [use_object]|Function : [Msg - update]| [OK_112] object_trace - '2' a été modifié.
2022-10-14 23:32:50|[INFO]|Session : [mj19l3jdhi8a7d5ordcvsta2ji]|User id : 1|Name : |Module : [use_object]|Function : [Msg - update]| [OK_112] object_trace_diagram - '3' a été modifié.
2022-10-14 23:32:51|[INFO]|Session : [0ta6bdtae2p69crf52f3op78jg]|User id : 1|Name : |Module : [use_object]|Function : [Msg - update]| [OK_112] object_trace - '2' a été modifié.
2022-10-14 23:32:52|[INFO]|Session : [fbvn2m8mrtpu7dd1c34otgkd8o]|User id : 1|Name : |Module : [use_object]|Function : [Msg - update]| [OK_112] object_trace_diagram - '3' a été modifié.
2022-10-14 23:32:52|[INFO]|Session : [p3qgnar1g42e8v3ph0v23j4fqc]|User id : 1|Name : |Module : [use_object]|Function : [Msg - update]| [OK_112] object_trace - '2' a été modifié.
2022-10-14 23:32:52|[INFO]|Session : [tvjaekdd452nj9f58d40gbjaa6]|User id : 1|Name : |Module : [use_object]|Function : [Msg - update]| [OK_112] object_trace_diagram - '3' a été modifié.
2022-10-14 23:32:54|[INFO]|Session : [d5v9dq2q66ap2j2bbm95qet471]|User id : 1|Name : |Module : [use_object]|Function : [Msg - update]| [OK_112] object_trace - '2' a été modifié.
2022-10-14 23:33:40|[INFO]|Session : [2mcg8n1denmk2dg97cg9nf80hf]|User id : 1|Name : |Module : [use_object]|Function : [Msg - update]| [OK_112] object_trace_diagram - '3' a été modifié.
2022-10-14 23:33:40|[INFO]|Session : [qehfcmkqe4gavpasrei7qt60eh]|User id : 1|Name : |Module : [use_object]|Function : [Msg - update]| [OK_112] object_trace - '2' a été modifié.
2022-10-14 23:33:41|[INFO]|Session : [4kar2uoo1vccv37hp41thj6aol]|User id : 1|Name : |Module : [use_object]|Function : [Msg - update]| [OK_112] object_trace_diagram - '3' a été modifié.
2022-10-14 23:33:42|[INFO]|Session : [140jldvr387k351a6gjk4t0h4q]|User id : 1|Name : |Module : [use_object]|Function : [Msg - update]| [OK_112] object_trace - '2' a été modifié.
2022-10-14 23:33:43|[INFO]|Session : [011ng22fhg9k08nv6gn8im9179]|User id : 1|Name : |Module : [use_object]|Function : [Msg - update]| [OK_112] object_trace_diagram - '3' a été modifié.
2022-10-14 23:33:44|[INFO]|Session : [bc20j8tk1v6vc1q5hgs7533rat]|User id : 1|Name : |Module : [use_object]|Function : [Msg - update]| [OK_112] object_trace - '2' a été modifié.
2022-10-14 23:33:46|[INFO]|Session : [k7o74gcou660d8euhgtmmfsp7g]|User id : 1|Name : |Module : [use_object]|Function : [Msg - update]| [OK_112] object_trace_diagram - '3' a été modifié.
2022-10-14 23:33:47|[INFO]|Session : [j41dicti5apbcgbifhnevohais]|User id : 1|Name : |Module : [use_object]|Function : [Msg - update]| [OK_112] object_trace - '2' a été modifié.
2022-10-14 23:34:27|[INFO]|Session : [7rb274bu0c63cf5bo3b7hcngi8]|User id : 1|Name : |Module : [use_object]|Function : [Msg - update]| [OK_112] object_trace - '208' a été modifié.
2022-10-14 23:34:55|[INFO]|Session : [neuf09nsvi1v9u5t6vlb5sl0uj]|User id : 1|Name : |Module : [use_object]|Function : [Msg - update]| [OK_112] object_trace_diagram - '3' a été modifié.
2022-10-14 23:34:56|[INFO]|Session : [5v2i82b00tvf51lr60tq0jvvln]|User id : 1|Name : |Module : [use_object]|Function : [Msg - update]| [OK_112] object_trace - '2' a été modifié.
2022-10-14 23:34:57|[INFO]|Session : [7h6358f3e9db8vkdire66sbfnr]|User id : 1|Name : |Module : [use_object]|Function : [Msg - update]| [OK_112] object_trace_diagram - '3' a été modifié.
2022-10-14 23:34:57|[INFO]|Session : [hpe591tml2ktvq1ivm6r3f9c0t]|User id : 1|Name : |Module : [use_object]|Function : [Msg - update]| [OK_112] object_trace - '2' a été modifié.
2022-10-14 23:34:59|[INFO]|Session : [1dik3ef6k301dou556d5b055lf]|User id : 1|Name : |Module : [use_object]|Function : [Msg - update]| [OK_112] object_trace_diagram - '3' a été modifié.
2022-10-14 23:35:00|[INFO]|Session : [oe55i5p2viinlu8jgpop0vkv9p]|User id : 1|Name : |Module : [use_object]|Function : [Msg - update]| [OK_112] object_trace - '2' a été modifié.
2022-10-14 23:35:01|[INFO]|Session : [bm6plqgqg9n4i57eu5r6hf3trn]|User id : 1|Name : |Module : [use_object]|Function : [Msg - update]| [OK_112] object_trace_diagram - '3' a été modifié.
2022-10-14 23:35:02|[INFO]|Session : [apq3kq1ts7eiruu08vu4qr9098]|User id : 1|Name : |Module : [use_object]|Function : [Msg - update]| [OK_112] object_trace - '2' a été modifié.
2022-10-14 23:35:03|[INFO]|Session : [b5nrhisbcacf1d34k4u6p28hvl]|User id : 1|Name : |Module : [use_object]|Function : [Msg - update]| [OK_112] object_trace_diagram - '3' a été modifié.
2022-10-14 23:35:04|[INFO]|Session : [l1tggd5cpfvl2k0ao4p72bl9a9]|User id : 1|Name : |Module : [use_object]|Function : [Msg - update]| [OK_112] object_trace - '2' a été modifié.
2022-10-14 23:35:06|[INFO]|Session : [ofc4ki3um7etnk2f2nk824o7um]|User id : 1|Name : |Module : [use_object]|Function : [Msg - update]| [OK_112] object_trace_diagram - '3' a été modifié.
2022-10-14 23:35:07|[INFO]|Session : [stb0471jnifo9s40hdp6vu7ndb]|User id : 1|Name : |Module : [use_object]|Function : [Msg - update]| [OK_112] object_trace - '2' a été modifié.
2022-10-14 23:35:08|[INFO]|Session : [4us7a6f4j9rk19hlijtvqtup24]|User id : 1|Name : |Module : [use_object]|Function : [Msg - update]| [OK_112] object_trace_diagram - '3' a été modifié.
2022-10-14 23:35:08|[INFO]|Session : [gdje2q07hdbnltm0ndao4au6pn]|User id : 1|Name : |Module : [use_object]|Function : [Msg - update]| [OK_112] object_trace - '2' a été modifié.
2022-10-14 23:35:10|[INFO]|Session : [kld5vh63mgsjeii94mab2v4m76]|User id : 1|Name : |Module : [use_object]|Function : [Msg - update]| [OK_112] object_trace_diagram - '3' a été modifié.
2022-10-14 23:35:10|[INFO]|Session : [0m5bkm63sqqgp2oalajatkkkbn]|User id : 1|Name : |Module : [use_object]|Function : [Msg - update]| [OK_112] object_trace - '2' a été modifié.
2022-10-14 23:35:11|[INFO]|Session : [fca8kt2b1holu0vr92g2gaoo42]|User id : 1|Name : |Module : [use_object]|Function : [Msg - update]| [OK_112] object_trace_diagram - '3' a été modifié.
2022-10-14 23:35:11|[INFO]|Session : [lduopp15a9b3cqkj80lh1u0cjl]|User id : 1|Name : |Module : [use_object]|Function : [Msg - update]| [OK_112] object_trace - '2' a été modifié.
2022-10-14 23:35:12|[INFO]|Session : [jomfetu3qecb33ru2lff6mklc1]|User id : 1|Name : |Module : [use_object]|Function : [Msg - update]| [OK_112] object_trace_diagram - '3' a été modifié.
2022-10-14 23:35:12|[INFO]|Session : [3e43qv9au5djkba7ejva7cpja0]|User id : 1|Name : |Module : [use_object]|Function : [Msg - update]| [OK_112] object_trace - '2' a été modifié.
2022-10-14 23:35:13|[INFO]|Session : [c6cn7gam34hm0bkuecgai01c5l]|User id : 1|Name : |Module : [use_object]|Function : [Msg - update]| [OK_112] object_trace_diagram - '3' a été modifié.
2022-10-14 23:35:14|[INFO]|Session : [2pkunee3r5ikrh9mp85vnjert4]|User id : 1|Name : |Module : [use_object]|Function : [Msg - update]| [OK_112] object_trace - '2' a été modifié.
2022-10-14 23:35:14|[INFO]|Session : [ed7smu07mh5nnkl7qc6cvtlh0u]|User id : 1|Name : |Module : [use_object]|Function : [Msg - update]| [OK_112] object_trace_diagram - '3' a été modifié.
2022-10-14 23:35:15|[INFO]|Session : [m7q52vg4q3vr3l2ldohbkt2df0]|User id : 1|Name : |Module : [use_object]|Function : [Msg - update]| [OK_112] object_trace - '2' a été modifié.
2022-10-14 23:35:16|[INFO]|Session : [bce379oli79ccdg2bhtrp9uil7]|User id : 1|Name : |Module : [use_object]|Function : [Msg - update]| [OK_112] object_trace_diagram - '3' a été modifié.
2022-10-14 23:35:16|[INFO]|Session : [b9i72ea6oukq7j83iopob9oih8]|User id : 1|Name : |Module : [use_object]|Function : [Msg - update]| [OK_112] object_trace - '2' a été modifié.
2022-10-14 23:35:17|[INFO]|Session : [mbi3db9mve2upof7blcrm6gsnk]|User id : 1|Name : |Module : [use_object]|Function : [Msg - update]| [OK_112] object_trace_diagram - '3' a été modifié.
2022-10-14 23:35:17|[INFO]|Session : [0e5q8nfqh5l38mkcfvm9p0a1f5]|User id : 1|Name : |Module : [use_object]|Function : [Msg - update]| [OK_112] object_trace - '2' a été modifié.
2022-10-14 23:35:18|[INFO]|Session : [5s2rqkfqu78pkcbc0odbrt6g22]|User id : 1|Name : |Module : [use_object]|Function : [Msg - update]| [OK_112] object_trace_diagram - '3' a été modifié.
2022-10-14 23:35:18|[INFO]|Session : [t257vbo0b2f4g35jcsgttsfesq]|User id : 1|Name : |Module : [use_object]|Function : [Msg - update]| [OK_112] object_trace - '2' a été modifié.
2022-10-14 23:35:19|[INFO]|Session : [h9l3c85cn057ib9foppn2vlnpk]|User id : 1|Name : |Module : [use_object]|Function : [Msg - update]| [OK_112] object_trace_diagram - '3' a été modifié.
2022-10-14 23:35:21|[INFO]|Session : [27aoiej8oklvjvj61k85g61vm0]|User id : 1|Name : |Module : [use_object]|Function : [Msg - update]| [OK_112] object_trace - '2' a été modifié.
2022-10-14 23:35:22|[INFO]|Session : [pcsopv4r18956rhqib2dcc1lu8]|User id : 1|Name : |Module : [use_object]|Function : [Msg - update]| [OK_112] object_trace_diagram - '3' a été modifié.
2022-10-14 23:35:22|[INFO]|Session : [7m3vvn55pc2beg8i13fjnmn8od]|User id : 1|Name : |Module : [use_object]|Function : [Msg - update]| [OK_112] object_trace - '2' a été modifié.
2022-10-14 23:35:24|[INFO]|Session : [fuvq30in1802ii5lv1km89ql54]|User id : 1|Name : |Module : [use_object]|Function : [Msg - update]| [OK_112] object_trace_diagram - '3' a été modifié.
2022-10-14 23:35:24|[INFO]|Session : [08va089okgd4kdo80mn4g7tpp3]|User id : 1|Name : |Module : [use_object]|Function : [Msg - update]| [OK_112] object_trace - '2' a été modifié.
2022-10-14 23:35:26|[INFO]|Session : [budrek6uft8utora5oml54r7m5]|User id : 1|Name : |Module : [use_object]|Function : [Msg - update]| [OK_112] object_trace_diagram - '3' a été modifié.
2022-10-14 23:35:26|[INFO]|Session : [1nr9ckm6rqpo6tdakm5tglho27]|User id : 1|Name : |Module : [use_object]|Function : [Msg - update]| [OK_112] object_trace - '2' a été modifié.
2022-10-14 23:35:27|[INFO]|Session : [md3bb9sjfa6bnc9jcn0r4tnbiu]|User id : 1|Name : |Module : [use_object]|Function : [Msg - update]| [OK_112] object_trace_diagram - '3' a été modifié.
2022-10-14 23:35:27|[INFO]|Session : [807sbiuj5kkvdjl0clkrojr9dv]|User id : 1|Name : |Module : [use_object]|Function : [Msg - update]| [OK_112] object_trace - '2' a été modifié.
2022-10-14 23:35:28|[INFO]|Session : [e4s8trtvnmvvja5ouuevg29pf9]|User id : 1|Name : |Module : [use_object]|Function : [Msg - update]| [OK_112] object_trace_diagram - '3' a été modifié.
2022-10-14 23:35:29|[INFO]|Session : [s7a4lpj4mvgdmir0vnvt35r0hv]|User id : 1|Name : |Module : [use_object]|Function : [Msg - update]| [OK_112] object_trace - '2' a été modifié.
2022-10-14 23:35:29|[INFO]|Session : [v8u8ln5na4hb8a5vbo7hr1el3c]|User id : 1|Name : |Module : [use_object]|Function : [Msg - update]| [OK_112] object_trace_diagram - '3' a été modifié.
2022-10-14 23:35:29|[INFO]|Session : [jrkgp3ns3qse9p4pibd0vb47bb]|User id : 1|Name : |Module : [use_object]|Function : [Msg - update]| [OK_112] object_trace - '2' a été modifié.
2022-10-14 23:35:30|[INFO]|Session : [heeldvs3klb086m3nr2nav74vo]|User id : 1|Name : |Module : [use_object]|Function : [Msg - update]| [OK_112] object_trace_diagram - '3' a été modifié.
2022-10-14 23:35:30|[INFO]|Session : [77h61hsmu6j6sremsi8r77en6v]|User id : 1|Name : |Module : [use_object]|Function : [Msg - update]| [OK_112] object_trace - '2' a été modifié.
2022-10-14 23:35:31|[INFO]|Session : [8p8b5d0ifs67bdk9amfupjk5ds]|User id : 1|Name : |Module : [use_object]|Function : [Msg - update]| [OK_112] object_trace_diagram - '3' a été modifié.
2022-10-14 23:35:31|[INFO]|Session : [hfm31a830tjhakf7epf6n3ku5b]|User id : 1|Name : |Module : [use_object]|Function : [Msg - update]| [OK_112] object_trace - '2' a été modifié.
2022-10-14 23:35:39|[INFO]|Session : [nc902mnu5iudo2ku3921ijkrql]|User id : 1|Name : |Module : [use_object]|Function : [Msg - update]| [OK_112] object_trace_diagram - '3' a été modifié.
2022-10-14 23:35:40|[INFO]|Session : [mfbjgo8vdkulnel5buao3j5sma]|User id : 1|Name : |Module : [use_object]|Function : [Msg - update]| [OK_112] object_trace - '2' a été modifié.
2022-10-14 23:35:41|[INFO]|Session : [rg2c2k9a5nnn99lf087vlt569r]|User id : 1|Name : |Module : [use_object]|Function : [Msg - update]| [OK_112] object_trace_diagram - '3' a été modifié.
2022-10-14 23:35:42|[INFO]|Session : [ahgoof8ki1e5vbbncibkaievou]|User id : 1|Name : |Module : [use_object]|Function : [Msg - update]| [OK_112] object_trace - '2' a été modifié.
2022-10-14 23:54:36|[INFO]|Session : [ra94ab32domm25gfim4gkb7v29]|User id : 1|Name : |Module : [use_object]|Function : [Msg - update]| [OK_112] object_trace - '209' a été modifié.
2022-10-14 23:55:03|[INFO]|Session : [nb4pm9cimdug5bn98vdaeens4k]|User id : 1|Name : |Module : [use_object]|Function : [Msg - update]| [OK_112] object_trace_diagram - '3' a été modifié.
2022-10-14 23:55:04|[INFO]|Session : [atu4qm80kvg1dtkl72vnnrjcv5]|User id : 1|Name : |Module : [use_object]|Function : [Msg - update]| [OK_112] object_trace - '2' a été modifié.
2022-10-14 23:55:06|[INFO]|Session : [p4cdkvo916m2rubeer8uks0qaf]|User id : 1|Name : |Module : [use_object]|Function : [Msg - update]| [OK_112] object_trace_diagram - '3' a été modifié.
2022-10-14 23:55:08|[INFO]|Session : [5psr729nnf22rk7jnjt9o3n1ni]|User id : 1|Name : |Module : [use_object]|Function : [Msg - update]| [OK_112] object_trace - '2' a été modifié.
2022-10-14 23:55:09|[INFO]|Session : [6glg23efnb16ckl7smuv9auvdv]|User id : 1|Name : |Module : [use_object]|Function : [Msg - update]| [OK_112] object_trace_diagram - '3' a été modifié.
2022-10-14 23:55:10|[INFO]|Session : [1gcbhdvme8a44l8do7fjisq28e]|User id : 1|Name : |Module : [use_object]|Function : [Msg - update]| [OK_112] object_trace - '2' a été modifié.
2022-10-14 23:55:13|[INFO]|Session : [2poopk9j90hlsob6sod6gkg5sb]|User id : 1|Name : |Module : [use_object]|Function : [Msg - update]| [OK_112] object_trace_diagram - '3' a été modifié.
2022-10-14 23:55:13|[INFO]|Session : [9ugnoofea4req5anrp8oog62kd]|User id : 1|Name : |Module : [use_object]|Function : [Msg - update]| [OK_112] object_trace - '2' a été modifié.
2022-10-14 23:55:15|[INFO]|Session : [rr5h30vgtvso8nvkdgdj0ii35c]|User id : 1|Name : |Module : [use_object]|Function : [Msg - update]| [OK_112] object_trace_diagram - '3' a été modifié.
2022-10-14 23:55:16|[INFO]|Session : [n0ngtkklake0m7rf7pqjc6locl]|User id : 1|Name : |Module : [use_object]|Function : [Msg - update]| [OK_112] object_trace - '2' a été modifié.
2022-10-14 23:55:17|[INFO]|Session : [outbo464gqsugvtol6aramjjk8]|User id : 1|Name : |Module : [use_object]|Function : [Msg - update]| [OK_112] object_trace_diagram - '3' a été modifié.
2022-10-14 23:55:18|[INFO]|Session : [b0urvcaqmg6qu4criu5qo3pdq1]|User id : 1|Name : |Module : [use_object]|Function : [Msg - update]| [OK_112] object_trace - '2' a été modifié.
2022-10-14 23:55:52|[INFO]|Session : [m1ehptc273p84e9259u3mkcch7]|User id : 1|Name : |Module : [use_object]|Function : [Msg - update]| [OK_112] object_trace - '210' a été modifié.
2022-10-14 23:56:18|[INFO]|Session : [bgv5q11ngdlp9bvhk2vqf9kde4]|User id : 1|Name : |Module : [use_object]|Function : [Msg - update]| [OK_112] object_trace_diagram - '3' a été modifié.
2022-10-14 23:56:19|[INFO]|Session : [n08ur94ht9fvpq83v948ov8o3o]|User id : 1|Name : |Module : [use_object]|Function : [Msg - update]| [OK_112] object_trace - '2' a été modifié.
2022-10-14 23:56:24|[INFO]|Session : [ggbcq18qpt7iki4hgdf79ov4bi]|User id : 1|Name : |Module : [use_object]|Function : [Msg - update]| [OK_112] object_trace_diagram - '3' a été modifié.
2022-10-14 23:56:24|[INFO]|Session : [3c7o29ds2e2fqtavfff4gj20bt]|User id : 1|Name : |Module : [use_object]|Function : [Msg - update]| [OK_112] object_trace - '2' a été modifié.
2022-10-14 23:56:25|[INFO]|Session : [cr09s5cpee8liubtqsuse3389s]|User id : 1|Name : |Module : [use_object]|Function : [Msg - update]| [OK_112] object_trace_diagram - '3' a été modifié.
2022-10-14 23:56:26|[INFO]|Session : [eg6obicir6l725h13t6q2eqt6d]|User id : 1|Name : |Module : [use_object]|Function : [Msg - update]| [OK_112] object_trace - '2' a été modifié.
2022-10-14 23:56:27|[INFO]|Session : [5a7h0e9fcj9fnrqt9lhli4sv58]|User id : 1|Name : |Module : [use_object]|Function : [Msg - update]| [OK_112] object_trace_diagram - '3' a été modifié.
2022-10-14 23:56:28|[INFO]|Session : [pki45b5br4scmb70s1dv39bofn]|User id : 1|Name : |Module : [use_object]|Function : [Msg - update]| [OK_112] object_trace - '2' a été modifié.
2022-10-14 23:58:55|[INFO]|Session : [t4hp621m5scf82ft83or4qiakh]|User id : 1|Name : |Module : [use_object]|Function : [Msg - update]| [OK_112] object_trace - '211' a été modifié.
2022-10-14 23:59:27|[INFO]|Session : [jjkre74mka5e1chtr3adi0456t]|User id : 1|Name : |Module : [use_object]|Function : [Msg - update]| [OK_112] object_trace_diagram - '3' a été modifié.
2022-10-14 23:59:27|[INFO]|Session : [ajruth56aobfjceikb8p8sohul]|User id : 1|Name : |Module : [use_object]|Function : [Msg - update]| [OK_112] object_trace - '2' a été modifié.
2022-10-14 23:59:30|[INFO]|Session : [topuf4mliuig63f8lusdq4l3kc]|User id : 1|Name : |Module : [use_object]|Function : [Msg - update]| [OK_112] object_trace_diagram - '3' a été modifié.
2022-10-14 23:59:30|[INFO]|Session : [8caf0erfgm2pp1nnpgtcp6l63f]|User id : 1|Name : |Module : [use_object]|Function : [Msg - update]| [OK_112] object_trace - '2' a été modifié.
2022-10-14 23:59:31|[INFO]|Session : [297tnrmal8l7b63r6j28nirl07]|User id : 1|Name : |Module : [use_object]|Function : [Msg - update]| [OK_112] object_trace_diagram - '3' a été modifié.
2022-10-14 23:59:32|[INFO]|Session : [07qju2ic87ng2ouptf511rop8n]|User id : 1|Name : |Module : [use_object]|Function : [Msg - update]| [OK_112] object_trace - '2' a été modifié.
2022-10-14 23:59:33|[INFO]|Session : [v140msgfskbdsr13e6aent5jl6]|User id : 1|Name : |Module : [use_object]|Function : [Msg - update]| [OK_112] object_trace_diagram - '3' a été modifié.
2022-10-14 23:59:34|[INFO]|Session : [222stbaap65d95ve7rlc454hvl]|User id : 1|Name : |Module : [use_object]|Function : [Msg - update]| [OK_112] object_trace - '2' a été modifié.
2022-10-14 23:59:36|[INFO]|Session : [eaot3d94mjqj7cb6sabkapd732]|User id : 1|Name : |Module : [use_object]|Function : [Msg - update]| [OK_112] object_trace_diagram - '3' a été modifié.
2022-10-14 23:59:36|[INFO]|Session : [if1fhrgrn20vkdsjnrr6koevt9]|User id : 1|Name : |Module : [use_object]|Function : [Msg - update]| [OK_112] object_trace - '2' a été modifié.
2022-10-14 23:59:37|[INFO]|Session : [7j7hmasof2h9fllfrba7moi8eh]|User id : 1|Name : |Module : [use_object]|Function : [Msg - update]| [OK_112] object_trace_diagram - '3' a été modifié.
2022-10-14 23:59:38|[INFO]|Session : [j4crc71bapljsqh0v3c9nnq1sb]|User id : 1|Name : |Module : [use_object]|Function : [Msg - update]| [OK_112] object_trace - '2' a été modifié.
2022-10-14 23:59:40|[INFO]|Session : [2m47n6lsttd5e3e9m038psl73i]|User id : 1|Name : |Module : [use_object]|Function : [Msg - update]| [OK_112] object_trace_diagram - '3' a été modifié.
2022-10-14 23:59:41|[INFO]|Session : [97iie65ljtoo4rqt69407b10ri]|User id : 1|Name : |Module : [use_object]|Function : [Msg - update]| [OK_112] object_trace - '2' a été modifié.
2022-10-14 23:59:42|[INFO]|Session : [dv45jrfsqsg8ililnai92m46sf]|User id : 1|Name : |Module : [use_object]|Function : [Msg - update]| [OK_112] object_trace_diagram - '3' a été modifié.
2022-10-14 23:59:42|[INFO]|Session : [crmlddtqs7ul7s3hjuj4pnc996]|User id : 1|Name : |Module : [use_object]|Function : [Msg - update]| [OK_112] object_trace - '2' a été modifié.
2022-10-14 23:59:43|[INFO]|Session : [t111uqs5fe9e2d78q6t5nl6q9c]|User id : 1|Name : |Module : [use_object]|Function : [Msg - update]| [OK_112] object_trace_diagram - '3' a été modifié.
2022-10-14 23:59:44|[INFO]|Session : [9k8t9i1bd6e8pva4a7lo5uvlte]|User id : 1|Name : |Module : [use_object]|Function : [Msg - update]| [OK_112] object_trace - '2' a été modifié.
2022-10-14 23:59:49|[INFO]|Session : [arj4ba29q4ruaik19sg61svabp]|User id : 1|Name : |Module : [use_object]|Function : [Msg - update]| [OK_112] object_trace_diagram - '3' a été modifié.
2022-10-14 23:59:50|[INFO]|Session : [ei122r5ocmvgl49srrm6tkjsqe]|User id : 1|Name : |Module : [use_object]|Function : [Msg - update]| [OK_112] object_trace - '2' a été modifié.
2022-10-14 23:59:50|[INFO]|Session : [3icicli75rj4gjb5jd3nl1vf1h]|User id : 1|Name : |Module : [use_object]|Function : [Msg - update]| [OK_112] object_trace_diagram - '3' a été modifié.
2022-10-14 23:59:51|[INFO]|Session : [ifdedko21uhdrmgos8vt5j0j9o]|User id : 1|Name : |Module : [use_object]|Function : [Msg - update]| [OK_112] object_trace - '2' a été modifié.
2022-10-14 23:59:52|[INFO]|Session : [q9ghnbqju310ealukri7md37fb]|User id : 1|Name : |Module : [use_object]|Function : [Msg - update]| [OK_112] object_trace_diagram - '3' a été modifié.
2022-10-14 23:59:53|[INFO]|Session : [0sj9kk8tkogp4hj2spfkjkl1ls]|User id : 1|Name : |Module : [use_object]|Function : [Msg - update]| [OK_112] object_trace - '2' a été modifié.
2022-10-14 23:59:54|[INFO]|Session : [6ntifgluf5ofm1h1cvo2p716qn]|User id : 1|Name : |Module : [use_object]|Function : [Msg - update]| [OK_112] object_trace_diagram - '3' a été modifié.
2022-10-14 23:59:54|[INFO]|Session : [n4o1i1oenv2hr0jcd8agsjj20n]|User id : 1|Name : |Module : [use_object]|Function : [Msg - update]| [OK_112] object_trace - '2' a été modifié.
2022-10-14 23:59:55|[INFO]|Session : [a59pj1gho76mbin4rdr9lqjfni]|User id : 1|Name : |Module : [use_object]|Function : [Msg - update]| [OK_112] object_trace_diagram - '3' a été modifié.
2022-10-14 23:59:56|[INFO]|Session : [kl5ej700pp337ajm15t96d8ip2]|User id : 1|Name : |Module : [use_object]|Function : [Msg - update]| [OK_112] object_trace - '2' a été modifié.
2022-10-14 23:59:57|[INFO]|Session : [2vdtpcdr3o5u6vnmme3plnq649]|User id : 1|Name : |Module : [use_object]|Function : [Msg - update]| [OK_112] object_trace_diagram - '3' a été modifié.
2022-10-14 23:59:57|[INFO]|Session : [aqeqbnrk3fs3seln7eak28mnnn]|User id : 1|Name : |Module : [use_object]|Function : [Msg - update]| [OK_112] object_trace - '2' a été modifié.
2022-10-14 23:59:58|[INFO]|Session : [s8q23cse5mmgihsqsl1h60o2ir]|User id : 1|Name : |Module : [use_object]|Function : [Msg - update]| [OK_112] object_trace_diagram - '3' a été modifié.
2022-10-14 23:59:58|[INFO]|Session : [1rpql0ksdrah978tifo2mp3nn4]|User id : 1|Name : |Module : [use_object]|Function : [Msg - update]| [OK_112] object_trace - '2' a été modifié.
2022-10-14 23:59:59|[INFO]|Session : [au8lobtkn817vfh3gj8u316rjv]|User id : 1|Name : |Module : [use_object]|Function : [Msg - update]| [OK_112] object_trace_diagram - '3' a été modifié.
