2022-10-11 09:38:28|[INFO]|Session : [0nm7pq1blo7ftsp8kob9547k2i]|User id : 2|Name : SUPER  ADMINISTRATEUR |Module : [use_object]|Function : [Msg - update]| [OK_112] object_application - 'SEP_V0' a été modifié.
2022-10-11 09:42:29|[INFO]|Session : [0nm7pq1blo7ftsp8kob9547k2i]|User id : 2|Name : SUPER  ADMINISTRATEUR |Module : [use_object]|Function : [Msg - insert]| [OK_111] object_application_ref - '' a été créé.
2022-10-11 09:42:39|[INFO]|Session : [0nm7pq1blo7ftsp8kob9547k2i]|User id : 2|Name : SUPER  ADMINISTRATEUR |Module : [use_object]|Function : [Msg - insert]| [OK_111] object_application_ref - '' a été créé.
2022-10-11 09:42:49|[INFO]|Session : [0nm7pq1blo7ftsp8kob9547k2i]|User id : 2|Name : SUPER  ADMINISTRATEUR |Module : [use_object]|Function : [Msg - insert]| [OK_111] object_application_ref - '' a été créé.
2022-10-11 09:43:00|[INFO]|Session : [0nm7pq1blo7ftsp8kob9547k2i]|User id : 2|Name : SUPER  ADMINISTRATEUR |Module : [use_object]|Function : [Msg - insert]| [OK_111] object_application_ref - '' a été créé.
2022-10-11 09:43:12|[INFO]|Session : [0nm7pq1blo7ftsp8kob9547k2i]|User id : 2|Name : SUPER  ADMINISTRATEUR |Module : [use_object]|Function : [Msg - insert]| [OK_111] object_application_ref - '' a été créé.
2022-10-11 09:45:17|[INFO]|Session : [0nm7pq1blo7ftsp8kob9547k2i]|User id : 2|Name : SUPER  ADMINISTRATEUR |Module : [use_object]|Function : [Msg - insert]| [OK_111] object_feature - 'ADMIN' a été créé.
2022-10-11 09:45:53|[INFO]|Session : [0nm7pq1blo7ftsp8kob9547k2i]|User id : 2|Name : SUPER  ADMINISTRATEUR |Module : [use_object]|Function : [Msg - insert]| [OK_111] object_application_ref - '' a été créé.
2022-10-11 09:46:03|[INFO]|Session : [0nm7pq1blo7ftsp8kob9547k2i]|User id : 2|Name : SUPER  ADMINISTRATEUR |Module : [use_object]|Function : [Msg - insert]| [OK_111] object_application_ref - '' a été créé.
2022-10-11 09:46:14|[INFO]|Session : [0nm7pq1blo7ftsp8kob9547k2i]|User id : 2|Name : SUPER  ADMINISTRATEUR |Module : [use_object]|Function : [Msg - insert]| [OK_111] object_application_ref - '' a été créé.
2022-10-11 09:46:25|[INFO]|Session : [0nm7pq1blo7ftsp8kob9547k2i]|User id : 2|Name : SUPER  ADMINISTRATEUR |Module : [use_object]|Function : [Msg - insert]| [OK_111] object_application_ref - '' a été créé.
2022-10-11 09:46:37|[INFO]|Session : [0nm7pq1blo7ftsp8kob9547k2i]|User id : 2|Name : SUPER  ADMINISTRATEUR |Module : [use_object]|Function : [Msg - insert]| [OK_111] object_application_ref - '' a été créé.
2022-10-11 09:46:49|[INFO]|Session : [0nm7pq1blo7ftsp8kob9547k2i]|User id : 2|Name : SUPER  ADMINISTRATEUR |Module : [use_object]|Function : [Msg - insert]| [OK_111] object_application_ref - '' a été créé.
2022-10-11 09:46:58|[INFO]|Session : [0nm7pq1blo7ftsp8kob9547k2i]|User id : 2|Name : SUPER  ADMINISTRATEUR |Module : [use_object]|Function : [Msg - insert]| [OK_111] object_application_ref - '' a été créé.
2022-10-11 09:47:07|[INFO]|Session : [0nm7pq1blo7ftsp8kob9547k2i]|User id : 2|Name : SUPER  ADMINISTRATEUR |Module : [use_object]|Function : [Msg - insert]| [OK_111] object_application_ref - '' a été créé.
2022-10-11 09:48:25|[INFO]|Session : [0nm7pq1blo7ftsp8kob9547k2i]|User id : 2|Name : SUPER  ADMINISTRATEUR |Module : [use_object]|Function : [Msg - insert]| [OK_111] Menu - 'SEP_MAIN' a été créé.
2022-10-11 09:49:16|[INFO]|Session : [0nm7pq1blo7ftsp8kob9547k2i]|User id : 2|Name : SUPER  ADMINISTRATEUR |Module : [use_object]|Function : [Msg - insert]| [OK_111] object_menu_feature - '' a été créé.
2022-10-11 09:49:37|[INFO]|Session : [0nm7pq1blo7ftsp8kob9547k2i]|User id : 2|Name : SUPER  ADMINISTRATEUR |Module : [use_object]|Function : [Msg - insert]| [OK_111] object_menu_feature - '' a été créé.
2022-10-11 09:49:54|[INFO]|Session : [0nm7pq1blo7ftsp8kob9547k2i]|User id : 2|Name : SUPER  ADMINISTRATEUR |Module : [use_object]|Function : [Msg - insert]| [OK_111] object_menu_feature - '' a été créé.
2022-10-11 09:50:11|[INFO]|Session : [0nm7pq1blo7ftsp8kob9547k2i]|User id : 2|Name : SUPER  ADMINISTRATEUR |Module : [use_object]|Function : [Msg - insert]| [OK_111] object_menu_feature - '' a été créé.
2022-10-11 09:50:24|[INFO]|Session : [0nm7pq1blo7ftsp8kob9547k2i]|User id : 2|Name : SUPER  ADMINISTRATEUR |Module : [use_object]|Function : [Msg - insert]| [OK_111] object_menu_feature - '' a été créé.
2022-10-11 09:50:37|[INFO]|Session : [0nm7pq1blo7ftsp8kob9547k2i]|User id : 2|Name : SUPER  ADMINISTRATEUR |Module : [use_object]|Function : [Msg - insert]| [OK_111] object_menu_feature - '' a été créé.
2022-10-11 09:50:55|[INFO]|Session : [0nm7pq1blo7ftsp8kob9547k2i]|User id : 2|Name : SUPER  ADMINISTRATEUR |Module : [use_object]|Function : [Msg - insert]| [OK_111] object_menu_feature - '' a été créé.
2022-10-11 09:51:08|[INFO]|Session : [0nm7pq1blo7ftsp8kob9547k2i]|User id : 2|Name : SUPER  ADMINISTRATEUR |Module : [use_object]|Function : [Msg - insert]| [OK_111] object_menu_feature - '' a été créé.
2022-10-11 09:51:23|[INFO]|Session : [0nm7pq1blo7ftsp8kob9547k2i]|User id : 2|Name : SUPER  ADMINISTRATEUR |Module : [use_object]|Function : [Msg - insert]| [OK_111] object_menu_feature - '' a été créé.
2022-10-11 09:51:42|[INFO]|Session : [0nm7pq1blo7ftsp8kob9547k2i]|User id : 2|Name : SUPER  ADMINISTRATEUR |Module : [use_object]|Function : [Msg - insert]| [OK_111] object_menu_feature - '' a été créé.
2022-10-11 09:52:05|[INFO]|Session : [0nm7pq1blo7ftsp8kob9547k2i]|User id : 2|Name : SUPER  ADMINISTRATEUR |Module : [use_object]|Function : [Msg - insert]| [OK_111] object_menu_feature - '' a été créé.
2022-10-11 09:52:20|[INFO]|Session : [0nm7pq1blo7ftsp8kob9547k2i]|User id : 2|Name : SUPER  ADMINISTRATEUR |Module : [use_object]|Function : [Msg - insert]| [OK_111] object_menu_feature - '' a été créé.
2022-10-11 09:52:32|[INFO]|Session : [0nm7pq1blo7ftsp8kob9547k2i]|User id : 2|Name : SUPER  ADMINISTRATEUR |Module : [use_object]|Function : [Msg - insert]| [OK_111] object_menu_feature - '' a été créé.
2022-10-11 09:52:45|[INFO]|Session : [0nm7pq1blo7ftsp8kob9547k2i]|User id : 2|Name : SUPER  ADMINISTRATEUR |Module : [use_object]|Function : [Msg - insert]| [OK_111] object_menu_feature - '' a été créé.
2022-10-11 09:55:08|[INFO]|Session : [0nm7pq1blo7ftsp8kob9547k2i]|User id : 2|Name : SUPER  ADMINISTRATEUR |Module : [use_object]|Function : [Msg - insert]| [OK_111] object_application - 'SEP_V1' a été créé.
2022-10-11 09:57:30|[INFO]|Session : [0nm7pq1blo7ftsp8kob9547k2i]|User id : 2|Name : SUPER  ADMINISTRATEUR |Module : [use_object]|Function : [Msg - insert]| [OK_111] object_feature - 'ADMIN' a été créé.
2022-10-11 09:57:39|[INFO]|Session : [0nm7pq1blo7ftsp8kob9547k2i]|User id : 2|Name : SUPER  ADMINISTRATEUR |Module : [use_object]|Function : [Msg - update]| [OK_112] object_feature - 'ADMIN' a été modifié.
2022-10-11 09:59:55|[INFO]|Session : [0nm7pq1blo7ftsp8kob9547k2i]|User id : 2|Name : SUPER  ADMINISTRATEUR |Module : [use_object]|Function : [Msg - insert]| [OK_111] object_application_ref - '' a été créé.
2022-10-11 10:00:05|[INFO]|Session : [0nm7pq1blo7ftsp8kob9547k2i]|User id : 2|Name : SUPER  ADMINISTRATEUR |Module : [use_object]|Function : [Msg - insert]| [OK_111] object_application_ref - '' a été créé.
2022-10-11 10:00:13|[INFO]|Session : [0nm7pq1blo7ftsp8kob9547k2i]|User id : 2|Name : SUPER  ADMINISTRATEUR |Module : [use_object]|Function : [Msg - insert]| [OK_111] object_application_ref - '' a été créé.
2022-10-11 10:00:22|[INFO]|Session : [0nm7pq1blo7ftsp8kob9547k2i]|User id : 2|Name : SUPER  ADMINISTRATEUR |Module : [use_object]|Function : [Msg - insert]| [OK_111] object_application_ref - '' a été créé.
2022-10-11 10:00:32|[INFO]|Session : [0nm7pq1blo7ftsp8kob9547k2i]|User id : 2|Name : SUPER  ADMINISTRATEUR |Module : [use_object]|Function : [Msg - insert]| [OK_111] object_application_ref - '' a été créé.
2022-10-11 10:00:42|[INFO]|Session : [0nm7pq1blo7ftsp8kob9547k2i]|User id : 2|Name : SUPER  ADMINISTRATEUR |Module : [use_object]|Function : [Msg - insert]| [OK_111] object_application_ref - '' a été créé.
2022-10-11 10:00:52|[INFO]|Session : [0nm7pq1blo7ftsp8kob9547k2i]|User id : 2|Name : SUPER  ADMINISTRATEUR |Module : [use_object]|Function : [Msg - insert]| [OK_111] object_application_ref - '' a été créé.
2022-10-11 10:01:02|[INFO]|Session : [0nm7pq1blo7ftsp8kob9547k2i]|User id : 2|Name : SUPER  ADMINISTRATEUR |Module : [use_object]|Function : [Msg - insert]| [OK_111] object_application_ref - '' a été créé.
2022-10-11 10:03:54|[INFO]|Session : [0nm7pq1blo7ftsp8kob9547k2i]|User id : 2|Name : SUPER  ADMINISTRATEUR |Module : [use_object]|Function : [Msg - insert]| [OK_111] Menu - 'SEP_MAIN' a été créé.
2022-10-11 10:04:06|[INFO]|Session : [0nm7pq1blo7ftsp8kob9547k2i]|User id : 2|Name : SUPER  ADMINISTRATEUR |Module : [use_object]|Function : [Msg - update]| [OK_112] Menu - 'SEP_MAIN' a été modifié.
2022-10-11 10:04:45|[INFO]|Session : [0nm7pq1blo7ftsp8kob9547k2i]|User id : 2|Name : SUPER  ADMINISTRATEUR |Module : [use_object]|Function : [Msg - insert]| [OK_111] object_menu_feature - '' a été créé.
2022-10-11 10:05:05|[INFO]|Session : [0nm7pq1blo7ftsp8kob9547k2i]|User id : 2|Name : SUPER  ADMINISTRATEUR |Module : [use_object]|Function : [Msg - insert]| [OK_111] object_menu_feature - '' a été créé.
2022-10-11 10:05:18|[INFO]|Session : [0nm7pq1blo7ftsp8kob9547k2i]|User id : 2|Name : SUPER  ADMINISTRATEUR |Module : [use_object]|Function : [Msg - insert]| [OK_111] object_menu_feature - '' a été créé.
2022-10-11 10:05:31|[INFO]|Session : [0nm7pq1blo7ftsp8kob9547k2i]|User id : 2|Name : SUPER  ADMINISTRATEUR |Module : [use_object]|Function : [Msg - insert]| [OK_111] object_menu_feature - '' a été créé.
2022-10-11 10:05:44|[INFO]|Session : [0nm7pq1blo7ftsp8kob9547k2i]|User id : 2|Name : SUPER  ADMINISTRATEUR |Module : [use_object]|Function : [Msg - insert]| [OK_111] object_menu_feature - '' a été créé.
2022-10-11 10:05:57|[INFO]|Session : [0nm7pq1blo7ftsp8kob9547k2i]|User id : 2|Name : SUPER  ADMINISTRATEUR |Module : [use_object]|Function : [Msg - insert]| [OK_111] object_menu_feature - '' a été créé.
2022-10-11 10:06:10|[INFO]|Session : [0nm7pq1blo7ftsp8kob9547k2i]|User id : 2|Name : SUPER  ADMINISTRATEUR |Module : [use_object]|Function : [Msg - insert]| [OK_111] object_menu_feature - '' a été créé.
2022-10-11 10:06:22|[INFO]|Session : [0nm7pq1blo7ftsp8kob9547k2i]|User id : 2|Name : SUPER  ADMINISTRATEUR |Module : [use_object]|Function : [Msg - insert]| [OK_111] object_menu_feature - '' a été créé.
2022-10-11 10:06:35|[INFO]|Session : [0nm7pq1blo7ftsp8kob9547k2i]|User id : 2|Name : SUPER  ADMINISTRATEUR |Module : [use_object]|Function : [Msg - insert]| [OK_111] object_menu_feature - '' a été créé.
2022-10-11 10:06:51|[INFO]|Session : [0nm7pq1blo7ftsp8kob9547k2i]|User id : 2|Name : SUPER  ADMINISTRATEUR |Module : [use_object]|Function : [Msg - insert]| [OK_111] object_menu_feature - '' a été créé.
2022-10-11 10:07:06|[INFO]|Session : [0nm7pq1blo7ftsp8kob9547k2i]|User id : 2|Name : SUPER  ADMINISTRATEUR |Module : [use_object]|Function : [Msg - insert]| [OK_111] object_menu_feature - '' a été créé.
2022-10-11 10:07:19|[INFO]|Session : [0nm7pq1blo7ftsp8kob9547k2i]|User id : 2|Name : SUPER  ADMINISTRATEUR |Module : [use_object]|Function : [Msg - insert]| [OK_111] object_menu_feature - '' a été créé.
2022-10-11 10:07:37|[INFO]|Session : [0nm7pq1blo7ftsp8kob9547k2i]|User id : 2|Name : SUPER  ADMINISTRATEUR |Module : [use_object]|Function : [Msg - insert]| [OK_111] object_menu_feature - '' a été créé.
2022-10-11 10:07:49|[INFO]|Session : [0nm7pq1blo7ftsp8kob9547k2i]|User id : 2|Name : SUPER  ADMINISTRATEUR |Module : [use_object]|Function : [Msg - insert]| [OK_111] object_menu_feature - '' a été créé.
2022-10-11 10:13:58|[INFO]|Session : [0nm7pq1blo7ftsp8kob9547k2i]|User id : 2|Name : SUPER  ADMINISTRATEUR |Module : [use_object]|Function : [Msg - insert]| [OK_111] object_group - 'ADMIN' a été créé.
2022-10-11 10:14:08|[INFO]|Session : [0nm7pq1blo7ftsp8kob9547k2i]|User id : 2|Name : SUPER  ADMINISTRATEUR |Module : [use_object]|Function : [Msg - update]| [OK_112] object_group - 'ADMIN' a été modifié.
2022-10-11 10:15:00|[INFO]|Session : [0nm7pq1blo7ftsp8kob9547k2i]|User id : 2|Name : SUPER  ADMINISTRATEUR |Module : [use_object]|Function : [Msg - insert]| [OK_111] object_group_right - '' a été créé.
2022-10-11 10:15:10|[INFO]|Session : [0nm7pq1blo7ftsp8kob9547k2i]|User id : 2|Name : SUPER  ADMINISTRATEUR |Module : [use_object]|Function : [Msg - insert]| [OK_111] object_group_right - '' a été créé.
2022-10-11 10:15:25|[INFO]|Session : [0nm7pq1blo7ftsp8kob9547k2i]|User id : 2|Name : SUPER  ADMINISTRATEUR |Module : [use_object]|Function : [Msg - insert]| [OK_111] object_group_right - '' a été créé.
2022-10-11 10:16:16|[INFO]|Session : [0nm7pq1blo7ftsp8kob9547k2i]|User id : 2|Name : SUPER  ADMINISTRATEUR |Module : [use_object]|Function : [Msg - insert]| [OK_111] object_group_right - '' a été créé.
2022-10-11 10:16:56|[INFO]|Session : [0nm7pq1blo7ftsp8kob9547k2i]|User id : 2|Name : SUPER  ADMINISTRATEUR |Module : [use_object]|Function : [Msg - insert]| [OK_111] object_group_right - '' a été créé.
2022-10-11 10:17:16|[INFO]|Session : [0nm7pq1blo7ftsp8kob9547k2i]|User id : 2|Name : SUPER  ADMINISTRATEUR |Module : [use_object]|Function : [Msg - insert]| [OK_111] object_group_right - '' a été créé.
2022-10-11 10:17:28|[INFO]|Session : [0nm7pq1blo7ftsp8kob9547k2i]|User id : 2|Name : SUPER  ADMINISTRATEUR |Module : [use_object]|Function : [Msg - insert]| [OK_111] object_group_right - '' a été créé.
2022-10-11 10:23:54|[INFO]|Session : [0nm7pq1blo7ftsp8kob9547k2i]|User id : 2|Name : SUPER  ADMINISTRATEUR |Module : [use_object]|Function : [Msg - insert]| [OK_111] object_group - 'GUEST' a été créé.
2022-10-11 10:24:20|[INFO]|Session : [0nm7pq1blo7ftsp8kob9547k2i]|User id : 2|Name : SUPER  ADMINISTRATEUR |Module : [use_object]|Function : [Msg - insert]| [OK_111] object_group - 'USER' a été créé.
2022-10-11 10:24:34|[INFO]|Session : [0nm7pq1blo7ftsp8kob9547k2i]|User id : 2|Name : SUPER  ADMINISTRATEUR |Module : [use_object]|Function : [Msg - insert]| [OK_111] object_group_right - '' a été créé.
2022-10-11 10:24:50|[INFO]|Session : [0nm7pq1blo7ftsp8kob9547k2i]|User id : 2|Name : SUPER  ADMINISTRATEUR |Module : [use_object]|Function : [Msg - insert]| [OK_111] object_group_right - '' a été créé.
2022-10-11 10:25:38|[INFO]|Session : [0nm7pq1blo7ftsp8kob9547k2i]|User id : 2|Name : SUPER  ADMINISTRATEUR |Module : [use_object]|Function : [Msg - insert]| [OK_111] object_group - 'GUEST' a été créé.
2022-10-11 10:25:46|[INFO]|Session : [0nm7pq1blo7ftsp8kob9547k2i]|User id : 2|Name : SUPER  ADMINISTRATEUR |Module : [use_object]|Function : [Msg - insert]| [OK_111] object_group_right - '' a été créé.
2022-10-11 10:26:08|[INFO]|Session : [0nm7pq1blo7ftsp8kob9547k2i]|User id : 2|Name : SUPER  ADMINISTRATEUR |Module : [use_object]|Function : [Msg - insert]| [OK_111] object_group - 'USER' a été créé.
2022-10-11 10:26:23|[INFO]|Session : [0nm7pq1blo7ftsp8kob9547k2i]|User id : 2|Name : SUPER  ADMINISTRATEUR |Module : [use_object]|Function : [Msg - insert]| [OK_111] object_group_right - '' a été créé.
2022-10-11 10:36:05|[INFO]|Session : [0nm7pq1blo7ftsp8kob9547k2i]|User id : 2|Name : SUPER  ADMINISTRATEUR |Module : [use_object]|Function : [Msg - insert]| [OK_111] object_group_right - '' a été créé.
2022-10-11 10:36:13|[INFO]|Session : [0nm7pq1blo7ftsp8kob9547k2i]|User id : 2|Name : SUPER  ADMINISTRATEUR |Module : [use_object]|Function : [Msg - insert]| [OK_111] object_group_right - '' a été créé.
2022-10-11 10:36:19|[INFO]|Session : [0nm7pq1blo7ftsp8kob9547k2i]|User id : 2|Name : SUPER  ADMINISTRATEUR |Module : [use_object]|Function : [Msg - insert]| [OK_111] object_group_right - '' a été créé.
2022-10-11 10:36:32|[INFO]|Session : [0nm7pq1blo7ftsp8kob9547k2i]|User id : 2|Name : SUPER  ADMINISTRATEUR |Module : [use_object]|Function : [Msg - insert]| [OK_111] object_group_right - '' a été créé.
2022-10-11 10:36:40|[INFO]|Session : [0nm7pq1blo7ftsp8kob9547k2i]|User id : 2|Name : SUPER  ADMINISTRATEUR |Module : [use_object]|Function : [Msg - insert]| [OK_111] object_group_right - '' a été créé.
2022-10-11 10:36:47|[INFO]|Session : [0nm7pq1blo7ftsp8kob9547k2i]|User id : 2|Name : SUPER  ADMINISTRATEUR |Module : [use_object]|Function : [Msg - insert]| [OK_111] object_group_right - '' a été créé.
2022-10-11 10:38:25|[INFO]|Session : [0nm7pq1blo7ftsp8kob9547k2i]|User id : 2|Name : SUPER  ADMINISTRATEUR |Module : [use_object]|Function : [Msg - insert]| [OK_111] object_group_right - '' a été créé.
2022-10-11 10:38:32|[INFO]|Session : [0nm7pq1blo7ftsp8kob9547k2i]|User id : 2|Name : SUPER  ADMINISTRATEUR |Module : [use_object]|Function : [Msg - insert]| [OK_111] object_group_right - '' a été créé.
2022-10-11 10:38:38|[INFO]|Session : [0nm7pq1blo7ftsp8kob9547k2i]|User id : 2|Name : SUPER  ADMINISTRATEUR |Module : [use_object]|Function : [Msg - insert]| [OK_111] object_group_right - '' a été créé.
2022-10-11 10:38:53|[INFO]|Session : [0nm7pq1blo7ftsp8kob9547k2i]|User id : 2|Name : SUPER  ADMINISTRATEUR |Module : [use_object]|Function : [Msg - insert]| [OK_111] object_group_right - '' a été créé.
2022-10-11 10:38:59|[INFO]|Session : [0nm7pq1blo7ftsp8kob9547k2i]|User id : 2|Name : SUPER  ADMINISTRATEUR |Module : [use_object]|Function : [Msg - insert]| [OK_111] object_group_right - '' a été créé.
2022-10-11 10:39:05|[INFO]|Session : [0nm7pq1blo7ftsp8kob9547k2i]|User id : 2|Name : SUPER  ADMINISTRATEUR |Module : [use_object]|Function : [Msg - insert]| [OK_111] object_group_right - '' a été créé.
2022-10-11 10:39:26|[INFO]|Session : [0nm7pq1blo7ftsp8kob9547k2i]|User id : 2|Name : SUPER  ADMINISTRATEUR |Module : [use_object]|Function : [Msg - insert]| [OK_111] object_group_right - '' a été créé.
2022-10-11 10:39:32|[INFO]|Session : [0nm7pq1blo7ftsp8kob9547k2i]|User id : 2|Name : SUPER  ADMINISTRATEUR |Module : [use_object]|Function : [Msg - insert]| [OK_111] object_group_right - '' a été créé.
2022-10-11 10:39:38|[INFO]|Session : [0nm7pq1blo7ftsp8kob9547k2i]|User id : 2|Name : SUPER  ADMINISTRATEUR |Module : [use_object]|Function : [Msg - insert]| [OK_111] object_group_right - '' a été créé.
2022-10-11 10:39:50|[INFO]|Session : [0nm7pq1blo7ftsp8kob9547k2i]|User id : 2|Name : SUPER  ADMINISTRATEUR |Module : [use_object]|Function : [Msg - insert]| [OK_111] object_group_right - '' a été créé.
2022-10-11 10:39:55|[INFO]|Session : [0nm7pq1blo7ftsp8kob9547k2i]|User id : 2|Name : SUPER  ADMINISTRATEUR |Module : [use_object]|Function : [Msg - insert]| [OK_111] object_group_right - '' a été créé.
2022-10-11 10:40:01|[INFO]|Session : [0nm7pq1blo7ftsp8kob9547k2i]|User id : 2|Name : SUPER  ADMINISTRATEUR |Module : [use_object]|Function : [Msg - insert]| [OK_111] object_group_right - '' a été créé.
2022-10-11 13:45:45|[INFO]|Session : [iq56gtvv5qeads2jg1pm7ibciu]|User id : 1|Name : |Module : [use_object]|Function : [Msg - update]| [OK_112] object_trace - '191' a été modifié.
2022-10-11 13:50:02|[INFO]|Session : [f2vfuhichmq5g8uoev15bmat6p]|User id : 1|Name : |Module : [use_object]|Function : [Msg - update]| [OK_112] object_trace_diagram - '186' a été modifié.
2022-10-11 13:50:03|[INFO]|Session : [vol4hedt2r21j95gj9vnros17g]|User id : 1|Name : |Module : [use_object]|Function : [Msg - update]| [OK_112] object_trace - '191' a été modifié.
2022-10-11 13:50:04|[INFO]|Session : [jlcgqp7e3v1nadtrr5m3ooof71]|User id : 1|Name : |Module : [use_object]|Function : [Msg - update]| [OK_112] object_trace_diagram - '186' a été modifié.
2022-10-11 13:50:04|[INFO]|Session : [etqb6k327snsksd4ao4ksnpgke]|User id : 1|Name : |Module : [use_object]|Function : [Msg - update]| [OK_112] object_trace - '191' a été modifié.
2022-10-11 13:50:04|[INFO]|Session : [79r0i89a2l1cfjbuqbce4vs6ju]|User id : 1|Name : |Module : [use_object]|Function : [Msg - update]| [OK_112] object_trace_diagram - '186' a été modifié.
2022-10-11 13:50:06|[INFO]|Session : [4bdrv5jvq2p69iup1amae4vfih]|User id : 1|Name : |Module : [use_object]|Function : [Msg - update]| [OK_112] object_trace - '191' a été modifié.
2022-10-11 13:50:08|[INFO]|Session : [3e35on3eoim6n8ch7e57q2b4j7]|User id : 1|Name : |Module : [use_object]|Function : [Msg - update]| [OK_112] object_trace_diagram - '186' a été modifié.
2022-10-11 13:50:09|[INFO]|Session : [argu5sshf5cfv2i36not7oavh8]|User id : 1|Name : |Module : [use_object]|Function : [Msg - update]| [OK_112] object_trace - '191' a été modifié.
2022-10-11 13:50:10|[INFO]|Session : [s06kekbtsk8f9325mps0p7n8vj]|User id : 1|Name : |Module : [use_object]|Function : [Msg - update]| [OK_112] object_trace_diagram - '186' a été modifié.
2022-10-11 13:50:11|[INFO]|Session : [7i7e50gar61d586ch5rlat33kg]|User id : 1|Name : |Module : [use_object]|Function : [Msg - update]| [OK_112] object_trace - '191' a été modifié.
2022-10-11 13:50:11|[INFO]|Session : [qradm2p46alv3jooaij812nt5s]|User id : 1|Name : |Module : [use_object]|Function : [Msg - update]| [OK_112] object_trace_diagram - '186' a été modifié.
2022-10-11 13:50:12|[INFO]|Session : [brf1g8tlq2k185hao2d77qcpt3]|User id : 1|Name : |Module : [use_object]|Function : [Msg - update]| [OK_112] object_trace - '191' a été modifié.
2022-10-11 13:50:13|[INFO]|Session : [1pjeqjt6h7eusjnq4lr5gb9pso]|User id : 1|Name : |Module : [use_object]|Function : [Msg - update]| [OK_112] object_trace_diagram - '186' a été modifié.
2022-10-11 13:50:13|[INFO]|Session : [lbrp6okfpqrvjraanlcjrtlrqa]|User id : 1|Name : |Module : [use_object]|Function : [Msg - update]| [OK_112] object_trace - '191' a été modifié.
2022-10-11 13:50:14|[INFO]|Session : [ejf5ija9ikp1qp6tq9gk1fsqu1]|User id : 1|Name : |Module : [use_object]|Function : [Msg - update]| [OK_112] object_trace_diagram - '186' a été modifié.
2022-10-11 13:50:14|[INFO]|Session : [6os0ccgp9tg90cuovvoq2q9sac]|User id : 1|Name : |Module : [use_object]|Function : [Msg - update]| [OK_112] object_trace - '191' a été modifié.
2022-10-11 13:50:15|[INFO]|Session : [26j6tv51cigger4ghvtddj3ssj]|User id : 1|Name : |Module : [use_object]|Function : [Msg - update]| [OK_112] object_trace_diagram - '186' a été modifié.
2022-10-11 13:50:16|[INFO]|Session : [cqok8ach4hgfi0s4782d8bjgcf]|User id : 1|Name : |Module : [use_object]|Function : [Msg - update]| [OK_112] object_trace - '191' a été modifié.
2022-10-11 13:50:17|[INFO]|Session : [e0c1j62c9t255qr082eo6bdomi]|User id : 1|Name : |Module : [use_object]|Function : [Msg - update]| [OK_112] object_trace_diagram - '186' a été modifié.
2022-10-11 13:50:17|[INFO]|Session : [pd4hr1ol5mn3dif4oigpi4sl1s]|User id : 1|Name : |Module : [use_object]|Function : [Msg - update]| [OK_112] object_trace - '191' a été modifié.
2022-10-11 13:50:18|[INFO]|Session : [vfhc83hrft31titjrf7a2r7mip]|User id : 1|Name : |Module : [use_object]|Function : [Msg - update]| [OK_112] object_trace_diagram - '186' a été modifié.
2022-10-11 13:50:18|[INFO]|Session : [59a7v9vldh1o2csdh6la9i4leh]|User id : 1|Name : |Module : [use_object]|Function : [Msg - update]| [OK_112] object_trace - '191' a été modifié.
2022-10-11 13:50:18|[INFO]|Session : [0m1db0kvgccra6h3i33pi77g9q]|User id : 1|Name : |Module : [use_object]|Function : [Msg - update]| [OK_112] object_trace_diagram - '186' a été modifié.
2022-10-11 13:50:19|[INFO]|Session : [q2jisn62jmuifj52vqbsomq47s]|User id : 1|Name : |Module : [use_object]|Function : [Msg - update]| [OK_112] object_trace - '191' a été modifié.
2022-10-11 13:50:20|[INFO]|Session : [6ia5129d33ojpdvphgore7r3n6]|User id : 1|Name : |Module : [use_object]|Function : [Msg - update]| [OK_112] object_trace_diagram - '186' a été modifié.
2022-10-11 13:50:23|[INFO]|Session : [21ali5mgqu7tph3sjes44jme53]|User id : 1|Name : |Module : [use_object]|Function : [Msg - update]| [OK_112] object_trace - '191' a été modifié.
2022-10-11 13:50:24|[INFO]|Session : [n3q0jv1e1ggso57nc87mlvod2a]|User id : 1|Name : |Module : [use_object]|Function : [Msg - update]| [OK_112] object_trace - '192' a été modifié.
2022-10-11 13:50:24|[INFO]|Session : [lk0ftsog92m32njapu9m6kam5s]|User id : 1|Name : |Module : [use_object]|Function : [Msg - update]| [OK_112] object_trace_diagram - '186' a été modifié.
2022-10-11 13:50:24|[INFO]|Session : [3hnabqkg7ucg8beip6165bc195]|User id : 1|Name : |Module : [use_object]|Function : [Msg - update]| [OK_112] object_trace - '191' a été modifié.
2022-10-11 13:51:30|[INFO]|Session : [l4pme1c4c78dt0bun09kb4ioou]|User id : 1|Name : |Module : [use_object]|Function : [Msg - update]| [OK_112] object_trace - '193' a été modifié.
2022-10-11 13:56:36|[INFO]|Session : [k3qoujdnpqhb5qrgcb5racoohj]|User id : 1|Name : |Module : [use_object]|Function : [Msg - update]| [OK_112] object_trace - '194' a été modifié.
2022-10-11 13:56:59|[INFO]|Session : [pde6j9ft3n30ap2094ub8n69qi]|User id : 1|Name : |Module : [use_object]|Function : [Msg - update]| [OK_112] object_trace - '194' a été modifié.
2022-10-11 13:58:19|[INFO]|Session : [5941vjv286rmc5u2a0uc439t7g]|User id : 1|Name : |Module : [use_object]|Function : [Msg - update]| [OK_112] object_trace - '194' a été modifié.
2022-10-11 13:59:09|[INFO]|Session : [2qa957j9obvmbe264gesjscft7]|User id : 1|Name : |Module : [use_object]|Function : [Msg - update]| [OK_112] object_trace - '195' a été modifié.
2022-10-11 14:00:22|[INFO]|Session : [sqcph7s47ilii8slv4io20djr6]|User id : 1|Name : |Module : [use_object]|Function : [Msg - update]| [OK_112] object_trace - '195' a été modifié.
2022-10-11 14:01:52|[INFO]|Session : [grl4j4pr4okkjpc5okcipiufj8]|User id : 1|Name : |Module : [use_object]|Function : [Msg - update]| [OK_112] object_trace - '195' a été modifié.
2022-10-11 14:02:19|[INFO]|Session : [e7d2406vs1conkpmgpnug51l8o]|User id : 1|Name : |Module : [use_object]|Function : [Msg - update]| [OK_112] object_trace - '2' a été modifié.
2022-10-11 14:03:40|[INFO]|Session : [d7eqp6f964ppehpp7pol7k6a27]|User id : 1|Name : |Module : [use_object]|Function : [Msg - update]| [OK_112] object_trace - '2' a été modifié.
2022-10-11 14:03:45|[INFO]|Session : [frbhqsjraibtfccsc5vt13lcii]|User id : 1|Name : |Module : [use_object]|Function : [Msg - update]| [OK_112] object_trace - '2' a été modifié.
2022-10-11 14:03:50|[INFO]|Session : [ds2920j148btqr3if07gvnk7eb]|User id : 1|Name : |Module : [use_object]|Function : [Msg - update]| [OK_112] object_trace - '2' a été modifié.
2022-10-11 14:12:44|[INFO]|Session : [jhjfca74nlgpb62hfc0ofrp9lq]|User id : 1|Name : |Module : [use_object]|Function : [Msg - update]| [OK_112] object_trace - '2' a été modifié.
2022-10-11 14:12:50|[INFO]|Session : [7bv20qaao04qbvm0a5urp690ct]|User id : 1|Name : |Module : [use_object]|Function : [Msg - update]| [OK_112] object_trace - '2' a été modifié.
2022-10-11 14:13:00|[INFO]|Session : [r4ps3sg6c6nsnk96ok2ofc6hep]|User id : 1|Name : |Module : [use_object]|Function : [Msg - update]| [OK_112] object_trace_diagram - '3' a été modifié.
2022-10-11 14:13:00|[INFO]|Session : [cd2ss56lul56e1r4dr9ji89kq7]|User id : 1|Name : |Module : [use_object]|Function : [Msg - update]| [OK_112] object_trace - '2' a été modifié.
2022-10-11 14:13:04|[INFO]|Session : [kd666vp1maqo3jlt74a50i0brn]|User id : 1|Name : |Module : [use_object]|Function : [Msg - update]| [OK_112] object_trace_diagram - '3' a été modifié.
2022-10-11 14:13:04|[INFO]|Session : [5kdio1b0e6jeghcqi21ife2bar]|User id : 1|Name : |Module : [use_object]|Function : [Msg - update]| [OK_112] object_trace - '2' a été modifié.
2022-10-11 14:13:06|[INFO]|Session : [d40ci4s0llmqshfh18so55u2c2]|User id : 1|Name : |Module : [use_object]|Function : [Msg - update]| [OK_112] object_trace_diagram - '3' a été modifié.
2022-10-11 14:13:07|[INFO]|Session : [3itl84pdvfpssfvmtr3fr1nles]|User id : 1|Name : |Module : [use_object]|Function : [Msg - update]| [OK_112] object_trace - '2' a été modifié.
2022-10-11 14:13:08|[INFO]|Session : [q2l17edprhfpuvnahjunmeqedu]|User id : 1|Name : |Module : [use_object]|Function : [Msg - update]| [OK_112] object_trace_diagram - '3' a été modifié.
2022-10-11 14:13:09|[INFO]|Session : [3e1n7aj1sgh1hnirlnmnotndov]|User id : 1|Name : |Module : [use_object]|Function : [Msg - update]| [OK_112] object_trace - '2' a été modifié.
2022-10-11 14:13:09|[INFO]|Session : [sjbtud1b02fqvt5cnmcl0e891v]|User id : 1|Name : |Module : [use_object]|Function : [Msg - update]| [OK_112] object_trace_diagram - '3' a été modifié.
2022-10-11 14:13:10|[INFO]|Session : [105e47lstst9flu9if888najo4]|User id : 1|Name : |Module : [use_object]|Function : [Msg - update]| [OK_112] object_trace - '2' a été modifié.
2022-10-11 14:13:11|[INFO]|Session : [4r9etc2vav7mj7vhdfrl8l0j0e]|User id : 1|Name : |Module : [use_object]|Function : [Msg - update]| [OK_112] object_trace_diagram - '3' a été modifié.
2022-10-11 14:13:12|[INFO]|Session : [8t8dpmkpvknrntol48fh5vmbiq]|User id : 1|Name : |Module : [use_object]|Function : [Msg - update]| [OK_112] object_trace - '2' a été modifié.
2022-10-11 14:13:12|[INFO]|Session : [8g51mbjrajbd8killjh9p5bfb8]|User id : 1|Name : |Module : [use_object]|Function : [Msg - update]| [OK_112] object_trace_diagram - '3' a été modifié.
2022-10-11 14:13:13|[INFO]|Session : [8bm1ae34lb744kb213u5uqg2ng]|User id : 1|Name : |Module : [use_object]|Function : [Msg - update]| [OK_112] object_trace - '2' a été modifié.
2022-10-11 14:16:42|[INFO]|Session : [p41uidlin5pavrle4q9v7bjv9u]|User id : 1|Name : |Module : [use_object]|Function : [Msg - update]| [OK_112] object_trace_diagram - '3' a été modifié.
2022-10-11 14:16:44|[INFO]|Session : [l3lgvapfb4l6jvgke8n6gigf0p]|User id : 1|Name : |Module : [use_object]|Function : [Msg - update]| [OK_112] object_trace - '2' a été modifié.
2022-10-11 14:16:45|[INFO]|Session : [s4b672u069grc44l5rcctpo28m]|User id : 1|Name : |Module : [use_object]|Function : [Msg - update]| [OK_112] object_trace_diagram - '3' a été modifié.
2022-10-11 14:16:45|[INFO]|Session : [uib60p0a351l4qutqdv6digb29]|User id : 1|Name : |Module : [use_object]|Function : [Msg - update]| [OK_112] object_trace - '2' a été modifié.
2022-10-11 14:16:46|[INFO]|Session : [omu88gtjqa4he97apm8isd1tq0]|User id : 1|Name : |Module : [use_object]|Function : [Msg - update]| [OK_112] object_trace_diagram - '3' a été modifié.
2022-10-11 14:16:46|[INFO]|Session : [fili2vq92kivanov7mcir6n0hk]|User id : 1|Name : |Module : [use_object]|Function : [Msg - update]| [OK_112] object_trace - '2' a été modifié.
2022-10-11 14:16:47|[INFO]|Session : [5jsgj40g6dpqjdc7p0dtgqcmog]|User id : 1|Name : |Module : [use_object]|Function : [Msg - update]| [OK_112] object_trace_diagram - '3' a été modifié.
2022-10-11 14:16:47|[INFO]|Session : [a4r1lc71jh0qrn4ia4171hin99]|User id : 1|Name : |Module : [use_object]|Function : [Msg - update]| [OK_112] object_trace - '2' a été modifié.
2022-10-11 15:02:12|[INFO]|Session : [omcua8dfmo54r8bbhude62ufln]|User id : 1|Name : |Module : [use_object]|Function : [Msg - update]| [OK_112] object_trace - '2' a été modifié.
2022-10-11 15:02:20|[INFO]|Session : [djkbddreqn71mnontt285i3omh]|User id : 1|Name : |Module : [use_object]|Function : [Msg - update]| [OK_112] object_trace - '2' a été modifié.
2022-10-11 15:02:31|[INFO]|Session : [n657c5kc67s2ihu30jhg2g92bs]|User id : 1|Name : |Module : [use_object]|Function : [Msg - update]| [OK_112] object_trace - '2' a été modifié.
2022-10-11 15:05:08|[INFO]|Session : [3o7gu1b1ophduqjmmq3dt3ub4e]|User id : 1|Name : |Module : [use_object]|Function : [Msg - update]| [OK_112] object_trace - '2' a été modifié.
2022-10-11 15:05:18|[INFO]|Session : [tev2cc97hp93vkq0hc6crlc6dl]|User id : 1|Name : |Module : [use_object]|Function : [Msg - update]| [OK_112] object_trace - '2' a été modifié.
2022-10-11 15:08:58|[INFO]|Session : [l5q6oe3564itj71vbhpet46rlm]|User id : 1|Name : |Module : [use_object]|Function : [Msg - update]| [OK_112] object_trace - '2' a été modifié.
2022-10-11 15:09:07|[INFO]|Session : [lb9sav13udr08n1eh7ajb0de80]|User id : 1|Name : |Module : [use_object]|Function : [Msg - update]| [OK_112] object_trace - '2' a été modifié.
2022-10-11 15:09:25|[INFO]|Session : [ojom9nklqf7h7nadc6pbvhcil2]|User id : 1|Name : |Module : [use_object]|Function : [Msg - update]| [OK_112] object_trace - '195' a été modifié.
2022-10-11 15:09:43|[INFO]|Session : [c9ku51k946ipjfsv1k8q680u08]|User id : 1|Name : |Module : [use_object]|Function : [Msg - update]| [OK_112] object_trace - '2' a été modifié.
2022-10-11 15:10:03|[INFO]|Session : [kr8irpnf5qge28v3780cmgal6u]|User id : 1|Name : |Module : [use_object]|Function : [Msg - update]| [OK_112] object_trace_diagram - '3' a été modifié.
2022-10-11 15:10:03|[INFO]|Session : [8em9m2urnmoggn5csqelbg75i3]|User id : 1|Name : |Module : [use_object]|Function : [Msg - update]| [OK_112] object_trace - '2' a été modifié.
2022-10-11 15:10:04|[INFO]|Session : [8aaie8d4i0v6htvdtmnqiiubde]|User id : 1|Name : |Module : [use_object]|Function : [Msg - update]| [OK_112] object_trace_diagram - '3' a été modifié.
2022-10-11 15:10:05|[INFO]|Session : [bjk16e5am36huqc6bt5gf3qgla]|User id : 1|Name : |Module : [use_object]|Function : [Msg - update]| [OK_112] object_trace - '2' a été modifié.
2022-10-11 15:10:05|[INFO]|Session : [e4tqogmo92qfuqi0qq44c8c6gl]|User id : 1|Name : |Module : [use_object]|Function : [Msg - update]| [OK_112] object_trace_diagram - '3' a été modifié.
2022-10-11 15:10:06|[INFO]|Session : [k140sj2vc3h8rtk7bl06ss5015]|User id : 1|Name : |Module : [use_object]|Function : [Msg - update]| [OK_112] object_trace - '2' a été modifié.
2022-10-11 15:10:07|[INFO]|Session : [s1f7lenni3suhntk7anmhe24mg]|User id : 1|Name : |Module : [use_object]|Function : [Msg - update]| [OK_112] object_trace_diagram - '3' a été modifié.
2022-10-11 15:10:08|[INFO]|Session : [fs4mobsu9usod2o9mmflfqg7mf]|User id : 1|Name : |Module : [use_object]|Function : [Msg - update]| [OK_112] object_trace - '2' a été modifié.
2022-10-11 15:10:09|[INFO]|Session : [tu8uvajvcafrijk5h4cu85nfgn]|User id : 1|Name : |Module : [use_object]|Function : [Msg - update]| [OK_112] object_trace_diagram - '3' a été modifié.
2022-10-11 15:10:09|[INFO]|Session : [04q39oci1f9fbthnfjo02m2mpj]|User id : 1|Name : |Module : [use_object]|Function : [Msg - update]| [OK_112] object_trace - '2' a été modifié.
2022-10-11 15:10:10|[INFO]|Session : [en9a4kt5jsp39q2cvim962n4j1]|User id : 1|Name : |Module : [use_object]|Function : [Msg - update]| [OK_112] object_trace_diagram - '3' a été modifié.
2022-10-11 15:10:11|[INFO]|Session : [ghuq38hv45jsm5b70jc1a28m46]|User id : 1|Name : |Module : [use_object]|Function : [Msg - update]| [OK_112] object_trace - '2' a été modifié.
2022-10-11 15:13:42|[INFO]|Session : [p412dd8801l77nkqffc5v5p1u8]|User id : 1|Name : |Module : [use_object]|Function : [Msg - update]| [OK_112] object_trace - '2' a été modifié.
2022-10-11 15:13:52|[INFO]|Session : [2ld4po7cunepec4q6pcashgin1]|User id : 1|Name : |Module : [use_object]|Function : [Msg - update]| [OK_112] object_trace - '195' a été modifié.
2022-10-11 15:30:30|[INFO]|Session : [okc0ik1r8e1i3ic0uimd010pn2]|User id : 1|Name : |Module : [use_object]|Function : [Msg - update]| [OK_112] object_trace - '195' a été modifié.
2022-10-11 15:30:42|[INFO]|Session : [dfbelifdo9jtqrieeb0c5801mb]|User id : 1|Name : |Module : [use_object]|Function : [Msg - update]| [OK_112] object_trace - '195' a été modifié.
2022-10-11 15:30:51|[INFO]|Session : [9dl86j7pdvchkvkiin1phtlk35]|User id : 1|Name : |Module : [use_object]|Function : [Msg - update]| [OK_112] object_trace - '195' a été modifié.
2022-10-11 15:31:01|[INFO]|Session : [shfb1vp7tn2c1dp2uacnnua8g5]|User id : 1|Name : |Module : [use_object]|Function : [Msg - update]| [OK_112] object_trace - '195' a été modifié.
2022-10-11 15:32:50|[INFO]|Session : [c1ce9jhjg5fgaphl385igibtok]|User id : 1|Name : |Module : [use_object]|Function : [Msg - update]| [OK_112] object_trace - '195' a été modifié.
2022-10-11 15:33:09|[INFO]|Session : [o1tk95d9nfgjqrl3ia95c3p1ss]|User id : 1|Name : |Module : [use_object]|Function : [Msg - update]| [OK_112] object_trace - '2' a été modifié.
2022-10-11 15:33:27|[INFO]|Session : [r03ua3pjbqpv3914kgnqokuljp]|User id : 1|Name : |Module : [use_object]|Function : [Msg - update]| [OK_112] object_trace - '195' a été modifié.
2022-10-11 15:33:43|[INFO]|Session : [snmv60kq4cia3mngtn5os4pkbl]|User id : 1|Name : |Module : [use_object]|Function : [Msg - update]| [OK_112] object_trace - '195' a été modifié.
2022-10-11 15:35:59|[INFO]|Session : [vnqq78qa94ebme4uidvgi1fjms]|User id : 1|Name : |Module : [use_object]|Function : [Msg - update]| [OK_112] object_trace - '195' a été modifié.
2022-10-11 15:36:12|[INFO]|Session : [llherjhbdjc7sfsv8fkuv1i92p]|User id : 1|Name : |Module : [use_object]|Function : [Msg - update]| [OK_112] object_trace - '195' a été modifié.
2022-10-11 15:37:30|[INFO]|Session : [jugvoa84v0lbqug27gi1232hkf]|User id : 1|Name : |Module : [use_object]|Function : [Msg - update]| [OK_112] object_trace - '195' a été modifié.
2022-10-11 15:38:50|[INFO]|Session : [p1ph8m7d70k4more6fs46m54j3]|User id : 1|Name : |Module : [use_object]|Function : [Msg - update]| [OK_112] object_trace - '2' a été modifié.
2022-10-11 15:41:32|[INFO]|Session : [3tpu45rbju59sqrl4pfkk4hng1]|User id : 1|Name : |Module : [use_object]|Function : [Msg - update]| [OK_112] object_trace - '2' a été modifié.
2022-10-11 15:41:41|[INFO]|Session : [91j7vr4i01s19udqdd87g0endk]|User id : 1|Name : |Module : [use_object]|Function : [Msg - update]| [OK_112] object_trace - '195' a été modifié.
2022-10-11 15:42:06|[INFO]|Session : [clf4t5fvscij6flsnu9p1fbkl6]|User id : 1|Name : |Module : [use_object]|Function : [Msg - update]| [OK_112] object_trace - '2' a été modifié.
2022-10-11 15:42:24|[INFO]|Session : [thbnk3hsdhibrbhsktrm7kbeid]|User id : 1|Name : |Module : [use_object]|Function : [Msg - update]| [OK_112] object_trace - '2' a été modifié.
2022-10-11 15:43:19|[INFO]|Session : [f4v8mr4n4km2p22oat4vek5g79]|User id : 1|Name : |Module : [use_object]|Function : [Msg - update]| [OK_112] object_trace - '195' a été modifié.
2022-10-11 15:43:34|[INFO]|Session : [7j9jssdv9bnae1r91m7t553muf]|User id : 1|Name : |Module : [use_object]|Function : [Msg - update]| [OK_112] object_trace - '2' a été modifié.
2022-10-11 15:43:42|[INFO]|Session : [qtsj6r8pmso03o3s108hmf5jj4]|User id : 1|Name : |Module : [use_object]|Function : [Msg - update]| [OK_112] object_trace - '2' a été modifié.
2022-10-11 15:46:06|[INFO]|Session : [c4h5g4hb4r1tn7q4tm6pknosnt]|User id : 1|Name : |Module : [use_object]|Function : [Msg - update]| [OK_112] object_trace - '2' a été modifié.
2022-10-11 15:46:18|[INFO]|Session : [rm4as0896ttu6dhpan0609vpva]|User id : 1|Name : |Module : [use_object]|Function : [Msg - update]| [OK_112] object_trace - '195' a été modifié.
2022-10-11 15:46:31|[INFO]|Session : [pulqqnmmj15aikpq7uq84uqv8r]|User id : 1|Name : |Module : [use_object]|Function : [Msg - update]| [OK_112] object_trace - '2' a été modifié.
2022-10-11 15:46:37|[INFO]|Session : [t1224cjhbhiubvi56nhvjq9agp]|User id : 1|Name : |Module : [use_object]|Function : [Msg - update]| [OK_112] object_trace - '2' a été modifié.
2022-10-11 15:48:45|[INFO]|Session : [5agreuph89e2ufritjlilpk941]|User id : 1|Name : |Module : [use_object]|Function : [Msg - update]| [OK_112] object_trace - '2' a été modifié.
2022-10-11 15:48:57|[INFO]|Session : [4qb1l6gkuvce5f3edspa8io7db]|User id : 1|Name : |Module : [use_object]|Function : [Msg - update]| [OK_112] object_trace - '195' a été modifié.
2022-10-11 15:49:10|[INFO]|Session : [evkg1qnkevbpb086fglmu3l8l0]|User id : 1|Name : |Module : [use_object]|Function : [Msg - update]| [OK_112] object_trace - '195' a été modifié.
2022-10-11 15:49:51|[INFO]|Session : [pnvb88b0o4hvdnh8h9mleh37vp]|User id : 1|Name : |Module : [use_object]|Function : [Msg - update]| [OK_112] object_trace - '2' a été modifié.
2022-10-11 15:50:09|[INFO]|Session : [pi8a18q5u6tm8a6h7tnko762bc]|User id : 1|Name : |Module : [use_object]|Function : [Msg - update]| [OK_112] object_trace - '195' a été modifié.
2022-10-11 15:50:22|[INFO]|Session : [ljom1a2aj5bmpeagpre13ljip2]|User id : 1|Name : |Module : [use_object]|Function : [Msg - update]| [OK_112] object_trace - '2' a été modifié.
2022-10-11 15:50:35|[INFO]|Session : [sjo4rcc1fhlouhqmaqliim8ood]|User id : 1|Name : |Module : [use_object]|Function : [Msg - update]| [OK_112] object_trace - '2' a été modifié.
2022-10-11 15:52:00|[INFO]|Session : [7oh61kq6r1295a0vbqg9i60pg0]|User id : 1|Name : |Module : [use_object]|Function : [Msg - update]| [OK_112] object_trace - '195' a été modifié.
2022-10-11 15:52:12|[INFO]|Session : [ffh97ot5mrsfbdbjm7q54lq8m0]|User id : 1|Name : |Module : [use_object]|Function : [Msg - update]| [OK_112] object_trace - '2' a été modifié.
2022-10-11 15:52:19|[INFO]|Session : [tfvtrgciqkdnoml0m0gcgvg4eb]|User id : 1|Name : |Module : [use_object]|Function : [Msg - update]| [OK_112] object_trace - '2' a été modifié.
2022-10-11 15:54:41|[INFO]|Session : [v94h67r17jsnuuvvk081nt8f78]|User id : 1|Name : |Module : [use_object]|Function : [Msg - update]| [OK_112] object_trace - '2' a été modifié.
2022-10-11 15:55:01|[INFO]|Session : [4rql4smqmg5qbk67tek3ed3mj2]|User id : 1|Name : |Module : [use_object]|Function : [Msg - update]| [OK_112] object_trace - '195' a été modifié.
2022-10-11 15:55:13|[INFO]|Session : [p5oh9culolvpdn7f65e47cp2u9]|User id : 1|Name : |Module : [use_object]|Function : [Msg - update]| [OK_112] object_trace - '2' a été modifié.
2022-10-11 15:55:14|[INFO]|Session : [tn02h5ru98ipknfrt2fjeru3gu]|User id : 1|Name : |Module : [use_object]|Function : [Msg - update]| [OK_112] object_trace - '2' a été modifié.
2022-10-11 15:55:23|[INFO]|Session : [bjgd58pb8571sfk9qp5i269mmc]|User id : 1|Name : |Module : [use_object]|Function : [Msg - update]| [OK_112] object_trace_diagram - '3' a été modifié.
2022-10-11 15:55:24|[INFO]|Session : [37iqr0t1fv4jliuf73en4pp8a6]|User id : 1|Name : |Module : [use_object]|Function : [Msg - update]| [OK_112] object_trace - '2' a été modifié.
2022-10-11 15:55:26|[INFO]|Session : [99phguvtrjthbvkj0istg11dpm]|User id : 1|Name : |Module : [use_object]|Function : [Msg - update]| [OK_112] object_trace_diagram - '3' a été modifié.
2022-10-11 15:55:27|[INFO]|Session : [tp7d5tmrp2ngbqqcbrtg4q33gi]|User id : 1|Name : |Module : [use_object]|Function : [Msg - update]| [OK_112] object_trace - '2' a été modifié.
