2022-08-17 00:00:50|[INFO]|Session : [90ir4k5qm0mfifq5evf4k33jc3]|User id : 1|Name : |Module : [use_object]|Function : [Msg - update]| [OK_112] object_trace - '2' a été modifié.
2022-08-17 00:00:55|[INFO]|Session : [r1igjue1civkefae953lfqv1cj]|User id : 1|Name : |Module : [use_object]|Function : [Msg - update]| [OK_112] object_trace_diagram - '3' a été modifié.
2022-08-17 00:00:55|[INFO]|Session : [9mc6ocbs2g7qqe7kcnadtce5d9]|User id : 1|Name : |Module : [use_object]|Function : [Msg - update]| [OK_112] object_trace - '2' a été modifié.
2022-08-17 00:00:58|[INFO]|Session : [paql8ae7qov6l7sma6e78iuu9p]|User id : 1|Name : |Module : [use_object]|Function : [Msg - update]| [OK_112] object_trace_diagram - '3' a été modifié.
2022-08-17 00:01:00|[INFO]|Session : [gt9ogf0i4b07cavn6mkqdg6u3k]|User id : 1|Name : |Module : [use_object]|Function : [Msg - update]| [OK_112] object_trace - '2' a été modifié.
2022-08-17 00:01:02|[INFO]|Session : [ci7i9h64p2gjbb3860nq72nt34]|User id : 1|Name : |Module : [use_object]|Function : [Msg - update]| [OK_112] object_trace - '2' a été modifié.
2022-08-17 00:01:04|[INFO]|Session : [mbofli78jdofd2v83udlr77el3]|User id : 1|Name : |Module : [use_object]|Function : [Msg - update]| [OK_112] object_trace - '2' a été modifié.
2022-08-17 00:01:09|[INFO]|Session : [28p57iqh5sdqjhoog0ge4ql9hm]|User id : 1|Name : |Module : [use_object]|Function : [Msg - update]| [OK_112] object_trace - '2' a été modifié.
2022-08-17 00:01:13|[INFO]|Session : [g8cgk4hc6ad9o84jk33lu081bs]|User id : 1|Name : |Module : [use_object]|Function : [Msg - update]| [OK_112] object_trace - '2' a été modifié.
2022-08-17 00:01:18|[INFO]|Session : [hfu6da8e1v80ql5gkfcs8kk5v2]|User id : 1|Name : |Module : [use_object]|Function : [Msg - update]| [OK_112] object_trace - '2' a été modifié.
2022-08-17 00:01:21|[INFO]|Session : [p6cnsnnbn5gkc5a32ti9vltrfv]|User id : 1|Name : |Module : [use_object]|Function : [Msg - update]| [OK_112] object_trace - '2' a été modifié.
2022-08-17 00:01:25|[INFO]|Session : [5djao67tb1rhaa94uns4tn5go2]|User id : 1|Name : |Module : [use_object]|Function : [Msg - update]| [OK_112] object_trace - '2' a été modifié.
2022-08-17 00:01:27|[INFO]|Session : [b2nsa5f3fa047dfrs547gjlatr]|User id : 1|Name : |Module : [use_object]|Function : [Msg - update]| [OK_112] object_trace - '2' a été modifié.
2022-08-17 00:43:33|[INFO]|Session : [p693mij3nhasc9n5kh8k1nelg8]|User id : 1|Name : |Module : [use_object]|Function : [Msg - update]| [OK_112] object_trace - '2' a été modifié.
2022-08-17 00:43:39|[INFO]|Session : [g7vc9tqk9jm90uf70glegdbpcn]|User id : 1|Name : |Module : [use_object]|Function : [Msg - update]| [OK_112] object_trace - '2' a été modifié.
2022-08-17 00:47:25|[INFO]|Session : [mgdi2n08ckkcqe8ugcvvqb457o]|User id : 1|Name : |Module : [use_object]|Function : [Msg - update]| [OK_112] object_trace - '2' a été modifié.
2022-08-17 00:47:29|[INFO]|Session : [4n3g646av0i2lr4kp6r9vj76kc]|User id : 1|Name : |Module : [use_object]|Function : [Msg - update]| [OK_112] object_trace - '2' a été modifié.
2022-08-17 23:09:45|[INFO]|Session : [r25ulj8eul32sh26gligd3deod]|User id : 1|Name : |Module : [use_object]|Function : [Msg - update]| [OK_112] object_trace - '2' a été modifié.
2022-08-17 23:10:08|[INFO]|Session : [4g6s1qtpfel41a8b3binogkjac]|User id : 1|Name : |Module : [use_object]|Function : [Msg - update]| [OK_112] object_trace - '2' a été modifié.
2022-08-17 23:10:12|[INFO]|Session : [1vqhjj1eq93lf2qcvtflukgncg]|User id : 1|Name : |Module : [use_object]|Function : [Msg - update]| [OK_112] object_trace - '2' a été modifié.
2022-08-17 23:10:14|[INFO]|Session : [kndrpfveu6c2l9ni321hct9vfo]|User id : 1|Name : |Module : [use_object]|Function : [Msg - update]| [OK_112] object_trace - '2' a été modifié.
2022-08-17 23:12:55|[INFO]|Session : [pf0ir5hokeqjb3k3mf1huunfu7]|User id : 1|Name : |Module : [use_object]|Function : [Msg - update]| [OK_112] object_trace - '2' a été modifié.
