2022-08-01 23:06:52|[INFO]|Session : [817befu5sl0407dp8e5rqsru3u]|User id : 2|Name : SUPER  ADMINISTRATEUR |Module : [use_object]|Function : [Msg - delete]| [OK_110] object_diagram - '6' a été supprimé.
2022-08-01 23:06:57|[INFO]|Session : [817befu5sl0407dp8e5rqsru3u]|User id : 2|Name : SUPER  ADMINISTRATEUR |Module : [use_object]|Function : [Msg - delete]| [OK_110] object_diagram - '17' a été supprimé.
2022-08-01 23:07:03|[INFO]|Session : [817befu5sl0407dp8e5rqsru3u]|User id : 2|Name : SUPER  ADMINISTRATEUR |Module : [use_object]|Function : [Msg - delete]| [OK_110] object_diagram - '18' a été supprimé.
2022-08-01 23:07:08|[INFO]|Session : [817befu5sl0407dp8e5rqsru3u]|User id : 2|Name : SUPER  ADMINISTRATEUR |Module : [use_object]|Function : [Msg - delete]| [OK_110] object_diagram - '19' a été supprimé.
2022-08-01 23:07:11|[INFO]|Session : [817befu5sl0407dp8e5rqsru3u]|User id : 2|Name : SUPER  ADMINISTRATEUR |Module : [use_object]|Function : [Msg - delete]| [OK_110] object_diagram - '20' a été supprimé.
2022-08-01 23:07:15|[INFO]|Session : [817befu5sl0407dp8e5rqsru3u]|User id : 2|Name : SUPER  ADMINISTRATEUR |Module : [use_object]|Function : [Msg - delete]| [OK_110] object_diagram - '21' a été supprimé.
2022-08-01 23:07:18|[INFO]|Session : [817befu5sl0407dp8e5rqsru3u]|User id : 2|Name : SUPER  ADMINISTRATEUR |Module : [use_object]|Function : [Msg - delete]| [OK_110] object_diagram - '22' a été supprimé.
2022-08-01 23:07:21|[INFO]|Session : [817befu5sl0407dp8e5rqsru3u]|User id : 2|Name : SUPER  ADMINISTRATEUR |Module : [use_object]|Function : [Msg - delete]| [OK_110] object_diagram - '23' a été supprimé.
2022-08-01 23:07:25|[INFO]|Session : [817befu5sl0407dp8e5rqsru3u]|User id : 2|Name : SUPER  ADMINISTRATEUR |Module : [use_object]|Function : [Msg - delete]| [OK_110] object_diagram - '24' a été supprimé.
2022-08-01 23:07:28|[INFO]|Session : [817befu5sl0407dp8e5rqsru3u]|User id : 2|Name : SUPER  ADMINISTRATEUR |Module : [use_object]|Function : [Msg - delete]| [OK_110] object_diagram - '26' a été supprimé.
2022-08-01 23:07:32|[INFO]|Session : [817befu5sl0407dp8e5rqsru3u]|User id : 2|Name : SUPER  ADMINISTRATEUR |Module : [use_object]|Function : [Msg - delete]| [OK_110] object_diagram - '27' a été supprimé.
2022-08-01 23:07:36|[INFO]|Session : [817befu5sl0407dp8e5rqsru3u]|User id : 2|Name : SUPER  ADMINISTRATEUR |Module : [use_object]|Function : [Msg - delete]| [OK_110] object_diagram - '29' a été supprimé.
2022-08-01 23:07:41|[INFO]|Session : [817befu5sl0407dp8e5rqsru3u]|User id : 2|Name : SUPER  ADMINISTRATEUR |Module : [use_object]|Function : [Msg - delete]| [OK_110] object_diagram - '34' a été supprimé.
2022-08-01 23:07:50|[INFO]|Session : [817befu5sl0407dp8e5rqsru3u]|User id : 2|Name : SUPER  ADMINISTRATEUR |Module : [use_object]|Function : [Msg - copy]| [OK_151] object_diagram - '1' a été copié.
2022-08-01 23:08:14|[INFO]|Session : [817befu5sl0407dp8e5rqsru3u]|User id : 2|Name : SUPER  ADMINISTRATEUR |Module : [use_object]|Function : [Msg - delete]| [OK_110] object_diagram - '53' a été supprimé.
2022-08-01 23:24:16|[INFO]|Session : [120634g5m777r5gueg5r3s4jij]|User id : 1|Name : |Module : [use_object]|Function : [Msg - update]| [OK_112] object_trace - '2' a été modifié.
2022-08-01 23:24:57|[INFO]|Session : [plul8niua3rtth79m96ftuu0vj]|User id : 1|Name : |Module : [use_object]|Function : [Msg - update]| [OK_112] object_trace_diagram - '3' a été modifié.
2022-08-01 23:24:59|[INFO]|Session : [b11kt4jne86g7cncijvslpflb9]|User id : 1|Name : |Module : [use_object]|Function : [Msg - update]| [OK_112] object_trace - '2' a été modifié.
2022-08-01 23:25:00|[INFO]|Session : [260jkbag305f48jac0l2djirl6]|User id : 1|Name : |Module : [use_object]|Function : [Msg - update]| [OK_112] object_trace_diagram - '3' a été modifié.
2022-08-01 23:25:01|[INFO]|Session : [50ou5dgkkl6p14v3ld90gqibfs]|User id : 1|Name : |Module : [use_object]|Function : [Msg - update]| [OK_112] object_trace - '2' a été modifié.
2022-08-01 23:25:03|[INFO]|Session : [ovmvctji876o46gt9tjq4rrvmt]|User id : 1|Name : |Module : [use_object]|Function : [Msg - update]| [OK_112] object_trace_diagram - '3' a été modifié.
2022-08-01 23:25:04|[INFO]|Session : [ktj7194d6ksv8ijemc8rje45ci]|User id : 1|Name : |Module : [use_object]|Function : [Msg - update]| [OK_112] object_trace - '2' a été modifié.
2022-08-01 23:25:05|[INFO]|Session : [fedkb7dttdv6vj7ti45o2k03bp]|User id : 1|Name : |Module : [use_object]|Function : [Msg - update]| [OK_112] object_trace_diagram - '3' a été modifié.
2022-08-01 23:25:06|[INFO]|Session : [qaa6htgb7nu1677ihanksnu4dm]|User id : 1|Name : |Module : [use_object]|Function : [Msg - update]| [OK_112] object_trace - '2' a été modifié.
2022-08-01 23:25:08|[INFO]|Session : [seqadmmps8hdkm0ds88do2ocr8]|User id : 1|Name : |Module : [use_object]|Function : [Msg - update]| [OK_112] object_trace - '2' a été modifié.
2022-08-01 23:25:16|[INFO]|Session : [5j1eb3rhbi3sqdfifpus6jfhp6]|User id : 1|Name : |Module : [use_object]|Function : [Msg - update]| [OK_112] object_trace - '2' a été modifié.
2022-08-01 23:25:21|[INFO]|Session : [9osedp9if6glclru91g7p7l2n8]|User id : 1|Name : |Module : [use_object]|Function : [Msg - update]| [OK_112] object_trace - '2' a été modifié.
2022-08-01 23:25:25|[INFO]|Session : [dg05eifh4jeglrg79q6ul43beg]|User id : 1|Name : |Module : [use_object]|Function : [Msg - update]| [OK_112] object_trace - '2' a été modifié.
2022-08-01 23:25:30|[INFO]|Session : [46pmph0h3o1cpimuipuk73usvi]|User id : 1|Name : |Module : [use_object]|Function : [Msg - update]| [OK_112] object_trace - '2' a été modifié.
2022-08-01 23:25:32|[INFO]|Session : [aufvlll90u6tqbpe35odbietgo]|User id : 1|Name : |Module : [use_object]|Function : [Msg - update]| [OK_112] object_trace - '2' a été modifié.
2022-08-01 23:25:47|[INFO]|Session : [usi0hv3sf933hjgotfng7n5mgr]|User id : 1|Name : |Module : [use_object]|Function : [Msg - update]| [OK_112] object_trace - '2' a été modifié.
2022-08-01 23:25:52|[INFO]|Session : [d24pjtkgi3prvv4h2vme0oouko]|User id : 1|Name : |Module : [use_object]|Function : [Msg - update]| [OK_112] object_trace - '2' a été modifié.
2022-08-01 23:25:55|[INFO]|Session : [13vjp65lltjha3djpelr63t0t8]|User id : 1|Name : |Module : [use_object]|Function : [Msg - update]| [OK_112] object_trace - '2' a été modifié.
2022-08-01 23:25:59|[INFO]|Session : [th6f16uosrqh9r3iotnlo7r5f1]|User id : 1|Name : |Module : [use_object]|Function : [Msg - update]| [OK_112] object_trace_diagram - '3' a été modifié.
2022-08-01 23:26:00|[INFO]|Session : [ir5ds29fampbet1c13meil90to]|User id : 1|Name : |Module : [use_object]|Function : [Msg - update]| [OK_112] object_trace - '2' a été modifié.
2022-08-01 23:26:00|[INFO]|Session : [ooue42r5jfjtfvregphhi1ev20]|User id : 1|Name : |Module : [use_object]|Function : [Msg - update]| [OK_112] object_trace_diagram - '3' a été modifié.
2022-08-01 23:26:01|[INFO]|Session : [i1s63tgjk5kgte3mgfa21rfeap]|User id : 1|Name : |Module : [use_object]|Function : [Msg - update]| [OK_112] object_trace - '2' a été modifié.
2022-08-01 23:26:02|[INFO]|Session : [7it5r9a0f221smi5sq8gidtte0]|User id : 1|Name : |Module : [use_object]|Function : [Msg - update]| [OK_112] object_trace_diagram - '3' a été modifié.
2022-08-01 23:26:02|[INFO]|Session : [j6l50jeti2d435g5rnmqrcb4lt]|User id : 1|Name : |Module : [use_object]|Function : [Msg - update]| [OK_112] object_trace - '2' a été modifié.
