2022-08-26 18:45:20|[INFO]|Session : [1nm24g0tdkasbuq4ak7go3gvrd]|User id : 2|Name : SUPER  ADMINISTRATEUR |Module : [use_object]|Function : [Msg - update]| [OK_112] object_trace - '7' a été modifié.
2022-08-26 18:47:06|[INFO]|Session : [1nm24g0tdkasbuq4ak7go3gvrd]|User id : 2|Name : SUPER  ADMINISTRATEUR |Module : [use_object]|Function : [Msg - update]| [OK_112] object_result - '276' a été modifié.
2022-08-26 18:47:06|[INFO]|Session : [1nm24g0tdkasbuq4ak7go3gvrd]|User id : 2|Name : SUPER  ADMINISTRATEUR |Module : [use_object]|Function : [Msg - update]| [OK_112] object_field_result - '411' a été modifié.
2022-08-26 18:47:14|[INFO]|Session : [1nm24g0tdkasbuq4ak7go3gvrd]|User id : 2|Name : SUPER  ADMINISTRATEUR |Module : [use_object]|Function : [Msg - update]| [OK_112] object_trace - '7' a été modifié.
2022-08-26 18:47:53|[INFO]|Session : [1nm24g0tdkasbuq4ak7go3gvrd]|User id : 2|Name : SUPER  ADMINISTRATEUR |Module : [use_object]|Function : [Msg - update]| [OK_112] object_trace - '7' a été modifié.
2022-08-26 18:48:00|[INFO]|Session : [1nm24g0tdkasbuq4ak7go3gvrd]|User id : 2|Name : SUPER  ADMINISTRATEUR |Module : [use_object]|Function : [Msg - update]| [OK_112] object_trace - '7' a été modifié.
2022-08-26 18:48:00|[INFO]|Session : [1nm24g0tdkasbuq4ak7go3gvrd]|User id : 2|Name : SUPER  ADMINISTRATEUR |Module : [use_object]|Function : [Msg - update]| [OK_112] object_trace - '7' a été modifié.
2022-08-26 18:49:19|[INFO]|Session : [1nm24g0tdkasbuq4ak7go3gvrd]|User id : 2|Name : SUPER  ADMINISTRATEUR |Module : [use_object]|Function : [Msg - delete]| [OK_110] object_slide_variable - '23' a été supprimé.
2022-08-26 18:49:19|[INFO]|Session : [1nm24g0tdkasbuq4ak7go3gvrd]|User id : 2|Name : SUPER  ADMINISTRATEUR |Module : [use_object]|Function : [Msg - delete]| [OK_110] object_slide_variable - '24' a été supprimé.
2022-08-26 18:49:19|[INFO]|Session : [1nm24g0tdkasbuq4ak7go3gvrd]|User id : 2|Name : SUPER  ADMINISTRATEUR |Module : [use_object]|Function : [Msg - delete]| [OK_110] object_slide_variable - '25' a été supprimé.
2022-08-26 18:49:19|[INFO]|Session : [1nm24g0tdkasbuq4ak7go3gvrd]|User id : 2|Name : SUPER  ADMINISTRATEUR |Module : [use_object]|Function : [Msg - insert]| [OK_111] object_slide_variable - '' a été créé.
2022-08-26 18:49:19|[INFO]|Session : [1nm24g0tdkasbuq4ak7go3gvrd]|User id : 2|Name : SUPER  ADMINISTRATEUR |Module : [use_object]|Function : [Msg - insert]| [OK_111] object_slide_variable - '' a été créé.
2022-08-26 18:49:19|[INFO]|Session : [1nm24g0tdkasbuq4ak7go3gvrd]|User id : 2|Name : SUPER  ADMINISTRATEUR |Module : [use_object]|Function : [Msg - insert]| [OK_111] object_slide_variable - '' a été créé.
2022-08-26 18:49:19|[INFO]|Session : [1nm24g0tdkasbuq4ak7go3gvrd]|User id : 2|Name : SUPER  ADMINISTRATEUR |Module : [use_object]|Function : [Msg - delete]| [OK_110] object_slide_variable_1 - '26' a été supprimé.
2022-08-26 18:49:19|[INFO]|Session : [1nm24g0tdkasbuq4ak7go3gvrd]|User id : 2|Name : SUPER  ADMINISTRATEUR |Module : [use_object]|Function : [Msg - delete]| [OK_110] object_slide_variable_1 - '27' a été supprimé.
2022-08-26 18:49:19|[INFO]|Session : [1nm24g0tdkasbuq4ak7go3gvrd]|User id : 2|Name : SUPER  ADMINISTRATEUR |Module : [use_object]|Function : [Msg - insert]| [OK_111] object_slide_variable_1 - '' a été créé.
2022-08-26 18:49:19|[INFO]|Session : [1nm24g0tdkasbuq4ak7go3gvrd]|User id : 2|Name : SUPER  ADMINISTRATEUR |Module : [use_object]|Function : [Msg - insert]| [OK_111] object_slide_variable_1 - '' a été créé.
2022-08-26 18:49:19|[INFO]|Session : [1nm24g0tdkasbuq4ak7go3gvrd]|User id : 2|Name : SUPER  ADMINISTRATEUR |Module : [use_object]|Function : [Msg - delete]| [OK_110] object_slide_result - '7' a été supprimé.
2022-08-26 18:49:19|[INFO]|Session : [1nm24g0tdkasbuq4ak7go3gvrd]|User id : 2|Name : SUPER  ADMINISTRATEUR |Module : [use_object]|Function : [Msg - insert]| [OK_111] object_slide_result - '' a été créé.
2022-08-26 18:49:19|[INFO]|Session : [1nm24g0tdkasbuq4ak7go3gvrd]|User id : 2|Name : SUPER  ADMINISTRATEUR |Module : [use_object]|Function : [Msg - delete]| [OK_110] object_slide_result_1 - '8' a été supprimé.
2022-08-26 18:49:19|[INFO]|Session : [1nm24g0tdkasbuq4ak7go3gvrd]|User id : 2|Name : SUPER  ADMINISTRATEUR |Module : [use_object]|Function : [Msg - insert]| [OK_111] object_slide_result_1 - '' a été créé.
2022-08-26 18:49:19|[INFO]|Session : [1nm24g0tdkasbuq4ak7go3gvrd]|User id : 2|Name : SUPER  ADMINISTRATEUR |Module : [use_object]|Function : [Msg - insert]| [OK_111] object_slide_result_1 - '' a été créé.
2022-08-26 18:49:19|[INFO]|Session : [1nm24g0tdkasbuq4ak7go3gvrd]|User id : 2|Name : SUPER  ADMINISTRATEUR |Module : [use_object]|Function : [Msg - update]| [OK_112] object_notice - '159' a été modifié.
2022-08-26 18:49:19|[INFO]|Session : [1nm24g0tdkasbuq4ak7go3gvrd]|User id : 2|Name : SUPER  ADMINISTRATEUR |Module : [use_object]|Function : [Msg - update]| [OK_112] object_content_variables - '160' a été modifié.
2022-08-26 18:49:19|[INFO]|Session : [1nm24g0tdkasbuq4ak7go3gvrd]|User id : 2|Name : SUPER  ADMINISTRATEUR |Module : [use_object]|Function : [Msg - update]| [OK_112] object_slide - '284' a été modifié.
2022-08-26 18:49:27|[INFO]|Session : [1nm24g0tdkasbuq4ak7go3gvrd]|User id : 2|Name : SUPER  ADMINISTRATEUR |Module : [use_object]|Function : [Msg - update]| [OK_112] object_trace - '7' a été modifié.
2022-08-26 18:49:28|[INFO]|Session : [1nm24g0tdkasbuq4ak7go3gvrd]|User id : 2|Name : SUPER  ADMINISTRATEUR |Module : [use_object]|Function : [Msg - update]| [OK_112] object_trace - '7' a été modifié.
2022-08-26 18:49:55|[INFO]|Session : [1nm24g0tdkasbuq4ak7go3gvrd]|User id : 2|Name : SUPER  ADMINISTRATEUR |Module : [use_object]|Function : [Msg - update]| [OK_112] object_result - '276' a été modifié.
2022-08-26 18:49:55|[INFO]|Session : [1nm24g0tdkasbuq4ak7go3gvrd]|User id : 2|Name : SUPER  ADMINISTRATEUR |Module : [use_object]|Function : [Msg - update]| [OK_112] object_field_result - '411' a été modifié.
2022-08-26 18:50:23|[INFO]|Session : [1nm24g0tdkasbuq4ak7go3gvrd]|User id : 2|Name : SUPER  ADMINISTRATEUR |Module : [use_object]|Function : [Msg - update]| [OK_112] object_result - '483' a été modifié.
2022-08-26 18:50:23|[INFO]|Session : [1nm24g0tdkasbuq4ak7go3gvrd]|User id : 2|Name : SUPER  ADMINISTRATEUR |Module : [use_object]|Function : [Msg - update]| [OK_112] object_field_result - '626' a été modifié.
2022-08-26 18:50:45|[INFO]|Session : [1nm24g0tdkasbuq4ak7go3gvrd]|User id : 2|Name : SUPER  ADMINISTRATEUR |Module : [use_object]|Function : [Msg - delete]| [OK_110] object_slide_variable - '45' a été supprimé.
2022-08-26 18:50:45|[INFO]|Session : [1nm24g0tdkasbuq4ak7go3gvrd]|User id : 2|Name : SUPER  ADMINISTRATEUR |Module : [use_object]|Function : [Msg - delete]| [OK_110] object_slide_variable - '46' a été supprimé.
2022-08-26 18:50:45|[INFO]|Session : [1nm24g0tdkasbuq4ak7go3gvrd]|User id : 2|Name : SUPER  ADMINISTRATEUR |Module : [use_object]|Function : [Msg - delete]| [OK_110] object_slide_variable - '47' a été supprimé.
2022-08-26 18:50:45|[INFO]|Session : [1nm24g0tdkasbuq4ak7go3gvrd]|User id : 2|Name : SUPER  ADMINISTRATEUR |Module : [use_object]|Function : [Msg - insert]| [OK_111] object_slide_variable - '' a été créé.
2022-08-26 18:50:45|[INFO]|Session : [1nm24g0tdkasbuq4ak7go3gvrd]|User id : 2|Name : SUPER  ADMINISTRATEUR |Module : [use_object]|Function : [Msg - insert]| [OK_111] object_slide_variable - '' a été créé.
2022-08-26 18:50:45|[INFO]|Session : [1nm24g0tdkasbuq4ak7go3gvrd]|User id : 2|Name : SUPER  ADMINISTRATEUR |Module : [use_object]|Function : [Msg - insert]| [OK_111] object_slide_variable - '' a été créé.
2022-08-26 18:50:45|[INFO]|Session : [1nm24g0tdkasbuq4ak7go3gvrd]|User id : 2|Name : SUPER  ADMINISTRATEUR |Module : [use_object]|Function : [Msg - delete]| [OK_110] object_slide_variable_1 - '48' a été supprimé.
2022-08-26 18:50:45|[INFO]|Session : [1nm24g0tdkasbuq4ak7go3gvrd]|User id : 2|Name : SUPER  ADMINISTRATEUR |Module : [use_object]|Function : [Msg - delete]| [OK_110] object_slide_variable_1 - '49' a été supprimé.
2022-08-26 18:50:45|[INFO]|Session : [1nm24g0tdkasbuq4ak7go3gvrd]|User id : 2|Name : SUPER  ADMINISTRATEUR |Module : [use_object]|Function : [Msg - insert]| [OK_111] object_slide_variable_1 - '' a été créé.
2022-08-26 18:50:45|[INFO]|Session : [1nm24g0tdkasbuq4ak7go3gvrd]|User id : 2|Name : SUPER  ADMINISTRATEUR |Module : [use_object]|Function : [Msg - insert]| [OK_111] object_slide_variable_1 - '' a été créé.
2022-08-26 18:50:45|[INFO]|Session : [1nm24g0tdkasbuq4ak7go3gvrd]|User id : 2|Name : SUPER  ADMINISTRATEUR |Module : [use_object]|Function : [Msg - delete]| [OK_110] object_slide_result - '27' a été supprimé.
2022-08-26 18:50:45|[INFO]|Session : [1nm24g0tdkasbuq4ak7go3gvrd]|User id : 2|Name : SUPER  ADMINISTRATEUR |Module : [use_object]|Function : [Msg - insert]| [OK_111] object_slide_result - '' a été créé.
2022-08-26 18:50:45|[INFO]|Session : [1nm24g0tdkasbuq4ak7go3gvrd]|User id : 2|Name : SUPER  ADMINISTRATEUR |Module : [use_object]|Function : [Msg - delete]| [OK_110] object_slide_result_1 - '29' a été supprimé.
2022-08-26 18:50:45|[INFO]|Session : [1nm24g0tdkasbuq4ak7go3gvrd]|User id : 2|Name : SUPER  ADMINISTRATEUR |Module : [use_object]|Function : [Msg - delete]| [OK_110] object_slide_result_1 - '28' a été supprimé.
2022-08-26 18:50:45|[INFO]|Session : [1nm24g0tdkasbuq4ak7go3gvrd]|User id : 2|Name : SUPER  ADMINISTRATEUR |Module : [use_object]|Function : [Msg - insert]| [OK_111] object_slide_result_1 - '' a été créé.
2022-08-26 18:50:45|[INFO]|Session : [1nm24g0tdkasbuq4ak7go3gvrd]|User id : 2|Name : SUPER  ADMINISTRATEUR |Module : [use_object]|Function : [Msg - update]| [OK_112] object_notice - '159' a été modifié.
2022-08-26 18:50:45|[INFO]|Session : [1nm24g0tdkasbuq4ak7go3gvrd]|User id : 2|Name : SUPER  ADMINISTRATEUR |Module : [use_object]|Function : [Msg - update]| [OK_112] object_content_variables - '160' a été modifié.
2022-08-26 18:50:45|[INFO]|Session : [1nm24g0tdkasbuq4ak7go3gvrd]|User id : 2|Name : SUPER  ADMINISTRATEUR |Module : [use_object]|Function : [Msg - update]| [OK_112] object_slide - '284' a été modifié.
2022-08-26 18:50:51|[INFO]|Session : [1nm24g0tdkasbuq4ak7go3gvrd]|User id : 2|Name : SUPER  ADMINISTRATEUR |Module : [use_object]|Function : [Msg - update]| [OK_112] object_trace - '7' a été modifié.
2022-08-26 18:50:51|[INFO]|Session : [1nm24g0tdkasbuq4ak7go3gvrd]|User id : 2|Name : SUPER  ADMINISTRATEUR |Module : [use_object]|Function : [Msg - update]| [OK_112] object_trace - '7' a été modifié.
2022-08-26 18:54:19|[INFO]|Session : [1nm24g0tdkasbuq4ak7go3gvrd]|User id : 2|Name : SUPER  ADMINISTRATEUR |Module : [use_object]|Function : [Msg - update]| [OK_112] object_trace - '7' a été modifié.
2022-08-26 18:54:19|[INFO]|Session : [1nm24g0tdkasbuq4ak7go3gvrd]|User id : 2|Name : SUPER  ADMINISTRATEUR |Module : [use_object]|Function : [Msg - update]| [OK_112] object_trace - '7' a été modifié.
2022-08-26 18:57:40|[INFO]|Session : [1nm24g0tdkasbuq4ak7go3gvrd]|User id : 2|Name : SUPER  ADMINISTRATEUR |Module : [use_object]|Function : [Msg - update]| [OK_112] object_trace - '7' a été modifié.
2022-08-26 18:57:40|[INFO]|Session : [1nm24g0tdkasbuq4ak7go3gvrd]|User id : 2|Name : SUPER  ADMINISTRATEUR |Module : [use_object]|Function : [Msg - update]| [OK_112] object_trace - '7' a été modifié.
2022-08-26 18:58:04|[INFO]|Session : [1nm24g0tdkasbuq4ak7go3gvrd]|User id : 2|Name : SUPER  ADMINISTRATEUR |Module : [use_object]|Function : [Msg - delete]| [OK_110] object_slide_variable - '50' a été supprimé.
2022-08-26 18:58:04|[INFO]|Session : [1nm24g0tdkasbuq4ak7go3gvrd]|User id : 2|Name : SUPER  ADMINISTRATEUR |Module : [use_object]|Function : [Msg - delete]| [OK_110] object_slide_variable - '51' a été supprimé.
2022-08-26 18:58:04|[INFO]|Session : [1nm24g0tdkasbuq4ak7go3gvrd]|User id : 2|Name : SUPER  ADMINISTRATEUR |Module : [use_object]|Function : [Msg - delete]| [OK_110] object_slide_variable - '52' a été supprimé.
2022-08-26 18:58:04|[INFO]|Session : [1nm24g0tdkasbuq4ak7go3gvrd]|User id : 2|Name : SUPER  ADMINISTRATEUR |Module : [use_object]|Function : [Msg - insert]| [OK_111] object_slide_variable - '' a été créé.
2022-08-26 18:58:04|[INFO]|Session : [1nm24g0tdkasbuq4ak7go3gvrd]|User id : 2|Name : SUPER  ADMINISTRATEUR |Module : [use_object]|Function : [Msg - insert]| [OK_111] object_slide_variable - '' a été créé.
2022-08-26 18:58:04|[INFO]|Session : [1nm24g0tdkasbuq4ak7go3gvrd]|User id : 2|Name : SUPER  ADMINISTRATEUR |Module : [use_object]|Function : [Msg - insert]| [OK_111] object_slide_variable - '' a été créé.
2022-08-26 18:58:04|[INFO]|Session : [1nm24g0tdkasbuq4ak7go3gvrd]|User id : 2|Name : SUPER  ADMINISTRATEUR |Module : [use_object]|Function : [Msg - delete]| [OK_110] object_slide_variable_1 - '53' a été supprimé.
2022-08-26 18:58:04|[INFO]|Session : [1nm24g0tdkasbuq4ak7go3gvrd]|User id : 2|Name : SUPER  ADMINISTRATEUR |Module : [use_object]|Function : [Msg - delete]| [OK_110] object_slide_variable_1 - '54' a été supprimé.
2022-08-26 18:58:04|[INFO]|Session : [1nm24g0tdkasbuq4ak7go3gvrd]|User id : 2|Name : SUPER  ADMINISTRATEUR |Module : [use_object]|Function : [Msg - insert]| [OK_111] object_slide_variable_1 - '' a été créé.
2022-08-26 18:58:04|[INFO]|Session : [1nm24g0tdkasbuq4ak7go3gvrd]|User id : 2|Name : SUPER  ADMINISTRATEUR |Module : [use_object]|Function : [Msg - insert]| [OK_111] object_slide_variable_1 - '' a été créé.
2022-08-26 18:58:04|[INFO]|Session : [1nm24g0tdkasbuq4ak7go3gvrd]|User id : 2|Name : SUPER  ADMINISTRATEUR |Module : [use_object]|Function : [Msg - delete]| [OK_110] object_slide_result - '30' a été supprimé.
2022-08-26 18:58:04|[INFO]|Session : [1nm24g0tdkasbuq4ak7go3gvrd]|User id : 2|Name : SUPER  ADMINISTRATEUR |Module : [use_object]|Function : [Msg - insert]| [OK_111] object_slide_result - '' a été créé.
2022-08-26 18:58:04|[INFO]|Session : [1nm24g0tdkasbuq4ak7go3gvrd]|User id : 2|Name : SUPER  ADMINISTRATEUR |Module : [use_object]|Function : [Msg - delete]| [OK_110] object_slide_result_1 - '31' a été supprimé.
2022-08-26 18:58:04|[INFO]|Session : [1nm24g0tdkasbuq4ak7go3gvrd]|User id : 2|Name : SUPER  ADMINISTRATEUR |Module : [use_object]|Function : [Msg - insert]| [OK_111] object_slide_result_1 - '' a été créé.
2022-08-26 18:58:04|[INFO]|Session : [1nm24g0tdkasbuq4ak7go3gvrd]|User id : 2|Name : SUPER  ADMINISTRATEUR |Module : [use_object]|Function : [Msg - update]| [OK_112] object_notice - '159' a été modifié.
2022-08-26 18:58:04|[INFO]|Session : [1nm24g0tdkasbuq4ak7go3gvrd]|User id : 2|Name : SUPER  ADMINISTRATEUR |Module : [use_object]|Function : [Msg - update]| [OK_112] object_content_variables - '160' a été modifié.
2022-08-26 18:58:04|[INFO]|Session : [1nm24g0tdkasbuq4ak7go3gvrd]|User id : 2|Name : SUPER  ADMINISTRATEUR |Module : [use_object]|Function : [Msg - update]| [OK_112] object_content_results - '174' a été modifié.
2022-08-26 18:58:04|[INFO]|Session : [1nm24g0tdkasbuq4ak7go3gvrd]|User id : 2|Name : SUPER  ADMINISTRATEUR |Module : [use_object]|Function : [Msg - update]| [OK_112] object_slide - '284' a été modifié.
2022-08-26 18:58:10|[INFO]|Session : [1nm24g0tdkasbuq4ak7go3gvrd]|User id : 2|Name : SUPER  ADMINISTRATEUR |Module : [use_object]|Function : [Msg - update]| [OK_112] object_trace - '7' a été modifié.
2022-08-26 18:58:10|[INFO]|Session : [1nm24g0tdkasbuq4ak7go3gvrd]|User id : 2|Name : SUPER  ADMINISTRATEUR |Module : [use_object]|Function : [Msg - update]| [OK_112] object_trace - '7' a été modifié.
2022-08-26 19:03:29|[INFO]|Session : [1nm24g0tdkasbuq4ak7go3gvrd]|User id : 2|Name : SUPER  ADMINISTRATEUR |Module : [use_object]|Function : [Msg - update]| [OK_112] object_trace - '7' a été modifié.
2022-08-26 19:03:30|[INFO]|Session : [1nm24g0tdkasbuq4ak7go3gvrd]|User id : 2|Name : SUPER  ADMINISTRATEUR |Module : [use_object]|Function : [Msg - update]| [OK_112] object_trace - '7' a été modifié.
2022-08-26 19:06:33|[INFO]|Session : [1nm24g0tdkasbuq4ak7go3gvrd]|User id : 2|Name : SUPER  ADMINISTRATEUR |Module : [use_object]|Function : [Msg - delete]| [OK_110] object_slide_variable - '55' a été supprimé.
2022-08-26 19:06:33|[INFO]|Session : [1nm24g0tdkasbuq4ak7go3gvrd]|User id : 2|Name : SUPER  ADMINISTRATEUR |Module : [use_object]|Function : [Msg - delete]| [OK_110] object_slide_variable - '56' a été supprimé.
2022-08-26 19:06:33|[INFO]|Session : [1nm24g0tdkasbuq4ak7go3gvrd]|User id : 2|Name : SUPER  ADMINISTRATEUR |Module : [use_object]|Function : [Msg - delete]| [OK_110] object_slide_variable - '57' a été supprimé.
2022-08-26 19:06:33|[INFO]|Session : [1nm24g0tdkasbuq4ak7go3gvrd]|User id : 2|Name : SUPER  ADMINISTRATEUR |Module : [use_object]|Function : [Msg - insert]| [OK_111] object_slide_variable - '' a été créé.
2022-08-26 19:06:33|[INFO]|Session : [1nm24g0tdkasbuq4ak7go3gvrd]|User id : 2|Name : SUPER  ADMINISTRATEUR |Module : [use_object]|Function : [Msg - insert]| [OK_111] object_slide_variable - '' a été créé.
2022-08-26 19:06:33|[INFO]|Session : [1nm24g0tdkasbuq4ak7go3gvrd]|User id : 2|Name : SUPER  ADMINISTRATEUR |Module : [use_object]|Function : [Msg - insert]| [OK_111] object_slide_variable - '' a été créé.
2022-08-26 19:06:33|[INFO]|Session : [1nm24g0tdkasbuq4ak7go3gvrd]|User id : 2|Name : SUPER  ADMINISTRATEUR |Module : [use_object]|Function : [Msg - delete]| [OK_110] object_slide_variable_1 - '58' a été supprimé.
2022-08-26 19:06:33|[INFO]|Session : [1nm24g0tdkasbuq4ak7go3gvrd]|User id : 2|Name : SUPER  ADMINISTRATEUR |Module : [use_object]|Function : [Msg - delete]| [OK_110] object_slide_variable_1 - '59' a été supprimé.
2022-08-26 19:06:33|[INFO]|Session : [1nm24g0tdkasbuq4ak7go3gvrd]|User id : 2|Name : SUPER  ADMINISTRATEUR |Module : [use_object]|Function : [Msg - insert]| [OK_111] object_slide_variable_1 - '' a été créé.
2022-08-26 19:06:33|[INFO]|Session : [1nm24g0tdkasbuq4ak7go3gvrd]|User id : 2|Name : SUPER  ADMINISTRATEUR |Module : [use_object]|Function : [Msg - insert]| [OK_111] object_slide_variable_1 - '' a été créé.
2022-08-26 19:06:33|[INFO]|Session : [1nm24g0tdkasbuq4ak7go3gvrd]|User id : 2|Name : SUPER  ADMINISTRATEUR |Module : [use_object]|Function : [Msg - delete]| [OK_110] object_slide_result - '32' a été supprimé.
2022-08-26 19:06:33|[INFO]|Session : [1nm24g0tdkasbuq4ak7go3gvrd]|User id : 2|Name : SUPER  ADMINISTRATEUR |Module : [use_object]|Function : [Msg - insert]| [OK_111] object_slide_result - '' a été créé.
2022-08-26 19:06:33|[INFO]|Session : [1nm24g0tdkasbuq4ak7go3gvrd]|User id : 2|Name : SUPER  ADMINISTRATEUR |Module : [use_object]|Function : [Msg - delete]| [OK_110] object_slide_result_1 - '33' a été supprimé.
2022-08-26 19:06:33|[INFO]|Session : [1nm24g0tdkasbuq4ak7go3gvrd]|User id : 2|Name : SUPER  ADMINISTRATEUR |Module : [use_object]|Function : [Msg - insert]| [OK_111] object_slide_result_1 - '' a été créé.
2022-08-26 19:06:33|[INFO]|Session : [1nm24g0tdkasbuq4ak7go3gvrd]|User id : 2|Name : SUPER  ADMINISTRATEUR |Module : [use_object]|Function : [Msg - update]| [OK_112] object_notice - '159' a été modifié.
2022-08-26 19:06:33|[INFO]|Session : [1nm24g0tdkasbuq4ak7go3gvrd]|User id : 2|Name : SUPER  ADMINISTRATEUR |Module : [use_object]|Function : [Msg - update]| [OK_112] object_content_variables - '160' a été modifié.
2022-08-26 19:06:33|[INFO]|Session : [1nm24g0tdkasbuq4ak7go3gvrd]|User id : 2|Name : SUPER  ADMINISTRATEUR |Module : [use_object]|Function : [Msg - update]| [OK_112] object_content_results - '174' a été modifié.
2022-08-26 19:06:33|[INFO]|Session : [1nm24g0tdkasbuq4ak7go3gvrd]|User id : 2|Name : SUPER  ADMINISTRATEUR |Module : [use_object]|Function : [Msg - update]| [OK_112] object_slide - '284' a été modifié.
2022-08-26 19:06:38|[INFO]|Session : [1nm24g0tdkasbuq4ak7go3gvrd]|User id : 2|Name : SUPER  ADMINISTRATEUR |Module : [use_object]|Function : [Msg - update]| [OK_112] object_trace - '7' a été modifié.
2022-08-26 19:06:39|[INFO]|Session : [1nm24g0tdkasbuq4ak7go3gvrd]|User id : 2|Name : SUPER  ADMINISTRATEUR |Module : [use_object]|Function : [Msg - update]| [OK_112] object_trace - '7' a été modifié.
2022-08-26 19:07:43|[INFO]|Session : [1nm24g0tdkasbuq4ak7go3gvrd]|User id : 2|Name : SUPER  ADMINISTRATEUR |Module : [use_object]|Function : [Msg - update]| [OK_112] object_trace - '7' a été modifié.
2022-08-26 19:07:44|[INFO]|Session : [1nm24g0tdkasbuq4ak7go3gvrd]|User id : 2|Name : SUPER  ADMINISTRATEUR |Module : [use_object]|Function : [Msg - update]| [OK_112] object_trace - '7' a été modifié.
2022-08-26 19:09:09|[INFO]|Session : [1nm24g0tdkasbuq4ak7go3gvrd]|User id : 2|Name : SUPER  ADMINISTRATEUR |Module : [use_object]|Function : [Msg - update]| [OK_112] object_trace - '7' a été modifié.
2022-08-26 19:09:09|[INFO]|Session : [1nm24g0tdkasbuq4ak7go3gvrd]|User id : 2|Name : SUPER  ADMINISTRATEUR |Module : [use_object]|Function : [Msg - update]| [OK_112] object_trace - '7' a été modifié.
2022-08-26 19:09:21|[INFO]|Session : [1nm24g0tdkasbuq4ak7go3gvrd]|User id : 2|Name : SUPER  ADMINISTRATEUR |Module : [use_object]|Function : [Msg - update]| [OK_112] object_trace - '7' a été modifié.
2022-08-26 19:09:21|[INFO]|Session : [1nm24g0tdkasbuq4ak7go3gvrd]|User id : 2|Name : SUPER  ADMINISTRATEUR |Module : [use_object]|Function : [Msg - update]| [OK_112] object_trace - '7' a été modifié.
2022-08-26 19:09:22|[INFO]|Session : [1nm24g0tdkasbuq4ak7go3gvrd]|User id : 2|Name : SUPER  ADMINISTRATEUR |Module : [use_object]|Function : [Msg - update]| [OK_112] object_trace - '7' a été modifié.
2022-08-26 19:09:25|[INFO]|Session : [1nm24g0tdkasbuq4ak7go3gvrd]|User id : 2|Name : SUPER  ADMINISTRATEUR |Module : [use_object]|Function : [Msg - update]| [OK_112] object_trace - '7' a été modifié.
2022-08-26 19:09:25|[INFO]|Session : [1nm24g0tdkasbuq4ak7go3gvrd]|User id : 2|Name : SUPER  ADMINISTRATEUR |Module : [use_object]|Function : [Msg - update]| [OK_112] object_trace - '7' a été modifié.
2022-08-26 19:09:26|[INFO]|Session : [1nm24g0tdkasbuq4ak7go3gvrd]|User id : 2|Name : SUPER  ADMINISTRATEUR |Module : [use_object]|Function : [Msg - update]| [OK_112] object_trace - '7' a été modifié.
2022-08-26 19:09:26|[INFO]|Session : [1nm24g0tdkasbuq4ak7go3gvrd]|User id : 2|Name : SUPER  ADMINISTRATEUR |Module : [use_object]|Function : [Msg - update]| [OK_112] object_trace - '7' a été modifié.
2022-08-26 19:09:26|[INFO]|Session : [1nm24g0tdkasbuq4ak7go3gvrd]|User id : 2|Name : SUPER  ADMINISTRATEUR |Module : [use_object]|Function : [Msg - update]| [OK_112] object_trace - '7' a été modifié.
2022-08-26 19:09:49|[INFO]|Session : [1nm24g0tdkasbuq4ak7go3gvrd]|User id : 2|Name : SUPER  ADMINISTRATEUR |Module : [use_object]|Function : [Msg - update]| [OK_112] object_trace - '7' a été modifié.
2022-08-26 19:09:49|[INFO]|Session : [1nm24g0tdkasbuq4ak7go3gvrd]|User id : 2|Name : SUPER  ADMINISTRATEUR |Module : [use_object]|Function : [Msg - update]| [OK_112] object_trace - '7' a été modifié.
2022-08-26 19:10:04|[INFO]|Session : [1nm24g0tdkasbuq4ak7go3gvrd]|User id : 2|Name : SUPER  ADMINISTRATEUR |Module : [use_object]|Function : [Msg - update]| [OK_112] object_trace - '7' a été modifié.
2022-08-26 19:10:05|[INFO]|Session : [1nm24g0tdkasbuq4ak7go3gvrd]|User id : 2|Name : SUPER  ADMINISTRATEUR |Module : [use_object]|Function : [Msg - update]| [OK_112] object_trace - '7' a été modifié.
2022-08-26 19:10:06|[INFO]|Session : [1nm24g0tdkasbuq4ak7go3gvrd]|User id : 2|Name : SUPER  ADMINISTRATEUR |Module : [use_object]|Function : [Msg - update]| [OK_112] object_trace - '7' a été modifié.
2022-08-26 19:10:06|[INFO]|Session : [1nm24g0tdkasbuq4ak7go3gvrd]|User id : 2|Name : SUPER  ADMINISTRATEUR |Module : [use_object]|Function : [Msg - update]| [OK_112] object_trace - '7' a été modifié.
2022-08-26 19:10:17|[INFO]|Session : [1nm24g0tdkasbuq4ak7go3gvrd]|User id : 2|Name : SUPER  ADMINISTRATEUR |Module : [use_object]|Function : [Msg - update]| [OK_112] object_trace - '7' a été modifié.
2022-08-26 19:10:18|[INFO]|Session : [1nm24g0tdkasbuq4ak7go3gvrd]|User id : 2|Name : SUPER  ADMINISTRATEUR |Module : [use_object]|Function : [Msg - update]| [OK_112] object_trace - '7' a été modifié.
2022-08-26 19:10:18|[INFO]|Session : [1nm24g0tdkasbuq4ak7go3gvrd]|User id : 2|Name : SUPER  ADMINISTRATEUR |Module : [use_object]|Function : [Msg - update]| [OK_112] object_trace - '7' a été modifié.
2022-08-26 19:10:19|[INFO]|Session : [1nm24g0tdkasbuq4ak7go3gvrd]|User id : 2|Name : SUPER  ADMINISTRATEUR |Module : [use_object]|Function : [Msg - update]| [OK_112] object_trace - '7' a été modifié.
2022-08-26 19:10:30|[INFO]|Session : [1nm24g0tdkasbuq4ak7go3gvrd]|User id : 2|Name : SUPER  ADMINISTRATEUR |Module : [use_object]|Function : [Msg - update]| [OK_112] object_trace - '7' a été modifié.
2022-08-26 19:10:30|[INFO]|Session : [1nm24g0tdkasbuq4ak7go3gvrd]|User id : 2|Name : SUPER  ADMINISTRATEUR |Module : [use_object]|Function : [Msg - update]| [OK_112] object_trace - '7' a été modifié.
2022-08-26 19:10:31|[INFO]|Session : [1nm24g0tdkasbuq4ak7go3gvrd]|User id : 2|Name : SUPER  ADMINISTRATEUR |Module : [use_object]|Function : [Msg - update]| [OK_112] object_trace - '7' a été modifié.
2022-08-26 19:10:31|[INFO]|Session : [1nm24g0tdkasbuq4ak7go3gvrd]|User id : 2|Name : SUPER  ADMINISTRATEUR |Module : [use_object]|Function : [Msg - update]| [OK_112] object_trace - '7' a été modifié.
