2022-09-03 00:39:49|[INFO]|Session : [89iv2gkvdivn1t7c4t4dmm8ole]|User id : 2|Name : SUPER  ADMINISTRATEUR |Module : [use_object]|Function : [Msg - update]| [OK_112] object_trace - '7' a été modifié.
2022-09-03 00:40:12|[INFO]|Session : [89iv2gkvdivn1t7c4t4dmm8ole]|User id : 2|Name : SUPER  ADMINISTRATEUR |Module : [use_object]|Function : [Msg - update]| [OK_112] object_trace - '7' a été modifié.
2022-09-03 00:40:52|[INFO]|Session : [89iv2gkvdivn1t7c4t4dmm8ole]|User id : 2|Name : SUPER  ADMINISTRATEUR |Module : [use_object]|Function : [Msg - update]| [OK_112] object_trace - '7' a été modifié.
2022-09-03 00:41:24|[INFO]|Session : [89iv2gkvdivn1t7c4t4dmm8ole]|User id : 2|Name : SUPER  ADMINISTRATEUR |Module : [use_object]|Function : [Msg - update]| [OK_112] object_trace - '7' a été modifié.
2022-09-03 00:42:21|[INFO]|Session : [89iv2gkvdivn1t7c4t4dmm8ole]|User id : 2|Name : SUPER  ADMINISTRATEUR |Module : [use_object]|Function : [Msg - update]| [OK_112] object_trace - '7' a été modifié.
2022-09-03 00:43:43|[INFO]|Session : [89iv2gkvdivn1t7c4t4dmm8ole]|User id : 2|Name : SUPER  ADMINISTRATEUR |Module : [use_object]|Function : [Msg - update]| [OK_112] object_trace - '7' a été modifié.
2022-09-03 00:43:48|[INFO]|Session : [89iv2gkvdivn1t7c4t4dmm8ole]|User id : 2|Name : SUPER  ADMINISTRATEUR |Module : [use_object]|Function : [Msg - update]| [OK_112] object_trace - '7' a été modifié.
2022-09-03 00:44:01|[INFO]|Session : [89iv2gkvdivn1t7c4t4dmm8ole]|User id : 2|Name : SUPER  ADMINISTRATEUR |Module : [use_object]|Function : [Msg - update]| [OK_112] object_trace - '7' a été modifié.
2022-09-03 00:44:05|[INFO]|Session : [89iv2gkvdivn1t7c4t4dmm8ole]|User id : 2|Name : SUPER  ADMINISTRATEUR |Module : [use_object]|Function : [Msg - update]| [OK_112] object_trace - '7' a été modifié.
2022-09-03 00:48:52|[INFO]|Session : [89iv2gkvdivn1t7c4t4dmm8ole]|User id : 2|Name : SUPER  ADMINISTRATEUR |Module : [use_object]|Function : [Msg - update]| [OK_112] object_trace - '7' a été modifié.
2022-09-03 00:48:56|[INFO]|Session : [89iv2gkvdivn1t7c4t4dmm8ole]|User id : 2|Name : SUPER  ADMINISTRATEUR |Module : [use_object]|Function : [Msg - update]| [OK_112] object_trace - '7' a été modifié.
2022-09-03 00:49:47|[INFO]|Session : [89iv2gkvdivn1t7c4t4dmm8ole]|User id : 2|Name : SUPER  ADMINISTRATEUR |Module : [use_object]|Function : [Msg - update]| [OK_112] object_trace - '7' a été modifié.
2022-09-03 00:55:15|[INFO]|Session : [89iv2gkvdivn1t7c4t4dmm8ole]|User id : 2|Name : SUPER  ADMINISTRATEUR |Module : [use_object]|Function : [Msg - update]| [OK_112] object_trace - '7' a été modifié.
2022-09-03 00:55:21|[INFO]|Session : [89iv2gkvdivn1t7c4t4dmm8ole]|User id : 2|Name : SUPER  ADMINISTRATEUR |Module : [use_object]|Function : [Msg - update]| [OK_112] object_trace - '7' a été modifié.
2022-09-03 00:55:48|[INFO]|Session : [89iv2gkvdivn1t7c4t4dmm8ole]|User id : 2|Name : SUPER  ADMINISTRATEUR |Module : [use_object]|Function : [Msg - update]| [OK_112] object_trace - '7' a été modifié.
2022-09-03 00:56:09|[INFO]|Session : [89iv2gkvdivn1t7c4t4dmm8ole]|User id : 2|Name : SUPER  ADMINISTRATEUR |Module : [use_object]|Function : [Msg - update]| [OK_112] object_trace - '7' a été modifié.
2022-09-03 00:58:06|[INFO]|Session : [89iv2gkvdivn1t7c4t4dmm8ole]|User id : 2|Name : SUPER  ADMINISTRATEUR |Module : [use_object]|Function : [Msg - update]| [OK_112] object_trace - '7' a été modifié.
2022-09-03 00:58:15|[INFO]|Session : [89iv2gkvdivn1t7c4t4dmm8ole]|User id : 2|Name : SUPER  ADMINISTRATEUR |Module : [use_object]|Function : [Msg - update]| [OK_112] object_trace - '7' a été modifié.
2022-09-03 00:59:28|[INFO]|Session : [89iv2gkvdivn1t7c4t4dmm8ole]|User id : 2|Name : SUPER  ADMINISTRATEUR |Module : [use_object]|Function : [Msg - update]| [OK_112] object_trace - '7' a été modifié.
2022-09-03 00:59:33|[INFO]|Session : [89iv2gkvdivn1t7c4t4dmm8ole]|User id : 2|Name : SUPER  ADMINISTRATEUR |Module : [use_object]|Function : [Msg - update]| [OK_112] object_trace - '7' a été modifié.
2022-09-03 01:01:30|[INFO]|Session : [89iv2gkvdivn1t7c4t4dmm8ole]|User id : 2|Name : SUPER  ADMINISTRATEUR |Module : [use_object]|Function : [Msg - insert]| [OK_111] object_slide_variable - '' a été créé.
2022-09-03 01:01:30|[INFO]|Session : [89iv2gkvdivn1t7c4t4dmm8ole]|User id : 2|Name : SUPER  ADMINISTRATEUR |Module : [use_object]|Function : [Msg - insert]| [OK_111] object_slide_variable - '' a été créé.
2022-09-03 01:01:30|[INFO]|Session : [89iv2gkvdivn1t7c4t4dmm8ole]|User id : 2|Name : SUPER  ADMINISTRATEUR |Module : [use_object]|Function : [Msg - insert]| [OK_111] object_slide_variable - '' a été créé.
2022-09-03 01:01:30|[INFO]|Session : [89iv2gkvdivn1t7c4t4dmm8ole]|User id : 2|Name : SUPER  ADMINISTRATEUR |Module : [use_object]|Function : [Msg - insert]| [OK_111] object_slide_variable - '' a été créé.
2022-09-03 01:01:30|[INFO]|Session : [89iv2gkvdivn1t7c4t4dmm8ole]|User id : 2|Name : SUPER  ADMINISTRATEUR |Module : [use_object]|Function : [Msg - insert]| [OK_111] object_slide_variable - '' a été créé.
2022-09-03 01:01:30|[INFO]|Session : [89iv2gkvdivn1t7c4t4dmm8ole]|User id : 2|Name : SUPER  ADMINISTRATEUR |Module : [use_object]|Function : [Msg - insert]| [OK_111] object_slide_variable - '' a été créé.
2022-09-03 01:01:30|[INFO]|Session : [89iv2gkvdivn1t7c4t4dmm8ole]|User id : 2|Name : SUPER  ADMINISTRATEUR |Module : [use_object]|Function : [Msg - insert]| [OK_111] object_slide_variable - '' a été créé.
2022-09-03 01:01:30|[INFO]|Session : [89iv2gkvdivn1t7c4t4dmm8ole]|User id : 2|Name : SUPER  ADMINISTRATEUR |Module : [use_object]|Function : [Msg - insert]| [OK_111] object_slide_variable - '' a été créé.
2022-09-03 01:01:30|[INFO]|Session : [89iv2gkvdivn1t7c4t4dmm8ole]|User id : 2|Name : SUPER  ADMINISTRATEUR |Module : [use_object]|Function : [Msg - insert]| [OK_111] object_slide_variable - '' a été créé.
2022-09-03 01:01:30|[INFO]|Session : [89iv2gkvdivn1t7c4t4dmm8ole]|User id : 2|Name : SUPER  ADMINISTRATEUR |Module : [use_object]|Function : [Msg - insert]| [OK_111] object_slide_variable - '' a été créé.
2022-09-03 01:01:30|[INFO]|Session : [89iv2gkvdivn1t7c4t4dmm8ole]|User id : 2|Name : SUPER  ADMINISTRATEUR |Module : [use_object]|Function : [Msg - insert]| [OK_111] object_slide_variable - '' a été créé.
2022-09-03 01:01:30|[INFO]|Session : [89iv2gkvdivn1t7c4t4dmm8ole]|User id : 2|Name : SUPER  ADMINISTRATEUR |Module : [use_object]|Function : [Msg - insert]| [OK_111] object_slide_variable - '' a été créé.
2022-09-03 01:01:30|[INFO]|Session : [89iv2gkvdivn1t7c4t4dmm8ole]|User id : 2|Name : SUPER  ADMINISTRATEUR |Module : [use_object]|Function : [Msg - insert]| [OK_111] object_slide_variable - '' a été créé.
2022-09-03 01:01:31|[INFO]|Session : [89iv2gkvdivn1t7c4t4dmm8ole]|User id : 2|Name : SUPER  ADMINISTRATEUR |Module : [use_object]|Function : [Msg - insert]| [OK_111] object_slide_result - '' a été créé.
2022-09-03 01:01:31|[INFO]|Session : [89iv2gkvdivn1t7c4t4dmm8ole]|User id : 2|Name : SUPER  ADMINISTRATEUR |Module : [use_object]|Function : [Msg - insert]| [OK_111] object_slide_result - '' a été créé.
2022-09-03 01:01:31|[INFO]|Session : [89iv2gkvdivn1t7c4t4dmm8ole]|User id : 2|Name : SUPER  ADMINISTRATEUR |Module : [use_object]|Function : [Msg - insert]| [OK_111] object_slide_result - '' a été créé.
2022-09-03 01:01:31|[INFO]|Session : [89iv2gkvdivn1t7c4t4dmm8ole]|User id : 2|Name : SUPER  ADMINISTRATEUR |Module : [use_object]|Function : [Msg - insert]| [OK_111] object_slide_result - '' a été créé.
2022-09-03 01:01:31|[INFO]|Session : [89iv2gkvdivn1t7c4t4dmm8ole]|User id : 2|Name : SUPER  ADMINISTRATEUR |Module : [use_object]|Function : [Msg - insert]| [OK_111] object_slide_result - '' a été créé.
2022-09-03 01:01:32|[INFO]|Session : [89iv2gkvdivn1t7c4t4dmm8ole]|User id : 2|Name : SUPER  ADMINISTRATEUR |Module : [use_object]|Function : [Msg - update]| [OK_112] object_slide - '322' a été modifié.
2022-09-03 01:01:38|[INFO]|Session : [89iv2gkvdivn1t7c4t4dmm8ole]|User id : 2|Name : SUPER  ADMINISTRATEUR |Module : [use_object]|Function : [Msg - update]| [OK_112] object_trace - '7' a été modifié.
2022-09-03 01:01:44|[INFO]|Session : [89iv2gkvdivn1t7c4t4dmm8ole]|User id : 2|Name : SUPER  ADMINISTRATEUR |Module : [use_object]|Function : [Msg - update]| [OK_112] object_trace - '7' a été modifié.
2022-09-03 01:01:48|[INFO]|Session : [89iv2gkvdivn1t7c4t4dmm8ole]|User id : 2|Name : SUPER  ADMINISTRATEUR |Module : [use_object]|Function : [Msg - update]| [OK_112] object_trace - '7' a été modifié.
2022-09-03 01:01:51|[INFO]|Session : [89iv2gkvdivn1t7c4t4dmm8ole]|User id : 2|Name : SUPER  ADMINISTRATEUR |Module : [use_object]|Function : [Msg - update]| [OK_112] object_trace - '7' a été modifié.
2022-09-03 01:02:03|[INFO]|Session : [89iv2gkvdivn1t7c4t4dmm8ole]|User id : 2|Name : SUPER  ADMINISTRATEUR |Module : [use_object]|Function : [Msg - update]| [OK_112] object_trace - '7' a été modifié.
2022-09-03 01:02:08|[INFO]|Session : [89iv2gkvdivn1t7c4t4dmm8ole]|User id : 2|Name : SUPER  ADMINISTRATEUR |Module : [use_object]|Function : [Msg - update]| [OK_112] object_trace - '7' a été modifié.
2022-09-03 01:02:11|[INFO]|Session : [89iv2gkvdivn1t7c4t4dmm8ole]|User id : 2|Name : SUPER  ADMINISTRATEUR |Module : [use_object]|Function : [Msg - update]| [OK_112] object_trace - '7' a été modifié.
2022-09-03 01:02:14|[INFO]|Session : [89iv2gkvdivn1t7c4t4dmm8ole]|User id : 2|Name : SUPER  ADMINISTRATEUR |Module : [use_object]|Function : [Msg - update]| [OK_112] object_trace - '7' a été modifié.
2022-09-03 01:12:06|[INFO]|Session : [89iv2gkvdivn1t7c4t4dmm8ole]|User id : 2|Name : SUPER  ADMINISTRATEUR |Module : [use_object]|Function : [Msg - update]| [OK_112] object_trace - '7' a été modifié.
2022-09-03 01:16:11|[INFO]|Session : [89iv2gkvdivn1t7c4t4dmm8ole]|User id : 2|Name : SUPER  ADMINISTRATEUR |Module : [use_object]|Function : [Msg - update]| [OK_112] object_trace - '7' a été modifié.
2022-09-03 01:16:31|[INFO]|Session : [89iv2gkvdivn1t7c4t4dmm8ole]|User id : 2|Name : SUPER  ADMINISTRATEUR |Module : [use_object]|Function : [Msg - update]| [OK_112] object_trace - '7' a été modifié.
2022-09-03 01:18:07|[INFO]|Session : [89iv2gkvdivn1t7c4t4dmm8ole]|User id : 2|Name : SUPER  ADMINISTRATEUR |Module : [use_object]|Function : [Msg - update]| [OK_112] object_trace - '7' a été modifié.
2022-09-03 01:25:43|[INFO]|Session : [89iv2gkvdivn1t7c4t4dmm8ole]|User id : 2|Name : SUPER  ADMINISTRATEUR |Module : [use_object]|Function : [Msg - update]| [OK_112] object_trace - '7' a été modifié.
2022-09-03 01:29:53|[INFO]|Session : [89iv2gkvdivn1t7c4t4dmm8ole]|User id : 2|Name : SUPER  ADMINISTRATEUR |Module : [use_object]|Function : [Msg - update]| [OK_112] object_trace - '7' a été modifié.
2022-09-03 01:30:05|[INFO]|Session : [89iv2gkvdivn1t7c4t4dmm8ole]|User id : 2|Name : SUPER  ADMINISTRATEUR |Module : [use_object]|Function : [Msg - update]| [OK_112] object_trace - '7' a été modifié.
2022-09-03 01:30:24|[INFO]|Session : [89iv2gkvdivn1t7c4t4dmm8ole]|User id : 2|Name : SUPER  ADMINISTRATEUR |Module : [use_object]|Function : [Msg - update]| [OK_112] object_trace - '7' a été modifié.
2022-09-03 01:31:17|[INFO]|Session : [89iv2gkvdivn1t7c4t4dmm8ole]|User id : 2|Name : SUPER  ADMINISTRATEUR |Module : [use_object]|Function : [Msg - update]| [OK_112] object_trace - '7' a été modifié.
2022-09-03 01:31:44|[INFO]|Session : [89iv2gkvdivn1t7c4t4dmm8ole]|User id : 2|Name : SUPER  ADMINISTRATEUR |Module : [use_object]|Function : [Msg - update]| [OK_112] object_trace - '7' a été modifié.
2022-09-03 01:31:48|[INFO]|Session : [rovm06favfk6iqngomhse7j4ga]|User id : 1|Name : |Module : [use_object]|Function : [Msg - update]| [OK_112] object_trace - '7' a été modifié.
2022-09-03 01:31:50|[INFO]|Session : [rovm06favfk6iqngomhse7j4ga]|User id : 1|Name : |Module : [use_object]|Function : [Msg - update]| [OK_112] object_trace - '7' a été modifié.
2022-09-03 01:31:53|[INFO]|Session : [rovm06favfk6iqngomhse7j4ga]|User id : 1|Name : |Module : [use_object]|Function : [Msg - update]| [OK_112] object_trace - '7' a été modifié.
2022-09-03 01:31:58|[INFO]|Session : [rovm06favfk6iqngomhse7j4ga]|User id : 1|Name : |Module : [use_object]|Function : [Msg - update]| [OK_112] object_trace - '7' a été modifié.
2022-09-03 01:31:58|[INFO]|Session : [rovm06favfk6iqngomhse7j4ga]|User id : 1|Name : |Module : [use_object]|Function : [Msg - update]| [OK_112] object_trace - '7' a été modifié.
2022-09-03 01:32:57|[INFO]|Session : [rovm06favfk6iqngomhse7j4ga]|User id : 1|Name : |Module : [use_object]|Function : [Msg - update]| [OK_112] object_trace - '56' a été modifié.
2022-09-03 01:33:01|[INFO]|Session : [rovm06favfk6iqngomhse7j4ga]|User id : 1|Name : |Module : [use_object]|Function : [Msg - update]| [OK_112] object_trace - '56' a été modifié.
2022-09-03 01:33:10|[INFO]|Session : [rovm06favfk6iqngomhse7j4ga]|User id : 1|Name : |Module : [use_object]|Function : [Msg - update]| [OK_112] object_trace - '56' a été modifié.
2022-09-03 01:33:15|[INFO]|Session : [rovm06favfk6iqngomhse7j4ga]|User id : 1|Name : |Module : [use_object]|Function : [Msg - update]| [OK_112] object_trace - '56' a été modifié.
2022-09-03 01:33:17|[INFO]|Session : [rovm06favfk6iqngomhse7j4ga]|User id : 1|Name : |Module : [use_object]|Function : [Msg - update]| [OK_112] object_trace - '56' a été modifié.
2022-09-03 01:33:24|[INFO]|Session : [rovm06favfk6iqngomhse7j4ga]|User id : 1|Name : |Module : [use_object]|Function : [Msg - update]| [OK_112] object_trace - '56' a été modifié.
2022-09-03 01:33:26|[INFO]|Session : [rovm06favfk6iqngomhse7j4ga]|User id : 1|Name : |Module : [use_object]|Function : [Msg - update]| [OK_112] object_trace - '56' a été modifié.
2022-09-03 01:33:37|[INFO]|Session : [rovm06favfk6iqngomhse7j4ga]|User id : 1|Name : |Module : [use_object]|Function : [Msg - update]| [OK_112] object_trace - '56' a été modifié.
2022-09-03 01:33:44|[INFO]|Session : [rovm06favfk6iqngomhse7j4ga]|User id : 1|Name : |Module : [use_object]|Function : [Msg - update]| [OK_112] object_trace - '56' a été modifié.
2022-09-03 01:33:49|[INFO]|Session : [rovm06favfk6iqngomhse7j4ga]|User id : 1|Name : |Module : [use_object]|Function : [Msg - update]| [OK_112] object_trace - '56' a été modifié.
2022-09-03 01:33:51|[INFO]|Session : [rovm06favfk6iqngomhse7j4ga]|User id : 1|Name : |Module : [use_object]|Function : [Msg - update]| [OK_112] object_trace - '56' a été modifié.
2022-09-03 01:33:54|[INFO]|Session : [rovm06favfk6iqngomhse7j4ga]|User id : 1|Name : |Module : [use_object]|Function : [Msg - update]| [OK_112] object_trace - '56' a été modifié.
2022-09-03 01:33:57|[INFO]|Session : [rovm06favfk6iqngomhse7j4ga]|User id : 1|Name : |Module : [use_object]|Function : [Msg - update]| [OK_112] object_trace - '56' a été modifié.
2022-09-03 01:33:59|[INFO]|Session : [rovm06favfk6iqngomhse7j4ga]|User id : 1|Name : |Module : [use_object]|Function : [Msg - update]| [OK_112] object_trace - '56' a été modifié.
2022-09-03 01:34:11|[INFO]|Session : [rovm06favfk6iqngomhse7j4ga]|User id : 1|Name : |Module : [use_object]|Function : [Msg - update]| [OK_112] object_trace - '56' a été modifié.
2022-09-03 01:39:48|[INFO]|Session : [rovm06favfk6iqngomhse7j4ga]|User id : 2|Name : SUPER  ADMINISTRATEUR |Module : [use_object]|Function : [Msg - update]| [OK_112] object_trace - '7' a été modifié.
2022-09-03 01:39:50|[INFO]|Session : [rovm06favfk6iqngomhse7j4ga]|User id : 2|Name : SUPER  ADMINISTRATEUR |Module : [use_object]|Function : [Msg - update]| [OK_112] object_trace - '7' a été modifié.
2022-09-03 01:39:54|[INFO]|Session : [rovm06favfk6iqngomhse7j4ga]|User id : 2|Name : SUPER  ADMINISTRATEUR |Module : [use_object]|Function : [Msg - update]| [OK_112] object_trace - '7' a été modifié.
2022-09-03 01:39:57|[INFO]|Session : [rovm06favfk6iqngomhse7j4ga]|User id : 2|Name : SUPER  ADMINISTRATEUR |Module : [use_object]|Function : [Msg - update]| [OK_112] object_trace - '7' a été modifié.
2022-09-03 01:40:04|[INFO]|Session : [rovm06favfk6iqngomhse7j4ga]|User id : 2|Name : SUPER  ADMINISTRATEUR |Module : [use_object]|Function : [Msg - update]| [OK_112] object_trace - '7' a été modifié.
2022-09-03 01:40:08|[INFO]|Session : [rovm06favfk6iqngomhse7j4ga]|User id : 2|Name : SUPER  ADMINISTRATEUR |Module : [use_object]|Function : [Msg - update]| [OK_112] object_trace - '7' a été modifié.
2022-09-03 01:40:15|[INFO]|Session : [rovm06favfk6iqngomhse7j4ga]|User id : 2|Name : SUPER  ADMINISTRATEUR |Module : [use_object]|Function : [Msg - update]| [OK_112] object_trace - '7' a été modifié.
2022-09-03 01:40:22|[INFO]|Session : [rovm06favfk6iqngomhse7j4ga]|User id : 2|Name : SUPER  ADMINISTRATEUR |Module : [use_object]|Function : [Msg - update]| [OK_112] object_trace - '7' a été modifié.
2022-09-03 01:40:23|[INFO]|Session : [rovm06favfk6iqngomhse7j4ga]|User id : 2|Name : SUPER  ADMINISTRATEUR |Module : [use_object]|Function : [Msg - update]| [OK_112] object_trace - '7' a été modifié.
2022-09-03 01:41:10|[INFO]|Session : [rovm06favfk6iqngomhse7j4ga]|User id : 2|Name : SUPER  ADMINISTRATEUR |Module : [use_object]|Function : [Msg - update]| [OK_112] object_trace - '7' a été modifié.
2022-09-03 01:41:20|[INFO]|Session : [rovm06favfk6iqngomhse7j4ga]|User id : 2|Name : SUPER  ADMINISTRATEUR |Module : [use_object]|Function : [Msg - update]| [OK_112] object_trace - '7' a été modifié.
2022-09-03 01:41:26|[INFO]|Session : [rovm06favfk6iqngomhse7j4ga]|User id : 2|Name : SUPER  ADMINISTRATEUR |Module : [use_object]|Function : [Msg - update]| [OK_112] object_trace - '7' a été modifié.
2022-09-03 01:41:29|[INFO]|Session : [rovm06favfk6iqngomhse7j4ga]|User id : 2|Name : SUPER  ADMINISTRATEUR |Module : [use_object]|Function : [Msg - update]| [OK_112] object_trace - '7' a été modifié.
2022-09-03 01:41:36|[INFO]|Session : [rovm06favfk6iqngomhse7j4ga]|User id : 2|Name : SUPER  ADMINISTRATEUR |Module : [use_object]|Function : [Msg - update]| [OK_112] object_trace - '7' a été modifié.
2022-09-03 01:41:41|[INFO]|Session : [rovm06favfk6iqngomhse7j4ga]|User id : 2|Name : SUPER  ADMINISTRATEUR |Module : [use_object]|Function : [Msg - update]| [OK_112] object_trace - '7' a été modifié.
2022-09-03 01:41:44|[INFO]|Session : [rovm06favfk6iqngomhse7j4ga]|User id : 2|Name : SUPER  ADMINISTRATEUR |Module : [use_object]|Function : [Msg - update]| [OK_112] object_trace - '7' a été modifié.
2022-09-03 01:41:57|[INFO]|Session : [rovm06favfk6iqngomhse7j4ga]|User id : 2|Name : SUPER  ADMINISTRATEUR |Module : [use_object]|Function : [Msg - update]| [OK_112] object_trace - '7' a été modifié.
2022-09-03 05:12:13|[INFO]|Session : [21a9i50g9vii3n09ninfggtjsp]|User id : 1|Name : |Module : [use_object]|Function : [Msg - update]| [OK_112] object_trace - '57' a été modifié.
2022-09-03 05:12:17|[INFO]|Session : [21a9i50g9vii3n09ninfggtjsp]|User id : 1|Name : |Module : [use_object]|Function : [Msg - update]| [OK_112] object_trace - '57' a été modifié.
2022-09-03 05:26:23|[INFO]|Session : [21a9i50g9vii3n09ninfggtjsp]|User id : 2|Name : SUPER  ADMINISTRATEUR |Module : [use_object]|Function : [Msg - update]| [OK_112] object_trace - '7' a été modifié.
2022-09-03 05:26:26|[INFO]|Session : [21a9i50g9vii3n09ninfggtjsp]|User id : 2|Name : SUPER  ADMINISTRATEUR |Module : [use_object]|Function : [Msg - update]| [OK_112] object_trace - '7' a été modifié.
2022-09-03 05:35:27|[INFO]|Session : [21a9i50g9vii3n09ninfggtjsp]|User id : 2|Name : SUPER  ADMINISTRATEUR |Module : [use_object]|Function : [Msg - update]| [OK_112] object_trace - '7' a été modifié.
2022-09-03 05:35:30|[INFO]|Session : [21a9i50g9vii3n09ninfggtjsp]|User id : 2|Name : SUPER  ADMINISTRATEUR |Module : [use_object]|Function : [Msg - update]| [OK_112] object_trace - '7' a été modifié.
2022-09-03 05:35:45|[INFO]|Session : [21a9i50g9vii3n09ninfggtjsp]|User id : 2|Name : SUPER  ADMINISTRATEUR |Module : [use_object]|Function : [Msg - update]| [OK_112] object_trace - '7' a été modifié.
2022-09-03 05:35:48|[INFO]|Session : [21a9i50g9vii3n09ninfggtjsp]|User id : 2|Name : SUPER  ADMINISTRATEUR |Module : [use_object]|Function : [Msg - update]| [OK_112] object_trace - '7' a été modifié.
2022-09-03 05:35:51|[INFO]|Session : [21a9i50g9vii3n09ninfggtjsp]|User id : 2|Name : SUPER  ADMINISTRATEUR |Module : [use_object]|Function : [Msg - update]| [OK_112] object_trace - '7' a été modifié.
2022-09-03 05:35:57|[INFO]|Session : [21a9i50g9vii3n09ninfggtjsp]|User id : 2|Name : SUPER  ADMINISTRATEUR |Module : [use_object]|Function : [Msg - update]| [OK_112] object_trace - '7' a été modifié.
2022-09-03 05:36:02|[INFO]|Session : [21a9i50g9vii3n09ninfggtjsp]|User id : 2|Name : SUPER  ADMINISTRATEUR |Module : [use_object]|Function : [Msg - update]| [OK_112] object_trace - '7' a été modifié.
2022-09-03 05:36:03|[INFO]|Session : [21a9i50g9vii3n09ninfggtjsp]|User id : 2|Name : SUPER  ADMINISTRATEUR |Module : [use_object]|Function : [Msg - update]| [OK_112] object_trace - '7' a été modifié.
2022-09-03 05:36:24|[INFO]|Session : [21a9i50g9vii3n09ninfggtjsp]|User id : 2|Name : SUPER  ADMINISTRATEUR |Module : [use_object]|Function : [Msg - update]| [OK_112] object_trace - '7' a été modifié.
2022-09-03 05:36:28|[INFO]|Session : [21a9i50g9vii3n09ninfggtjsp]|User id : 2|Name : SUPER  ADMINISTRATEUR |Module : [use_object]|Function : [Msg - update]| [OK_112] object_trace - '7' a été modifié.
2022-09-03 05:36:39|[INFO]|Session : [21a9i50g9vii3n09ninfggtjsp]|User id : 2|Name : SUPER  ADMINISTRATEUR |Module : [use_object]|Function : [Msg - update]| [OK_112] object_trace - '7' a été modifié.
2022-09-03 05:36:45|[INFO]|Session : [21a9i50g9vii3n09ninfggtjsp]|User id : 2|Name : SUPER  ADMINISTRATEUR |Module : [use_object]|Function : [Msg - update]| [OK_112] object_trace - '7' a été modifié.
2022-09-03 05:36:51|[INFO]|Session : [21a9i50g9vii3n09ninfggtjsp]|User id : 2|Name : SUPER  ADMINISTRATEUR |Module : [use_object]|Function : [Msg - update]| [OK_112] object_trace - '7' a été modifié.
2022-09-03 05:36:56|[INFO]|Session : [21a9i50g9vii3n09ninfggtjsp]|User id : 2|Name : SUPER  ADMINISTRATEUR |Module : [use_object]|Function : [Msg - update]| [OK_112] object_trace - '7' a été modifié.
2022-09-03 05:37:12|[INFO]|Session : [21a9i50g9vii3n09ninfggtjsp]|User id : 2|Name : SUPER  ADMINISTRATEUR |Module : [use_object]|Function : [Msg - update]| [OK_112] object_trace - '7' a été modifié.
2022-09-03 05:37:29|[INFO]|Session : [21a9i50g9vii3n09ninfggtjsp]|User id : 2|Name : SUPER  ADMINISTRATEUR |Module : [use_object]|Function : [Msg - update]| [OK_112] object_trace - '57' a été modifié.
2022-09-03 05:39:10|[INFO]|Session : [21a9i50g9vii3n09ninfggtjsp]|User id : 2|Name : SUPER  ADMINISTRATEUR |Module : [use_object]|Function : [Msg - update]| [OK_112] object_trace - '7' a été modifié.
2022-09-03 05:47:55|[INFO]|Session : [21a9i50g9vii3n09ninfggtjsp]|User id : 2|Name : SUPER  ADMINISTRATEUR |Module : [use_object]|Function : [Msg - update]| [OK_112] object_trace - '7' a été modifié.
2022-09-03 05:48:08|[INFO]|Session : [21a9i50g9vii3n09ninfggtjsp]|User id : 2|Name : SUPER  ADMINISTRATEUR |Module : [use_object]|Function : [Msg - update]| [OK_112] object_trace - '7' a été modifié.
2022-09-03 05:48:10|[INFO]|Session : [21a9i50g9vii3n09ninfggtjsp]|User id : 2|Name : SUPER  ADMINISTRATEUR |Module : [use_object]|Function : [Msg - update]| [OK_112] object_trace - '7' a été modifié.
2022-09-03 05:51:09|[INFO]|Session : [21a9i50g9vii3n09ninfggtjsp]|User id : 2|Name : SUPER  ADMINISTRATEUR |Module : [use_object]|Function : [Msg - update]| [OK_112] object_trace - '7' a été modifié.
2022-09-03 05:51:12|[INFO]|Session : [21a9i50g9vii3n09ninfggtjsp]|User id : 2|Name : SUPER  ADMINISTRATEUR |Module : [use_object]|Function : [Msg - update]| [OK_112] object_trace - '7' a été modifié.
2022-09-03 05:51:15|[INFO]|Session : [21a9i50g9vii3n09ninfggtjsp]|User id : 2|Name : SUPER  ADMINISTRATEUR |Module : [use_object]|Function : [Msg - update]| [OK_112] object_trace - '7' a été modifié.
2022-09-03 05:52:41|[INFO]|Session : [21a9i50g9vii3n09ninfggtjsp]|User id : 2|Name : SUPER  ADMINISTRATEUR |Module : [use_object]|Function : [Msg - update]| [OK_112] object_trace - '7' a été modifié.
2022-09-03 05:55:36|[INFO]|Session : [21a9i50g9vii3n09ninfggtjsp]|User id : 2|Name : SUPER  ADMINISTRATEUR |Module : [use_object]|Function : [Msg - update]| [OK_112] object_trace - '7' a été modifié.
2022-09-03 05:56:34|[INFO]|Session : [21a9i50g9vii3n09ninfggtjsp]|User id : 2|Name : SUPER  ADMINISTRATEUR |Module : [use_object]|Function : [Msg - update]| [OK_112] object_trace - '7' a été modifié.
2022-09-03 05:56:52|[INFO]|Session : [21a9i50g9vii3n09ninfggtjsp]|User id : 2|Name : SUPER  ADMINISTRATEUR |Module : [use_object]|Function : [Msg - update]| [OK_112] object_trace - '7' a été modifié.
2022-09-03 06:00:42|[INFO]|Session : [21a9i50g9vii3n09ninfggtjsp]|User id : 2|Name : SUPER  ADMINISTRATEUR |Module : [use_object]|Function : [Msg - update]| [OK_112] object_trace - '7' a été modifié.
2022-09-03 06:12:24|[INFO]|Session : [21a9i50g9vii3n09ninfggtjsp]|User id : 2|Name : SUPER  ADMINISTRATEUR |Module : [use_object]|Function : [Msg - update]| [OK_112] object_application_ref - '190' a été modifié.
2022-09-03 06:12:43|[INFO]|Session : [21a9i50g9vii3n09ninfggtjsp]|User id : 2|Name : SUPER  ADMINISTRATEUR |Module : [use_object]|Function : [Msg - insert]| [OK_111] object_application_ref - '' a été créé.
2022-09-03 06:12:53|[INFO]|Session : [21a9i50g9vii3n09ninfggtjsp]|User id : 2|Name : SUPER  ADMINISTRATEUR |Module : [use_object]|Function : [Msg - update]| [OK_112] object_application_ref - '192' a été modifié.
2022-09-03 06:13:09|[INFO]|Session : [21a9i50g9vii3n09ninfggtjsp]|User id : 2|Name : SUPER  ADMINISTRATEUR |Module : [use_object]|Function : [Msg - update]| [OK_112] object_application_ref - '191' a été modifié.
2022-09-03 06:13:21|[INFO]|Session : [21a9i50g9vii3n09ninfggtjsp]|User id : 2|Name : SUPER  ADMINISTRATEUR |Module : [use_object]|Function : [Msg - update]| [OK_112] object_trace - '7' a été modifié.
2022-09-03 06:13:49|[INFO]|Session : [21a9i50g9vii3n09ninfggtjsp]|User id : 2|Name : SUPER  ADMINISTRATEUR |Module : [use_object]|Function : [Msg - update]| [OK_112] object_trace - '7' a été modifié.
2022-09-03 06:13:53|[INFO]|Session : [21a9i50g9vii3n09ninfggtjsp]|User id : 2|Name : SUPER  ADMINISTRATEUR |Module : [use_object]|Function : [Msg - update]| [OK_112] object_trace - '7' a été modifié.
2022-09-03 06:14:04|[INFO]|Session : [21a9i50g9vii3n09ninfggtjsp]|User id : 2|Name : SUPER  ADMINISTRATEUR |Module : [use_object]|Function : [Msg - update]| [OK_112] object_trace - '7' a été modifié.
2022-09-03 06:14:06|[INFO]|Session : [21a9i50g9vii3n09ninfggtjsp]|User id : 2|Name : SUPER  ADMINISTRATEUR |Module : [use_object]|Function : [Msg - update]| [OK_112] object_trace - '7' a été modifié.
2022-09-03 06:14:15|[INFO]|Session : [21a9i50g9vii3n09ninfggtjsp]|User id : 2|Name : SUPER  ADMINISTRATEUR |Module : [use_object]|Function : [Msg - update]| [OK_112] object_trace - '7' a été modifié.
2022-09-03 06:14:16|[INFO]|Session : [21a9i50g9vii3n09ninfggtjsp]|User id : 2|Name : SUPER  ADMINISTRATEUR |Module : [use_object]|Function : [Msg - update]| [OK_112] object_trace - '7' a été modifié.
2022-09-03 06:14:19|[INFO]|Session : [21a9i50g9vii3n09ninfggtjsp]|User id : 2|Name : SUPER  ADMINISTRATEUR |Module : [use_object]|Function : [Msg - update]| [OK_112] object_trace - '7' a été modifié.
2022-09-03 06:14:21|[INFO]|Session : [21a9i50g9vii3n09ninfggtjsp]|User id : 2|Name : SUPER  ADMINISTRATEUR |Module : [use_object]|Function : [Msg - update]| [OK_112] object_trace - '7' a été modifié.
2022-09-03 06:15:29|[INFO]|Session : [21a9i50g9vii3n09ninfggtjsp]|User id : 2|Name : SUPER  ADMINISTRATEUR |Module : [use_object]|Function : [Msg - update]| [OK_112] object_trace - '7' a été modifié.
2022-09-03 06:16:19|[INFO]|Session : [21a9i50g9vii3n09ninfggtjsp]|User id : 2|Name : SUPER  ADMINISTRATEUR |Module : [use_object]|Function : [Msg - update]| [OK_112] object_trace - '7' a été modifié.
2022-09-03 06:17:27|[INFO]|Session : [21a9i50g9vii3n09ninfggtjsp]|User id : 2|Name : SUPER  ADMINISTRATEUR |Module : [use_object]|Function : [Msg - update]| [OK_112] object_trace - '7' a été modifié.
2022-09-03 06:18:42|[INFO]|Session : [21a9i50g9vii3n09ninfggtjsp]|User id : 2|Name : SUPER  ADMINISTRATEUR |Module : [use_object]|Function : [Msg - update]| [OK_112] object_trace - '7' a été modifié.
2022-09-03 06:20:12|[INFO]|Session : [21a9i50g9vii3n09ninfggtjsp]|User id : 2|Name : SUPER  ADMINISTRATEUR |Module : [use_object]|Function : [Msg - update]| [OK_112] object_trace - '7' a été modifié.
2022-09-03 06:21:52|[INFO]|Session : [21a9i50g9vii3n09ninfggtjsp]|User id : 2|Name : SUPER  ADMINISTRATEUR |Module : [use_object]|Function : [Msg - update]| [OK_112] object_trace - '7' a été modifié.
2022-09-03 06:22:13|[INFO]|Session : [21a9i50g9vii3n09ninfggtjsp]|User id : 2|Name : SUPER  ADMINISTRATEUR |Module : [use_object]|Function : [Msg - update]| [OK_112] object_trace - '7' a été modifié.
2022-09-03 06:22:29|[INFO]|Session : [21a9i50g9vii3n09ninfggtjsp]|User id : 2|Name : SUPER  ADMINISTRATEUR |Module : [use_object]|Function : [Msg - update]| [OK_112] object_trace - '7' a été modifié.
2022-09-03 06:22:59|[INFO]|Session : [21a9i50g9vii3n09ninfggtjsp]|User id : 2|Name : SUPER  ADMINISTRATEUR |Module : [use_object]|Function : [Msg - update]| [OK_112] object_trace - '7' a été modifié.
2022-09-03 06:23:24|[INFO]|Session : [21a9i50g9vii3n09ninfggtjsp]|User id : 2|Name : SUPER  ADMINISTRATEUR |Module : [use_object]|Function : [Msg - update]| [OK_112] object_trace - '7' a été modifié.
2022-09-03 06:23:29|[INFO]|Session : [21a9i50g9vii3n09ninfggtjsp]|User id : 2|Name : SUPER  ADMINISTRATEUR |Module : [use_object]|Function : [Msg - update]| [OK_112] object_trace - '7' a été modifié.
2022-09-03 06:23:33|[INFO]|Session : [21a9i50g9vii3n09ninfggtjsp]|User id : 2|Name : SUPER  ADMINISTRATEUR |Module : [use_object]|Function : [Msg - update]| [OK_112] object_trace - '7' a été modifié.
2022-09-03 06:23:36|[INFO]|Session : [21a9i50g9vii3n09ninfggtjsp]|User id : 2|Name : SUPER  ADMINISTRATEUR |Module : [use_object]|Function : [Msg - update]| [OK_112] object_trace - '7' a été modifié.
