2022-06-15 12:30:14|[INFO]|Session : [14lkcagak940dgk3hq09i3t795]|User id : 2|Name : SUPER  ADMINISTRATEUR |Module : [use_object]|Function : [Msg - insert]| [OK_111] object_application_ref - '' a ﾃｩtﾃｩ crﾃｩﾃｩ.
2022-06-15 12:31:51|[INFO]|Session : [14lkcagak940dgk3hq09i3t795]|User id : 2|Name : SUPER  ADMINISTRATEUR |Module : [use_object]|Function : [Msg - insert]| [OK_111] object_menu_feature - '' a ﾃｩtﾃｩ crﾃｩﾃｩ.
2022-06-15 12:33:17|[INFO]|Session : [14lkcagak940dgk3hq09i3t795]|User id : 2|Name : SUPER  ADMINISTRATEUR |Module : [use_object]|Function : [Msg - update]| [OK_112] object_menu_feature - '203' a ﾃｩtﾃｩ modifiﾃｩ.
2022-06-15 12:33:46|[INFO]|Session : [14lkcagak940dgk3hq09i3t795]|User id : 2|Name : SUPER  ADMINISTRATEUR |Module : [use_object]|Function : [Msg - update]| [OK_112] object_menu_feature - '161' a ﾃｩtﾃｩ modifiﾃｩ.
2022-06-15 12:36:48|[INFO]|Session : [14lkcagak940dgk3hq09i3t795]|User id : 2|Name : SUPER  ADMINISTRATEUR |Module : [use_object]|Function : [Msg - insert]| [OK_111] object_menu_feature - '' a ﾃｩtﾃｩ crﾃｩﾃｩ.
2022-06-15 15:13:10|[INFO]|Session : [14lkcagak940dgk3hq09i3t795]|User id : 2|Name : SUPER  ADMINISTRATEUR |Module : [use_object]|Function : [Msg - insert]| [OK_111] object_slide_variable - '' a ﾃｩtﾃｩ crﾃｩﾃｩ.
2022-06-15 15:13:10|[INFO]|Session : [14lkcagak940dgk3hq09i3t795]|User id : 2|Name : SUPER  ADMINISTRATEUR |Module : [use_object]|Function : [Msg - insert]| [OK_111] object_slide_variable - '' a ﾃｩtﾃｩ crﾃｩﾃｩ.
2022-06-15 15:13:10|[INFO]|Session : [14lkcagak940dgk3hq09i3t795]|User id : 2|Name : SUPER  ADMINISTRATEUR |Module : [use_object]|Function : [Msg - insert]| [OK_111] object_slide_variable_1 - '' a ﾃｩtﾃｩ crﾃｩﾃｩ.
2022-06-15 15:13:10|[INFO]|Session : [14lkcagak940dgk3hq09i3t795]|User id : 2|Name : SUPER  ADMINISTRATEUR |Module : [use_object]|Function : [Msg - insert]| [OK_111] object_slide_variable_1 - '' a ﾃｩtﾃｩ crﾃｩﾃｩ.
2022-06-15 15:13:10|[INFO]|Session : [14lkcagak940dgk3hq09i3t795]|User id : 2|Name : SUPER  ADMINISTRATEUR |Module : [use_object]|Function : [Msg - insert]| [OK_111] object_slide_variable_1 - '' a ﾃｩtﾃｩ crﾃｩﾃｩ.
2022-06-15 15:13:10|[ERROR]|Session : [14lkcagak940dgk3hq09i3t795]|User id : 2|Name : SUPER  ADMINISTRATEUR |Module : [use_object]|Function : [Msg - insert]| [KO_116] object_slide_result - Impossible de crﾃｩer ''.
2022-06-15 15:13:10|[ERROR]|Session : [14lkcagak940dgk3hq09i3t795]|User id : 2|Name : SUPER  ADMINISTRATEUR |Module : [use_object]|Function : [Msg - insert]| [KO_116] object_slide_result - Impossible de crﾃｩer ''.
2022-06-15 15:13:10|[ERROR]|Session : [14lkcagak940dgk3hq09i3t795]|User id : 2|Name : SUPER  ADMINISTRATEUR |Module : [use_object]|Function : [Msg - insert]| [KO_116] object_slide_result_1 - Impossible de crﾃｩer ''.
2022-06-15 15:13:10|[ERROR]|Session : [14lkcagak940dgk3hq09i3t795]|User id : 2|Name : SUPER  ADMINISTRATEUR |Module : [use_object]|Function : [Msg - insert]| [KO_116] object_slide_result_1 - Impossible de crﾃｩer ''.
2022-06-15 15:13:10|[ERROR]|Session : [14lkcagak940dgk3hq09i3t795]|User id : 2|Name : SUPER  ADMINISTRATEUR |Module : [use_object]|Function : [Msg - insert]| [KO_116] object_slide_result_1 - Impossible de crﾃｩer ''.
2022-06-15 15:13:12|[INFO]|Session : [14lkcagak940dgk3hq09i3t795]|User id : 2|Name : SUPER  ADMINISTRATEUR |Module : [use_object]|Function : [Msg - update]| [OK_112] object_notice - '1' a ﾃｩtﾃｩ modifiﾃｩ.
2022-06-15 15:13:12|[ERROR]|Session : [14lkcagak940dgk3hq09i3t795]|User id : 2|Name : SUPER  ADMINISTRATEUR |Module : [use_object]|Function : [Msg - update]| [KO_117] object_content - Impossible de modifier '126'.
2022-06-15 15:13:12|[ERROR]|Session : [14lkcagak940dgk3hq09i3t795]|User id : 2|Name : SUPER  ADMINISTRATEUR |Module : [use_object]|Function : [Msg - insert]| [KO_116] object_slide - Impossible de crﾃｩer ''.
2022-06-15 15:27:00|[INFO]|Session : [14lkcagak940dgk3hq09i3t795]|User id : 2|Name : SUPER  ADMINISTRATEUR |Module : [use_object]|Function : [Msg - insert]| [OK_111] object_slide_variable - '' a ﾃｩtﾃｩ crﾃｩﾃｩ.
2022-06-15 15:27:00|[INFO]|Session : [14lkcagak940dgk3hq09i3t795]|User id : 2|Name : SUPER  ADMINISTRATEUR |Module : [use_object]|Function : [Msg - insert]| [OK_111] object_slide_variable - '' a ﾃｩtﾃｩ crﾃｩﾃｩ.
2022-06-15 15:27:00|[INFO]|Session : [14lkcagak940dgk3hq09i3t795]|User id : 2|Name : SUPER  ADMINISTRATEUR |Module : [use_object]|Function : [Msg - insert]| [OK_111] object_slide_variable_1 - '' a ﾃｩtﾃｩ crﾃｩﾃｩ.
2022-06-15 15:27:00|[INFO]|Session : [14lkcagak940dgk3hq09i3t795]|User id : 2|Name : SUPER  ADMINISTRATEUR |Module : [use_object]|Function : [Msg - insert]| [OK_111] object_slide_variable_1 - '' a ﾃｩtﾃｩ crﾃｩﾃｩ.
2022-06-15 15:27:00|[INFO]|Session : [14lkcagak940dgk3hq09i3t795]|User id : 2|Name : SUPER  ADMINISTRATEUR |Module : [use_object]|Function : [Msg - insert]| [OK_111] object_slide_result - '' a ﾃｩtﾃｩ crﾃｩﾃｩ.
2022-06-15 15:27:00|[INFO]|Session : [14lkcagak940dgk3hq09i3t795]|User id : 2|Name : SUPER  ADMINISTRATEUR |Module : [use_object]|Function : [Msg - insert]| [OK_111] object_slide_result - '' a ﾃｩtﾃｩ crﾃｩﾃｩ.
2022-06-15 15:27:00|[INFO]|Session : [14lkcagak940dgk3hq09i3t795]|User id : 2|Name : SUPER  ADMINISTRATEUR |Module : [use_object]|Function : [Msg - insert]| [OK_111] object_slide_result_1 - '' a ﾃｩtﾃｩ crﾃｩﾃｩ.
2022-06-15 15:27:00|[INFO]|Session : [14lkcagak940dgk3hq09i3t795]|User id : 2|Name : SUPER  ADMINISTRATEUR |Module : [use_object]|Function : [Msg - insert]| [OK_111] object_slide_result_1 - '' a ﾃｩtﾃｩ crﾃｩﾃｩ.
2022-06-15 15:27:01|[INFO]|Session : [14lkcagak940dgk3hq09i3t795]|User id : 2|Name : SUPER  ADMINISTRATEUR |Module : [use_object]|Function : [Msg - update]| [OK_112] object_notice - '1' a ﾃｩtﾃｩ modifiﾃｩ.
2022-06-15 15:27:01|[INFO]|Session : [14lkcagak940dgk3hq09i3t795]|User id : 2|Name : SUPER  ADMINISTRATEUR |Module : [use_object]|Function : [Msg - update]| [OK_112] object_processus - '108' a ﾃｩtﾃｩ modifiﾃｩ.
2022-06-15 15:27:01|[INFO]|Session : [14lkcagak940dgk3hq09i3t795]|User id : 2|Name : SUPER  ADMINISTRATEUR |Module : [use_object]|Function : [Msg - insert]| [OK_111] object_slide - '' a ﾃｩtﾃｩ crﾃｩﾃｩ.
2022-06-15 23:16:49|[ERROR]|Session : [14lkcagak940dgk3hq09i3t795]|User id : 1|Name : |Module : [use_connect]|Function : [connect - require_once]| [KO_100] Informations de connexion incorrectes. Vous pouvez rﾃｩessayer.
