2022-08-28 00:03:20|[ERROR]|Session : [rqnh7cqn06rch3v40rtnkhd3lp]|User id : 1|Name : |Module : [use_connect]|Function : [connect - require_once]| [KO_100] Informations de connexion incorrectes. Vous pouvez réessayer.
2022-08-28 00:10:00|[INFO]|Session : [rqnh7cqn06rch3v40rtnkhd3lp]|User id : 2|Name : SUPER  ADMINISTRATEUR |Module : [use_object]|Function : [Msg - update]| [OK_112] object_trace - '39' a été modifié.
2022-08-28 00:10:05|[INFO]|Session : [rqnh7cqn06rch3v40rtnkhd3lp]|User id : 2|Name : SUPER  ADMINISTRATEUR |Module : [use_object]|Function : [Msg - update]| [OK_112] object_trace_diagram - '36' a été modifié.
2022-08-28 00:10:05|[INFO]|Session : [rqnh7cqn06rch3v40rtnkhd3lp]|User id : 2|Name : SUPER  ADMINISTRATEUR |Module : [use_object]|Function : [Msg - update]| [OK_112] object_trace - '39' a été modifié.
2022-08-28 00:10:06|[INFO]|Session : [rqnh7cqn06rch3v40rtnkhd3lp]|User id : 2|Name : SUPER  ADMINISTRATEUR |Module : [use_object]|Function : [Msg - update]| [OK_112] object_trace_diagram - '36' a été modifié.
2022-08-28 00:10:06|[INFO]|Session : [rqnh7cqn06rch3v40rtnkhd3lp]|User id : 2|Name : SUPER  ADMINISTRATEUR |Module : [use_object]|Function : [Msg - update]| [OK_112] object_trace - '39' a été modifié.
2022-08-28 00:10:09|[INFO]|Session : [rqnh7cqn06rch3v40rtnkhd3lp]|User id : 2|Name : SUPER  ADMINISTRATEUR |Module : [use_object]|Function : [Msg - update]| [OK_112] object_trace_diagram - '36' a été modifié.
2022-08-28 00:10:09|[INFO]|Session : [rqnh7cqn06rch3v40rtnkhd3lp]|User id : 2|Name : SUPER  ADMINISTRATEUR |Module : [use_object]|Function : [Msg - update]| [OK_112] object_trace - '39' a été modifié.
2022-08-28 00:10:10|[INFO]|Session : [rqnh7cqn06rch3v40rtnkhd3lp]|User id : 2|Name : SUPER  ADMINISTRATEUR |Module : [use_object]|Function : [Msg - update]| [OK_112] object_trace_diagram - '36' a été modifié.
2022-08-28 00:10:10|[INFO]|Session : [rqnh7cqn06rch3v40rtnkhd3lp]|User id : 2|Name : SUPER  ADMINISTRATEUR |Module : [use_object]|Function : [Msg - update]| [OK_112] object_trace - '39' a été modifié.
2022-08-28 00:10:12|[INFO]|Session : [rqnh7cqn06rch3v40rtnkhd3lp]|User id : 2|Name : SUPER  ADMINISTRATEUR |Module : [use_object]|Function : [Msg - update]| [OK_112] object_trace_diagram - '36' a été modifié.
2022-08-28 00:10:13|[INFO]|Session : [rqnh7cqn06rch3v40rtnkhd3lp]|User id : 2|Name : SUPER  ADMINISTRATEUR |Module : [use_object]|Function : [Msg - update]| [OK_112] object_trace - '39' a été modifié.
2022-08-28 00:10:15|[INFO]|Session : [rqnh7cqn06rch3v40rtnkhd3lp]|User id : 2|Name : SUPER  ADMINISTRATEUR |Module : [use_object]|Function : [Msg - update]| [OK_112] object_trace_diagram - '36' a été modifié.
2022-08-28 00:10:15|[INFO]|Session : [rqnh7cqn06rch3v40rtnkhd3lp]|User id : 2|Name : SUPER  ADMINISTRATEUR |Module : [use_object]|Function : [Msg - update]| [OK_112] object_trace - '39' a été modifié.
2022-08-28 00:10:17|[INFO]|Session : [rqnh7cqn06rch3v40rtnkhd3lp]|User id : 2|Name : SUPER  ADMINISTRATEUR |Module : [use_object]|Function : [Msg - update]| [OK_112] object_trace_diagram - '36' a été modifié.
2022-08-28 00:10:17|[INFO]|Session : [rqnh7cqn06rch3v40rtnkhd3lp]|User id : 2|Name : SUPER  ADMINISTRATEUR |Module : [use_object]|Function : [Msg - update]| [OK_112] object_trace - '39' a été modifié.
2022-08-28 00:10:24|[INFO]|Session : [rqnh7cqn06rch3v40rtnkhd3lp]|User id : 2|Name : SUPER  ADMINISTRATEUR |Module : [use_object]|Function : [Msg - update]| [OK_112] object_trace - '39' a été modifié.
2022-08-28 00:14:10|[INFO]|Session : [4muhatadcmoqef37kmpveb7lbn]|User id : 1|Name : |Module : [use_object]|Function : [Msg - update]| [OK_112] object_trace - '7' a été modifié.
2022-08-28 00:14:12|[INFO]|Session : [rk0l97pb5b6v27tdql2oj8gg6l]|User id : 1|Name : |Module : [use_object]|Function : [Msg - update]| [OK_112] object_trace - '7' a été modifié.
2022-08-28 00:14:52|[INFO]|Session : [uu57ml82rtnt4t8ds7ls5cknnn]|User id : 1|Name : |Module : [use_object]|Function : [Msg - update]| [OK_112] object_trace_diagram - '10' a été modifié.
2022-08-28 00:14:53|[INFO]|Session : [9tbvovcr0fjlvurvinrlfq592f]|User id : 1|Name : |Module : [use_object]|Function : [Msg - update]| [OK_112] object_trace - '7' a été modifié.
2022-08-28 00:14:53|[INFO]|Session : [r6re9ebqe4ajm5gblepq615bru]|User id : 1|Name : |Module : [use_object]|Function : [Msg - update]| [OK_112] object_trace_diagram - '10' a été modifié.
2022-08-28 00:14:54|[INFO]|Session : [oec2o5ikd98frlbl57l6e7br61]|User id : 1|Name : |Module : [use_object]|Function : [Msg - update]| [OK_112] object_trace - '7' a été modifié.
2022-08-28 00:14:55|[INFO]|Session : [pdm4gi5vvat4cn662jptf2s5bs]|User id : 1|Name : |Module : [use_object]|Function : [Msg - update]| [OK_112] object_trace - '7' a été modifié.
2022-08-28 00:15:15|[INFO]|Session : [h70k6qq8haldj3t7shkaj4ocke]|User id : 1|Name : |Module : [use_object]|Function : [Msg - update]| [OK_112] object_trace - '7' a été modifié.
2022-08-28 00:15:21|[INFO]|Session : [jhjuqv0llmp9ghod2dp6ltajb3]|User id : 1|Name : |Module : [use_object]|Function : [Msg - update]| [OK_112] object_trace_diagram - '10' a été modifié.
2022-08-28 00:15:21|[INFO]|Session : [un56crb0jd39o3gs69j82rsg8e]|User id : 1|Name : |Module : [use_object]|Function : [Msg - update]| [OK_112] object_trace - '7' a été modifié.
2022-08-28 00:15:25|[INFO]|Session : [u3p9s92cvfd3543kov4hb3ssrv]|User id : 1|Name : |Module : [use_object]|Function : [Msg - update]| [OK_112] object_trace - '7' a été modifié.
2022-08-28 00:15:28|[INFO]|Session : [nltmoal8id4lqsreo9amvh45gj]|User id : 1|Name : |Module : [use_object]|Function : [Msg - update]| [OK_112] object_trace - '7' a été modifié.
2022-08-28 00:16:19|[INFO]|Session : [b7dolra4gf37hipdir96nb65a6]|User id : 1|Name : |Module : [use_object]|Function : [Msg - update]| [OK_112] object_trace_diagram - '10' a été modifié.
2022-08-28 00:16:19|[INFO]|Session : [icon0ckpi824445d7ln63gm65i]|User id : 1|Name : |Module : [use_object]|Function : [Msg - update]| [OK_112] object_trace - '7' a été modifié.
2022-08-28 00:16:20|[INFO]|Session : [p9agck7mup400vplef59habtuu]|User id : 1|Name : |Module : [use_object]|Function : [Msg - update]| [OK_112] object_trace - '7' a été modifié.
2022-08-28 00:16:23|[INFO]|Session : [l2lovrnbvg2h6g9kh6so6jmq0h]|User id : 1|Name : |Module : [use_object]|Function : [Msg - update]| [OK_112] object_trace_diagram - '10' a été modifié.
2022-08-28 00:16:24|[INFO]|Session : [rta8p6b24ltd4sejdtprbpr657]|User id : 1|Name : |Module : [use_object]|Function : [Msg - update]| [OK_112] object_trace - '7' a été modifié.
2022-08-28 00:16:24|[INFO]|Session : [1povv1n9o0a5eh1v8nj965eojr]|User id : 1|Name : |Module : [use_object]|Function : [Msg - update]| [OK_112] object_trace_diagram - '10' a été modifié.
2022-08-28 00:16:25|[INFO]|Session : [iljdfmg4h7qkctl0eukd2h13mt]|User id : 1|Name : |Module : [use_object]|Function : [Msg - update]| [OK_112] object_trace - '7' a été modifié.
2022-08-28 00:16:26|[INFO]|Session : [ib2840mcdv8o6t7osonih4sr05]|User id : 1|Name : |Module : [use_object]|Function : [Msg - update]| [OK_112] object_trace - '7' a été modifié.
2022-08-28 00:16:30|[INFO]|Session : [tnachb3ja9m40mbec5v70li3mh]|User id : 1|Name : |Module : [use_object]|Function : [Msg - update]| [OK_112] object_trace - '7' a été modifié.
2022-08-28 00:16:32|[INFO]|Session : [rkdnn8k8eo4jk9cfbt39qkpu1c]|User id : 1|Name : |Module : [use_object]|Function : [Msg - update]| [OK_112] object_trace_diagram - '10' a été modifié.
2022-08-28 00:16:32|[INFO]|Session : [shcr2bsqtuhrl5rj897djftl6p]|User id : 1|Name : |Module : [use_object]|Function : [Msg - update]| [OK_112] object_trace - '7' a été modifié.
2022-08-28 00:16:34|[INFO]|Session : [is0nc9vntikacincih40ej9qb3]|User id : 1|Name : |Module : [use_object]|Function : [Msg - update]| [OK_112] object_trace - '7' a été modifié.
2022-08-28 00:16:34|[INFO]|Session : [26jgu852p1qa7b5jvhv309q120]|User id : 1|Name : |Module : [use_object]|Function : [Msg - update]| [OK_112] object_trace - '7' a été modifié.
2022-08-28 00:16:38|[INFO]|Session : [ekgivqidhtduttgum3ngmk66el]|User id : 1|Name : |Module : [use_object]|Function : [Msg - update]| [OK_112] object_trace_diagram - '10' a été modifié.
2022-08-28 00:16:39|[INFO]|Session : [p3k530ge74242e5gjalhd534qg]|User id : 1|Name : |Module : [use_object]|Function : [Msg - update]| [OK_112] object_trace - '7' a été modifié.
2022-08-28 00:16:40|[INFO]|Session : [q6hf021smp395qodmnudr1v1rl]|User id : 1|Name : |Module : [use_object]|Function : [Msg - update]| [OK_112] object_trace - '7' a été modifié.
2022-08-28 00:16:43|[INFO]|Session : [k0mdpbkpvv17gd3003jpihl8r3]|User id : 1|Name : |Module : [use_object]|Function : [Msg - update]| [OK_112] object_trace - '7' a été modifié.
2022-08-28 00:16:47|[INFO]|Session : [6b0bpvb7q6a33ngaug056o7gep]|User id : 1|Name : |Module : [use_object]|Function : [Msg - update]| [OK_112] object_trace_diagram - '10' a été modifié.
2022-08-28 00:16:47|[INFO]|Session : [8mpcbe1idjdvhk4vgtfeentnc9]|User id : 1|Name : |Module : [use_object]|Function : [Msg - update]| [OK_112] object_trace - '7' a été modifié.
2022-08-28 00:16:49|[INFO]|Session : [v9uqcrnhl1p5mjd2jnvg7u7q22]|User id : 1|Name : |Module : [use_object]|Function : [Msg - update]| [OK_112] object_trace - '7' a été modifié.
2022-08-28 00:16:55|[INFO]|Session : [p3vcs6427li4ndtl1g1cifk26b]|User id : 1|Name : |Module : [use_object]|Function : [Msg - update]| [OK_112] object_trace - '7' a été modifié.
2022-08-28 00:16:56|[INFO]|Session : [37v9kchnkhckfa1acmn45pg8cb]|User id : 1|Name : |Module : [use_object]|Function : [Msg - update]| [OK_112] object_trace - '7' a été modifié.
2022-08-28 00:16:57|[INFO]|Session : [g6h0trjjdi5h5l75u298ml4mp5]|User id : 1|Name : |Module : [use_object]|Function : [Msg - update]| [OK_112] object_trace - '7' a été modifié.
2022-08-28 00:16:58|[INFO]|Session : [qi8lm23f3khv0o0v76pk48q68k]|User id : 1|Name : |Module : [use_object]|Function : [Msg - update]| [OK_112] object_trace - '7' a été modifié.
2022-08-28 00:17:00|[INFO]|Session : [tiseucfut8ht711r5dq9ioi9ot]|User id : 1|Name : |Module : [use_object]|Function : [Msg - update]| [OK_112] object_trace - '7' a été modifié.
2022-08-28 00:17:00|[INFO]|Session : [0oive6mq603uuuq3cm0neecfeu]|User id : 1|Name : |Module : [use_object]|Function : [Msg - update]| [OK_112] object_trace - '7' a été modifié.
2022-08-28 00:17:02|[INFO]|Session : [1kil84qadfgbsvk4a6k72a8aa8]|User id : 1|Name : |Module : [use_object]|Function : [Msg - update]| [OK_112] object_trace_diagram - '10' a été modifié.
2022-08-28 00:17:03|[INFO]|Session : [7f8lq7bjfsmmk2hslkgj93247n]|User id : 1|Name : |Module : [use_object]|Function : [Msg - update]| [OK_112] object_trace - '7' a été modifié.
2022-08-28 00:17:04|[INFO]|Session : [9914m9ibqkg77uitect1r8s80g]|User id : 1|Name : |Module : [use_object]|Function : [Msg - update]| [OK_112] object_trace - '7' a été modifié.
2022-08-28 00:17:06|[INFO]|Session : [rlhpft7o5i34akggkqh3qq1ohh]|User id : 1|Name : |Module : [use_object]|Function : [Msg - update]| [OK_112] object_trace - '7' a été modifié.
2022-08-28 00:17:10|[INFO]|Session : [b37pkoqajs450vk9l0eug2g6li]|User id : 1|Name : |Module : [use_object]|Function : [Msg - update]| [OK_112] object_trace - '7' a été modifié.
2022-08-28 00:17:20|[INFO]|Session : [4nee6uk2ln9vhfk5o5jv4l1nqs]|User id : 1|Name : |Module : [use_object]|Function : [Msg - update]| [OK_112] object_trace - '7' a été modifié.
2022-08-28 00:17:27|[INFO]|Session : [fa03giavltd0scea60m0s0drvh]|User id : 1|Name : |Module : [use_object]|Function : [Msg - update]| [OK_112] object_trace - '7' a été modifié.
2022-08-28 00:17:29|[INFO]|Session : [6c7bcr9jck3qoptntt10ep3qjq]|User id : 1|Name : |Module : [use_object]|Function : [Msg - update]| [OK_112] object_trace - '7' a été modifié.
2022-08-28 00:17:34|[INFO]|Session : [rmh5gjmkhgd3ur6tr5fi0q4qa3]|User id : 1|Name : |Module : [use_object]|Function : [Msg - update]| [OK_112] object_trace - '7' a été modifié.
2022-08-28 00:17:37|[INFO]|Session : [on7ksr6m936tpnjsrq2jmsec6b]|User id : 1|Name : |Module : [use_object]|Function : [Msg - update]| [OK_112] object_trace - '7' a été modifié.
2022-08-28 00:17:39|[INFO]|Session : [lpidr9g17du2m4atd6gfi1v4ma]|User id : 1|Name : |Module : [use_object]|Function : [Msg - update]| [OK_112] object_trace - '7' a été modifié.
2022-08-28 00:17:43|[INFO]|Session : [gbnd27o6i7o7a0l827stt83fj5]|User id : 1|Name : |Module : [use_object]|Function : [Msg - update]| [OK_112] object_trace_diagram - '10' a été modifié.
2022-08-28 00:17:44|[INFO]|Session : [74gqn717f6utfiruv96rdmvuti]|User id : 1|Name : |Module : [use_object]|Function : [Msg - update]| [OK_112] object_trace - '7' a été modifié.
2022-08-28 00:17:45|[INFO]|Session : [g70ck61759hrbfodt3gvillrm5]|User id : 1|Name : |Module : [use_object]|Function : [Msg - update]| [OK_112] object_trace - '7' a été modifié.
2022-08-28 00:17:46|[INFO]|Session : [5abn7nk28q4bapfn7g9f1ubiqj]|User id : 1|Name : |Module : [use_object]|Function : [Msg - update]| [OK_112] object_trace - '7' a été modifié.
2022-08-28 00:17:50|[INFO]|Session : [3uil47i5c72isn467563hrbj99]|User id : 1|Name : |Module : [use_object]|Function : [Msg - update]| [OK_112] object_trace_diagram - '10' a été modifié.
2022-08-28 00:17:50|[INFO]|Session : [tqvjmg5vr7794thneecpi2jhtt]|User id : 1|Name : |Module : [use_object]|Function : [Msg - update]| [OK_112] object_trace - '7' a été modifié.
2022-08-28 00:17:52|[INFO]|Session : [4nse1uabfm55buaj30k2jsqena]|User id : 1|Name : |Module : [use_object]|Function : [Msg - update]| [OK_112] object_trace - '7' a été modifié.
2022-08-28 00:17:53|[INFO]|Session : [umbtil7dn1e8o606f8562cgkeq]|User id : 1|Name : |Module : [use_object]|Function : [Msg - update]| [OK_112] object_trace - '7' a été modifié.
2022-08-28 00:17:58|[INFO]|Session : [ailieamomg3kea6r71eacgiq9u]|User id : 1|Name : |Module : [use_object]|Function : [Msg - update]| [OK_112] object_trace_diagram - '10' a été modifié.
2022-08-28 00:17:58|[INFO]|Session : [rlip3vtvdbrp1svgrkfv7tf86i]|User id : 1|Name : |Module : [use_object]|Function : [Msg - update]| [OK_112] object_trace - '7' a été modifié.
2022-08-28 00:18:01|[INFO]|Session : [avr75u89umgl77e8ua6fm2f0di]|User id : 1|Name : |Module : [use_object]|Function : [Msg - update]| [OK_112] object_trace_diagram - '10' a été modifié.
2022-08-28 00:18:01|[INFO]|Session : [jqdji6od31cb0qno5q6ba54pmt]|User id : 1|Name : |Module : [use_object]|Function : [Msg - update]| [OK_112] object_trace - '7' a été modifié.
2022-08-28 00:18:03|[INFO]|Session : [r3q62dd101tdti4er9igvet2gp]|User id : 1|Name : |Module : [use_object]|Function : [Msg - update]| [OK_112] object_trace - '7' a été modifié.
2022-08-28 00:18:08|[INFO]|Session : [ps36kmo3icdca2e9mpf80beqs8]|User id : 1|Name : |Module : [use_object]|Function : [Msg - update]| [OK_112] object_trace_diagram - '10' a été modifié.
2022-08-28 00:18:09|[INFO]|Session : [80clefouq52babulcmfd6g1hmv]|User id : 1|Name : |Module : [use_object]|Function : [Msg - update]| [OK_112] object_trace - '7' a été modifié.
2022-08-28 00:18:10|[INFO]|Session : [5qbgl6gmavg01dc78r6aco3ljb]|User id : 1|Name : |Module : [use_object]|Function : [Msg - update]| [OK_112] object_trace - '7' a été modifié.
2022-08-28 00:18:16|[INFO]|Session : [hdmohgacd5u8bjg7jg6dfoqf0m]|User id : 1|Name : |Module : [use_object]|Function : [Msg - update]| [OK_112] object_trace - '7' a été modifié.
2022-08-28 10:58:14|[INFO]|Session : [gangpg46ocp92g2p91ofg2146g]|User id : 1|Name : |Module : [use_object]|Function : [Msg - update]| [OK_112] object_trace - '7' a été modifié.
2022-08-28 10:59:32|[INFO]|Session : [ji7ljqa1s10t81elhhrv59jb9b]|User id : 1|Name : |Module : [use_object]|Function : [Msg - update]| [OK_112] object_trace - '7' a été modifié.
2022-08-28 10:59:37|[INFO]|Session : [4deqiad2drqee9phvajd4ej7ks]|User id : 1|Name : |Module : [use_object]|Function : [Msg - update]| [OK_112] object_trace - '7' a été modifié.
2022-08-28 11:00:08|[INFO]|Session : [1hf8vjpqaflkne8qb96lvl84t7]|User id : 1|Name : |Module : [use_object]|Function : [Msg - update]| [OK_112] object_trace - '7' a été modifié.
2022-08-28 11:00:11|[INFO]|Session : [dn5s5040ma13j3v10qr1kdi0fc]|User id : 1|Name : |Module : [use_object]|Function : [Msg - update]| [OK_112] object_trace - '7' a été modifié.
2022-08-28 11:01:09|[INFO]|Session : [lohmm8k45v5nq3l0ot8r5adq5h]|User id : 1|Name : |Module : [use_object]|Function : [Msg - update]| [OK_112] object_trace - '7' a été modifié.
2022-08-28 11:01:11|[INFO]|Session : [aunqj421msdfm88ac0ecjv7b0l]|User id : 1|Name : |Module : [use_object]|Function : [Msg - update]| [OK_112] object_trace - '7' a été modifié.
2022-08-28 11:01:14|[INFO]|Session : [auoun70njq50vakck9ur7dhde5]|User id : 1|Name : |Module : [use_object]|Function : [Msg - update]| [OK_112] object_trace - '7' a été modifié.
2022-08-28 11:01:21|[INFO]|Session : [v75s7972dqtgq01r6mncqma11t]|User id : 1|Name : |Module : [use_object]|Function : [Msg - update]| [OK_112] object_trace - '7' a été modifié.
2022-08-28 11:01:28|[INFO]|Session : [78sngn3onkrqoreoek73lqkj2r]|User id : 1|Name : |Module : [use_object]|Function : [Msg - update]| [OK_112] object_trace_diagram - '10' a été modifié.
2022-08-28 11:01:29|[INFO]|Session : [rbief8b70givfa9b00o40o91jv]|User id : 1|Name : |Module : [use_object]|Function : [Msg - update]| [OK_112] object_trace - '7' a été modifié.
2022-08-28 11:01:31|[INFO]|Session : [b8tm23iaub5hd2p5bp4ljrr404]|User id : 1|Name : |Module : [use_object]|Function : [Msg - update]| [OK_112] object_trace - '7' a été modifié.
2022-08-28 11:01:33|[INFO]|Session : [ar4tlvrfjkdkauk7v88a6sjd96]|User id : 1|Name : |Module : [use_object]|Function : [Msg - update]| [OK_112] object_trace - '7' a été modifié.
2022-08-28 11:03:27|[INFO]|Session : [cmrb8et61i6hseufcvfooeqs11]|User id : 1|Name : |Module : [use_object]|Function : [Msg - update]| [OK_112] object_trace - '7' a été modifié.
2022-08-28 11:03:34|[INFO]|Session : [7igju9th2vseg8oc5d88sa4ab9]|User id : 1|Name : |Module : [use_object]|Function : [Msg - update]| [OK_112] object_trace_diagram - '10' a été modifié.
2022-08-28 11:03:34|[INFO]|Session : [qq0ke7jjb69c393bgfai9prlc7]|User id : 1|Name : |Module : [use_object]|Function : [Msg - update]| [OK_112] object_trace - '7' a été modifié.
2022-08-28 11:03:40|[INFO]|Session : [aceriae04r5c4mf40l4r13dm9i]|User id : 1|Name : |Module : [use_object]|Function : [Msg - update]| [OK_112] object_trace_diagram - '10' a été modifié.
2022-08-28 11:03:41|[INFO]|Session : [b8paonkhmhrcfnhqah3qmqqjei]|User id : 1|Name : |Module : [use_object]|Function : [Msg - update]| [OK_112] object_trace - '7' a été modifié.
2022-08-28 11:52:20|[INFO]|Session : [gt5ocfmtf4bh3o0e658f8q4g8o]|User id : 1|Name : |Module : [use_object]|Function : [Msg - update]| [OK_112] object_trace - '7' a été modifié.
2022-08-28 11:52:22|[INFO]|Session : [qr85p3e23v96tbpvh9o7c785e3]|User id : 1|Name : |Module : [use_object]|Function : [Msg - update]| [OK_112] object_trace - '7' a été modifié.
2022-08-28 11:53:28|[INFO]|Session : [7rt92nev040riaj8vsu8hct5ig]|User id : 1|Name : |Module : [use_object]|Function : [Msg - update]| [OK_112] object_trace_diagram - '10' a été modifié.
2022-08-28 11:53:29|[INFO]|Session : [dnjqftits50knbmgdu84vc0807]|User id : 1|Name : |Module : [use_object]|Function : [Msg - update]| [OK_112] object_trace - '7' a été modifié.
2022-08-28 11:53:31|[INFO]|Session : [33o6r9kdifakb57prin0eamdai]|User id : 1|Name : |Module : [use_object]|Function : [Msg - update]| [OK_112] object_trace - '7' a été modifié.
2022-08-28 11:53:35|[INFO]|Session : [d69o37lt1ep7mj0u5tjvkgjdjo]|User id : 1|Name : |Module : [use_object]|Function : [Msg - update]| [OK_112] object_trace - '7' a été modifié.
2022-08-28 11:53:44|[INFO]|Session : [vbgapqs82qan9ishbrim8gb37j]|User id : 1|Name : |Module : [use_object]|Function : [Msg - update]| [OK_112] object_trace - '7' a été modifié.
2022-08-28 11:53:46|[INFO]|Session : [ou6befmpeuhakhcq7f8rh0mrud]|User id : 1|Name : |Module : [use_object]|Function : [Msg - update]| [OK_112] object_trace - '7' a été modifié.
2022-08-28 11:54:23|[INFO]|Session : [a79ecs33rplkgn9v42rmhdiq25]|User id : 2|Name : SUPER  ADMINISTRATEUR |Module : [use_object]|Function : [Msg - update]| [OK_112] object_trace - '40' a été modifié.
2022-08-28 11:55:03|[INFO]|Session : [a79ecs33rplkgn9v42rmhdiq25]|User id : 2|Name : SUPER  ADMINISTRATEUR |Module : [use_object]|Function : [Msg - update]| [OK_112] object_trace - '40' a été modifié.
2022-08-28 11:55:48|[INFO]|Session : [a79ecs33rplkgn9v42rmhdiq25]|User id : 2|Name : SUPER  ADMINISTRATEUR |Module : [use_object]|Function : [Msg - update]| [OK_112] object_trace - '40' a été modifié.
2022-08-28 11:56:44|[INFO]|Session : [a79ecs33rplkgn9v42rmhdiq25]|User id : 2|Name : SUPER  ADMINISTRATEUR |Module : [use_object]|Function : [Msg - update]| [OK_112] object_trace - '40' a été modifié.
2022-08-28 11:56:48|[INFO]|Session : [a79ecs33rplkgn9v42rmhdiq25]|User id : 2|Name : SUPER  ADMINISTRATEUR |Module : [use_object]|Function : [Msg - update]| [OK_112] object_trace - '40' a été modifié.
2022-08-28 11:57:08|[INFO]|Session : [a79ecs33rplkgn9v42rmhdiq25]|User id : 2|Name : SUPER  ADMINISTRATEUR |Module : [use_object]|Function : [Msg - update]| [OK_112] object_trace - '40' a été modifié.
2022-08-28 11:57:14|[INFO]|Session : [a79ecs33rplkgn9v42rmhdiq25]|User id : 2|Name : SUPER  ADMINISTRATEUR |Module : [use_object]|Function : [Msg - update]| [OK_112] object_trace - '40' a été modifié.
2022-08-28 11:59:25|[INFO]|Session : [a79ecs33rplkgn9v42rmhdiq25]|User id : 2|Name : SUPER  ADMINISTRATEUR |Module : [use_object]|Function : [Msg - update]| [OK_112] object_trace - '40' a été modifié.
2022-08-28 12:04:23|[INFO]|Session : [a79ecs33rplkgn9v42rmhdiq25]|User id : 2|Name : SUPER  ADMINISTRATEUR |Module : [use_object]|Function : [Msg - update]| [OK_112] object_trace - '40' a été modifié.
2022-08-28 12:08:10|[INFO]|Session : [a79ecs33rplkgn9v42rmhdiq25]|User id : 2|Name : SUPER  ADMINISTRATEUR |Module : [use_object]|Function : [Msg - update]| [OK_112] object_trace - '40' a été modifié.
2022-08-28 12:08:35|[INFO]|Session : [a79ecs33rplkgn9v42rmhdiq25]|User id : 2|Name : SUPER  ADMINISTRATEUR |Module : [use_object]|Function : [Msg - update]| [OK_112] object_trace - '40' a été modifié.
2022-08-28 12:08:58|[INFO]|Session : [a79ecs33rplkgn9v42rmhdiq25]|User id : 2|Name : SUPER  ADMINISTRATEUR |Module : [use_object]|Function : [Msg - update]| [OK_112] object_trace - '40' a été modifié.
2022-08-28 12:10:59|[INFO]|Session : [euir4un0ihjef9hiud6tuqrid2]|User id : 1|Name : |Module : [use_object]|Function : [Msg - update]| [OK_112] object_trace - '2' a été modifié.
2022-08-28 12:11:06|[INFO]|Session : [scuehlajha30111kiv43ohrb9k]|User id : 1|Name : |Module : [use_object]|Function : [Msg - update]| [OK_112] object_trace - '2' a été modifié.
2022-08-28 12:11:11|[INFO]|Session : [n613d7p9lj1m148p43d46c3a03]|User id : 1|Name : |Module : [use_object]|Function : [Msg - update]| [OK_112] object_trace - '2' a été modifié.
2022-08-28 12:11:24|[INFO]|Session : [th3h6e78tatam5r2lusdog1tui]|User id : 1|Name : |Module : [use_object]|Function : [Msg - update]| [OK_112] object_trace - '2' a été modifié.
2022-08-28 12:11:35|[INFO]|Session : [92bl2si5r2p926p65lok7li4en]|User id : 1|Name : |Module : [use_object]|Function : [Msg - update]| [OK_112] object_trace - '2' a été modifié.
2022-08-28 12:11:40|[INFO]|Session : [cb76ktpc1ivajb4gdr0nb8f38u]|User id : 1|Name : |Module : [use_object]|Function : [Msg - update]| [OK_112] object_trace - '2' a été modifié.
2022-08-28 12:11:48|[INFO]|Session : [lgpppthhrirq23me4m16bqj00t]|User id : 1|Name : |Module : [use_object]|Function : [Msg - update]| [OK_112] object_trace - '2' a été modifié.
2022-08-28 12:11:55|[INFO]|Session : [77fil51cqf9l25qim8lddtpaep]|User id : 1|Name : |Module : [use_object]|Function : [Msg - update]| [OK_112] object_trace - '2' a été modifié.
2022-08-28 12:11:56|[INFO]|Session : [gqon6kgd3ihqfacaogctjsto18]|User id : 1|Name : |Module : [use_object]|Function : [Msg - update]| [OK_112] object_trace - '2' a été modifié.
2022-08-28 12:11:56|[INFO]|Session : [37t3qevr4m7o3ef99vaginiq6h]|User id : 1|Name : |Module : [use_object]|Function : [Msg - update]| [OK_112] object_trace - '2' a été modifié.
2022-08-28 12:11:56|[INFO]|Session : [rruvnlkgsfhg26488l64kq4l27]|User id : 1|Name : |Module : [use_object]|Function : [Msg - update]| [OK_112] object_trace - '2' a été modifié.
2022-08-28 12:11:57|[INFO]|Session : [aosg7k9akeohcin9h8d1o4j33p]|User id : 1|Name : |Module : [use_object]|Function : [Msg - update]| [OK_112] object_trace - '2' a été modifié.
2022-08-28 12:11:57|[INFO]|Session : [5rf3i59qiqgstvmf6qo6v27bjf]|User id : 1|Name : |Module : [use_object]|Function : [Msg - update]| [OK_112] object_trace - '2' a été modifié.
2022-08-28 12:12:00|[INFO]|Session : [0sqj63l7mq9slele1je725qmdb]|User id : 1|Name : |Module : [use_object]|Function : [Msg - update]| [OK_112] object_trace - '2' a été modifié.
2022-08-28 12:12:00|[INFO]|Session : [5uf1lpmtc19vv01cfde01thh5i]|User id : 1|Name : |Module : [use_object]|Function : [Msg - update]| [OK_112] object_trace - '2' a été modifié.
2022-08-28 12:12:01|[INFO]|Session : [0ikh4u8almap76cke32arra1vc]|User id : 1|Name : |Module : [use_object]|Function : [Msg - update]| [OK_112] object_trace - '2' a été modifié.
2022-08-28 12:12:02|[INFO]|Session : [l9977rtj7tdrdqv6gcpn4g8lgt]|User id : 1|Name : |Module : [use_object]|Function : [Msg - update]| [OK_112] object_trace - '2' a été modifié.
2022-08-28 12:12:02|[INFO]|Session : [q71925ij20tj2vukf90t9m74kb]|User id : 1|Name : |Module : [use_object]|Function : [Msg - update]| [OK_112] object_trace - '2' a été modifié.
2022-08-28 12:12:08|[INFO]|Session : [bkb0vo618u6s297rm4q617u5cl]|User id : 1|Name : |Module : [use_object]|Function : [Msg - update]| [OK_112] object_trace - '2' a été modifié.
2022-08-28 12:12:15|[INFO]|Session : [25d08tbvf591b6gd7h6h9dfdn3]|User id : 1|Name : |Module : [use_object]|Function : [Msg - update]| [OK_112] object_trace - '2' a été modifié.
2022-08-28 12:12:26|[INFO]|Session : [a79ecs33rplkgn9v42rmhdiq25]|User id : 2|Name : SUPER  ADMINISTRATEUR |Module : [use_object]|Function : [Msg - update]| [OK_112] object_trace - '40' a été modifié.
2022-08-28 12:12:35|[INFO]|Session : [a79ecs33rplkgn9v42rmhdiq25]|User id : 2|Name : SUPER  ADMINISTRATEUR |Module : [use_object]|Function : [Msg - update]| [OK_112] object_trace - '40' a été modifié.
2022-08-28 12:12:44|[INFO]|Session : [a79ecs33rplkgn9v42rmhdiq25]|User id : 2|Name : SUPER  ADMINISTRATEUR |Module : [use_object]|Function : [Msg - update]| [OK_112] object_trace - '40' a été modifié.
2022-08-28 12:12:51|[INFO]|Session : [a79ecs33rplkgn9v42rmhdiq25]|User id : 2|Name : SUPER  ADMINISTRATEUR |Module : [use_object]|Function : [Msg - update]| [OK_112] object_trace - '40' a été modifié.
2022-08-28 12:12:52|[INFO]|Session : [a79ecs33rplkgn9v42rmhdiq25]|User id : 2|Name : SUPER  ADMINISTRATEUR |Module : [use_object]|Function : [Msg - update]| [OK_112] object_trace - '40' a été modifié.
2022-08-28 12:12:55|[INFO]|Session : [a79ecs33rplkgn9v42rmhdiq25]|User id : 2|Name : SUPER  ADMINISTRATEUR |Module : [use_object]|Function : [Msg - update]| [OK_112] object_trace - '40' a été modifié.
2022-08-28 12:12:56|[INFO]|Session : [a79ecs33rplkgn9v42rmhdiq25]|User id : 2|Name : SUPER  ADMINISTRATEUR |Module : [use_object]|Function : [Msg - update]| [OK_112] object_trace - '40' a été modifié.
2022-08-28 12:12:59|[INFO]|Session : [a79ecs33rplkgn9v42rmhdiq25]|User id : 2|Name : SUPER  ADMINISTRATEUR |Module : [use_object]|Function : [Msg - update]| [OK_112] object_trace - '40' a été modifié.
2022-08-28 12:12:59|[INFO]|Session : [a79ecs33rplkgn9v42rmhdiq25]|User id : 2|Name : SUPER  ADMINISTRATEUR |Module : [use_object]|Function : [Msg - update]| [OK_112] object_trace - '40' a été modifié.
2022-08-28 12:13:03|[INFO]|Session : [a79ecs33rplkgn9v42rmhdiq25]|User id : 2|Name : SUPER  ADMINISTRATEUR |Module : [use_object]|Function : [Msg - update]| [OK_112] object_trace - '40' a été modifié.
2022-08-28 12:13:03|[INFO]|Session : [a79ecs33rplkgn9v42rmhdiq25]|User id : 2|Name : SUPER  ADMINISTRATEUR |Module : [use_object]|Function : [Msg - update]| [OK_112] object_trace - '40' a été modifié.
2022-08-28 12:13:06|[INFO]|Session : [a79ecs33rplkgn9v42rmhdiq25]|User id : 2|Name : SUPER  ADMINISTRATEUR |Module : [use_object]|Function : [Msg - update]| [OK_112] object_trace - '40' a été modifié.
2022-08-28 12:13:06|[INFO]|Session : [a79ecs33rplkgn9v42rmhdiq25]|User id : 2|Name : SUPER  ADMINISTRATEUR |Module : [use_object]|Function : [Msg - update]| [OK_112] object_trace - '40' a été modifié.
2022-08-28 12:13:10|[INFO]|Session : [a79ecs33rplkgn9v42rmhdiq25]|User id : 2|Name : SUPER  ADMINISTRATEUR |Module : [use_object]|Function : [Msg - update]| [OK_112] object_trace - '40' a été modifié.
2022-08-28 12:13:11|[INFO]|Session : [a79ecs33rplkgn9v42rmhdiq25]|User id : 2|Name : SUPER  ADMINISTRATEUR |Module : [use_object]|Function : [Msg - update]| [OK_112] object_trace - '40' a été modifié.
2022-08-28 12:13:22|[INFO]|Session : [a79ecs33rplkgn9v42rmhdiq25]|User id : 2|Name : SUPER  ADMINISTRATEUR |Module : [use_object]|Function : [Msg - update]| [OK_112] object_trace - '40' a été modifié.
2022-08-28 12:13:23|[INFO]|Session : [a79ecs33rplkgn9v42rmhdiq25]|User id : 2|Name : SUPER  ADMINISTRATEUR |Module : [use_object]|Function : [Msg - update]| [OK_112] object_trace - '40' a été modifié.
2022-08-28 12:13:31|[INFO]|Session : [a79ecs33rplkgn9v42rmhdiq25]|User id : 2|Name : SUPER  ADMINISTRATEUR |Module : [use_object]|Function : [Msg - update]| [OK_112] object_trace - '40' a été modifié.
2022-08-28 12:13:31|[INFO]|Session : [a79ecs33rplkgn9v42rmhdiq25]|User id : 2|Name : SUPER  ADMINISTRATEUR |Module : [use_object]|Function : [Msg - update]| [OK_112] object_trace - '40' a été modifié.
2022-08-28 12:13:38|[INFO]|Session : [a79ecs33rplkgn9v42rmhdiq25]|User id : 2|Name : SUPER  ADMINISTRATEUR |Module : [use_object]|Function : [Msg - update]| [OK_112] object_trace - '40' a été modifié.
2022-08-28 22:57:59|[INFO]|Session : [40998742s0qbebenj8btq32pua]|User id : 1|Name : |Module : [use_object]|Function : [Msg - update]| [OK_112] object_trace - '2' a été modifié.
2022-08-28 22:58:03|[INFO]|Session : [r2pppipo85pv0f385lp5m98jao]|User id : 1|Name : |Module : [use_object]|Function : [Msg - update]| [OK_112] object_trace - '2' a été modifié.
2022-08-28 22:58:29|[INFO]|Session : [2egrdl6anbes522dhicr56upv3]|User id : 1|Name : |Module : [use_object]|Function : [Msg - update]| [OK_112] object_trace - '2' a été modifié.
2022-08-28 22:58:48|[INFO]|Session : [kqgnnpof78h96bged5k692qkba]|User id : 1|Name : |Module : [use_object]|Function : [Msg - update]| [OK_112] object_trace - '2' a été modifié.
2022-08-28 22:58:49|[INFO]|Session : [psuoupu3fa9dueji6r1goj8pfb]|User id : 1|Name : |Module : [use_object]|Function : [Msg - update]| [OK_112] object_trace - '2' a été modifié.
2022-08-28 22:58:49|[INFO]|Session : [4dbfo6f8v1gl08hg3b4e9i3kcv]|User id : 1|Name : |Module : [use_object]|Function : [Msg - update]| [OK_112] object_trace - '2' a été modifié.
2022-08-28 22:58:50|[INFO]|Session : [1b09cnshsi8smbivcg9ku0glsd]|User id : 1|Name : |Module : [use_object]|Function : [Msg - update]| [OK_112] object_trace - '2' a été modifié.
2022-08-28 22:58:50|[INFO]|Session : [a2ki4pit92jujlhr1et091p21d]|User id : 1|Name : |Module : [use_object]|Function : [Msg - update]| [OK_112] object_trace - '2' a été modifié.
2022-08-28 22:58:51|[INFO]|Session : [6sv26ta2jh2g8us1u67ttps9qh]|User id : 1|Name : |Module : [use_object]|Function : [Msg - update]| [OK_112] object_trace - '2' a été modifié.
2022-08-28 22:58:55|[INFO]|Session : [o8flhikvs4p2n69kin9i26r6l2]|User id : 1|Name : |Module : [use_object]|Function : [Msg - update]| [OK_112] object_trace - '2' a été modifié.
2022-08-28 22:58:58|[INFO]|Session : [mais05c1f45gveur7c19344q3d]|User id : 1|Name : |Module : [use_object]|Function : [Msg - update]| [OK_112] object_trace - '2' a été modifié.
2022-08-28 22:58:58|[INFO]|Session : [4jo4ovfdtj966jod9rc62hc5go]|User id : 1|Name : |Module : [use_object]|Function : [Msg - update]| [OK_112] object_trace - '2' a été modifié.
2022-08-28 22:58:58|[INFO]|Session : [qpo2mi78jjjgsakragfuqcmn3a]|User id : 1|Name : |Module : [use_object]|Function : [Msg - update]| [OK_112] object_trace - '2' a été modifié.
2022-08-28 22:59:00|[INFO]|Session : [au8ld6vrbie6f58nmdjl3rulvp]|User id : 1|Name : |Module : [use_object]|Function : [Msg - update]| [OK_112] object_trace - '2' a été modifié.
2022-08-28 22:59:00|[INFO]|Session : [172b93n1a6sugbsq8lq3kj3alc]|User id : 1|Name : |Module : [use_object]|Function : [Msg - update]| [OK_112] object_trace - '2' a été modifié.
2022-08-28 22:59:07|[INFO]|Session : [omtej3st8bpljg4jn82386onsi]|User id : 1|Name : |Module : [use_object]|Function : [Msg - update]| [OK_112] object_trace - '2' a été modifié.
2022-08-28 22:59:08|[INFO]|Session : [f2sa38d1lbofhfavg8uh7j7e9d]|User id : 1|Name : |Module : [use_object]|Function : [Msg - update]| [OK_112] object_trace - '2' a été modifié.
2022-08-28 22:59:08|[INFO]|Session : [49h6qndjjgsle4cr9bg8v677mh]|User id : 1|Name : |Module : [use_object]|Function : [Msg - update]| [OK_112] object_trace - '2' a été modifié.
2022-08-28 22:59:09|[INFO]|Session : [rj1e66ehe89uj1m4856r5o14pu]|User id : 1|Name : |Module : [use_object]|Function : [Msg - update]| [OK_112] object_trace - '2' a été modifié.
2022-08-28 22:59:31|[INFO]|Session : [krp2rl83g1rp09ssp3uuckgvk4]|User id : 1|Name : |Module : [use_object]|Function : [Msg - update]| [OK_112] object_trace - '2' a été modifié.
2022-08-28 22:59:39|[INFO]|Session : [b4s005acerp9k54ioja5odv6c5]|User id : 1|Name : |Module : [use_object]|Function : [Msg - update]| [OK_112] object_trace - '2' a été modifié.
2022-08-28 22:59:44|[INFO]|Session : [t975m1pvrcrju7v72162q9a4hp]|User id : 1|Name : |Module : [use_object]|Function : [Msg - update]| [OK_112] object_trace - '2' a été modifié.
2022-08-28 22:59:50|[INFO]|Session : [is0b0b63tst78qqmi1vgo0cfn5]|User id : 1|Name : |Module : [use_object]|Function : [Msg - update]| [OK_112] object_trace - '2' a été modifié.
2022-08-28 23:00:07|[INFO]|Session : [pn84lvcioo3eodaqtu8jve1itd]|User id : 1|Name : |Module : [use_object]|Function : [Msg - update]| [OK_112] object_trace - '2' a été modifié.
2022-08-28 23:00:48|[INFO]|Session : [fv69krugf7c2onvm4g67mfdth3]|User id : 1|Name : |Module : [use_object]|Function : [Msg - update]| [OK_112] object_trace - '2' a été modifié.
2022-08-28 23:00:56|[INFO]|Session : [plepcidl7jbg2krfklgn44dlbo]|User id : 1|Name : |Module : [use_object]|Function : [Msg - update]| [OK_112] object_trace - '2' a été modifié.
2022-08-28 23:01:18|[INFO]|Session : [eh87hcrt152estge3c0afauo7e]|User id : 1|Name : |Module : [use_object]|Function : [Msg - update]| [OK_112] object_trace - '2' a été modifié.
2022-08-28 23:01:22|[INFO]|Session : [57asohafobsn027crflqq2qn36]|User id : 1|Name : |Module : [use_object]|Function : [Msg - update]| [OK_112] object_trace_diagram - '3' a été modifié.
2022-08-28 23:01:23|[INFO]|Session : [c5ue00u7utffaa4a06kpdc9fs3]|User id : 1|Name : |Module : [use_object]|Function : [Msg - update]| [OK_112] object_trace - '2' a été modifié.
2022-08-28 23:01:24|[INFO]|Session : [ka900imthvks5sit9kdvauhkso]|User id : 1|Name : |Module : [use_object]|Function : [Msg - update]| [OK_112] object_trace_diagram - '3' a été modifié.
2022-08-28 23:01:25|[INFO]|Session : [7h7o8snqehu5586k184v07i2c8]|User id : 1|Name : |Module : [use_object]|Function : [Msg - update]| [OK_112] object_trace - '2' a été modifié.
2022-08-28 23:01:27|[INFO]|Session : [a40ngbmrlnf63sn2kp6a4taqk2]|User id : 1|Name : |Module : [use_object]|Function : [Msg - update]| [OK_112] object_trace_diagram - '3' a été modifié.
2022-08-28 23:01:28|[INFO]|Session : [bnnsv5hvv5i6ai6q1qj90m4fjc]|User id : 1|Name : |Module : [use_object]|Function : [Msg - update]| [OK_112] object_trace - '2' a été modifié.
2022-08-28 23:01:31|[INFO]|Session : [907vctllgj9ic9i4ktrdeg1mkl]|User id : 1|Name : |Module : [use_object]|Function : [Msg - update]| [OK_112] object_trace_diagram - '3' a été modifié.
2022-08-28 23:01:31|[INFO]|Session : [15c9uj82vv879j3uclshnf8ath]|User id : 1|Name : |Module : [use_object]|Function : [Msg - update]| [OK_112] object_trace - '2' a été modifié.
2022-08-28 23:01:34|[INFO]|Session : [leutsneca63vvf5hd5mt9ffdj5]|User id : 1|Name : |Module : [use_object]|Function : [Msg - update]| [OK_112] object_trace_diagram - '3' a été modifié.
2022-08-28 23:01:35|[INFO]|Session : [33atjjvbcdm9pdhflbunc6g21m]|User id : 1|Name : |Module : [use_object]|Function : [Msg - update]| [OK_112] object_trace - '2' a été modifié.
2022-08-28 23:01:45|[INFO]|Session : [k4l6trsf2g9ul2omo5j2gk1jf7]|User id : 1|Name : |Module : [use_object]|Function : [Msg - update]| [OK_112] object_trace_diagram - '3' a été modifié.
2022-08-28 23:01:45|[INFO]|Session : [mouvooti9r1ij5kbqmq37955h1]|User id : 1|Name : |Module : [use_object]|Function : [Msg - update]| [OK_112] object_trace - '2' a été modifié.
2022-08-28 23:01:47|[INFO]|Session : [sc91bd1m0ajrrmava31s461jbm]|User id : 1|Name : |Module : [use_object]|Function : [Msg - update]| [OK_112] object_trace_diagram - '3' a été modifié.
2022-08-28 23:01:48|[INFO]|Session : [bjojq0jpt741rnuur7ge1m6ukf]|User id : 1|Name : |Module : [use_object]|Function : [Msg - update]| [OK_112] object_trace - '2' a été modifié.
2022-08-28 23:01:50|[INFO]|Session : [tt0f5uo7jbtr2hu6alf0bvka4c]|User id : 1|Name : |Module : [use_object]|Function : [Msg - update]| [OK_112] object_trace - '2' a été modifié.
2022-08-28 23:02:00|[INFO]|Session : [4s383krfth5f2dh2ekfou1f309]|User id : 1|Name : |Module : [use_object]|Function : [Msg - update]| [OK_112] object_trace - '2' a été modifié.
2022-08-28 23:02:30|[INFO]|Session : [p13n9bq9vsipcqdq0etqtnmg1f]|User id : 1|Name : |Module : [use_object]|Function : [Msg - update]| [OK_112] object_trace - '2' a été modifié.
2022-08-28 23:02:36|[INFO]|Session : [ajq3sd7uk17ecj66shlmgv2f17]|User id : 1|Name : |Module : [use_object]|Function : [Msg - update]| [OK_112] object_trace - '2' a été modifié.
2022-08-28 23:02:40|[INFO]|Session : [vrevnucoo35dtngdnq6mi8o283]|User id : 1|Name : |Module : [use_object]|Function : [Msg - update]| [OK_112] object_trace - '2' a été modifié.
2022-08-28 23:20:20|[INFO]|Session : [i2136ik8fdndhmp4g3mgfh7cv3]|User id : 2|Name : SUPER  ADMINISTRATEUR |Module : [use_object]|Function : [Msg - update]| [OK_112] object_trace - '41' a été modifié.
2022-08-28 23:20:34|[INFO]|Session : [s7tgc4ffjoial1unqmhm6u6q7v]|User id : 1|Name : |Module : [use_object]|Function : [Msg - update]| [OK_112] object_trace - '7' a été modifié.
2022-08-28 23:20:37|[INFO]|Session : [3lkr0cmueukl6ldnpcjmnhn1vh]|User id : 1|Name : |Module : [use_object]|Function : [Msg - update]| [OK_112] object_trace - '7' a été modifié.
2022-08-28 23:20:42|[INFO]|Session : [72csorjtsas7fjbb6n6dnad3ab]|User id : 1|Name : |Module : [use_object]|Function : [Msg - update]| [OK_112] object_trace - '7' a été modifié.
2022-08-28 23:20:47|[INFO]|Session : [d11iu7ejdca6rcqrefj9u2vet7]|User id : 1|Name : |Module : [use_object]|Function : [Msg - update]| [OK_112] object_trace - '7' a été modifié.
2022-08-28 23:20:54|[INFO]|Session : [92saibqblpit67qg3qu7foife3]|User id : 1|Name : |Module : [use_object]|Function : [Msg - update]| [OK_112] object_trace_diagram - '10' a été modifié.
2022-08-28 23:20:55|[INFO]|Session : [ueoa0teiojp6905gebfent3skc]|User id : 1|Name : |Module : [use_object]|Function : [Msg - update]| [OK_112] object_trace - '7' a été modifié.
2022-08-28 23:20:56|[INFO]|Session : [mga0ilni1p6cp8p7re6rggt6tr]|User id : 1|Name : |Module : [use_object]|Function : [Msg - update]| [OK_112] object_trace - '7' a été modifié.
2022-08-28 23:20:58|[INFO]|Session : [5slaags6r1o9bg07df6goj40kv]|User id : 1|Name : |Module : [use_object]|Function : [Msg - update]| [OK_112] object_trace_diagram - '10' a été modifié.
2022-08-28 23:20:58|[INFO]|Session : [19nnvsgncpcgfrnple1nkp13jr]|User id : 1|Name : |Module : [use_object]|Function : [Msg - update]| [OK_112] object_trace - '7' a été modifié.
2022-08-28 23:20:59|[INFO]|Session : [6ktjpqem5s7ulodicb0ecfnkb3]|User id : 1|Name : |Module : [use_object]|Function : [Msg - update]| [OK_112] object_trace - '7' a été modifié.
2022-08-28 23:21:01|[INFO]|Session : [u6cdvogi6elc7oh0mv4i1cu6c4]|User id : 1|Name : |Module : [use_object]|Function : [Msg - update]| [OK_112] object_trace_diagram - '10' a été modifié.
2022-08-28 23:21:01|[INFO]|Session : [qodov1rgfr2ijelt7nktgkr2as]|User id : 1|Name : |Module : [use_object]|Function : [Msg - update]| [OK_112] object_trace - '7' a été modifié.
2022-08-28 23:21:01|[INFO]|Session : [2st9vosb34cqapcmh48vrtp9qp]|User id : 1|Name : |Module : [use_object]|Function : [Msg - update]| [OK_112] object_trace_diagram - '10' a été modifié.
2022-08-28 23:21:02|[INFO]|Session : [eimtdvtqg5ro1t9m99e80ronqq]|User id : 1|Name : |Module : [use_object]|Function : [Msg - update]| [OK_112] object_trace - '7' a été modifié.
2022-08-28 23:21:03|[INFO]|Session : [r79asnp910epsduac58dttdo53]|User id : 1|Name : |Module : [use_object]|Function : [Msg - update]| [OK_112] object_trace_diagram - '10' a été modifié.
2022-08-28 23:21:03|[INFO]|Session : [4vvhkg5mh3nck4ubnt73v2tv6m]|User id : 1|Name : |Module : [use_object]|Function : [Msg - update]| [OK_112] object_trace - '7' a été modifié.
