2022-08-24 00:27:51|[INFO]|Session : [grb8hqc50julr95t429lq5tisb]|User id : 2|Name : SUPER  ADMINISTRATEUR |Module : [use_object]|Function : [Msg - update]| [OK_112] object_trace - '7' a été modifié.
2022-08-24 00:32:23|[INFO]|Session : [grb8hqc50julr95t429lq5tisb]|User id : 2|Name : SUPER  ADMINISTRATEUR |Module : [use_object]|Function : [Msg - update]| [OK_112] object_trace - '7' a été modifié.
2022-08-24 00:32:59|[INFO]|Session : [grb8hqc50julr95t429lq5tisb]|User id : 2|Name : SUPER  ADMINISTRATEUR |Module : [use_object]|Function : [Msg - update]| [OK_112] object_trace - '7' a été modifié.
2022-08-24 00:33:00|[INFO]|Session : [grb8hqc50julr95t429lq5tisb]|User id : 2|Name : SUPER  ADMINISTRATEUR |Module : [use_object]|Function : [Msg - update]| [OK_112] object_trace - '7' a été modifié.
2022-08-24 00:34:27|[INFO]|Session : [grb8hqc50julr95t429lq5tisb]|User id : 2|Name : SUPER  ADMINISTRATEUR |Module : [use_object]|Function : [Msg - update]| [OK_112] object_trace - '7' a été modifié.
2022-08-24 00:34:27|[INFO]|Session : [grb8hqc50julr95t429lq5tisb]|User id : 2|Name : SUPER  ADMINISTRATEUR |Module : [use_object]|Function : [Msg - update]| [OK_112] object_trace - '7' a été modifié.
2022-08-24 00:37:57|[INFO]|Session : [grb8hqc50julr95t429lq5tisb]|User id : 2|Name : SUPER  ADMINISTRATEUR |Module : [use_object]|Function : [Msg - update]| [OK_112] object_trace - '7' a été modifié.
2022-08-24 00:37:57|[INFO]|Session : [grb8hqc50julr95t429lq5tisb]|User id : 2|Name : SUPER  ADMINISTRATEUR |Module : [use_object]|Function : [Msg - update]| [OK_112] object_trace - '7' a été modifié.
2022-08-24 00:40:37|[INFO]|Session : [grb8hqc50julr95t429lq5tisb]|User id : 2|Name : SUPER  ADMINISTRATEUR |Module : [use_object]|Function : [Msg - update]| [OK_112] object_trace - '7' a été modifié.
2022-08-24 00:40:37|[INFO]|Session : [grb8hqc50julr95t429lq5tisb]|User id : 2|Name : SUPER  ADMINISTRATEUR |Module : [use_object]|Function : [Msg - update]| [OK_112] object_trace - '7' a été modifié.
2022-08-24 00:41:02|[INFO]|Session : [grb8hqc50julr95t429lq5tisb]|User id : 2|Name : SUPER  ADMINISTRATEUR |Module : [use_object]|Function : [Msg - update]| [OK_112] object_trace - '7' a été modifié.
2022-08-24 00:41:03|[INFO]|Session : [grb8hqc50julr95t429lq5tisb]|User id : 2|Name : SUPER  ADMINISTRATEUR |Module : [use_object]|Function : [Msg - update]| [OK_112] object_trace - '7' a été modifié.
2022-08-24 00:42:37|[INFO]|Session : [grb8hqc50julr95t429lq5tisb]|User id : 2|Name : SUPER  ADMINISTRATEUR |Module : [use_object]|Function : [Msg - update]| [OK_112] object_trace - '7' a été modifié.
2022-08-24 00:42:37|[INFO]|Session : [grb8hqc50julr95t429lq5tisb]|User id : 2|Name : SUPER  ADMINISTRATEUR |Module : [use_object]|Function : [Msg - update]| [OK_112] object_trace - '7' a été modifié.
2022-08-24 00:51:26|[INFO]|Session : [grb8hqc50julr95t429lq5tisb]|User id : 2|Name : SUPER  ADMINISTRATEUR |Module : [use_object]|Function : [Msg - update]| [OK_112] object_trace - '7' a été modifié.
2022-08-24 00:51:27|[INFO]|Session : [grb8hqc50julr95t429lq5tisb]|User id : 2|Name : SUPER  ADMINISTRATEUR |Module : [use_object]|Function : [Msg - update]| [OK_112] object_trace - '7' a été modifié.
2022-08-24 00:51:45|[INFO]|Session : [grb8hqc50julr95t429lq5tisb]|User id : 2|Name : SUPER  ADMINISTRATEUR |Module : [use_object]|Function : [Msg - update]| [OK_112] object_trace - '7' a été modifié.
2022-08-24 00:51:45|[INFO]|Session : [grb8hqc50julr95t429lq5tisb]|User id : 2|Name : SUPER  ADMINISTRATEUR |Module : [use_object]|Function : [Msg - update]| [OK_112] object_trace - '7' a été modifié.
2022-08-24 00:53:50|[INFO]|Session : [grb8hqc50julr95t429lq5tisb]|User id : 2|Name : SUPER  ADMINISTRATEUR |Module : [use_object]|Function : [Msg - update]| [OK_112] object_trace - '7' a été modifié.
2022-08-24 00:53:50|[INFO]|Session : [grb8hqc50julr95t429lq5tisb]|User id : 2|Name : SUPER  ADMINISTRATEUR |Module : [use_object]|Function : [Msg - update]| [OK_112] object_trace - '7' a été modifié.
2022-08-24 00:54:06|[INFO]|Session : [grb8hqc50julr95t429lq5tisb]|User id : 2|Name : SUPER  ADMINISTRATEUR |Module : [use_object]|Function : [Msg - update]| [OK_112] object_trace - '7' a été modifié.
2022-08-24 00:54:07|[INFO]|Session : [grb8hqc50julr95t429lq5tisb]|User id : 2|Name : SUPER  ADMINISTRATEUR |Module : [use_object]|Function : [Msg - update]| [OK_112] object_trace - '7' a été modifié.
2022-08-24 00:57:41|[INFO]|Session : [grb8hqc50julr95t429lq5tisb]|User id : 2|Name : SUPER  ADMINISTRATEUR |Module : [use_object]|Function : [Msg - update]| [OK_112] object_trace - '7' a été modifié.
2022-08-24 00:57:42|[INFO]|Session : [grb8hqc50julr95t429lq5tisb]|User id : 2|Name : SUPER  ADMINISTRATEUR |Module : [use_object]|Function : [Msg - update]| [OK_112] object_trace - '7' a été modifié.
2022-08-24 00:58:13|[INFO]|Session : [grb8hqc50julr95t429lq5tisb]|User id : 2|Name : SUPER  ADMINISTRATEUR |Module : [use_object]|Function : [Msg - update]| [OK_112] object_trace - '7' a été modifié.
2022-08-24 00:58:14|[INFO]|Session : [grb8hqc50julr95t429lq5tisb]|User id : 2|Name : SUPER  ADMINISTRATEUR |Module : [use_object]|Function : [Msg - update]| [OK_112] object_trace - '7' a été modifié.
2022-08-24 00:58:23|[INFO]|Session : [grb8hqc50julr95t429lq5tisb]|User id : 2|Name : SUPER  ADMINISTRATEUR |Module : [use_object]|Function : [Msg - update]| [OK_112] object_trace - '7' a été modifié.
2022-08-24 00:58:24|[INFO]|Session : [grb8hqc50julr95t429lq5tisb]|User id : 2|Name : SUPER  ADMINISTRATEUR |Module : [use_object]|Function : [Msg - update]| [OK_112] object_trace - '7' a été modifié.
2022-08-24 00:58:29|[INFO]|Session : [grb8hqc50julr95t429lq5tisb]|User id : 2|Name : SUPER  ADMINISTRATEUR |Module : [use_object]|Function : [Msg - update]| [OK_112] object_trace - '7' a été modifié.
2022-08-24 00:58:32|[INFO]|Session : [grb8hqc50julr95t429lq5tisb]|User id : 2|Name : SUPER  ADMINISTRATEUR |Module : [use_object]|Function : [Msg - update]| [OK_112] object_trace - '7' a été modifié.
2022-08-24 00:58:54|[INFO]|Session : [grb8hqc50julr95t429lq5tisb]|User id : 2|Name : SUPER  ADMINISTRATEUR |Module : [use_object]|Function : [Msg - update]| [OK_112] object_trace - '7' a été modifié.
2022-08-24 00:58:55|[INFO]|Session : [grb8hqc50julr95t429lq5tisb]|User id : 2|Name : SUPER  ADMINISTRATEUR |Module : [use_object]|Function : [Msg - update]| [OK_112] object_trace - '7' a été modifié.
2022-08-24 00:58:56|[INFO]|Session : [grb8hqc50julr95t429lq5tisb]|User id : 2|Name : SUPER  ADMINISTRATEUR |Module : [use_object]|Function : [Msg - update]| [OK_112] object_trace - '7' a été modifié.
2022-08-24 00:59:00|[INFO]|Session : [grb8hqc50julr95t429lq5tisb]|User id : 2|Name : SUPER  ADMINISTRATEUR |Module : [use_object]|Function : [Msg - update]| [OK_112] object_trace - '7' a été modifié.
2022-08-24 00:59:02|[INFO]|Session : [grb8hqc50julr95t429lq5tisb]|User id : 2|Name : SUPER  ADMINISTRATEUR |Module : [use_object]|Function : [Msg - update]| [OK_112] object_trace - '7' a été modifié.
2022-08-24 00:59:03|[INFO]|Session : [grb8hqc50julr95t429lq5tisb]|User id : 2|Name : SUPER  ADMINISTRATEUR |Module : [use_object]|Function : [Msg - update]| [OK_112] object_trace - '7' a été modifié.
2022-08-24 00:59:03|[INFO]|Session : [grb8hqc50julr95t429lq5tisb]|User id : 2|Name : SUPER  ADMINISTRATEUR |Module : [use_object]|Function : [Msg - update]| [OK_112] object_trace - '7' a été modifié.
2022-08-24 00:59:03|[INFO]|Session : [grb8hqc50julr95t429lq5tisb]|User id : 2|Name : SUPER  ADMINISTRATEUR |Module : [use_object]|Function : [Msg - update]| [OK_112] object_trace - '7' a été modifié.
2022-08-24 00:59:03|[INFO]|Session : [grb8hqc50julr95t429lq5tisb]|User id : 2|Name : SUPER  ADMINISTRATEUR |Module : [use_object]|Function : [Msg - update]| [OK_112] object_trace - '7' a été modifié.
2022-08-24 00:59:05|[INFO]|Session : [grb8hqc50julr95t429lq5tisb]|User id : 2|Name : SUPER  ADMINISTRATEUR |Module : [use_object]|Function : [Msg - update]| [OK_112] object_trace - '7' a été modifié.
2022-08-24 00:59:06|[INFO]|Session : [grb8hqc50julr95t429lq5tisb]|User id : 2|Name : SUPER  ADMINISTRATEUR |Module : [use_object]|Function : [Msg - update]| [OK_112] object_trace - '7' a été modifié.
2022-08-24 00:59:06|[INFO]|Session : [grb8hqc50julr95t429lq5tisb]|User id : 2|Name : SUPER  ADMINISTRATEUR |Module : [use_object]|Function : [Msg - update]| [OK_112] object_trace - '7' a été modifié.
2022-08-24 00:59:06|[INFO]|Session : [grb8hqc50julr95t429lq5tisb]|User id : 2|Name : SUPER  ADMINISTRATEUR |Module : [use_object]|Function : [Msg - update]| [OK_112] object_trace - '7' a été modifié.
2022-08-24 00:59:07|[INFO]|Session : [grb8hqc50julr95t429lq5tisb]|User id : 2|Name : SUPER  ADMINISTRATEUR |Module : [use_object]|Function : [Msg - update]| [OK_112] object_trace - '7' a été modifié.
2022-08-24 00:59:07|[INFO]|Session : [grb8hqc50julr95t429lq5tisb]|User id : 2|Name : SUPER  ADMINISTRATEUR |Module : [use_object]|Function : [Msg - update]| [OK_112] object_trace - '7' a été modifié.
2022-08-24 00:59:07|[INFO]|Session : [grb8hqc50julr95t429lq5tisb]|User id : 2|Name : SUPER  ADMINISTRATEUR |Module : [use_object]|Function : [Msg - update]| [OK_112] object_trace - '7' a été modifié.
2022-08-24 00:59:10|[INFO]|Session : [grb8hqc50julr95t429lq5tisb]|User id : 2|Name : SUPER  ADMINISTRATEUR |Module : [use_object]|Function : [Msg - update]| [OK_112] object_trace - '7' a été modifié.
2022-08-24 00:59:11|[INFO]|Session : [grb8hqc50julr95t429lq5tisb]|User id : 2|Name : SUPER  ADMINISTRATEUR |Module : [use_object]|Function : [Msg - update]| [OK_112] object_trace - '7' a été modifié.
2022-08-24 00:59:12|[INFO]|Session : [grb8hqc50julr95t429lq5tisb]|User id : 2|Name : SUPER  ADMINISTRATEUR |Module : [use_object]|Function : [Msg - update]| [OK_112] object_trace - '7' a été modifié.
2022-08-24 00:59:12|[INFO]|Session : [grb8hqc50julr95t429lq5tisb]|User id : 2|Name : SUPER  ADMINISTRATEUR |Module : [use_object]|Function : [Msg - update]| [OK_112] object_trace - '7' a été modifié.
2022-08-24 00:59:14|[INFO]|Session : [grb8hqc50julr95t429lq5tisb]|User id : 2|Name : SUPER  ADMINISTRATEUR |Module : [use_object]|Function : [Msg - update]| [OK_112] object_trace - '7' a été modifié.
2022-08-24 00:59:14|[INFO]|Session : [grb8hqc50julr95t429lq5tisb]|User id : 2|Name : SUPER  ADMINISTRATEUR |Module : [use_object]|Function : [Msg - update]| [OK_112] object_trace - '7' a été modifié.
2022-08-24 00:59:14|[INFO]|Session : [grb8hqc50julr95t429lq5tisb]|User id : 2|Name : SUPER  ADMINISTRATEUR |Module : [use_object]|Function : [Msg - update]| [OK_112] object_trace - '7' a été modifié.
2022-08-24 00:59:15|[INFO]|Session : [grb8hqc50julr95t429lq5tisb]|User id : 2|Name : SUPER  ADMINISTRATEUR |Module : [use_object]|Function : [Msg - update]| [OK_112] object_trace - '7' a été modifié.
2022-08-24 00:59:15|[INFO]|Session : [grb8hqc50julr95t429lq5tisb]|User id : 2|Name : SUPER  ADMINISTRATEUR |Module : [use_object]|Function : [Msg - update]| [OK_112] object_trace - '7' a été modifié.
2022-08-24 00:59:17|[INFO]|Session : [grb8hqc50julr95t429lq5tisb]|User id : 2|Name : SUPER  ADMINISTRATEUR |Module : [use_object]|Function : [Msg - update]| [OK_112] object_trace - '7' a été modifié.
2022-08-24 00:59:17|[INFO]|Session : [grb8hqc50julr95t429lq5tisb]|User id : 2|Name : SUPER  ADMINISTRATEUR |Module : [use_object]|Function : [Msg - update]| [OK_112] object_trace - '7' a été modifié.
2022-08-24 00:59:17|[INFO]|Session : [grb8hqc50julr95t429lq5tisb]|User id : 2|Name : SUPER  ADMINISTRATEUR |Module : [use_object]|Function : [Msg - update]| [OK_112] object_trace - '7' a été modifié.
2022-08-24 00:59:18|[INFO]|Session : [grb8hqc50julr95t429lq5tisb]|User id : 2|Name : SUPER  ADMINISTRATEUR |Module : [use_object]|Function : [Msg - update]| [OK_112] object_trace - '7' a été modifié.
2022-08-24 00:59:19|[INFO]|Session : [grb8hqc50julr95t429lq5tisb]|User id : 2|Name : SUPER  ADMINISTRATEUR |Module : [use_object]|Function : [Msg - update]| [OK_112] object_trace - '7' a été modifié.
2022-08-24 00:59:20|[INFO]|Session : [grb8hqc50julr95t429lq5tisb]|User id : 2|Name : SUPER  ADMINISTRATEUR |Module : [use_object]|Function : [Msg - update]| [OK_112] object_trace - '7' a été modifié.
2022-08-24 00:59:20|[INFO]|Session : [grb8hqc50julr95t429lq5tisb]|User id : 2|Name : SUPER  ADMINISTRATEUR |Module : [use_object]|Function : [Msg - update]| [OK_112] object_trace - '7' a été modifié.
2022-08-24 00:59:21|[INFO]|Session : [grb8hqc50julr95t429lq5tisb]|User id : 2|Name : SUPER  ADMINISTRATEUR |Module : [use_object]|Function : [Msg - update]| [OK_112] object_trace - '7' a été modifié.
2022-08-24 00:59:21|[INFO]|Session : [grb8hqc50julr95t429lq5tisb]|User id : 2|Name : SUPER  ADMINISTRATEUR |Module : [use_object]|Function : [Msg - update]| [OK_112] object_trace - '7' a été modifié.
2022-08-24 00:59:21|[INFO]|Session : [grb8hqc50julr95t429lq5tisb]|User id : 2|Name : SUPER  ADMINISTRATEUR |Module : [use_object]|Function : [Msg - update]| [OK_112] object_trace - '7' a été modifié.
2022-08-24 00:59:22|[INFO]|Session : [grb8hqc50julr95t429lq5tisb]|User id : 2|Name : SUPER  ADMINISTRATEUR |Module : [use_object]|Function : [Msg - update]| [OK_112] object_trace - '7' a été modifié.
2022-08-24 00:59:22|[INFO]|Session : [grb8hqc50julr95t429lq5tisb]|User id : 2|Name : SUPER  ADMINISTRATEUR |Module : [use_object]|Function : [Msg - update]| [OK_112] object_trace - '7' a été modifié.
2022-08-24 00:59:22|[INFO]|Session : [grb8hqc50julr95t429lq5tisb]|User id : 2|Name : SUPER  ADMINISTRATEUR |Module : [use_object]|Function : [Msg - update]| [OK_112] object_trace - '7' a été modifié.
2022-08-24 00:59:23|[INFO]|Session : [grb8hqc50julr95t429lq5tisb]|User id : 2|Name : SUPER  ADMINISTRATEUR |Module : [use_object]|Function : [Msg - update]| [OK_112] object_trace - '7' a été modifié.
2022-08-24 00:59:23|[INFO]|Session : [grb8hqc50julr95t429lq5tisb]|User id : 2|Name : SUPER  ADMINISTRATEUR |Module : [use_object]|Function : [Msg - update]| [OK_112] object_trace - '7' a été modifié.
2022-08-24 00:59:24|[INFO]|Session : [grb8hqc50julr95t429lq5tisb]|User id : 2|Name : SUPER  ADMINISTRATEUR |Module : [use_object]|Function : [Msg - update]| [OK_112] object_trace - '7' a été modifié.
2022-08-24 00:59:24|[INFO]|Session : [grb8hqc50julr95t429lq5tisb]|User id : 2|Name : SUPER  ADMINISTRATEUR |Module : [use_object]|Function : [Msg - update]| [OK_112] object_trace - '7' a été modifié.
2022-08-24 00:59:25|[INFO]|Session : [grb8hqc50julr95t429lq5tisb]|User id : 2|Name : SUPER  ADMINISTRATEUR |Module : [use_object]|Function : [Msg - update]| [OK_112] object_trace - '7' a été modifié.
2022-08-24 00:59:25|[INFO]|Session : [grb8hqc50julr95t429lq5tisb]|User id : 2|Name : SUPER  ADMINISTRATEUR |Module : [use_object]|Function : [Msg - update]| [OK_112] object_trace - '7' a été modifié.
2022-08-24 00:59:27|[INFO]|Session : [grb8hqc50julr95t429lq5tisb]|User id : 2|Name : SUPER  ADMINISTRATEUR |Module : [use_object]|Function : [Msg - update]| [OK_112] object_trace - '7' a été modifié.
2022-08-24 00:59:28|[INFO]|Session : [grb8hqc50julr95t429lq5tisb]|User id : 2|Name : SUPER  ADMINISTRATEUR |Module : [use_object]|Function : [Msg - update]| [OK_112] object_trace - '7' a été modifié.
2022-08-24 00:59:28|[INFO]|Session : [grb8hqc50julr95t429lq5tisb]|User id : 2|Name : SUPER  ADMINISTRATEUR |Module : [use_object]|Function : [Msg - update]| [OK_112] object_trace - '7' a été modifié.
2022-08-24 00:59:28|[INFO]|Session : [grb8hqc50julr95t429lq5tisb]|User id : 2|Name : SUPER  ADMINISTRATEUR |Module : [use_object]|Function : [Msg - update]| [OK_112] object_trace - '7' a été modifié.
2022-08-24 00:59:30|[INFO]|Session : [grb8hqc50julr95t429lq5tisb]|User id : 2|Name : SUPER  ADMINISTRATEUR |Module : [use_object]|Function : [Msg - update]| [OK_112] object_trace - '7' a été modifié.
2022-08-24 00:59:30|[INFO]|Session : [grb8hqc50julr95t429lq5tisb]|User id : 2|Name : SUPER  ADMINISTRATEUR |Module : [use_object]|Function : [Msg - update]| [OK_112] object_trace - '7' a été modifié.
2022-08-24 00:59:30|[INFO]|Session : [grb8hqc50julr95t429lq5tisb]|User id : 2|Name : SUPER  ADMINISTRATEUR |Module : [use_object]|Function : [Msg - update]| [OK_112] object_trace - '7' a été modifié.
2022-08-24 00:59:30|[INFO]|Session : [grb8hqc50julr95t429lq5tisb]|User id : 2|Name : SUPER  ADMINISTRATEUR |Module : [use_object]|Function : [Msg - update]| [OK_112] object_trace - '7' a été modifié.
2022-08-24 00:59:32|[INFO]|Session : [grb8hqc50julr95t429lq5tisb]|User id : 2|Name : SUPER  ADMINISTRATEUR |Module : [use_object]|Function : [Msg - update]| [OK_112] object_trace - '7' a été modifié.
2022-08-24 00:59:33|[INFO]|Session : [grb8hqc50julr95t429lq5tisb]|User id : 2|Name : SUPER  ADMINISTRATEUR |Module : [use_object]|Function : [Msg - update]| [OK_112] object_trace - '7' a été modifié.
2022-08-24 00:59:34|[INFO]|Session : [grb8hqc50julr95t429lq5tisb]|User id : 2|Name : SUPER  ADMINISTRATEUR |Module : [use_object]|Function : [Msg - update]| [OK_112] object_trace - '7' a été modifié.
2022-08-24 00:59:35|[INFO]|Session : [grb8hqc50julr95t429lq5tisb]|User id : 2|Name : SUPER  ADMINISTRATEUR |Module : [use_object]|Function : [Msg - update]| [OK_112] object_trace - '7' a été modifié.
2022-08-24 00:59:36|[INFO]|Session : [grb8hqc50julr95t429lq5tisb]|User id : 2|Name : SUPER  ADMINISTRATEUR |Module : [use_object]|Function : [Msg - update]| [OK_112] object_trace - '7' a été modifié.
2022-08-24 00:59:36|[INFO]|Session : [grb8hqc50julr95t429lq5tisb]|User id : 2|Name : SUPER  ADMINISTRATEUR |Module : [use_object]|Function : [Msg - update]| [OK_112] object_trace - '7' a été modifié.
2022-08-24 00:59:36|[INFO]|Session : [grb8hqc50julr95t429lq5tisb]|User id : 2|Name : SUPER  ADMINISTRATEUR |Module : [use_object]|Function : [Msg - update]| [OK_112] object_trace - '7' a été modifié.
2022-08-24 02:42:59|[INFO]|Session : [m1c08sg1r4jeiqfhv30hritfkh]|User id : 2|Name : SUPER  ADMINISTRATEUR |Module : [use_object]|Function : [Msg - update]| [OK_112] object_trace - '7' a été modifié.
2022-08-24 02:43:00|[INFO]|Session : [m1c08sg1r4jeiqfhv30hritfkh]|User id : 2|Name : SUPER  ADMINISTRATEUR |Module : [use_object]|Function : [Msg - update]| [OK_112] object_trace - '7' a été modifié.
2022-08-24 02:43:02|[INFO]|Session : [m1c08sg1r4jeiqfhv30hritfkh]|User id : 2|Name : SUPER  ADMINISTRATEUR |Module : [use_object]|Function : [Msg - update]| [OK_112] object_trace - '7' a été modifié.
2022-08-24 02:43:02|[INFO]|Session : [m1c08sg1r4jeiqfhv30hritfkh]|User id : 2|Name : SUPER  ADMINISTRATEUR |Module : [use_object]|Function : [Msg - update]| [OK_112] object_trace - '7' a été modifié.
2022-08-24 02:43:04|[INFO]|Session : [m1c08sg1r4jeiqfhv30hritfkh]|User id : 2|Name : SUPER  ADMINISTRATEUR |Module : [use_object]|Function : [Msg - update]| [OK_112] object_trace - '7' a été modifié.
2022-08-24 02:43:04|[INFO]|Session : [m1c08sg1r4jeiqfhv30hritfkh]|User id : 2|Name : SUPER  ADMINISTRATEUR |Module : [use_object]|Function : [Msg - update]| [OK_112] object_trace - '7' a été modifié.
2022-08-24 02:43:04|[INFO]|Session : [m1c08sg1r4jeiqfhv30hritfkh]|User id : 2|Name : SUPER  ADMINISTRATEUR |Module : [use_object]|Function : [Msg - update]| [OK_112] object_trace - '7' a été modifié.
2022-08-24 02:43:05|[INFO]|Session : [m1c08sg1r4jeiqfhv30hritfkh]|User id : 2|Name : SUPER  ADMINISTRATEUR |Module : [use_object]|Function : [Msg - update]| [OK_112] object_trace - '7' a été modifié.
2022-08-24 02:43:06|[INFO]|Session : [m1c08sg1r4jeiqfhv30hritfkh]|User id : 2|Name : SUPER  ADMINISTRATEUR |Module : [use_object]|Function : [Msg - update]| [OK_112] object_trace - '7' a été modifié.
2022-08-24 02:43:07|[INFO]|Session : [m1c08sg1r4jeiqfhv30hritfkh]|User id : 2|Name : SUPER  ADMINISTRATEUR |Module : [use_object]|Function : [Msg - update]| [OK_112] object_trace - '7' a été modifié.
2022-08-24 02:43:09|[INFO]|Session : [m1c08sg1r4jeiqfhv30hritfkh]|User id : 2|Name : SUPER  ADMINISTRATEUR |Module : [use_object]|Function : [Msg - update]| [OK_112] object_trace - '7' a été modifié.
2022-08-24 02:43:09|[INFO]|Session : [m1c08sg1r4jeiqfhv30hritfkh]|User id : 2|Name : SUPER  ADMINISTRATEUR |Module : [use_object]|Function : [Msg - update]| [OK_112] object_trace - '7' a été modifié.
2022-08-24 02:43:10|[INFO]|Session : [m1c08sg1r4jeiqfhv30hritfkh]|User id : 2|Name : SUPER  ADMINISTRATEUR |Module : [use_object]|Function : [Msg - update]| [OK_112] object_trace - '7' a été modifié.
2022-08-24 02:43:10|[INFO]|Session : [m1c08sg1r4jeiqfhv30hritfkh]|User id : 2|Name : SUPER  ADMINISTRATEUR |Module : [use_object]|Function : [Msg - update]| [OK_112] object_trace - '7' a été modifié.
2022-08-24 02:43:11|[INFO]|Session : [m1c08sg1r4jeiqfhv30hritfkh]|User id : 2|Name : SUPER  ADMINISTRATEUR |Module : [use_object]|Function : [Msg - update]| [OK_112] object_trace - '7' a été modifié.
2022-08-24 02:43:12|[INFO]|Session : [m1c08sg1r4jeiqfhv30hritfkh]|User id : 2|Name : SUPER  ADMINISTRATEUR |Module : [use_object]|Function : [Msg - update]| [OK_112] object_trace - '7' a été modifié.
2022-08-24 02:43:12|[INFO]|Session : [m1c08sg1r4jeiqfhv30hritfkh]|User id : 2|Name : SUPER  ADMINISTRATEUR |Module : [use_object]|Function : [Msg - update]| [OK_112] object_trace - '7' a été modifié.
2022-08-24 02:43:12|[INFO]|Session : [m1c08sg1r4jeiqfhv30hritfkh]|User id : 2|Name : SUPER  ADMINISTRATEUR |Module : [use_object]|Function : [Msg - update]| [OK_112] object_trace - '7' a été modifié.
2022-08-24 02:43:13|[INFO]|Session : [m1c08sg1r4jeiqfhv30hritfkh]|User id : 2|Name : SUPER  ADMINISTRATEUR |Module : [use_object]|Function : [Msg - update]| [OK_112] object_trace - '7' a été modifié.
2022-08-24 02:43:13|[INFO]|Session : [m1c08sg1r4jeiqfhv30hritfkh]|User id : 2|Name : SUPER  ADMINISTRATEUR |Module : [use_object]|Function : [Msg - update]| [OK_112] object_trace - '7' a été modifié.
2022-08-24 02:43:15|[INFO]|Session : [m1c08sg1r4jeiqfhv30hritfkh]|User id : 2|Name : SUPER  ADMINISTRATEUR |Module : [use_object]|Function : [Msg - update]| [OK_112] object_trace - '7' a été modifié.
2022-08-24 02:43:15|[INFO]|Session : [m1c08sg1r4jeiqfhv30hritfkh]|User id : 2|Name : SUPER  ADMINISTRATEUR |Module : [use_object]|Function : [Msg - update]| [OK_112] object_trace - '7' a été modifié.
2022-08-24 02:43:16|[INFO]|Session : [m1c08sg1r4jeiqfhv30hritfkh]|User id : 2|Name : SUPER  ADMINISTRATEUR |Module : [use_object]|Function : [Msg - update]| [OK_112] object_trace - '7' a été modifié.
2022-08-24 02:43:17|[INFO]|Session : [m1c08sg1r4jeiqfhv30hritfkh]|User id : 2|Name : SUPER  ADMINISTRATEUR |Module : [use_object]|Function : [Msg - update]| [OK_112] object_trace - '7' a été modifié.
2022-08-24 02:43:18|[INFO]|Session : [m1c08sg1r4jeiqfhv30hritfkh]|User id : 2|Name : SUPER  ADMINISTRATEUR |Module : [use_object]|Function : [Msg - update]| [OK_112] object_trace - '7' a été modifié.
2022-08-24 02:43:18|[INFO]|Session : [m1c08sg1r4jeiqfhv30hritfkh]|User id : 2|Name : SUPER  ADMINISTRATEUR |Module : [use_object]|Function : [Msg - update]| [OK_112] object_trace - '7' a été modifié.
2022-08-24 02:43:20|[INFO]|Session : [m1c08sg1r4jeiqfhv30hritfkh]|User id : 2|Name : SUPER  ADMINISTRATEUR |Module : [use_object]|Function : [Msg - update]| [OK_112] object_trace - '7' a été modifié.
2022-08-24 02:43:20|[INFO]|Session : [m1c08sg1r4jeiqfhv30hritfkh]|User id : 2|Name : SUPER  ADMINISTRATEUR |Module : [use_object]|Function : [Msg - update]| [OK_112] object_trace - '7' a été modifié.
2022-08-24 02:43:20|[INFO]|Session : [m1c08sg1r4jeiqfhv30hritfkh]|User id : 2|Name : SUPER  ADMINISTRATEUR |Module : [use_object]|Function : [Msg - update]| [OK_112] object_trace - '7' a été modifié.
2022-08-24 02:43:20|[INFO]|Session : [m1c08sg1r4jeiqfhv30hritfkh]|User id : 2|Name : SUPER  ADMINISTRATEUR |Module : [use_object]|Function : [Msg - update]| [OK_112] object_trace - '7' a été modifié.
2022-08-24 02:45:32|[INFO]|Session : [m1c08sg1r4jeiqfhv30hritfkh]|User id : 2|Name : SUPER  ADMINISTRATEUR |Module : [use_object]|Function : [Msg - update]| [OK_112] object_trace - '7' a été modifié.
2022-08-24 02:45:32|[INFO]|Session : [m1c08sg1r4jeiqfhv30hritfkh]|User id : 2|Name : SUPER  ADMINISTRATEUR |Module : [use_object]|Function : [Msg - update]| [OK_112] object_trace - '7' a été modifié.
2022-08-24 02:46:05|[INFO]|Session : [3mb4b9470se5bbqqe2skb7s4lo]|User id : 1|Name : |Module : [use_object]|Function : [Msg - update]| [OK_112] object_trace - '7' a été modifié.
2022-08-24 02:46:07|[INFO]|Session : [obmhb4qdj940uljdsf5ongtbol]|User id : 1|Name : |Module : [use_object]|Function : [Msg - update]| [OK_112] object_trace - '7' a été modifié.
2022-08-24 02:46:10|[INFO]|Session : [256thpugs0rve4ttm7ttfntkfi]|User id : 1|Name : |Module : [use_object]|Function : [Msg - update]| [OK_112] object_trace - '7' a été modifié.
2022-08-24 02:46:14|[INFO]|Session : [s7b6ikpn0n5tui5n2s65tucsmb]|User id : 1|Name : |Module : [use_object]|Function : [Msg - update]| [OK_112] object_trace - '7' a été modifié.
2022-08-24 02:46:21|[INFO]|Session : [e7f5dlkglcjcm4anogue6ar25f]|User id : 1|Name : |Module : [use_object]|Function : [Msg - update]| [OK_112] object_trace_diagram - '10' a été modifié.
2022-08-24 02:46:22|[INFO]|Session : [cdqrbknissrkn177b4j43rvha8]|User id : 1|Name : |Module : [use_object]|Function : [Msg - update]| [OK_112] object_trace - '7' a été modifié.
2022-08-24 02:46:26|[INFO]|Session : [cv7thhcsj8au88dpc07buicd95]|User id : 1|Name : |Module : [use_object]|Function : [Msg - update]| [OK_112] object_trace - '7' a été modifié.
2022-08-24 02:46:34|[INFO]|Session : [nfrcsi2mgf0meqmfhmofcvhe17]|User id : 1|Name : |Module : [use_object]|Function : [Msg - update]| [OK_112] object_trace - '7' a été modifié.
2022-08-24 02:50:43|[INFO]|Session : [m1c08sg1r4jeiqfhv30hritfkh]|User id : 2|Name : SUPER  ADMINISTRATEUR |Module : [use_object]|Function : [Msg - update]| [OK_112] object_trace - '7' a été modifié.
2022-08-24 02:50:44|[INFO]|Session : [m1c08sg1r4jeiqfhv30hritfkh]|User id : 2|Name : SUPER  ADMINISTRATEUR |Module : [use_object]|Function : [Msg - update]| [OK_112] object_trace - '7' a été modifié.
2022-08-24 02:52:14|[INFO]|Session : [m1c08sg1r4jeiqfhv30hritfkh]|User id : 2|Name : SUPER  ADMINISTRATEUR |Module : [use_object]|Function : [Msg - update]| [OK_112] object_trace - '7' a été modifié.
2022-08-24 02:52:14|[INFO]|Session : [m1c08sg1r4jeiqfhv30hritfkh]|User id : 2|Name : SUPER  ADMINISTRATEUR |Module : [use_object]|Function : [Msg - update]| [OK_112] object_trace - '7' a été modifié.
2022-08-24 02:59:00|[INFO]|Session : [m1c08sg1r4jeiqfhv30hritfkh]|User id : 2|Name : SUPER  ADMINISTRATEUR |Module : [use_object]|Function : [Msg - update]| [OK_112] object_trace - '7' a été modifié.
2022-08-24 02:59:00|[INFO]|Session : [m1c08sg1r4jeiqfhv30hritfkh]|User id : 2|Name : SUPER  ADMINISTRATEUR |Module : [use_object]|Function : [Msg - update]| [OK_112] object_trace - '7' a été modifié.
2022-08-24 03:00:26|[INFO]|Session : [m1c08sg1r4jeiqfhv30hritfkh]|User id : 2|Name : SUPER  ADMINISTRATEUR |Module : [use_object]|Function : [Msg - update]| [OK_112] object_trace - '7' a été modifié.
2022-08-24 03:00:27|[INFO]|Session : [m1c08sg1r4jeiqfhv30hritfkh]|User id : 2|Name : SUPER  ADMINISTRATEUR |Module : [use_object]|Function : [Msg - update]| [OK_112] object_trace - '7' a été modifié.
2022-08-24 03:01:24|[INFO]|Session : [m1c08sg1r4jeiqfhv30hritfkh]|User id : 2|Name : SUPER  ADMINISTRATEUR |Module : [use_object]|Function : [Msg - update]| [OK_112] object_trace - '7' a été modifié.
2022-08-24 03:01:25|[INFO]|Session : [m1c08sg1r4jeiqfhv30hritfkh]|User id : 2|Name : SUPER  ADMINISTRATEUR |Module : [use_object]|Function : [Msg - update]| [OK_112] object_trace - '7' a été modifié.
2022-08-24 03:03:27|[INFO]|Session : [m1c08sg1r4jeiqfhv30hritfkh]|User id : 2|Name : SUPER  ADMINISTRATEUR |Module : [use_object]|Function : [Msg - update]| [OK_112] object_trace - '7' a été modifié.
2022-08-24 03:03:28|[INFO]|Session : [m1c08sg1r4jeiqfhv30hritfkh]|User id : 2|Name : SUPER  ADMINISTRATEUR |Module : [use_object]|Function : [Msg - update]| [OK_112] object_trace - '7' a été modifié.
2022-08-24 03:04:32|[INFO]|Session : [m1c08sg1r4jeiqfhv30hritfkh]|User id : 2|Name : SUPER  ADMINISTRATEUR |Module : [use_object]|Function : [Msg - update]| [OK_112] object_trace - '7' a été modifié.
2022-08-24 03:04:32|[INFO]|Session : [m1c08sg1r4jeiqfhv30hritfkh]|User id : 2|Name : SUPER  ADMINISTRATEUR |Module : [use_object]|Function : [Msg - update]| [OK_112] object_trace - '7' a été modifié.
2022-08-24 03:09:27|[INFO]|Session : [m1c08sg1r4jeiqfhv30hritfkh]|User id : 2|Name : SUPER  ADMINISTRATEUR |Module : [use_object]|Function : [Msg - update]| [OK_112] object_trace - '7' a été modifié.
2022-08-24 03:09:27|[INFO]|Session : [m1c08sg1r4jeiqfhv30hritfkh]|User id : 2|Name : SUPER  ADMINISTRATEUR |Module : [use_object]|Function : [Msg - update]| [OK_112] object_trace - '7' a été modifié.
2022-08-24 03:09:36|[INFO]|Session : [hqf93hk0v4nslhsitd7b1ufm7s]|User id : 1|Name : |Module : [use_object]|Function : [Msg - update]| [OK_112] object_trace - '7' a été modifié.
2022-08-24 03:09:38|[INFO]|Session : [sg14k1tr8ftjrrh33nnlg6av0c]|User id : 1|Name : |Module : [use_object]|Function : [Msg - update]| [OK_112] object_trace - '7' a été modifié.
2022-08-24 03:09:42|[INFO]|Session : [m1c08sg1r4jeiqfhv30hritfkh]|User id : 2|Name : SUPER  ADMINISTRATEUR |Module : [use_object]|Function : [Msg - update]| [OK_112] object_trace - '7' a été modifié.
2022-08-24 03:09:42|[INFO]|Session : [m1c08sg1r4jeiqfhv30hritfkh]|User id : 2|Name : SUPER  ADMINISTRATEUR |Module : [use_object]|Function : [Msg - update]| [OK_112] object_trace - '7' a été modifié.
2022-08-24 03:13:44|[INFO]|Session : [m1c08sg1r4jeiqfhv30hritfkh]|User id : 2|Name : SUPER  ADMINISTRATEUR |Module : [use_object]|Function : [Msg - update]| [OK_112] object_trace - '7' a été modifié.
2022-08-24 03:13:44|[INFO]|Session : [m1c08sg1r4jeiqfhv30hritfkh]|User id : 2|Name : SUPER  ADMINISTRATEUR |Module : [use_object]|Function : [Msg - update]| [OK_112] object_trace - '7' a été modifié.
2022-08-24 03:17:01|[INFO]|Session : [m1c08sg1r4jeiqfhv30hritfkh]|User id : 2|Name : SUPER  ADMINISTRATEUR |Module : [use_object]|Function : [Msg - update]| [OK_112] object_trace - '7' a été modifié.
2022-08-24 03:17:01|[INFO]|Session : [m1c08sg1r4jeiqfhv30hritfkh]|User id : 2|Name : SUPER  ADMINISTRATEUR |Module : [use_object]|Function : [Msg - update]| [OK_112] object_trace - '7' a été modifié.
2022-08-24 03:17:04|[INFO]|Session : [m1c08sg1r4jeiqfhv30hritfkh]|User id : 2|Name : SUPER  ADMINISTRATEUR |Module : [use_object]|Function : [Msg - update]| [OK_112] object_trace - '7' a été modifié.
2022-08-24 03:17:05|[INFO]|Session : [m1c08sg1r4jeiqfhv30hritfkh]|User id : 2|Name : SUPER  ADMINISTRATEUR |Module : [use_object]|Function : [Msg - update]| [OK_112] object_trace - '7' a été modifié.
2022-08-24 03:17:08|[INFO]|Session : [m1c08sg1r4jeiqfhv30hritfkh]|User id : 2|Name : SUPER  ADMINISTRATEUR |Module : [use_object]|Function : [Msg - update]| [OK_112] object_trace - '7' a été modifié.
2022-08-24 03:17:08|[INFO]|Session : [m1c08sg1r4jeiqfhv30hritfkh]|User id : 2|Name : SUPER  ADMINISTRATEUR |Module : [use_object]|Function : [Msg - update]| [OK_112] object_trace - '7' a été modifié.
2022-08-24 03:18:35|[INFO]|Session : [m1c08sg1r4jeiqfhv30hritfkh]|User id : 2|Name : SUPER  ADMINISTRATEUR |Module : [use_object]|Function : [Msg - update]| [OK_112] object_trace - '7' a été modifié.
2022-08-24 03:18:36|[INFO]|Session : [m1c08sg1r4jeiqfhv30hritfkh]|User id : 2|Name : SUPER  ADMINISTRATEUR |Module : [use_object]|Function : [Msg - update]| [OK_112] object_trace - '7' a été modifié.
2022-08-24 03:20:33|[INFO]|Session : [m1c08sg1r4jeiqfhv30hritfkh]|User id : 2|Name : SUPER  ADMINISTRATEUR |Module : [use_object]|Function : [Msg - update]| [OK_112] object_trace - '7' a été modifié.
2022-08-24 03:20:34|[INFO]|Session : [m1c08sg1r4jeiqfhv30hritfkh]|User id : 2|Name : SUPER  ADMINISTRATEUR |Module : [use_object]|Function : [Msg - update]| [OK_112] object_trace - '7' a été modifié.
2022-08-24 03:20:35|[INFO]|Session : [m1c08sg1r4jeiqfhv30hritfkh]|User id : 2|Name : SUPER  ADMINISTRATEUR |Module : [use_object]|Function : [Msg - update]| [OK_112] object_trace - '7' a été modifié.
2022-08-24 03:20:36|[INFO]|Session : [m1c08sg1r4jeiqfhv30hritfkh]|User id : 2|Name : SUPER  ADMINISTRATEUR |Module : [use_object]|Function : [Msg - update]| [OK_112] object_trace - '7' a été modifié.
2022-08-24 03:20:37|[INFO]|Session : [m1c08sg1r4jeiqfhv30hritfkh]|User id : 2|Name : SUPER  ADMINISTRATEUR |Module : [use_object]|Function : [Msg - update]| [OK_112] object_trace - '7' a été modifié.
2022-08-24 03:20:37|[INFO]|Session : [m1c08sg1r4jeiqfhv30hritfkh]|User id : 2|Name : SUPER  ADMINISTRATEUR |Module : [use_object]|Function : [Msg - update]| [OK_112] object_trace - '7' a été modifié.
2022-08-24 03:20:40|[INFO]|Session : [m1c08sg1r4jeiqfhv30hritfkh]|User id : 2|Name : SUPER  ADMINISTRATEUR |Module : [use_object]|Function : [Msg - update]| [OK_112] object_trace - '7' a été modifié.
2022-08-24 03:20:41|[INFO]|Session : [m1c08sg1r4jeiqfhv30hritfkh]|User id : 2|Name : SUPER  ADMINISTRATEUR |Module : [use_object]|Function : [Msg - update]| [OK_112] object_trace - '7' a été modifié.
2022-08-24 03:21:03|[INFO]|Session : [muedfkr1colvifu7hjgnaeu1ie]|User id : 1|Name : |Module : [use_object]|Function : [Msg - update]| [OK_112] object_trace - '7' a été modifié.
2022-08-24 03:23:33|[INFO]|Session : [m1c08sg1r4jeiqfhv30hritfkh]|User id : 2|Name : SUPER  ADMINISTRATEUR |Module : [use_object]|Function : [Msg - update]| [OK_112] object_trace - '7' a été modifié.
2022-08-24 03:23:33|[INFO]|Session : [m1c08sg1r4jeiqfhv30hritfkh]|User id : 2|Name : SUPER  ADMINISTRATEUR |Module : [use_object]|Function : [Msg - update]| [OK_112] object_trace - '7' a été modifié.
2022-08-24 03:23:40|[INFO]|Session : [m1c08sg1r4jeiqfhv30hritfkh]|User id : 2|Name : SUPER  ADMINISTRATEUR |Module : [use_object]|Function : [Msg - update]| [OK_112] object_trace - '7' a été modifié.
2022-08-24 03:23:40|[INFO]|Session : [m1c08sg1r4jeiqfhv30hritfkh]|User id : 2|Name : SUPER  ADMINISTRATEUR |Module : [use_object]|Function : [Msg - update]| [OK_112] object_trace - '7' a été modifié.
2022-08-24 03:23:47|[INFO]|Session : [m1c08sg1r4jeiqfhv30hritfkh]|User id : 2|Name : SUPER  ADMINISTRATEUR |Module : [use_object]|Function : [Msg - update]| [OK_112] object_trace - '7' a été modifié.
2022-08-24 03:23:47|[INFO]|Session : [m1c08sg1r4jeiqfhv30hritfkh]|User id : 2|Name : SUPER  ADMINISTRATEUR |Module : [use_object]|Function : [Msg - update]| [OK_112] object_trace - '7' a été modifié.
2022-08-24 03:23:48|[INFO]|Session : [m1c08sg1r4jeiqfhv30hritfkh]|User id : 2|Name : SUPER  ADMINISTRATEUR |Module : [use_object]|Function : [Msg - update]| [OK_112] object_trace - '7' a été modifié.
2022-08-24 03:23:48|[INFO]|Session : [m1c08sg1r4jeiqfhv30hritfkh]|User id : 2|Name : SUPER  ADMINISTRATEUR |Module : [use_object]|Function : [Msg - update]| [OK_112] object_trace - '7' a été modifié.
2022-08-24 03:23:50|[INFO]|Session : [m1c08sg1r4jeiqfhv30hritfkh]|User id : 2|Name : SUPER  ADMINISTRATEUR |Module : [use_object]|Function : [Msg - update]| [OK_112] object_trace - '7' a été modifié.
2022-08-24 03:23:51|[INFO]|Session : [m1c08sg1r4jeiqfhv30hritfkh]|User id : 2|Name : SUPER  ADMINISTRATEUR |Module : [use_object]|Function : [Msg - update]| [OK_112] object_trace - '7' a été modifié.
2022-08-24 03:23:52|[INFO]|Session : [m1c08sg1r4jeiqfhv30hritfkh]|User id : 2|Name : SUPER  ADMINISTRATEUR |Module : [use_object]|Function : [Msg - update]| [OK_112] object_trace - '7' a été modifié.
2022-08-24 03:23:52|[INFO]|Session : [m1c08sg1r4jeiqfhv30hritfkh]|User id : 2|Name : SUPER  ADMINISTRATEUR |Module : [use_object]|Function : [Msg - update]| [OK_112] object_trace - '7' a été modifié.
2022-08-24 03:23:53|[INFO]|Session : [m1c08sg1r4jeiqfhv30hritfkh]|User id : 2|Name : SUPER  ADMINISTRATEUR |Module : [use_object]|Function : [Msg - update]| [OK_112] object_trace - '7' a été modifié.
2022-08-24 03:23:53|[INFO]|Session : [m1c08sg1r4jeiqfhv30hritfkh]|User id : 2|Name : SUPER  ADMINISTRATEUR |Module : [use_object]|Function : [Msg - update]| [OK_112] object_trace - '7' a été modifié.
2022-08-24 03:23:54|[INFO]|Session : [m1c08sg1r4jeiqfhv30hritfkh]|User id : 2|Name : SUPER  ADMINISTRATEUR |Module : [use_object]|Function : [Msg - update]| [OK_112] object_trace - '7' a été modifié.
2022-08-24 03:23:55|[INFO]|Session : [m1c08sg1r4jeiqfhv30hritfkh]|User id : 2|Name : SUPER  ADMINISTRATEUR |Module : [use_object]|Function : [Msg - update]| [OK_112] object_trace - '7' a été modifié.
2022-08-24 03:23:56|[INFO]|Session : [m1c08sg1r4jeiqfhv30hritfkh]|User id : 2|Name : SUPER  ADMINISTRATEUR |Module : [use_object]|Function : [Msg - update]| [OK_112] object_trace - '7' a été modifié.
2022-08-24 03:23:56|[INFO]|Session : [m1c08sg1r4jeiqfhv30hritfkh]|User id : 2|Name : SUPER  ADMINISTRATEUR |Module : [use_object]|Function : [Msg - update]| [OK_112] object_trace - '7' a été modifié.
2022-08-24 03:23:59|[INFO]|Session : [m1c08sg1r4jeiqfhv30hritfkh]|User id : 2|Name : SUPER  ADMINISTRATEUR |Module : [use_object]|Function : [Msg - update]| [OK_112] object_trace - '7' a été modifié.
2022-08-24 03:24:00|[INFO]|Session : [m1c08sg1r4jeiqfhv30hritfkh]|User id : 2|Name : SUPER  ADMINISTRATEUR |Module : [use_object]|Function : [Msg - update]| [OK_112] object_trace - '7' a été modifié.
2022-08-24 03:24:10|[INFO]|Session : [m1c08sg1r4jeiqfhv30hritfkh]|User id : 2|Name : SUPER  ADMINISTRATEUR |Module : [use_object]|Function : [Msg - update]| [OK_112] object_trace - '7' a été modifié.
2022-08-24 03:24:12|[INFO]|Session : [m1c08sg1r4jeiqfhv30hritfkh]|User id : 2|Name : SUPER  ADMINISTRATEUR |Module : [use_object]|Function : [Msg - update]| [OK_112] object_trace - '7' a été modifié.
2022-08-24 03:24:16|[INFO]|Session : [m1c08sg1r4jeiqfhv30hritfkh]|User id : 2|Name : SUPER  ADMINISTRATEUR |Module : [use_object]|Function : [Msg - update]| [OK_112] object_trace - '7' a été modifié.
2022-08-24 03:24:16|[INFO]|Session : [m1c08sg1r4jeiqfhv30hritfkh]|User id : 2|Name : SUPER  ADMINISTRATEUR |Module : [use_object]|Function : [Msg - update]| [OK_112] object_trace - '7' a été modifié.
2022-08-24 03:24:18|[INFO]|Session : [m1c08sg1r4jeiqfhv30hritfkh]|User id : 2|Name : SUPER  ADMINISTRATEUR |Module : [use_object]|Function : [Msg - update]| [OK_112] object_trace - '7' a été modifié.
2022-08-24 03:24:18|[INFO]|Session : [m1c08sg1r4jeiqfhv30hritfkh]|User id : 2|Name : SUPER  ADMINISTRATEUR |Module : [use_object]|Function : [Msg - update]| [OK_112] object_trace - '7' a été modifié.
2022-08-24 03:24:19|[INFO]|Session : [m1c08sg1r4jeiqfhv30hritfkh]|User id : 2|Name : SUPER  ADMINISTRATEUR |Module : [use_object]|Function : [Msg - update]| [OK_112] object_trace - '7' a été modifié.
2022-08-24 03:24:19|[INFO]|Session : [m1c08sg1r4jeiqfhv30hritfkh]|User id : 2|Name : SUPER  ADMINISTRATEUR |Module : [use_object]|Function : [Msg - update]| [OK_112] object_trace - '7' a été modifié.
2022-08-24 03:24:19|[INFO]|Session : [m1c08sg1r4jeiqfhv30hritfkh]|User id : 2|Name : SUPER  ADMINISTRATEUR |Module : [use_object]|Function : [Msg - update]| [OK_112] object_trace - '7' a été modifié.
2022-08-24 03:24:20|[INFO]|Session : [m1c08sg1r4jeiqfhv30hritfkh]|User id : 2|Name : SUPER  ADMINISTRATEUR |Module : [use_object]|Function : [Msg - update]| [OK_112] object_trace - '7' a été modifié.
2022-08-24 03:24:20|[INFO]|Session : [m1c08sg1r4jeiqfhv30hritfkh]|User id : 2|Name : SUPER  ADMINISTRATEUR |Module : [use_object]|Function : [Msg - update]| [OK_112] object_trace - '7' a été modifié.
2022-08-24 03:24:21|[INFO]|Session : [m1c08sg1r4jeiqfhv30hritfkh]|User id : 2|Name : SUPER  ADMINISTRATEUR |Module : [use_object]|Function : [Msg - update]| [OK_112] object_trace - '7' a été modifié.
2022-08-24 03:25:21|[INFO]|Session : [m1c08sg1r4jeiqfhv30hritfkh]|User id : 2|Name : SUPER  ADMINISTRATEUR |Module : [use_object]|Function : [Msg - update]| [OK_112] object_trace - '7' a été modifié.
2022-08-24 03:25:22|[INFO]|Session : [m1c08sg1r4jeiqfhv30hritfkh]|User id : 2|Name : SUPER  ADMINISTRATEUR |Module : [use_object]|Function : [Msg - update]| [OK_112] object_trace - '7' a été modifié.
2022-08-24 03:25:24|[INFO]|Session : [m1c08sg1r4jeiqfhv30hritfkh]|User id : 2|Name : SUPER  ADMINISTRATEUR |Module : [use_object]|Function : [Msg - update]| [OK_112] object_trace - '7' a été modifié.
2022-08-24 03:25:25|[INFO]|Session : [m1c08sg1r4jeiqfhv30hritfkh]|User id : 2|Name : SUPER  ADMINISTRATEUR |Module : [use_object]|Function : [Msg - update]| [OK_112] object_trace - '7' a été modifié.
2022-08-24 03:25:27|[INFO]|Session : [m1c08sg1r4jeiqfhv30hritfkh]|User id : 2|Name : SUPER  ADMINISTRATEUR |Module : [use_object]|Function : [Msg - update]| [OK_112] object_trace - '7' a été modifié.
2022-08-24 03:25:27|[INFO]|Session : [m1c08sg1r4jeiqfhv30hritfkh]|User id : 2|Name : SUPER  ADMINISTRATEUR |Module : [use_object]|Function : [Msg - update]| [OK_112] object_trace - '7' a été modifié.
2022-08-24 03:25:29|[INFO]|Session : [m1c08sg1r4jeiqfhv30hritfkh]|User id : 2|Name : SUPER  ADMINISTRATEUR |Module : [use_object]|Function : [Msg - update]| [OK_112] object_trace - '7' a été modifié.
2022-08-24 03:25:29|[INFO]|Session : [m1c08sg1r4jeiqfhv30hritfkh]|User id : 2|Name : SUPER  ADMINISTRATEUR |Module : [use_object]|Function : [Msg - update]| [OK_112] object_trace - '7' a été modifié.
2022-08-24 03:25:30|[INFO]|Session : [m1c08sg1r4jeiqfhv30hritfkh]|User id : 2|Name : SUPER  ADMINISTRATEUR |Module : [use_object]|Function : [Msg - update]| [OK_112] object_trace - '7' a été modifié.
2022-08-24 03:25:30|[INFO]|Session : [m1c08sg1r4jeiqfhv30hritfkh]|User id : 2|Name : SUPER  ADMINISTRATEUR |Module : [use_object]|Function : [Msg - update]| [OK_112] object_trace - '7' a été modifié.
2022-08-24 03:25:53|[INFO]|Session : [m1c08sg1r4jeiqfhv30hritfkh]|User id : 2|Name : SUPER  ADMINISTRATEUR |Module : [use_object]|Function : [Msg - update]| [OK_112] object_trace - '7' a été modifié.
2022-08-24 03:25:53|[INFO]|Session : [m1c08sg1r4jeiqfhv30hritfkh]|User id : 2|Name : SUPER  ADMINISTRATEUR |Module : [use_object]|Function : [Msg - update]| [OK_112] object_trace - '7' a été modifié.
2022-08-24 03:25:58|[INFO]|Session : [m1c08sg1r4jeiqfhv30hritfkh]|User id : 2|Name : SUPER  ADMINISTRATEUR |Module : [use_object]|Function : [Msg - update]| [OK_112] object_trace - '7' a été modifié.
2022-08-24 03:25:59|[INFO]|Session : [m1c08sg1r4jeiqfhv30hritfkh]|User id : 2|Name : SUPER  ADMINISTRATEUR |Module : [use_object]|Function : [Msg - update]| [OK_112] object_trace - '7' a été modifié.
2022-08-24 15:00:10|[INFO]|Session : [n458u2i00ctuv6gjgnqsrcv530]|User id : 2|Name : SUPER  ADMINISTRATEUR |Module : [use_object]|Function : [Msg - update]| [OK_112] object_trace - '2' a été modifié.
2022-08-24 15:00:12|[INFO]|Session : [n458u2i00ctuv6gjgnqsrcv530]|User id : 2|Name : SUPER  ADMINISTRATEUR |Module : [use_object]|Function : [Msg - update]| [OK_112] object_trace - '2' a été modifié.
2022-08-24 15:00:17|[INFO]|Session : [n458u2i00ctuv6gjgnqsrcv530]|User id : 2|Name : SUPER  ADMINISTRATEUR |Module : [use_object]|Function : [Msg - update]| [OK_112] object_trace - '2' a été modifié.
2022-08-24 15:00:17|[INFO]|Session : [n458u2i00ctuv6gjgnqsrcv530]|User id : 2|Name : SUPER  ADMINISTRATEUR |Module : [use_object]|Function : [Msg - update]| [OK_112] object_trace - '2' a été modifié.
2022-08-24 15:00:19|[INFO]|Session : [n458u2i00ctuv6gjgnqsrcv530]|User id : 2|Name : SUPER  ADMINISTRATEUR |Module : [use_object]|Function : [Msg - update]| [OK_112] object_trace - '2' a été modifié.
2022-08-24 15:00:20|[INFO]|Session : [n458u2i00ctuv6gjgnqsrcv530]|User id : 2|Name : SUPER  ADMINISTRATEUR |Module : [use_object]|Function : [Msg - update]| [OK_112] object_trace - '2' a été modifié.
2022-08-24 15:00:21|[INFO]|Session : [n458u2i00ctuv6gjgnqsrcv530]|User id : 2|Name : SUPER  ADMINISTRATEUR |Module : [use_object]|Function : [Msg - update]| [OK_112] object_trace - '2' a été modifié.
2022-08-24 15:00:21|[INFO]|Session : [n458u2i00ctuv6gjgnqsrcv530]|User id : 2|Name : SUPER  ADMINISTRATEUR |Module : [use_object]|Function : [Msg - update]| [OK_112] object_trace - '2' a été modifié.
2022-08-24 15:00:23|[INFO]|Session : [n458u2i00ctuv6gjgnqsrcv530]|User id : 2|Name : SUPER  ADMINISTRATEUR |Module : [use_object]|Function : [Msg - update]| [OK_112] object_trace - '2' a été modifié.
2022-08-24 15:00:23|[INFO]|Session : [n458u2i00ctuv6gjgnqsrcv530]|User id : 2|Name : SUPER  ADMINISTRATEUR |Module : [use_object]|Function : [Msg - update]| [OK_112] object_trace - '2' a été modifié.
2022-08-24 15:00:23|[INFO]|Session : [n458u2i00ctuv6gjgnqsrcv530]|User id : 2|Name : SUPER  ADMINISTRATEUR |Module : [use_object]|Function : [Msg - update]| [OK_112] object_trace - '2' a été modifié.
2022-08-24 15:00:24|[INFO]|Session : [n458u2i00ctuv6gjgnqsrcv530]|User id : 2|Name : SUPER  ADMINISTRATEUR |Module : [use_object]|Function : [Msg - update]| [OK_112] object_trace - '2' a été modifié.
2022-08-24 15:00:24|[INFO]|Session : [n458u2i00ctuv6gjgnqsrcv530]|User id : 2|Name : SUPER  ADMINISTRATEUR |Module : [use_object]|Function : [Msg - update]| [OK_112] object_trace - '2' a été modifié.
2022-08-24 15:00:25|[INFO]|Session : [n458u2i00ctuv6gjgnqsrcv530]|User id : 2|Name : SUPER  ADMINISTRATEUR |Module : [use_object]|Function : [Msg - update]| [OK_112] object_trace - '2' a été modifié.
2022-08-24 15:00:25|[INFO]|Session : [n458u2i00ctuv6gjgnqsrcv530]|User id : 2|Name : SUPER  ADMINISTRATEUR |Module : [use_object]|Function : [Msg - update]| [OK_112] object_trace - '2' a été modifié.
2022-08-24 15:00:26|[INFO]|Session : [n458u2i00ctuv6gjgnqsrcv530]|User id : 2|Name : SUPER  ADMINISTRATEUR |Module : [use_object]|Function : [Msg - update]| [OK_112] object_trace - '2' a été modifié.
2022-08-24 15:00:27|[INFO]|Session : [n458u2i00ctuv6gjgnqsrcv530]|User id : 2|Name : SUPER  ADMINISTRATEUR |Module : [use_object]|Function : [Msg - update]| [OK_112] object_trace - '2' a été modifié.
2022-08-24 15:00:28|[INFO]|Session : [n458u2i00ctuv6gjgnqsrcv530]|User id : 2|Name : SUPER  ADMINISTRATEUR |Module : [use_object]|Function : [Msg - update]| [OK_112] object_trace - '2' a été modifié.
2022-08-24 15:00:28|[INFO]|Session : [n458u2i00ctuv6gjgnqsrcv530]|User id : 2|Name : SUPER  ADMINISTRATEUR |Module : [use_object]|Function : [Msg - update]| [OK_112] object_trace - '2' a été modifié.
2022-08-24 15:00:28|[INFO]|Session : [n458u2i00ctuv6gjgnqsrcv530]|User id : 2|Name : SUPER  ADMINISTRATEUR |Module : [use_object]|Function : [Msg - update]| [OK_112] object_trace - '2' a été modifié.
2022-08-24 15:00:29|[INFO]|Session : [n458u2i00ctuv6gjgnqsrcv530]|User id : 2|Name : SUPER  ADMINISTRATEUR |Module : [use_object]|Function : [Msg - update]| [OK_112] object_trace - '2' a été modifié.
2022-08-24 15:00:30|[INFO]|Session : [n458u2i00ctuv6gjgnqsrcv530]|User id : 2|Name : SUPER  ADMINISTRATEUR |Module : [use_object]|Function : [Msg - update]| [OK_112] object_trace - '2' a été modifié.
2022-08-24 15:00:31|[INFO]|Session : [n458u2i00ctuv6gjgnqsrcv530]|User id : 2|Name : SUPER  ADMINISTRATEUR |Module : [use_object]|Function : [Msg - update]| [OK_112] object_trace - '2' a été modifié.
2022-08-24 15:00:32|[INFO]|Session : [n458u2i00ctuv6gjgnqsrcv530]|User id : 2|Name : SUPER  ADMINISTRATEUR |Module : [use_object]|Function : [Msg - update]| [OK_112] object_trace - '2' a été modifié.
2022-08-24 15:00:32|[INFO]|Session : [n458u2i00ctuv6gjgnqsrcv530]|User id : 2|Name : SUPER  ADMINISTRATEUR |Module : [use_object]|Function : [Msg - update]| [OK_112] object_trace - '2' a été modifié.
2022-08-24 15:00:33|[INFO]|Session : [n458u2i00ctuv6gjgnqsrcv530]|User id : 2|Name : SUPER  ADMINISTRATEUR |Module : [use_object]|Function : [Msg - update]| [OK_112] object_trace - '2' a été modifié.
2022-08-24 15:00:33|[INFO]|Session : [n458u2i00ctuv6gjgnqsrcv530]|User id : 2|Name : SUPER  ADMINISTRATEUR |Module : [use_object]|Function : [Msg - update]| [OK_112] object_trace - '2' a été modifié.
2022-08-24 15:00:33|[INFO]|Session : [n458u2i00ctuv6gjgnqsrcv530]|User id : 2|Name : SUPER  ADMINISTRATEUR |Module : [use_object]|Function : [Msg - update]| [OK_112] object_trace - '2' a été modifié.
2022-08-24 15:00:33|[INFO]|Session : [n458u2i00ctuv6gjgnqsrcv530]|User id : 2|Name : SUPER  ADMINISTRATEUR |Module : [use_object]|Function : [Msg - update]| [OK_112] object_trace - '2' a été modifié.
2022-08-24 15:00:34|[INFO]|Session : [n458u2i00ctuv6gjgnqsrcv530]|User id : 2|Name : SUPER  ADMINISTRATEUR |Module : [use_object]|Function : [Msg - update]| [OK_112] object_trace - '2' a été modifié.
2022-08-24 15:00:35|[INFO]|Session : [n458u2i00ctuv6gjgnqsrcv530]|User id : 2|Name : SUPER  ADMINISTRATEUR |Module : [use_object]|Function : [Msg - update]| [OK_112] object_trace - '2' a été modifié.
2022-08-24 15:00:35|[INFO]|Session : [n458u2i00ctuv6gjgnqsrcv530]|User id : 2|Name : SUPER  ADMINISTRATEUR |Module : [use_object]|Function : [Msg - update]| [OK_112] object_trace - '2' a été modifié.
2022-08-24 15:00:35|[INFO]|Session : [n458u2i00ctuv6gjgnqsrcv530]|User id : 2|Name : SUPER  ADMINISTRATEUR |Module : [use_object]|Function : [Msg - update]| [OK_112] object_trace - '2' a été modifié.
2022-08-24 15:00:36|[INFO]|Session : [n458u2i00ctuv6gjgnqsrcv530]|User id : 2|Name : SUPER  ADMINISTRATEUR |Module : [use_object]|Function : [Msg - update]| [OK_112] object_trace - '2' a été modifié.
2022-08-24 15:00:36|[INFO]|Session : [n458u2i00ctuv6gjgnqsrcv530]|User id : 2|Name : SUPER  ADMINISTRATEUR |Module : [use_object]|Function : [Msg - update]| [OK_112] object_trace - '2' a été modifié.
2022-08-24 15:00:36|[INFO]|Session : [n458u2i00ctuv6gjgnqsrcv530]|User id : 2|Name : SUPER  ADMINISTRATEUR |Module : [use_object]|Function : [Msg - update]| [OK_112] object_trace - '2' a été modifié.
2022-08-24 15:00:37|[INFO]|Session : [n458u2i00ctuv6gjgnqsrcv530]|User id : 2|Name : SUPER  ADMINISTRATEUR |Module : [use_object]|Function : [Msg - update]| [OK_112] object_trace - '2' a été modifié.
2022-08-24 15:00:37|[INFO]|Session : [n458u2i00ctuv6gjgnqsrcv530]|User id : 2|Name : SUPER  ADMINISTRATEUR |Module : [use_object]|Function : [Msg - update]| [OK_112] object_trace - '2' a été modifié.
2022-08-24 15:00:38|[INFO]|Session : [n458u2i00ctuv6gjgnqsrcv530]|User id : 2|Name : SUPER  ADMINISTRATEUR |Module : [use_object]|Function : [Msg - update]| [OK_112] object_trace - '2' a été modifié.
2022-08-24 15:00:38|[INFO]|Session : [n458u2i00ctuv6gjgnqsrcv530]|User id : 2|Name : SUPER  ADMINISTRATEUR |Module : [use_object]|Function : [Msg - update]| [OK_112] object_trace - '2' a été modifié.
2022-08-24 15:00:39|[INFO]|Session : [n458u2i00ctuv6gjgnqsrcv530]|User id : 2|Name : SUPER  ADMINISTRATEUR |Module : [use_object]|Function : [Msg - update]| [OK_112] object_trace - '2' a été modifié.
2022-08-24 15:00:39|[INFO]|Session : [n458u2i00ctuv6gjgnqsrcv530]|User id : 2|Name : SUPER  ADMINISTRATEUR |Module : [use_object]|Function : [Msg - update]| [OK_112] object_trace - '2' a été modifié.
2022-08-24 15:00:39|[INFO]|Session : [n458u2i00ctuv6gjgnqsrcv530]|User id : 2|Name : SUPER  ADMINISTRATEUR |Module : [use_object]|Function : [Msg - update]| [OK_112] object_trace - '2' a été modifié.
2022-08-24 15:00:40|[INFO]|Session : [n458u2i00ctuv6gjgnqsrcv530]|User id : 2|Name : SUPER  ADMINISTRATEUR |Module : [use_object]|Function : [Msg - update]| [OK_112] object_trace - '2' a été modifié.
2022-08-24 15:00:40|[INFO]|Session : [n458u2i00ctuv6gjgnqsrcv530]|User id : 2|Name : SUPER  ADMINISTRATEUR |Module : [use_object]|Function : [Msg - update]| [OK_112] object_trace - '2' a été modifié.
2022-08-24 15:00:41|[INFO]|Session : [n458u2i00ctuv6gjgnqsrcv530]|User id : 2|Name : SUPER  ADMINISTRATEUR |Module : [use_object]|Function : [Msg - update]| [OK_112] object_trace - '2' a été modifié.
2022-08-24 15:00:41|[INFO]|Session : [n458u2i00ctuv6gjgnqsrcv530]|User id : 2|Name : SUPER  ADMINISTRATEUR |Module : [use_object]|Function : [Msg - update]| [OK_112] object_trace - '2' a été modifié.
2022-08-24 15:00:41|[INFO]|Session : [n458u2i00ctuv6gjgnqsrcv530]|User id : 2|Name : SUPER  ADMINISTRATEUR |Module : [use_object]|Function : [Msg - update]| [OK_112] object_trace - '2' a été modifié.
2022-08-24 15:00:42|[INFO]|Session : [n458u2i00ctuv6gjgnqsrcv530]|User id : 2|Name : SUPER  ADMINISTRATEUR |Module : [use_object]|Function : [Msg - update]| [OK_112] object_trace - '2' a été modifié.
2022-08-24 15:00:42|[INFO]|Session : [n458u2i00ctuv6gjgnqsrcv530]|User id : 2|Name : SUPER  ADMINISTRATEUR |Module : [use_object]|Function : [Msg - update]| [OK_112] object_trace - '2' a été modifié.
2022-08-24 15:00:43|[INFO]|Session : [n458u2i00ctuv6gjgnqsrcv530]|User id : 2|Name : SUPER  ADMINISTRATEUR |Module : [use_object]|Function : [Msg - update]| [OK_112] object_trace - '2' a été modifié.
2022-08-24 15:00:43|[INFO]|Session : [n458u2i00ctuv6gjgnqsrcv530]|User id : 2|Name : SUPER  ADMINISTRATEUR |Module : [use_object]|Function : [Msg - update]| [OK_112] object_trace - '2' a été modifié.
2022-08-24 15:00:44|[INFO]|Session : [n458u2i00ctuv6gjgnqsrcv530]|User id : 2|Name : SUPER  ADMINISTRATEUR |Module : [use_object]|Function : [Msg - update]| [OK_112] object_trace - '2' a été modifié.
2022-08-24 15:00:44|[INFO]|Session : [n458u2i00ctuv6gjgnqsrcv530]|User id : 2|Name : SUPER  ADMINISTRATEUR |Module : [use_object]|Function : [Msg - update]| [OK_112] object_trace - '2' a été modifié.
2022-08-24 15:00:44|[INFO]|Session : [n458u2i00ctuv6gjgnqsrcv530]|User id : 2|Name : SUPER  ADMINISTRATEUR |Module : [use_object]|Function : [Msg - update]| [OK_112] object_trace - '2' a été modifié.
2022-08-24 15:00:44|[INFO]|Session : [n458u2i00ctuv6gjgnqsrcv530]|User id : 2|Name : SUPER  ADMINISTRATEUR |Module : [use_object]|Function : [Msg - update]| [OK_112] object_trace - '2' a été modifié.
2022-08-24 15:00:45|[INFO]|Session : [n458u2i00ctuv6gjgnqsrcv530]|User id : 2|Name : SUPER  ADMINISTRATEUR |Module : [use_object]|Function : [Msg - update]| [OK_112] object_trace - '2' a été modifié.
2022-08-24 15:00:45|[INFO]|Session : [n458u2i00ctuv6gjgnqsrcv530]|User id : 2|Name : SUPER  ADMINISTRATEUR |Module : [use_object]|Function : [Msg - update]| [OK_112] object_trace - '2' a été modifié.
2022-08-24 15:00:46|[INFO]|Session : [n458u2i00ctuv6gjgnqsrcv530]|User id : 2|Name : SUPER  ADMINISTRATEUR |Module : [use_object]|Function : [Msg - update]| [OK_112] object_trace - '2' a été modifié.
2022-08-24 15:00:46|[INFO]|Session : [n458u2i00ctuv6gjgnqsrcv530]|User id : 2|Name : SUPER  ADMINISTRATEUR |Module : [use_object]|Function : [Msg - update]| [OK_112] object_trace - '2' a été modifié.
2022-08-24 15:00:48|[INFO]|Session : [n458u2i00ctuv6gjgnqsrcv530]|User id : 2|Name : SUPER  ADMINISTRATEUR |Module : [use_object]|Function : [Msg - update]| [OK_112] object_trace - '2' a été modifié.
2022-08-24 15:00:48|[INFO]|Session : [n458u2i00ctuv6gjgnqsrcv530]|User id : 2|Name : SUPER  ADMINISTRATEUR |Module : [use_object]|Function : [Msg - update]| [OK_112] object_trace - '2' a été modifié.
2022-08-24 15:00:48|[INFO]|Session : [n458u2i00ctuv6gjgnqsrcv530]|User id : 2|Name : SUPER  ADMINISTRATEUR |Module : [use_object]|Function : [Msg - update]| [OK_112] object_trace - '2' a été modifié.
2022-08-24 15:00:50|[INFO]|Session : [n458u2i00ctuv6gjgnqsrcv530]|User id : 2|Name : SUPER  ADMINISTRATEUR |Module : [use_object]|Function : [Msg - update]| [OK_112] object_trace - '2' a été modifié.
2022-08-24 15:00:51|[INFO]|Session : [n458u2i00ctuv6gjgnqsrcv530]|User id : 2|Name : SUPER  ADMINISTRATEUR |Module : [use_object]|Function : [Msg - update]| [OK_112] object_trace - '2' a été modifié.
2022-08-24 15:00:51|[INFO]|Session : [n458u2i00ctuv6gjgnqsrcv530]|User id : 2|Name : SUPER  ADMINISTRATEUR |Module : [use_object]|Function : [Msg - update]| [OK_112] object_trace - '2' a été modifié.
2022-08-24 15:00:52|[INFO]|Session : [n458u2i00ctuv6gjgnqsrcv530]|User id : 2|Name : SUPER  ADMINISTRATEUR |Module : [use_object]|Function : [Msg - update]| [OK_112] object_trace - '2' a été modifié.
2022-08-24 15:00:53|[INFO]|Session : [n458u2i00ctuv6gjgnqsrcv530]|User id : 2|Name : SUPER  ADMINISTRATEUR |Module : [use_object]|Function : [Msg - update]| [OK_112] object_trace - '2' a été modifié.
2022-08-24 15:00:53|[INFO]|Session : [n458u2i00ctuv6gjgnqsrcv530]|User id : 2|Name : SUPER  ADMINISTRATEUR |Module : [use_object]|Function : [Msg - update]| [OK_112] object_trace - '2' a été modifié.
2022-08-24 15:00:53|[INFO]|Session : [n458u2i00ctuv6gjgnqsrcv530]|User id : 2|Name : SUPER  ADMINISTRATEUR |Module : [use_object]|Function : [Msg - update]| [OK_112] object_trace - '2' a été modifié.
2022-08-24 15:01:52|[INFO]|Session : [n458u2i00ctuv6gjgnqsrcv530]|User id : 2|Name : SUPER  ADMINISTRATEUR |Module : [use_object]|Function : [Msg - update]| [OK_112] object_trace - '2' a été modifié.
2022-08-24 15:01:52|[INFO]|Session : [n458u2i00ctuv6gjgnqsrcv530]|User id : 2|Name : SUPER  ADMINISTRATEUR |Module : [use_object]|Function : [Msg - update]| [OK_112] object_trace - '2' a été modifié.
2022-08-24 15:01:54|[INFO]|Session : [n458u2i00ctuv6gjgnqsrcv530]|User id : 2|Name : SUPER  ADMINISTRATEUR |Module : [use_object]|Function : [Msg - update]| [OK_112] object_trace - '2' a été modifié.
2022-08-24 15:01:54|[INFO]|Session : [n458u2i00ctuv6gjgnqsrcv530]|User id : 2|Name : SUPER  ADMINISTRATEUR |Module : [use_object]|Function : [Msg - update]| [OK_112] object_trace - '2' a été modifié.
2022-08-24 15:01:55|[INFO]|Session : [n458u2i00ctuv6gjgnqsrcv530]|User id : 2|Name : SUPER  ADMINISTRATEUR |Module : [use_object]|Function : [Msg - update]| [OK_112] object_trace - '2' a été modifié.
2022-08-24 15:01:55|[INFO]|Session : [n458u2i00ctuv6gjgnqsrcv530]|User id : 2|Name : SUPER  ADMINISTRATEUR |Module : [use_object]|Function : [Msg - update]| [OK_112] object_trace - '2' a été modifié.
2022-08-24 15:01:56|[INFO]|Session : [n458u2i00ctuv6gjgnqsrcv530]|User id : 2|Name : SUPER  ADMINISTRATEUR |Module : [use_object]|Function : [Msg - update]| [OK_112] object_trace - '2' a été modifié.
2022-08-24 15:01:56|[INFO]|Session : [n458u2i00ctuv6gjgnqsrcv530]|User id : 2|Name : SUPER  ADMINISTRATEUR |Module : [use_object]|Function : [Msg - update]| [OK_112] object_trace - '2' a été modifié.
2022-08-24 15:01:56|[INFO]|Session : [n458u2i00ctuv6gjgnqsrcv530]|User id : 2|Name : SUPER  ADMINISTRATEUR |Module : [use_object]|Function : [Msg - update]| [OK_112] object_trace - '2' a été modifié.
2022-08-24 15:01:56|[INFO]|Session : [n458u2i00ctuv6gjgnqsrcv530]|User id : 2|Name : SUPER  ADMINISTRATEUR |Module : [use_object]|Function : [Msg - update]| [OK_112] object_trace - '2' a été modifié.
2022-08-24 15:01:57|[INFO]|Session : [n458u2i00ctuv6gjgnqsrcv530]|User id : 2|Name : SUPER  ADMINISTRATEUR |Module : [use_object]|Function : [Msg - update]| [OK_112] object_trace - '2' a été modifié.
2022-08-24 15:01:57|[INFO]|Session : [n458u2i00ctuv6gjgnqsrcv530]|User id : 2|Name : SUPER  ADMINISTRATEUR |Module : [use_object]|Function : [Msg - update]| [OK_112] object_trace - '2' a été modifié.
2022-08-24 15:01:58|[INFO]|Session : [n458u2i00ctuv6gjgnqsrcv530]|User id : 2|Name : SUPER  ADMINISTRATEUR |Module : [use_object]|Function : [Msg - update]| [OK_112] object_trace - '2' a été modifié.
2022-08-24 15:01:58|[INFO]|Session : [n458u2i00ctuv6gjgnqsrcv530]|User id : 2|Name : SUPER  ADMINISTRATEUR |Module : [use_object]|Function : [Msg - update]| [OK_112] object_trace - '2' a été modifié.
2022-08-24 15:01:58|[INFO]|Session : [n458u2i00ctuv6gjgnqsrcv530]|User id : 2|Name : SUPER  ADMINISTRATEUR |Module : [use_object]|Function : [Msg - update]| [OK_112] object_trace - '2' a été modifié.
2022-08-24 15:01:58|[INFO]|Session : [n458u2i00ctuv6gjgnqsrcv530]|User id : 2|Name : SUPER  ADMINISTRATEUR |Module : [use_object]|Function : [Msg - update]| [OK_112] object_trace - '2' a été modifié.
2022-08-24 15:02:00|[INFO]|Session : [n458u2i00ctuv6gjgnqsrcv530]|User id : 2|Name : SUPER  ADMINISTRATEUR |Module : [use_object]|Function : [Msg - update]| [OK_112] object_trace - '2' a été modifié.
2022-08-24 15:02:00|[INFO]|Session : [n458u2i00ctuv6gjgnqsrcv530]|User id : 2|Name : SUPER  ADMINISTRATEUR |Module : [use_object]|Function : [Msg - update]| [OK_112] object_trace - '2' a été modifié.
2022-08-24 15:02:00|[INFO]|Session : [n458u2i00ctuv6gjgnqsrcv530]|User id : 2|Name : SUPER  ADMINISTRATEUR |Module : [use_object]|Function : [Msg - update]| [OK_112] object_trace - '2' a été modifié.
2022-08-24 15:02:00|[INFO]|Session : [n458u2i00ctuv6gjgnqsrcv530]|User id : 2|Name : SUPER  ADMINISTRATEUR |Module : [use_object]|Function : [Msg - update]| [OK_112] object_trace - '2' a été modifié.
2022-08-24 15:02:01|[INFO]|Session : [n458u2i00ctuv6gjgnqsrcv530]|User id : 2|Name : SUPER  ADMINISTRATEUR |Module : [use_object]|Function : [Msg - update]| [OK_112] object_trace - '2' a été modifié.
2022-08-24 15:02:01|[INFO]|Session : [n458u2i00ctuv6gjgnqsrcv530]|User id : 2|Name : SUPER  ADMINISTRATEUR |Module : [use_object]|Function : [Msg - update]| [OK_112] object_trace - '2' a été modifié.
2022-08-24 15:02:02|[INFO]|Session : [n458u2i00ctuv6gjgnqsrcv530]|User id : 2|Name : SUPER  ADMINISTRATEUR |Module : [use_object]|Function : [Msg - update]| [OK_112] object_trace - '2' a été modifié.
2022-08-24 15:02:02|[INFO]|Session : [n458u2i00ctuv6gjgnqsrcv530]|User id : 2|Name : SUPER  ADMINISTRATEUR |Module : [use_object]|Function : [Msg - update]| [OK_112] object_trace - '2' a été modifié.
2022-08-24 15:02:02|[INFO]|Session : [n458u2i00ctuv6gjgnqsrcv530]|User id : 2|Name : SUPER  ADMINISTRATEUR |Module : [use_object]|Function : [Msg - update]| [OK_112] object_trace - '2' a été modifié.
2022-08-24 15:02:03|[INFO]|Session : [n458u2i00ctuv6gjgnqsrcv530]|User id : 2|Name : SUPER  ADMINISTRATEUR |Module : [use_object]|Function : [Msg - update]| [OK_112] object_trace - '2' a été modifié.
2022-08-24 15:02:03|[INFO]|Session : [n458u2i00ctuv6gjgnqsrcv530]|User id : 2|Name : SUPER  ADMINISTRATEUR |Module : [use_object]|Function : [Msg - update]| [OK_112] object_trace - '2' a été modifié.
2022-08-24 15:02:04|[INFO]|Session : [n458u2i00ctuv6gjgnqsrcv530]|User id : 2|Name : SUPER  ADMINISTRATEUR |Module : [use_object]|Function : [Msg - update]| [OK_112] object_trace - '2' a été modifié.
2022-08-24 15:02:05|[INFO]|Session : [n458u2i00ctuv6gjgnqsrcv530]|User id : 2|Name : SUPER  ADMINISTRATEUR |Module : [use_object]|Function : [Msg - update]| [OK_112] object_trace - '2' a été modifié.
2022-08-24 15:02:05|[INFO]|Session : [n458u2i00ctuv6gjgnqsrcv530]|User id : 2|Name : SUPER  ADMINISTRATEUR |Module : [use_object]|Function : [Msg - update]| [OK_112] object_trace - '2' a été modifié.
2022-08-24 15:02:06|[INFO]|Session : [n458u2i00ctuv6gjgnqsrcv530]|User id : 2|Name : SUPER  ADMINISTRATEUR |Module : [use_object]|Function : [Msg - update]| [OK_112] object_trace - '2' a été modifié.
2022-08-24 15:02:06|[INFO]|Session : [n458u2i00ctuv6gjgnqsrcv530]|User id : 2|Name : SUPER  ADMINISTRATEUR |Module : [use_object]|Function : [Msg - update]| [OK_112] object_trace - '2' a été modifié.
2022-08-24 15:02:07|[INFO]|Session : [n458u2i00ctuv6gjgnqsrcv530]|User id : 2|Name : SUPER  ADMINISTRATEUR |Module : [use_object]|Function : [Msg - update]| [OK_112] object_trace - '2' a été modifié.
2022-08-24 15:02:07|[INFO]|Session : [n458u2i00ctuv6gjgnqsrcv530]|User id : 2|Name : SUPER  ADMINISTRATEUR |Module : [use_object]|Function : [Msg - update]| [OK_112] object_trace - '2' a été modifié.
2022-08-24 15:02:07|[INFO]|Session : [n458u2i00ctuv6gjgnqsrcv530]|User id : 2|Name : SUPER  ADMINISTRATEUR |Module : [use_object]|Function : [Msg - update]| [OK_112] object_trace - '2' a été modifié.
2022-08-24 15:02:07|[INFO]|Session : [n458u2i00ctuv6gjgnqsrcv530]|User id : 2|Name : SUPER  ADMINISTRATEUR |Module : [use_object]|Function : [Msg - update]| [OK_112] object_trace - '2' a été modifié.
2022-08-24 15:02:09|[INFO]|Session : [n458u2i00ctuv6gjgnqsrcv530]|User id : 2|Name : SUPER  ADMINISTRATEUR |Module : [use_object]|Function : [Msg - update]| [OK_112] object_trace - '2' a été modifié.
2022-08-24 15:02:09|[INFO]|Session : [n458u2i00ctuv6gjgnqsrcv530]|User id : 2|Name : SUPER  ADMINISTRATEUR |Module : [use_object]|Function : [Msg - update]| [OK_112] object_trace - '2' a été modifié.
2022-08-24 15:02:09|[INFO]|Session : [n458u2i00ctuv6gjgnqsrcv530]|User id : 2|Name : SUPER  ADMINISTRATEUR |Module : [use_object]|Function : [Msg - update]| [OK_112] object_trace - '2' a été modifié.
2022-08-24 15:02:10|[INFO]|Session : [n458u2i00ctuv6gjgnqsrcv530]|User id : 2|Name : SUPER  ADMINISTRATEUR |Module : [use_object]|Function : [Msg - update]| [OK_112] object_trace - '2' a été modifié.
2022-08-24 15:02:10|[INFO]|Session : [n458u2i00ctuv6gjgnqsrcv530]|User id : 2|Name : SUPER  ADMINISTRATEUR |Module : [use_object]|Function : [Msg - update]| [OK_112] object_trace - '2' a été modifié.
2022-08-24 15:02:11|[INFO]|Session : [n458u2i00ctuv6gjgnqsrcv530]|User id : 2|Name : SUPER  ADMINISTRATEUR |Module : [use_object]|Function : [Msg - update]| [OK_112] object_trace - '2' a été modifié.
2022-08-24 15:02:11|[INFO]|Session : [n458u2i00ctuv6gjgnqsrcv530]|User id : 2|Name : SUPER  ADMINISTRATEUR |Module : [use_object]|Function : [Msg - update]| [OK_112] object_trace - '2' a été modifié.
2022-08-24 15:02:12|[INFO]|Session : [n458u2i00ctuv6gjgnqsrcv530]|User id : 2|Name : SUPER  ADMINISTRATEUR |Module : [use_object]|Function : [Msg - update]| [OK_112] object_trace - '2' a été modifié.
2022-08-24 15:02:12|[INFO]|Session : [n458u2i00ctuv6gjgnqsrcv530]|User id : 2|Name : SUPER  ADMINISTRATEUR |Module : [use_object]|Function : [Msg - update]| [OK_112] object_trace - '2' a été modifié.
2022-08-24 15:02:13|[INFO]|Session : [n458u2i00ctuv6gjgnqsrcv530]|User id : 2|Name : SUPER  ADMINISTRATEUR |Module : [use_object]|Function : [Msg - update]| [OK_112] object_trace - '2' a été modifié.
2022-08-24 15:02:13|[INFO]|Session : [n458u2i00ctuv6gjgnqsrcv530]|User id : 2|Name : SUPER  ADMINISTRATEUR |Module : [use_object]|Function : [Msg - update]| [OK_112] object_trace - '2' a été modifié.
2022-08-24 15:02:13|[INFO]|Session : [n458u2i00ctuv6gjgnqsrcv530]|User id : 2|Name : SUPER  ADMINISTRATEUR |Module : [use_object]|Function : [Msg - update]| [OK_112] object_trace - '2' a été modifié.
2022-08-24 15:02:13|[INFO]|Session : [n458u2i00ctuv6gjgnqsrcv530]|User id : 2|Name : SUPER  ADMINISTRATEUR |Module : [use_object]|Function : [Msg - update]| [OK_112] object_trace - '2' a été modifié.
2022-08-24 15:02:14|[INFO]|Session : [n458u2i00ctuv6gjgnqsrcv530]|User id : 2|Name : SUPER  ADMINISTRATEUR |Module : [use_object]|Function : [Msg - update]| [OK_112] object_trace - '2' a été modifié.
2022-08-24 15:02:15|[INFO]|Session : [n458u2i00ctuv6gjgnqsrcv530]|User id : 2|Name : SUPER  ADMINISTRATEUR |Module : [use_object]|Function : [Msg - update]| [OK_112] object_trace - '2' a été modifié.
2022-08-24 15:02:15|[INFO]|Session : [n458u2i00ctuv6gjgnqsrcv530]|User id : 2|Name : SUPER  ADMINISTRATEUR |Module : [use_object]|Function : [Msg - update]| [OK_112] object_trace - '2' a été modifié.
2022-08-24 15:02:15|[INFO]|Session : [n458u2i00ctuv6gjgnqsrcv530]|User id : 2|Name : SUPER  ADMINISTRATEUR |Module : [use_object]|Function : [Msg - update]| [OK_112] object_trace - '2' a été modifié.
2022-08-24 15:02:16|[INFO]|Session : [n458u2i00ctuv6gjgnqsrcv530]|User id : 2|Name : SUPER  ADMINISTRATEUR |Module : [use_object]|Function : [Msg - update]| [OK_112] object_trace - '2' a été modifié.
2022-08-24 15:02:16|[INFO]|Session : [n458u2i00ctuv6gjgnqsrcv530]|User id : 2|Name : SUPER  ADMINISTRATEUR |Module : [use_object]|Function : [Msg - update]| [OK_112] object_trace - '2' a été modifié.
2022-08-24 15:02:17|[INFO]|Session : [n458u2i00ctuv6gjgnqsrcv530]|User id : 2|Name : SUPER  ADMINISTRATEUR |Module : [use_object]|Function : [Msg - update]| [OK_112] object_trace - '2' a été modifié.
2022-08-24 15:02:17|[INFO]|Session : [n458u2i00ctuv6gjgnqsrcv530]|User id : 2|Name : SUPER  ADMINISTRATEUR |Module : [use_object]|Function : [Msg - update]| [OK_112] object_trace - '2' a été modifié.
2022-08-24 15:02:17|[INFO]|Session : [n458u2i00ctuv6gjgnqsrcv530]|User id : 2|Name : SUPER  ADMINISTRATEUR |Module : [use_object]|Function : [Msg - update]| [OK_112] object_trace - '2' a été modifié.
2022-08-24 15:02:17|[INFO]|Session : [n458u2i00ctuv6gjgnqsrcv530]|User id : 2|Name : SUPER  ADMINISTRATEUR |Module : [use_object]|Function : [Msg - update]| [OK_112] object_trace - '2' a été modifié.
2022-08-24 15:02:18|[INFO]|Session : [n458u2i00ctuv6gjgnqsrcv530]|User id : 2|Name : SUPER  ADMINISTRATEUR |Module : [use_object]|Function : [Msg - update]| [OK_112] object_trace - '2' a été modifié.
2022-08-24 15:02:19|[INFO]|Session : [n458u2i00ctuv6gjgnqsrcv530]|User id : 2|Name : SUPER  ADMINISTRATEUR |Module : [use_object]|Function : [Msg - update]| [OK_112] object_trace - '2' a été modifié.
2022-08-24 15:02:19|[INFO]|Session : [n458u2i00ctuv6gjgnqsrcv530]|User id : 2|Name : SUPER  ADMINISTRATEUR |Module : [use_object]|Function : [Msg - update]| [OK_112] object_trace - '2' a été modifié.
2022-08-24 15:02:20|[INFO]|Session : [n458u2i00ctuv6gjgnqsrcv530]|User id : 2|Name : SUPER  ADMINISTRATEUR |Module : [use_object]|Function : [Msg - update]| [OK_112] object_trace - '2' a été modifié.
2022-08-24 15:02:20|[INFO]|Session : [n458u2i00ctuv6gjgnqsrcv530]|User id : 2|Name : SUPER  ADMINISTRATEUR |Module : [use_object]|Function : [Msg - update]| [OK_112] object_trace - '2' a été modifié.
2022-08-24 15:02:21|[INFO]|Session : [n458u2i00ctuv6gjgnqsrcv530]|User id : 2|Name : SUPER  ADMINISTRATEUR |Module : [use_object]|Function : [Msg - update]| [OK_112] object_trace - '2' a été modifié.
2022-08-24 15:02:22|[INFO]|Session : [n458u2i00ctuv6gjgnqsrcv530]|User id : 2|Name : SUPER  ADMINISTRATEUR |Module : [use_object]|Function : [Msg - update]| [OK_112] object_trace - '2' a été modifié.
2022-08-24 15:02:23|[INFO]|Session : [n458u2i00ctuv6gjgnqsrcv530]|User id : 2|Name : SUPER  ADMINISTRATEUR |Module : [use_object]|Function : [Msg - update]| [OK_112] object_trace - '2' a été modifié.
2022-08-24 15:02:23|[INFO]|Session : [n458u2i00ctuv6gjgnqsrcv530]|User id : 2|Name : SUPER  ADMINISTRATEUR |Module : [use_object]|Function : [Msg - update]| [OK_112] object_trace - '2' a été modifié.
2022-08-24 15:02:23|[INFO]|Session : [n458u2i00ctuv6gjgnqsrcv530]|User id : 2|Name : SUPER  ADMINISTRATEUR |Module : [use_object]|Function : [Msg - update]| [OK_112] object_trace - '2' a été modifié.
2022-08-24 15:02:24|[INFO]|Session : [n458u2i00ctuv6gjgnqsrcv530]|User id : 2|Name : SUPER  ADMINISTRATEUR |Module : [use_object]|Function : [Msg - update]| [OK_112] object_trace - '2' a été modifié.
2022-08-24 15:02:24|[INFO]|Session : [n458u2i00ctuv6gjgnqsrcv530]|User id : 2|Name : SUPER  ADMINISTRATEUR |Module : [use_object]|Function : [Msg - update]| [OK_112] object_trace - '2' a été modifié.
2022-08-24 15:02:26|[INFO]|Session : [n458u2i00ctuv6gjgnqsrcv530]|User id : 2|Name : SUPER  ADMINISTRATEUR |Module : [use_object]|Function : [Msg - update]| [OK_112] object_trace - '2' a été modifié.
2022-08-24 15:02:27|[INFO]|Session : [n458u2i00ctuv6gjgnqsrcv530]|User id : 2|Name : SUPER  ADMINISTRATEUR |Module : [use_object]|Function : [Msg - update]| [OK_112] object_trace - '2' a été modifié.
2022-08-24 15:02:27|[INFO]|Session : [n458u2i00ctuv6gjgnqsrcv530]|User id : 2|Name : SUPER  ADMINISTRATEUR |Module : [use_object]|Function : [Msg - update]| [OK_112] object_trace - '2' a été modifié.
2022-08-24 15:02:28|[INFO]|Session : [n458u2i00ctuv6gjgnqsrcv530]|User id : 2|Name : SUPER  ADMINISTRATEUR |Module : [use_object]|Function : [Msg - update]| [OK_112] object_trace - '2' a été modifié.
2022-08-24 15:02:29|[INFO]|Session : [n458u2i00ctuv6gjgnqsrcv530]|User id : 2|Name : SUPER  ADMINISTRATEUR |Module : [use_object]|Function : [Msg - update]| [OK_112] object_trace - '2' a été modifié.
2022-08-24 15:02:29|[INFO]|Session : [n458u2i00ctuv6gjgnqsrcv530]|User id : 2|Name : SUPER  ADMINISTRATEUR |Module : [use_object]|Function : [Msg - update]| [OK_112] object_trace - '2' a été modifié.
2022-08-24 15:02:30|[INFO]|Session : [n458u2i00ctuv6gjgnqsrcv530]|User id : 2|Name : SUPER  ADMINISTRATEUR |Module : [use_object]|Function : [Msg - update]| [OK_112] object_trace - '2' a été modifié.
2022-08-24 15:02:31|[INFO]|Session : [n458u2i00ctuv6gjgnqsrcv530]|User id : 2|Name : SUPER  ADMINISTRATEUR |Module : [use_object]|Function : [Msg - update]| [OK_112] object_trace - '2' a été modifié.
2022-08-24 15:02:31|[INFO]|Session : [n458u2i00ctuv6gjgnqsrcv530]|User id : 2|Name : SUPER  ADMINISTRATEUR |Module : [use_object]|Function : [Msg - update]| [OK_112] object_trace - '2' a été modifié.
2022-08-24 15:02:33|[INFO]|Session : [n458u2i00ctuv6gjgnqsrcv530]|User id : 2|Name : SUPER  ADMINISTRATEUR |Module : [use_object]|Function : [Msg - update]| [OK_112] object_trace - '2' a été modifié.
2022-08-24 15:02:33|[INFO]|Session : [n458u2i00ctuv6gjgnqsrcv530]|User id : 2|Name : SUPER  ADMINISTRATEUR |Module : [use_object]|Function : [Msg - update]| [OK_112] object_trace - '2' a été modifié.
2022-08-24 15:02:34|[INFO]|Session : [n458u2i00ctuv6gjgnqsrcv530]|User id : 2|Name : SUPER  ADMINISTRATEUR |Module : [use_object]|Function : [Msg - update]| [OK_112] object_trace - '2' a été modifié.
2022-08-24 15:02:34|[INFO]|Session : [n458u2i00ctuv6gjgnqsrcv530]|User id : 2|Name : SUPER  ADMINISTRATEUR |Module : [use_object]|Function : [Msg - update]| [OK_112] object_trace - '2' a été modifié.
2022-08-24 15:02:36|[INFO]|Session : [n458u2i00ctuv6gjgnqsrcv530]|User id : 2|Name : SUPER  ADMINISTRATEUR |Module : [use_object]|Function : [Msg - update]| [OK_112] object_trace - '2' a été modifié.
2022-08-24 15:02:38|[INFO]|Session : [n458u2i00ctuv6gjgnqsrcv530]|User id : 2|Name : SUPER  ADMINISTRATEUR |Module : [use_object]|Function : [Msg - update]| [OK_112] object_trace - '2' a été modifié.
2022-08-24 15:02:39|[INFO]|Session : [n458u2i00ctuv6gjgnqsrcv530]|User id : 2|Name : SUPER  ADMINISTRATEUR |Module : [use_object]|Function : [Msg - update]| [OK_112] object_trace - '2' a été modifié.
2022-08-24 15:02:39|[INFO]|Session : [n458u2i00ctuv6gjgnqsrcv530]|User id : 2|Name : SUPER  ADMINISTRATEUR |Module : [use_object]|Function : [Msg - update]| [OK_112] object_trace - '2' a été modifié.
2022-08-24 15:02:40|[INFO]|Session : [n458u2i00ctuv6gjgnqsrcv530]|User id : 2|Name : SUPER  ADMINISTRATEUR |Module : [use_object]|Function : [Msg - update]| [OK_112] object_trace - '2' a été modifié.
2022-08-24 15:02:40|[INFO]|Session : [n458u2i00ctuv6gjgnqsrcv530]|User id : 2|Name : SUPER  ADMINISTRATEUR |Module : [use_object]|Function : [Msg - update]| [OK_112] object_trace - '2' a été modifié.
2022-08-24 15:02:40|[INFO]|Session : [n458u2i00ctuv6gjgnqsrcv530]|User id : 2|Name : SUPER  ADMINISTRATEUR |Module : [use_object]|Function : [Msg - update]| [OK_112] object_trace - '2' a été modifié.
2022-08-24 15:02:41|[INFO]|Session : [n458u2i00ctuv6gjgnqsrcv530]|User id : 2|Name : SUPER  ADMINISTRATEUR |Module : [use_object]|Function : [Msg - update]| [OK_112] object_trace - '2' a été modifié.
2022-08-24 15:02:41|[INFO]|Session : [n458u2i00ctuv6gjgnqsrcv530]|User id : 2|Name : SUPER  ADMINISTRATEUR |Module : [use_object]|Function : [Msg - update]| [OK_112] object_trace - '2' a été modifié.
2022-08-24 15:02:42|[INFO]|Session : [n458u2i00ctuv6gjgnqsrcv530]|User id : 2|Name : SUPER  ADMINISTRATEUR |Module : [use_object]|Function : [Msg - update]| [OK_112] object_trace - '2' a été modifié.
2022-08-24 15:02:42|[INFO]|Session : [n458u2i00ctuv6gjgnqsrcv530]|User id : 2|Name : SUPER  ADMINISTRATEUR |Module : [use_object]|Function : [Msg - update]| [OK_112] object_trace - '2' a été modifié.
2022-08-24 15:02:42|[INFO]|Session : [n458u2i00ctuv6gjgnqsrcv530]|User id : 2|Name : SUPER  ADMINISTRATEUR |Module : [use_object]|Function : [Msg - update]| [OK_112] object_trace - '2' a été modifié.
2022-08-24 15:02:43|[INFO]|Session : [n458u2i00ctuv6gjgnqsrcv530]|User id : 2|Name : SUPER  ADMINISTRATEUR |Module : [use_object]|Function : [Msg - update]| [OK_112] object_trace - '2' a été modifié.
2022-08-24 15:02:43|[INFO]|Session : [n458u2i00ctuv6gjgnqsrcv530]|User id : 2|Name : SUPER  ADMINISTRATEUR |Module : [use_object]|Function : [Msg - update]| [OK_112] object_trace - '2' a été modifié.
2022-08-24 15:03:03|[INFO]|Session : [n458u2i00ctuv6gjgnqsrcv530]|User id : 2|Name : SUPER  ADMINISTRATEUR |Module : [use_object]|Function : [Msg - update]| [OK_112] object_trace - '7' a été modifié.
2022-08-24 15:03:04|[INFO]|Session : [n458u2i00ctuv6gjgnqsrcv530]|User id : 2|Name : SUPER  ADMINISTRATEUR |Module : [use_object]|Function : [Msg - update]| [OK_112] object_trace - '7' a été modifié.
2022-08-24 15:03:33|[INFO]|Session : [n458u2i00ctuv6gjgnqsrcv530]|User id : 2|Name : SUPER  ADMINISTRATEUR |Module : [use_object]|Function : [Msg - update]| [OK_112] object_trace - '7' a été modifié.
2022-08-24 15:03:33|[INFO]|Session : [n458u2i00ctuv6gjgnqsrcv530]|User id : 2|Name : SUPER  ADMINISTRATEUR |Module : [use_object]|Function : [Msg - update]| [OK_112] object_trace - '7' a été modifié.
2022-08-24 15:03:34|[INFO]|Session : [n458u2i00ctuv6gjgnqsrcv530]|User id : 2|Name : SUPER  ADMINISTRATEUR |Module : [use_object]|Function : [Msg - update]| [OK_112] object_trace - '7' a été modifié.
2022-08-24 15:03:35|[INFO]|Session : [n458u2i00ctuv6gjgnqsrcv530]|User id : 2|Name : SUPER  ADMINISTRATEUR |Module : [use_object]|Function : [Msg - update]| [OK_112] object_trace - '7' a été modifié.
2022-08-24 15:10:20|[INFO]|Session : [n458u2i00ctuv6gjgnqsrcv530]|User id : 2|Name : SUPER  ADMINISTRATEUR |Module : [use_object]|Function : [Msg - update]| [OK_112] object_trace - '7' a été modifié.
2022-08-24 15:10:20|[INFO]|Session : [n458u2i00ctuv6gjgnqsrcv530]|User id : 2|Name : SUPER  ADMINISTRATEUR |Module : [use_object]|Function : [Msg - update]| [OK_112] object_trace - '7' a été modifié.
2022-08-24 15:10:28|[INFO]|Session : [n458u2i00ctuv6gjgnqsrcv530]|User id : 2|Name : SUPER  ADMINISTRATEUR |Module : [use_object]|Function : [Msg - update]| [OK_112] object_trace - '7' a été modifié.
2022-08-24 15:10:29|[INFO]|Session : [n458u2i00ctuv6gjgnqsrcv530]|User id : 2|Name : SUPER  ADMINISTRATEUR |Module : [use_object]|Function : [Msg - update]| [OK_112] object_trace - '7' a été modifié.
2022-08-24 15:10:29|[INFO]|Session : [n458u2i00ctuv6gjgnqsrcv530]|User id : 2|Name : SUPER  ADMINISTRATEUR |Module : [use_object]|Function : [Msg - update]| [OK_112] object_trace - '7' a été modifié.
2022-08-24 15:10:30|[INFO]|Session : [n458u2i00ctuv6gjgnqsrcv530]|User id : 2|Name : SUPER  ADMINISTRATEUR |Module : [use_object]|Function : [Msg - update]| [OK_112] object_trace - '7' a été modifié.
2022-08-24 15:10:31|[INFO]|Session : [n458u2i00ctuv6gjgnqsrcv530]|User id : 2|Name : SUPER  ADMINISTRATEUR |Module : [use_object]|Function : [Msg - update]| [OK_112] object_trace - '7' a été modifié.
2022-08-24 15:10:31|[INFO]|Session : [n458u2i00ctuv6gjgnqsrcv530]|User id : 2|Name : SUPER  ADMINISTRATEUR |Module : [use_object]|Function : [Msg - update]| [OK_112] object_trace - '7' a été modifié.
2022-08-24 15:13:43|[INFO]|Session : [n458u2i00ctuv6gjgnqsrcv530]|User id : 2|Name : SUPER  ADMINISTRATEUR |Module : [use_object]|Function : [Msg - update]| [OK_112] object_trace - '7' a été modifié.
2022-08-24 15:13:43|[INFO]|Session : [n458u2i00ctuv6gjgnqsrcv530]|User id : 2|Name : SUPER  ADMINISTRATEUR |Module : [use_object]|Function : [Msg - update]| [OK_112] object_trace - '7' a été modifié.
2022-08-24 15:15:03|[INFO]|Session : [n458u2i00ctuv6gjgnqsrcv530]|User id : 2|Name : SUPER  ADMINISTRATEUR |Module : [use_object]|Function : [Msg - update]| [OK_112] object_trace - '7' a été modifié.
2022-08-24 15:15:03|[INFO]|Session : [n458u2i00ctuv6gjgnqsrcv530]|User id : 2|Name : SUPER  ADMINISTRATEUR |Module : [use_object]|Function : [Msg - update]| [OK_112] object_trace - '7' a été modifié.
2022-08-24 15:15:42|[INFO]|Session : [n458u2i00ctuv6gjgnqsrcv530]|User id : 2|Name : SUPER  ADMINISTRATEUR |Module : [use_object]|Function : [Msg - update]| [OK_112] object_trace - '7' a été modifié.
2022-08-24 15:15:43|[INFO]|Session : [n458u2i00ctuv6gjgnqsrcv530]|User id : 2|Name : SUPER  ADMINISTRATEUR |Module : [use_object]|Function : [Msg - update]| [OK_112] object_trace - '7' a été modifié.
2022-08-24 15:24:12|[INFO]|Session : [n458u2i00ctuv6gjgnqsrcv530]|User id : 2|Name : SUPER  ADMINISTRATEUR |Module : [use_object]|Function : [Msg - update]| [OK_112] object_trace - '7' a été modifié.
2022-08-24 15:24:13|[INFO]|Session : [n458u2i00ctuv6gjgnqsrcv530]|User id : 2|Name : SUPER  ADMINISTRATEUR |Module : [use_object]|Function : [Msg - update]| [OK_112] object_trace - '7' a été modifié.
2022-08-24 15:27:09|[INFO]|Session : [n458u2i00ctuv6gjgnqsrcv530]|User id : 2|Name : SUPER  ADMINISTRATEUR |Module : [use_object]|Function : [Msg - update]| [OK_112] object_trace - '7' a été modifié.
2022-08-24 15:27:10|[INFO]|Session : [n458u2i00ctuv6gjgnqsrcv530]|User id : 2|Name : SUPER  ADMINISTRATEUR |Module : [use_object]|Function : [Msg - update]| [OK_112] object_trace - '7' a été modifié.
2022-08-24 15:28:58|[INFO]|Session : [n458u2i00ctuv6gjgnqsrcv530]|User id : 2|Name : SUPER  ADMINISTRATEUR |Module : [use_object]|Function : [Msg - update]| [OK_112] object_trace - '7' a été modifié.
2022-08-24 15:28:58|[INFO]|Session : [n458u2i00ctuv6gjgnqsrcv530]|User id : 2|Name : SUPER  ADMINISTRATEUR |Module : [use_object]|Function : [Msg - update]| [OK_112] object_trace - '7' a été modifié.
2022-08-24 17:27:51|[INFO]|Session : [esvgtefl28j6md738ubk42rmq7]|User id : 2|Name : SUPER  ADMINISTRATEUR |Module : [use_object]|Function : [Msg - update]| [OK_112] object_trace - '7' a été modifié.
2022-08-24 17:27:51|[INFO]|Session : [esvgtefl28j6md738ubk42rmq7]|User id : 2|Name : SUPER  ADMINISTRATEUR |Module : [use_object]|Function : [Msg - update]| [OK_112] object_trace - '7' a été modifié.
2022-08-24 17:29:27|[INFO]|Session : [esvgtefl28j6md738ubk42rmq7]|User id : 2|Name : SUPER  ADMINISTRATEUR |Module : [use_object]|Function : [Msg - update]| [OK_112] object_trace - '7' a été modifié.
2022-08-24 17:29:27|[INFO]|Session : [esvgtefl28j6md738ubk42rmq7]|User id : 2|Name : SUPER  ADMINISTRATEUR |Module : [use_object]|Function : [Msg - update]| [OK_112] object_trace - '7' a été modifié.
2022-08-24 17:30:17|[INFO]|Session : [esvgtefl28j6md738ubk42rmq7]|User id : 2|Name : SUPER  ADMINISTRATEUR |Module : [use_object]|Function : [Msg - update]| [OK_112] object_trace - '7' a été modifié.
2022-08-24 17:30:18|[INFO]|Session : [esvgtefl28j6md738ubk42rmq7]|User id : 2|Name : SUPER  ADMINISTRATEUR |Module : [use_object]|Function : [Msg - update]| [OK_112] object_trace - '7' a été modifié.
2022-08-24 17:31:58|[INFO]|Session : [esvgtefl28j6md738ubk42rmq7]|User id : 2|Name : SUPER  ADMINISTRATEUR |Module : [use_object]|Function : [Msg - update]| [OK_112] object_trace - '7' a été modifié.
2022-08-24 17:31:59|[INFO]|Session : [esvgtefl28j6md738ubk42rmq7]|User id : 2|Name : SUPER  ADMINISTRATEUR |Module : [use_object]|Function : [Msg - update]| [OK_112] object_trace - '7' a été modifié.
2022-08-24 17:32:28|[INFO]|Session : [esvgtefl28j6md738ubk42rmq7]|User id : 2|Name : SUPER  ADMINISTRATEUR |Module : [use_object]|Function : [Msg - update]| [OK_112] object_trace - '7' a été modifié.
2022-08-24 17:32:29|[INFO]|Session : [esvgtefl28j6md738ubk42rmq7]|User id : 2|Name : SUPER  ADMINISTRATEUR |Module : [use_object]|Function : [Msg - update]| [OK_112] object_trace - '7' a été modifié.
2022-08-24 17:32:35|[INFO]|Session : [esvgtefl28j6md738ubk42rmq7]|User id : 2|Name : SUPER  ADMINISTRATEUR |Module : [use_object]|Function : [Msg - update]| [OK_112] object_trace - '7' a été modifié.
2022-08-24 17:32:36|[INFO]|Session : [esvgtefl28j6md738ubk42rmq7]|User id : 2|Name : SUPER  ADMINISTRATEUR |Module : [use_object]|Function : [Msg - update]| [OK_112] object_trace - '7' a été modifié.
2022-08-24 17:34:35|[INFO]|Session : [esvgtefl28j6md738ubk42rmq7]|User id : 2|Name : SUPER  ADMINISTRATEUR |Module : [use_object]|Function : [Msg - update]| [OK_112] object_trace - '7' a été modifié.
2022-08-24 17:34:37|[INFO]|Session : [esvgtefl28j6md738ubk42rmq7]|User id : 2|Name : SUPER  ADMINISTRATEUR |Module : [use_object]|Function : [Msg - update]| [OK_112] object_trace - '7' a été modifié.
2022-08-24 17:38:28|[INFO]|Session : [esvgtefl28j6md738ubk42rmq7]|User id : 2|Name : SUPER  ADMINISTRATEUR |Module : [use_object]|Function : [Msg - update]| [OK_112] object_trace - '7' a été modifié.
2022-08-24 17:38:28|[INFO]|Session : [esvgtefl28j6md738ubk42rmq7]|User id : 2|Name : SUPER  ADMINISTRATEUR |Module : [use_object]|Function : [Msg - update]| [OK_112] object_trace - '7' a été modifié.
2022-08-24 17:40:14|[INFO]|Session : [esvgtefl28j6md738ubk42rmq7]|User id : 2|Name : SUPER  ADMINISTRATEUR |Module : [use_object]|Function : [Msg - update]| [OK_112] object_trace - '7' a été modifié.
2022-08-24 17:40:14|[INFO]|Session : [esvgtefl28j6md738ubk42rmq7]|User id : 2|Name : SUPER  ADMINISTRATEUR |Module : [use_object]|Function : [Msg - update]| [OK_112] object_trace - '7' a été modifié.
