2022-08-18 00:52:30|[INFO]|Session : [5b2jcu0693acvq9c50fej0tuin]|User id : 1|Name : |Module : [use_object]|Function : [Msg - update]| [OK_112] object_trace - '2' a été modifié.
2022-08-18 00:52:39|[INFO]|Session : [u4bk1qpetumkap4966kv0k1tlj]|User id : 1|Name : |Module : [use_object]|Function : [Msg - update]| [OK_112] object_trace - '2' a été modifié.
2022-08-18 00:57:07|[INFO]|Session : [79ssht0cm3dm9o3uup44l7t8s9]|User id : 1|Name : |Module : [use_object]|Function : [Msg - update]| [OK_112] object_trace - '2' a été modifié.
2022-08-18 00:57:23|[INFO]|Session : [s7m59jea1a2k4fedpb6ng850m4]|User id : 1|Name : |Module : [use_object]|Function : [Msg - update]| [OK_112] object_trace - '2' a été modifié.
2022-08-18 01:08:17|[INFO]|Session : [dc34liifdsvt18epms3trbeg3s]|User id : 1|Name : |Module : [use_object]|Function : [Msg - update]| [OK_112] object_trace - '2' a été modifié.
2022-08-18 01:08:28|[INFO]|Session : [t5h7f44qjgqjr65gu78udifl9t]|User id : 1|Name : |Module : [use_object]|Function : [Msg - update]| [OK_112] object_trace - '2' a été modifié.
2022-08-18 01:12:49|[INFO]|Session : [dhg2kbju7hgon1lp0spd3r7sbe]|User id : 1|Name : |Module : [use_object]|Function : [Msg - update]| [OK_112] object_trace - '2' a été modifié.
2022-08-18 01:12:58|[INFO]|Session : [5l59g55v1p7kfa4euium0vkp55]|User id : 1|Name : |Module : [use_object]|Function : [Msg - update]| [OK_112] object_trace - '2' a été modifié.
2022-08-18 01:15:50|[INFO]|Session : [82qr4dk9gce75bnn2ul40bam71]|User id : 1|Name : |Module : [use_object]|Function : [Msg - update]| [OK_112] object_trace - '2' a été modifié.
2022-08-18 01:22:54|[INFO]|Session : [utp8vg26gjvr8vpap6vdeg1dtu]|User id : 1|Name : |Module : [use_object]|Function : [Msg - update]| [OK_112] object_trace - '13' a été modifié.
2022-08-18 01:23:28|[INFO]|Session : [bfcd0orhvflulhuemfhmrlisqe]|User id : 1|Name : |Module : [use_object]|Function : [Msg - update]| [OK_112] object_trace - '13' a été modifié.
2022-08-18 01:24:27|[INFO]|Session : [j08qlh3kvrh3bjrsvg0l94ovq7]|User id : 1|Name : |Module : [use_object]|Function : [Msg - update]| [OK_112] object_trace - '13' a été modifié.
2022-08-18 01:25:16|[INFO]|Session : [n66ktv9t7nf0o8gcb28p1hu20h]|User id : 1|Name : |Module : [use_object]|Function : [Msg - update]| [OK_112] object_trace - '13' a été modifié.
2022-08-18 01:25:56|[INFO]|Session : [ehj0r2hkrqqv2pvafc80jkesbj]|User id : 1|Name : |Module : [use_object]|Function : [Msg - update]| [OK_112] object_trace - '13' a été modifié.
2022-08-18 01:29:14|[INFO]|Session : [v9hc6opjr6o7bl4p38626u04r8]|User id : 1|Name : |Module : [use_object]|Function : [Msg - update]| [OK_112] object_trace - '13' a été modifié.
2022-08-18 01:48:43|[INFO]|Session : [dikmk3h0sgqvbeuvord1r1ls2u]|User id : 1|Name : |Module : [use_object]|Function : [Msg - update]| [OK_112] object_trace - '13' a été modifié.
2022-08-18 01:50:53|[INFO]|Session : [pbno4sl4q6ufdom5s8tha62asu]|User id : 1|Name : |Module : [use_object]|Function : [Msg - update]| [OK_112] object_trace - '13' a été modifié.
2022-08-18 01:52:48|[INFO]|Session : [4n9f7ufvsdcu6sl0g00g229lnh]|User id : 1|Name : |Module : [use_object]|Function : [Msg - update]| [OK_112] object_trace - '13' a été modifié.
2022-08-18 01:54:24|[INFO]|Session : [bd7evcfa89cifiqik1f7f3mm48]|User id : 1|Name : |Module : [use_object]|Function : [Msg - update]| [OK_112] object_trace - '13' a été modifié.
2022-08-18 01:56:58|[INFO]|Session : [6tigujl6itimi7rfeqkl7f3dq8]|User id : 1|Name : |Module : [use_object]|Function : [Msg - update]| [OK_112] object_trace - '13' a été modifié.
2022-08-18 02:00:53|[INFO]|Session : [u6atojl1gkgr3dlmcvde3ec0fi]|User id : 2|Name : SUPER  ADMINISTRATEUR |Module : [use_object]|Function : [Msg - insert]| [OK_111] object_application_ref - '' a été créé.
2022-08-18 02:01:13|[INFO]|Session : [u6atojl1gkgr3dlmcvde3ec0fi]|User id : 2|Name : SUPER  ADMINISTRATEUR |Module : [use_object]|Function : [Msg - insert]| [OK_111] object_application_ref - '' a été créé.
2022-08-18 02:02:31|[INFO]|Session : [u6atojl1gkgr3dlmcvde3ec0fi]|User id : 2|Name : SUPER  ADMINISTRATEUR |Module : [use_object]|Function : [Msg - delete]| [OK_110] object_user_group - '6671' a été supprimé.
2022-08-18 02:02:31|[INFO]|Session : [u6atojl1gkgr3dlmcvde3ec0fi]|User id : 2|Name : SUPER  ADMINISTRATEUR |Module : [use_object]|Function : [Msg - delete]| [OK_110] object_user_group - '6672' a été supprimé.
2022-08-18 02:02:31|[INFO]|Session : [u6atojl1gkgr3dlmcvde3ec0fi]|User id : 2|Name : SUPER  ADMINISTRATEUR |Module : [use_object]|Function : [Msg - delete]| [OK_110] object_user_group - '6673' a été supprimé.
2022-08-18 02:02:31|[INFO]|Session : [u6atojl1gkgr3dlmcvde3ec0fi]|User id : 2|Name : SUPER  ADMINISTRATEUR |Module : [use_object]|Function : [Msg - delete]| [OK_110] object_user_group - '6674' a été supprimé.
2022-08-18 02:02:31|[INFO]|Session : [u6atojl1gkgr3dlmcvde3ec0fi]|User id : 2|Name : SUPER  ADMINISTRATEUR |Module : [use_object]|Function : [Msg - delete]| [OK_110] object_user_group - '6675' a été supprimé.
2022-08-18 02:02:31|[INFO]|Session : [u6atojl1gkgr3dlmcvde3ec0fi]|User id : 2|Name : SUPER  ADMINISTRATEUR |Module : [use_object]|Function : [Msg - delete]| [OK_110] object_user_group - '6676' a été supprimé.
2022-08-18 02:02:31|[INFO]|Session : [u6atojl1gkgr3dlmcvde3ec0fi]|User id : 2|Name : SUPER  ADMINISTRATEUR |Module : [use_object]|Function : [Msg - delete]| [OK_110] object_user_group - '6677' a été supprimé.
2022-08-18 02:02:31|[INFO]|Session : [u6atojl1gkgr3dlmcvde3ec0fi]|User id : 2|Name : SUPER  ADMINISTRATEUR |Module : [use_object]|Function : [Msg - insert]| [OK_111] object_user_group - '' a été créé.
2022-08-18 02:02:31|[INFO]|Session : [u6atojl1gkgr3dlmcvde3ec0fi]|User id : 2|Name : SUPER  ADMINISTRATEUR |Module : [use_object]|Function : [Msg - insert]| [OK_111] object_user_group - '' a été créé.
2022-08-18 02:02:31|[INFO]|Session : [u6atojl1gkgr3dlmcvde3ec0fi]|User id : 2|Name : SUPER  ADMINISTRATEUR |Module : [use_object]|Function : [Msg - insert]| [OK_111] object_user_group - '' a été créé.
2022-08-18 02:02:31|[INFO]|Session : [u6atojl1gkgr3dlmcvde3ec0fi]|User id : 2|Name : SUPER  ADMINISTRATEUR |Module : [use_object]|Function : [Msg - insert]| [OK_111] object_user_group - '' a été créé.
2022-08-18 02:02:31|[INFO]|Session : [u6atojl1gkgr3dlmcvde3ec0fi]|User id : 2|Name : SUPER  ADMINISTRATEUR |Module : [use_object]|Function : [Msg - insert]| [OK_111] object_user_group - '' a été créé.
2022-08-18 02:02:31|[INFO]|Session : [u6atojl1gkgr3dlmcvde3ec0fi]|User id : 2|Name : SUPER  ADMINISTRATEUR |Module : [use_object]|Function : [Msg - insert]| [OK_111] object_user_group - '' a été créé.
2022-08-18 02:02:31|[INFO]|Session : [u6atojl1gkgr3dlmcvde3ec0fi]|User id : 2|Name : SUPER  ADMINISTRATEUR |Module : [use_object]|Function : [Msg - insert]| [OK_111] object_user_group - '' a été créé.
2022-08-18 02:02:31|[INFO]|Session : [u6atojl1gkgr3dlmcvde3ec0fi]|User id : 2|Name : SUPER  ADMINISTRATEUR |Module : [use_object]|Function : [Msg - update]| [OK_112] object_user - '3' a été modifié.
2022-08-18 02:03:00|[INFO]|Session : [u6atojl1gkgr3dlmcvde3ec0fi]|User id : 2|Name : SUPER  ADMINISTRATEUR |Module : [use_object]|Function : [Msg - update]| [OK_112] object_user - '88' a été modifié.
2022-08-18 11:43:15|[INFO]|Session : [suugqcged09ph7vmupfrtpctqf]|User id : 1|Name : |Module : [use_object]|Function : [Msg - update]| [OK_112] object_trace - '13' a été modifié.
2022-08-18 11:43:19|[INFO]|Session : [2so7n7r5ffh6runng84gdk1tqr]|User id : 1|Name : |Module : [use_object]|Function : [Msg - update]| [OK_112] object_trace_diagram - '24' a été modifié.
2022-08-18 11:43:19|[INFO]|Session : [9ufp8a4qq9jt29up014a4dhe5g]|User id : 1|Name : |Module : [use_object]|Function : [Msg - update]| [OK_112] object_trace - '13' a été modifié.
2022-08-18 11:43:20|[INFO]|Session : [6kbdqtuvh2t4aus4kea1gitp4d]|User id : 1|Name : |Module : [use_object]|Function : [Msg - update]| [OK_112] object_trace_diagram - '24' a été modifié.
2022-08-18 11:43:21|[INFO]|Session : [odqn9o31ic0slj6mrm3mr2l5qn]|User id : 1|Name : |Module : [use_object]|Function : [Msg - update]| [OK_112] object_trace - '13' a été modifié.
2022-08-18 11:43:22|[INFO]|Session : [9tab9n0bibp9tporsgdlubhobs]|User id : 1|Name : |Module : [use_object]|Function : [Msg - update]| [OK_112] object_trace_diagram - '24' a été modifié.
2022-08-18 11:43:22|[INFO]|Session : [bc62v0eg83vsekv783judcs55p]|User id : 1|Name : |Module : [use_object]|Function : [Msg - update]| [OK_112] object_trace - '13' a été modifié.
2022-08-18 11:43:23|[INFO]|Session : [d325na8n3j6b59pb006a3sgkib]|User id : 1|Name : |Module : [use_object]|Function : [Msg - update]| [OK_112] object_trace_diagram - '24' a été modifié.
2022-08-18 11:43:23|[INFO]|Session : [ajgogjh17sbi0gqu30ta62nfbf]|User id : 1|Name : |Module : [use_object]|Function : [Msg - update]| [OK_112] object_trace - '13' a été modifié.
2022-08-18 11:43:27|[INFO]|Session : [468p46mh6b73jcmgv4m4v36dvv]|User id : 1|Name : |Module : [use_object]|Function : [Msg - update]| [OK_112] object_trace_diagram - '24' a été modifié.
2022-08-18 11:43:28|[INFO]|Session : [tnpd591kuvif8k9ubu7dikqri5]|User id : 1|Name : |Module : [use_object]|Function : [Msg - update]| [OK_112] object_trace - '13' a été modifié.
2022-08-18 11:43:29|[INFO]|Session : [t419pvm6nr6ugvpfkcgjk5sf06]|User id : 1|Name : |Module : [use_object]|Function : [Msg - update]| [OK_112] object_trace_diagram - '24' a été modifié.
2022-08-18 11:43:30|[INFO]|Session : [asf7lb9cm2ut65phqim79shn7k]|User id : 1|Name : |Module : [use_object]|Function : [Msg - update]| [OK_112] object_trace - '13' a été modifié.
2022-08-18 11:43:30|[INFO]|Session : [d45n9ie4seusoea5hg323dkp3o]|User id : 1|Name : |Module : [use_object]|Function : [Msg - update]| [OK_112] object_trace_diagram - '24' a été modifié.
2022-08-18 11:43:31|[INFO]|Session : [9qs5n5hdj139ufv2kfr95gm022]|User id : 1|Name : |Module : [use_object]|Function : [Msg - update]| [OK_112] object_trace - '13' a été modifié.
2022-08-18 11:43:32|[INFO]|Session : [d6tv1mpc4oubsttudkcprb2s8t]|User id : 1|Name : |Module : [use_object]|Function : [Msg - update]| [OK_112] object_trace - '13' a été modifié.
2022-08-18 11:43:37|[INFO]|Session : [thc52k6r0bjc193381s2o3auha]|User id : 1|Name : |Module : [use_object]|Function : [Msg - update]| [OK_112] object_trace - '13' a été modifié.
2022-08-18 11:43:40|[INFO]|Session : [10a1jb5em7j1eejhd66dobvm73]|User id : 1|Name : |Module : [use_object]|Function : [Msg - update]| [OK_112] object_trace - '13' a été modifié.
2022-08-18 11:43:52|[INFO]|Session : [q9tld52a5pf32n61schajsanqv]|User id : 1|Name : |Module : [use_object]|Function : [Msg - update]| [OK_112] object_trace - '13' a été modifié.
2022-08-18 11:44:03|[INFO]|Session : [po8tbdsogot66ubnoatj5o5a8q]|User id : 1|Name : |Module : [use_object]|Function : [Msg - update]| [OK_112] object_trace - '13' a été modifié.
2022-08-18 11:44:18|[INFO]|Session : [8mdhlnd5d18qh8cs7jon3mb9rj]|User id : 1|Name : |Module : [use_object]|Function : [Msg - update]| [OK_112] object_trace - '13' a été modifié.
2022-08-18 11:44:24|[INFO]|Session : [kl7jlddk4d6qsdlgh302jkfsao]|User id : 1|Name : |Module : [use_object]|Function : [Msg - update]| [OK_112] object_trace - '13' a été modifié.
2022-08-18 11:44:37|[INFO]|Session : [s6iltq8ludujulsp60fe70dpbg]|User id : 1|Name : |Module : [use_object]|Function : [Msg - update]| [OK_112] object_trace - '13' a été modifié.
2022-08-18 11:44:41|[INFO]|Session : [0hfc2co57o7m7vnicpj6kvu7um]|User id : 1|Name : |Module : [use_object]|Function : [Msg - update]| [OK_112] object_trace - '13' a été modifié.
2022-08-18 11:44:47|[INFO]|Session : [p4hp9spkg38cesop05kuuci7fb]|User id : 1|Name : |Module : [use_object]|Function : [Msg - update]| [OK_112] object_trace - '13' a été modifié.
2022-08-18 11:44:48|[INFO]|Session : [j057ieavbm5mkleq190smradp4]|User id : 1|Name : |Module : [use_object]|Function : [Msg - update]| [OK_112] object_trace - '13' a été modifié.
2022-08-18 11:44:49|[INFO]|Session : [im0qdu0ob5s63ems7htjborb1p]|User id : 1|Name : |Module : [use_object]|Function : [Msg - update]| [OK_112] object_trace - '13' a été modifié.
2022-08-18 11:44:50|[INFO]|Session : [l56t0vm001qlspvhgc4bdp8l23]|User id : 1|Name : |Module : [use_object]|Function : [Msg - update]| [OK_112] object_trace - '13' a été modifié.
2022-08-18 11:44:51|[INFO]|Session : [0iihb6jivv1bc4d5d33evvfqh6]|User id : 1|Name : |Module : [use_object]|Function : [Msg - update]| [OK_112] object_trace - '13' a été modifié.
2022-08-18 11:44:51|[INFO]|Session : [r14jcjkutrs3k1druroghqr4m1]|User id : 1|Name : |Module : [use_object]|Function : [Msg - update]| [OK_112] object_trace - '13' a été modifié.
2022-08-18 11:44:53|[INFO]|Session : [8lfljro6gekog179atjhld6vtd]|User id : 1|Name : |Module : [use_object]|Function : [Msg - update]| [OK_112] object_trace - '13' a été modifié.
2022-08-18 11:44:53|[INFO]|Session : [h5704mm9hh30373nf84kbi8kq2]|User id : 1|Name : |Module : [use_object]|Function : [Msg - update]| [OK_112] object_trace - '13' a été modifié.
2022-08-18 11:44:54|[INFO]|Session : [c0iss73716lj17t8cuf5tk91qv]|User id : 1|Name : |Module : [use_object]|Function : [Msg - update]| [OK_112] object_trace - '13' a été modifié.
2022-08-18 11:44:55|[INFO]|Session : [jmlfosdh0ab017288rsvgfhgu4]|User id : 1|Name : |Module : [use_object]|Function : [Msg - update]| [OK_112] object_trace - '13' a été modifié.
2022-08-18 11:44:56|[INFO]|Session : [67af5is8m1hhkjlqjn3rjvuirh]|User id : 1|Name : |Module : [use_object]|Function : [Msg - update]| [OK_112] object_trace - '13' a été modifié.
2022-08-18 11:44:56|[INFO]|Session : [c9h794itvkim9t34vifj50n56u]|User id : 1|Name : |Module : [use_object]|Function : [Msg - update]| [OK_112] object_trace - '13' a été modifié.
2022-08-18 11:44:57|[INFO]|Session : [pphaurjib79n7cthtk1h5kv72l]|User id : 1|Name : |Module : [use_object]|Function : [Msg - update]| [OK_112] object_trace - '13' a été modifié.
2022-08-18 11:45:03|[INFO]|Session : [b6qf0gll4g464637epsu9q7rkq]|User id : 1|Name : |Module : [use_object]|Function : [Msg - update]| [OK_112] object_trace - '13' a été modifié.
2022-08-18 11:45:04|[INFO]|Session : [vlqsni8bbl1kbmlg49c8mlkvlm]|User id : 1|Name : |Module : [use_object]|Function : [Msg - update]| [OK_112] object_trace - '13' a été modifié.
2022-08-18 11:45:04|[INFO]|Session : [ea8d77tjn537kskce3d0suuolt]|User id : 1|Name : |Module : [use_object]|Function : [Msg - update]| [OK_112] object_trace - '13' a été modifié.
2022-08-18 11:45:05|[INFO]|Session : [vvnvl4h6ep7kb88undqtrguhue]|User id : 1|Name : |Module : [use_object]|Function : [Msg - update]| [OK_112] object_trace - '13' a été modifié.
2022-08-18 11:45:06|[INFO]|Session : [aq1uc0gtgbthihanctq2gf4nbi]|User id : 1|Name : |Module : [use_object]|Function : [Msg - update]| [OK_112] object_trace - '13' a été modifié.
2022-08-18 11:45:06|[INFO]|Session : [tbqsecmm1pgri1hgq5k0rbr8r9]|User id : 1|Name : |Module : [use_object]|Function : [Msg - update]| [OK_112] object_trace - '13' a été modifié.
2022-08-18 11:45:13|[INFO]|Session : [puijv1mft59pgmqubjv2iggfqb]|User id : 1|Name : |Module : [use_object]|Function : [Msg - update]| [OK_112] object_trace - '13' a été modifié.
2022-08-18 11:45:22|[INFO]|Session : [br88ajesftesbfhoe5fpjra8vh]|User id : 1|Name : |Module : [use_object]|Function : [Msg - update]| [OK_112] object_trace - '13' a été modifié.
2022-08-18 11:45:42|[INFO]|Session : [ss27c1ho61ip4h0qpq10m703ao]|User id : 1|Name : |Module : [use_object]|Function : [Msg - update]| [OK_112] object_trace - '13' a été modifié.
2022-08-18 11:45:45|[INFO]|Session : [8k4f11m1ab6p488a745o8o20i5]|User id : 1|Name : |Module : [use_object]|Function : [Msg - update]| [OK_112] object_trace - '13' a été modifié.
2022-08-18 11:45:48|[INFO]|Session : [0ttkj2oj0abpth9mn3k30bqocq]|User id : 1|Name : |Module : [use_object]|Function : [Msg - update]| [OK_112] object_trace - '13' a été modifié.
2022-08-18 11:45:54|[INFO]|Session : [ic0bmcdf092f0f3isllmep4289]|User id : 1|Name : |Module : [use_object]|Function : [Msg - update]| [OK_112] object_trace - '13' a été modifié.
2022-08-18 11:46:38|[INFO]|Session : [rg3g07ee3gkevnoalks26iht78]|User id : 1|Name : |Module : [use_object]|Function : [Msg - update]| [OK_112] object_trace - '13' a été modifié.
2022-08-18 11:47:47|[INFO]|Session : [p7hvk75b33nepj4lh7lk4q2na3]|User id : 1|Name : |Module : [use_object]|Function : [Msg - update]| [OK_112] object_trace - '13' a été modifié.
2022-08-18 11:47:52|[INFO]|Session : [pj356sifji566l4b7g3j8mop7k]|User id : 1|Name : |Module : [use_object]|Function : [Msg - update]| [OK_112] object_trace - '13' a été modifié.
2022-08-18 11:48:47|[INFO]|Session : [7rjisg7kqhkvnle3nccvh6b6a9]|User id : 1|Name : |Module : [use_object]|Function : [Msg - update]| [OK_112] object_trace - '13' a été modifié.
2022-08-18 12:17:20|[INFO]|Session : [f1cu04pbra4fm7gtiavtn3na3a]|User id : 1|Name : |Module : [use_object]|Function : [Msg - update]| [OK_112] object_trace - '13' a été modifié.
2022-08-18 12:17:56|[INFO]|Session : [mr9cs2v0jkhum2k06hkai8jssp]|User id : 1|Name : |Module : [use_object]|Function : [Msg - update]| [OK_112] object_trace - '13' a été modifié.
2022-08-18 12:18:00|[INFO]|Session : [hno4ojsfsokefqjjm2ir61i3pc]|User id : 1|Name : |Module : [use_object]|Function : [Msg - update]| [OK_112] object_trace - '13' a été modifié.
2022-08-18 12:18:07|[INFO]|Session : [0aibs68pujf5esjdmb7kfcjm9a]|User id : 1|Name : |Module : [use_object]|Function : [Msg - update]| [OK_112] object_trace - '13' a été modifié.
2022-08-18 12:18:47|[INFO]|Session : [2nv86fukb9m8cpajeaic840r81]|User id : 1|Name : |Module : [use_object]|Function : [Msg - update]| [OK_112] object_trace - '13' a été modifié.
2022-08-18 12:19:41|[INFO]|Session : [elakegpc6em357r7s6e5qgejek]|User id : 1|Name : |Module : [use_object]|Function : [Msg - update]| [OK_112] object_trace - '13' a été modifié.
2022-08-18 12:20:43|[INFO]|Session : [v2339ue81045itngev5d7tfugl]|User id : 1|Name : |Module : [use_object]|Function : [Msg - update]| [OK_112] object_trace - '13' a été modifié.
2022-08-18 12:22:29|[INFO]|Session : [8fdpia567ts7gnp95cf5befogr]|User id : 1|Name : |Module : [use_object]|Function : [Msg - update]| [OK_112] object_trace - '13' a été modifié.
2022-08-18 12:23:39|[INFO]|Session : [uc3tco33vrd48aj3hj3f24bukf]|User id : 1|Name : |Module : [use_object]|Function : [Msg - update]| [OK_112] object_trace - '13' a été modifié.
2022-08-18 12:24:42|[INFO]|Session : [jojuk4dg40cg12sorgdjegiu4i]|User id : 1|Name : |Module : [use_object]|Function : [Msg - update]| [OK_112] object_trace - '13' a été modifié.
2022-08-18 12:25:46|[INFO]|Session : [otm0il9ohmvcbpjr55cm8het51]|User id : 1|Name : |Module : [use_object]|Function : [Msg - update]| [OK_112] object_trace - '13' a été modifié.
2022-08-18 12:26:52|[INFO]|Session : [enp73s2gq1l3990ekd46eir0di]|User id : 1|Name : |Module : [use_object]|Function : [Msg - update]| [OK_112] object_trace - '13' a été modifié.
2022-08-18 12:27:14|[INFO]|Session : [n6bdrtsrr3ldcorla1qcb2gihf]|User id : 1|Name : |Module : [use_object]|Function : [Msg - update]| [OK_112] object_trace - '13' a été modifié.
2022-08-18 12:31:03|[INFO]|Session : [hr76nlcafipn7kg1n60cpio677]|User id : 1|Name : |Module : [use_object]|Function : [Msg - update]| [OK_112] object_trace - '13' a été modifié.
2022-08-18 15:09:17|[INFO]|Session : [c7rihn4i6iqsbhe431kq34elio]|User id : 1|Name : |Module : [use_object]|Function : [Msg - update]| [OK_112] object_trace - '13' a été modifié.
2022-08-18 15:10:16|[INFO]|Session : [1jo4p9kseoq8ikeg2srikvn42d]|User id : 1|Name : |Module : [use_object]|Function : [Msg - update]| [OK_112] object_trace - '13' a été modifié.
2022-08-18 15:13:34|[INFO]|Session : [kj9k713d3kfevjrkjb5horcfdr]|User id : 1|Name : |Module : [use_object]|Function : [Msg - update]| [OK_112] object_trace - '13' a été modifié.
2022-08-18 15:14:26|[INFO]|Session : [fhu8a5pjdm1g1jo7r0ml88fg4d]|User id : 1|Name : |Module : [use_object]|Function : [Msg - update]| [OK_112] object_trace - '13' a été modifié.
2022-08-18 15:17:16|[INFO]|Session : [r3ibr14vrjn1oc3c7eroe1ujij]|User id : 1|Name : |Module : [use_object]|Function : [Msg - update]| [OK_112] object_trace - '13' a été modifié.
2022-08-18 15:19:47|[INFO]|Session : [cgg363ff3vevbdqc2g34tbs5vf]|User id : 1|Name : |Module : [use_object]|Function : [Msg - update]| [OK_112] object_trace - '13' a été modifié.
2022-08-18 15:19:57|[INFO]|Session : [05s17ankeqkhqg9j1ef739eai9]|User id : 1|Name : |Module : [use_object]|Function : [Msg - update]| [OK_112] object_trace - '13' a été modifié.
2022-08-18 15:20:49|[INFO]|Session : [hhirclp9il1cu2ju9j1qneoq7n]|User id : 1|Name : |Module : [use_object]|Function : [Msg - update]| [OK_112] object_trace - '13' a été modifié.
2022-08-18 15:21:53|[INFO]|Session : [l5emc7b8j3ln21ve0n3jj1p3v5]|User id : 1|Name : |Module : [use_object]|Function : [Msg - update]| [OK_112] object_trace - '14' a été modifié.
2022-08-18 15:22:01|[INFO]|Session : [11jmgu2g527sa3map537u8cbne]|User id : 1|Name : |Module : [use_object]|Function : [Msg - update]| [OK_112] object_trace - '14' a été modifié.
2022-08-18 15:22:01|[INFO]|Session : [4pjnmkeob371dlfja70st3r2oh]|User id : 1|Name : |Module : [use_object]|Function : [Msg - update]| [OK_112] object_trace_diagram - '25' a été modifié.
2022-08-18 15:22:02|[INFO]|Session : [prit8mlenp1v15ar8m4gks6stm]|User id : 1|Name : |Module : [use_object]|Function : [Msg - update]| [OK_112] object_trace - '14' a été modifié.
2022-08-18 15:50:26|[INFO]|Session : [2fma2kp6dlsnu7rghlpu02g4m5]|User id : 1|Name : |Module : [use_object]|Function : [Msg - update]| [OK_112] object_trace - '13' a été modifié.
2022-08-18 15:50:28|[INFO]|Session : [gl2p92v6m2faaad7n13uf5dfun]|User id : 1|Name : |Module : [use_object]|Function : [Msg - update]| [OK_112] object_trace - '13' a été modifié.
2022-08-18 15:50:30|[INFO]|Session : [jhm8usbg8q25a1199b38e7toh7]|User id : 1|Name : |Module : [use_object]|Function : [Msg - update]| [OK_112] object_trace - '13' a été modifié.
2022-08-18 15:52:06|[INFO]|Session : [o3721dq6j5nap48h8ol2h6221m]|User id : 1|Name : |Module : [use_object]|Function : [Msg - update]| [OK_112] object_trace - '13' a été modifié.
2022-08-18 15:52:08|[INFO]|Session : [v95i0gr84i3iugtlop3c6l8lua]|User id : 1|Name : |Module : [use_object]|Function : [Msg - update]| [OK_112] object_trace - '13' a été modifié.
2022-08-18 15:52:10|[INFO]|Session : [4947kv9es0t7d2cgoq8h6scfb1]|User id : 1|Name : |Module : [use_object]|Function : [Msg - update]| [OK_112] object_trace - '13' a été modifié.
2022-08-18 16:05:40|[INFO]|Session : [22qkrf5aac7qios7i8olgqllgi]|User id : 1|Name : |Module : [use_object]|Function : [Msg - update]| [OK_112] object_trace - '13' a été modifié.
2022-08-18 16:05:42|[INFO]|Session : [ekd9ssih4vujt6pd13msp6ag35]|User id : 1|Name : |Module : [use_object]|Function : [Msg - update]| [OK_112] object_trace - '13' a été modifié.
2022-08-18 16:05:43|[INFO]|Session : [a45cuuojtqb235s2sckl5hg590]|User id : 1|Name : |Module : [use_object]|Function : [Msg - update]| [OK_112] object_trace - '13' a été modifié.
2022-08-18 16:09:23|[INFO]|Session : [ru9uu2sa8bc7b3f6i741792se7]|User id : 1|Name : |Module : [use_object]|Function : [Msg - update]| [OK_112] object_trace - '13' a été modifié.
2022-08-18 16:09:25|[INFO]|Session : [4oagp3vqqti2v22kugqckiaob6]|User id : 1|Name : |Module : [use_object]|Function : [Msg - update]| [OK_112] object_trace - '13' a été modifié.
2022-08-18 16:09:26|[INFO]|Session : [4r84as9on2s0048uqr3ecn8l9i]|User id : 1|Name : |Module : [use_object]|Function : [Msg - update]| [OK_112] object_trace - '13' a été modifié.
2022-08-18 16:10:53|[INFO]|Session : [r6ll3s7mfrtpfcbd4h4t6mbmt5]|User id : 1|Name : |Module : [use_object]|Function : [Msg - update]| [OK_112] object_trace - '13' a été modifié.
2022-08-18 16:10:55|[INFO]|Session : [oaihqhpkkj4335e9o9hlqupd71]|User id : 1|Name : |Module : [use_object]|Function : [Msg - update]| [OK_112] object_trace - '13' a été modifié.
2022-08-18 16:10:57|[INFO]|Session : [2aip2c004t7ivkj9o4sort5d1t]|User id : 1|Name : |Module : [use_object]|Function : [Msg - update]| [OK_112] object_trace - '13' a été modifié.
2022-08-18 16:15:26|[INFO]|Session : [eqf89c9diacd0l89jknl04m836]|User id : 1|Name : |Module : [use_object]|Function : [Msg - update]| [OK_112] object_trace - '13' a été modifié.
2022-08-18 16:15:28|[INFO]|Session : [e843v8g7eh1tiaakgdpvepk2sb]|User id : 1|Name : |Module : [use_object]|Function : [Msg - update]| [OK_112] object_trace - '13' a été modifié.
2022-08-18 16:15:29|[INFO]|Session : [0o2ube1hlk58dmje7j4fqlu317]|User id : 1|Name : |Module : [use_object]|Function : [Msg - update]| [OK_112] object_trace - '13' a été modifié.
2022-08-18 16:20:33|[INFO]|Session : [buqoe6raoh22ackqgad4b8usmu]|User id : 1|Name : |Module : [use_object]|Function : [Msg - update]| [OK_112] object_trace - '13' a été modifié.
2022-08-18 16:20:35|[INFO]|Session : [0hbbhjirmglde9i087srr5d7ij]|User id : 1|Name : |Module : [use_object]|Function : [Msg - update]| [OK_112] object_trace - '13' a été modifié.
2022-08-18 16:20:37|[INFO]|Session : [i5hltjse18n4rodoivott6f5se]|User id : 1|Name : |Module : [use_object]|Function : [Msg - update]| [OK_112] object_trace - '13' a été modifié.
2022-08-18 16:23:28|[INFO]|Session : [l7fjrkjfoi4pdhhehnpa4vkosk]|User id : 1|Name : |Module : [use_object]|Function : [Msg - update]| [OK_112] object_trace - '13' a été modifié.
2022-08-18 16:23:30|[INFO]|Session : [5qfrg4304aaaah914t3314u8qj]|User id : 1|Name : |Module : [use_object]|Function : [Msg - update]| [OK_112] object_trace - '13' a été modifié.
2022-08-18 16:23:31|[INFO]|Session : [cajb783t4dtnd407usvclqegn2]|User id : 1|Name : |Module : [use_object]|Function : [Msg - update]| [OK_112] object_trace - '13' a été modifié.
2022-08-18 16:24:02|[INFO]|Session : [9bci3tc1jl8arebrqohggcg9d2]|User id : 1|Name : |Module : [use_object]|Function : [Msg - update]| [OK_112] object_trace - '13' a été modifié.
2022-08-18 16:24:04|[INFO]|Session : [s5a28varmro2uoktkm10jdcjjt]|User id : 1|Name : |Module : [use_object]|Function : [Msg - update]| [OK_112] object_trace - '13' a été modifié.
2022-08-18 16:24:05|[INFO]|Session : [lo0dakm1clvfg9qo18trpkn8jp]|User id : 1|Name : |Module : [use_object]|Function : [Msg - update]| [OK_112] object_trace - '13' a été modifié.
2022-08-18 16:26:08|[INFO]|Session : [c75nsva6bhcu38chu756g0av8a]|User id : 1|Name : |Module : [use_object]|Function : [Msg - update]| [OK_112] object_trace - '13' a été modifié.
2022-08-18 16:26:11|[INFO]|Session : [apik10lh3cnuu1d4526k6k3sut]|User id : 1|Name : |Module : [use_object]|Function : [Msg - update]| [OK_112] object_trace - '13' a été modifié.
2022-08-18 16:26:12|[INFO]|Session : [mtv9j8dctm6r90qgjm4mr8cbvk]|User id : 1|Name : |Module : [use_object]|Function : [Msg - update]| [OK_112] object_trace - '13' a été modifié.
2022-08-18 16:26:22|[INFO]|Session : [bdlne8t3tl6d1h2ojdro4ambaq]|User id : 1|Name : |Module : [use_object]|Function : [Msg - update]| [OK_112] object_trace - '13' a été modifié.
2022-08-18 16:26:24|[INFO]|Session : [f4o451dtb6m4f4p7831vhpdc29]|User id : 1|Name : |Module : [use_object]|Function : [Msg - update]| [OK_112] object_trace - '13' a été modifié.
2022-08-18 16:26:25|[INFO]|Session : [b33auv7e97029estmhf5lkdeag]|User id : 1|Name : |Module : [use_object]|Function : [Msg - update]| [OK_112] object_trace - '13' a été modifié.
2022-08-18 16:30:06|[INFO]|Session : [hlm7uk67eat65nnhlalekh079q]|User id : 1|Name : |Module : [use_object]|Function : [Msg - update]| [OK_112] object_trace - '13' a été modifié.
2022-08-18 16:30:08|[INFO]|Session : [8s5gdlf5vns8mbfdjkebt6n61e]|User id : 1|Name : |Module : [use_object]|Function : [Msg - update]| [OK_112] object_trace - '13' a été modifié.
2022-08-18 16:30:09|[INFO]|Session : [st0of0pnp3j3u9ij50tklkl1fk]|User id : 1|Name : |Module : [use_object]|Function : [Msg - update]| [OK_112] object_trace - '13' a été modifié.
2022-08-18 16:31:01|[INFO]|Session : [t254mhmo1h965i3gv6ks23eltl]|User id : 1|Name : |Module : [use_object]|Function : [Msg - update]| [OK_112] object_trace - '13' a été modifié.
2022-08-18 16:31:03|[INFO]|Session : [98e69m6i2s1gpmh7f77r84lrra]|User id : 1|Name : |Module : [use_object]|Function : [Msg - update]| [OK_112] object_trace - '13' a été modifié.
2022-08-18 16:31:04|[INFO]|Session : [4dksicle7fhnni4jgo0fbpgh4k]|User id : 1|Name : |Module : [use_object]|Function : [Msg - update]| [OK_112] object_trace - '13' a été modifié.
2022-08-18 16:34:35|[INFO]|Session : [2gsnfhdj06dokfkjqf0srgdegp]|User id : 1|Name : |Module : [use_object]|Function : [Msg - update]| [OK_112] object_trace - '13' a été modifié.
2022-08-18 16:34:36|[INFO]|Session : [san42ai0eaod0d97m6spvgk56t]|User id : 1|Name : |Module : [use_object]|Function : [Msg - update]| [OK_112] object_trace - '13' a été modifié.
2022-08-18 16:34:38|[INFO]|Session : [gd7h1tb2tp2skh40u22deatv5n]|User id : 1|Name : |Module : [use_object]|Function : [Msg - update]| [OK_112] object_trace - '13' a été modifié.
2022-08-18 16:45:15|[INFO]|Session : [5flafh1124l9ecbt83e5feupni]|User id : 1|Name : |Module : [use_object]|Function : [Msg - update]| [OK_112] object_trace - '13' a été modifié.
2022-08-18 16:45:16|[INFO]|Session : [a1naekhuamrig13nbfn7a131g1]|User id : 1|Name : |Module : [use_object]|Function : [Msg - update]| [OK_112] object_trace - '13' a été modifié.
2022-08-18 16:45:19|[INFO]|Session : [cjp585bmpl9ap40pef4iiciajg]|User id : 1|Name : |Module : [use_object]|Function : [Msg - update]| [OK_112] object_trace - '13' a été modifié.
2022-08-18 16:48:48|[INFO]|Session : [dh437cbn85g0jsbua1jetaip77]|User id : 1|Name : |Module : [use_object]|Function : [Msg - update]| [OK_112] object_trace - '13' a été modifié.
2022-08-18 16:48:50|[INFO]|Session : [r8rvp52an7tb7bpcdg5ferh7k2]|User id : 1|Name : |Module : [use_object]|Function : [Msg - update]| [OK_112] object_trace - '13' a été modifié.
2022-08-18 16:48:52|[INFO]|Session : [eo6fsc1c9jjgcrnhegoresdtnn]|User id : 1|Name : |Module : [use_object]|Function : [Msg - update]| [OK_112] object_trace - '13' a été modifié.
2022-08-18 16:50:45|[INFO]|Session : [nkn2nurvrkbuilkrnrcbmt024o]|User id : 1|Name : |Module : [use_object]|Function : [Msg - update]| [OK_112] object_trace - '13' a été modifié.
2022-08-18 16:50:48|[INFO]|Session : [cikci4gc18982bamai2otmjth4]|User id : 1|Name : |Module : [use_object]|Function : [Msg - update]| [OK_112] object_trace - '13' a été modifié.
2022-08-18 16:50:50|[INFO]|Session : [0mk4abvq0gt1avjb6uma0lnq0a]|User id : 1|Name : |Module : [use_object]|Function : [Msg - update]| [OK_112] object_trace - '13' a été modifié.
2022-08-18 16:53:51|[INFO]|Session : [ui7qnjcr92bcf92rb65nr7vvlk]|User id : 1|Name : |Module : [use_object]|Function : [Msg - update]| [OK_112] object_trace - '13' a été modifié.
2022-08-18 16:53:53|[INFO]|Session : [1tng5oe606849dk16lq375g4ro]|User id : 1|Name : |Module : [use_object]|Function : [Msg - update]| [OK_112] object_trace - '13' a été modifié.
2022-08-18 16:53:55|[INFO]|Session : [j8jjkh3h336m75558g8q4c482i]|User id : 1|Name : |Module : [use_object]|Function : [Msg - update]| [OK_112] object_trace - '13' a été modifié.
2022-08-18 16:55:07|[INFO]|Session : [6fsls0q19shjbr9ecul7rp5127]|User id : 1|Name : |Module : [use_object]|Function : [Msg - update]| [OK_112] object_trace - '13' a été modifié.
2022-08-18 16:55:09|[INFO]|Session : [tb0tfb4ni2dopqhvrimdt0jahr]|User id : 1|Name : |Module : [use_object]|Function : [Msg - update]| [OK_112] object_trace - '13' a été modifié.
2022-08-18 16:55:09|[INFO]|Session : [r32mick0vbqhn3s3f318nc0rvu]|User id : 1|Name : |Module : [use_object]|Function : [Msg - update]| [OK_112] object_trace - '13' a été modifié.
2022-08-18 16:59:15|[INFO]|Session : [m1k04b1lldtd6s7uidtsi6nqoe]|User id : 1|Name : |Module : [use_object]|Function : [Msg - update]| [OK_112] object_trace - '13' a été modifié.
2022-08-18 16:59:17|[INFO]|Session : [dbcf54g5rdrm3ct4ksnsih6i49]|User id : 1|Name : |Module : [use_object]|Function : [Msg - update]| [OK_112] object_trace - '13' a été modifié.
2022-08-18 16:59:18|[INFO]|Session : [cml1m60qufkl02kvn4f38gs669]|User id : 1|Name : |Module : [use_object]|Function : [Msg - update]| [OK_112] object_trace - '13' a été modifié.
2022-08-18 17:00:23|[INFO]|Session : [fkvfur5te48j02het16iaemj5a]|User id : 1|Name : |Module : [use_object]|Function : [Msg - update]| [OK_112] object_trace - '13' a été modifié.
2022-08-18 17:00:24|[INFO]|Session : [432nlsc3dv6a5k85fmkpirfohc]|User id : 1|Name : |Module : [use_object]|Function : [Msg - update]| [OK_112] object_trace - '13' a été modifié.
2022-08-18 17:00:26|[INFO]|Session : [q9borkvnbuktnj9ngv3ulm17q7]|User id : 1|Name : |Module : [use_object]|Function : [Msg - update]| [OK_112] object_trace - '13' a été modifié.
2022-08-18 17:04:35|[INFO]|Session : [571vntcjr5kucogrtq4448315u]|User id : 1|Name : |Module : [use_object]|Function : [Msg - update]| [OK_112] object_trace - '13' a été modifié.
2022-08-18 17:04:37|[INFO]|Session : [8oj61f0n2de1onbfk9rf8e5bep]|User id : 1|Name : |Module : [use_object]|Function : [Msg - update]| [OK_112] object_trace - '13' a été modifié.
2022-08-18 17:04:39|[INFO]|Session : [iejrlbp4se45hd6t0dsaqa54pa]|User id : 1|Name : |Module : [use_object]|Function : [Msg - update]| [OK_112] object_trace - '13' a été modifié.
2022-08-18 17:05:24|[INFO]|Session : [pkm2l5q8iotrrd47klj1kls2mi]|User id : 1|Name : |Module : [use_object]|Function : [Msg - update]| [OK_112] object_trace - '15' a été modifié.
2022-08-18 17:05:25|[INFO]|Session : [3tpfij8tb4nn7o99if88oadp02]|User id : 1|Name : |Module : [use_object]|Function : [Msg - update]| [OK_112] object_trace - '15' a été modifié.
2022-08-18 17:05:26|[INFO]|Session : [mulu2s2kjiphdcn005edoeb0kb]|User id : 1|Name : |Module : [use_object]|Function : [Msg - update]| [OK_112] object_trace - '15' a été modifié.
2022-08-18 19:31:28|[INFO]|Session : [f3nhk2a3c8t47gpmmj28k4pseb]|User id : 1|Name : |Module : [use_object]|Function : [Msg - update]| [OK_112] object_trace - '16' a été modifié.
2022-08-18 19:31:30|[INFO]|Session : [89e49i1evmvle5fpv15rdvb5id]|User id : 1|Name : |Module : [use_object]|Function : [Msg - update]| [OK_112] object_trace - '16' a été modifié.
2022-08-18 19:31:33|[INFO]|Session : [91hv4homgvj9nupv9qau9f9s6a]|User id : 1|Name : |Module : [use_object]|Function : [Msg - update]| [OK_112] object_trace - '16' a été modifié.
2022-08-18 19:32:12|[INFO]|Session : [el3psg0vi7rla54j69iqejdsqa]|User id : 1|Name : |Module : [use_object]|Function : [Msg - update]| [OK_112] object_trace - '16' a été modifié.
2022-08-18 19:32:13|[INFO]|Session : [kqe8nbogb9muu73938sb2achgv]|User id : 1|Name : |Module : [use_object]|Function : [Msg - update]| [OK_112] object_trace_diagram - '27' a été modifié.
2022-08-18 19:32:13|[INFO]|Session : [2n7r5isvhsffv170lcsat86cea]|User id : 1|Name : |Module : [use_object]|Function : [Msg - update]| [OK_112] object_trace - '16' a été modifié.
2022-08-18 19:32:15|[INFO]|Session : [c74g37bb89fkoi831391j7611j]|User id : 1|Name : |Module : [use_object]|Function : [Msg - update]| [OK_112] object_trace - '16' a été modifié.
2022-08-18 19:32:16|[INFO]|Session : [g442g73np98u34452e1hi572e0]|User id : 1|Name : |Module : [use_object]|Function : [Msg - update]| [OK_112] object_trace - '16' a été modifié.
2022-08-18 19:32:32|[INFO]|Session : [06oda69cosuj8nc207ut2qk6hj]|User id : 1|Name : |Module : [use_object]|Function : [Msg - update]| [OK_112] object_trace - '2' a été modifié.
2022-08-18 19:32:55|[INFO]|Session : [as7ucpbnq7teoep5j8f128sb5e]|User id : 1|Name : |Module : [use_object]|Function : [Msg - update]| [OK_112] object_trace - '13' a été modifié.
2022-08-18 19:32:57|[INFO]|Session : [rlb7e0sjllet7k1ui11i2thk3c]|User id : 1|Name : |Module : [use_object]|Function : [Msg - update]| [OK_112] object_trace - '13' a été modifié.
2022-08-18 19:32:58|[INFO]|Session : [fn1a6kekiefk89uonol6ilkjmm]|User id : 1|Name : |Module : [use_object]|Function : [Msg - update]| [OK_112] object_trace - '13' a été modifié.
2022-08-18 19:33:04|[INFO]|Session : [qjv9cjsn89kkta68a446ol0ls9]|User id : 1|Name : |Module : [use_object]|Function : [Msg - update]| [OK_112] object_trace - '2' a été modifié.
2022-08-18 19:54:17|[INFO]|Session : [rl2269rfrcvdgdtsqu1q8s649q]|User id : 1|Name : |Module : [use_object]|Function : [Msg - update]| [OK_112] object_trace - '13' a été modifié.
2022-08-18 19:54:19|[INFO]|Session : [c5j5lrlsf3i2m60oit0dihucbc]|User id : 1|Name : |Module : [use_object]|Function : [Msg - update]| [OK_112] object_trace - '13' a été modifié.
2022-08-18 19:54:20|[INFO]|Session : [ikvg2iu4sgjcid73sspnfdmcg5]|User id : 1|Name : |Module : [use_object]|Function : [Msg - update]| [OK_112] object_trace - '13' a été modifié.
2022-08-18 19:55:07|[INFO]|Session : [muj5spsmk7u27manlr804stogp]|User id : 1|Name : |Module : [use_object]|Function : [Msg - update]| [OK_112] object_trace - '2' a été modifié.
2022-08-18 19:58:16|[INFO]|Session : [gm845b7j06jnc2i2boorssnqoe]|User id : 1|Name : |Module : [use_object]|Function : [Msg - update]| [OK_112] object_trace - '2' a été modifié.
2022-08-18 19:58:39|[INFO]|Session : [9m6gfcaqsnlt3bmumnh9kemsdo]|User id : 1|Name : |Module : [use_object]|Function : [Msg - update]| [OK_112] object_trace - '2' a été modifié.
2022-08-18 19:58:49|[INFO]|Session : [at26r9dgp48mgo51a3r95itr4j]|User id : 1|Name : |Module : [use_object]|Function : [Msg - update]| [OK_112] object_trace - '13' a été modifié.
2022-08-18 23:02:40|[INFO]|Session : [l6ui69svcugf4grcpe919qmu4e]|User id : 1|Name : |Module : [use_object]|Function : [Msg - update]| [OK_112] object_trace - '17' a été modifié.
2022-08-18 23:04:16|[INFO]|Session : [cbguss9q5ibh4iamfg0a7ssbrq]|User id : 1|Name : |Module : [use_object]|Function : [Msg - update]| [OK_112] object_trace - '13' a été modifié.
2022-08-18 23:04:18|[INFO]|Session : [i5ki5mrq0gjdgsg2785o8hp1nl]|User id : 1|Name : |Module : [use_object]|Function : [Msg - update]| [OK_112] object_trace - '13' a été modifié.
2022-08-18 23:04:19|[INFO]|Session : [n5qtt307ou86o2ootvmchn5094]|User id : 1|Name : |Module : [use_object]|Function : [Msg - update]| [OK_112] object_trace - '13' a été modifié.
2022-08-18 23:04:27|[INFO]|Session : [dp78kolq9vtmkh2cv675e7tvn4]|User id : 1|Name : |Module : [use_object]|Function : [Msg - update]| [OK_112] object_trace - '13' a été modifié.
2022-08-18 23:04:41|[INFO]|Session : [5a8kiseuha37mmlsbj950ku7ib]|User id : 1|Name : |Module : [use_object]|Function : [Msg - update]| [OK_112] object_trace - '15' a été modifié.
2022-08-18 23:04:42|[INFO]|Session : [2lpeupb9c9v7u7lq0hl8ocqcv1]|User id : 1|Name : |Module : [use_object]|Function : [Msg - update]| [OK_112] object_trace - '15' a été modifié.
2022-08-18 23:04:44|[INFO]|Session : [fo9tfojmq6op21qpdlo2ffqpj9]|User id : 1|Name : |Module : [use_object]|Function : [Msg - update]| [OK_112] object_trace - '15' a été modifié.
2022-08-18 23:04:57|[INFO]|Session : [qk9at5jqk2er4eq4nho0l4677v]|User id : 1|Name : |Module : [use_object]|Function : [Msg - update]| [OK_112] object_trace - '13' a été modifié.
2022-08-18 23:04:59|[INFO]|Session : [3db29mlsoqu42rsbm5gi52f2v2]|User id : 1|Name : |Module : [use_object]|Function : [Msg - update]| [OK_112] object_trace - '13' a été modifié.
2022-08-18 23:05:01|[INFO]|Session : [5sk8385snl8ipdkpo4s3v4mkgv]|User id : 1|Name : |Module : [use_object]|Function : [Msg - update]| [OK_112] object_trace - '13' a été modifié.
2022-08-18 23:05:14|[INFO]|Session : [v0jhqkr9ht11h8srqljgu67tgc]|User id : 1|Name : |Module : [use_object]|Function : [Msg - update]| [OK_112] object_trace - '15' a été modifié.
2022-08-18 23:05:26|[INFO]|Session : [tqd18tlqqv7bopu2sejvtngfnb]|User id : 1|Name : |Module : [use_object]|Function : [Msg - update]| [OK_112] object_trace - '17' a été modifié.
2022-08-18 23:05:26|[INFO]|Session : [5q85jp4lcq9n9bd2ecnbccu8an]|User id : 1|Name : |Module : [use_object]|Function : [Msg - update]| [OK_112] object_trace_diagram - '28' a été modifié.
2022-08-18 23:05:26|[INFO]|Session : [4485jhcsn9iblr0ov7ad3n4ded]|User id : 1|Name : |Module : [use_object]|Function : [Msg - update]| [OK_112] object_trace - '17' a été modifié.
2022-08-18 23:05:29|[INFO]|Session : [5pd40c9alm7nphdc13n67td94t]|User id : 1|Name : |Module : [use_object]|Function : [Msg - update]| [OK_112] object_trace - '17' a été modifié.
2022-08-18 23:05:30|[INFO]|Session : [lbug30pgo04q3jmq6b8ngisjk7]|User id : 1|Name : |Module : [use_object]|Function : [Msg - update]| [OK_112] object_trace - '17' a été modifié.
2022-08-18 23:07:32|[INFO]|Session : [4bmbcuh9e3epktl26beka1bjn9]|User id : 1|Name : |Module : [use_object]|Function : [Msg - update]| [OK_112] object_trace - '13' a été modifié.
2022-08-18 23:07:33|[INFO]|Session : [h2865las7eqqbmep47ok5k055h]|User id : 1|Name : |Module : [use_object]|Function : [Msg - update]| [OK_112] object_trace - '13' a été modifié.
2022-08-18 23:07:35|[INFO]|Session : [kqfsk7unqk8dt717k8n0k1c5j1]|User id : 1|Name : |Module : [use_object]|Function : [Msg - update]| [OK_112] object_trace - '13' a été modifié.
2022-08-18 23:50:20|[INFO]|Session : [7hrodeppp19b85293f2b31h724]|User id : 2|Name : SUPER  ADMINISTRATEUR |Module : [use_object]|Function : [Msg - update]| [OK_112] object_user - '87' a été modifié.
