2022-11-22 05:50:10|[INFO]|Session : [ounq9q7on66fsivs3uf2jukt6f]|User id : 1|Name : |Module : [use_object]|Function : [Msg - update]| [OK_112] object_trace - '236' a été modifié.
2022-11-22 05:50:23|[INFO]|Session : [emgus8ra2r710t4t6394dp5jau]|User id : 1|Name : |Module : [use_object]|Function : [Msg - update]| [OK_112] object_trace_diagram - '10' a été modifié.
2022-11-22 05:50:25|[INFO]|Session : [aajovk44fcuuui4f75u8touguv]|User id : 1|Name : |Module : [use_object]|Function : [Msg - update]| [OK_112] object_trace - '7' a été modifié.
2022-11-22 05:50:26|[INFO]|Session : [dilsrrvu706e9kejuq67v6l54f]|User id : 1|Name : |Module : [use_object]|Function : [Msg - update]| [OK_112] object_trace - '7' a été modifié.
2022-11-22 05:50:32|[INFO]|Session : [htmmruhv7la2qd80osgrqhlqmn]|User id : 1|Name : |Module : [use_object]|Function : [Msg - update]| [OK_112] object_trace - '7' a été modifié.
2022-11-22 05:50:36|[INFO]|Session : [tldtqjf93d6r8knfq6v1v39379]|User id : 1|Name : |Module : [use_object]|Function : [Msg - update]| [OK_112] object_trace_diagram - '10' a été modifié.
2022-11-22 05:50:37|[INFO]|Session : [fhbvu2dfnjoqth1jl5mppt7dsm]|User id : 1|Name : |Module : [use_object]|Function : [Msg - update]| [OK_112] object_trace - '7' a été modifié.
2022-11-22 05:50:38|[INFO]|Session : [gjkr3hvo3lhdnlm2rbv24ksb6o]|User id : 1|Name : |Module : [use_object]|Function : [Msg - update]| [OK_112] object_trace_diagram - '10' a été modifié.
2022-11-22 05:50:39|[INFO]|Session : [1apf9ikifepni6552ga4rards3]|User id : 1|Name : |Module : [use_object]|Function : [Msg - update]| [OK_112] object_trace - '7' a été modifié.
2022-11-22 05:50:39|[INFO]|Session : [uspvkos6uirrou1k78drl3gpgs]|User id : 1|Name : |Module : [use_object]|Function : [Msg - update]| [OK_112] object_trace - '7' a été modifié.
2022-11-22 05:50:47|[INFO]|Session : [19vkafsjnkpu9jn4pmm5dddi3b]|User id : 1|Name : |Module : [use_object]|Function : [Msg - update]| [OK_112] object_trace_diagram - '10' a été modifié.
2022-11-22 05:50:48|[INFO]|Session : [4225un2p7p08shbrnskgtk5urp]|User id : 1|Name : |Module : [use_object]|Function : [Msg - update]| [OK_112] object_trace - '7' a été modifié.
2022-11-22 05:50:53|[INFO]|Session : [uo2chrafdrgggtvm94k1bkcbp9]|User id : 1|Name : |Module : [use_object]|Function : [Msg - update]| [OK_112] object_trace - '7' a été modifié.
2022-11-22 05:50:55|[INFO]|Session : [7qkec7c59ikjesv2pmam21k82p]|User id : 1|Name : |Module : [use_object]|Function : [Msg - update]| [OK_112] object_trace_diagram - '10' a été modifié.
2022-11-22 05:50:56|[INFO]|Session : [41ps116dusk4vb78unb6s08fio]|User id : 1|Name : |Module : [use_object]|Function : [Msg - update]| [OK_112] object_trace - '7' a été modifié.
2022-11-22 05:51:19|[INFO]|Session : [2np4kj14a6vvigsfs0hfa6l9i0]|User id : 1|Name : |Module : [use_object]|Function : [Msg - update]| [OK_112] object_trace - '237' a été modifié.
2022-11-22 05:51:34|[INFO]|Session : [c5hf7q7rkcfcn7p7sm1ektpain]|User id : 1|Name : |Module : [use_object]|Function : [Msg - update]| [OK_112] object_trace - '7' a été modifié.
2022-11-22 05:51:37|[INFO]|Session : [ut0tif97vjcd5ipc06pt9hmpu5]|User id : 1|Name : |Module : [use_object]|Function : [Msg - update]| [OK_112] object_trace_diagram - '10' a été modifié.
2022-11-22 05:51:37|[INFO]|Session : [ujdmhnjlh977tms37l49knsvcc]|User id : 1|Name : |Module : [use_object]|Function : [Msg - update]| [OK_112] object_trace - '7' a été modifié.
2022-11-22 05:53:46|[INFO]|Session : [moouvgk6bucs825rt4fmev5qgc]|User id : 1|Name : |Module : [use_object]|Function : [Msg - update]| [OK_112] object_trace - '238' a été modifié.
2022-11-22 05:54:15|[INFO]|Session : [v21pa89avn180on3kklfgvnat6]|User id : 1|Name : |Module : [use_object]|Function : [Msg - update]| [OK_112] object_trace - '7' a été modifié.
2022-11-22 05:54:17|[INFO]|Session : [8cc7ciq7bp51a94nipo8fbcl4h]|User id : 1|Name : |Module : [use_object]|Function : [Msg - update]| [OK_112] object_trace_diagram - '10' a été modifié.
2022-11-22 05:54:17|[INFO]|Session : [0fc3sd82okqq2sv8ja0s43te3i]|User id : 1|Name : |Module : [use_object]|Function : [Msg - update]| [OK_112] object_trace - '7' a été modifié.
2022-11-22 05:54:22|[INFO]|Session : [u2q7p3qdo818qaldifcpiuj5r9]|User id : 1|Name : |Module : [use_object]|Function : [Msg - update]| [OK_112] object_trace - '7' a été modifié.
2022-11-22 05:54:23|[INFO]|Session : [8hi3f1a49qs7btq2mo3ohff0pa]|User id : 1|Name : |Module : [use_object]|Function : [Msg - update]| [OK_112] object_trace_diagram - '10' a été modifié.
2022-11-22 05:54:24|[INFO]|Session : [dv3ocv0863h934dkhmbiqmqgmi]|User id : 1|Name : |Module : [use_object]|Function : [Msg - update]| [OK_112] object_trace - '7' a été modifié.
2022-11-22 05:54:27|[INFO]|Session : [rurjuhmkvsddoqcokhgsvnkdn1]|User id : 1|Name : |Module : [use_object]|Function : [Msg - update]| [OK_112] object_trace_diagram - '10' a été modifié.
2022-11-22 05:54:27|[INFO]|Session : [7vrqdpthl3khhosuql95c1i27j]|User id : 1|Name : |Module : [use_object]|Function : [Msg - update]| [OK_112] object_trace - '7' a été modifié.
2022-11-22 05:54:28|[INFO]|Session : [4afmkn1jjqsrbltatc2024q402]|User id : 1|Name : |Module : [use_object]|Function : [Msg - update]| [OK_112] object_trace - '7' a été modifié.
2022-11-22 05:54:31|[INFO]|Session : [c6a0se3snhi5ng4onm0qi1mbm4]|User id : 1|Name : |Module : [use_object]|Function : [Msg - update]| [OK_112] object_trace_diagram - '10' a été modifié.
2022-11-22 05:54:31|[INFO]|Session : [8f4uluurkilucq00v2s4od6gjv]|User id : 1|Name : |Module : [use_object]|Function : [Msg - update]| [OK_112] object_trace - '7' a été modifié.
2022-11-22 05:54:33|[INFO]|Session : [28iru2bienapbbokjvlrtrmv5d]|User id : 1|Name : |Module : [use_object]|Function : [Msg - update]| [OK_112] object_trace - '7' a été modifié.
2022-11-22 05:54:34|[INFO]|Session : [jq026drikofdimqi6ne53thj82]|User id : 1|Name : |Module : [use_object]|Function : [Msg - update]| [OK_112] object_trace_diagram - '10' a été modifié.
2022-11-22 05:54:35|[INFO]|Session : [cpa5n3viin8v4f8jq5cfe1pig8]|User id : 1|Name : |Module : [use_object]|Function : [Msg - update]| [OK_112] object_trace - '7' a été modifié.
2022-11-22 05:54:37|[INFO]|Session : [aee2qfuve7ik53erfn2rv56oda]|User id : 1|Name : |Module : [use_object]|Function : [Msg - update]| [OK_112] object_trace - '7' a été modifié.
2022-11-22 05:54:41|[INFO]|Session : [46mibmnbanhralub8g8vgd1232]|User id : 1|Name : |Module : [use_object]|Function : [Msg - update]| [OK_112] object_trace_diagram - '10' a été modifié.
2022-11-22 05:54:41|[INFO]|Session : [5qeho857gdou2m4715mnjlcuoq]|User id : 1|Name : |Module : [use_object]|Function : [Msg - update]| [OK_112] object_trace - '7' a été modifié.
2022-11-22 05:54:50|[INFO]|Session : [ve2ibi86apta8hmpk15mqj3fd4]|User id : 1|Name : |Module : [use_object]|Function : [Msg - update]| [OK_112] object_trace_diagram - '10' a été modifié.
2022-11-22 05:54:51|[INFO]|Session : [elsrur8pj89nfsb88b9q0pe584]|User id : 1|Name : |Module : [use_object]|Function : [Msg - update]| [OK_112] object_trace - '7' a été modifié.
2022-11-22 05:54:52|[INFO]|Session : [nu2673s87ves300ic65d8r0e4d]|User id : 1|Name : |Module : [use_object]|Function : [Msg - update]| [OK_112] object_trace - '7' a été modifié.
2022-11-22 05:55:47|[INFO]|Session : [jlo3vj1s9gbhk80g5udrii2k86]|User id : 1|Name : |Module : [use_object]|Function : [Msg - update]| [OK_112] object_trace_diagram - '10' a été modifié.
2022-11-22 05:55:48|[INFO]|Session : [6q1uu72ggfnki7ipu9e2b5tvqv]|User id : 1|Name : |Module : [use_object]|Function : [Msg - update]| [OK_112] object_trace - '7' a été modifié.
2022-11-22 05:55:49|[INFO]|Session : [o0h7evvir193s2e5fvp5f447hl]|User id : 1|Name : |Module : [use_object]|Function : [Msg - update]| [OK_112] object_trace_diagram - '10' a été modifié.
2022-11-22 05:55:50|[INFO]|Session : [9s87527048vu2v6g9c8dfuvp17]|User id : 1|Name : |Module : [use_object]|Function : [Msg - update]| [OK_112] object_trace - '7' a été modifié.
2022-11-22 05:55:51|[INFO]|Session : [i2nopei8rsukpojqunnlr1olbj]|User id : 1|Name : |Module : [use_object]|Function : [Msg - update]| [OK_112] object_trace - '7' a été modifié.
2022-11-22 05:56:36|[INFO]|Session : [n1als0m0bcjbc3tfd0hpc0unts]|User id : 1|Name : |Module : [use_object]|Function : [Msg - update]| [OK_112] object_trace_diagram - '10' a été modifié.
2022-11-22 05:56:37|[INFO]|Session : [mcot7d9lcrvo0otk43var3ih67]|User id : 1|Name : |Module : [use_object]|Function : [Msg - update]| [OK_112] object_trace - '7' a été modifié.
2022-11-22 05:56:38|[INFO]|Session : [fo5esgmi0f8e2d97it5scifbat]|User id : 1|Name : |Module : [use_object]|Function : [Msg - update]| [OK_112] object_trace_diagram - '10' a été modifié.
2022-11-22 05:56:39|[INFO]|Session : [i2uqvje8tn7tcmdgkmok6eu64o]|User id : 1|Name : |Module : [use_object]|Function : [Msg - update]| [OK_112] object_trace - '7' a été modifié.
2022-11-22 05:56:40|[INFO]|Session : [u7u59sk6k4lvtkah4gf8a68the]|User id : 1|Name : |Module : [use_object]|Function : [Msg - update]| [OK_112] object_trace - '7' a été modifié.
2022-11-22 05:59:43|[INFO]|Session : [7mi7uce1hmc105e5ev7ll58t9a]|User id : 1|Name : |Module : [use_object]|Function : [Msg - update]| [OK_112] object_trace_diagram - '10' a été modifié.
2022-11-22 05:59:44|[INFO]|Session : [a3rjpc0bcd4gc64mf32nvuo1tc]|User id : 1|Name : |Module : [use_object]|Function : [Msg - update]| [OK_112] object_trace - '7' a été modifié.
2022-11-22 06:04:56|[INFO]|Session : [jr9pkjske6o1el959j08al55fn]|User id : 1|Name : |Module : [use_object]|Function : [Msg - update]| [OK_112] object_trace - '239' a été modifié.
2022-11-22 06:05:01|[INFO]|Session : [nb4blubgnmvfnhb77n3r5e6jd1]|User id : 1|Name : |Module : [use_object]|Function : [Msg - update]| [OK_112] object_trace_diagram - '268' a été modifié.
2022-11-22 06:05:01|[INFO]|Session : [rsjaqrp3b9lpn13h6ne3vqisn3]|User id : 1|Name : |Module : [use_object]|Function : [Msg - update]| [OK_112] object_trace - '239' a été modifié.
2022-11-22 06:05:02|[INFO]|Session : [qr3eqobp81hiurh8lnmcml9j6p]|User id : 1|Name : |Module : [use_object]|Function : [Msg - update]| [OK_112] object_trace - '239' a été modifié.
2022-11-22 06:05:24|[INFO]|Session : [14shh1vtg5s9tm97edeqngq68i]|User id : 1|Name : |Module : [use_object]|Function : [Msg - update]| [OK_112] object_trace - '239' a été modifié.
2022-11-22 06:05:34|[INFO]|Session : [gom8q9o5ftueuvij6refktghuf]|User id : 1|Name : |Module : [use_object]|Function : [Msg - update]| [OK_112] object_trace - '239' a été modifié.
2022-11-22 06:05:35|[INFO]|Session : [sqsl44cd6sb2t4nnrttbof6185]|User id : 1|Name : |Module : [use_object]|Function : [Msg - update]| [OK_112] object_trace_diagram - '268' a été modifié.
2022-11-22 06:05:36|[INFO]|Session : [07hilgeorusjgjr9268vqpqdqi]|User id : 1|Name : |Module : [use_object]|Function : [Msg - update]| [OK_112] object_trace - '239' a été modifié.
2022-11-22 06:05:37|[INFO]|Session : [ut7ur5fvq1g3tqrgp6p0kk9iis]|User id : 1|Name : |Module : [use_object]|Function : [Msg - update]| [OK_112] object_trace - '239' a été modifié.
2022-11-22 06:05:38|[INFO]|Session : [nficsaslsrkskuc85pu9re0jjh]|User id : 1|Name : |Module : [use_object]|Function : [Msg - update]| [OK_112] object_trace_diagram - '268' a été modifié.
2022-11-22 06:05:39|[INFO]|Session : [jbjkf9vf4n673ivpmdaceui3el]|User id : 1|Name : |Module : [use_object]|Function : [Msg - update]| [OK_112] object_trace - '239' a été modifié.
2022-11-22 06:05:40|[INFO]|Session : [5t1i38eqnj5j5bgsm89fmqn5u2]|User id : 1|Name : |Module : [use_object]|Function : [Msg - update]| [OK_112] object_trace - '239' a été modifié.
2022-11-22 06:06:40|[INFO]|Session : [p7p09u77trt6pboor80o26bi3o]|User id : 1|Name : |Module : [use_object]|Function : [Msg - update]| [OK_112] object_trace_diagram - '268' a été modifié.
2022-11-22 06:06:41|[INFO]|Session : [ldo0gi415ic10j1vvfk6g3feaj]|User id : 1|Name : |Module : [use_object]|Function : [Msg - update]| [OK_112] object_trace - '239' a été modifié.
2022-11-22 06:06:43|[INFO]|Session : [4ofr534h9cmes2r3d4dt8qtflv]|User id : 1|Name : |Module : [use_object]|Function : [Msg - update]| [OK_112] object_trace_diagram - '268' a été modifié.
2022-11-22 06:06:44|[INFO]|Session : [o0k85h2j0a1pvsisms8hh21p5m]|User id : 1|Name : |Module : [use_object]|Function : [Msg - update]| [OK_112] object_trace - '239' a été modifié.
2022-11-22 06:06:44|[INFO]|Session : [fsonetiv4cqq22ajhshceinck0]|User id : 1|Name : |Module : [use_object]|Function : [Msg - update]| [OK_112] object_trace - '239' a été modifié.
2022-11-22 06:11:20|[INFO]|Session : [mpr0s04ona8hdqge1vquaa7l27]|User id : 1|Name : |Module : [use_object]|Function : [Msg - update]| [OK_112] object_trace - '240' a été modifié.
2022-11-22 06:11:28|[INFO]|Session : [gfavuis07rd4il13gq51h2o95d]|User id : 1|Name : |Module : [use_object]|Function : [Msg - update]| [OK_112] object_trace_diagram - '270' a été modifié.
2022-11-22 06:11:29|[INFO]|Session : [avu49e3q63q55vtaa4kn96bcp2]|User id : 1|Name : |Module : [use_object]|Function : [Msg - update]| [OK_112] object_trace - '240' a été modifié.
2022-11-22 06:11:29|[INFO]|Session : [5nb4ls1hlh3gbgfet41fgdgfae]|User id : 1|Name : |Module : [use_object]|Function : [Msg - update]| [OK_112] object_trace - '240' a été modifié.
2022-11-22 06:12:14|[INFO]|Session : [vbpgku9sej4m7h2neqt6a0jogc]|User id : 1|Name : |Module : [use_object]|Function : [Msg - update]| [OK_112] object_trace_diagram - '270' a été modifié.
2022-11-22 06:12:15|[INFO]|Session : [5oreogpu01rcr53ghbge37krb7]|User id : 1|Name : |Module : [use_object]|Function : [Msg - update]| [OK_112] object_trace - '240' a été modifié.
2022-11-22 06:12:16|[INFO]|Session : [jbl1pe1o2qq8bvg9ooutdnhro3]|User id : 1|Name : |Module : [use_object]|Function : [Msg - update]| [OK_112] object_trace_diagram - '270' a été modifié.
2022-11-22 06:12:17|[INFO]|Session : [3kr0og1ih3k2rto7npcno2rpjr]|User id : 1|Name : |Module : [use_object]|Function : [Msg - update]| [OK_112] object_trace - '240' a été modifié.
2022-11-22 06:12:18|[INFO]|Session : [2ei9kbipj1rkn6sjb13g0ldpi8]|User id : 1|Name : |Module : [use_object]|Function : [Msg - update]| [OK_112] object_trace - '240' a été modifié.
2022-11-22 06:12:41|[INFO]|Session : [oddk70sj39k5d3uj5urafaem5b]|User id : 1|Name : |Module : [use_object]|Function : [Msg - update]| [OK_112] object_trace_diagram - '270' a été modifié.
2022-11-22 06:12:43|[INFO]|Session : [aq2vf6f5gt1n1et96m5565hirb]|User id : 1|Name : |Module : [use_object]|Function : [Msg - update]| [OK_112] object_trace - '240' a été modifié.
2022-11-22 06:12:43|[INFO]|Session : [3lpdc1varg5ot0l9qhl46fitmc]|User id : 1|Name : |Module : [use_object]|Function : [Msg - update]| [OK_112] object_trace_diagram - '270' a été modifié.
2022-11-22 06:12:44|[INFO]|Session : [9ccr0r9mlrm8l0u3ibqevh3jco]|User id : 1|Name : |Module : [use_object]|Function : [Msg - update]| [OK_112] object_trace - '240' a été modifié.
2022-11-22 06:12:45|[INFO]|Session : [4ulp2af320i7p6pv5pk70o811k]|User id : 1|Name : |Module : [use_object]|Function : [Msg - update]| [OK_112] object_trace - '240' a été modifié.
2022-11-22 06:15:12|[INFO]|Session : [apoighkeaaj39rd4bprc3kv8gi]|User id : 1|Name : |Module : [use_object]|Function : [Msg - update]| [OK_112] object_trace_diagram - '270' a été modifié.
2022-11-22 06:15:13|[INFO]|Session : [d726kstpirkafv5ffe9ued24kn]|User id : 1|Name : |Module : [use_object]|Function : [Msg - update]| [OK_112] object_trace - '240' a été modifié.
2022-11-22 06:15:14|[INFO]|Session : [hkj1sod40i0anubts05dg1lg3s]|User id : 1|Name : |Module : [use_object]|Function : [Msg - update]| [OK_112] object_trace_diagram - '270' a été modifié.
2022-11-22 06:15:14|[INFO]|Session : [ot85psi90beo9bl4bai6tleuum]|User id : 1|Name : |Module : [use_object]|Function : [Msg - update]| [OK_112] object_trace - '240' a été modifié.
2022-11-22 06:15:16|[INFO]|Session : [3tmluqj15cm4vlsa865p4djc94]|User id : 1|Name : |Module : [use_object]|Function : [Msg - update]| [OK_112] object_trace - '240' a été modifié.
2022-11-22 06:15:46|[INFO]|Session : [fo27ancd6ras70mm8voq6obbj7]|User id : 1|Name : |Module : [use_object]|Function : [Msg - update]| [OK_112] object_trace - '240' a été modifié.
2022-11-22 22:32:42|[INFO]|Session : [01e2cbn3draajeiqk96srnafgh]|User id : 1|Name : |Module : [use_object]|Function : [Msg - update]| [OK_112] object_trace - '241' a été modifié.
2022-11-22 22:32:46|[INFO]|Session : [0o5rvaaamrmt25sl1mpgpnvncr]|User id : 1|Name : |Module : [use_object]|Function : [Msg - update]| [OK_112] object_trace - '241' a été modifié.
2022-11-22 22:32:48|[INFO]|Session : [achn3eel90u2ibjnas9v61itqo]|User id : 1|Name : |Module : [use_object]|Function : [Msg - update]| [OK_112] object_trace_diagram - '274' a été modifié.
2022-11-22 22:32:49|[INFO]|Session : [jnuej8edgga5j3jmgjbaesehat]|User id : 1|Name : |Module : [use_object]|Function : [Msg - update]| [OK_112] object_trace - '241' a été modifié.
2022-11-22 22:33:04|[INFO]|Session : [1k6abij35uo10dls64urb56vd4]|User id : 1|Name : |Module : [use_object]|Function : [Msg - update]| [OK_112] object_trace - '241' a été modifié.
2022-11-22 22:33:06|[INFO]|Session : [bf35ckfh7459d4t868so58nnum]|User id : 1|Name : |Module : [use_object]|Function : [Msg - update]| [OK_112] object_trace_diagram - '274' a été modifié.
2022-11-22 22:33:06|[INFO]|Session : [89gl75iu084g75qtbvht6incvh]|User id : 1|Name : |Module : [use_object]|Function : [Msg - update]| [OK_112] object_trace - '241' a été modifié.
2022-11-22 22:35:31|[INFO]|Session : [lgnhv5to70oeve180ub1b5e63l]|User id : 1|Name : |Module : [use_object]|Function : [Msg - update]| [OK_112] object_trace_diagram - '274' a été modifié.
2022-11-22 22:35:32|[INFO]|Session : [eb708nsf3s69i4r0e1ajgmcldi]|User id : 1|Name : |Module : [use_object]|Function : [Msg - update]| [OK_112] object_trace - '241' a été modifié.
2022-11-22 22:35:36|[INFO]|Session : [6e1eth0ai3odbthov1g4dv9uau]|User id : 1|Name : |Module : [use_object]|Function : [Msg - update]| [OK_112] object_trace_diagram - '274' a été modifié.
2022-11-22 22:35:37|[INFO]|Session : [0nre5nrv501urlqmms6ftr002n]|User id : 1|Name : |Module : [use_object]|Function : [Msg - update]| [OK_112] object_trace - '241' a été modifié.
2022-11-22 22:35:38|[INFO]|Session : [n061sa4ruht9jupnad5mct6e7p]|User id : 1|Name : |Module : [use_object]|Function : [Msg - update]| [OK_112] object_trace - '241' a été modifié.
2022-11-22 22:35:42|[INFO]|Session : [2qkubcdigd1b910ipm0rree8nq]|User id : 1|Name : |Module : [use_object]|Function : [Msg - update]| [OK_112] object_trace - '241' a été modifié.
2022-11-22 22:35:43|[INFO]|Session : [b92ulke3of2r67k33hqn14esej]|User id : 1|Name : |Module : [use_object]|Function : [Msg - update]| [OK_112] object_trace_diagram - '274' a été modifié.
2022-11-22 22:35:44|[INFO]|Session : [afo7er34idq9ve8d1ae7n9qam0]|User id : 1|Name : |Module : [use_object]|Function : [Msg - update]| [OK_112] object_trace - '241' a été modifié.
2022-11-22 22:35:46|[INFO]|Session : [hl9gn8dk1insgdfcddg6f68v43]|User id : 1|Name : |Module : [use_object]|Function : [Msg - update]| [OK_112] object_trace - '241' a été modifié.
2022-11-22 22:36:34|[INFO]|Session : [u61i9fm5n9d60bj4cdu583jjo6]|User id : 1|Name : |Module : [use_object]|Function : [Msg - update]| [OK_112] object_trace - '242' a été modifié.
2022-11-22 22:36:40|[INFO]|Session : [lectmhobb9rqmu5pmkkmumoa9t]|User id : 1|Name : |Module : [use_object]|Function : [Msg - update]| [OK_112] object_trace - '242' a été modifié.
2022-11-22 22:36:41|[INFO]|Session : [5skeuhgj0l47rv92u38cnj07a1]|User id : 1|Name : |Module : [use_object]|Function : [Msg - update]| [OK_112] object_trace_diagram - '275' a été modifié.
2022-11-22 22:36:41|[INFO]|Session : [dqe23og176ehk35vgm734butu2]|User id : 1|Name : |Module : [use_object]|Function : [Msg - update]| [OK_112] object_trace - '242' a été modifié.
2022-11-22 22:38:11|[INFO]|Session : [5cnu6vlhtieqn5srpe4r7vo6g0]|User id : 1|Name : |Module : [use_object]|Function : [Msg - update]| [OK_112] object_trace_diagram - '275' a été modifié.
2022-11-22 22:38:11|[INFO]|Session : [ak90uajfij67ldhqb1uh605q5n]|User id : 1|Name : |Module : [use_object]|Function : [Msg - update]| [OK_112] object_trace - '242' a été modifié.
2022-11-22 22:38:13|[INFO]|Session : [gaops0srgc60u5ss20j637ar7a]|User id : 1|Name : |Module : [use_object]|Function : [Msg - update]| [OK_112] object_trace_diagram - '275' a été modifié.
2022-11-22 22:38:14|[INFO]|Session : [eb9dd6s9qeiardhr6m8tpoi8kv]|User id : 1|Name : |Module : [use_object]|Function : [Msg - update]| [OK_112] object_trace - '242' a été modifié.
2022-11-22 22:38:15|[INFO]|Session : [ktfnfft4ba6hfsq4vcq74omsq3]|User id : 1|Name : |Module : [use_object]|Function : [Msg - update]| [OK_112] object_trace - '242' a été modifié.
2022-11-22 22:39:12|[INFO]|Session : [re0im3g18rnsivvgqncavpvhqm]|User id : 1|Name : |Module : [use_object]|Function : [Msg - update]| [OK_112] object_trace_diagram - '275' a été modifié.
2022-11-22 22:39:13|[INFO]|Session : [1kvsr2j1saon9hi059h256jvip]|User id : 1|Name : |Module : [use_object]|Function : [Msg - update]| [OK_112] object_trace - '242' a été modifié.
2022-11-22 22:39:24|[INFO]|Session : [tqp2ckr25nf9r9i60sgheichr0]|User id : 1|Name : |Module : [use_object]|Function : [Msg - update]| [OK_112] object_trace_diagram - '275' a été modifié.
2022-11-22 22:39:25|[INFO]|Session : [jdmh969revkp4m2q2e7pmodbgm]|User id : 1|Name : |Module : [use_object]|Function : [Msg - update]| [OK_112] object_trace - '242' a été modifié.
2022-11-22 22:39:26|[INFO]|Session : [nugr5ad668eakrmkdeq36sbegv]|User id : 1|Name : |Module : [use_object]|Function : [Msg - update]| [OK_112] object_trace - '242' a été modifié.
2022-11-22 22:41:23|[INFO]|Session : [t3nel4ulo02ucr6g3f8f2rvq3j]|User id : 1|Name : |Module : [use_object]|Function : [Msg - update]| [OK_112] object_trace - '243' a été modifié.
2022-11-22 22:41:33|[INFO]|Session : [4tamuci4jsp3uipespqn78psfb]|User id : 1|Name : |Module : [use_object]|Function : [Msg - update]| [OK_112] object_trace_diagram - '278' a été modifié.
2022-11-22 22:41:33|[INFO]|Session : [01kqh0u7bl70tbb13o5nvq691i]|User id : 1|Name : |Module : [use_object]|Function : [Msg - update]| [OK_112] object_trace - '243' a été modifié.
2022-11-22 22:41:35|[INFO]|Session : [0m8ka0v0joh3t0qohbm4508tv1]|User id : 1|Name : |Module : [use_object]|Function : [Msg - update]| [OK_112] object_trace - '243' a été modifié.
2022-11-22 22:42:06|[INFO]|Session : [jvm0hk644esmrsj79u9ap5bfbn]|User id : 1|Name : |Module : [use_object]|Function : [Msg - update]| [OK_112] object_trace - '243' a été modifié.
2022-11-22 22:42:07|[INFO]|Session : [vddlkqfuk4ks5ho26gi4p9eb5s]|User id : 1|Name : |Module : [use_object]|Function : [Msg - update]| [OK_112] object_trace - '243' a été modifié.
2022-11-22 22:42:08|[INFO]|Session : [m5tdm3oulrjoebpblrol707g6s]|User id : 1|Name : |Module : [use_object]|Function : [Msg - update]| [OK_112] object_trace - '243' a été modifié.
2022-11-22 22:42:10|[INFO]|Session : [5bo33p8ucjuha76llq6h9ui7mp]|User id : 1|Name : |Module : [use_object]|Function : [Msg - update]| [OK_112] object_trace - '243' a été modifié.
2022-11-22 22:42:36|[INFO]|Session : [2jof4sph4g4i0bts2tnbf7sr99]|User id : 1|Name : |Module : [use_object]|Function : [Msg - update]| [OK_112] object_trace_diagram - '278' a été modifié.
2022-11-22 22:42:39|[INFO]|Session : [tbl9jp5n0sbnddifgjmm7e22rl]|User id : 1|Name : |Module : [use_object]|Function : [Msg - update]| [OK_112] object_trace - '243' a été modifié.
2022-11-22 22:42:40|[INFO]|Session : [1ponae9a574il47mvbjq5q1180]|User id : 1|Name : |Module : [use_object]|Function : [Msg - update]| [OK_112] object_trace - '243' a été modifié.
2022-11-22 22:42:43|[INFO]|Session : [kk02j51p1mbj9rdo608ld6vhju]|User id : 1|Name : |Module : [use_object]|Function : [Msg - update]| [OK_112] object_trace_diagram - '278' a été modifié.
2022-11-22 22:42:44|[INFO]|Session : [55hb7oac457ad7b6g1dehgle7t]|User id : 1|Name : |Module : [use_object]|Function : [Msg - update]| [OK_112] object_trace - '243' a été modifié.
2022-11-22 22:42:46|[INFO]|Session : [sicnhret0rh8oar5kmp7tg1g8a]|User id : 1|Name : |Module : [use_object]|Function : [Msg - update]| [OK_112] object_trace_diagram - '278' a été modifié.
2022-11-22 22:42:46|[INFO]|Session : [r3lkijs2o3nsj739nnub6th68c]|User id : 1|Name : |Module : [use_object]|Function : [Msg - update]| [OK_112] object_trace - '243' a été modifié.
2022-11-22 22:42:47|[INFO]|Session : [ppjbsuebrpgbfbugo25hcfej4u]|User id : 1|Name : |Module : [use_object]|Function : [Msg - update]| [OK_112] object_trace - '243' a été modifié.
2022-11-22 22:42:51|[INFO]|Session : [oapkf1fgfra9jqlega76tb9uor]|User id : 1|Name : |Module : [use_object]|Function : [Msg - update]| [OK_112] object_trace - '243' a été modifié.
2022-11-22 22:42:53|[INFO]|Session : [j00d5m9d1gpfej4vjmlmor29u4]|User id : 1|Name : |Module : [use_object]|Function : [Msg - update]| [OK_112] object_trace_diagram - '278' a été modifié.
2022-11-22 22:42:53|[INFO]|Session : [hb4o5f6evspfjrl02dpk7m9h7b]|User id : 1|Name : |Module : [use_object]|Function : [Msg - update]| [OK_112] object_trace - '243' a été modifié.
2022-11-22 22:42:55|[INFO]|Session : [rl34bnuu7829po0qmv9trt8obq]|User id : 1|Name : |Module : [use_object]|Function : [Msg - update]| [OK_112] object_trace - '243' a été modifié.
2022-11-22 22:42:59|[INFO]|Session : [uc0dt7ublhvlrhd67sebjm774f]|User id : 1|Name : |Module : [use_object]|Function : [Msg - update]| [OK_112] object_trace - '243' a été modifié.
2022-11-22 22:43:11|[INFO]|Session : [1lomupeluh3u9s5i9qtgi6hveq]|User id : 1|Name : |Module : [use_object]|Function : [Msg - update]| [OK_112] object_trace - '243' a été modifié.
2022-11-22 22:43:16|[INFO]|Session : [vec95kpqp6skp2aesqjm71j948]|User id : 1|Name : |Module : [use_object]|Function : [Msg - update]| [OK_112] object_trace - '243' a été modifié.
2022-11-22 22:43:19|[INFO]|Session : [rgaiu9mknr5r0sr3ru6tehcm0r]|User id : 1|Name : |Module : [use_object]|Function : [Msg - update]| [OK_112] object_trace - '243' a été modifié.
2022-11-22 22:43:22|[INFO]|Session : [rjtp4ec84h74p35jos05uo9qg5]|User id : 1|Name : |Module : [use_object]|Function : [Msg - update]| [OK_112] object_trace_diagram - '278' a été modifié.
2022-11-22 22:43:23|[INFO]|Session : [nsfr90i3eeti1dmn2hmvhe4fss]|User id : 1|Name : |Module : [use_object]|Function : [Msg - update]| [OK_112] object_trace - '243' a été modifié.
2022-11-22 22:46:37|[INFO]|Session : [pdd9p3cpo81f5qlt68nob3t2mj]|User id : 1|Name : |Module : [use_object]|Function : [Msg - update]| [OK_112] object_trace - '243' a été modifié.
2022-11-22 22:46:38|[INFO]|Session : [qqc18o0gm7irdvi4445dobfjgk]|User id : 1|Name : |Module : [use_object]|Function : [Msg - update]| [OK_112] object_trace_diagram - '278' a été modifié.
2022-11-22 22:46:39|[INFO]|Session : [86ukvuanoi34mu8l2dt7pptg2s]|User id : 1|Name : |Module : [use_object]|Function : [Msg - update]| [OK_112] object_trace - '243' a été modifié.
2022-11-22 22:46:53|[INFO]|Session : [ppc42j6q2sorolhbvlm8dj4bik]|User id : 1|Name : |Module : [use_object]|Function : [Msg - update]| [OK_112] object_trace_diagram - '278' a été modifié.
2022-11-22 22:46:53|[INFO]|Session : [lejmom0m82bipktcpk35a68vco]|User id : 1|Name : |Module : [use_object]|Function : [Msg - update]| [OK_112] object_trace - '243' a été modifié.
2022-11-22 22:46:56|[INFO]|Session : [mg3iu5ioibgsm3b2a2d0b0ffri]|User id : 1|Name : |Module : [use_object]|Function : [Msg - update]| [OK_112] object_trace - '243' a été modifié.
2022-11-22 22:46:57|[INFO]|Session : [ls60edr0676t1ke50cttj7f6ar]|User id : 1|Name : |Module : [use_object]|Function : [Msg - update]| [OK_112] object_trace_diagram - '278' a été modifié.
2022-11-22 22:46:57|[INFO]|Session : [h1qnlodhb99bec45qf5o16kr6d]|User id : 1|Name : |Module : [use_object]|Function : [Msg - update]| [OK_112] object_trace - '243' a été modifié.
2022-11-22 22:47:19|[INFO]|Session : [i9i55k1uueuo70sgauff8bdoid]|User id : 1|Name : |Module : [use_object]|Function : [Msg - update]| [OK_112] object_trace - '243' a été modifié.
2022-11-22 22:47:22|[INFO]|Session : [7gu2nt7usabe4qepos0qq9sg2j]|User id : 1|Name : |Module : [use_object]|Function : [Msg - update]| [OK_112] object_trace_diagram - '278' a été modifié.
2022-11-22 22:47:23|[INFO]|Session : [p6ukvmgkk39f82ekrgkgc5d3fh]|User id : 1|Name : |Module : [use_object]|Function : [Msg - update]| [OK_112] object_trace - '243' a été modifié.
2022-11-22 22:48:27|[INFO]|Session : [oppd7l89sa9fi0ep9ksgteore0]|User id : 1|Name : |Module : [use_object]|Function : [Msg - update]| [OK_112] object_trace - '244' a été modifié.
2022-11-22 22:48:32|[INFO]|Session : [bkm86tkvi34546a389hl6gnd1l]|User id : 1|Name : |Module : [use_object]|Function : [Msg - update]| [OK_112] object_trace_diagram - '282' a été modifié.
2022-11-22 22:48:33|[INFO]|Session : [7ac1tfp84rqjrlv07t9v14gmrn]|User id : 1|Name : |Module : [use_object]|Function : [Msg - update]| [OK_112] object_trace - '244' a été modifié.
2022-11-22 22:48:33|[INFO]|Session : [n8qcq185ogucrl4mf6nulu02re]|User id : 1|Name : |Module : [use_object]|Function : [Msg - update]| [OK_112] object_trace - '244' a été modifié.
2022-11-22 22:48:37|[INFO]|Session : [p6gdjknlke7e0627oona17odl4]|User id : 1|Name : |Module : [use_object]|Function : [Msg - update]| [OK_112] object_trace - '244' a été modifié.
2022-11-22 22:48:40|[INFO]|Session : [kegbj3d9hcpgt7pqv8akuaib66]|User id : 1|Name : |Module : [use_object]|Function : [Msg - update]| [OK_112] object_trace_diagram - '282' a été modifié.
2022-11-22 22:48:41|[INFO]|Session : [d7q4nv74ki1jde6kbajc2loqu7]|User id : 1|Name : |Module : [use_object]|Function : [Msg - update]| [OK_112] object_trace - '244' a été modifié.
2022-11-22 22:48:42|[INFO]|Session : [a1ejhte3rhnpifi3fivnn079ej]|User id : 1|Name : |Module : [use_object]|Function : [Msg - update]| [OK_112] object_trace - '244' a été modifié.
2022-11-22 22:48:45|[INFO]|Session : [ua04khvns12vtfcb41pso0h2p9]|User id : 1|Name : |Module : [use_object]|Function : [Msg - update]| [OK_112] object_trace - '244' a été modifié.
2022-11-22 22:48:47|[INFO]|Session : [hl2d3j6qhgjke8450vs5hsvh50]|User id : 1|Name : |Module : [use_object]|Function : [Msg - update]| [OK_112] object_trace_diagram - '282' a été modifié.
2022-11-22 22:48:47|[INFO]|Session : [duskmr8mj960579rqb5ibalrqh]|User id : 1|Name : |Module : [use_object]|Function : [Msg - update]| [OK_112] object_trace - '244' a été modifié.
2022-11-22 22:48:49|[INFO]|Session : [l4hpupild3bkni036dk82qrlst]|User id : 1|Name : |Module : [use_object]|Function : [Msg - update]| [OK_112] object_trace - '244' a été modifié.
