2022-12-09 11:08:34|[INFO]|Session : [gmrm38kkt8rulvnqebjbla7tsa]|User id : 2|Name : SUPER  ADMINISTRATEUR |Module : [use_object]|Function : [Msg - update]| [OK_112] object_forum_subject - '2' a été modifié.
2022-12-09 11:09:08|[INFO]|Session : [gmrm38kkt8rulvnqebjbla7tsa]|User id : 2|Name : SUPER  ADMINISTRATEUR |Module : [use_object]|Function : [Msg - update]| [OK_112] object_forum_subject - '17' a été modifié.
2022-12-09 11:10:33|[INFO]|Session : [gmrm38kkt8rulvnqebjbla7tsa]|User id : 2|Name : SUPER  ADMINISTRATEUR |Module : [use_object]|Function : [Msg - update]| [OK_112] object_forum_subject - '3' a été modifié.
2022-12-09 11:12:21|[INFO]|Session : [gmrm38kkt8rulvnqebjbla7tsa]|User id : 2|Name : SUPER  ADMINISTRATEUR |Module : [use_object]|Function : [Msg - update]| [OK_112] object_forum_subject - '6' a été modifié.
2022-12-09 11:12:43|[INFO]|Session : [gmrm38kkt8rulvnqebjbla7tsa]|User id : 2|Name : SUPER  ADMINISTRATEUR |Module : [use_object]|Function : [Msg - update]| [OK_112] object_forum_subject - '17' a été modifié.
2022-12-09 11:13:59|[INFO]|Session : [gmrm38kkt8rulvnqebjbla7tsa]|User id : 2|Name : SUPER  ADMINISTRATEUR |Module : [use_object]|Function : [Msg - update]| [OK_112] object_forum_subject - '4' a été modifié.
2022-12-09 11:14:15|[INFO]|Session : [gmrm38kkt8rulvnqebjbla7tsa]|User id : 2|Name : SUPER  ADMINISTRATEUR |Module : [use_object]|Function : [Msg - update]| [OK_112] object_forum_category - '5' a été modifié.
2022-12-09 11:16:33|[INFO]|Session : [gmrm38kkt8rulvnqebjbla7tsa]|User id : 2|Name : SUPER  ADMINISTRATEUR |Module : [use_object]|Function : [Msg - update]| [OK_112] object_forum_topic - '54' a été modifié.
2022-12-09 11:16:48|[INFO]|Session : [gmrm38kkt8rulvnqebjbla7tsa]|User id : 2|Name : SUPER  ADMINISTRATEUR |Module : [use_object]|Function : [Msg - update]| [OK_112] object_forum_topic - '55' a été modifié.
2022-12-09 11:17:02|[INFO]|Session : [gmrm38kkt8rulvnqebjbla7tsa]|User id : 2|Name : SUPER  ADMINISTRATEUR |Module : [use_object]|Function : [Msg - update]| [OK_112] object_forum_topic - '56' a été modifié.
2022-12-09 11:19:43|[INFO]|Session : [gmrm38kkt8rulvnqebjbla7tsa]|User id : 2|Name : SUPER  ADMINISTRATEUR |Module : [use_object]|Function : [Msg - update]| [OK_112] object_forum_topic - '54' a été modifié.
2022-12-09 11:21:02|[INFO]|Session : [gmrm38kkt8rulvnqebjbla7tsa]|User id : 2|Name : SUPER  ADMINISTRATEUR |Module : [use_object]|Function : [Msg - update]| [OK_112] object_forum_topic - '55' a été modifié.
2022-12-09 11:21:54|[INFO]|Session : [gmrm38kkt8rulvnqebjbla7tsa]|User id : 2|Name : SUPER  ADMINISTRATEUR |Module : [use_object]|Function : [Msg - update]| [OK_112] object_forum_topic - '56' a été modifié.
2022-12-09 11:25:12|[INFO]|Session : [gmrm38kkt8rulvnqebjbla7tsa]|User id : 2|Name : SUPER  ADMINISTRATEUR |Module : [use_object]|Function : [Msg - update]| [OK_112] object_forum_topic - '57' a été modifié.
2022-12-09 11:32:00|[INFO]|Session : [gmrm38kkt8rulvnqebjbla7tsa]|User id : 2|Name : SUPER  ADMINISTRATEUR |Module : [use_object]|Function : [Msg - update]| [OK_112] object_forum_topic - '58' a été modifié.
2022-12-09 11:37:10|[INFO]|Session : [gmrm38kkt8rulvnqebjbla7tsa]|User id : 2|Name : SUPER  ADMINISTRATEUR |Module : [use_object]|Function : [Msg - update]| [OK_112] object_forum_subject - '2' a été modifié.
2022-12-09 11:37:40|[INFO]|Session : [gmrm38kkt8rulvnqebjbla7tsa]|User id : 2|Name : SUPER  ADMINISTRATEUR |Module : [use_object]|Function : [Msg - update]| [OK_112] object_forum_subject - '2' a été modifié.
2022-12-09 11:44:09|[INFO]|Session : [gmrm38kkt8rulvnqebjbla7tsa]|User id : 2|Name : SUPER  ADMINISTRATEUR |Module : [use_object]|Function : [Msg - update]| [OK_112] object_forum_subject - '2' a été modifié.
2022-12-09 11:45:47|[INFO]|Session : [gmrm38kkt8rulvnqebjbla7tsa]|User id : 2|Name : SUPER  ADMINISTRATEUR |Module : [use_object]|Function : [Msg - update]| [OK_112] object_forum_subject - '17' a été modifié.
2022-12-09 11:47:29|[INFO]|Session : [gmrm38kkt8rulvnqebjbla7tsa]|User id : 2|Name : SUPER  ADMINISTRATEUR |Module : [use_object]|Function : [Msg - update]| [OK_112] object_forum_subject - '3' a été modifié.
2022-12-09 11:47:57|[INFO]|Session : [gmrm38kkt8rulvnqebjbla7tsa]|User id : 2|Name : SUPER  ADMINISTRATEUR |Module : [use_object]|Function : [Msg - update]| [OK_112] object_forum_subject - '3' a été modifié.
2022-12-09 11:49:46|[INFO]|Session : [gmrm38kkt8rulvnqebjbla7tsa]|User id : 2|Name : SUPER  ADMINISTRATEUR |Module : [use_object]|Function : [Msg - update]| [OK_112] object_forum_subject - '6' a été modifié.
2022-12-09 11:55:53|[INFO]|Session : [gmrm38kkt8rulvnqebjbla7tsa]|User id : 2|Name : SUPER  ADMINISTRATEUR |Module : [use_object]|Function : [Msg - update]| [OK_112] object_forum_subject - '5' a été modifié.
2022-12-09 15:29:02|[INFO]|Session : [v36p7ilopec06ueuu5v6qplhft]|User id : 2|Name : SUPER  ADMINISTRATEUR |Module : [use_object]|Function : [Msg - update]| [OK_112] object_forum_topic - '58' a été modifié.
2022-12-09 15:30:11|[INFO]|Session : [v36p7ilopec06ueuu5v6qplhft]|User id : 2|Name : SUPER  ADMINISTRATEUR |Module : [use_object]|Function : [Msg - update]| [OK_112] object_forum_topic - '55' a été modifié.
2022-12-09 15:31:45|[INFO]|Session : [v36p7ilopec06ueuu5v6qplhft]|User id : 2|Name : SUPER  ADMINISTRATEUR |Module : [use_object]|Function : [Msg - update]| [OK_112] object_forum_topic - '54' a été modifié.
2022-12-09 15:32:46|[INFO]|Session : [v36p7ilopec06ueuu5v6qplhft]|User id : 2|Name : SUPER  ADMINISTRATEUR |Module : [use_object]|Function : [Msg - update]| [OK_112] object_forum_topic - '55' a été modifié.
2022-12-09 15:33:53|[INFO]|Session : [v36p7ilopec06ueuu5v6qplhft]|User id : 2|Name : SUPER  ADMINISTRATEUR |Module : [use_object]|Function : [Msg - update]| [OK_112] object_forum_topic - '56' a été modifié.
2022-12-09 15:35:02|[INFO]|Session : [v36p7ilopec06ueuu5v6qplhft]|User id : 2|Name : SUPER  ADMINISTRATEUR |Module : [use_object]|Function : [Msg - update]| [OK_112] object_forum_topic - '57' a été modifié.
2022-12-09 15:35:34|[INFO]|Session : [v36p7ilopec06ueuu5v6qplhft]|User id : 2|Name : SUPER  ADMINISTRATEUR |Module : [use_object]|Function : [Msg - update]| [OK_112] object_forum_topic - '58' a été modifié.
2022-12-09 15:36:41|[INFO]|Session : [v36p7ilopec06ueuu5v6qplhft]|User id : 2|Name : SUPER  ADMINISTRATEUR |Module : [use_object]|Function : [Msg - update]| [OK_112] object_forum_post - '113' a été modifié.
2022-12-09 15:38:15|[INFO]|Session : [v36p7ilopec06ueuu5v6qplhft]|User id : 2|Name : SUPER  ADMINISTRATEUR |Module : [use_object]|Function : [Msg - update]| [OK_112] object_forum_post - '115' a été modifié.
2022-12-09 15:39:18|[INFO]|Session : [v36p7ilopec06ueuu5v6qplhft]|User id : 2|Name : SUPER  ADMINISTRATEUR |Module : [use_object]|Function : [Msg - insert]| [OK_111] object_forum_post - '' a été créé.
2022-12-09 15:39:47|[INFO]|Session : [v36p7ilopec06ueuu5v6qplhft]|User id : 2|Name : SUPER  ADMINISTRATEUR |Module : [use_object]|Function : [Msg - insert]| [OK_111] object_forum_post - '' a été créé.
2022-12-09 15:40:22|[INFO]|Session : [v36p7ilopec06ueuu5v6qplhft]|User id : 2|Name : SUPER  ADMINISTRATEUR |Module : [use_object]|Function : [Msg - insert]| [OK_111] object_forum_post - '' a été créé.
2022-12-09 15:41:32|[INFO]|Session : [v36p7ilopec06ueuu5v6qplhft]|User id : 2|Name : SUPER  ADMINISTRATEUR |Module : [use_object]|Function : [Msg - insert]| [OK_111] object_forum_topic - '' a été créé.
2022-12-09 15:42:00|[INFO]|Session : [v36p7ilopec06ueuu5v6qplhft]|User id : 2|Name : SUPER  ADMINISTRATEUR |Module : [use_object]|Function : [Msg - insert]| [OK_111] object_forum_post - '' a été créé.
2022-12-09 15:42:47|[INFO]|Session : [v36p7ilopec06ueuu5v6qplhft]|User id : 2|Name : SUPER  ADMINISTRATEUR |Module : [use_object]|Function : [Msg - insert]| [OK_111] object_forum_topic - '' a été créé.
2022-12-09 16:21:52|[INFO]|Session : [v36p7ilopec06ueuu5v6qplhft]|User id : 2|Name : SUPER  ADMINISTRATEUR |Module : [use_object]|Function : [Msg - update]| [OK_112] Page - '144' a été modifié.
2022-12-09 16:22:07|[INFO]|Session : [v36p7ilopec06ueuu5v6qplhft]|User id : 2|Name : SUPER  ADMINISTRATEUR |Module : [use_object]|Function : [Msg - update]| [OK_112] Page - '136' a été modifié.
2022-12-09 17:10:40|[INFO]|Session : [v36p7ilopec06ueuu5v6qplhft]|User id : 2|Name : SUPER  ADMINISTRATEUR |Module : [use_object]|Function : [Msg - update]| [OK_112] Page - '136' a été modifié.
