2022-08-29 00:30:34|[INFO]|Session : [l61kj0kml28fiiha03nsfs0lek]|User id : 1|Name : |Module : [use_object]|Function : [Msg - update]| [OK_112] object_trace_diagram - '10' a été modifié.
2022-08-29 00:30:35|[INFO]|Session : [vc9mcj8cgl7nah6np8t787n8ss]|User id : 1|Name : |Module : [use_object]|Function : [Msg - update]| [OK_112] object_trace - '7' a été modifié.
2022-08-29 00:30:35|[INFO]|Session : [peudojcjsmn4db635m68e0fu9k]|User id : 1|Name : |Module : [use_object]|Function : [Msg - update]| [OK_112] object_trace_diagram - '10' a été modifié.
2022-08-29 00:30:37|[INFO]|Session : [4h7gc6816kklsc1hq03cq1vfph]|User id : 1|Name : |Module : [use_object]|Function : [Msg - update]| [OK_112] object_trace - '7' a été modifié.
2022-08-29 00:30:37|[INFO]|Session : [q0ouhlqajcf7gg66u6ki1tr76i]|User id : 1|Name : |Module : [use_object]|Function : [Msg - update]| [OK_112] object_trace - '7' a été modifié.
2022-08-29 00:30:42|[INFO]|Session : [8kc4jicrb0ta1oeplv8p5l3kn0]|User id : 1|Name : |Module : [use_object]|Function : [Msg - update]| [OK_112] object_trace_diagram - '10' a été modifié.
2022-08-29 00:30:43|[INFO]|Session : [tgqb56prbj0m1jnd1motj0l2s0]|User id : 1|Name : |Module : [use_object]|Function : [Msg - update]| [OK_112] object_trace - '7' a été modifié.
2022-08-29 00:30:44|[INFO]|Session : [se23kat1aepf5d1uesedhb7uam]|User id : 1|Name : |Module : [use_object]|Function : [Msg - update]| [OK_112] object_trace - '7' a été modifié.
2022-08-29 00:30:47|[INFO]|Session : [qqrr6p1fshs8nale90ug6m1k0l]|User id : 1|Name : |Module : [use_object]|Function : [Msg - update]| [OK_112] object_trace - '7' a été modifié.
2022-08-29 01:20:54|[INFO]|Session : [j7hihnm60b054f2imbd9i4meqh]|User id : 2|Name : SUPER  ADMINISTRATEUR |Module : [use_object]|Function : [Msg - update]| [OK_112] object_trace - '42' a été modifié.
2022-08-29 01:21:01|[INFO]|Session : [j7hihnm60b054f2imbd9i4meqh]|User id : 2|Name : SUPER  ADMINISTRATEUR |Module : [use_object]|Function : [Msg - update]| [OK_112] object_trace - '42' a été modifié.
2022-08-29 01:21:05|[INFO]|Session : [j7hihnm60b054f2imbd9i4meqh]|User id : 2|Name : SUPER  ADMINISTRATEUR |Module : [use_object]|Function : [Msg - update]| [OK_112] object_trace_diagram - '39' a été modifié.
2022-08-29 01:21:05|[INFO]|Session : [j7hihnm60b054f2imbd9i4meqh]|User id : 2|Name : SUPER  ADMINISTRATEUR |Module : [use_object]|Function : [Msg - update]| [OK_112] object_trace - '42' a été modifié.
2022-08-29 01:21:08|[INFO]|Session : [j7hihnm60b054f2imbd9i4meqh]|User id : 2|Name : SUPER  ADMINISTRATEUR |Module : [use_object]|Function : [Msg - update]| [OK_112] object_trace_diagram - '39' a été modifié.
2022-08-29 01:21:08|[INFO]|Session : [j7hihnm60b054f2imbd9i4meqh]|User id : 2|Name : SUPER  ADMINISTRATEUR |Module : [use_object]|Function : [Msg - update]| [OK_112] object_trace - '42' a été modifié.
2022-08-29 01:21:10|[INFO]|Session : [j7hihnm60b054f2imbd9i4meqh]|User id : 2|Name : SUPER  ADMINISTRATEUR |Module : [use_object]|Function : [Msg - update]| [OK_112] object_trace_diagram - '39' a été modifié.
2022-08-29 01:21:10|[INFO]|Session : [j7hihnm60b054f2imbd9i4meqh]|User id : 2|Name : SUPER  ADMINISTRATEUR |Module : [use_object]|Function : [Msg - update]| [OK_112] object_trace - '42' a été modifié.
2022-08-29 01:21:12|[INFO]|Session : [j7hihnm60b054f2imbd9i4meqh]|User id : 2|Name : SUPER  ADMINISTRATEUR |Module : [use_object]|Function : [Msg - update]| [OK_112] object_trace_diagram - '39' a été modifié.
2022-08-29 01:21:12|[INFO]|Session : [j7hihnm60b054f2imbd9i4meqh]|User id : 2|Name : SUPER  ADMINISTRATEUR |Module : [use_object]|Function : [Msg - update]| [OK_112] object_trace - '42' a été modifié.
2022-08-29 01:21:14|[INFO]|Session : [j7hihnm60b054f2imbd9i4meqh]|User id : 2|Name : SUPER  ADMINISTRATEUR |Module : [use_object]|Function : [Msg - update]| [OK_112] object_trace_diagram - '39' a été modifié.
2022-08-29 01:21:14|[INFO]|Session : [j7hihnm60b054f2imbd9i4meqh]|User id : 2|Name : SUPER  ADMINISTRATEUR |Module : [use_object]|Function : [Msg - update]| [OK_112] object_trace - '42' a été modifié.
2022-08-29 01:21:16|[INFO]|Session : [j7hihnm60b054f2imbd9i4meqh]|User id : 2|Name : SUPER  ADMINISTRATEUR |Module : [use_object]|Function : [Msg - update]| [OK_112] object_trace_diagram - '39' a été modifié.
2022-08-29 01:21:16|[INFO]|Session : [j7hihnm60b054f2imbd9i4meqh]|User id : 2|Name : SUPER  ADMINISTRATEUR |Module : [use_object]|Function : [Msg - update]| [OK_112] object_trace - '42' a été modifié.
2022-08-29 01:21:18|[INFO]|Session : [j7hihnm60b054f2imbd9i4meqh]|User id : 2|Name : SUPER  ADMINISTRATEUR |Module : [use_object]|Function : [Msg - update]| [OK_112] object_trace_diagram - '39' a été modifié.
2022-08-29 01:21:18|[INFO]|Session : [j7hihnm60b054f2imbd9i4meqh]|User id : 2|Name : SUPER  ADMINISTRATEUR |Module : [use_object]|Function : [Msg - update]| [OK_112] object_trace - '42' a été modifié.
2022-08-29 01:21:23|[INFO]|Session : [j7hihnm60b054f2imbd9i4meqh]|User id : 2|Name : SUPER  ADMINISTRATEUR |Module : [use_object]|Function : [Msg - update]| [OK_112] object_trace - '42' a été modifié.
2022-08-29 01:21:27|[INFO]|Session : [j7hihnm60b054f2imbd9i4meqh]|User id : 2|Name : SUPER  ADMINISTRATEUR |Module : [use_object]|Function : [Msg - update]| [OK_112] object_trace - '42' a été modifié.
2022-08-29 01:21:28|[INFO]|Session : [j7hihnm60b054f2imbd9i4meqh]|User id : 2|Name : SUPER  ADMINISTRATEUR |Module : [use_object]|Function : [Msg - update]| [OK_112] object_trace - '42' a été modifié.
2022-08-29 01:21:30|[INFO]|Session : [j7hihnm60b054f2imbd9i4meqh]|User id : 2|Name : SUPER  ADMINISTRATEUR |Module : [use_object]|Function : [Msg - update]| [OK_112] object_trace - '42' a été modifié.
2022-08-29 01:21:30|[INFO]|Session : [j7hihnm60b054f2imbd9i4meqh]|User id : 2|Name : SUPER  ADMINISTRATEUR |Module : [use_object]|Function : [Msg - update]| [OK_112] object_trace - '42' a été modifié.
2022-08-29 01:21:36|[INFO]|Session : [j7hihnm60b054f2imbd9i4meqh]|User id : 2|Name : SUPER  ADMINISTRATEUR |Module : [use_object]|Function : [Msg - update]| [OK_112] object_trace - '42' a été modifié.
2022-08-29 01:21:36|[INFO]|Session : [j7hihnm60b054f2imbd9i4meqh]|User id : 2|Name : SUPER  ADMINISTRATEUR |Module : [use_object]|Function : [Msg - update]| [OK_112] object_trace - '42' a été modifié.
2022-08-29 01:21:39|[INFO]|Session : [j7hihnm60b054f2imbd9i4meqh]|User id : 2|Name : SUPER  ADMINISTRATEUR |Module : [use_object]|Function : [Msg - update]| [OK_112] object_trace - '42' a été modifié.
2022-08-29 01:21:39|[INFO]|Session : [j7hihnm60b054f2imbd9i4meqh]|User id : 2|Name : SUPER  ADMINISTRATEUR |Module : [use_object]|Function : [Msg - update]| [OK_112] object_trace - '42' a été modifié.
2022-08-29 01:21:43|[INFO]|Session : [j7hihnm60b054f2imbd9i4meqh]|User id : 2|Name : SUPER  ADMINISTRATEUR |Module : [use_object]|Function : [Msg - update]| [OK_112] object_trace - '42' a été modifié.
2022-08-29 01:21:43|[INFO]|Session : [j7hihnm60b054f2imbd9i4meqh]|User id : 2|Name : SUPER  ADMINISTRATEUR |Module : [use_object]|Function : [Msg - update]| [OK_112] object_trace - '42' a été modifié.
2022-08-29 01:21:46|[INFO]|Session : [j7hihnm60b054f2imbd9i4meqh]|User id : 2|Name : SUPER  ADMINISTRATEUR |Module : [use_object]|Function : [Msg - update]| [OK_112] object_trace - '42' a été modifié.
2022-08-29 01:21:46|[INFO]|Session : [j7hihnm60b054f2imbd9i4meqh]|User id : 2|Name : SUPER  ADMINISTRATEUR |Module : [use_object]|Function : [Msg - update]| [OK_112] object_trace - '42' a été modifié.
2022-08-29 01:21:54|[INFO]|Session : [j7hihnm60b054f2imbd9i4meqh]|User id : 2|Name : SUPER  ADMINISTRATEUR |Module : [use_object]|Function : [Msg - update]| [OK_112] object_trace - '42' a été modifié.
2022-08-29 01:21:54|[INFO]|Session : [j7hihnm60b054f2imbd9i4meqh]|User id : 2|Name : SUPER  ADMINISTRATEUR |Module : [use_object]|Function : [Msg - update]| [OK_112] object_trace - '42' a été modifié.
2022-08-29 01:21:58|[INFO]|Session : [j7hihnm60b054f2imbd9i4meqh]|User id : 2|Name : SUPER  ADMINISTRATEUR |Module : [use_object]|Function : [Msg - update]| [OK_112] object_trace - '42' a été modifié.
2022-08-29 01:21:58|[INFO]|Session : [j7hihnm60b054f2imbd9i4meqh]|User id : 2|Name : SUPER  ADMINISTRATEUR |Module : [use_object]|Function : [Msg - update]| [OK_112] object_trace - '42' a été modifié.
2022-08-29 01:22:19|[INFO]|Session : [j7hihnm60b054f2imbd9i4meqh]|User id : 2|Name : SUPER  ADMINISTRATEUR |Module : [use_object]|Function : [Msg - update]| [OK_112] object_trace - '42' a été modifié.
2022-08-29 01:22:19|[INFO]|Session : [j7hihnm60b054f2imbd9i4meqh]|User id : 2|Name : SUPER  ADMINISTRATEUR |Module : [use_object]|Function : [Msg - update]| [OK_112] object_trace - '42' a été modifié.
2022-08-29 01:22:22|[INFO]|Session : [j7hihnm60b054f2imbd9i4meqh]|User id : 2|Name : SUPER  ADMINISTRATEUR |Module : [use_object]|Function : [Msg - update]| [OK_112] object_trace - '42' a été modifié.
2022-08-29 01:22:22|[INFO]|Session : [j7hihnm60b054f2imbd9i4meqh]|User id : 2|Name : SUPER  ADMINISTRATEUR |Module : [use_object]|Function : [Msg - update]| [OK_112] object_trace - '42' a été modifié.
2022-08-29 01:22:30|[INFO]|Session : [j7hihnm60b054f2imbd9i4meqh]|User id : 2|Name : SUPER  ADMINISTRATEUR |Module : [use_object]|Function : [Msg - update]| [OK_112] object_trace - '42' a été modifié.
2022-08-29 01:22:31|[INFO]|Session : [j7hihnm60b054f2imbd9i4meqh]|User id : 2|Name : SUPER  ADMINISTRATEUR |Module : [use_object]|Function : [Msg - update]| [OK_112] object_trace - '42' a été modifié.
2022-08-29 01:22:36|[INFO]|Session : [j7hihnm60b054f2imbd9i4meqh]|User id : 2|Name : SUPER  ADMINISTRATEUR |Module : [use_object]|Function : [Msg - update]| [OK_112] object_trace - '42' a été modifié.
2022-08-29 01:22:36|[INFO]|Session : [j7hihnm60b054f2imbd9i4meqh]|User id : 2|Name : SUPER  ADMINISTRATEUR |Module : [use_object]|Function : [Msg - update]| [OK_112] object_trace - '42' a été modifié.
2022-08-29 01:22:47|[INFO]|Session : [j7hihnm60b054f2imbd9i4meqh]|User id : 2|Name : SUPER  ADMINISTRATEUR |Module : [use_object]|Function : [Msg - update]| [OK_112] object_trace - '42' a été modifié.
2022-08-29 01:26:29|[INFO]|Session : [j7hihnm60b054f2imbd9i4meqh]|User id : 2|Name : SUPER  ADMINISTRATEUR |Module : [use_object]|Function : [Msg - update]| [OK_112] object_result - '372' a été modifié.
2022-08-29 01:26:29|[INFO]|Session : [j7hihnm60b054f2imbd9i4meqh]|User id : 2|Name : SUPER  ADMINISTRATEUR |Module : [use_object]|Function : [Msg - update]| [OK_112] object_field_result - '507' a été modifié.
2022-08-29 01:26:36|[INFO]|Session : [j7hihnm60b054f2imbd9i4meqh]|User id : 2|Name : SUPER  ADMINISTRATEUR |Module : [use_object]|Function : [Msg - update]| [OK_112] object_trace - '42' a été modifié.
2022-08-29 01:30:00|[INFO]|Session : [j7hihnm60b054f2imbd9i4meqh]|User id : 2|Name : SUPER  ADMINISTRATEUR |Module : [use_object]|Function : [Msg - update]| [OK_112] object_trace - '42' a été modifié.
2022-08-29 01:32:20|[INFO]|Session : [j7hihnm60b054f2imbd9i4meqh]|User id : 2|Name : SUPER  ADMINISTRATEUR |Module : [use_object]|Function : [Msg - update]| [OK_112] object_result - '372' a été modifié.
2022-08-29 01:32:21|[INFO]|Session : [j7hihnm60b054f2imbd9i4meqh]|User id : 2|Name : SUPER  ADMINISTRATEUR |Module : [use_object]|Function : [Msg - update]| [OK_112] object_field_result - '507' a été modifié.
2022-08-29 01:32:26|[INFO]|Session : [j7hihnm60b054f2imbd9i4meqh]|User id : 2|Name : SUPER  ADMINISTRATEUR |Module : [use_object]|Function : [Msg - update]| [OK_112] object_trace - '42' a été modifié.
2022-08-29 01:35:25|[INFO]|Session : [j7hihnm60b054f2imbd9i4meqh]|User id : 2|Name : SUPER  ADMINISTRATEUR |Module : [use_object]|Function : [Msg - update]| [OK_112] object_result - '372' a été modifié.
2022-08-29 01:35:26|[INFO]|Session : [j7hihnm60b054f2imbd9i4meqh]|User id : 2|Name : SUPER  ADMINISTRATEUR |Module : [use_object]|Function : [Msg - update]| [OK_112] object_field_result - '507' a été modifié.
2022-08-29 01:35:31|[INFO]|Session : [j7hihnm60b054f2imbd9i4meqh]|User id : 2|Name : SUPER  ADMINISTRATEUR |Module : [use_object]|Function : [Msg - update]| [OK_112] object_trace - '42' a été modifié.
2022-08-29 01:40:04|[INFO]|Session : [j7hihnm60b054f2imbd9i4meqh]|User id : 2|Name : SUPER  ADMINISTRATEUR |Module : [use_object]|Function : [Msg - update]| [OK_112] object_result - '372' a été modifié.
2022-08-29 01:40:04|[INFO]|Session : [j7hihnm60b054f2imbd9i4meqh]|User id : 2|Name : SUPER  ADMINISTRATEUR |Module : [use_object]|Function : [Msg - update]| [OK_112] object_field_result - '507' a été modifié.
2022-08-29 01:40:08|[INFO]|Session : [j7hihnm60b054f2imbd9i4meqh]|User id : 2|Name : SUPER  ADMINISTRATEUR |Module : [use_object]|Function : [Msg - update]| [OK_112] object_trace - '42' a été modifié.
2022-08-29 01:51:42|[INFO]|Session : [j7hihnm60b054f2imbd9i4meqh]|User id : 2|Name : SUPER  ADMINISTRATEUR |Module : [use_object]|Function : [Msg - update]| [OK_112] object_trace - '7' a été modifié.
2022-08-29 01:51:43|[INFO]|Session : [j7hihnm60b054f2imbd9i4meqh]|User id : 2|Name : SUPER  ADMINISTRATEUR |Module : [use_object]|Function : [Msg - update]| [OK_112] object_trace - '7' a été modifié.
2022-08-29 01:51:50|[INFO]|Session : [j7hihnm60b054f2imbd9i4meqh]|User id : 2|Name : SUPER  ADMINISTRATEUR |Module : [use_object]|Function : [Msg - update]| [OK_112] object_trace - '7' a été modifié.
2022-08-29 01:51:53|[INFO]|Session : [j7hihnm60b054f2imbd9i4meqh]|User id : 2|Name : SUPER  ADMINISTRATEUR |Module : [use_object]|Function : [Msg - update]| [OK_112] object_trace - '7' a été modifié.
2022-08-29 01:51:54|[INFO]|Session : [j7hihnm60b054f2imbd9i4meqh]|User id : 2|Name : SUPER  ADMINISTRATEUR |Module : [use_object]|Function : [Msg - update]| [OK_112] object_trace - '7' a été modifié.
2022-08-29 01:51:54|[INFO]|Session : [j7hihnm60b054f2imbd9i4meqh]|User id : 2|Name : SUPER  ADMINISTRATEUR |Module : [use_object]|Function : [Msg - update]| [OK_112] object_trace - '7' a été modifié.
2022-08-29 01:51:56|[INFO]|Session : [j7hihnm60b054f2imbd9i4meqh]|User id : 2|Name : SUPER  ADMINISTRATEUR |Module : [use_object]|Function : [Msg - update]| [OK_112] object_trace - '7' a été modifié.
2022-08-29 01:51:59|[INFO]|Session : [j7hihnm60b054f2imbd9i4meqh]|User id : 2|Name : SUPER  ADMINISTRATEUR |Module : [use_object]|Function : [Msg - update]| [OK_112] object_trace - '7' a été modifié.
2022-08-29 01:52:00|[INFO]|Session : [j7hihnm60b054f2imbd9i4meqh]|User id : 2|Name : SUPER  ADMINISTRATEUR |Module : [use_object]|Function : [Msg - update]| [OK_112] object_trace - '7' a été modifié.
2022-08-29 01:52:02|[INFO]|Session : [j7hihnm60b054f2imbd9i4meqh]|User id : 2|Name : SUPER  ADMINISTRATEUR |Module : [use_object]|Function : [Msg - update]| [OK_112] object_trace - '7' a été modifié.
2022-08-29 01:52:04|[INFO]|Session : [j7hihnm60b054f2imbd9i4meqh]|User id : 2|Name : SUPER  ADMINISTRATEUR |Module : [use_object]|Function : [Msg - update]| [OK_112] object_trace - '7' a été modifié.
2022-08-29 01:52:13|[INFO]|Session : [j7hihnm60b054f2imbd9i4meqh]|User id : 2|Name : SUPER  ADMINISTRATEUR |Module : [use_object]|Function : [Msg - update]| [OK_112] object_trace - '7' a été modifié.
2022-08-29 01:52:15|[INFO]|Session : [j7hihnm60b054f2imbd9i4meqh]|User id : 2|Name : SUPER  ADMINISTRATEUR |Module : [use_object]|Function : [Msg - update]| [OK_112] object_trace - '7' a été modifié.
2022-08-29 01:56:50|[INFO]|Session : [j7hihnm60b054f2imbd9i4meqh]|User id : 2|Name : SUPER  ADMINISTRATEUR |Module : [use_object]|Function : [Msg - update]| [OK_112] object_trace - '7' a été modifié.
2022-08-29 01:56:55|[INFO]|Session : [j7hihnm60b054f2imbd9i4meqh]|User id : 2|Name : SUPER  ADMINISTRATEUR |Module : [use_object]|Function : [Msg - update]| [OK_112] object_trace - '7' a été modifié.
2022-08-29 01:56:55|[INFO]|Session : [j7hihnm60b054f2imbd9i4meqh]|User id : 2|Name : SUPER  ADMINISTRATEUR |Module : [use_object]|Function : [Msg - update]| [OK_112] object_trace - '7' a été modifié.
2022-08-29 01:57:01|[INFO]|Session : [j7hihnm60b054f2imbd9i4meqh]|User id : 2|Name : SUPER  ADMINISTRATEUR |Module : [use_object]|Function : [Msg - update]| [OK_112] object_trace - '7' a été modifié.
2022-08-29 01:57:11|[INFO]|Session : [j7hihnm60b054f2imbd9i4meqh]|User id : 2|Name : SUPER  ADMINISTRATEUR |Module : [use_object]|Function : [Msg - update]| [OK_112] object_trace - '7' a été modifié.
2022-08-29 01:57:11|[INFO]|Session : [j7hihnm60b054f2imbd9i4meqh]|User id : 2|Name : SUPER  ADMINISTRATEUR |Module : [use_object]|Function : [Msg - update]| [OK_112] object_trace - '7' a été modifié.
2022-08-29 01:57:21|[INFO]|Session : [j7hihnm60b054f2imbd9i4meqh]|User id : 2|Name : SUPER  ADMINISTRATEUR |Module : [use_object]|Function : [Msg - update]| [OK_112] object_trace - '7' a été modifié.
2022-08-29 01:57:21|[INFO]|Session : [j7hihnm60b054f2imbd9i4meqh]|User id : 2|Name : SUPER  ADMINISTRATEUR |Module : [use_object]|Function : [Msg - update]| [OK_112] object_trace - '7' a été modifié.
2022-08-29 01:57:24|[INFO]|Session : [j7hihnm60b054f2imbd9i4meqh]|User id : 2|Name : SUPER  ADMINISTRATEUR |Module : [use_object]|Function : [Msg - update]| [OK_112] object_trace - '7' a été modifié.
2022-08-29 01:57:33|[INFO]|Session : [jmiho65p2norrfb50naq7alfd4]|User id : 1|Name : |Module : [use_object]|Function : [Msg - update]| [OK_112] object_trace - '7' a été modifié.
2022-08-29 01:57:34|[INFO]|Session : [op5t5udlu81kqom8f8akko3qpc]|User id : 1|Name : |Module : [use_object]|Function : [Msg - update]| [OK_112] object_trace - '7' a été modifié.
2022-08-29 01:57:37|[INFO]|Session : [vn4q9hpol46uuiug0tdsjarejh]|User id : 1|Name : |Module : [use_object]|Function : [Msg - update]| [OK_112] object_trace_diagram - '10' a été modifié.
2022-08-29 01:57:37|[INFO]|Session : [q0s42mmtic2o4n374eqm8quj7t]|User id : 1|Name : |Module : [use_object]|Function : [Msg - update]| [OK_112] object_trace - '7' a été modifié.
2022-08-29 01:57:39|[INFO]|Session : [d6eh0a0snj8u2agnnstsie0gbe]|User id : 1|Name : |Module : [use_object]|Function : [Msg - update]| [OK_112] object_trace - '7' a été modifié.
2022-08-29 01:57:40|[INFO]|Session : [ttovlf0mnaj7umiaiv6evdm82e]|User id : 1|Name : |Module : [use_object]|Function : [Msg - update]| [OK_112] object_trace_diagram - '10' a été modifié.
2022-08-29 01:57:40|[INFO]|Session : [4pvidcj36vprvs04uak75t3fdb]|User id : 1|Name : |Module : [use_object]|Function : [Msg - update]| [OK_112] object_trace - '7' a été modifié.
2022-08-29 01:57:42|[INFO]|Session : [i0kclpfjis4iifffjrpvs14f5e]|User id : 1|Name : |Module : [use_object]|Function : [Msg - update]| [OK_112] object_trace_diagram - '10' a été modifié.
2022-08-29 01:57:42|[INFO]|Session : [n47csmvhukl354o1orcgrmp9l6]|User id : 1|Name : |Module : [use_object]|Function : [Msg - update]| [OK_112] object_trace - '7' a été modifié.
2022-08-29 01:57:43|[INFO]|Session : [efnpcigqkn90hrh48a4td2p9fp]|User id : 1|Name : |Module : [use_object]|Function : [Msg - update]| [OK_112] object_trace - '7' a été modifié.
2022-08-29 01:57:46|[INFO]|Session : [acbo1n2iok8sgurghmkj098vvf]|User id : 1|Name : |Module : [use_object]|Function : [Msg - update]| [OK_112] object_trace - '7' a été modifié.
2022-08-29 01:57:49|[INFO]|Session : [eb67e4mdvm6rkrh9d4p4gd0npe]|User id : 1|Name : |Module : [use_object]|Function : [Msg - update]| [OK_112] object_trace_diagram - '10' a été modifié.
2022-08-29 01:57:49|[INFO]|Session : [e09uk6gd1gt0soo2s8b1vpijb4]|User id : 1|Name : |Module : [use_object]|Function : [Msg - update]| [OK_112] object_trace - '7' a été modifié.
2022-08-29 01:57:50|[INFO]|Session : [con68krkmotqsnr5du4js65rjj]|User id : 1|Name : |Module : [use_object]|Function : [Msg - update]| [OK_112] object_trace - '7' a été modifié.
2022-08-29 01:57:52|[INFO]|Session : [7l45fvfvi7akd2mgmko2s427gv]|User id : 1|Name : |Module : [use_object]|Function : [Msg - update]| [OK_112] object_trace - '7' a été modifié.
2022-08-29 01:57:54|[INFO]|Session : [8me87ifo2bs3nu4vv4dlt1mgi6]|User id : 1|Name : |Module : [use_object]|Function : [Msg - update]| [OK_112] object_trace_diagram - '10' a été modifié.
2022-08-29 01:57:54|[INFO]|Session : [784ef02bscjes04rnkt9sa0qle]|User id : 1|Name : |Module : [use_object]|Function : [Msg - update]| [OK_112] object_trace - '7' a été modifié.
2022-08-29 01:57:56|[INFO]|Session : [8shkdbb1r1eihcm04kprh86fg4]|User id : 1|Name : |Module : [use_object]|Function : [Msg - update]| [OK_112] object_trace - '7' a été modifié.
2022-08-29 01:57:59|[INFO]|Session : [tppebl4dmv2frvhau62bon6cdg]|User id : 1|Name : |Module : [use_object]|Function : [Msg - update]| [OK_112] object_trace - '7' a été modifié.
2022-08-29 01:58:01|[INFO]|Session : [tcl0cdvl9kovprgrgqrbcj9e66]|User id : 1|Name : |Module : [use_object]|Function : [Msg - update]| [OK_112] object_trace_diagram - '10' a été modifié.
2022-08-29 01:58:03|[INFO]|Session : [cufh1ac5i7b900o76lrl9sndfm]|User id : 1|Name : |Module : [use_object]|Function : [Msg - update]| [OK_112] object_trace - '7' a été modifié.
2022-08-29 01:58:04|[INFO]|Session : [j3782a4lirg0lticuuns0ib5fk]|User id : 1|Name : |Module : [use_object]|Function : [Msg - update]| [OK_112] object_trace - '7' a été modifié.
2022-08-29 01:58:07|[INFO]|Session : [r9r3cd8feljletenmh4a52fndc]|User id : 1|Name : |Module : [use_object]|Function : [Msg - update]| [OK_112] object_trace_diagram - '10' a été modifié.
2022-08-29 01:58:08|[INFO]|Session : [b51nbh9r8khcseto9d9g93v3s7]|User id : 1|Name : |Module : [use_object]|Function : [Msg - update]| [OK_112] object_trace - '7' a été modifié.
2022-08-29 01:58:10|[INFO]|Session : [np9k3f88m61f0i1mmsctp86ath]|User id : 1|Name : |Module : [use_object]|Function : [Msg - update]| [OK_112] object_trace - '7' a été modifié.
2022-08-29 01:58:12|[INFO]|Session : [gl1cobgv182m89j9ukmodo060b]|User id : 1|Name : |Module : [use_object]|Function : [Msg - update]| [OK_112] object_trace_diagram - '10' a été modifié.
2022-08-29 01:58:13|[INFO]|Session : [tsrhpp2lk95mfdv6mji66ie4u1]|User id : 1|Name : |Module : [use_object]|Function : [Msg - update]| [OK_112] object_trace - '7' a été modifié.
2022-08-29 01:58:51|[INFO]|Session : [j7hihnm60b054f2imbd9i4meqh]|User id : 2|Name : SUPER  ADMINISTRATEUR |Module : [use_object]|Function : [Msg - update]| [OK_112] object_trace - '7' a été modifié.
2022-08-29 01:58:58|[INFO]|Session : [j7hihnm60b054f2imbd9i4meqh]|User id : 2|Name : SUPER  ADMINISTRATEUR |Module : [use_object]|Function : [Msg - update]| [OK_112] object_trace - '7' a été modifié.
2022-08-29 02:00:16|[INFO]|Session : [j7hihnm60b054f2imbd9i4meqh]|User id : 2|Name : SUPER  ADMINISTRATEUR |Module : [use_object]|Function : [Msg - update]| [OK_112] object_trace - '7' a été modifié.
2022-08-29 02:00:59|[INFO]|Session : [j7hihnm60b054f2imbd9i4meqh]|User id : 2|Name : SUPER  ADMINISTRATEUR |Module : [use_object]|Function : [Msg - update]| [OK_112] object_trace - '7' a été modifié.
2022-08-29 02:01:00|[INFO]|Session : [j7hihnm60b054f2imbd9i4meqh]|User id : 2|Name : SUPER  ADMINISTRATEUR |Module : [use_object]|Function : [Msg - update]| [OK_112] object_trace - '7' a été modifié.
2022-08-29 02:01:20|[INFO]|Session : [j7hihnm60b054f2imbd9i4meqh]|User id : 2|Name : SUPER  ADMINISTRATEUR |Module : [use_object]|Function : [Msg - update]| [OK_112] object_trace - '7' a été modifié.
2022-08-29 02:02:55|[INFO]|Session : [e5436cdcrppahp9363fcjeuhic]|User id : 1|Name : |Module : [use_object]|Function : [Msg - update]| [OK_112] object_trace_diagram - '10' a été modifié.
2022-08-29 02:02:55|[INFO]|Session : [76c8fnn7b4tm2lrdgnpvgk9ek6]|User id : 1|Name : |Module : [use_object]|Function : [Msg - update]| [OK_112] object_trace - '7' a été modifié.
2022-08-29 02:03:01|[INFO]|Session : [j7hihnm60b054f2imbd9i4meqh]|User id : 2|Name : SUPER  ADMINISTRATEUR |Module : [use_object]|Function : [Msg - update]| [OK_112] object_trace - '7' a été modifié.
2022-08-29 02:03:06|[INFO]|Session : [j7hihnm60b054f2imbd9i4meqh]|User id : 2|Name : SUPER  ADMINISTRATEUR |Module : [use_object]|Function : [Msg - update]| [OK_112] object_trace - '7' a été modifié.
2022-08-29 02:03:07|[INFO]|Session : [j7hihnm60b054f2imbd9i4meqh]|User id : 2|Name : SUPER  ADMINISTRATEUR |Module : [use_object]|Function : [Msg - update]| [OK_112] object_trace - '7' a été modifié.
2022-08-29 02:03:13|[INFO]|Session : [j7hihnm60b054f2imbd9i4meqh]|User id : 2|Name : SUPER  ADMINISTRATEUR |Module : [use_object]|Function : [Msg - update]| [OK_112] object_trace - '7' a été modifié.
2022-08-29 02:03:13|[INFO]|Session : [j7hihnm60b054f2imbd9i4meqh]|User id : 2|Name : SUPER  ADMINISTRATEUR |Module : [use_object]|Function : [Msg - update]| [OK_112] object_trace - '7' a été modifié.
2022-08-29 02:03:32|[INFO]|Session : [j7hihnm60b054f2imbd9i4meqh]|User id : 2|Name : SUPER  ADMINISTRATEUR |Module : [use_object]|Function : [Msg - update]| [OK_112] object_trace - '7' a été modifié.
2022-08-29 02:03:35|[INFO]|Session : [j7hihnm60b054f2imbd9i4meqh]|User id : 2|Name : SUPER  ADMINISTRATEUR |Module : [use_object]|Function : [Msg - update]| [OK_112] object_trace - '7' a été modifié.
2022-08-29 02:03:36|[INFO]|Session : [j7hihnm60b054f2imbd9i4meqh]|User id : 2|Name : SUPER  ADMINISTRATEUR |Module : [use_object]|Function : [Msg - update]| [OK_112] object_trace - '7' a été modifié.
2022-08-29 02:03:40|[INFO]|Session : [j7hihnm60b054f2imbd9i4meqh]|User id : 2|Name : SUPER  ADMINISTRATEUR |Module : [use_object]|Function : [Msg - update]| [OK_112] object_trace - '7' a été modifié.
2022-08-29 02:03:45|[INFO]|Session : [j7hihnm60b054f2imbd9i4meqh]|User id : 2|Name : SUPER  ADMINISTRATEUR |Module : [use_object]|Function : [Msg - update]| [OK_112] object_trace - '7' a été modifié.
2022-08-29 02:03:45|[INFO]|Session : [j7hihnm60b054f2imbd9i4meqh]|User id : 2|Name : SUPER  ADMINISTRATEUR |Module : [use_object]|Function : [Msg - update]| [OK_112] object_trace - '7' a été modifié.
2022-08-29 22:51:09|[INFO]|Session : [5cn0o1vju2cc62uq3bk7qj4lna]|User id : 1|Name : |Module : [use_object]|Function : [Msg - update]| [OK_112] object_trace - '43' a été modifié.
2022-08-29 22:51:13|[INFO]|Session : [1l4d47adefhi007vtp16g1crih]|User id : 1|Name : |Module : [use_object]|Function : [Msg - update]| [OK_112] object_trace_diagram - '42' a été modifié.
2022-08-29 22:51:14|[INFO]|Session : [jvl224h6li6kf13slgtketiu4j]|User id : 1|Name : |Module : [use_object]|Function : [Msg - update]| [OK_112] object_trace - '43' a été modifié.
2022-08-29 22:51:15|[INFO]|Session : [1du3hg2n1pmj3iq2f92ea9vh7i]|User id : 1|Name : |Module : [use_object]|Function : [Msg - update]| [OK_112] object_trace - '43' a été modifié.
2022-08-29 22:51:18|[INFO]|Session : [nlm40df4m49oo6clegctp68v9s]|User id : 1|Name : |Module : [use_object]|Function : [Msg - update]| [OK_112] object_trace - '43' a été modifié.
2022-08-29 22:51:22|[INFO]|Session : [8j42f4vp5qotcpj6gittuj9skb]|User id : 1|Name : |Module : [use_object]|Function : [Msg - update]| [OK_112] object_trace - '43' a été modifié.
2022-08-29 22:51:25|[INFO]|Session : [5deevqmaa4vg18lsu2ce81llb6]|User id : 1|Name : |Module : [use_object]|Function : [Msg - update]| [OK_112] object_trace - '43' a été modifié.
2022-08-29 22:51:26|[INFO]|Session : [a1eoo8ba3bn6nksv0oa8e1ou4u]|User id : 1|Name : |Module : [use_object]|Function : [Msg - update]| [OK_112] object_trace - '43' a été modifié.
2022-08-29 22:51:30|[INFO]|Session : [qbsr7f91bhuesnik66s4t4m6d4]|User id : 1|Name : |Module : [use_object]|Function : [Msg - update]| [OK_112] object_trace_diagram - '42' a été modifié.
2022-08-29 22:51:31|[INFO]|Session : [pj3f5bnfcjrssb6v914u3go1t8]|User id : 1|Name : |Module : [use_object]|Function : [Msg - update]| [OK_112] object_trace - '43' a été modifié.
2022-08-29 22:51:34|[INFO]|Session : [11mhjkchpjjmla77evhdhcn2i9]|User id : 1|Name : |Module : [use_object]|Function : [Msg - update]| [OK_112] object_trace_diagram - '42' a été modifié.
2022-08-29 22:51:34|[INFO]|Session : [3apt68gj48kdno8da2i0vdl8oe]|User id : 1|Name : |Module : [use_object]|Function : [Msg - update]| [OK_112] object_trace - '43' a été modifié.
2022-08-29 22:51:36|[INFO]|Session : [go6pk1d5a45mlrdt19laatebj6]|User id : 1|Name : |Module : [use_object]|Function : [Msg - update]| [OK_112] object_trace - '43' a été modifié.
2022-08-29 22:51:40|[INFO]|Session : [ec39eshr4bp3qlcns0qsss0iua]|User id : 1|Name : |Module : [use_object]|Function : [Msg - update]| [OK_112] object_trace - '43' a été modifié.
2022-08-29 22:51:42|[INFO]|Session : [kh69tais09ri3i9sk78l1sb845]|User id : 1|Name : |Module : [use_object]|Function : [Msg - update]| [OK_112] object_trace - '43' a été modifié.
2022-08-29 22:51:47|[INFO]|Session : [umquppf1fab4pfi5c3g3ltp708]|User id : 1|Name : |Module : [use_object]|Function : [Msg - update]| [OK_112] object_trace_diagram - '42' a été modifié.
2022-08-29 22:51:48|[INFO]|Session : [mohclecpvoe0se4ja0kn3s20lr]|User id : 1|Name : |Module : [use_object]|Function : [Msg - update]| [OK_112] object_trace - '43' a été modifié.
2022-08-29 22:52:12|[INFO]|Session : [9l6mpe16ph7c4pboog9emfi6sr]|User id : 1|Name : |Module : [use_object]|Function : [Msg - update]| [OK_112] object_trace_diagram - '42' a été modifié.
2022-08-29 22:52:12|[INFO]|Session : [5nddkklhmq2tf6m59vbf4ll5pu]|User id : 1|Name : |Module : [use_object]|Function : [Msg - update]| [OK_112] object_trace - '43' a été modifié.
2022-08-29 22:52:14|[INFO]|Session : [sjuk3ssfet425k3ku2432k0n69]|User id : 1|Name : |Module : [use_object]|Function : [Msg - update]| [OK_112] object_trace - '43' a été modifié.
2022-08-29 22:52:18|[INFO]|Session : [lekmqii25bppl2snlu3gh1044s]|User id : 1|Name : |Module : [use_object]|Function : [Msg - update]| [OK_112] object_trace - '43' a été modifié.
2022-08-29 22:52:21|[INFO]|Session : [jrvuqbqvb2bdttrqm4ammv11od]|User id : 1|Name : |Module : [use_object]|Function : [Msg - update]| [OK_112] object_trace_diagram - '42' a été modifié.
2022-08-29 22:52:21|[INFO]|Session : [9umsv7uu73oevsr4io85agtqvb]|User id : 1|Name : |Module : [use_object]|Function : [Msg - update]| [OK_112] object_trace - '43' a été modifié.
2022-08-29 22:52:22|[INFO]|Session : [jits2bqstitevj9klp0qpjbad7]|User id : 1|Name : |Module : [use_object]|Function : [Msg - update]| [OK_112] object_trace_diagram - '42' a été modifié.
2022-08-29 22:52:23|[INFO]|Session : [el12um5g96plnod3c12ckiek4f]|User id : 1|Name : |Module : [use_object]|Function : [Msg - update]| [OK_112] object_trace - '43' a été modifié.
2022-08-29 22:52:24|[INFO]|Session : [br30ns62vtb3gr6i9babdbb93s]|User id : 1|Name : |Module : [use_object]|Function : [Msg - update]| [OK_112] object_trace_diagram - '42' a été modifié.
2022-08-29 22:52:24|[INFO]|Session : [ad8egv2bbqrd62elumtfir9t90]|User id : 1|Name : |Module : [use_object]|Function : [Msg - update]| [OK_112] object_trace - '43' a été modifié.
2022-08-29 22:52:25|[INFO]|Session : [ervgp1mlou8sr3u6htq37e5kv7]|User id : 1|Name : |Module : [use_object]|Function : [Msg - update]| [OK_112] object_trace - '43' a été modifié.
2022-08-29 22:52:27|[INFO]|Session : [4mj7pf2mp6itg179788n94gtm2]|User id : 1|Name : |Module : [use_object]|Function : [Msg - update]| [OK_112] object_trace - '43' a été modifié.
2022-08-29 22:52:30|[INFO]|Session : [8kr6eak66tcvprh1phmhovv00u]|User id : 1|Name : |Module : [use_object]|Function : [Msg - update]| [OK_112] object_trace - '43' a été modifié.
2022-08-29 22:52:34|[INFO]|Session : [46l83cj2lgb8mkjn6qb6d8veel]|User id : 1|Name : |Module : [use_object]|Function : [Msg - update]| [OK_112] object_trace - '43' a été modifié.
2022-08-29 22:52:37|[INFO]|Session : [f4op36l2cn85buva7uqd9o5p3u]|User id : 1|Name : |Module : [use_object]|Function : [Msg - update]| [OK_112] object_trace - '43' a été modifié.
2022-08-29 22:52:39|[INFO]|Session : [69vg85p7ljdac8opsq3c02uucr]|User id : 1|Name : |Module : [use_object]|Function : [Msg - update]| [OK_112] object_trace - '43' a été modifié.
2022-08-29 22:52:41|[INFO]|Session : [6fhm9d4akhp03m7ht1nqr0ohso]|User id : 1|Name : |Module : [use_object]|Function : [Msg - update]| [OK_112] object_trace - '43' a été modifié.
2022-08-29 22:52:44|[INFO]|Session : [bffe6btj4e30c1oatejob5plm4]|User id : 1|Name : |Module : [use_object]|Function : [Msg - update]| [OK_112] object_trace - '43' a été modifié.
2022-08-29 22:52:48|[INFO]|Session : [u16nklnr54r1nt8f38abtkum95]|User id : 1|Name : |Module : [use_object]|Function : [Msg - update]| [OK_112] object_trace - '43' a été modifié.
2022-08-29 22:52:53|[INFO]|Session : [9hck03pdbcc9octdgeu57k6kfa]|User id : 1|Name : |Module : [use_object]|Function : [Msg - update]| [OK_112] object_trace_diagram - '42' a été modifié.
2022-08-29 22:52:54|[INFO]|Session : [jn9o5cs6i8d0vpfmkt984bs7ao]|User id : 1|Name : |Module : [use_object]|Function : [Msg - update]| [OK_112] object_trace - '43' a été modifié.
2022-08-29 22:52:55|[INFO]|Session : [9pop3gol3ou7kh5aicbds2avum]|User id : 1|Name : |Module : [use_object]|Function : [Msg - update]| [OK_112] object_trace - '43' a été modifié.
2022-08-29 22:52:57|[INFO]|Session : [l4jsidd87ajhntgk8of1hlhk8l]|User id : 1|Name : |Module : [use_object]|Function : [Msg - update]| [OK_112] object_trace - '43' a été modifié.
2022-08-29 22:53:01|[INFO]|Session : [56jn5c04i5sce61vbb0ij9n066]|User id : 1|Name : |Module : [use_object]|Function : [Msg - update]| [OK_112] object_trace - '43' a été modifié.
2022-08-29 22:53:02|[INFO]|Session : [r7ctunj9u7qrgpbf9a0q45qrk4]|User id : 1|Name : |Module : [use_object]|Function : [Msg - update]| [OK_112] object_trace - '43' a été modifié.
2022-08-29 22:53:07|[INFO]|Session : [j5jo3b3q2mr40bfb25gitefka0]|User id : 1|Name : |Module : [use_object]|Function : [Msg - update]| [OK_112] object_trace - '43' a été modifié.
2022-08-29 22:53:09|[INFO]|Session : [0fsd3davvjqet2rdi1muojg7l2]|User id : 1|Name : |Module : [use_object]|Function : [Msg - update]| [OK_112] object_trace - '43' a été modifié.
2022-08-29 22:53:13|[INFO]|Session : [pdj3ubrkj5nbkvsagq5ef3r8vi]|User id : 1|Name : |Module : [use_object]|Function : [Msg - update]| [OK_112] object_trace - '43' a été modifié.
2022-08-29 22:53:14|[INFO]|Session : [lnl5is6m9lc68cpukv8qjetr79]|User id : 1|Name : |Module : [use_object]|Function : [Msg - update]| [OK_112] object_trace - '43' a été modifié.
2022-08-29 22:53:19|[INFO]|Session : [rm8l76hq1onujrkdqj2r0nabtl]|User id : 1|Name : |Module : [use_object]|Function : [Msg - update]| [OK_112] object_trace_diagram - '42' a été modifié.
2022-08-29 22:53:20|[INFO]|Session : [esq78eb6c541iqi76rj9reo4bv]|User id : 1|Name : |Module : [use_object]|Function : [Msg - update]| [OK_112] object_trace - '43' a été modifié.
2022-08-29 22:53:21|[INFO]|Session : [46gk446k2tqf5h4ebod428m06m]|User id : 1|Name : |Module : [use_object]|Function : [Msg - update]| [OK_112] object_trace - '43' a été modifié.
2022-08-29 22:53:22|[INFO]|Session : [klgl467188tu596t08hbs607hs]|User id : 1|Name : |Module : [use_object]|Function : [Msg - update]| [OK_112] object_trace - '43' a été modifié.
2022-08-29 22:53:29|[INFO]|Session : [g67dp8ln0d4g8b3j7gb15qfn61]|User id : 1|Name : |Module : [use_object]|Function : [Msg - update]| [OK_112] object_trace_diagram - '42' a été modifié.
2022-08-29 22:53:29|[INFO]|Session : [ofqti9fidjma5e74867beqqfhl]|User id : 1|Name : |Module : [use_object]|Function : [Msg - update]| [OK_112] object_trace - '43' a été modifié.
2022-08-29 22:53:31|[INFO]|Session : [cmrbm91n24d8bkl63o1s14t707]|User id : 1|Name : |Module : [use_object]|Function : [Msg - update]| [OK_112] object_trace_diagram - '42' a été modifié.
2022-08-29 22:53:31|[INFO]|Session : [3279up88kurj9pjt6vtdlht4mb]|User id : 1|Name : |Module : [use_object]|Function : [Msg - update]| [OK_112] object_trace - '43' a été modifié.
2022-08-29 22:53:32|[INFO]|Session : [7nmd3697df0faci06qsel9ar2h]|User id : 1|Name : |Module : [use_object]|Function : [Msg - update]| [OK_112] object_trace - '43' a été modifié.
2022-08-29 22:53:38|[INFO]|Session : [trft40cth0cbkl73s5ma3es6h3]|User id : 1|Name : |Module : [use_object]|Function : [Msg - update]| [OK_112] object_trace - '43' a été modifié.
2022-08-29 22:53:41|[INFO]|Session : [qjm4cfff9eooc7g7r8mtmrdi0h]|User id : 1|Name : |Module : [use_object]|Function : [Msg - update]| [OK_112] object_trace_diagram - '42' a été modifié.
2022-08-29 22:53:41|[INFO]|Session : [2ur64bmbl4eo31fhps0qmna4ab]|User id : 1|Name : |Module : [use_object]|Function : [Msg - update]| [OK_112] object_trace - '43' a été modifié.
2022-08-29 22:55:11|[INFO]|Session : [1jffi7jvkf7ldju739m9ggt0du]|User id : 1|Name : |Module : [use_object]|Function : [Msg - update]| [OK_112] object_trace_diagram - '42' a été modifié.
2022-08-29 22:55:12|[INFO]|Session : [7ilgb52qp1n5dh39dgojb2ebpn]|User id : 1|Name : |Module : [use_object]|Function : [Msg - update]| [OK_112] object_trace - '43' a été modifié.
2022-08-29 22:56:28|[INFO]|Session : [nkt78cbiv2gr431e31rip6frv0]|User id : 1|Name : |Module : [use_object]|Function : [Msg - update]| [OK_112] object_trace_diagram - '42' a été modifié.
2022-08-29 22:56:28|[INFO]|Session : [k8r82uiq7gghv3v0560qs4u854]|User id : 1|Name : |Module : [use_object]|Function : [Msg - update]| [OK_112] object_trace - '43' a été modifié.
2022-08-29 22:56:53|[INFO]|Session : [i8m1j6rj77femtde682b4mu1m8]|User id : 1|Name : |Module : [use_object]|Function : [Msg - update]| [OK_112] object_trace_diagram - '42' a été modifié.
2022-08-29 22:56:54|[INFO]|Session : [aiuglutsnc7lmlccuh5ich26fj]|User id : 1|Name : |Module : [use_object]|Function : [Msg - update]| [OK_112] object_trace - '43' a été modifié.
2022-08-29 23:00:05|[INFO]|Session : [ebmahir6vmtqu6jl5sf93535ru]|User id : 1|Name : |Module : [use_object]|Function : [Msg - update]| [OK_112] object_trace_diagram - '42' a été modifié.
2022-08-29 23:00:06|[INFO]|Session : [tgcob43cn2ccuih7j3pkv3o5pg]|User id : 1|Name : |Module : [use_object]|Function : [Msg - update]| [OK_112] object_trace - '43' a été modifié.
2022-08-29 23:03:01|[INFO]|Session : [b9up16l4ggrd6792p18b0kn0nr]|User id : 1|Name : |Module : [use_object]|Function : [Msg - update]| [OK_112] object_trace_diagram - '42' a été modifié.
2022-08-29 23:03:03|[INFO]|Session : [de463f72c21gmk4snd1alr3la3]|User id : 1|Name : |Module : [use_object]|Function : [Msg - update]| [OK_112] object_trace - '43' a été modifié.
2022-08-29 23:05:20|[INFO]|Session : [mq8g1scdmm799uad9ku1gn1lai]|User id : 1|Name : |Module : [use_object]|Function : [Msg - update]| [OK_112] object_trace - '43' a été modifié.
2022-08-29 23:05:23|[INFO]|Session : [8usfo894vn6lpl4ndf6r5o4m42]|User id : 1|Name : |Module : [use_object]|Function : [Msg - update]| [OK_112] object_trace - '43' a été modifié.
2022-08-29 23:07:10|[INFO]|Session : [nebjra1q3hkm7pmte631a3p26i]|User id : 1|Name : |Module : [use_object]|Function : [Msg - update]| [OK_112] object_trace_diagram - '42' a été modifié.
2022-08-29 23:07:11|[INFO]|Session : [itc7kpjj8v0gaif6fj5ci9i2il]|User id : 1|Name : |Module : [use_object]|Function : [Msg - update]| [OK_112] object_trace - '43' a été modifié.
2022-08-29 23:10:57|[INFO]|Session : [tbh4h799jduir90kmbrnsdrail]|User id : 1|Name : |Module : [use_object]|Function : [Msg - update]| [OK_112] object_trace_diagram - '42' a été modifié.
2022-08-29 23:10:58|[INFO]|Session : [6hn9ar55h5t8q598o957uv7a1s]|User id : 1|Name : |Module : [use_object]|Function : [Msg - update]| [OK_112] object_trace - '43' a été modifié.
2022-08-29 23:14:13|[INFO]|Session : [7b0ogvr0li156so089245bb3q6]|User id : 1|Name : |Module : [use_object]|Function : [Msg - update]| [OK_112] object_trace - '43' a été modifié.
2022-08-29 23:14:17|[INFO]|Session : [a19e044uqm97pd8qgnn0mitrnf]|User id : 1|Name : |Module : [use_object]|Function : [Msg - update]| [OK_112] object_trace_diagram - '42' a été modifié.
2022-08-29 23:14:17|[INFO]|Session : [kpsekvev32qk8sac6qucf425dp]|User id : 1|Name : |Module : [use_object]|Function : [Msg - update]| [OK_112] object_trace - '43' a été modifié.
2022-08-29 23:14:18|[INFO]|Session : [qiic3rcs5m86vpppcmtp6pav2b]|User id : 1|Name : |Module : [use_object]|Function : [Msg - update]| [OK_112] object_trace_diagram - '42' a été modifié.
2022-08-29 23:14:19|[INFO]|Session : [dij35g6l0vb4or3m7k0pa1hlar]|User id : 1|Name : |Module : [use_object]|Function : [Msg - update]| [OK_112] object_trace - '43' a été modifié.
2022-08-29 23:14:20|[INFO]|Session : [ugk3vn2tupp7716v1u4ckqm5hn]|User id : 1|Name : |Module : [use_object]|Function : [Msg - update]| [OK_112] object_trace - '43' a été modifié.
2022-08-29 23:14:22|[INFO]|Session : [euhm39v2mr92bi7ahcskpmfcm2]|User id : 1|Name : |Module : [use_object]|Function : [Msg - update]| [OK_112] object_trace - '43' a été modifié.
2022-08-29 23:14:25|[INFO]|Session : [g8dcujrjcs7i5vfgn3jpuu7i5l]|User id : 1|Name : |Module : [use_object]|Function : [Msg - update]| [OK_112] object_trace_diagram - '42' a été modifié.
2022-08-29 23:14:26|[INFO]|Session : [573j09q3t3b709671ci7v2scl3]|User id : 1|Name : |Module : [use_object]|Function : [Msg - update]| [OK_112] object_trace - '43' a été modifié.
2022-08-29 23:14:27|[INFO]|Session : [job997qtjht3bdq6217goat3fh]|User id : 1|Name : |Module : [use_object]|Function : [Msg - update]| [OK_112] object_trace - '43' a été modifié.
2022-08-29 23:14:30|[INFO]|Session : [mc4ns3f3jna098l1v3eain09ma]|User id : 1|Name : |Module : [use_object]|Function : [Msg - update]| [OK_112] object_trace - '43' a été modifié.
2022-08-29 23:14:34|[INFO]|Session : [6dggik7gfr4ab39jpjgoubhvmf]|User id : 1|Name : |Module : [use_object]|Function : [Msg - update]| [OK_112] object_trace_diagram - '42' a été modifié.
2022-08-29 23:14:34|[INFO]|Session : [3ce4bksb42ipuqc8cle15mvihe]|User id : 1|Name : |Module : [use_object]|Function : [Msg - update]| [OK_112] object_trace - '43' a été modifié.
2022-08-29 23:14:36|[INFO]|Session : [ojtqhad8ac9inbrrsfuonlhpns]|User id : 1|Name : |Module : [use_object]|Function : [Msg - update]| [OK_112] object_trace - '43' a été modifié.
2022-08-29 23:14:39|[INFO]|Session : [rfk2drm25lonv496bf9p7ifdvc]|User id : 1|Name : |Module : [use_object]|Function : [Msg - update]| [OK_112] object_trace - '43' a été modifié.
2022-08-29 23:14:41|[INFO]|Session : [t1il8qkmk7jmrf1dsiftesmstn]|User id : 1|Name : |Module : [use_object]|Function : [Msg - update]| [OK_112] object_trace_diagram - '42' a été modifié.
2022-08-29 23:14:41|[INFO]|Session : [fbeo6h4sabggbo6chvvo0ac556]|User id : 1|Name : |Module : [use_object]|Function : [Msg - update]| [OK_112] object_trace - '43' a été modifié.
2022-08-29 23:14:43|[INFO]|Session : [0gh2blq4fi9k83cgkvatmitf0o]|User id : 1|Name : |Module : [use_object]|Function : [Msg - update]| [OK_112] object_trace_diagram - '42' a été modifié.
2022-08-29 23:14:43|[INFO]|Session : [5ng2gsaaguv7qsnd9lnn87fpo8]|User id : 1|Name : |Module : [use_object]|Function : [Msg - update]| [OK_112] object_trace - '43' a été modifié.
2022-08-29 23:14:45|[INFO]|Session : [pmdsbqvq0noebsvdksvaddpe9c]|User id : 1|Name : |Module : [use_object]|Function : [Msg - update]| [OK_112] object_trace_diagram - '42' a été modifié.
2022-08-29 23:14:45|[INFO]|Session : [e08jjsdumnunknfi0tghrnap7h]|User id : 1|Name : |Module : [use_object]|Function : [Msg - update]| [OK_112] object_trace - '43' a été modifié.
2022-08-29 23:14:49|[INFO]|Session : [2hmogbnhmbi401g9k6ej7vcvt8]|User id : 1|Name : |Module : [use_object]|Function : [Msg - update]| [OK_112] object_trace_diagram - '42' a été modifié.
2022-08-29 23:14:50|[INFO]|Session : [66brgsnnaoqoo13bjq7v4ant46]|User id : 1|Name : |Module : [use_object]|Function : [Msg - update]| [OK_112] object_trace - '43' a été modifié.
2022-08-29 23:15:02|[INFO]|Session : [fh2qacvj6jo8mth0b80s3l3oif]|User id : 1|Name : |Module : [use_object]|Function : [Msg - update]| [OK_112] object_trace - '43' a été modifié.
2022-08-29 23:15:04|[INFO]|Session : [l990dp3ma2kifuleuetdbnb2m5]|User id : 1|Name : |Module : [use_object]|Function : [Msg - update]| [OK_112] object_trace_diagram - '42' a été modifié.
2022-08-29 23:15:05|[INFO]|Session : [attoqh99k0rhvhcbaec25ae9h0]|User id : 1|Name : |Module : [use_object]|Function : [Msg - update]| [OK_112] object_trace - '43' a été modifié.
2022-08-29 23:15:06|[INFO]|Session : [bs95ed3kkbcut6531di5m2aepc]|User id : 1|Name : |Module : [use_object]|Function : [Msg - update]| [OK_112] object_trace - '43' a été modifié.
2022-08-29 23:15:09|[INFO]|Session : [ope6akep6lkud8ottckof313jn]|User id : 1|Name : |Module : [use_object]|Function : [Msg - update]| [OK_112] object_trace - '43' a été modifié.
2022-08-29 23:15:22|[INFO]|Session : [vcehgsp9j7rfq71uabdr0pdrpg]|User id : 1|Name : |Module : [use_object]|Function : [Msg - update]| [OK_112] object_trace - '43' a été modifié.
2022-08-29 23:15:28|[INFO]|Session : [cl0kh2cf5n676jm230s1iqpdpd]|User id : 1|Name : |Module : [use_object]|Function : [Msg - update]| [OK_112] object_trace_diagram - '42' a été modifié.
2022-08-29 23:15:29|[INFO]|Session : [s0944sno3dp8dcjmq1e6u7l091]|User id : 1|Name : |Module : [use_object]|Function : [Msg - update]| [OK_112] object_trace - '43' a été modifié.
2022-08-29 23:15:30|[INFO]|Session : [ek9955qmffqmce46n1mapj5pfs]|User id : 1|Name : |Module : [use_object]|Function : [Msg - update]| [OK_112] object_trace_diagram - '42' a été modifié.
2022-08-29 23:15:31|[INFO]|Session : [bf6cf5o05tti42bg005qrhd2r5]|User id : 1|Name : |Module : [use_object]|Function : [Msg - update]| [OK_112] object_trace - '43' a été modifié.
2022-08-29 23:15:32|[INFO]|Session : [bh044r6dejboo5r5v7tvddviag]|User id : 1|Name : |Module : [use_object]|Function : [Msg - update]| [OK_112] object_trace - '43' a été modifié.
2022-08-29 23:15:33|[INFO]|Session : [hf1g677jstor89gmt0ao3f4qlt]|User id : 1|Name : |Module : [use_object]|Function : [Msg - update]| [OK_112] object_trace - '43' a été modifié.
2022-08-29 23:15:38|[INFO]|Session : [gk4uq7i00iph4098on0fnej59b]|User id : 1|Name : |Module : [use_object]|Function : [Msg - update]| [OK_112] object_trace - '43' a été modifié.
2022-08-29 23:16:05|[INFO]|Session : [4purprt7i35nl03v6d41o2di7v]|User id : 1|Name : |Module : [use_object]|Function : [Msg - update]| [OK_112] object_trace - '43' a été modifié.
2022-08-29 23:16:10|[INFO]|Session : [fm5igmqn2htore8ghastbcjgm5]|User id : 1|Name : |Module : [use_object]|Function : [Msg - update]| [OK_112] object_trace_diagram - '42' a été modifié.
2022-08-29 23:16:10|[INFO]|Session : [3bpg9s27rgvce2l5abje97vqv2]|User id : 1|Name : |Module : [use_object]|Function : [Msg - update]| [OK_112] object_trace - '43' a été modifié.
2022-08-29 23:16:12|[INFO]|Session : [2on3eop1c8br2r4vh7uujbdu5r]|User id : 1|Name : |Module : [use_object]|Function : [Msg - update]| [OK_112] object_trace_diagram - '42' a été modifié.
2022-08-29 23:16:12|[INFO]|Session : [2cctfd0d61ahvm3om7cb335v1k]|User id : 1|Name : |Module : [use_object]|Function : [Msg - update]| [OK_112] object_trace - '43' a été modifié.
2022-08-29 23:16:13|[INFO]|Session : [ea0bu1t5uoaob916qs7i9htj86]|User id : 1|Name : |Module : [use_object]|Function : [Msg - update]| [OK_112] object_trace - '43' a été modifié.
2022-08-29 23:16:17|[INFO]|Session : [909b516qh84bb8lu3ojqkvoiun]|User id : 1|Name : |Module : [use_object]|Function : [Msg - update]| [OK_112] object_trace - '43' a été modifié.
2022-08-29 23:16:25|[INFO]|Session : [u18sssujrufh65j8a84kocsq7q]|User id : 1|Name : |Module : [use_object]|Function : [Msg - update]| [OK_112] object_trace_diagram - '42' a été modifié.
2022-08-29 23:16:25|[INFO]|Session : [8j2hoiuvr709cepn89tp591s1c]|User id : 1|Name : |Module : [use_object]|Function : [Msg - update]| [OK_112] object_trace - '43' a été modifié.
2022-08-29 23:16:29|[INFO]|Session : [13c9vn2csfl7pkil7rcv9m15h4]|User id : 1|Name : |Module : [use_object]|Function : [Msg - update]| [OK_112] object_trace_diagram - '42' a été modifié.
2022-08-29 23:16:29|[INFO]|Session : [qdussvkn3ojbk7npo26v6js4ft]|User id : 1|Name : |Module : [use_object]|Function : [Msg - update]| [OK_112] object_trace - '43' a été modifié.
2022-08-29 23:16:30|[INFO]|Session : [u0poo11np2q15lnueif4g17d2l]|User id : 1|Name : |Module : [use_object]|Function : [Msg - update]| [OK_112] object_trace_diagram - '42' a été modifié.
2022-08-29 23:16:31|[INFO]|Session : [bfitnshkfc2qrbo53s31inovle]|User id : 1|Name : |Module : [use_object]|Function : [Msg - update]| [OK_112] object_trace - '43' a été modifié.
2022-08-29 23:39:51|[INFO]|Session : [c13o8euvhhdbobvfelc0tvii5j]|User id : 2|Name : SUPER  ADMINISTRATEUR |Module : [use_object]|Function : [Msg - update]| [OK_112] object_trace - '7' a été modifié.
2022-08-29 23:39:54|[INFO]|Session : [c13o8euvhhdbobvfelc0tvii5j]|User id : 2|Name : SUPER  ADMINISTRATEUR |Module : [use_object]|Function : [Msg - update]| [OK_112] object_trace - '7' a été modifié.
2022-08-29 23:39:55|[INFO]|Session : [c13o8euvhhdbobvfelc0tvii5j]|User id : 2|Name : SUPER  ADMINISTRATEUR |Module : [use_object]|Function : [Msg - update]| [OK_112] object_trace - '7' a été modifié.
2022-08-29 23:39:59|[INFO]|Session : [c13o8euvhhdbobvfelc0tvii5j]|User id : 2|Name : SUPER  ADMINISTRATEUR |Module : [use_object]|Function : [Msg - update]| [OK_112] object_trace - '7' a été modifié.
