2022-09-01 00:18:39|[INFO]|Session : [r1rvtgu0gjr341f0g1ilrir7cu]|User id : 2|Name : SUPER  ADMINISTRATEUR |Module : [use_object]|Function : [Msg - update]| [OK_112] object_trace - '7' a été modifié.
2022-09-01 00:19:19|[INFO]|Session : [r1rvtgu0gjr341f0g1ilrir7cu]|User id : 2|Name : SUPER  ADMINISTRATEUR |Module : [use_object]|Function : [Msg - update]| [OK_112] object_trace - '7' a été modifié.
2022-09-01 00:19:22|[INFO]|Session : [r1rvtgu0gjr341f0g1ilrir7cu]|User id : 2|Name : SUPER  ADMINISTRATEUR |Module : [use_object]|Function : [Msg - update]| [OK_112] object_trace - '7' a été modifié.
2022-09-01 00:19:25|[INFO]|Session : [r1rvtgu0gjr341f0g1ilrir7cu]|User id : 2|Name : SUPER  ADMINISTRATEUR |Module : [use_object]|Function : [Msg - update]| [OK_112] object_trace - '7' a été modifié.
2022-09-01 00:20:11|[INFO]|Session : [r1rvtgu0gjr341f0g1ilrir7cu]|User id : 2|Name : SUPER  ADMINISTRATEUR |Module : [use_object]|Function : [Msg - update]| [OK_112] object_trace - '7' a été modifié.
2022-09-01 00:20:49|[INFO]|Session : [r1rvtgu0gjr341f0g1ilrir7cu]|User id : 2|Name : SUPER  ADMINISTRATEUR |Module : [use_object]|Function : [Msg - update]| [OK_112] object_trace - '7' a été modifié.
2022-09-01 00:20:54|[INFO]|Session : [r1rvtgu0gjr341f0g1ilrir7cu]|User id : 2|Name : SUPER  ADMINISTRATEUR |Module : [use_object]|Function : [Msg - update]| [OK_112] object_trace - '7' a été modifié.
2022-09-01 00:20:58|[INFO]|Session : [r1rvtgu0gjr341f0g1ilrir7cu]|User id : 2|Name : SUPER  ADMINISTRATEUR |Module : [use_object]|Function : [Msg - update]| [OK_112] object_trace - '7' a été modifié.
2022-09-01 00:22:19|[INFO]|Session : [r1rvtgu0gjr341f0g1ilrir7cu]|User id : 2|Name : SUPER  ADMINISTRATEUR |Module : [use_object]|Function : [Msg - update]| [OK_112] object_trace - '7' a été modifié.
2022-09-01 00:22:26|[INFO]|Session : [r1rvtgu0gjr341f0g1ilrir7cu]|User id : 2|Name : SUPER  ADMINISTRATEUR |Module : [use_object]|Function : [Msg - update]| [OK_112] object_trace - '7' a été modifié.
2022-09-01 00:22:28|[INFO]|Session : [r1rvtgu0gjr341f0g1ilrir7cu]|User id : 2|Name : SUPER  ADMINISTRATEUR |Module : [use_object]|Function : [Msg - update]| [OK_112] object_trace - '7' a été modifié.
2022-09-01 00:22:31|[INFO]|Session : [r1rvtgu0gjr341f0g1ilrir7cu]|User id : 2|Name : SUPER  ADMINISTRATEUR |Module : [use_object]|Function : [Msg - update]| [OK_112] object_trace - '7' a été modifié.
2022-09-01 00:22:34|[INFO]|Session : [r1rvtgu0gjr341f0g1ilrir7cu]|User id : 2|Name : SUPER  ADMINISTRATEUR |Module : [use_object]|Function : [Msg - update]| [OK_112] object_trace - '7' a été modifié.
2022-09-01 00:22:36|[INFO]|Session : [r1rvtgu0gjr341f0g1ilrir7cu]|User id : 2|Name : SUPER  ADMINISTRATEUR |Module : [use_object]|Function : [Msg - update]| [OK_112] object_trace - '7' a été modifié.
2022-09-01 00:22:38|[INFO]|Session : [r1rvtgu0gjr341f0g1ilrir7cu]|User id : 2|Name : SUPER  ADMINISTRATEUR |Module : [use_object]|Function : [Msg - update]| [OK_112] object_trace - '7' a été modifié.
2022-09-01 00:34:49|[INFO]|Session : [r1rvtgu0gjr341f0g1ilrir7cu]|User id : 2|Name : SUPER  ADMINISTRATEUR |Module : [use_object]|Function : [Msg - update]| [OK_112] object_trace - '7' a été modifié.
2022-09-01 00:36:43|[INFO]|Session : [r1rvtgu0gjr341f0g1ilrir7cu]|User id : 2|Name : SUPER  ADMINISTRATEUR |Module : [use_object]|Function : [Msg - update]| [OK_112] object_trace - '7' a été modifié.
2022-09-01 00:38:47|[INFO]|Session : [412b9o4hg1qj1t9uh40k8aoc3b]|User id : 1|Name : |Module : [use_object]|Function : [Msg - update]| [OK_112] object_trace_diagram - '10' a été modifié.
2022-09-01 00:38:49|[INFO]|Session : [hk87d21t0ipmvut8ajbfk6qn7s]|User id : 1|Name : |Module : [use_object]|Function : [Msg - update]| [OK_112] object_trace - '7' a été modifié.
2022-09-01 00:43:19|[INFO]|Session : [r1rvtgu0gjr341f0g1ilrir7cu]|User id : 2|Name : SUPER  ADMINISTRATEUR |Module : [use_object]|Function : [Msg - update]| [OK_112] object_trace - '7' a été modifié.
2022-09-01 00:46:58|[INFO]|Session : [r1rvtgu0gjr341f0g1ilrir7cu]|User id : 2|Name : SUPER  ADMINISTRATEUR |Module : [use_object]|Function : [Msg - update]| [OK_112] object_trace - '7' a été modifié.
2022-09-01 00:51:01|[INFO]|Session : [r1rvtgu0gjr341f0g1ilrir7cu]|User id : 2|Name : SUPER  ADMINISTRATEUR |Module : [use_object]|Function : [Msg - update]| [OK_112] object_trace - '7' a été modifié.
2022-09-01 00:51:13|[INFO]|Session : [r1rvtgu0gjr341f0g1ilrir7cu]|User id : 2|Name : SUPER  ADMINISTRATEUR |Module : [use_object]|Function : [Msg - update]| [OK_112] object_trace - '7' a été modifié.
2022-09-01 00:51:35|[INFO]|Session : [r1rvtgu0gjr341f0g1ilrir7cu]|User id : 2|Name : SUPER  ADMINISTRATEUR |Module : [use_object]|Function : [Msg - update]| [OK_112] object_trace - '7' a été modifié.
2022-09-01 03:40:52|[INFO]|Session : [c76sd2vqb1fnni68r9f9lagq1u]|User id : 1|Name : |Module : [use_object]|Function : [Msg - update]| [OK_112] object_trace - '49' a été modifié.
2022-09-01 03:40:54|[INFO]|Session : [c76sd2vqb1fnni68r9f9lagq1u]|User id : 1|Name : |Module : [use_object]|Function : [Msg - update]| [OK_112] object_trace - '49' a été modifié.
2022-09-01 03:44:13|[INFO]|Session : [c76sd2vqb1fnni68r9f9lagq1u]|User id : 1|Name : |Module : [use_object]|Function : [Msg - update]| [OK_112] object_trace - '49' a été modifié.
2022-09-01 03:54:47|[INFO]|Session : [c76sd2vqb1fnni68r9f9lagq1u]|User id : 1|Name : |Module : [use_object]|Function : [Msg - update]| [OK_112] object_trace - '49' a été modifié.
2022-09-01 03:55:07|[INFO]|Session : [c76sd2vqb1fnni68r9f9lagq1u]|User id : 1|Name : |Module : [use_object]|Function : [Msg - update]| [OK_112] object_trace - '49' a été modifié.
2022-09-01 03:55:10|[INFO]|Session : [c76sd2vqb1fnni68r9f9lagq1u]|User id : 1|Name : |Module : [use_object]|Function : [Msg - update]| [OK_112] object_trace - '49' a été modifié.
2022-09-01 03:55:16|[INFO]|Session : [c76sd2vqb1fnni68r9f9lagq1u]|User id : 1|Name : |Module : [use_object]|Function : [Msg - update]| [OK_112] object_trace - '49' a été modifié.
2022-09-01 03:55:19|[INFO]|Session : [c76sd2vqb1fnni68r9f9lagq1u]|User id : 1|Name : |Module : [use_object]|Function : [Msg - update]| [OK_112] object_trace - '49' a été modifié.
2022-09-01 03:55:20|[INFO]|Session : [c76sd2vqb1fnni68r9f9lagq1u]|User id : 1|Name : |Module : [use_object]|Function : [Msg - update]| [OK_112] object_trace - '49' a été modifié.
2022-09-01 03:55:22|[INFO]|Session : [c76sd2vqb1fnni68r9f9lagq1u]|User id : 1|Name : |Module : [use_object]|Function : [Msg - update]| [OK_112] object_trace - '49' a été modifié.
2022-09-01 03:55:56|[INFO]|Session : [c76sd2vqb1fnni68r9f9lagq1u]|User id : 2|Name : SUPER  ADMINISTRATEUR |Module : [use_object]|Function : [Msg - update]| [OK_112] object_trace - '7' a été modifié.
2022-09-01 03:57:15|[INFO]|Session : [c76sd2vqb1fnni68r9f9lagq1u]|User id : 2|Name : SUPER  ADMINISTRATEUR |Module : [use_object]|Function : [Msg - update]| [OK_112] object_trace - '49' a été modifié.
2022-09-01 03:57:42|[INFO]|Session : [c76sd2vqb1fnni68r9f9lagq1u]|User id : 2|Name : SUPER  ADMINISTRATEUR |Module : [use_object]|Function : [Msg - update]| [OK_112] object_trace - '50' a été modifié.
2022-09-01 03:57:50|[INFO]|Session : [c76sd2vqb1fnni68r9f9lagq1u]|User id : 2|Name : SUPER  ADMINISTRATEUR |Module : [use_object]|Function : [Msg - update]| [OK_112] object_trace - '50' a été modifié.
2022-09-01 03:57:51|[INFO]|Session : [c76sd2vqb1fnni68r9f9lagq1u]|User id : 2|Name : SUPER  ADMINISTRATEUR |Module : [use_object]|Function : [Msg - update]| [OK_112] object_trace - '50' a été modifié.
2022-09-01 15:34:59|[INFO]|Session : [gr4pgrfedl335dg4113vhqa9p1]|User id : 2|Name : SUPER  ADMINISTRATEUR |Module : [use_object]|Function : [Msg - insert]| [OK_111] object_slide - '' a été créé.
2022-09-01 15:35:46|[INFO]|Session : [gr4pgrfedl335dg4113vhqa9p1]|User id : 2|Name : SUPER  ADMINISTRATEUR |Module : [use_object]|Function : [Msg - insert]| [OK_111] object_slide - '' a été créé.
2022-09-01 15:36:01|[INFO]|Session : [gr4pgrfedl335dg4113vhqa9p1]|User id : 2|Name : SUPER  ADMINISTRATEUR |Module : [use_object]|Function : [Msg - insert]| [OK_111] object_slide_link - '' a été créé.
2022-09-01 15:36:01|[INFO]|Session : [gr4pgrfedl335dg4113vhqa9p1]|User id : 2|Name : SUPER  ADMINISTRATEUR |Module : [use_object]|Function : [Msg - insert]| [OK_111] object_slide_link - '' a été créé.
2022-09-01 15:36:01|[INFO]|Session : [gr4pgrfedl335dg4113vhqa9p1]|User id : 2|Name : SUPER  ADMINISTRATEUR |Module : [use_object]|Function : [Msg - delete]| [OK_110] object_slide_variable - '188' a été supprimé.
2022-09-01 15:36:01|[INFO]|Session : [gr4pgrfedl335dg4113vhqa9p1]|User id : 2|Name : SUPER  ADMINISTRATEUR |Module : [use_object]|Function : [Msg - delete]| [OK_110] object_slide_variable - '189' a été supprimé.
2022-09-01 15:36:01|[INFO]|Session : [gr4pgrfedl335dg4113vhqa9p1]|User id : 2|Name : SUPER  ADMINISTRATEUR |Module : [use_object]|Function : [Msg - insert]| [OK_111] object_slide_variable - '' a été créé.
2022-09-01 15:36:01|[INFO]|Session : [gr4pgrfedl335dg4113vhqa9p1]|User id : 2|Name : SUPER  ADMINISTRATEUR |Module : [use_object]|Function : [Msg - insert]| [OK_111] object_slide_variable - '' a été créé.
2022-09-01 15:36:01|[INFO]|Session : [gr4pgrfedl335dg4113vhqa9p1]|User id : 2|Name : SUPER  ADMINISTRATEUR |Module : [use_object]|Function : [Msg - update]| [OK_112] object_notice - '155' a été modifié.
2022-09-01 15:36:01|[INFO]|Session : [gr4pgrfedl335dg4113vhqa9p1]|User id : 2|Name : SUPER  ADMINISTRATEUR |Module : [use_object]|Function : [Msg - update]| [OK_112] object_content_variables - '156' a été modifié.
2022-09-01 15:36:02|[INFO]|Session : [gr4pgrfedl335dg4113vhqa9p1]|User id : 2|Name : SUPER  ADMINISTRATEUR |Module : [use_object]|Function : [Msg - update]| [OK_112] object_slide - '283' a été modifié.
2022-09-01 15:40:14|[INFO]|Session : [gr4pgrfedl335dg4113vhqa9p1]|User id : 2|Name : SUPER  ADMINISTRATEUR |Module : [use_object]|Function : [Msg - update]| [OK_112] object_trace - '7' a été modifié.
2022-09-01 17:35:44|[INFO]|Session : [05f84boe8sf72incqn5276114q]|User id : 2|Name : SUPER  ADMINISTRATEUR |Module : [use_object]|Function : [Msg - update]| [OK_112] object_trace - '7' a été modifié.
2022-09-01 17:36:56|[INFO]|Session : [05f84boe8sf72incqn5276114q]|User id : 2|Name : SUPER  ADMINISTRATEUR |Module : [use_object]|Function : [Msg - update]| [OK_112] object_trace - '7' a été modifié.
2022-09-01 17:40:08|[INFO]|Session : [05f84boe8sf72incqn5276114q]|User id : 2|Name : SUPER  ADMINISTRATEUR |Module : [use_object]|Function : [Msg - update]| [OK_112] object_trace - '7' a été modifié.
2022-09-01 17:41:17|[INFO]|Session : [05f84boe8sf72incqn5276114q]|User id : 2|Name : SUPER  ADMINISTRATEUR |Module : [use_object]|Function : [Msg - update]| [OK_112] object_trace - '7' a été modifié.
2022-09-01 17:41:36|[INFO]|Session : [05f84boe8sf72incqn5276114q]|User id : 2|Name : SUPER  ADMINISTRATEUR |Module : [use_object]|Function : [Msg - update]| [OK_112] object_trace - '7' a été modifié.
2022-09-01 17:42:11|[INFO]|Session : [05f84boe8sf72incqn5276114q]|User id : 2|Name : SUPER  ADMINISTRATEUR |Module : [use_object]|Function : [Msg - update]| [OK_112] object_trace - '7' a été modifié.
2022-09-01 23:07:37|[INFO]|Session : [o8t7t7kp8dht5hqm9bk41srn88]|User id : 2|Name : SUPER  ADMINISTRATEUR |Module : [use_object]|Function : [Msg - update]| [OK_112] object_trace - '7' a été modifié.
2022-09-01 23:15:48|[INFO]|Session : [o8t7t7kp8dht5hqm9bk41srn88]|User id : 2|Name : SUPER  ADMINISTRATEUR |Module : [use_object]|Function : [Msg - update]| [OK_112] object_trace - '7' a été modifié.
2022-09-01 23:18:36|[INFO]|Session : [o8t7t7kp8dht5hqm9bk41srn88]|User id : 2|Name : SUPER  ADMINISTRATEUR |Module : [use_object]|Function : [Msg - update]| [OK_112] object_trace - '7' a été modifié.
2022-09-01 23:20:00|[INFO]|Session : [o8t7t7kp8dht5hqm9bk41srn88]|User id : 2|Name : SUPER  ADMINISTRATEUR |Module : [use_object]|Function : [Msg - update]| [OK_112] object_trace - '7' a été modifié.
2022-09-01 23:20:12|[INFO]|Session : [o8t7t7kp8dht5hqm9bk41srn88]|User id : 2|Name : SUPER  ADMINISTRATEUR |Module : [use_object]|Function : [Msg - update]| [OK_112] object_trace - '7' a été modifié.
2022-09-01 23:22:43|[INFO]|Session : [o8t7t7kp8dht5hqm9bk41srn88]|User id : 2|Name : SUPER  ADMINISTRATEUR |Module : [use_object]|Function : [Msg - update]| [OK_112] object_trace - '7' a été modifié.
