2022-08-21 00:19:00|[DEBUG]|SMARTORM SQL : SELECT T2.id as application_id, T2.code as app, T2.status_id as status_id, T2.name as application, T2.label as label, T2.description as description, T2.keywords as keywords, T2.canonical as canonical, T2.url_root as url_root, T2.public as public, T2.image as image FROM adm_user_group T0 LEFT JOIN adm_group T1 ON (T1.id = T0.group_id) LEFT JOIN adm_application T2 ON (T2.id = T1.application_id) WHERE (T0.user_id like :T0_user_id) GROUP BY application_id, app, status_id, application, label, description, keywords, canonical, url_root, public, image
2022-08-21 00:19:00|[DEBUG]|SMARTORM PARAM : array (
  ':T0_user_id' => 1,
)
2022-08-21 00:19:00|[DEBUG]|SMARTORM SQL : SELECT T2.id as application_id, T2.code as app, T2.status_id as status_id, T2.name as application, T2.label as label, T2.description as description, T2.keywords as keywords, T2.canonical as canonical, T2.url_root as url_root, T2.public as public, T2.image as image FROM adm_user_group T0 LEFT JOIN adm_group T1 ON (T1.id = T0.group_id) LEFT JOIN adm_application T2 ON (T2.id = T1.application_id) WHERE (T0.user_id like :T0_user_id) GROUP BY application_id, app, status_id, application, label, description, keywords, canonical, url_root, public, image
2022-08-21 00:19:00|[DEBUG]|SMARTORM PARAM : array (
  ':T0_user_id' => 1,
)
2022-08-21 00:19:00|[DEBUG]|SMARTORM SQL : SELECT T0.id as application_id, T0.code as app, T0.status_id as status_id, T0.name as application, T0.label as label, T0.description as description, T0.keywords as keywords, T0.canonical as canonical, T0.url_root as url_root, T0.public as public, T0.image as image FROM adm_application T0 WHERE (T0.public like :T0_public) GROUP BY application_id, app, status_id, application, label, description, keywords, canonical, url_root, public, image
2022-08-21 00:19:00|[DEBUG]|SMARTORM PARAM : array (
  ':T0_public' => 1,
)
2022-08-21 00:19:00|[DEBUG]|SMARTORM SQL : SELECT T0.id as id, T0.code as code, T0.name as name, T0.label as label, T0.description as description, T0.keywords as keywords, T0.canonical as canonical, T0.url_root as url_root, T0.content_page as content_page, T0.public as public, T0.image as image FROM adm_application T0 WHERE (T0.url_root like :T0_url_root) GROUP BY id, code, name, label, description, keywords, canonical, url_root, content_page, public, image
2022-08-21 00:19:00|[DEBUG]|SMARTORM PARAM : array (
  ':T0_url_root' => '%localhost;%',
)
2022-08-21 00:19:00|[DEBUG]|SMARTORM SQL : SELECT T0.id as id, T0.code as code, T0.name as name, T0.label as label, T0.description as description, T0.keywords as keywords, T0.canonical as canonical, T0.url_root as url_root, T0.content_page as content_page, T0.forum_subject_page as forum_subject_page, T0.forum_topic_page as forum_topic_page, T0.public as public, T0.image as image, T0.parameters as parameters FROM adm_application T0 WHERE (T0.code like :T0_code) GROUP BY id, code, name, label, description, keywords, canonical, url_root, content_page, forum_subject_page, forum_topic_page, public, image, parameters
2022-08-21 00:19:00|[DEBUG]|SMARTORM PARAM : array (
  ':T0_code' => 'DMG',
)
2022-08-21 00:19:00|[DEBUG]|SMARTORM SQL : SELECT T2.id as application_id, T2.code as app, T2.status_id as status_id, T2.name as application, T2.label as label, T2.description as description, T2.keywords as keywords, T2.canonical as canonical, T2.url_root as url_root, T2.public as public, T2.image as image FROM adm_user_group T0 LEFT JOIN adm_group T1 ON (T1.id = T0.group_id) LEFT JOIN adm_application T2 ON (T2.id = T1.application_id) WHERE (T0.user_id like :T0_user_id) GROUP BY application_id, app, status_id, application, label, description, keywords, canonical, url_root, public, image
2022-08-21 00:19:00|[DEBUG]|SMARTORM PARAM : array (
  ':T0_user_id' => 1,
)
2022-08-21 00:19:00|[DEBUG]|SMARTORM SQL : SELECT T2.id as application_id, T2.code as app, T2.status_id as status_id, T2.name as application, T2.label as label, T2.description as description, T2.keywords as keywords, T2.canonical as canonical, T2.url_root as url_root, T2.public as public, T2.image as image FROM adm_user_group T0 LEFT JOIN adm_group T1 ON (T1.id = T0.group_id) LEFT JOIN adm_application T2 ON (T2.id = T1.application_id) WHERE (T0.user_id like :T0_user_id) GROUP BY application_id, app, status_id, application, label, description, keywords, canonical, url_root, public, image
2022-08-21 00:19:00|[DEBUG]|SMARTORM PARAM : array (
  ':T0_user_id' => 1,
)
2022-08-21 00:19:00|[DEBUG]|SMARTORM SQL : SELECT T0.id as application_id, T0.code as app, T0.status_id as status_id, T0.name as application, T0.label as label, T0.description as description, T0.keywords as keywords, T0.canonical as canonical, T0.url_root as url_root, T0.public as public, T0.image as image FROM adm_application T0 WHERE (T0.public like :T0_public) GROUP BY application_id, app, status_id, application, label, description, keywords, canonical, url_root, public, image
2022-08-21 00:19:00|[DEBUG]|SMARTORM PARAM : array (
  ':T0_public' => 1,
)
2022-08-21 00:19:00|[DEBUG]|SMARTORM SQL : SELECT T0.id as id, T0.code as code, T0.name as name, T0.label as label, T0.description as description, T0.keywords as keywords, T0.canonical as canonical, T0.url_root as url_root, T0.content_page as content_page, T0.forum_subject_page as forum_subject_page, T0.forum_topic_page as forum_topic_page, T0.public as public, T0.image as image, T0.parameters as parameters FROM adm_application T0 WHERE (T0.code like :T0_code) GROUP BY id, code, name, label, description, keywords, canonical, url_root, content_page, forum_subject_page, forum_topic_page, public, image, parameters
2022-08-21 00:19:00|[DEBUG]|SMARTORM PARAM : array (
  ':T0_code' => 'DMG',
)
2022-08-21 00:19:00|[DEBUG]|SMARTORM SQL : SELECT T3.group_id as group_id, T3.feature_id as feature_id, T3.module_id as module_id, T3.right_read as right_read, T3.right_create as right_create, T3.right_update as right_update, T3.right_delete as right_delete, T3.right_event as right_event, T4.code as module FROM adm_user_group T0 LEFT JOIN adm_group T1 ON (T1.id = T0.group_id) LEFT JOIN adm_application T2 ON (T2.id = T1.application_id) LEFT JOIN adm_group_right T3 ON (T3.group_id = T0.group_id) LEFT JOIN adm_module T4 ON (T4.id = T3.module_id) WHERE ((T0.user_id like :T0_user_id) and (T2.code like :T2_code)) and (T3.feature_id like :T3_feature_id) GROUP BY group_id, feature_id, module_id, right_read, right_create, right_update, right_delete, right_event, module
2022-08-21 00:19:00|[DEBUG]|SMARTORM PARAM : array (
  ':T0_user_id' => 1,
  ':T2_code' => 'DMG',
  ':T3_feature_id' => 0,
)
2022-08-21 00:19:00|[DEBUG]|SMARTORM SQL : SELECT T0.id as id, T0.name as name, T0.alias as alias FROM adm_menu_feature T0 WHERE (T0.content_id like :T0_content_id) GROUP BY id, name, alias
2022-08-21 00:19:00|[DEBUG]|SMARTORM PARAM : array (
  ':T0_content_id' => '9',
)
2022-08-21 00:19:00|[DEBUG]|SMARTORM SQL : SELECT T0.id as id, T0.title as title, T0.alias as alias, T0.path as path FROM cms_content T0 WHERE (T0.id like :T0_id) GROUP BY id, title, alias, path
2022-08-21 00:19:00|[DEBUG]|SMARTORM PARAM : array (
  ':T0_id' => '9',
)
2022-08-21 00:19:00|[DEBUG]|SMARTORM SQL : SELECT T0.id as id, T0.code as code, T0.name as name, T0.label as label, T0.description as description, T0.keywords as keywords, T0.canonical as canonical, T0.url_root as url_root, T0.content_page as content_page, T0.forum_subject_page as forum_subject_page, T0.forum_topic_page as forum_topic_page, T0.public as public, T0.image as image, T0.parameters as parameters FROM adm_application T0 WHERE (T0.code like :T0_code) GROUP BY id, code, name, label, description, keywords, canonical, url_root, content_page, forum_subject_page, forum_topic_page, public, image, parameters
2022-08-21 00:19:00|[DEBUG]|SMARTORM PARAM : array (
  ':T0_code' => 'DMG',
)
2022-08-21 00:19:00|[INFO]|Session : [e2n3m6qrv53p8rtagi515t5ehm]|User id : 1|Name : |
  ==> File : E:\xampp\htdocs\smartwork\includes\init.php|
  ==> Traitement : [init]|Function : [require_once]| Line : 560| call - App : DMG - Module :  - Page : api/domains-hierarchy - Script : | Detail : none|
2022-08-21 00:19:00|[DEBUG]|SMARTORM SQL : SELECT T0.id as id, T0.reference as reference FROM dmg_slide T0 WHERE (T0.domain_id like :T0_domain_id) and (T0.type_id like :T0_type_id) GROUP BY id, reference ORDER BY T0.sequence ASC
2022-08-21 00:19:00|[DEBUG]|SMARTORM PARAM : array (
  ':T0_domain_id' => '9',
  ':T0_type_id' => 1,
)
2022-08-21 00:19:00|[DEBUG]|SMARTORM SQL : SELECT T0.id as id, T0.reference as reference, T0.title as title, T0.label as label, T0.image as image, T0.image_display as image_display, T0.description as description, T0.notice_id as notice_id, T0.process_id as process_id, T0.variable_contentid as variable_contentid, T0.result_contentid as result_contentid FROM dmg_slide T0 WHERE (T0.id like :T0_id) GROUP BY id, reference, title, label, image, image_display, description, notice_id, process_id, variable_contentid, result_contentid
2022-08-21 00:19:00|[DEBUG]|SMARTORM PARAM : array (
  ':T0_id' => '284',
)
2022-08-21 00:19:00|[DEBUG]|SMARTORM SQL : SELECT T0.id as id, T0.title as title, T0.image as image, T0.description as description FROM dmg_content T0 WHERE (T0.id like :T0_id) GROUP BY id, title, image, description
2022-08-21 00:19:00|[DEBUG]|SMARTORM PARAM : array (
  ':T0_id' => '159',
)
2022-08-21 00:19:00|[DEBUG]|SMARTORM SQL : SELECT T0.id as id, T0.title as title, T0.image as image, T0.description as description, T0.comp_description as comp_description FROM dmg_content T0 WHERE (T0.id like :T0_id) GROUP BY id, title, image, description, comp_description
2022-08-21 00:19:00|[DEBUG]|SMARTORM PARAM : array (
  ':T0_id' => '160',
)
2022-08-21 00:19:00|[DEBUG]|SMARTORM SQL : SELECT T0.id as id, T0.title as title, T0.image as image, T0.description as description, T0.comp_description as comp_description FROM dmg_content T0 WHERE (T0.id like :T0_id) GROUP BY id, title, image, description, comp_description
2022-08-21 00:19:00|[DEBUG]|SMARTORM PARAM : array (
  ':T0_id' => '0',
)
2022-08-21 00:19:00|[DEBUG]|SMARTORM SQL : SELECT T0.id as id, T0.label as label, T0.description as description FROM dmg_diagram T0 WHERE (T0.id like :T0_id) GROUP BY id, label, description
2022-08-21 00:19:00|[DEBUG]|SMARTORM PARAM : array (
  ':T0_id' => '0',
)
2022-08-21 00:19:00|[DEBUG]|SMARTORM SQL : SELECT T0.id as id, T0.field_id as field_id, T1.name as name FROM dmg_slide_variable T0 LEFT JOIN dmg_field T1 ON (T1.id = T0.field_id) WHERE (T0.type like :T0_type) and (T0.slide_id like :T0_slide_id) GROUP BY id, field_id, name
2022-08-21 00:19:00|[DEBUG]|SMARTORM PARAM : array (
  ':T0_type' => 0,
  ':T0_slide_id' => '284',
)
2022-08-21 00:19:00|[DEBUG]|SMARTORM SQL : SELECT T0.id as id, T0.field_id as field_id, T1.name as name FROM dmg_slide_result T0 LEFT JOIN dmg_field T1 ON (T1.id = T0.field_id) WHERE (T0.type like :T0_type) and (T0.slide_id like :T0_slide_id) GROUP BY id, field_id, name
2022-08-21 00:19:00|[DEBUG]|SMARTORM PARAM : array (
  ':T0_type' => 0,
  ':T0_slide_id' => '284',
)
2022-08-21 00:19:00|[DEBUG]|SMARTORM SQL : SELECT T0.id as id, T0.field_id as field_id, T1.name as name FROM dmg_slide_variable T0 LEFT JOIN dmg_field T1 ON (T1.id = T0.field_id) WHERE (T0.type like :T0_type) and (T0.slide_id like :T0_slide_id) GROUP BY id, field_id, name
2022-08-21 00:19:00|[DEBUG]|SMARTORM PARAM : array (
  ':T0_type' => 1,
  ':T0_slide_id' => '284',
)
2022-08-21 00:19:00|[DEBUG]|SMARTORM SQL : SELECT T0.id as id, T0.field_id as field_id, T1.name as name FROM dmg_slide_result T0 LEFT JOIN dmg_field T1 ON (T1.id = T0.field_id) WHERE (T0.type like :T0_type) and (T0.slide_id like :T0_slide_id) GROUP BY id, field_id, name
2022-08-21 00:19:00|[DEBUG]|SMARTORM PARAM : array (
  ':T0_type' => 1,
  ':T0_slide_id' => '284',
)
2022-08-21 00:19:00|[DEBUG]|SMARTORM SQL : SELECT T0.id as id, T0.reference as reference, T0.title as title, T0.label as label, T0.image as image, T0.image_display as image_display, T0.description as description, T0.notice_id as notice_id, T0.process_id as process_id, T0.variable_contentid as variable_contentid, T0.result_contentid as result_contentid FROM dmg_slide T0 WHERE (T0.id like :T0_id) GROUP BY id, reference, title, label, image, image_display, description, notice_id, process_id, variable_contentid, result_contentid
2022-08-21 00:19:00|[DEBUG]|SMARTORM PARAM : array (
  ':T0_id' => '231',
)
2022-08-21 00:19:00|[DEBUG]|SMARTORM SQL : SELECT T0.id as id, T0.title as title, T0.image as image, T0.description as description FROM dmg_content T0 WHERE (T0.id like :T0_id) GROUP BY id, title, image, description
2022-08-21 00:19:00|[DEBUG]|SMARTORM PARAM : array (
  ':T0_id' => '130',
)
2022-08-21 00:19:00|[DEBUG]|SMARTORM SQL : SELECT T0.id as id, T0.title as title, T0.image as image, T0.description as description, T0.comp_description as comp_description FROM dmg_content T0 WHERE (T0.id like :T0_id) GROUP BY id, title, image, description, comp_description
2022-08-21 00:19:00|[DEBUG]|SMARTORM PARAM : array (
  ':T0_id' => '165',
)
2022-08-21 00:19:00|[DEBUG]|SMARTORM SQL : SELECT T0.id as id, T0.title as title, T0.image as image, T0.description as description, T0.comp_description as comp_description FROM dmg_content T0 WHERE (T0.id like :T0_id) GROUP BY id, title, image, description, comp_description
2022-08-21 00:19:00|[DEBUG]|SMARTORM PARAM : array (
  ':T0_id' => '174',
)
2022-08-21 00:19:00|[DEBUG]|SMARTORM SQL : SELECT T0.id as id, T0.label as label, T0.description as description FROM dmg_diagram T0 WHERE (T0.id like :T0_id) GROUP BY id, label, description
2022-08-21 00:19:00|[DEBUG]|SMARTORM PARAM : array (
  ':T0_id' => '0',
)
2022-08-21 00:19:00|[DEBUG]|SMARTORM SQL : SELECT T0.id as id, T0.field_id as field_id, T1.name as name FROM dmg_slide_variable T0 LEFT JOIN dmg_field T1 ON (T1.id = T0.field_id) WHERE (T0.type like :T0_type) and (T0.slide_id like :T0_slide_id) GROUP BY id, field_id, name
2022-08-21 00:19:00|[DEBUG]|SMARTORM PARAM : array (
  ':T0_type' => 0,
  ':T0_slide_id' => '231',
)
2022-08-21 00:19:00|[DEBUG]|SMARTORM SQL : SELECT T0.id as id, T0.field_id as field_id, T1.name as name FROM dmg_slide_result T0 LEFT JOIN dmg_field T1 ON (T1.id = T0.field_id) WHERE (T0.type like :T0_type) and (T0.slide_id like :T0_slide_id) GROUP BY id, field_id, name
2022-08-21 00:19:00|[DEBUG]|SMARTORM PARAM : array (
  ':T0_type' => 0,
  ':T0_slide_id' => '231',
)
2022-08-21 00:19:00|[DEBUG]|SMARTORM SQL : SELECT T0.id as id, T0.field_id as field_id, T1.name as name FROM dmg_slide_variable T0 LEFT JOIN dmg_field T1 ON (T1.id = T0.field_id) WHERE (T0.type like :T0_type) and (T0.slide_id like :T0_slide_id) GROUP BY id, field_id, name
2022-08-21 00:19:00|[DEBUG]|SMARTORM PARAM : array (
  ':T0_type' => 1,
  ':T0_slide_id' => '231',
)
2022-08-21 00:19:00|[DEBUG]|SMARTORM SQL : SELECT T0.id as id, T0.field_id as field_id, T1.name as name FROM dmg_slide_result T0 LEFT JOIN dmg_field T1 ON (T1.id = T0.field_id) WHERE (T0.type like :T0_type) and (T0.slide_id like :T0_slide_id) GROUP BY id, field_id, name
2022-08-21 00:19:00|[DEBUG]|SMARTORM PARAM : array (
  ':T0_type' => 1,
  ':T0_slide_id' => '231',
)
2022-08-21 00:19:00|[DEBUG]|SMARTORM SQL : SELECT T0.id as id, T0.reference as reference, T0.title as title, T0.label as label, T0.image as image, T0.image_display as image_display, T0.description as description, T0.notice_id as notice_id, T0.process_id as process_id, T0.variable_contentid as variable_contentid, T0.result_contentid as result_contentid FROM dmg_slide T0 WHERE (T0.id like :T0_id) GROUP BY id, reference, title, label, image, image_display, description, notice_id, process_id, variable_contentid, result_contentid
2022-08-21 00:19:00|[DEBUG]|SMARTORM PARAM : array (
  ':T0_id' => '285',
)
2022-08-21 00:19:00|[DEBUG]|SMARTORM SQL : SELECT T0.id as id, T0.title as title, T0.image as image, T0.description as description FROM dmg_content T0 WHERE (T0.id like :T0_id) GROUP BY id, title, image, description
2022-08-21 00:19:00|[DEBUG]|SMARTORM PARAM : array (
  ':T0_id' => '136',
)
2022-08-21 00:19:00|[DEBUG]|SMARTORM SQL : SELECT T0.id as id, T0.title as title, T0.image as image, T0.description as description, T0.comp_description as comp_description FROM dmg_content T0 WHERE (T0.id like :T0_id) GROUP BY id, title, image, description, comp_description
2022-08-21 00:19:00|[DEBUG]|SMARTORM PARAM : array (
  ':T0_id' => '0',
)
2022-08-21 00:19:00|[DEBUG]|SMARTORM SQL : SELECT T0.id as id, T0.title as title, T0.image as image, T0.description as description, T0.comp_description as comp_description FROM dmg_content T0 WHERE (T0.id like :T0_id) GROUP BY id, title, image, description, comp_description
2022-08-21 00:19:00|[DEBUG]|SMARTORM PARAM : array (
  ':T0_id' => '0',
)
2022-08-21 00:19:00|[DEBUG]|SMARTORM SQL : SELECT T0.id as id, T0.label as label, T0.description as description FROM dmg_diagram T0 WHERE (T0.id like :T0_id) GROUP BY id, label, description
2022-08-21 00:19:00|[DEBUG]|SMARTORM PARAM : array (
  ':T0_id' => '0',
)
2022-08-21 00:19:00|[DEBUG]|SMARTORM SQL : SELECT T0.id as id, T0.field_id as field_id, T1.name as name FROM dmg_slide_variable T0 LEFT JOIN dmg_field T1 ON (T1.id = T0.field_id) WHERE (T0.type like :T0_type) and (T0.slide_id like :T0_slide_id) GROUP BY id, field_id, name
2022-08-21 00:19:00|[DEBUG]|SMARTORM PARAM : array (
  ':T0_type' => 0,
  ':T0_slide_id' => '285',
)
2022-08-21 00:19:00|[DEBUG]|SMARTORM SQL : SELECT T0.id as id, T0.field_id as field_id, T1.name as name FROM dmg_slide_result T0 LEFT JOIN dmg_field T1 ON (T1.id = T0.field_id) WHERE (T0.type like :T0_type) and (T0.slide_id like :T0_slide_id) GROUP BY id, field_id, name
2022-08-21 00:19:00|[DEBUG]|SMARTORM PARAM : array (
  ':T0_type' => 0,
  ':T0_slide_id' => '285',
)
2022-08-21 00:19:00|[DEBUG]|SMARTORM SQL : SELECT T0.id as id, T0.field_id as field_id, T1.name as name FROM dmg_slide_variable T0 LEFT JOIN dmg_field T1 ON (T1.id = T0.field_id) WHERE (T0.type like :T0_type) and (T0.slide_id like :T0_slide_id) GROUP BY id, field_id, name
2022-08-21 00:19:00|[DEBUG]|SMARTORM PARAM : array (
  ':T0_type' => 1,
  ':T0_slide_id' => '285',
)
2022-08-21 00:19:00|[DEBUG]|SMARTORM SQL : SELECT T0.id as id, T0.field_id as field_id, T1.name as name FROM dmg_slide_result T0 LEFT JOIN dmg_field T1 ON (T1.id = T0.field_id) WHERE (T0.type like :T0_type) and (T0.slide_id like :T0_slide_id) GROUP BY id, field_id, name
2022-08-21 00:19:00|[DEBUG]|SMARTORM PARAM : array (
  ':T0_type' => 1,
  ':T0_slide_id' => '285',
)
2022-08-21 00:19:00|[DEBUG]|SMARTORM SQL : SELECT T0.id as id, T0.reference as reference, T0.title as title, T0.label as label, T0.image as image, T0.image_display as image_display, T0.description as description, T0.notice_id as notice_id, T0.process_id as process_id, T0.variable_contentid as variable_contentid, T0.result_contentid as result_contentid FROM dmg_slide T0 WHERE (T0.id like :T0_id) GROUP BY id, reference, title, label, image, image_display, description, notice_id, process_id, variable_contentid, result_contentid
2022-08-21 00:19:00|[DEBUG]|SMARTORM PARAM : array (
  ':T0_id' => '286',
)
2022-08-21 00:19:00|[DEBUG]|SMARTORM SQL : SELECT T0.id as id, T0.title as title, T0.image as image, T0.description as description FROM dmg_content T0 WHERE (T0.id like :T0_id) GROUP BY id, title, image, description
2022-08-21 00:19:00|[DEBUG]|SMARTORM PARAM : array (
  ':T0_id' => '164',
)
2022-08-21 00:19:00|[DEBUG]|SMARTORM SQL : SELECT T0.id as id, T0.title as title, T0.image as image, T0.description as description, T0.comp_description as comp_description FROM dmg_content T0 WHERE (T0.id like :T0_id) GROUP BY id, title, image, description, comp_description
2022-08-21 00:19:00|[DEBUG]|SMARTORM PARAM : array (
  ':T0_id' => '0',
)
2022-08-21 00:19:00|[DEBUG]|SMARTORM SQL : SELECT T0.id as id, T0.title as title, T0.image as image, T0.description as description, T0.comp_description as comp_description FROM dmg_content T0 WHERE (T0.id like :T0_id) GROUP BY id, title, image, description, comp_description
2022-08-21 00:19:00|[DEBUG]|SMARTORM PARAM : array (
  ':T0_id' => '0',
)
2022-08-21 00:19:00|[DEBUG]|SMARTORM SQL : SELECT T0.id as id, T0.label as label, T0.description as description FROM dmg_diagram T0 WHERE (T0.id like :T0_id) GROUP BY id, label, description
2022-08-21 00:19:00|[DEBUG]|SMARTORM PARAM : array (
  ':T0_id' => '0',
)
2022-08-21 00:19:00|[DEBUG]|SMARTORM SQL : SELECT T0.id as id, T0.field_id as field_id, T1.name as name FROM dmg_slide_variable T0 LEFT JOIN dmg_field T1 ON (T1.id = T0.field_id) WHERE (T0.type like :T0_type) and (T0.slide_id like :T0_slide_id) GROUP BY id, field_id, name
2022-08-21 00:19:00|[DEBUG]|SMARTORM PARAM : array (
  ':T0_type' => 0,
  ':T0_slide_id' => '286',
)
2022-08-21 00:19:00|[DEBUG]|SMARTORM SQL : SELECT T0.id as id, T0.field_id as field_id, T1.name as name FROM dmg_slide_result T0 LEFT JOIN dmg_field T1 ON (T1.id = T0.field_id) WHERE (T0.type like :T0_type) and (T0.slide_id like :T0_slide_id) GROUP BY id, field_id, name
2022-08-21 00:19:00|[DEBUG]|SMARTORM PARAM : array (
  ':T0_type' => 0,
  ':T0_slide_id' => '286',
)
2022-08-21 00:19:00|[DEBUG]|SMARTORM SQL : SELECT T0.id as id, T0.field_id as field_id, T1.name as name FROM dmg_slide_variable T0 LEFT JOIN dmg_field T1 ON (T1.id = T0.field_id) WHERE (T0.type like :T0_type) and (T0.slide_id like :T0_slide_id) GROUP BY id, field_id, name
2022-08-21 00:19:00|[DEBUG]|SMARTORM PARAM : array (
  ':T0_type' => 1,
  ':T0_slide_id' => '286',
)
2022-08-21 00:19:00|[DEBUG]|SMARTORM SQL : SELECT T0.id as id, T0.field_id as field_id, T1.name as name FROM dmg_slide_result T0 LEFT JOIN dmg_field T1 ON (T1.id = T0.field_id) WHERE (T0.type like :T0_type) and (T0.slide_id like :T0_slide_id) GROUP BY id, field_id, name
2022-08-21 00:19:00|[DEBUG]|SMARTORM PARAM : array (
  ':T0_type' => 1,
  ':T0_slide_id' => '286',
)
2022-08-21 00:19:00|[DEBUG]|SMARTORM SQL : SELECT T0.id as id, T0.reference as reference, T0.title as title, T0.label as label, T0.image as image, T0.image_display as image_display, T0.description as description, T0.notice_id as notice_id, T0.process_id as process_id, T0.variable_contentid as variable_contentid, T0.result_contentid as result_contentid FROM dmg_slide T0 WHERE (T0.id like :T0_id) GROUP BY id, reference, title, label, image, image_display, description, notice_id, process_id, variable_contentid, result_contentid
2022-08-21 00:19:00|[DEBUG]|SMARTORM PARAM : array (
  ':T0_id' => '287',
)
2022-08-21 00:19:00|[DEBUG]|SMARTORM SQL : SELECT T0.id as id, T0.title as title, T0.image as image, T0.description as description FROM dmg_content T0 WHERE (T0.id like :T0_id) GROUP BY id, title, image, description
2022-08-21 00:19:00|[DEBUG]|SMARTORM PARAM : array (
  ':T0_id' => '0',
)
2022-08-21 00:19:00|[DEBUG]|SMARTORM SQL : SELECT T0.id as id, T0.title as title, T0.image as image, T0.description as description, T0.comp_description as comp_description FROM dmg_content T0 WHERE (T0.id like :T0_id) GROUP BY id, title, image, description, comp_description
2022-08-21 00:19:00|[DEBUG]|SMARTORM PARAM : array (
  ':T0_id' => '165',
)
2022-08-21 00:19:00|[DEBUG]|SMARTORM SQL : SELECT T0.id as id, T0.title as title, T0.image as image, T0.description as description, T0.comp_description as comp_description FROM dmg_content T0 WHERE (T0.id like :T0_id) GROUP BY id, title, image, description, comp_description
2022-08-21 00:19:00|[DEBUG]|SMARTORM PARAM : array (
  ':T0_id' => '174',
)
2022-08-21 00:19:00|[DEBUG]|SMARTORM SQL : SELECT T0.id as id, T0.label as label, T0.description as description FROM dmg_diagram T0 WHERE (T0.id like :T0_id) GROUP BY id, label, description
2022-08-21 00:19:00|[DEBUG]|SMARTORM PARAM : array (
  ':T0_id' => '0',
)
2022-08-21 00:19:00|[DEBUG]|SMARTORM SQL : SELECT T0.id as id, T0.field_id as field_id, T1.name as name FROM dmg_slide_variable T0 LEFT JOIN dmg_field T1 ON (T1.id = T0.field_id) WHERE (T0.type like :T0_type) and (T0.slide_id like :T0_slide_id) GROUP BY id, field_id, name
2022-08-21 00:19:00|[DEBUG]|SMARTORM PARAM : array (
  ':T0_type' => 0,
  ':T0_slide_id' => '287',
)
2022-08-21 00:19:00|[DEBUG]|SMARTORM SQL : SELECT T0.id as id, T0.field_id as field_id, T1.name as name FROM dmg_slide_result T0 LEFT JOIN dmg_field T1 ON (T1.id = T0.field_id) WHERE (T0.type like :T0_type) and (T0.slide_id like :T0_slide_id) GROUP BY id, field_id, name
2022-08-21 00:19:00|[DEBUG]|SMARTORM PARAM : array (
  ':T0_type' => 0,
  ':T0_slide_id' => '287',
)
2022-08-21 00:19:00|[DEBUG]|SMARTORM SQL : SELECT T0.id as id, T0.field_id as field_id, T1.name as name FROM dmg_slide_variable T0 LEFT JOIN dmg_field T1 ON (T1.id = T0.field_id) WHERE (T0.type like :T0_type) and (T0.slide_id like :T0_slide_id) GROUP BY id, field_id, name
2022-08-21 00:19:00|[DEBUG]|SMARTORM PARAM : array (
  ':T0_type' => 1,
  ':T0_slide_id' => '287',
)
2022-08-21 00:19:00|[DEBUG]|SMARTORM SQL : SELECT T0.id as id, T0.field_id as field_id, T1.name as name FROM dmg_slide_result T0 LEFT JOIN dmg_field T1 ON (T1.id = T0.field_id) WHERE (T0.type like :T0_type) and (T0.slide_id like :T0_slide_id) GROUP BY id, field_id, name
2022-08-21 00:19:00|[DEBUG]|SMARTORM PARAM : array (
  ':T0_type' => 1,
  ':T0_slide_id' => '287',
)
2022-08-21 00:19:00|[DEBUG]|SMARTORM SQL : SELECT T0.id as id, T0.reference as reference, T0.title as title, T0.label as label, T0.image as image, T0.image_display as image_display, T0.description as description, T0.notice_id as notice_id, T0.process_id as process_id, T0.variable_contentid as variable_contentid, T0.result_contentid as result_contentid FROM dmg_slide T0 WHERE (T0.id like :T0_id) GROUP BY id, reference, title, label, image, image_display, description, notice_id, process_id, variable_contentid, result_contentid
2022-08-21 00:19:00|[DEBUG]|SMARTORM PARAM : array (
  ':T0_id' => '288',
)
2022-08-21 00:19:00|[DEBUG]|SMARTORM SQL : SELECT T0.id as id, T0.title as title, T0.image as image, T0.description as description FROM dmg_content T0 WHERE (T0.id like :T0_id) GROUP BY id, title, image, description
2022-08-21 00:19:00|[DEBUG]|SMARTORM PARAM : array (
  ':T0_id' => '0',
)
2022-08-21 00:19:00|[DEBUG]|SMARTORM SQL : SELECT T0.id as id, T0.title as title, T0.image as image, T0.description as description, T0.comp_description as comp_description FROM dmg_content T0 WHERE (T0.id like :T0_id) GROUP BY id, title, image, description, comp_description
2022-08-21 00:19:00|[DEBUG]|SMARTORM PARAM : array (
  ':T0_id' => '165',
)
2022-08-21 00:19:00|[DEBUG]|SMARTORM SQL : SELECT T0.id as id, T0.title as title, T0.image as image, T0.description as description, T0.comp_description as comp_description FROM dmg_content T0 WHERE (T0.id like :T0_id) GROUP BY id, title, image, description, comp_description
2022-08-21 00:19:00|[DEBUG]|SMARTORM PARAM : array (
  ':T0_id' => '0',
)
2022-08-21 00:19:00|[DEBUG]|SMARTORM SQL : SELECT T0.id as id, T0.label as label, T0.description as description FROM dmg_diagram T0 WHERE (T0.id like :T0_id) GROUP BY id, label, description
2022-08-21 00:19:00|[DEBUG]|SMARTORM PARAM : array (
  ':T0_id' => '0',
)
2022-08-21 00:19:00|[DEBUG]|SMARTORM SQL : SELECT T0.id as id, T0.field_id as field_id, T1.name as name FROM dmg_slide_variable T0 LEFT JOIN dmg_field T1 ON (T1.id = T0.field_id) WHERE (T0.type like :T0_type) and (T0.slide_id like :T0_slide_id) GROUP BY id, field_id, name
2022-08-21 00:19:00|[DEBUG]|SMARTORM PARAM : array (
  ':T0_type' => 0,
  ':T0_slide_id' => '288',
)
2022-08-21 00:19:00|[DEBUG]|SMARTORM SQL : SELECT T0.id as id, T0.field_id as field_id, T1.name as name FROM dmg_slide_result T0 LEFT JOIN dmg_field T1 ON (T1.id = T0.field_id) WHERE (T0.type like :T0_type) and (T0.slide_id like :T0_slide_id) GROUP BY id, field_id, name
2022-08-21 00:19:00|[DEBUG]|SMARTORM PARAM : array (
  ':T0_type' => 0,
  ':T0_slide_id' => '288',
)
2022-08-21 00:19:00|[DEBUG]|SMARTORM SQL : SELECT T0.id as id, T0.field_id as field_id, T1.name as name FROM dmg_slide_variable T0 LEFT JOIN dmg_field T1 ON (T1.id = T0.field_id) WHERE (T0.type like :T0_type) and (T0.slide_id like :T0_slide_id) GROUP BY id, field_id, name
2022-08-21 00:19:00|[DEBUG]|SMARTORM PARAM : array (
  ':T0_type' => 1,
  ':T0_slide_id' => '288',
)
2022-08-21 00:19:00|[DEBUG]|SMARTORM SQL : SELECT T0.id as id, T0.field_id as field_id, T1.name as name FROM dmg_slide_result T0 LEFT JOIN dmg_field T1 ON (T1.id = T0.field_id) WHERE (T0.type like :T0_type) and (T0.slide_id like :T0_slide_id) GROUP BY id, field_id, name
2022-08-21 00:19:00|[DEBUG]|SMARTORM PARAM : array (
  ':T0_type' => 1,
  ':T0_slide_id' => '288',
)
2022-08-21 00:19:00|[DEBUG]|SMARTORM SQL : SELECT T0.id as id, T0.reference as reference, T0.title as title, T0.label as label, T0.image as image, T0.image_display as image_display, T0.description as description, T0.notice_id as notice_id, T0.process_id as process_id, T0.variable_contentid as variable_contentid, T0.result_contentid as result_contentid FROM dmg_slide T0 WHERE (T0.id like :T0_id) GROUP BY id, reference, title, label, image, image_display, description, notice_id, process_id, variable_contentid, result_contentid
2022-08-21 00:19:00|[DEBUG]|SMARTORM PARAM : array (
  ':T0_id' => '289',
)
2022-08-21 00:19:00|[DEBUG]|SMARTORM SQL : SELECT T0.id as id, T0.title as title, T0.image as image, T0.description as description FROM dmg_content T0 WHERE (T0.id like :T0_id) GROUP BY id, title, image, description
2022-08-21 00:19:00|[DEBUG]|SMARTORM PARAM : array (
  ':T0_id' => '0',
)
2022-08-21 00:19:00|[DEBUG]|SMARTORM SQL : SELECT T0.id as id, T0.title as title, T0.image as image, T0.description as description, T0.comp_description as comp_description FROM dmg_content T0 WHERE (T0.id like :T0_id) GROUP BY id, title, image, description, comp_description
2022-08-21 00:19:00|[DEBUG]|SMARTORM PARAM : array (
  ':T0_id' => '0',
)
2022-08-21 00:19:00|[DEBUG]|SMARTORM SQL : SELECT T0.id as id, T0.title as title, T0.image as image, T0.description as description, T0.comp_description as comp_description FROM dmg_content T0 WHERE (T0.id like :T0_id) GROUP BY id, title, image, description, comp_description
2022-08-21 00:19:00|[DEBUG]|SMARTORM PARAM : array (
  ':T0_id' => '0',
)
2022-08-21 00:19:00|[DEBUG]|SMARTORM SQL : SELECT T0.id as id, T0.label as label, T0.description as description FROM dmg_diagram T0 WHERE (T0.id like :T0_id) GROUP BY id, label, description
2022-08-21 00:19:00|[DEBUG]|SMARTORM PARAM : array (
  ':T0_id' => '0',
)
2022-08-21 00:19:00|[DEBUG]|SMARTORM SQL : SELECT T0.id as id, T0.field_id as field_id, T1.name as name FROM dmg_slide_variable T0 LEFT JOIN dmg_field T1 ON (T1.id = T0.field_id) WHERE (T0.type like :T0_type) and (T0.slide_id like :T0_slide_id) GROUP BY id, field_id, name
2022-08-21 00:19:00|[DEBUG]|SMARTORM PARAM : array (
  ':T0_type' => 0,
  ':T0_slide_id' => '289',
)
2022-08-21 00:19:00|[DEBUG]|SMARTORM SQL : SELECT T0.id as id, T0.field_id as field_id, T1.name as name FROM dmg_slide_result T0 LEFT JOIN dmg_field T1 ON (T1.id = T0.field_id) WHERE (T0.type like :T0_type) and (T0.slide_id like :T0_slide_id) GROUP BY id, field_id, name
2022-08-21 00:19:00|[DEBUG]|SMARTORM PARAM : array (
  ':T0_type' => 0,
  ':T0_slide_id' => '289',
)
2022-08-21 00:19:00|[DEBUG]|SMARTORM SQL : SELECT T0.id as id, T0.field_id as field_id, T1.name as name FROM dmg_slide_variable T0 LEFT JOIN dmg_field T1 ON (T1.id = T0.field_id) WHERE (T0.type like :T0_type) and (T0.slide_id like :T0_slide_id) GROUP BY id, field_id, name
2022-08-21 00:19:00|[DEBUG]|SMARTORM PARAM : array (
  ':T0_type' => 1,
  ':T0_slide_id' => '289',
)
2022-08-21 00:19:00|[DEBUG]|SMARTORM SQL : SELECT T0.id as id, T0.field_id as field_id, T1.name as name FROM dmg_slide_result T0 LEFT JOIN dmg_field T1 ON (T1.id = T0.field_id) WHERE (T0.type like :T0_type) and (T0.slide_id like :T0_slide_id) GROUP BY id, field_id, name
2022-08-21 00:19:00|[DEBUG]|SMARTORM PARAM : array (
  ':T0_type' => 1,
  ':T0_slide_id' => '289',
)
2022-08-21 00:19:00|[DEBUG]|SMARTORM SQL : SELECT T0.id as id, T0.reference as reference, T0.title as title, T0.label as label, T0.image as image, T0.image_display as image_display, T0.description as description, T0.notice_id as notice_id, T0.process_id as process_id, T0.variable_contentid as variable_contentid, T0.result_contentid as result_contentid FROM dmg_slide T0 WHERE (T0.id like :T0_id) GROUP BY id, reference, title, label, image, image_display, description, notice_id, process_id, variable_contentid, result_contentid
2022-08-21 00:19:00|[DEBUG]|SMARTORM PARAM : array (
  ':T0_id' => '290',
)
2022-08-21 00:19:00|[DEBUG]|SMARTORM SQL : SELECT T0.id as id, T0.title as title, T0.image as image, T0.description as description FROM dmg_content T0 WHERE (T0.id like :T0_id) GROUP BY id, title, image, description
2022-08-21 00:19:00|[DEBUG]|SMARTORM PARAM : array (
  ':T0_id' => '0',
)
2022-08-21 00:19:00|[DEBUG]|SMARTORM SQL : SELECT T0.id as id, T0.title as title, T0.image as image, T0.description as description, T0.comp_description as comp_description FROM dmg_content T0 WHERE (T0.id like :T0_id) GROUP BY id, title, image, description, comp_description
2022-08-21 00:19:00|[DEBUG]|SMARTORM PARAM : array (
  ':T0_id' => '0',
)
2022-08-21 00:19:00|[DEBUG]|SMARTORM SQL : SELECT T0.id as id, T0.title as title, T0.image as image, T0.description as description, T0.comp_description as comp_description FROM dmg_content T0 WHERE (T0.id like :T0_id) GROUP BY id, title, image, description, comp_description
2022-08-21 00:19:00|[DEBUG]|SMARTORM PARAM : array (
  ':T0_id' => '0',
)
2022-08-21 00:19:00|[DEBUG]|SMARTORM SQL : SELECT T0.id as id, T0.label as label, T0.description as description FROM dmg_diagram T0 WHERE (T0.id like :T0_id) GROUP BY id, label, description
2022-08-21 00:19:00|[DEBUG]|SMARTORM PARAM : array (
  ':T0_id' => '0',
)
2022-08-21 00:19:00|[DEBUG]|SMARTORM SQL : SELECT T0.id as id, T0.field_id as field_id, T1.name as name FROM dmg_slide_variable T0 LEFT JOIN dmg_field T1 ON (T1.id = T0.field_id) WHERE (T0.type like :T0_type) and (T0.slide_id like :T0_slide_id) GROUP BY id, field_id, name
2022-08-21 00:19:00|[DEBUG]|SMARTORM PARAM : array (
  ':T0_type' => 0,
  ':T0_slide_id' => '290',
)
2022-08-21 00:19:00|[DEBUG]|SMARTORM SQL : SELECT T0.id as id, T0.field_id as field_id, T1.name as name FROM dmg_slide_result T0 LEFT JOIN dmg_field T1 ON (T1.id = T0.field_id) WHERE (T0.type like :T0_type) and (T0.slide_id like :T0_slide_id) GROUP BY id, field_id, name
2022-08-21 00:19:00|[DEBUG]|SMARTORM PARAM : array (
  ':T0_type' => 0,
  ':T0_slide_id' => '290',
)
2022-08-21 00:19:00|[DEBUG]|SMARTORM SQL : SELECT T0.id as id, T0.field_id as field_id, T1.name as name FROM dmg_slide_variable T0 LEFT JOIN dmg_field T1 ON (T1.id = T0.field_id) WHERE (T0.type like :T0_type) and (T0.slide_id like :T0_slide_id) GROUP BY id, field_id, name
2022-08-21 00:19:00|[DEBUG]|SMARTORM PARAM : array (
  ':T0_type' => 1,
  ':T0_slide_id' => '290',
)
2022-08-21 00:19:00|[DEBUG]|SMARTORM SQL : SELECT T0.id as id, T0.field_id as field_id, T1.name as name FROM dmg_slide_result T0 LEFT JOIN dmg_field T1 ON (T1.id = T0.field_id) WHERE (T0.type like :T0_type) and (T0.slide_id like :T0_slide_id) GROUP BY id, field_id, name
2022-08-21 00:19:00|[DEBUG]|SMARTORM PARAM : array (
  ':T0_type' => 1,
  ':T0_slide_id' => '290',
)
2022-08-21 00:19:00|[DEBUG]|SMARTORM SQL : SELECT T0.id as id, T0.reference as reference, T0.title as title, T0.label as label, T0.image as image, T0.image_display as image_display, T0.description as description, T0.notice_id as notice_id, T0.process_id as process_id, T0.variable_contentid as variable_contentid, T0.result_contentid as result_contentid FROM dmg_slide T0 WHERE (T0.id like :T0_id) GROUP BY id, reference, title, label, image, image_display, description, notice_id, process_id, variable_contentid, result_contentid
2022-08-21 00:19:00|[DEBUG]|SMARTORM PARAM : array (
  ':T0_id' => '291',
)
2022-08-21 00:19:00|[DEBUG]|SMARTORM SQL : SELECT T0.id as id, T0.title as title, T0.image as image, T0.description as description FROM dmg_content T0 WHERE (T0.id like :T0_id) GROUP BY id, title, image, description
2022-08-21 00:19:00|[DEBUG]|SMARTORM PARAM : array (
  ':T0_id' => '0',
)
2022-08-21 00:19:00|[DEBUG]|SMARTORM SQL : SELECT T0.id as id, T0.title as title, T0.image as image, T0.description as description, T0.comp_description as comp_description FROM dmg_content T0 WHERE (T0.id like :T0_id) GROUP BY id, title, image, description, comp_description
2022-08-21 00:19:00|[DEBUG]|SMARTORM PARAM : array (
  ':T0_id' => '0',
)
2022-08-21 00:19:00|[DEBUG]|SMARTORM SQL : SELECT T0.id as id, T0.title as title, T0.image as image, T0.description as description, T0.comp_description as comp_description FROM dmg_content T0 WHERE (T0.id like :T0_id) GROUP BY id, title, image, description, comp_description
2022-08-21 00:19:00|[DEBUG]|SMARTORM PARAM : array (
  ':T0_id' => '0',
)
2022-08-21 00:19:00|[DEBUG]|SMARTORM SQL : SELECT T0.id as id, T0.label as label, T0.description as description FROM dmg_diagram T0 WHERE (T0.id like :T0_id) GROUP BY id, label, description
2022-08-21 00:19:00|[DEBUG]|SMARTORM PARAM : array (
  ':T0_id' => '0',
)
2022-08-21 00:19:00|[DEBUG]|SMARTORM SQL : SELECT T0.id as id, T0.field_id as field_id, T1.name as name FROM dmg_slide_variable T0 LEFT JOIN dmg_field T1 ON (T1.id = T0.field_id) WHERE (T0.type like :T0_type) and (T0.slide_id like :T0_slide_id) GROUP BY id, field_id, name
2022-08-21 00:19:00|[DEBUG]|SMARTORM PARAM : array (
  ':T0_type' => 0,
  ':T0_slide_id' => '291',
)
2022-08-21 00:19:00|[DEBUG]|SMARTORM SQL : SELECT T0.id as id, T0.field_id as field_id, T1.name as name FROM dmg_slide_result T0 LEFT JOIN dmg_field T1 ON (T1.id = T0.field_id) WHERE (T0.type like :T0_type) and (T0.slide_id like :T0_slide_id) GROUP BY id, field_id, name
2022-08-21 00:19:00|[DEBUG]|SMARTORM PARAM : array (
  ':T0_type' => 0,
  ':T0_slide_id' => '291',
)
2022-08-21 00:19:00|[DEBUG]|SMARTORM SQL : SELECT T0.id as id, T0.field_id as field_id, T1.name as name FROM dmg_slide_variable T0 LEFT JOIN dmg_field T1 ON (T1.id = T0.field_id) WHERE (T0.type like :T0_type) and (T0.slide_id like :T0_slide_id) GROUP BY id, field_id, name
2022-08-21 00:19:00|[DEBUG]|SMARTORM PARAM : array (
  ':T0_type' => 1,
  ':T0_slide_id' => '291',
)
2022-08-21 00:19:00|[DEBUG]|SMARTORM SQL : SELECT T0.id as id, T0.field_id as field_id, T1.name as name FROM dmg_slide_result T0 LEFT JOIN dmg_field T1 ON (T1.id = T0.field_id) WHERE (T0.type like :T0_type) and (T0.slide_id like :T0_slide_id) GROUP BY id, field_id, name
2022-08-21 00:19:00|[DEBUG]|SMARTORM PARAM : array (
  ':T0_type' => 1,
  ':T0_slide_id' => '291',
)
2022-08-21 00:19:00|[DEBUG]|SMARTORM SQL : SELECT T0.id as id, T0.reference as reference, T0.title as title, T0.label as label, T0.image as image, T0.image_display as image_display, T0.description as description, T0.notice_id as notice_id, T0.process_id as process_id, T0.variable_contentid as variable_contentid, T0.result_contentid as result_contentid FROM dmg_slide T0 WHERE (T0.id like :T0_id) GROUP BY id, reference, title, label, image, image_display, description, notice_id, process_id, variable_contentid, result_contentid
2022-08-21 00:19:00|[DEBUG]|SMARTORM PARAM : array (
  ':T0_id' => '295',
)
2022-08-21 00:19:00|[DEBUG]|SMARTORM SQL : SELECT T0.id as id, T0.title as title, T0.image as image, T0.description as description FROM dmg_content T0 WHERE (T0.id like :T0_id) GROUP BY id, title, image, description
2022-08-21 00:19:00|[DEBUG]|SMARTORM PARAM : array (
  ':T0_id' => '0',
)
2022-08-21 00:19:00|[DEBUG]|SMARTORM SQL : SELECT T0.id as id, T0.title as title, T0.image as image, T0.description as description, T0.comp_description as comp_description FROM dmg_content T0 WHERE (T0.id like :T0_id) GROUP BY id, title, image, description, comp_description
2022-08-21 00:19:00|[DEBUG]|SMARTORM PARAM : array (
  ':T0_id' => '0',
)
2022-08-21 00:19:00|[DEBUG]|SMARTORM SQL : SELECT T0.id as id, T0.title as title, T0.image as image, T0.description as description, T0.comp_description as comp_description FROM dmg_content T0 WHERE (T0.id like :T0_id) GROUP BY id, title, image, description, comp_description
2022-08-21 00:19:00|[DEBUG]|SMARTORM PARAM : array (
  ':T0_id' => '0',
)
2022-08-21 00:19:00|[DEBUG]|SMARTORM SQL : SELECT T0.id as id, T0.label as label, T0.description as description FROM dmg_diagram T0 WHERE (T0.id like :T0_id) GROUP BY id, label, description
2022-08-21 00:19:00|[DEBUG]|SMARTORM PARAM : array (
  ':T0_id' => '0',
)
2022-08-21 00:19:00|[DEBUG]|SMARTORM SQL : SELECT T0.id as id, T0.field_id as field_id, T1.name as name FROM dmg_slide_variable T0 LEFT JOIN dmg_field T1 ON (T1.id = T0.field_id) WHERE (T0.type like :T0_type) and (T0.slide_id like :T0_slide_id) GROUP BY id, field_id, name
2022-08-21 00:19:00|[DEBUG]|SMARTORM PARAM : array (
  ':T0_type' => 0,
  ':T0_slide_id' => '295',
)
2022-08-21 00:19:00|[DEBUG]|SMARTORM SQL : SELECT T0.id as id, T0.field_id as field_id, T1.name as name FROM dmg_slide_result T0 LEFT JOIN dmg_field T1 ON (T1.id = T0.field_id) WHERE (T0.type like :T0_type) and (T0.slide_id like :T0_slide_id) GROUP BY id, field_id, name
2022-08-21 00:19:00|[DEBUG]|SMARTORM PARAM : array (
  ':T0_type' => 0,
  ':T0_slide_id' => '295',
)
2022-08-21 00:19:00|[DEBUG]|SMARTORM SQL : SELECT T0.id as id, T0.field_id as field_id, T1.name as name FROM dmg_slide_variable T0 LEFT JOIN dmg_field T1 ON (T1.id = T0.field_id) WHERE (T0.type like :T0_type) and (T0.slide_id like :T0_slide_id) GROUP BY id, field_id, name
2022-08-21 00:19:00|[DEBUG]|SMARTORM PARAM : array (
  ':T0_type' => 1,
  ':T0_slide_id' => '295',
)
2022-08-21 00:19:00|[DEBUG]|SMARTORM SQL : SELECT T0.id as id, T0.field_id as field_id, T1.name as name FROM dmg_slide_result T0 LEFT JOIN dmg_field T1 ON (T1.id = T0.field_id) WHERE (T0.type like :T0_type) and (T0.slide_id like :T0_slide_id) GROUP BY id, field_id, name
2022-08-21 00:19:00|[DEBUG]|SMARTORM PARAM : array (
  ':T0_type' => 1,
  ':T0_slide_id' => '295',
)
2022-08-21 00:19:00|[DEBUG]|SMARTORM SQL : SELECT T0.id as id, T0.reference as reference, T0.title as title, T0.label as label, T0.image as image, T0.image_display as image_display, T0.description as description, T0.notice_id as notice_id, T0.process_id as process_id, T0.variable_contentid as variable_contentid, T0.result_contentid as result_contentid FROM dmg_slide T0 WHERE (T0.id like :T0_id) GROUP BY id, reference, title, label, image, image_display, description, notice_id, process_id, variable_contentid, result_contentid
2022-08-21 00:19:00|[DEBUG]|SMARTORM PARAM : array (
  ':T0_id' => '292',
)
2022-08-21 00:19:00|[DEBUG]|SMARTORM SQL : SELECT T0.id as id, T0.title as title, T0.image as image, T0.description as description FROM dmg_content T0 WHERE (T0.id like :T0_id) GROUP BY id, title, image, description
2022-08-21 00:19:00|[DEBUG]|SMARTORM PARAM : array (
  ':T0_id' => '0',
)
2022-08-21 00:19:00|[DEBUG]|SMARTORM SQL : SELECT T0.id as id, T0.title as title, T0.image as image, T0.description as description, T0.comp_description as comp_description FROM dmg_content T0 WHERE (T0.id like :T0_id) GROUP BY id, title, image, description, comp_description
2022-08-21 00:19:00|[DEBUG]|SMARTORM PARAM : array (
  ':T0_id' => '0',
)
2022-08-21 00:19:00|[DEBUG]|SMARTORM SQL : SELECT T0.id as id, T0.title as title, T0.image as image, T0.description as description, T0.comp_description as comp_description FROM dmg_content T0 WHERE (T0.id like :T0_id) GROUP BY id, title, image, description, comp_description
2022-08-21 00:19:00|[DEBUG]|SMARTORM PARAM : array (
  ':T0_id' => '0',
)
2022-08-21 00:19:00|[DEBUG]|SMARTORM SQL : SELECT T0.id as id, T0.label as label, T0.description as description FROM dmg_diagram T0 WHERE (T0.id like :T0_id) GROUP BY id, label, description
2022-08-21 00:19:00|[DEBUG]|SMARTORM PARAM : array (
  ':T0_id' => '0',
)
2022-08-21 00:19:00|[DEBUG]|SMARTORM SQL : SELECT T0.id as id, T0.field_id as field_id, T1.name as name FROM dmg_slide_variable T0 LEFT JOIN dmg_field T1 ON (T1.id = T0.field_id) WHERE (T0.type like :T0_type) and (T0.slide_id like :T0_slide_id) GROUP BY id, field_id, name
2022-08-21 00:19:00|[DEBUG]|SMARTORM PARAM : array (
  ':T0_type' => 0,
  ':T0_slide_id' => '292',
)
2022-08-21 00:19:00|[DEBUG]|SMARTORM SQL : SELECT T0.id as id, T0.field_id as field_id, T1.name as name FROM dmg_slide_result T0 LEFT JOIN dmg_field T1 ON (T1.id = T0.field_id) WHERE (T0.type like :T0_type) and (T0.slide_id like :T0_slide_id) GROUP BY id, field_id, name
2022-08-21 00:19:00|[DEBUG]|SMARTORM PARAM : array (
  ':T0_type' => 0,
  ':T0_slide_id' => '292',
)
2022-08-21 00:19:00|[DEBUG]|SMARTORM SQL : SELECT T0.id as id, T0.field_id as field_id, T1.name as name FROM dmg_slide_variable T0 LEFT JOIN dmg_field T1 ON (T1.id = T0.field_id) WHERE (T0.type like :T0_type) and (T0.slide_id like :T0_slide_id) GROUP BY id, field_id, name
2022-08-21 00:19:00|[DEBUG]|SMARTORM PARAM : array (
  ':T0_type' => 1,
  ':T0_slide_id' => '292',
)
2022-08-21 00:19:00|[DEBUG]|SMARTORM SQL : SELECT T0.id as id, T0.field_id as field_id, T1.name as name FROM dmg_slide_result T0 LEFT JOIN dmg_field T1 ON (T1.id = T0.field_id) WHERE (T0.type like :T0_type) and (T0.slide_id like :T0_slide_id) GROUP BY id, field_id, name
2022-08-21 00:19:00|[DEBUG]|SMARTORM PARAM : array (
  ':T0_type' => 1,
  ':T0_slide_id' => '292',
)
2022-08-21 00:19:00|[DEBUG]|SMARTORM SQL : SELECT T0.id as id, T0.reference as reference, T0.title as title, T0.label as label, T0.image as image, T0.image_display as image_display, T0.description as description, T0.notice_id as notice_id, T0.process_id as process_id, T0.variable_contentid as variable_contentid, T0.result_contentid as result_contentid FROM dmg_slide T0 WHERE (T0.id like :T0_id) GROUP BY id, reference, title, label, image, image_display, description, notice_id, process_id, variable_contentid, result_contentid
2022-08-21 00:19:00|[DEBUG]|SMARTORM PARAM : array (
  ':T0_id' => '293',
)
2022-08-21 00:19:00|[DEBUG]|SMARTORM SQL : SELECT T0.id as id, T0.title as title, T0.image as image, T0.description as description FROM dmg_content T0 WHERE (T0.id like :T0_id) GROUP BY id, title, image, description
2022-08-21 00:19:00|[DEBUG]|SMARTORM PARAM : array (
  ':T0_id' => '0',
)
2022-08-21 00:19:00|[DEBUG]|SMARTORM SQL : SELECT T0.id as id, T0.title as title, T0.image as image, T0.description as description, T0.comp_description as comp_description FROM dmg_content T0 WHERE (T0.id like :T0_id) GROUP BY id, title, image, description, comp_description
2022-08-21 00:19:00|[DEBUG]|SMARTORM PARAM : array (
  ':T0_id' => '0',
)
2022-08-21 00:19:00|[DEBUG]|SMARTORM SQL : SELECT T0.id as id, T0.title as title, T0.image as image, T0.description as description, T0.comp_description as comp_description FROM dmg_content T0 WHERE (T0.id like :T0_id) GROUP BY id, title, image, description, comp_description
2022-08-21 00:19:00|[DEBUG]|SMARTORM PARAM : array (
  ':T0_id' => '0',
)
2022-08-21 00:19:00|[DEBUG]|SMARTORM SQL : SELECT T0.id as id, T0.label as label, T0.description as description FROM dmg_diagram T0 WHERE (T0.id like :T0_id) GROUP BY id, label, description
2022-08-21 00:19:00|[DEBUG]|SMARTORM PARAM : array (
  ':T0_id' => '0',
)
2022-08-21 00:19:00|[DEBUG]|SMARTORM SQL : SELECT T0.id as id, T0.field_id as field_id, T1.name as name FROM dmg_slide_variable T0 LEFT JOIN dmg_field T1 ON (T1.id = T0.field_id) WHERE (T0.type like :T0_type) and (T0.slide_id like :T0_slide_id) GROUP BY id, field_id, name
2022-08-21 00:19:00|[DEBUG]|SMARTORM PARAM : array (
  ':T0_type' => 0,
  ':T0_slide_id' => '293',
)
2022-08-21 00:19:00|[DEBUG]|SMARTORM SQL : SELECT T0.id as id, T0.field_id as field_id, T1.name as name FROM dmg_slide_result T0 LEFT JOIN dmg_field T1 ON (T1.id = T0.field_id) WHERE (T0.type like :T0_type) and (T0.slide_id like :T0_slide_id) GROUP BY id, field_id, name
2022-08-21 00:19:00|[DEBUG]|SMARTORM PARAM : array (
  ':T0_type' => 0,
  ':T0_slide_id' => '293',
)
2022-08-21 00:19:00|[DEBUG]|SMARTORM SQL : SELECT T0.id as id, T0.field_id as field_id, T1.name as name FROM dmg_slide_variable T0 LEFT JOIN dmg_field T1 ON (T1.id = T0.field_id) WHERE (T0.type like :T0_type) and (T0.slide_id like :T0_slide_id) GROUP BY id, field_id, name
2022-08-21 00:19:00|[DEBUG]|SMARTORM PARAM : array (
  ':T0_type' => 1,
  ':T0_slide_id' => '293',
)
2022-08-21 00:19:00|[DEBUG]|SMARTORM SQL : SELECT T0.id as id, T0.field_id as field_id, T1.name as name FROM dmg_slide_result T0 LEFT JOIN dmg_field T1 ON (T1.id = T0.field_id) WHERE (T0.type like :T0_type) and (T0.slide_id like :T0_slide_id) GROUP BY id, field_id, name
2022-08-21 00:19:00|[DEBUG]|SMARTORM PARAM : array (
  ':T0_type' => 1,
  ':T0_slide_id' => '293',
)
2022-08-21 00:19:00|[DEBUG]|SMARTORM SQL : SELECT T0.id as id, T0.reference as reference, T0.title as title, T0.label as label, T0.image as image, T0.image_display as image_display, T0.description as description, T0.notice_id as notice_id, T0.process_id as process_id, T0.variable_contentid as variable_contentid, T0.result_contentid as result_contentid FROM dmg_slide T0 WHERE (T0.id like :T0_id) GROUP BY id, reference, title, label, image, image_display, description, notice_id, process_id, variable_contentid, result_contentid
2022-08-21 00:19:00|[DEBUG]|SMARTORM PARAM : array (
  ':T0_id' => '294',
)
2022-08-21 00:19:00|[DEBUG]|SMARTORM SQL : SELECT T0.id as id, T0.title as title, T0.image as image, T0.description as description FROM dmg_content T0 WHERE (T0.id like :T0_id) GROUP BY id, title, image, description
2022-08-21 00:19:00|[DEBUG]|SMARTORM PARAM : array (
  ':T0_id' => '0',
)
2022-08-21 00:19:00|[DEBUG]|SMARTORM SQL : SELECT T0.id as id, T0.title as title, T0.image as image, T0.description as description, T0.comp_description as comp_description FROM dmg_content T0 WHERE (T0.id like :T0_id) GROUP BY id, title, image, description, comp_description
2022-08-21 00:19:00|[DEBUG]|SMARTORM PARAM : array (
  ':T0_id' => '0',
)
2022-08-21 00:19:00|[DEBUG]|SMARTORM SQL : SELECT T0.id as id, T0.title as title, T0.image as image, T0.description as description, T0.comp_description as comp_description FROM dmg_content T0 WHERE (T0.id like :T0_id) GROUP BY id, title, image, description, comp_description
2022-08-21 00:19:00|[DEBUG]|SMARTORM PARAM : array (
  ':T0_id' => '0',
)
2022-08-21 00:19:00|[DEBUG]|SMARTORM SQL : SELECT T0.id as id, T0.label as label, T0.description as description FROM dmg_diagram T0 WHERE (T0.id like :T0_id) GROUP BY id, label, description
2022-08-21 00:19:00|[DEBUG]|SMARTORM PARAM : array (
  ':T0_id' => '0',
)
2022-08-21 00:19:00|[DEBUG]|SMARTORM SQL : SELECT T0.id as id, T0.field_id as field_id, T1.name as name FROM dmg_slide_variable T0 LEFT JOIN dmg_field T1 ON (T1.id = T0.field_id) WHERE (T0.type like :T0_type) and (T0.slide_id like :T0_slide_id) GROUP BY id, field_id, name
2022-08-21 00:19:00|[DEBUG]|SMARTORM PARAM : array (
  ':T0_type' => 0,
  ':T0_slide_id' => '294',
)
2022-08-21 00:19:00|[DEBUG]|SMARTORM SQL : SELECT T0.id as id, T0.field_id as field_id, T1.name as name FROM dmg_slide_result T0 LEFT JOIN dmg_field T1 ON (T1.id = T0.field_id) WHERE (T0.type like :T0_type) and (T0.slide_id like :T0_slide_id) GROUP BY id, field_id, name
2022-08-21 00:19:00|[DEBUG]|SMARTORM PARAM : array (
  ':T0_type' => 0,
  ':T0_slide_id' => '294',
)
2022-08-21 00:19:00|[DEBUG]|SMARTORM SQL : SELECT T0.id as id, T0.field_id as field_id, T1.name as name FROM dmg_slide_variable T0 LEFT JOIN dmg_field T1 ON (T1.id = T0.field_id) WHERE (T0.type like :T0_type) and (T0.slide_id like :T0_slide_id) GROUP BY id, field_id, name
2022-08-21 00:19:00|[DEBUG]|SMARTORM PARAM : array (
  ':T0_type' => 1,
  ':T0_slide_id' => '294',
)
2022-08-21 00:19:00|[DEBUG]|SMARTORM SQL : SELECT T0.id as id, T0.field_id as field_id, T1.name as name FROM dmg_slide_result T0 LEFT JOIN dmg_field T1 ON (T1.id = T0.field_id) WHERE (T0.type like :T0_type) and (T0.slide_id like :T0_slide_id) GROUP BY id, field_id, name
2022-08-21 00:19:00|[DEBUG]|SMARTORM PARAM : array (
  ':T0_type' => 1,
  ':T0_slide_id' => '294',
)
2022-08-21 00:19:00|[DEBUG]|SMARTORM SQL : SELECT T0.id as id, T0.reference as reference, T0.title as title, T0.label as label, T0.image as image, T0.image_display as image_display, T0.description as description, T0.notice_id as notice_id, T0.process_id as process_id, T0.variable_contentid as variable_contentid, T0.result_contentid as result_contentid FROM dmg_slide T0 WHERE (T0.id like :T0_id) GROUP BY id, reference, title, label, image, image_display, description, notice_id, process_id, variable_contentid, result_contentid
2022-08-21 00:19:00|[DEBUG]|SMARTORM PARAM : array (
  ':T0_id' => '283',
)
2022-08-21 00:19:00|[DEBUG]|SMARTORM SQL : SELECT T0.id as id, T0.title as title, T0.image as image, T0.description as description FROM dmg_content T0 WHERE (T0.id like :T0_id) GROUP BY id, title, image, description
2022-08-21 00:19:00|[DEBUG]|SMARTORM PARAM : array (
  ':T0_id' => '155',
)
2022-08-21 00:19:00|[DEBUG]|SMARTORM SQL : SELECT T0.id as id, T0.title as title, T0.image as image, T0.description as description, T0.comp_description as comp_description FROM dmg_content T0 WHERE (T0.id like :T0_id) GROUP BY id, title, image, description, comp_description
2022-08-21 00:19:00|[DEBUG]|SMARTORM PARAM : array (
  ':T0_id' => '156',
)
2022-08-21 00:19:00|[DEBUG]|SMARTORM SQL : SELECT T0.id as id, T0.title as title, T0.image as image, T0.description as description, T0.comp_description as comp_description FROM dmg_content T0 WHERE (T0.id like :T0_id) GROUP BY id, title, image, description, comp_description
2022-08-21 00:19:00|[DEBUG]|SMARTORM PARAM : array (
  ':T0_id' => '157',
)
2022-08-21 00:19:00|[DEBUG]|SMARTORM SQL : SELECT T0.id as id, T0.label as label, T0.description as description FROM dmg_diagram T0 WHERE (T0.id like :T0_id) GROUP BY id, label, description
2022-08-21 00:19:00|[DEBUG]|SMARTORM PARAM : array (
  ':T0_id' => '0',
)
2022-08-21 00:19:00|[DEBUG]|SMARTORM SQL : SELECT T0.id as id, T0.field_id as field_id, T1.name as name FROM dmg_slide_variable T0 LEFT JOIN dmg_field T1 ON (T1.id = T0.field_id) WHERE (T0.type like :T0_type) and (T0.slide_id like :T0_slide_id) GROUP BY id, field_id, name
2022-08-21 00:19:00|[DEBUG]|SMARTORM PARAM : array (
  ':T0_type' => 0,
  ':T0_slide_id' => '283',
)
2022-08-21 00:19:00|[DEBUG]|SMARTORM SQL : SELECT T0.id as id, T0.field_id as field_id, T1.name as name FROM dmg_slide_result T0 LEFT JOIN dmg_field T1 ON (T1.id = T0.field_id) WHERE (T0.type like :T0_type) and (T0.slide_id like :T0_slide_id) GROUP BY id, field_id, name
2022-08-21 00:19:00|[DEBUG]|SMARTORM PARAM : array (
  ':T0_type' => 0,
  ':T0_slide_id' => '283',
)
2022-08-21 00:19:00|[DEBUG]|SMARTORM SQL : SELECT T0.id as id, T0.field_id as field_id, T1.name as name FROM dmg_slide_variable T0 LEFT JOIN dmg_field T1 ON (T1.id = T0.field_id) WHERE (T0.type like :T0_type) and (T0.slide_id like :T0_slide_id) GROUP BY id, field_id, name
2022-08-21 00:19:00|[DEBUG]|SMARTORM PARAM : array (
  ':T0_type' => 1,
  ':T0_slide_id' => '283',
)
2022-08-21 00:19:00|[DEBUG]|SMARTORM SQL : SELECT T0.id as id, T0.field_id as field_id, T1.name as name FROM dmg_slide_result T0 LEFT JOIN dmg_field T1 ON (T1.id = T0.field_id) WHERE (T0.type like :T0_type) and (T0.slide_id like :T0_slide_id) GROUP BY id, field_id, name
2022-08-21 00:19:00|[DEBUG]|SMARTORM PARAM : array (
  ':T0_type' => 1,
  ':T0_slide_id' => '283',
)
2022-08-21 00:19:00|[DEBUG]|SMARTORM SQL : SELECT T0.id as id, T0.reference as reference, T0.title as title, T0.label as label, T0.image as image, T0.image_display as image_display, T0.description as description, T0.notice_id as notice_id, T0.process_id as process_id, T0.variable_contentid as variable_contentid, T0.result_contentid as result_contentid FROM dmg_slide T0 WHERE (T0.id like :T0_id) GROUP BY id, reference, title, label, image, image_display, description, notice_id, process_id, variable_contentid, result_contentid
2022-08-21 00:19:00|[DEBUG]|SMARTORM PARAM : array (
  ':T0_id' => '232',
)
2022-08-21 00:19:00|[DEBUG]|SMARTORM SQL : SELECT T0.id as id, T0.title as title, T0.image as image, T0.description as description FROM dmg_content T0 WHERE (T0.id like :T0_id) GROUP BY id, title, image, description
2022-08-21 00:19:00|[DEBUG]|SMARTORM PARAM : array (
  ':T0_id' => '0',
)
2022-08-21 00:19:00|[DEBUG]|SMARTORM SQL : SELECT T0.id as id, T0.title as title, T0.image as image, T0.description as description, T0.comp_description as comp_description FROM dmg_content T0 WHERE (T0.id like :T0_id) GROUP BY id, title, image, description, comp_description
2022-08-21 00:19:00|[DEBUG]|SMARTORM PARAM : array (
  ':T0_id' => '0',
)
2022-08-21 00:19:00|[DEBUG]|SMARTORM SQL : SELECT T0.id as id, T0.title as title, T0.image as image, T0.description as description, T0.comp_description as comp_description FROM dmg_content T0 WHERE (T0.id like :T0_id) GROUP BY id, title, image, description, comp_description
2022-08-21 00:19:00|[DEBUG]|SMARTORM PARAM : array (
  ':T0_id' => '0',
)
2022-08-21 00:19:00|[DEBUG]|SMARTORM SQL : SELECT T0.id as id, T0.label as label, T0.description as description FROM dmg_diagram T0 WHERE (T0.id like :T0_id) GROUP BY id, label, description
2022-08-21 00:19:00|[DEBUG]|SMARTORM PARAM : array (
  ':T0_id' => '0',
)
2022-08-21 00:19:00|[DEBUG]|SMARTORM SQL : SELECT T0.id as id, T0.field_id as field_id, T1.name as name FROM dmg_slide_variable T0 LEFT JOIN dmg_field T1 ON (T1.id = T0.field_id) WHERE (T0.type like :T0_type) and (T0.slide_id like :T0_slide_id) GROUP BY id, field_id, name
2022-08-21 00:19:00|[DEBUG]|SMARTORM PARAM : array (
  ':T0_type' => 0,
  ':T0_slide_id' => '232',
)
2022-08-21 00:19:00|[DEBUG]|SMARTORM SQL : SELECT T0.id as id, T0.field_id as field_id, T1.name as name FROM dmg_slide_result T0 LEFT JOIN dmg_field T1 ON (T1.id = T0.field_id) WHERE (T0.type like :T0_type) and (T0.slide_id like :T0_slide_id) GROUP BY id, field_id, name
2022-08-21 00:19:00|[DEBUG]|SMARTORM PARAM : array (
  ':T0_type' => 0,
  ':T0_slide_id' => '232',
)
2022-08-21 00:19:00|[DEBUG]|SMARTORM SQL : SELECT T0.id as id, T0.field_id as field_id, T1.name as name FROM dmg_slide_variable T0 LEFT JOIN dmg_field T1 ON (T1.id = T0.field_id) WHERE (T0.type like :T0_type) and (T0.slide_id like :T0_slide_id) GROUP BY id, field_id, name
2022-08-21 00:19:00|[DEBUG]|SMARTORM PARAM : array (
  ':T0_type' => 1,
  ':T0_slide_id' => '232',
)
2022-08-21 00:19:00|[DEBUG]|SMARTORM SQL : SELECT T0.id as id, T0.field_id as field_id, T1.name as name FROM dmg_slide_result T0 LEFT JOIN dmg_field T1 ON (T1.id = T0.field_id) WHERE (T0.type like :T0_type) and (T0.slide_id like :T0_slide_id) GROUP BY id, field_id, name
2022-08-21 00:19:00|[DEBUG]|SMARTORM PARAM : array (
  ':T0_type' => 1,
  ':T0_slide_id' => '232',
)
2022-08-21 00:19:00|[DEBUG]|SMARTORM SQL : SELECT T0.id as id, T0.reference as reference, T0.title as title, T0.label as label, T0.image as image, T0.image_display as image_display, T0.description as description, T0.notice_id as notice_id, T0.process_id as process_id, T0.variable_contentid as variable_contentid, T0.result_contentid as result_contentid FROM dmg_slide T0 WHERE (T0.id like :T0_id) GROUP BY id, reference, title, label, image, image_display, description, notice_id, process_id, variable_contentid, result_contentid
2022-08-21 00:19:00|[DEBUG]|SMARTORM PARAM : array (
  ':T0_id' => '233',
)
2022-08-21 00:19:00|[DEBUG]|SMARTORM SQL : SELECT T0.id as id, T0.title as title, T0.image as image, T0.description as description FROM dmg_content T0 WHERE (T0.id like :T0_id) GROUP BY id, title, image, description
2022-08-21 00:19:00|[DEBUG]|SMARTORM PARAM : array (
  ':T0_id' => '0',
)
2022-08-21 00:19:00|[DEBUG]|SMARTORM SQL : SELECT T0.id as id, T0.title as title, T0.image as image, T0.description as description, T0.comp_description as comp_description FROM dmg_content T0 WHERE (T0.id like :T0_id) GROUP BY id, title, image, description, comp_description
2022-08-21 00:19:00|[DEBUG]|SMARTORM PARAM : array (
  ':T0_id' => '0',
)
2022-08-21 00:19:00|[DEBUG]|SMARTORM SQL : SELECT T0.id as id, T0.title as title, T0.image as image, T0.description as description, T0.comp_description as comp_description FROM dmg_content T0 WHERE (T0.id like :T0_id) GROUP BY id, title, image, description, comp_description
2022-08-21 00:19:00|[DEBUG]|SMARTORM PARAM : array (
  ':T0_id' => '0',
)
2022-08-21 00:19:00|[DEBUG]|SMARTORM SQL : SELECT T0.id as id, T0.label as label, T0.description as description FROM dmg_diagram T0 WHERE (T0.id like :T0_id) GROUP BY id, label, description
2022-08-21 00:19:00|[DEBUG]|SMARTORM PARAM : array (
  ':T0_id' => '0',
)
2022-08-21 00:19:00|[DEBUG]|SMARTORM SQL : SELECT T0.id as id, T0.field_id as field_id, T1.name as name FROM dmg_slide_variable T0 LEFT JOIN dmg_field T1 ON (T1.id = T0.field_id) WHERE (T0.type like :T0_type) and (T0.slide_id like :T0_slide_id) GROUP BY id, field_id, name
2022-08-21 00:19:00|[DEBUG]|SMARTORM PARAM : array (
  ':T0_type' => 0,
  ':T0_slide_id' => '233',
)
2022-08-21 00:19:00|[DEBUG]|SMARTORM SQL : SELECT T0.id as id, T0.field_id as field_id, T1.name as name FROM dmg_slide_result T0 LEFT JOIN dmg_field T1 ON (T1.id = T0.field_id) WHERE (T0.type like :T0_type) and (T0.slide_id like :T0_slide_id) GROUP BY id, field_id, name
2022-08-21 00:19:00|[DEBUG]|SMARTORM PARAM : array (
  ':T0_type' => 0,
  ':T0_slide_id' => '233',
)
2022-08-21 00:19:00|[DEBUG]|SMARTORM SQL : SELECT T0.id as id, T0.field_id as field_id, T1.name as name FROM dmg_slide_variable T0 LEFT JOIN dmg_field T1 ON (T1.id = T0.field_id) WHERE (T0.type like :T0_type) and (T0.slide_id like :T0_slide_id) GROUP BY id, field_id, name
2022-08-21 00:19:00|[DEBUG]|SMARTORM PARAM : array (
  ':T0_type' => 1,
  ':T0_slide_id' => '233',
)
2022-08-21 00:19:00|[DEBUG]|SMARTORM SQL : SELECT T0.id as id, T0.field_id as field_id, T1.name as name FROM dmg_slide_result T0 LEFT JOIN dmg_field T1 ON (T1.id = T0.field_id) WHERE (T0.type like :T0_type) and (T0.slide_id like :T0_slide_id) GROUP BY id, field_id, name
2022-08-21 00:19:00|[DEBUG]|SMARTORM PARAM : array (
  ':T0_type' => 1,
  ':T0_slide_id' => '233',
)
2022-08-21 00:19:00|[DEBUG]|SMARTORM SQL : SELECT T0.id as id, T0.reference as reference, T0.title as title, T0.label as label, T0.image as image, T0.image_display as image_display, T0.description as description, T0.notice_id as notice_id, T0.process_id as process_id, T0.variable_contentid as variable_contentid, T0.result_contentid as result_contentid FROM dmg_slide T0 WHERE (T0.id like :T0_id) GROUP BY id, reference, title, label, image, image_display, description, notice_id, process_id, variable_contentid, result_contentid
2022-08-21 00:19:00|[DEBUG]|SMARTORM PARAM : array (
  ':T0_id' => '237',
)
2022-08-21 00:19:00|[DEBUG]|SMARTORM SQL : SELECT T0.id as id, T0.title as title, T0.image as image, T0.description as description FROM dmg_content T0 WHERE (T0.id like :T0_id) GROUP BY id, title, image, description
2022-08-21 00:19:00|[DEBUG]|SMARTORM PARAM : array (
  ':T0_id' => '0',
)
2022-08-21 00:19:00|[DEBUG]|SMARTORM SQL : SELECT T0.id as id, T0.title as title, T0.image as image, T0.description as description, T0.comp_description as comp_description FROM dmg_content T0 WHERE (T0.id like :T0_id) GROUP BY id, title, image, description, comp_description
2022-08-21 00:19:00|[DEBUG]|SMARTORM PARAM : array (
  ':T0_id' => '0',
)
2022-08-21 00:19:00|[DEBUG]|SMARTORM SQL : SELECT T0.id as id, T0.title as title, T0.image as image, T0.description as description, T0.comp_description as comp_description FROM dmg_content T0 WHERE (T0.id like :T0_id) GROUP BY id, title, image, description, comp_description
2022-08-21 00:19:00|[DEBUG]|SMARTORM PARAM : array (
  ':T0_id' => '0',
)
2022-08-21 00:19:00|[DEBUG]|SMARTORM SQL : SELECT T0.id as id, T0.label as label, T0.description as description FROM dmg_diagram T0 WHERE (T0.id like :T0_id) GROUP BY id, label, description
2022-08-21 00:19:00|[DEBUG]|SMARTORM PARAM : array (
  ':T0_id' => '0',
)
2022-08-21 00:19:00|[DEBUG]|SMARTORM SQL : SELECT T0.id as id, T0.field_id as field_id, T1.name as name FROM dmg_slide_variable T0 LEFT JOIN dmg_field T1 ON (T1.id = T0.field_id) WHERE (T0.type like :T0_type) and (T0.slide_id like :T0_slide_id) GROUP BY id, field_id, name
2022-08-21 00:19:00|[DEBUG]|SMARTORM PARAM : array (
  ':T0_type' => 0,
  ':T0_slide_id' => '237',
)
2022-08-21 00:19:00|[DEBUG]|SMARTORM SQL : SELECT T0.id as id, T0.field_id as field_id, T1.name as name FROM dmg_slide_result T0 LEFT JOIN dmg_field T1 ON (T1.id = T0.field_id) WHERE (T0.type like :T0_type) and (T0.slide_id like :T0_slide_id) GROUP BY id, field_id, name
2022-08-21 00:19:00|[DEBUG]|SMARTORM PARAM : array (
  ':T0_type' => 0,
  ':T0_slide_id' => '237',
)
2022-08-21 00:19:00|[DEBUG]|SMARTORM SQL : SELECT T0.id as id, T0.field_id as field_id, T1.name as name FROM dmg_slide_variable T0 LEFT JOIN dmg_field T1 ON (T1.id = T0.field_id) WHERE (T0.type like :T0_type) and (T0.slide_id like :T0_slide_id) GROUP BY id, field_id, name
2022-08-21 00:19:00|[DEBUG]|SMARTORM PARAM : array (
  ':T0_type' => 1,
  ':T0_slide_id' => '237',
)
2022-08-21 00:19:00|[DEBUG]|SMARTORM SQL : SELECT T0.id as id, T0.field_id as field_id, T1.name as name FROM dmg_slide_result T0 LEFT JOIN dmg_field T1 ON (T1.id = T0.field_id) WHERE (T0.type like :T0_type) and (T0.slide_id like :T0_slide_id) GROUP BY id, field_id, name
2022-08-21 00:19:00|[DEBUG]|SMARTORM PARAM : array (
  ':T0_type' => 1,
  ':T0_slide_id' => '237',
)
2022-08-21 00:19:00|[DEBUG]|SMARTORM SQL : SELECT T0.id as id, T0.reference as reference, T0.title as title, T0.label as label, T0.image as image, T0.image_display as image_display, T0.description as description, T0.notice_id as notice_id, T0.process_id as process_id, T0.variable_contentid as variable_contentid, T0.result_contentid as result_contentid FROM dmg_slide T0 WHERE (T0.id like :T0_id) GROUP BY id, reference, title, label, image, image_display, description, notice_id, process_id, variable_contentid, result_contentid
2022-08-21 00:19:00|[DEBUG]|SMARTORM PARAM : array (
  ':T0_id' => '240',
)
2022-08-21 00:19:00|[DEBUG]|SMARTORM SQL : SELECT T0.id as id, T0.title as title, T0.image as image, T0.description as description FROM dmg_content T0 WHERE (T0.id like :T0_id) GROUP BY id, title, image, description
2022-08-21 00:19:00|[DEBUG]|SMARTORM PARAM : array (
  ':T0_id' => '0',
)
2022-08-21 00:19:00|[DEBUG]|SMARTORM SQL : SELECT T0.id as id, T0.title as title, T0.image as image, T0.description as description, T0.comp_description as comp_description FROM dmg_content T0 WHERE (T0.id like :T0_id) GROUP BY id, title, image, description, comp_description
2022-08-21 00:19:00|[DEBUG]|SMARTORM PARAM : array (
  ':T0_id' => '0',
)
2022-08-21 00:19:00|[DEBUG]|SMARTORM SQL : SELECT T0.id as id, T0.title as title, T0.image as image, T0.description as description, T0.comp_description as comp_description FROM dmg_content T0 WHERE (T0.id like :T0_id) GROUP BY id, title, image, description, comp_description
2022-08-21 00:19:00|[DEBUG]|SMARTORM PARAM : array (
  ':T0_id' => '0',
)
2022-08-21 00:19:00|[DEBUG]|SMARTORM SQL : SELECT T0.id as id, T0.label as label, T0.description as description FROM dmg_diagram T0 WHERE (T0.id like :T0_id) GROUP BY id, label, description
2022-08-21 00:19:00|[DEBUG]|SMARTORM PARAM : array (
  ':T0_id' => '0',
)
2022-08-21 00:19:00|[DEBUG]|SMARTORM SQL : SELECT T0.id as id, T0.field_id as field_id, T1.name as name FROM dmg_slide_variable T0 LEFT JOIN dmg_field T1 ON (T1.id = T0.field_id) WHERE (T0.type like :T0_type) and (T0.slide_id like :T0_slide_id) GROUP BY id, field_id, name
2022-08-21 00:19:00|[DEBUG]|SMARTORM PARAM : array (
  ':T0_type' => 0,
  ':T0_slide_id' => '240',
)
2022-08-21 00:19:00|[DEBUG]|SMARTORM SQL : SELECT T0.id as id, T0.field_id as field_id, T1.name as name FROM dmg_slide_result T0 LEFT JOIN dmg_field T1 ON (T1.id = T0.field_id) WHERE (T0.type like :T0_type) and (T0.slide_id like :T0_slide_id) GROUP BY id, field_id, name
2022-08-21 00:19:00|[DEBUG]|SMARTORM PARAM : array (
  ':T0_type' => 0,
  ':T0_slide_id' => '240',
)
2022-08-21 00:19:00|[DEBUG]|SMARTORM SQL : SELECT T0.id as id, T0.field_id as field_id, T1.name as name FROM dmg_slide_variable T0 LEFT JOIN dmg_field T1 ON (T1.id = T0.field_id) WHERE (T0.type like :T0_type) and (T0.slide_id like :T0_slide_id) GROUP BY id, field_id, name
2022-08-21 00:19:00|[DEBUG]|SMARTORM PARAM : array (
  ':T0_type' => 1,
  ':T0_slide_id' => '240',
)
2022-08-21 00:19:00|[DEBUG]|SMARTORM SQL : SELECT T0.id as id, T0.field_id as field_id, T1.name as name FROM dmg_slide_result T0 LEFT JOIN dmg_field T1 ON (T1.id = T0.field_id) WHERE (T0.type like :T0_type) and (T0.slide_id like :T0_slide_id) GROUP BY id, field_id, name
2022-08-21 00:19:00|[DEBUG]|SMARTORM PARAM : array (
  ':T0_type' => 1,
  ':T0_slide_id' => '240',
)
2022-08-21 00:19:00|[DEBUG]|SMARTORM SQL : SELECT T0.id as id, T0.reference as reference, T0.title as title, T0.label as label, T0.image as image, T0.image_display as image_display, T0.description as description, T0.notice_id as notice_id, T0.process_id as process_id, T0.variable_contentid as variable_contentid, T0.result_contentid as result_contentid FROM dmg_slide T0 WHERE (T0.id like :T0_id) GROUP BY id, reference, title, label, image, image_display, description, notice_id, process_id, variable_contentid, result_contentid
2022-08-21 00:19:00|[DEBUG]|SMARTORM PARAM : array (
  ':T0_id' => '241',
)
2022-08-21 00:19:00|[DEBUG]|SMARTORM SQL : SELECT T0.id as id, T0.title as title, T0.image as image, T0.description as description FROM dmg_content T0 WHERE (T0.id like :T0_id) GROUP BY id, title, image, description
2022-08-21 00:19:00|[DEBUG]|SMARTORM PARAM : array (
  ':T0_id' => '0',
)
2022-08-21 00:19:00|[DEBUG]|SMARTORM SQL : SELECT T0.id as id, T0.title as title, T0.image as image, T0.description as description, T0.comp_description as comp_description FROM dmg_content T0 WHERE (T0.id like :T0_id) GROUP BY id, title, image, description, comp_description
2022-08-21 00:19:00|[DEBUG]|SMARTORM PARAM : array (
  ':T0_id' => '0',
)
2022-08-21 00:19:00|[DEBUG]|SMARTORM SQL : SELECT T0.id as id, T0.title as title, T0.image as image, T0.description as description, T0.comp_description as comp_description FROM dmg_content T0 WHERE (T0.id like :T0_id) GROUP BY id, title, image, description, comp_description
2022-08-21 00:19:00|[DEBUG]|SMARTORM PARAM : array (
  ':T0_id' => '0',
)
2022-08-21 00:19:00|[DEBUG]|SMARTORM SQL : SELECT T0.id as id, T0.label as label, T0.description as description FROM dmg_diagram T0 WHERE (T0.id like :T0_id) GROUP BY id, label, description
2022-08-21 00:19:00|[DEBUG]|SMARTORM PARAM : array (
  ':T0_id' => '0',
)
2022-08-21 00:19:00|[DEBUG]|SMARTORM SQL : SELECT T0.id as id, T0.field_id as field_id, T1.name as name FROM dmg_slide_variable T0 LEFT JOIN dmg_field T1 ON (T1.id = T0.field_id) WHERE (T0.type like :T0_type) and (T0.slide_id like :T0_slide_id) GROUP BY id, field_id, name
2022-08-21 00:19:00|[DEBUG]|SMARTORM PARAM : array (
  ':T0_type' => 0,
  ':T0_slide_id' => '241',
)
2022-08-21 00:19:00|[DEBUG]|SMARTORM SQL : SELECT T0.id as id, T0.field_id as field_id, T1.name as name FROM dmg_slide_result T0 LEFT JOIN dmg_field T1 ON (T1.id = T0.field_id) WHERE (T0.type like :T0_type) and (T0.slide_id like :T0_slide_id) GROUP BY id, field_id, name
2022-08-21 00:19:00|[DEBUG]|SMARTORM PARAM : array (
  ':T0_type' => 0,
  ':T0_slide_id' => '241',
)
2022-08-21 00:19:00|[DEBUG]|SMARTORM SQL : SELECT T0.id as id, T0.field_id as field_id, T1.name as name FROM dmg_slide_variable T0 LEFT JOIN dmg_field T1 ON (T1.id = T0.field_id) WHERE (T0.type like :T0_type) and (T0.slide_id like :T0_slide_id) GROUP BY id, field_id, name
2022-08-21 00:19:00|[DEBUG]|SMARTORM PARAM : array (
  ':T0_type' => 1,
  ':T0_slide_id' => '241',
)
2022-08-21 00:19:00|[DEBUG]|SMARTORM SQL : SELECT T0.id as id, T0.field_id as field_id, T1.name as name FROM dmg_slide_result T0 LEFT JOIN dmg_field T1 ON (T1.id = T0.field_id) WHERE (T0.type like :T0_type) and (T0.slide_id like :T0_slide_id) GROUP BY id, field_id, name
2022-08-21 00:19:00|[DEBUG]|SMARTORM PARAM : array (
  ':T0_type' => 1,
  ':T0_slide_id' => '241',
)
